wandb: Currently logged in as: nreints. Use `wandb login --relogin` to force relogin
wandb: Appending key for api.wandb.ai to your netrc file: /home/nreints/.netrc
/gpfs/home2/nreints/MScThesis/code/fcnn.py:364: DeprecationWarning: Sampling from a set deprecated
since Python 3.9 and will be removed in a subsequent version.
  train_sims = set(random.sample(sims_train, int(0.8 * n_sims_train)))
wandb: wandb version 0.13.9 is available!  To upgrade, please run:
wandb:  $ pip install wandb --upgrade
wandb: Tracking run with wandb version 0.13.8
wandb: Run data is saved locally in /gpfs/home2/nreints/MScThesis/code/wandb/run-20230125_200741-88lj33mm
wandb: Run `wandb offline` to turn off syncing.
wandb: Syncing run dancing-rat-1173
wandb: ⭐️ View project at https://wandb.ai/nreints/thesis
wandb: 🚀 View run at https://wandb.ai/nreints/thesis/runs/88lj33mm
slurmstepd: error: *** STEP 2135976.0 ON gcn38 CANCELLED AT 2023-01-25T20:14:17 ***
slurmstepd: error: *** JOB 2135976 ON gcn38 CANCELLED AT 2023-01-25T20:14:17 ***

JOB STATISTICS
==============
Job ID: 2135976
Array Job ID: 2135932_16
Cluster: snellius
User/Group: nreints/nreints
State: CANCELLED (exit code 0)
Nodes: 1
Cores per node: 18
CPU Utilized: 00:32:41
CPU Efficiency: 26.90% of 02:01:30 core-walltime
Job Wall-clock time: 00:06:45
Memory Utilized: 4.45 GB
Memory Efficiency: 14.24% of 31.25 GB
