wandb: Currently logged in as: nreints. Use `wandb login --relogin` to force relogin
wandb: Appending key for api.wandb.ai to your netrc file: /home/nreints/.netrc
/gpfs/home2/nreints/MScThesis/code/fcnn.py:368: DeprecationWarning: Sampling from a set deprecated
since Python 3.9 and will be removed in a subsequent version.
  train_sims = set(random.sample(sims_train, int(0.8 * n_sims_train)))
wandb: wandb version 0.13.9 is available!  To upgrade, please run:
wandb:  $ pip install wandb --upgrade
wandb: Tracking run with wandb version 0.13.8
wandb: Run data is saved locally in /gpfs/home2/nreints/MScThesis/code/wandb/run-20230206_144255-n5j0cnpc
wandb: Run `wandb offline` to turn off syncing.
wandb: Syncing run wise-plasma-1888
wandb: â­ï¸ View project at https://wandb.ai/nreints/thesis
wandb: ðŸš€ View run at https://wandb.ai/nreints/thesis/runs/n5j0cnpc
Number of train simulations: 8000
Number of test simulations: 2000
eucl_motion
fcnn(
  (linears): Sequential(
    (0): Linear(in_features=120, out_features=128, bias=True)
    (1): BatchNorm1d(128, eps=1e-05, momentum=0.1, affine=True, track_running_stats=True)
    (2): ReLU()
    (3): Dropout(p=0.2, inplace=False)
    (4): Linear(in_features=128, out_features=256, bias=True)
    (5): BatchNorm1d(256, eps=1e-05, momentum=0.1, affine=True, track_running_stats=True)
    (6): ReLU()
    (7): Dropout(p=0.4, inplace=False)
    (8): Linear(in_features=256, out_features=12, bias=True)
  )
)
	 Logging test loss MSELoss(): t(0, 0)_r(2, 5)_none_pNone_gNone => 	 0.9072075486183167
	 Logging test loss L1Loss(): t(0, 0)_r(2, 5)_none_pNone_gNone => 	 0.7583470940589905
	 Logging test loss MSELoss(): t(0, 0)_r(2, 5)_tennis0_pNone_gNone => 	 1.0188188552856445
	 Logging test loss L1Loss(): t(0, 0)_r(2, 5)_tennis0_pNone_gNone => 	 0.7853512763977051
	 Logging test loss MSELoss(): t(4, 10)_r(2, 5)_semi_pNone_gNone => 	 1.6720061302185059
	 Logging test loss L1Loss(): t(4, 10)_r(2, 5)_semi_pNone_gNone => 	 1.0112031698226929
	 Logging test loss MSELoss(): t(4, 10)_r(0, 0)_none_pNone_gNone => 	 1.5059417486190796
	 Logging test loss L1Loss(): t(4, 10)_r(0, 0)_none_pNone_gNone => 	 0.9620073437690735
	 Logging test loss MSELoss(): t(4, 10)_r(2, 5)_full_pNone_gNone => 	 1.5152300596237183
	 Logging test loss L1Loss(): t(4, 10)_r(2, 5)_full_pNone_gNone => 	 0.9614260792732239
	 Logging test loss MSELoss(): t(0, 0)_r(2, 5)_tennis1_pNone_gNone => 	 0.5981894135475159
	 Logging test loss L1Loss(): t(0, 0)_r(2, 5)_tennis1_pNone_gNone => 	 0.6147670149803162
	 Logging test loss MSELoss(): t(4, 10)_r(0, 0)_full_pNone_gNone => 	 1.5182565450668335
	 Logging test loss L1Loss(): t(4, 10)_r(0, 0)_full_pNone_gNone => 	 0.9573315382003784
	 Logging test loss MSELoss(): t(4, 10)_r(0, 0)_tennis0_pNone_gNone => 	 1.6790622472763062
	 Logging test loss L1Loss(): t(4, 10)_r(0, 0)_tennis0_pNone_gNone => 	 1.0075732469558716
	 Logging test loss MSELoss(): t(4, 10)_r(0, 0)_tennis1_pNone_gNone => 	 1.1579010486602783
	 Logging test loss L1Loss(): t(4, 10)_r(0, 0)_tennis1_pNone_gNone => 	 0.8346806168556213
	 Logging test loss MSELoss(): t(0, 0)_r(2, 5)_full_pNone_gNone => 	 0.9069972038269043
	 Logging test loss L1Loss(): t(0, 0)_r(2, 5)_full_pNone_gNone => 	 0.7504660487174988
	 Logging test loss MSELoss(): t(4, 10)_r(0, 0)_semi_pNone_gNone => 	 8.917803764343262
	 Logging test loss L1Loss(): t(4, 10)_r(0, 0)_semi_pNone_gNone => 	 2.0918638706207275
	 Logging test loss MSELoss(): t(4, 10)_r(2, 5)_tennis0_pNone_gNone => 	 1.6804111003875732
	 Logging test loss L1Loss(): t(4, 10)_r(2, 5)_tennis0_pNone_gNone => 	 1.0130513906478882
	 Logging test loss MSELoss(): t(0, 0)_r(2, 5)_semi_pNone_gNone => 	 2.314051628112793
	 Logging test loss L1Loss(): t(0, 0)_r(2, 5)_semi_pNone_gNone => 	 1.1610572338104248
	 Logging test loss MSELoss(): t(4, 10)_r(2, 5)_none_pNone_gNone => 	 1.4882093667984009
	 Logging test loss L1Loss(): t(4, 10)_r(2, 5)_none_pNone_gNone => 	 0.9578953385353088
	 Logging test loss MSELoss(): t(4, 10)_r(2, 5)_tennis1_pNone_gNone => 	 1.1494930982589722
	 Logging test loss L1Loss(): t(4, 10)_r(2, 5)_tennis1_pNone_gNone => 	 0.8343901038169861
0 3.2353420258 	 0.8343900907 	 0.8343900907
epoch_time;  226.12079453468323
	 Logging test loss MSELoss(): t(0, 0)_r(2, 5)_none_pNone_gNone => 	 0.7060104012489319
	 Logging test loss L1Loss(): t(0, 0)_r(2, 5)_none_pNone_gNone => 	 0.6726109981536865
	 Logging test loss MSELoss(): t(0, 0)_r(2, 5)_tennis0_pNone_gNone => 	 0.900661289691925
	 Logging test loss L1Loss(): t(0, 0)_r(2, 5)_tennis0_pNone_gNone => 	 0.7351464033126831
	 Logging test loss MSELoss(): t(4, 10)_r(2, 5)_semi_pNone_gNone => 	 1.2502285242080688
	 Logging test loss L1Loss(): t(4, 10)_r(2, 5)_semi_pNone_gNone => 	 0.884699821472168
	 Logging test loss MSELoss(): t(4, 10)_r(0, 0)_none_pNone_gNone => 	 1.0587968826293945
	 Logging test loss L1Loss(): t(4, 10)_r(0, 0)_none_pNone_gNone => 	 0.8249044418334961
	 Logging test loss MSELoss(): t(4, 10)_r(2, 5)_full_pNone_gNone => 	 1.0635075569152832
	 Logging test loss L1Loss(): t(4, 10)_r(2, 5)_full_pNone_gNone => 	 0.8235728740692139
	 Logging test loss MSELoss(): t(0, 0)_r(2, 5)_tennis1_pNone_gNone => 	 0.45658761262893677
	 Logging test loss L1Loss(): t(0, 0)_r(2, 5)_tennis1_pNone_gNone => 	 0.5415077805519104
	 Logging test loss MSELoss(): t(4, 10)_r(0, 0)_full_pNone_gNone => 	 1.067246913909912
	 Logging test loss L1Loss(): t(4, 10)_r(0, 0)_full_pNone_gNone => 	 0.8210333585739136
	 Logging test loss MSELoss(): t(4, 10)_r(0, 0)_tennis0_pNone_gNone => 	 1.3453152179718018
	 Logging test loss L1Loss(): t(4, 10)_r(0, 0)_tennis0_pNone_gNone => 	 0.9156489968299866
	 Logging test loss MSELoss(): t(4, 10)_r(0, 0)_tennis1_pNone_gNone => 	 0.8003570437431335
	 Logging test loss L1Loss(): t(4, 10)_r(0, 0)_tennis1_pNone_gNone => 	 0.715942919254303
	 Logging test loss MSELoss(): t(0, 0)_r(2, 5)_full_pNone_gNone => 	 0.7196863293647766
	 Logging test loss L1Loss(): t(0, 0)_r(2, 5)_full_pNone_gNone => 	 0.6724295616149902
	 Logging test loss MSELoss(): t(4, 10)_r(0, 0)_semi_pNone_gNone => 	 10.129213333129883
	 Logging test loss L1Loss(): t(4, 10)_r(0, 0)_semi_pNone_gNone => 	 2.1464991569519043
	 Logging test loss MSELoss(): t(4, 10)_r(2, 5)_tennis0_pNone_gNone => 	 1.3066350221633911
	 Logging test loss L1Loss(): t(4, 10)_r(2, 5)_tennis0_pNone_gNone => 	 0.9039092063903809
	 Logging test loss MSELoss(): t(0, 0)_r(2, 5)_semi_pNone_gNone => 	 2.521257162094116
	 Logging test loss L1Loss(): t(0, 0)_r(2, 5)_semi_pNone_gNone => 	 1.203031063079834
	 Logging test loss MSELoss(): t(4, 10)_r(2, 5)_none_pNone_gNone => 	 1.0386567115783691
	 Logging test loss L1Loss(): t(4, 10)_r(2, 5)_none_pNone_gNone => 	 0.815931499004364
	 Logging test loss MSELoss(): t(4, 10)_r(2, 5)_tennis1_pNone_gNone => 	 0.7709389328956604
	 Logging test loss L1Loss(): t(4, 10)_r(2, 5)_tennis1_pNone_gNone => 	 0.7052270770072937
1 2.7048649258 	 0.7052270922 	 0.7052270922
epoch_time;  228.2423288822174
	 Logging test loss MSELoss(): t(0, 0)_r(2, 5)_none_pNone_gNone => 	 0.7080506682395935
	 Logging test loss L1Loss(): t(0, 0)_r(2, 5)_none_pNone_gNone => 	 0.6727628111839294
	 Logging test loss MSELoss(): t(0, 0)_r(2, 5)_tennis0_pNone_gNone => 	 0.8593934178352356
	 Logging test loss L1Loss(): t(0, 0)_r(2, 5)_tennis0_pNone_gNone => 	 0.7197205424308777
	 Logging test loss MSELoss(): t(4, 10)_r(2, 5)_semi_pNone_gNone => 	 1.2409815788269043
	 Logging test loss L1Loss(): t(4, 10)_r(2, 5)_semi_pNone_gNone => 	 0.8777632713317871
	 Logging test loss MSELoss(): t(4, 10)_r(0, 0)_none_pNone_gNone => 	 1.0735706090927124
	 Logging test loss L1Loss(): t(4, 10)_r(0, 0)_none_pNone_gNone => 	 0.8197306990623474
	 Logging test loss MSELoss(): t(4, 10)_r(2, 5)_full_pNone_gNone => 	 1.0737931728363037
	 Logging test loss L1Loss(): t(4, 10)_r(2, 5)_full_pNone_gNone => 	 0.8169596195220947
	 Logging test loss MSELoss(): t(0, 0)_r(2, 5)_tennis1_pNone_gNone => 	 0.4680333435535431
	 Logging test loss L1Loss(): t(0, 0)_r(2, 5)_tennis1_pNone_gNone => 	 0.5446946620941162
	 Logging test loss MSELoss(): t(4, 10)_r(0, 0)_full_pNone_gNone => 	 1.0600802898406982
	 Logging test loss L1Loss(): t(4, 10)_r(0, 0)_full_pNone_gNone => 	 0.80652916431427
	 Logging test loss MSELoss(): t(4, 10)_r(0, 0)_tennis0_pNone_gNone => 	 1.2533284425735474
	 Logging test loss L1Loss(): t(4, 10)_r(0, 0)_tennis0_pNone_gNone => 	 0.8779186606407166
	 Logging test loss MSELoss(): t(4, 10)_r(0, 0)_tennis1_pNone_gNone => 	 0.8492083549499512
	 Logging test loss L1Loss(): t(4, 10)_r(0, 0)_tennis1_pNone_gNone => 	 0.7198647260665894
	 Logging test loss MSELoss(): t(0, 0)_r(2, 5)_full_pNone_gNone => 	 0.718991219997406
	 Logging test loss L1Loss(): t(0, 0)_r(2, 5)_full_pNone_gNone => 	 0.6708619594573975
	 Logging test loss MSELoss(): t(4, 10)_r(0, 0)_semi_pNone_gNone => 	 6.381617546081543
	 Logging test loss L1Loss(): t(4, 10)_r(0, 0)_semi_pNone_gNone => 	 1.7368061542510986
	 Logging test loss MSELoss(): t(4, 10)_r(2, 5)_tennis0_pNone_gNone => 	 1.2771753072738647
	 Logging test loss L1Loss(): t(4, 10)_r(2, 5)_tennis0_pNone_gNone => 	 0.8885869383811951
	 Logging test loss MSELoss(): t(0, 0)_r(2, 5)_semi_pNone_gNone => 	 2.2476119995117188
	 Logging test loss L1Loss(): t(0, 0)_r(2, 5)_semi_pNone_gNone => 	 1.1170425415039062
	 Logging test loss MSELoss(): t(4, 10)_r(2, 5)_none_pNone_gNone => 	 1.0633195638656616
	 Logging test loss L1Loss(): t(4, 10)_r(2, 5)_none_pNone_gNone => 	 0.817893922328949
	 Logging test loss MSELoss(): t(4, 10)_r(2, 5)_tennis1_pNone_gNone => 	 0.8448399305343628
	 Logging test loss L1Loss(): t(4, 10)_r(2, 5)_tennis1_pNone_gNone => 	 0.7167274355888367
2 2.6424179077 	 0.7167274346 	 0.7167274346
epoch_time;  224.88806414604187
	 Logging test loss MSELoss(): t(0, 0)_r(2, 5)_none_pNone_gNone => 	 0.6971518397331238
	 Logging test loss L1Loss(): t(0, 0)_r(2, 5)_none_pNone_gNone => 	 0.6695032119750977
	 Logging test loss MSELoss(): t(0, 0)_r(2, 5)_tennis0_pNone_gNone => 	 0.823072612285614
	 Logging test loss L1Loss(): t(0, 0)_r(2, 5)_tennis0_pNone_gNone => 	 0.7117438316345215
	 Logging test loss MSELoss(): t(4, 10)_r(2, 5)_semi_pNone_gNone => 	 1.2813950777053833
	 Logging test loss L1Loss(): t(4, 10)_r(2, 5)_semi_pNone_gNone => 	 0.8905457258224487
	 Logging test loss MSELoss(): t(4, 10)_r(0, 0)_none_pNone_gNone => 	 1.0980737209320068
	 Logging test loss L1Loss(): t(4, 10)_r(0, 0)_none_pNone_gNone => 	 0.828728199005127
	 Logging test loss MSELoss(): t(4, 10)_r(2, 5)_full_pNone_gNone => 	 1.1346979141235352
	 Logging test loss L1Loss(): t(4, 10)_r(2, 5)_full_pNone_gNone => 	 0.8411270380020142
	 Logging test loss MSELoss(): t(0, 0)_r(2, 5)_tennis1_pNone_gNone => 	 0.47649723291397095
	 Logging test loss L1Loss(): t(0, 0)_r(2, 5)_tennis1_pNone_gNone => 	 0.5530582070350647
	 Logging test loss MSELoss(): t(4, 10)_r(0, 0)_full_pNone_gNone => 	 1.096427321434021
	 Logging test loss L1Loss(): t(4, 10)_r(0, 0)_full_pNone_gNone => 	 0.8224347829818726
	 Logging test loss MSELoss(): t(4, 10)_r(0, 0)_tennis0_pNone_gNone => 	 1.289562463760376
	 Logging test loss L1Loss(): t(4, 10)_r(0, 0)_tennis0_pNone_gNone => 	 0.8865833878517151
	 Logging test loss MSELoss(): t(4, 10)_r(0, 0)_tennis1_pNone_gNone => 	 0.9066312909126282
	 Logging test loss L1Loss(): t(4, 10)_r(0, 0)_tennis1_pNone_gNone => 	 0.7414737343788147
	 Logging test loss MSELoss(): t(0, 0)_r(2, 5)_full_pNone_gNone => 	 0.7140094041824341
	 Logging test loss L1Loss(): t(0, 0)_r(2, 5)_full_pNone_gNone => 	 0.671526312828064
	 Logging test loss MSELoss(): t(4, 10)_r(0, 0)_semi_pNone_gNone => 	 5.314464092254639
	 Logging test loss L1Loss(): t(4, 10)_r(0, 0)_semi_pNone_gNone => 	 1.679677963256836
	 Logging test loss MSELoss(): t(4, 10)_r(2, 5)_tennis0_pNone_gNone => 	 1.3121287822723389
	 Logging test loss L1Loss(): t(4, 10)_r(2, 5)_tennis0_pNone_gNone => 	 0.8973933458328247
	 Logging test loss MSELoss(): t(0, 0)_r(2, 5)_semi_pNone_gNone => 	 1.9461942911148071
	 Logging test loss L1Loss(): t(0, 0)_r(2, 5)_semi_pNone_gNone => 	 1.0794063806533813
	 Logging test loss MSELoss(): t(4, 10)_r(2, 5)_none_pNone_gNone => 	 1.1090377569198608
	 Logging test loss L1Loss(): t(4, 10)_r(2, 5)_none_pNone_gNone => 	 0.8344917893409729
	 Logging test loss MSELoss(): t(4, 10)_r(2, 5)_tennis1_pNone_gNone => 	 0.9108306765556335
	 Logging test loss L1Loss(): t(4, 10)_r(2, 5)_tennis1_pNone_gNone => 	 0.7456745505332947
3 2.5993807051 	 0.7456745212 	 0.7456745212
epoch_time;  225.7297773361206
	 Logging test loss MSELoss(): t(0, 0)_r(2, 5)_none_pNone_gNone => 	 0.5431168675422668
	 Logging test loss L1Loss(): t(0, 0)_r(2, 5)_none_pNone_gNone => 	 0.5908147692680359
	 Logging test loss MSELoss(): t(0, 0)_r(2, 5)_tennis0_pNone_gNone => 	 0.6240932941436768
	 Logging test loss L1Loss(): t(0, 0)_r(2, 5)_tennis0_pNone_gNone => 	 0.618355393409729
	 Logging test loss MSELoss(): t(4, 10)_r(2, 5)_semi_pNone_gNone => 	 0.9210402369499207
	 Logging test loss L1Loss(): t(4, 10)_r(2, 5)_semi_pNone_gNone => 	 0.7587071061134338
	 Logging test loss MSELoss(): t(4, 10)_r(0, 0)_none_pNone_gNone => 	 0.8255326151847839
	 Logging test loss L1Loss(): t(4, 10)_r(0, 0)_none_pNone_gNone => 	 0.7211600542068481
	 Logging test loss MSELoss(): t(4, 10)_r(2, 5)_full_pNone_gNone => 	 0.8223084211349487
	 Logging test loss L1Loss(): t(4, 10)_r(2, 5)_full_pNone_gNone => 	 0.717896044254303
	 Logging test loss MSELoss(): t(0, 0)_r(2, 5)_tennis1_pNone_gNone => 	 0.3385581970214844
	 Logging test loss L1Loss(): t(0, 0)_r(2, 5)_tennis1_pNone_gNone => 	 0.4660777747631073
	 Logging test loss MSELoss(): t(4, 10)_r(0, 0)_full_pNone_gNone => 	 0.8253979682922363
	 Logging test loss L1Loss(): t(4, 10)_r(0, 0)_full_pNone_gNone => 	 0.715660572052002
	 Logging test loss MSELoss(): t(4, 10)_r(0, 0)_tennis0_pNone_gNone => 	 0.9377204775810242
	 Logging test loss L1Loss(): t(4, 10)_r(0, 0)_tennis0_pNone_gNone => 	 0.7642987370491028
	 Logging test loss MSELoss(): t(4, 10)_r(0, 0)_tennis1_pNone_gNone => 	 0.6585974097251892
	 Logging test loss L1Loss(): t(4, 10)_r(0, 0)_tennis1_pNone_gNone => 	 0.635816216468811
	 Logging test loss MSELoss(): t(0, 0)_r(2, 5)_full_pNone_gNone => 	 0.5462563633918762
	 Logging test loss L1Loss(): t(0, 0)_r(2, 5)_full_pNone_gNone => 	 0.5845878720283508
	 Logging test loss MSELoss(): t(4, 10)_r(0, 0)_semi_pNone_gNone => 	 3.2590818405151367
	 Logging test loss L1Loss(): t(4, 10)_r(0, 0)_semi_pNone_gNone => 	 1.3733139038085938
	 Logging test loss MSELoss(): t(4, 10)_r(2, 5)_tennis0_pNone_gNone => 	 0.9384631514549255
	 Logging test loss L1Loss(): t(4, 10)_r(2, 5)_tennis0_pNone_gNone => 	 0.7657900452613831
	 Logging test loss MSELoss(): t(0, 0)_r(2, 5)_semi_pNone_gNone => 	 1.5063108205795288
	 Logging test loss L1Loss(): t(0, 0)_r(2, 5)_semi_pNone_gNone => 	 0.9430566430091858
	 Logging test loss MSELoss(): t(4, 10)_r(2, 5)_none_pNone_gNone => 	 0.8163590431213379
	 Logging test loss L1Loss(): t(4, 10)_r(2, 5)_none_pNone_gNone => 	 0.7200274467468262
	 Logging test loss MSELoss(): t(4, 10)_r(2, 5)_tennis1_pNone_gNone => 	 0.6298345923423767
	 Logging test loss L1Loss(): t(4, 10)_r(2, 5)_tennis1_pNone_gNone => 	 0.6205064058303833
4 2.5778594547 	 0.6205064159 	 0.6205064159
epoch_time;  224.7009301185608
	 Logging test loss MSELoss(): t(0, 0)_r(2, 5)_none_pNone_gNone => 	 0.5991437435150146
	 Logging test loss L1Loss(): t(0, 0)_r(2, 5)_none_pNone_gNone => 	 0.6201387047767639
	 Logging test loss MSELoss(): t(0, 0)_r(2, 5)_tennis0_pNone_gNone => 	 0.6597278118133545
	 Logging test loss L1Loss(): t(0, 0)_r(2, 5)_tennis0_pNone_gNone => 	 0.6409829258918762
	 Logging test loss MSELoss(): t(4, 10)_r(2, 5)_semi_pNone_gNone => 	 0.9703987240791321
	 Logging test loss L1Loss(): t(4, 10)_r(2, 5)_semi_pNone_gNone => 	 0.7854936718940735
	 Logging test loss MSELoss(): t(4, 10)_r(0, 0)_none_pNone_gNone => 	 0.87842857837677
	 Logging test loss L1Loss(): t(4, 10)_r(0, 0)_none_pNone_gNone => 	 0.7473646402359009
	 Logging test loss MSELoss(): t(4, 10)_r(2, 5)_full_pNone_gNone => 	 0.8950406908988953
	 Logging test loss L1Loss(): t(4, 10)_r(2, 5)_full_pNone_gNone => 	 0.7545443773269653
	 Logging test loss MSELoss(): t(0, 0)_r(2, 5)_tennis1_pNone_gNone => 	 0.40151557326316833
	 Logging test loss L1Loss(): t(0, 0)_r(2, 5)_tennis1_pNone_gNone => 	 0.5113916993141174
	 Logging test loss MSELoss(): t(4, 10)_r(0, 0)_full_pNone_gNone => 	 0.8676519393920898
	 Logging test loss L1Loss(): t(4, 10)_r(0, 0)_full_pNone_gNone => 	 0.7390151023864746
	 Logging test loss MSELoss(): t(4, 10)_r(0, 0)_tennis0_pNone_gNone => 	 0.9345443248748779
	 Logging test loss L1Loss(): t(4, 10)_r(0, 0)_tennis0_pNone_gNone => 	 0.7692833542823792
	 Logging test loss MSELoss(): t(4, 10)_r(0, 0)_tennis1_pNone_gNone => 	 0.6935814619064331
	 Logging test loss L1Loss(): t(4, 10)_r(0, 0)_tennis1_pNone_gNone => 	 0.6636950969696045
	 Logging test loss MSELoss(): t(0, 0)_r(2, 5)_full_pNone_gNone => 	 0.6034004092216492
	 Logging test loss L1Loss(): t(0, 0)_r(2, 5)_full_pNone_gNone => 	 0.6190016865730286
	 Logging test loss MSELoss(): t(4, 10)_r(0, 0)_semi_pNone_gNone => 	 2.8185129165649414
	 Logging test loss L1Loss(): t(4, 10)_r(0, 0)_semi_pNone_gNone => 	 1.2785277366638184
	 Logging test loss MSELoss(): t(4, 10)_r(2, 5)_tennis0_pNone_gNone => 	 0.9679999351501465
	 Logging test loss L1Loss(): t(4, 10)_r(2, 5)_tennis0_pNone_gNone => 	 0.783918023109436
	 Logging test loss MSELoss(): t(0, 0)_r(2, 5)_semi_pNone_gNone => 	 1.3907026052474976
	 Logging test loss L1Loss(): t(0, 0)_r(2, 5)_semi_pNone_gNone => 	 0.910241961479187
	 Logging test loss MSELoss(): t(4, 10)_r(2, 5)_none_pNone_gNone => 	 0.8771926164627075
	 Logging test loss L1Loss(): t(4, 10)_r(2, 5)_none_pNone_gNone => 	 0.7504072785377502
	 Logging test loss MSELoss(): t(4, 10)_r(2, 5)_tennis1_pNone_gNone => 	 0.6904345750808716
	 Logging test loss L1Loss(): t(4, 10)_r(2, 5)_tennis1_pNone_gNone => 	 0.6639201641082764
5 2.5598869324 	 0.6639201924 	 0.6639201924
epoch_time;  227.92506051063538
	 Logging test loss MSELoss(): t(0, 0)_r(2, 5)_none_pNone_gNone => 	 0.5812827944755554
	 Logging test loss L1Loss(): t(0, 0)_r(2, 5)_none_pNone_gNone => 	 0.6109312176704407
	 Logging test loss MSELoss(): t(0, 0)_r(2, 5)_tennis0_pNone_gNone => 	 0.6408655047416687
	 Logging test loss L1Loss(): t(0, 0)_r(2, 5)_tennis0_pNone_gNone => 	 0.6274855136871338
	 Logging test loss MSELoss(): t(4, 10)_r(2, 5)_semi_pNone_gNone => 	 0.9246984720230103
	 Logging test loss L1Loss(): t(4, 10)_r(2, 5)_semi_pNone_gNone => 	 0.761244535446167
	 Logging test loss MSELoss(): t(4, 10)_r(0, 0)_none_pNone_gNone => 	 0.8179987072944641
	 Logging test loss L1Loss(): t(4, 10)_r(0, 0)_none_pNone_gNone => 	 0.7175559997558594
	 Logging test loss MSELoss(): t(4, 10)_r(2, 5)_full_pNone_gNone => 	 0.8432538509368896
	 Logging test loss L1Loss(): t(4, 10)_r(2, 5)_full_pNone_gNone => 	 0.7262154221534729
	 Logging test loss MSELoss(): t(0, 0)_r(2, 5)_tennis1_pNone_gNone => 	 0.37761321663856506
	 Logging test loss L1Loss(): t(0, 0)_r(2, 5)_tennis1_pNone_gNone => 	 0.4929100275039673
	 Logging test loss MSELoss(): t(4, 10)_r(0, 0)_full_pNone_gNone => 	 0.8169280886650085
	 Logging test loss L1Loss(): t(4, 10)_r(0, 0)_full_pNone_gNone => 	 0.7098098397254944
	 Logging test loss MSELoss(): t(4, 10)_r(0, 0)_tennis0_pNone_gNone => 	 0.9166938662528992
	 Logging test loss L1Loss(): t(4, 10)_r(0, 0)_tennis0_pNone_gNone => 	 0.7543526291847229
	 Logging test loss MSELoss(): t(4, 10)_r(0, 0)_tennis1_pNone_gNone => 	 0.6456537246704102
	 Logging test loss L1Loss(): t(4, 10)_r(0, 0)_tennis1_pNone_gNone => 	 0.6319841146469116
	 Logging test loss MSELoss(): t(0, 0)_r(2, 5)_full_pNone_gNone => 	 0.5833750367164612
	 Logging test loss L1Loss(): t(0, 0)_r(2, 5)_full_pNone_gNone => 	 0.606063961982727
	 Logging test loss MSELoss(): t(4, 10)_r(0, 0)_semi_pNone_gNone => 	 2.822146415710449
	 Logging test loss L1Loss(): t(4, 10)_r(0, 0)_semi_pNone_gNone => 	 1.299416184425354
	 Logging test loss MSELoss(): t(4, 10)_r(2, 5)_tennis0_pNone_gNone => 	 0.9281682372093201
	 Logging test loss L1Loss(): t(4, 10)_r(2, 5)_tennis0_pNone_gNone => 	 0.7628000974655151
	 Logging test loss MSELoss(): t(0, 0)_r(2, 5)_semi_pNone_gNone => 	 1.3855408430099487
	 Logging test loss L1Loss(): t(0, 0)_r(2, 5)_semi_pNone_gNone => 	 0.8967258930206299
	 Logging test loss MSELoss(): t(4, 10)_r(2, 5)_none_pNone_gNone => 	 0.8330839276313782
	 Logging test loss L1Loss(): t(4, 10)_r(2, 5)_none_pNone_gNone => 	 0.7261523008346558
	 Logging test loss MSELoss(): t(4, 10)_r(2, 5)_tennis1_pNone_gNone => 	 0.6377695202827454
	 Logging test loss L1Loss(): t(4, 10)_r(2, 5)_tennis1_pNone_gNone => 	 0.6264435648918152
6 2.5469970703 	 0.626443572 	 0.626443572
epoch_time;  225.04291343688965
	 Logging test loss MSELoss(): t(0, 0)_r(2, 5)_none_pNone_gNone => 	 0.5992359519004822
	 Logging test loss L1Loss(): t(0, 0)_r(2, 5)_none_pNone_gNone => 	 0.6197677850723267
	 Logging test loss MSELoss(): t(0, 0)_r(2, 5)_tennis0_pNone_gNone => 	 0.6793036460876465
	 Logging test loss L1Loss(): t(0, 0)_r(2, 5)_tennis0_pNone_gNone => 	 0.6487854719161987
	 Logging test loss MSELoss(): t(4, 10)_r(2, 5)_semi_pNone_gNone => 	 1.060204029083252
	 Logging test loss L1Loss(): t(4, 10)_r(2, 5)_semi_pNone_gNone => 	 0.8127622604370117
	 Logging test loss MSELoss(): t(4, 10)_r(0, 0)_none_pNone_gNone => 	 0.949202835559845
	 Logging test loss L1Loss(): t(4, 10)_r(0, 0)_none_pNone_gNone => 	 0.7711065411567688
	 Logging test loss MSELoss(): t(4, 10)_r(2, 5)_full_pNone_gNone => 	 0.9642588496208191
	 Logging test loss L1Loss(): t(4, 10)_r(2, 5)_full_pNone_gNone => 	 0.7732020616531372
	 Logging test loss MSELoss(): t(0, 0)_r(2, 5)_tennis1_pNone_gNone => 	 0.39715200662612915
	 Logging test loss L1Loss(): t(0, 0)_r(2, 5)_tennis1_pNone_gNone => 	 0.5058813095092773
	 Logging test loss MSELoss(): t(4, 10)_r(0, 0)_full_pNone_gNone => 	 0.9483766555786133
	 Logging test loss L1Loss(): t(4, 10)_r(0, 0)_full_pNone_gNone => 	 0.7635104060173035
	 Logging test loss MSELoss(): t(4, 10)_r(0, 0)_tennis0_pNone_gNone => 	 1.0601327419281006
	 Logging test loss L1Loss(): t(4, 10)_r(0, 0)_tennis0_pNone_gNone => 	 0.8112905621528625
	 Logging test loss MSELoss(): t(4, 10)_r(0, 0)_tennis1_pNone_gNone => 	 0.7759827375411987
	 Logging test loss L1Loss(): t(4, 10)_r(0, 0)_tennis1_pNone_gNone => 	 0.6887789368629456
	 Logging test loss MSELoss(): t(0, 0)_r(2, 5)_full_pNone_gNone => 	 0.597009003162384
	 Logging test loss L1Loss(): t(0, 0)_r(2, 5)_full_pNone_gNone => 	 0.6143118739128113
	 Logging test loss MSELoss(): t(4, 10)_r(0, 0)_semi_pNone_gNone => 	 3.1494555473327637
	 Logging test loss L1Loss(): t(4, 10)_r(0, 0)_semi_pNone_gNone => 	 1.3773491382598877
	 Logging test loss MSELoss(): t(4, 10)_r(2, 5)_tennis0_pNone_gNone => 	 1.0683355331420898
	 Logging test loss L1Loss(): t(4, 10)_r(2, 5)_tennis0_pNone_gNone => 	 0.8166989684104919
	 Logging test loss MSELoss(): t(0, 0)_r(2, 5)_semi_pNone_gNone => 	 1.5272536277770996
	 Logging test loss L1Loss(): t(0, 0)_r(2, 5)_semi_pNone_gNone => 	 0.9584300518035889
	 Logging test loss MSELoss(): t(4, 10)_r(2, 5)_none_pNone_gNone => 	 0.9486314058303833
	 Logging test loss L1Loss(): t(4, 10)_r(2, 5)_none_pNone_gNone => 	 0.7715388536453247
	 Logging test loss MSELoss(): t(4, 10)_r(2, 5)_tennis1_pNone_gNone => 	 0.7498840689659119
	 Logging test loss L1Loss(): t(4, 10)_r(2, 5)_tennis1_pNone_gNone => 	 0.6768256425857544
7 2.533167945 	 0.6768256365 	 0.6768256365
epoch_time;  224.40327954292297
	 Logging test loss MSELoss(): t(0, 0)_r(2, 5)_none_pNone_gNone => 	 0.5503714680671692
	 Logging test loss L1Loss(): t(0, 0)_r(2, 5)_none_pNone_gNone => 	 0.5928515195846558
	 Logging test loss MSELoss(): t(0, 0)_r(2, 5)_tennis0_pNone_gNone => 	 0.6005318760871887
	 Logging test loss L1Loss(): t(0, 0)_r(2, 5)_tennis0_pNone_gNone => 	 0.606737494468689
	 Logging test loss MSELoss(): t(4, 10)_r(2, 5)_semi_pNone_gNone => 	 0.9238117933273315
	 Logging test loss L1Loss(): t(4, 10)_r(2, 5)_semi_pNone_gNone => 	 0.7567694783210754
	 Logging test loss MSELoss(): t(4, 10)_r(0, 0)_none_pNone_gNone => 	 0.8276638388633728
	 Logging test loss L1Loss(): t(4, 10)_r(0, 0)_none_pNone_gNone => 	 0.7185201644897461
	 Logging test loss MSELoss(): t(4, 10)_r(2, 5)_full_pNone_gNone => 	 0.84539395570755
	 Logging test loss L1Loss(): t(4, 10)_r(2, 5)_full_pNone_gNone => 	 0.7227238416671753
	 Logging test loss MSELoss(): t(0, 0)_r(2, 5)_tennis1_pNone_gNone => 	 0.35614725947380066
	 Logging test loss L1Loss(): t(0, 0)_r(2, 5)_tennis1_pNone_gNone => 	 0.47605282068252563
	 Logging test loss MSELoss(): t(4, 10)_r(0, 0)_full_pNone_gNone => 	 0.8112608790397644
	 Logging test loss L1Loss(): t(4, 10)_r(0, 0)_full_pNone_gNone => 	 0.704007089138031
	 Logging test loss MSELoss(): t(4, 10)_r(0, 0)_tennis0_pNone_gNone => 	 0.8882163166999817
	 Logging test loss L1Loss(): t(4, 10)_r(0, 0)_tennis0_pNone_gNone => 	 0.7408268451690674
	 Logging test loss MSELoss(): t(4, 10)_r(0, 0)_tennis1_pNone_gNone => 	 0.6456576585769653
	 Logging test loss L1Loss(): t(4, 10)_r(0, 0)_tennis1_pNone_gNone => 	 0.6260125041007996
	 Logging test loss MSELoss(): t(0, 0)_r(2, 5)_full_pNone_gNone => 	 0.5561478137969971
	 Logging test loss L1Loss(): t(0, 0)_r(2, 5)_full_pNone_gNone => 	 0.589961588382721
	 Logging test loss MSELoss(): t(4, 10)_r(0, 0)_semi_pNone_gNone => 	 2.589991807937622
	 Logging test loss L1Loss(): t(4, 10)_r(0, 0)_semi_pNone_gNone => 	 1.2428587675094604
	 Logging test loss MSELoss(): t(4, 10)_r(2, 5)_tennis0_pNone_gNone => 	 0.9145974516868591
	 Logging test loss L1Loss(): t(4, 10)_r(2, 5)_tennis0_pNone_gNone => 	 0.7526963949203491
	 Logging test loss MSELoss(): t(0, 0)_r(2, 5)_semi_pNone_gNone => 	 1.2889317274093628
	 Logging test loss L1Loss(): t(0, 0)_r(2, 5)_semi_pNone_gNone => 	 0.87290358543396
	 Logging test loss MSELoss(): t(4, 10)_r(2, 5)_none_pNone_gNone => 	 0.8298771381378174
	 Logging test loss L1Loss(): t(4, 10)_r(2, 5)_none_pNone_gNone => 	 0.7213854193687439
	 Logging test loss MSELoss(): t(4, 10)_r(2, 5)_tennis1_pNone_gNone => 	 0.6366297006607056
	 Logging test loss L1Loss(): t(4, 10)_r(2, 5)_tennis1_pNone_gNone => 	 0.6213017106056213
8 2.5278148651 	 0.6213016833 	 0.6213016833
epoch_time;  224.90485763549805
	 Logging test loss MSELoss(): t(0, 0)_r(2, 5)_none_pNone_gNone => 	 0.5259341597557068
	 Logging test loss L1Loss(): t(0, 0)_r(2, 5)_none_pNone_gNone => 	 0.5805439949035645
	 Logging test loss MSELoss(): t(0, 0)_r(2, 5)_tennis0_pNone_gNone => 	 0.590278148651123
	 Logging test loss L1Loss(): t(0, 0)_r(2, 5)_tennis0_pNone_gNone => 	 0.5993603467941284
	 Logging test loss MSELoss(): t(4, 10)_r(2, 5)_semi_pNone_gNone => 	 0.8888157606124878
	 Logging test loss L1Loss(): t(4, 10)_r(2, 5)_semi_pNone_gNone => 	 0.7410444021224976
	 Logging test loss MSELoss(): t(4, 10)_r(0, 0)_none_pNone_gNone => 	 0.7948384284973145
	 Logging test loss L1Loss(): t(4, 10)_r(0, 0)_none_pNone_gNone => 	 0.7034797668457031
	 Logging test loss MSELoss(): t(4, 10)_r(2, 5)_full_pNone_gNone => 	 0.7936102151870728
	 Logging test loss L1Loss(): t(4, 10)_r(2, 5)_full_pNone_gNone => 	 0.6994946002960205
	 Logging test loss MSELoss(): t(0, 0)_r(2, 5)_tennis1_pNone_gNone => 	 0.33635178208351135
	 Logging test loss L1Loss(): t(0, 0)_r(2, 5)_tennis1_pNone_gNone => 	 0.4639701843261719
	 Logging test loss MSELoss(): t(4, 10)_r(0, 0)_full_pNone_gNone => 	 0.7837549448013306
	 Logging test loss L1Loss(): t(4, 10)_r(0, 0)_full_pNone_gNone => 	 0.6916414499282837
	 Logging test loss MSELoss(): t(4, 10)_r(0, 0)_tennis0_pNone_gNone => 	 0.8823190927505493
	 Logging test loss L1Loss(): t(4, 10)_r(0, 0)_tennis0_pNone_gNone => 	 0.7377227544784546
	 Logging test loss MSELoss(): t(4, 10)_r(0, 0)_tennis1_pNone_gNone => 	 0.6073814034461975
	 Logging test loss L1Loss(): t(4, 10)_r(0, 0)_tennis1_pNone_gNone => 	 0.6071454286575317
	 Logging test loss MSELoss(): t(0, 0)_r(2, 5)_full_pNone_gNone => 	 0.5250965356826782
	 Logging test loss L1Loss(): t(0, 0)_r(2, 5)_full_pNone_gNone => 	 0.5733205080032349
	 Logging test loss MSELoss(): t(4, 10)_r(0, 0)_semi_pNone_gNone => 	 2.908223867416382
	 Logging test loss L1Loss(): t(4, 10)_r(0, 0)_semi_pNone_gNone => 	 1.3165825605392456
	 Logging test loss MSELoss(): t(4, 10)_r(2, 5)_tennis0_pNone_gNone => 	 0.9016367197036743
	 Logging test loss L1Loss(): t(4, 10)_r(2, 5)_tennis0_pNone_gNone => 	 0.7468183636665344
	 Logging test loss MSELoss(): t(0, 0)_r(2, 5)_semi_pNone_gNone => 	 1.3495503664016724
	 Logging test loss L1Loss(): t(0, 0)_r(2, 5)_semi_pNone_gNone => 	 0.8800918459892273
	 Logging test loss MSELoss(): t(4, 10)_r(2, 5)_none_pNone_gNone => 	 0.7771214842796326
	 Logging test loss L1Loss(): t(4, 10)_r(2, 5)_none_pNone_gNone => 	 0.6972517371177673
	 Logging test loss MSELoss(): t(4, 10)_r(2, 5)_tennis1_pNone_gNone => 	 0.5915109515190125
	 Logging test loss L1Loss(): t(4, 10)_r(2, 5)_tennis1_pNone_gNone => 	 0.5994158387184143
9 2.5203047858 	 0.5994158599 	 0.5994158599
epoch_time;  228.35583662986755
	 Logging test loss MSELoss(): t(0, 0)_r(2, 5)_none_pNone_gNone => 	 0.5485422611236572
	 Logging test loss L1Loss(): t(0, 0)_r(2, 5)_none_pNone_gNone => 	 0.5932996273040771
	 Logging test loss MSELoss(): t(0, 0)_r(2, 5)_tennis0_pNone_gNone => 	 0.6265450716018677
	 Logging test loss L1Loss(): t(0, 0)_r(2, 5)_tennis0_pNone_gNone => 	 0.6183323264122009
	 Logging test loss MSELoss(): t(4, 10)_r(2, 5)_semi_pNone_gNone => 	 0.9379997253417969
	 Logging test loss L1Loss(): t(4, 10)_r(2, 5)_semi_pNone_gNone => 	 0.7629681825637817
	 Logging test loss MSELoss(): t(4, 10)_r(0, 0)_none_pNone_gNone => 	 0.8202734589576721
	 Logging test loss L1Loss(): t(4, 10)_r(0, 0)_none_pNone_gNone => 	 0.717133104801178
	 Logging test loss MSELoss(): t(4, 10)_r(2, 5)_full_pNone_gNone => 	 0.8288574814796448
	 Logging test loss L1Loss(): t(4, 10)_r(2, 5)_full_pNone_gNone => 	 0.7182739973068237
	 Logging test loss MSELoss(): t(0, 0)_r(2, 5)_tennis1_pNone_gNone => 	 0.3480209708213806
	 Logging test loss L1Loss(): t(0, 0)_r(2, 5)_tennis1_pNone_gNone => 	 0.47318390011787415
	 Logging test loss MSELoss(): t(4, 10)_r(0, 0)_full_pNone_gNone => 	 0.8211793899536133
	 Logging test loss L1Loss(): t(4, 10)_r(0, 0)_full_pNone_gNone => 	 0.7096051573753357
	 Logging test loss MSELoss(): t(4, 10)_r(0, 0)_tennis0_pNone_gNone => 	 0.9445154666900635
	 Logging test loss L1Loss(): t(4, 10)_r(0, 0)_tennis0_pNone_gNone => 	 0.7647843956947327
	 Logging test loss MSELoss(): t(4, 10)_r(0, 0)_tennis1_pNone_gNone => 	 0.6425184607505798
	 Logging test loss L1Loss(): t(4, 10)_r(0, 0)_tennis1_pNone_gNone => 	 0.6277135014533997
	 Logging test loss MSELoss(): t(0, 0)_r(2, 5)_full_pNone_gNone => 	 0.548927903175354
	 Logging test loss L1Loss(): t(0, 0)_r(2, 5)_full_pNone_gNone => 	 0.5887460708618164
	 Logging test loss MSELoss(): t(4, 10)_r(0, 0)_semi_pNone_gNone => 	 3.23396372795105
	 Logging test loss L1Loss(): t(4, 10)_r(0, 0)_semi_pNone_gNone => 	 1.3759112358093262
	 Logging test loss MSELoss(): t(4, 10)_r(2, 5)_tennis0_pNone_gNone => 	 0.9458217024803162
	 Logging test loss L1Loss(): t(4, 10)_r(2, 5)_tennis0_pNone_gNone => 	 0.7670578956604004
	 Logging test loss MSELoss(): t(0, 0)_r(2, 5)_semi_pNone_gNone => 	 1.5093744993209839
	 Logging test loss L1Loss(): t(0, 0)_r(2, 5)_semi_pNone_gNone => 	 0.939093291759491
	 Logging test loss MSELoss(): t(4, 10)_r(2, 5)_none_pNone_gNone => 	 0.8148756623268127
	 Logging test loss L1Loss(): t(4, 10)_r(2, 5)_none_pNone_gNone => 	 0.7175025939941406
	 Logging test loss MSELoss(): t(4, 10)_r(2, 5)_tennis1_pNone_gNone => 	 0.6094762682914734
	 Logging test loss L1Loss(): t(4, 10)_r(2, 5)_tennis1_pNone_gNone => 	 0.6125519871711731
10 2.5149756538 	 0.6125519963 	 0.6125519963
epoch_time;  224.9788749217987
	 Logging test loss MSELoss(): t(0, 0)_r(2, 5)_none_pNone_gNone => 	 0.509488582611084
	 Logging test loss L1Loss(): t(0, 0)_r(2, 5)_none_pNone_gNone => 	 0.5709303617477417
	 Logging test loss MSELoss(): t(0, 0)_r(2, 5)_tennis0_pNone_gNone => 	 0.5590365529060364
	 Logging test loss L1Loss(): t(0, 0)_r(2, 5)_tennis0_pNone_gNone => 	 0.5857789516448975
	 Logging test loss MSELoss(): t(4, 10)_r(2, 5)_semi_pNone_gNone => 	 0.8624967932701111
	 Logging test loss L1Loss(): t(4, 10)_r(2, 5)_semi_pNone_gNone => 	 0.728491485118866
	 Logging test loss MSELoss(): t(4, 10)_r(0, 0)_none_pNone_gNone => 	 0.7873603701591492
	 Logging test loss L1Loss(): t(4, 10)_r(0, 0)_none_pNone_gNone => 	 0.696865975856781
	 Logging test loss MSELoss(): t(4, 10)_r(2, 5)_full_pNone_gNone => 	 0.7807283997535706
	 Logging test loss L1Loss(): t(4, 10)_r(2, 5)_full_pNone_gNone => 	 0.6920380592346191
	 Logging test loss MSELoss(): t(0, 0)_r(2, 5)_tennis1_pNone_gNone => 	 0.31712567806243896
	 Logging test loss L1Loss(): t(0, 0)_r(2, 5)_tennis1_pNone_gNone => 	 0.45071491599082947
	 Logging test loss MSELoss(): t(4, 10)_r(0, 0)_full_pNone_gNone => 	 0.7820388078689575
	 Logging test loss L1Loss(): t(4, 10)_r(0, 0)_full_pNone_gNone => 	 0.6862487196922302
	 Logging test loss MSELoss(): t(4, 10)_r(0, 0)_tennis0_pNone_gNone => 	 0.8609368801116943
	 Logging test loss L1Loss(): t(4, 10)_r(0, 0)_tennis0_pNone_gNone => 	 0.7254937887191772
	 Logging test loss MSELoss(): t(4, 10)_r(0, 0)_tennis1_pNone_gNone => 	 0.611043393611908
	 Logging test loss L1Loss(): t(4, 10)_r(0, 0)_tennis1_pNone_gNone => 	 0.602894127368927
	 Logging test loss MSELoss(): t(0, 0)_r(2, 5)_full_pNone_gNone => 	 0.5087006688117981
	 Logging test loss L1Loss(): t(0, 0)_r(2, 5)_full_pNone_gNone => 	 0.5648626685142517
	 Logging test loss MSELoss(): t(4, 10)_r(0, 0)_semi_pNone_gNone => 	 2.7885236740112305
	 Logging test loss L1Loss(): t(4, 10)_r(0, 0)_semi_pNone_gNone => 	 1.2717605829238892
	 Logging test loss MSELoss(): t(4, 10)_r(2, 5)_tennis0_pNone_gNone => 	 0.852319061756134
	 Logging test loss L1Loss(): t(4, 10)_r(2, 5)_tennis0_pNone_gNone => 	 0.726686418056488
	 Logging test loss MSELoss(): t(0, 0)_r(2, 5)_semi_pNone_gNone => 	 1.2399609088897705
	 Logging test loss L1Loss(): t(0, 0)_r(2, 5)_semi_pNone_gNone => 	 0.847564160823822
	 Logging test loss MSELoss(): t(4, 10)_r(2, 5)_none_pNone_gNone => 	 0.7695863842964172
	 Logging test loss L1Loss(): t(4, 10)_r(2, 5)_none_pNone_gNone => 	 0.6918719410896301
	 Logging test loss MSELoss(): t(4, 10)_r(2, 5)_tennis1_pNone_gNone => 	 0.5803999304771423
	 Logging test loss L1Loss(): t(4, 10)_r(2, 5)_tennis1_pNone_gNone => 	 0.5892992615699768
11 2.5121977064 	 0.5892992828 	 0.5892992828
epoch_time;  225.05645322799683
	 Logging test loss MSELoss(): t(0, 0)_r(2, 5)_none_pNone_gNone => 	 0.5331650376319885
	 Logging test loss L1Loss(): t(0, 0)_r(2, 5)_none_pNone_gNone => 	 0.5825895667076111
	 Logging test loss MSELoss(): t(0, 0)_r(2, 5)_tennis0_pNone_gNone => 	 0.6515576243400574
	 Logging test loss L1Loss(): t(0, 0)_r(2, 5)_tennis0_pNone_gNone => 	 0.6291532516479492
	 Logging test loss MSELoss(): t(4, 10)_r(2, 5)_semi_pNone_gNone => 	 0.9634509682655334
	 Logging test loss L1Loss(): t(4, 10)_r(2, 5)_semi_pNone_gNone => 	 0.7647889256477356
	 Logging test loss MSELoss(): t(4, 10)_r(0, 0)_none_pNone_gNone => 	 0.8479583859443665
	 Logging test loss L1Loss(): t(4, 10)_r(0, 0)_none_pNone_gNone => 	 0.7209404110908508
	 Logging test loss MSELoss(): t(4, 10)_r(2, 5)_full_pNone_gNone => 	 0.8429102897644043
	 Logging test loss L1Loss(): t(4, 10)_r(2, 5)_full_pNone_gNone => 	 0.7155126929283142
	 Logging test loss MSELoss(): t(0, 0)_r(2, 5)_tennis1_pNone_gNone => 	 0.34012818336486816
	 Logging test loss L1Loss(): t(0, 0)_r(2, 5)_tennis1_pNone_gNone => 	 0.46426254510879517
	 Logging test loss MSELoss(): t(4, 10)_r(0, 0)_full_pNone_gNone => 	 0.842902660369873
	 Logging test loss L1Loss(): t(4, 10)_r(0, 0)_full_pNone_gNone => 	 0.7101424336433411
	 Logging test loss MSELoss(): t(4, 10)_r(0, 0)_tennis0_pNone_gNone => 	 1.0027145147323608
	 Logging test loss L1Loss(): t(4, 10)_r(0, 0)_tennis0_pNone_gNone => 	 0.7782695293426514
	 Logging test loss MSELoss(): t(4, 10)_r(0, 0)_tennis1_pNone_gNone => 	 0.6631912589073181
	 Logging test loss L1Loss(): t(4, 10)_r(0, 0)_tennis1_pNone_gNone => 	 0.6250345706939697
	 Logging test loss MSELoss(): t(0, 0)_r(2, 5)_full_pNone_gNone => 	 0.5394546389579773
	 Logging test loss L1Loss(): t(0, 0)_r(2, 5)_full_pNone_gNone => 	 0.5797500014305115
	 Logging test loss MSELoss(): t(4, 10)_r(0, 0)_semi_pNone_gNone => 	 3.601513385772705
	 Logging test loss L1Loss(): t(4, 10)_r(0, 0)_semi_pNone_gNone => 	 1.4565662145614624
	 Logging test loss MSELoss(): t(4, 10)_r(2, 5)_tennis0_pNone_gNone => 	 0.993453860282898
	 Logging test loss L1Loss(): t(4, 10)_r(2, 5)_tennis0_pNone_gNone => 	 0.7774983644485474
	 Logging test loss MSELoss(): t(0, 0)_r(2, 5)_semi_pNone_gNone => 	 1.6842838525772095
	 Logging test loss L1Loss(): t(0, 0)_r(2, 5)_semi_pNone_gNone => 	 0.9927745461463928
	 Logging test loss MSELoss(): t(4, 10)_r(2, 5)_none_pNone_gNone => 	 0.8300727009773254
	 Logging test loss L1Loss(): t(4, 10)_r(2, 5)_none_pNone_gNone => 	 0.7162836790084839
	 Logging test loss MSELoss(): t(4, 10)_r(2, 5)_tennis1_pNone_gNone => 	 0.6299063563346863
	 Logging test loss L1Loss(): t(4, 10)_r(2, 5)_tennis1_pNone_gNone => 	 0.6118760108947754
12 2.5127891964 	 0.611876019 	 0.611876019
epoch_time;  225.36516904830933
	 Logging test loss MSELoss(): t(0, 0)_r(2, 5)_none_pNone_gNone => 	 0.5827654004096985
	 Logging test loss L1Loss(): t(0, 0)_r(2, 5)_none_pNone_gNone => 	 0.6084399819374084
	 Logging test loss MSELoss(): t(0, 0)_r(2, 5)_tennis0_pNone_gNone => 	 0.6441798806190491
	 Logging test loss L1Loss(): t(0, 0)_r(2, 5)_tennis0_pNone_gNone => 	 0.6302772164344788
	 Logging test loss MSELoss(): t(4, 10)_r(2, 5)_semi_pNone_gNone => 	 1.0136327743530273
	 Logging test loss L1Loss(): t(4, 10)_r(2, 5)_semi_pNone_gNone => 	 0.7907599210739136
	 Logging test loss MSELoss(): t(4, 10)_r(0, 0)_none_pNone_gNone => 	 0.9078267812728882
	 Logging test loss L1Loss(): t(4, 10)_r(0, 0)_none_pNone_gNone => 	 0.7490508556365967
	 Logging test loss MSELoss(): t(4, 10)_r(2, 5)_full_pNone_gNone => 	 0.9131160378456116
	 Logging test loss L1Loss(): t(4, 10)_r(2, 5)_full_pNone_gNone => 	 0.7507385611534119
	 Logging test loss MSELoss(): t(0, 0)_r(2, 5)_tennis1_pNone_gNone => 	 0.38977065682411194
	 Logging test loss L1Loss(): t(0, 0)_r(2, 5)_tennis1_pNone_gNone => 	 0.4967108368873596
	 Logging test loss MSELoss(): t(4, 10)_r(0, 0)_full_pNone_gNone => 	 0.9076844453811646
	 Logging test loss L1Loss(): t(4, 10)_r(0, 0)_full_pNone_gNone => 	 0.7426490187644958
	 Logging test loss MSELoss(): t(4, 10)_r(0, 0)_tennis0_pNone_gNone => 	 1.0050090551376343
	 Logging test loss L1Loss(): t(4, 10)_r(0, 0)_tennis0_pNone_gNone => 	 0.7840155959129333
	 Logging test loss MSELoss(): t(4, 10)_r(0, 0)_tennis1_pNone_gNone => 	 0.7260304093360901
	 Logging test loss L1Loss(): t(4, 10)_r(0, 0)_tennis1_pNone_gNone => 	 0.6616528034210205
	 Logging test loss MSELoss(): t(0, 0)_r(2, 5)_full_pNone_gNone => 	 0.5843157172203064
	 Logging test loss L1Loss(): t(0, 0)_r(2, 5)_full_pNone_gNone => 	 0.6050019264221191
	 Logging test loss MSELoss(): t(4, 10)_r(0, 0)_semi_pNone_gNone => 	 3.5208864212036133
	 Logging test loss L1Loss(): t(4, 10)_r(0, 0)_semi_pNone_gNone => 	 1.4403681755065918
	 Logging test loss MSELoss(): t(4, 10)_r(2, 5)_tennis0_pNone_gNone => 	 1.0226812362670898
	 Logging test loss L1Loss(): t(4, 10)_r(2, 5)_tennis0_pNone_gNone => 	 0.793516218662262
	 Logging test loss MSELoss(): t(0, 0)_r(2, 5)_semi_pNone_gNone => 	 1.355959415435791
	 Logging test loss L1Loss(): t(0, 0)_r(2, 5)_semi_pNone_gNone => 	 0.9037804007530212
	 Logging test loss MSELoss(): t(4, 10)_r(2, 5)_none_pNone_gNone => 	 0.8961206078529358
	 Logging test loss L1Loss(): t(4, 10)_r(2, 5)_none_pNone_gNone => 	 0.7486125230789185
	 Logging test loss MSELoss(): t(4, 10)_r(2, 5)_tennis1_pNone_gNone => 	 0.6951613426208496
	 Logging test loss L1Loss(): t(4, 10)_r(2, 5)_tennis1_pNone_gNone => 	 0.6495095491409302
13 2.5103388892 	 0.6495095592 	 0.6495095592
epoch_time;  228.59295654296875
	 Logging test loss MSELoss(): t(0, 0)_r(2, 5)_none_pNone_gNone => 	 0.5173040628433228
	 Logging test loss L1Loss(): t(0, 0)_r(2, 5)_none_pNone_gNone => 	 0.5741205215454102
	 Logging test loss MSELoss(): t(0, 0)_r(2, 5)_tennis0_pNone_gNone => 	 0.5587137937545776
	 Logging test loss L1Loss(): t(0, 0)_r(2, 5)_tennis0_pNone_gNone => 	 0.5848304629325867
	 Logging test loss MSELoss(): t(4, 10)_r(2, 5)_semi_pNone_gNone => 	 0.8370599150657654
	 Logging test loss L1Loss(): t(4, 10)_r(2, 5)_semi_pNone_gNone => 	 0.7159371376037598
	 Logging test loss MSELoss(): t(4, 10)_r(0, 0)_none_pNone_gNone => 	 0.7670648097991943
	 Logging test loss L1Loss(): t(4, 10)_r(0, 0)_none_pNone_gNone => 	 0.6859154105186462
	 Logging test loss MSELoss(): t(4, 10)_r(2, 5)_full_pNone_gNone => 	 0.7648704648017883
	 Logging test loss L1Loss(): t(4, 10)_r(2, 5)_full_pNone_gNone => 	 0.683516263961792
	 Logging test loss MSELoss(): t(0, 0)_r(2, 5)_tennis1_pNone_gNone => 	 0.3344740569591522
	 Logging test loss L1Loss(): t(0, 0)_r(2, 5)_tennis1_pNone_gNone => 	 0.4602234363555908
	 Logging test loss MSELoss(): t(4, 10)_r(0, 0)_full_pNone_gNone => 	 0.7671337723731995
	 Logging test loss L1Loss(): t(4, 10)_r(0, 0)_full_pNone_gNone => 	 0.6783028244972229
	 Logging test loss MSELoss(): t(4, 10)_r(0, 0)_tennis0_pNone_gNone => 	 0.8301908373832703
	 Logging test loss L1Loss(): t(4, 10)_r(0, 0)_tennis0_pNone_gNone => 	 0.710322916507721
	 Logging test loss MSELoss(): t(4, 10)_r(0, 0)_tennis1_pNone_gNone => 	 0.589239776134491
	 Logging test loss L1Loss(): t(4, 10)_r(0, 0)_tennis1_pNone_gNone => 	 0.5895781517028809
	 Logging test loss MSELoss(): t(0, 0)_r(2, 5)_full_pNone_gNone => 	 0.5157026052474976
	 Logging test loss L1Loss(): t(0, 0)_r(2, 5)_full_pNone_gNone => 	 0.5681735277175903
	 Logging test loss MSELoss(): t(4, 10)_r(0, 0)_semi_pNone_gNone => 	 2.8026082515716553
	 Logging test loss L1Loss(): t(4, 10)_r(0, 0)_semi_pNone_gNone => 	 1.2583484649658203
	 Logging test loss MSELoss(): t(4, 10)_r(2, 5)_tennis0_pNone_gNone => 	 0.8370969295501709
	 Logging test loss L1Loss(): t(4, 10)_r(2, 5)_tennis0_pNone_gNone => 	 0.7168800234794617
	 Logging test loss MSELoss(): t(0, 0)_r(2, 5)_semi_pNone_gNone => 	 1.181208610534668
	 Logging test loss L1Loss(): t(0, 0)_r(2, 5)_semi_pNone_gNone => 	 0.8238487839698792
	 Logging test loss MSELoss(): t(4, 10)_r(2, 5)_none_pNone_gNone => 	 0.7559247016906738
	 Logging test loss L1Loss(): t(4, 10)_r(2, 5)_none_pNone_gNone => 	 0.6842069625854492
	 Logging test loss MSELoss(): t(4, 10)_r(2, 5)_tennis1_pNone_gNone => 	 0.5756622552871704
	 Logging test loss L1Loss(): t(4, 10)_r(2, 5)_tennis1_pNone_gNone => 	 0.5859153270721436
14 2.5088763767 	 0.585915323 	 0.585915323
epoch_time;  225.0565266609192
	 Logging test loss MSELoss(): t(0, 0)_r(2, 5)_none_pNone_gNone => 	 0.5620421767234802
	 Logging test loss L1Loss(): t(0, 0)_r(2, 5)_none_pNone_gNone => 	 0.5976174473762512
	 Logging test loss MSELoss(): t(0, 0)_r(2, 5)_tennis0_pNone_gNone => 	 0.6181578040122986
	 Logging test loss L1Loss(): t(0, 0)_r(2, 5)_tennis0_pNone_gNone => 	 0.6133314967155457
	 Logging test loss MSELoss(): t(4, 10)_r(2, 5)_semi_pNone_gNone => 	 0.9078891277313232
	 Logging test loss L1Loss(): t(4, 10)_r(2, 5)_semi_pNone_gNone => 	 0.7475708723068237
	 Logging test loss MSELoss(): t(4, 10)_r(0, 0)_none_pNone_gNone => 	 0.8252411484718323
	 Logging test loss L1Loss(): t(4, 10)_r(0, 0)_none_pNone_gNone => 	 0.7126715183258057
	 Logging test loss MSELoss(): t(4, 10)_r(2, 5)_full_pNone_gNone => 	 0.8105434775352478
	 Logging test loss L1Loss(): t(4, 10)_r(2, 5)_full_pNone_gNone => 	 0.706213653087616
	 Logging test loss MSELoss(): t(0, 0)_r(2, 5)_tennis1_pNone_gNone => 	 0.36741840839385986
	 Logging test loss L1Loss(): t(0, 0)_r(2, 5)_tennis1_pNone_gNone => 	 0.48279428482055664
	 Logging test loss MSELoss(): t(4, 10)_r(0, 0)_full_pNone_gNone => 	 0.8242611289024353
	 Logging test loss L1Loss(): t(4, 10)_r(0, 0)_full_pNone_gNone => 	 0.7050044536590576
	 Logging test loss MSELoss(): t(4, 10)_r(0, 0)_tennis0_pNone_gNone => 	 0.9330703020095825
	 Logging test loss L1Loss(): t(4, 10)_r(0, 0)_tennis0_pNone_gNone => 	 0.7556246519088745
	 Logging test loss MSELoss(): t(4, 10)_r(0, 0)_tennis1_pNone_gNone => 	 0.642534077167511
	 Logging test loss L1Loss(): t(4, 10)_r(0, 0)_tennis1_pNone_gNone => 	 0.6197001338005066
	 Logging test loss MSELoss(): t(0, 0)_r(2, 5)_full_pNone_gNone => 	 0.5647584795951843
	 Logging test loss L1Loss(): t(0, 0)_r(2, 5)_full_pNone_gNone => 	 0.5937075614929199
	 Logging test loss MSELoss(): t(4, 10)_r(0, 0)_semi_pNone_gNone => 	 3.360908269882202
	 Logging test loss L1Loss(): t(4, 10)_r(0, 0)_semi_pNone_gNone => 	 1.4089815616607666
	 Logging test loss MSELoss(): t(4, 10)_r(2, 5)_tennis0_pNone_gNone => 	 0.9137922525405884
	 Logging test loss L1Loss(): t(4, 10)_r(2, 5)_tennis0_pNone_gNone => 	 0.750835657119751
	 Logging test loss MSELoss(): t(0, 0)_r(2, 5)_semi_pNone_gNone => 	 1.3327940702438354
	 Logging test loss L1Loss(): t(0, 0)_r(2, 5)_semi_pNone_gNone => 	 0.8879097700119019
	 Logging test loss MSELoss(): t(4, 10)_r(2, 5)_none_pNone_gNone => 	 0.8034827709197998
	 Logging test loss L1Loss(): t(4, 10)_r(2, 5)_none_pNone_gNone => 	 0.7073755264282227
	 Logging test loss MSELoss(): t(4, 10)_r(2, 5)_tennis1_pNone_gNone => 	 0.6092057824134827
	 Logging test loss L1Loss(): t(4, 10)_r(2, 5)_tennis1_pNone_gNone => 	 0.6064468622207642
15 2.5052687327 	 0.6064468642 	 0.6064468642
epoch_time;  224.80812001228333
	 Logging test loss MSELoss(): t(0, 0)_r(2, 5)_none_pNone_gNone => 	 0.499866247177124
	 Logging test loss L1Loss(): t(0, 0)_r(2, 5)_none_pNone_gNone => 	 0.5661364197731018
	 Logging test loss MSELoss(): t(0, 0)_r(2, 5)_tennis0_pNone_gNone => 	 0.5618805289268494
	 Logging test loss L1Loss(): t(0, 0)_r(2, 5)_tennis0_pNone_gNone => 	 0.5856562852859497
	 Logging test loss MSELoss(): t(4, 10)_r(2, 5)_semi_pNone_gNone => 	 0.9034987092018127
	 Logging test loss L1Loss(): t(4, 10)_r(2, 5)_semi_pNone_gNone => 	 0.7424444556236267
	 Logging test loss MSELoss(): t(4, 10)_r(0, 0)_none_pNone_gNone => 	 0.8191480040550232
	 Logging test loss L1Loss(): t(4, 10)_r(0, 0)_none_pNone_gNone => 	 0.7089312672615051
	 Logging test loss MSELoss(): t(4, 10)_r(2, 5)_full_pNone_gNone => 	 0.8126330971717834
	 Logging test loss L1Loss(): t(4, 10)_r(2, 5)_full_pNone_gNone => 	 0.7043640613555908
	 Logging test loss MSELoss(): t(0, 0)_r(2, 5)_tennis1_pNone_gNone => 	 0.3135436773300171
	 Logging test loss L1Loss(): t(0, 0)_r(2, 5)_tennis1_pNone_gNone => 	 0.4475294351577759
	 Logging test loss MSELoss(): t(4, 10)_r(0, 0)_full_pNone_gNone => 	 0.8246284127235413
	 Logging test loss L1Loss(): t(4, 10)_r(0, 0)_full_pNone_gNone => 	 0.702012300491333
	 Logging test loss MSELoss(): t(4, 10)_r(0, 0)_tennis0_pNone_gNone => 	 0.9261777997016907
	 Logging test loss L1Loss(): t(4, 10)_r(0, 0)_tennis0_pNone_gNone => 	 0.7477544546127319
	 Logging test loss MSELoss(): t(4, 10)_r(0, 0)_tennis1_pNone_gNone => 	 0.6422883868217468
	 Logging test loss L1Loss(): t(4, 10)_r(0, 0)_tennis1_pNone_gNone => 	 0.6145604252815247
	 Logging test loss MSELoss(): t(0, 0)_r(2, 5)_full_pNone_gNone => 	 0.5051800608634949
	 Logging test loss L1Loss(): t(0, 0)_r(2, 5)_full_pNone_gNone => 	 0.5626844167709351
	 Logging test loss MSELoss(): t(4, 10)_r(0, 0)_semi_pNone_gNone => 	 3.37235164642334
	 Logging test loss L1Loss(): t(4, 10)_r(0, 0)_semi_pNone_gNone => 	 1.3988547325134277
	 Logging test loss MSELoss(): t(4, 10)_r(2, 5)_tennis0_pNone_gNone => 	 0.9041517972946167
	 Logging test loss L1Loss(): t(4, 10)_r(2, 5)_tennis0_pNone_gNone => 	 0.7429282069206238
	 Logging test loss MSELoss(): t(0, 0)_r(2, 5)_semi_pNone_gNone => 	 1.2788101434707642
	 Logging test loss L1Loss(): t(0, 0)_r(2, 5)_semi_pNone_gNone => 	 0.8624169230461121
	 Logging test loss MSELoss(): t(4, 10)_r(2, 5)_none_pNone_gNone => 	 0.8000134229660034
	 Logging test loss L1Loss(): t(4, 10)_r(2, 5)_none_pNone_gNone => 	 0.7038556933403015
	 Logging test loss MSELoss(): t(4, 10)_r(2, 5)_tennis1_pNone_gNone => 	 0.6016302704811096
	 Logging test loss L1Loss(): t(4, 10)_r(2, 5)_tennis1_pNone_gNone => 	 0.5970987677574158
16 2.503824234 	 0.597098787 	 0.597098787
epoch_time;  224.47227501869202
	 Logging test loss MSELoss(): t(0, 0)_r(2, 5)_none_pNone_gNone => 	 0.56092768907547
	 Logging test loss L1Loss(): t(0, 0)_r(2, 5)_none_pNone_gNone => 	 0.5971572399139404
	 Logging test loss MSELoss(): t(0, 0)_r(2, 5)_tennis0_pNone_gNone => 	 0.6590957045555115
	 Logging test loss L1Loss(): t(0, 0)_r(2, 5)_tennis0_pNone_gNone => 	 0.6341649889945984
	 Logging test loss MSELoss(): t(4, 10)_r(2, 5)_semi_pNone_gNone => 	 0.8938394784927368
	 Logging test loss L1Loss(): t(4, 10)_r(2, 5)_semi_pNone_gNone => 	 0.7426228523254395
	 Logging test loss MSELoss(): t(4, 10)_r(0, 0)_none_pNone_gNone => 	 0.7914177179336548
	 Logging test loss L1Loss(): t(4, 10)_r(0, 0)_none_pNone_gNone => 	 0.6994051337242126
	 Logging test loss MSELoss(): t(4, 10)_r(2, 5)_full_pNone_gNone => 	 0.7789530158042908
	 Logging test loss L1Loss(): t(4, 10)_r(2, 5)_full_pNone_gNone => 	 0.6930289268493652
	 Logging test loss MSELoss(): t(0, 0)_r(2, 5)_tennis1_pNone_gNone => 	 0.375071257352829
	 Logging test loss L1Loss(): t(0, 0)_r(2, 5)_tennis1_pNone_gNone => 	 0.4868047535419464
	 Logging test loss MSELoss(): t(4, 10)_r(0, 0)_full_pNone_gNone => 	 0.7946991920471191
	 Logging test loss L1Loss(): t(4, 10)_r(0, 0)_full_pNone_gNone => 	 0.6934365034103394
	 Logging test loss MSELoss(): t(4, 10)_r(0, 0)_tennis0_pNone_gNone => 	 0.942804217338562
	 Logging test loss L1Loss(): t(4, 10)_r(0, 0)_tennis0_pNone_gNone => 	 0.7587789297103882
	 Logging test loss MSELoss(): t(4, 10)_r(0, 0)_tennis1_pNone_gNone => 	 0.60533607006073
	 Logging test loss L1Loss(): t(4, 10)_r(0, 0)_tennis1_pNone_gNone => 	 0.6041772961616516
	 Logging test loss MSELoss(): t(0, 0)_r(2, 5)_full_pNone_gNone => 	 0.5617234110832214
	 Logging test loss L1Loss(): t(0, 0)_r(2, 5)_full_pNone_gNone => 	 0.5922536253929138
	 Logging test loss MSELoss(): t(4, 10)_r(0, 0)_semi_pNone_gNone => 	 3.603031635284424
	 Logging test loss L1Loss(): t(4, 10)_r(0, 0)_semi_pNone_gNone => 	 1.4437845945358276
	 Logging test loss MSELoss(): t(4, 10)_r(2, 5)_tennis0_pNone_gNone => 	 0.9234972596168518
	 Logging test loss L1Loss(): t(4, 10)_r(2, 5)_tennis0_pNone_gNone => 	 0.7558280825614929
	 Logging test loss MSELoss(): t(0, 0)_r(2, 5)_semi_pNone_gNone => 	 1.607361078262329
	 Logging test loss L1Loss(): t(0, 0)_r(2, 5)_semi_pNone_gNone => 	 0.9705464839935303
	 Logging test loss MSELoss(): t(4, 10)_r(2, 5)_none_pNone_gNone => 	 0.7692466974258423
	 Logging test loss L1Loss(): t(4, 10)_r(2, 5)_none_pNone_gNone => 	 0.6935946345329285
	 Logging test loss MSELoss(): t(4, 10)_r(2, 5)_tennis1_pNone_gNone => 	 0.5814052224159241
	 Logging test loss L1Loss(): t(4, 10)_r(2, 5)_tennis1_pNone_gNone => 	 0.5958117842674255
17 2.5038619571 	 0.5958118115 	 0.5958118115
epoch_time;  228.4131956100464
	 Logging test loss MSELoss(): t(0, 0)_r(2, 5)_none_pNone_gNone => 	 0.5490910410881042
	 Logging test loss L1Loss(): t(0, 0)_r(2, 5)_none_pNone_gNone => 	 0.5935225486755371
	 Logging test loss MSELoss(): t(0, 0)_r(2, 5)_tennis0_pNone_gNone => 	 0.6352508664131165
	 Logging test loss L1Loss(): t(0, 0)_r(2, 5)_tennis0_pNone_gNone => 	 0.6233281493186951
	 Logging test loss MSELoss(): t(4, 10)_r(2, 5)_semi_pNone_gNone => 	 0.9468713998794556
	 Logging test loss L1Loss(): t(4, 10)_r(2, 5)_semi_pNone_gNone => 	 0.7655099034309387
	 Logging test loss MSELoss(): t(4, 10)_r(0, 0)_none_pNone_gNone => 	 0.8513410687446594
	 Logging test loss L1Loss(): t(4, 10)_r(0, 0)_none_pNone_gNone => 	 0.7279559373855591
	 Logging test loss MSELoss(): t(4, 10)_r(2, 5)_full_pNone_gNone => 	 0.8391180038452148
	 Logging test loss L1Loss(): t(4, 10)_r(2, 5)_full_pNone_gNone => 	 0.7227842807769775
	 Logging test loss MSELoss(): t(0, 0)_r(2, 5)_tennis1_pNone_gNone => 	 0.3597519099712372
	 Logging test loss L1Loss(): t(0, 0)_r(2, 5)_tennis1_pNone_gNone => 	 0.48133784532546997
	 Logging test loss MSELoss(): t(4, 10)_r(0, 0)_full_pNone_gNone => 	 0.8459498882293701
	 Logging test loss L1Loss(): t(4, 10)_r(0, 0)_full_pNone_gNone => 	 0.7187684774398804
	 Logging test loss MSELoss(): t(4, 10)_r(0, 0)_tennis0_pNone_gNone => 	 0.9647424817085266
	 Logging test loss L1Loss(): t(4, 10)_r(0, 0)_tennis0_pNone_gNone => 	 0.7670599818229675
	 Logging test loss MSELoss(): t(4, 10)_r(0, 0)_tennis1_pNone_gNone => 	 0.6716818809509277
	 Logging test loss L1Loss(): t(4, 10)_r(0, 0)_tennis1_pNone_gNone => 	 0.6385186910629272
	 Logging test loss MSELoss(): t(0, 0)_r(2, 5)_full_pNone_gNone => 	 0.5523538589477539
	 Logging test loss L1Loss(): t(0, 0)_r(2, 5)_full_pNone_gNone => 	 0.5898710489273071
	 Logging test loss MSELoss(): t(4, 10)_r(0, 0)_semi_pNone_gNone => 	 3.3883183002471924
	 Logging test loss L1Loss(): t(4, 10)_r(0, 0)_semi_pNone_gNone => 	 1.3929085731506348
	 Logging test loss MSELoss(): t(4, 10)_r(2, 5)_tennis0_pNone_gNone => 	 0.9536916613578796
	 Logging test loss L1Loss(): t(4, 10)_r(2, 5)_tennis0_pNone_gNone => 	 0.7660619020462036
	 Logging test loss MSELoss(): t(0, 0)_r(2, 5)_semi_pNone_gNone => 	 1.512966513633728
	 Logging test loss L1Loss(): t(0, 0)_r(2, 5)_semi_pNone_gNone => 	 0.9395502805709839
	 Logging test loss MSELoss(): t(4, 10)_r(2, 5)_none_pNone_gNone => 	 0.8243497014045715
	 Logging test loss L1Loss(): t(4, 10)_r(2, 5)_none_pNone_gNone => 	 0.7201881408691406
	 Logging test loss MSELoss(): t(4, 10)_r(2, 5)_tennis1_pNone_gNone => 	 0.636210560798645
	 Logging test loss L1Loss(): t(4, 10)_r(2, 5)_tennis1_pNone_gNone => 	 0.6239327192306519
18 2.5015472836 	 0.6239327253 	 0.6239327253
epoch_time;  224.4633719921112
	 Logging test loss MSELoss(): t(0, 0)_r(2, 5)_none_pNone_gNone => 	 0.5254992842674255
	 Logging test loss L1Loss(): t(0, 0)_r(2, 5)_none_pNone_gNone => 	 0.5785422325134277
	 Logging test loss MSELoss(): t(0, 0)_r(2, 5)_tennis0_pNone_gNone => 	 0.5743813514709473
	 Logging test loss L1Loss(): t(0, 0)_r(2, 5)_tennis0_pNone_gNone => 	 0.593092143535614
	 Logging test loss MSELoss(): t(4, 10)_r(2, 5)_semi_pNone_gNone => 	 0.8529462814331055
	 Logging test loss L1Loss(): t(4, 10)_r(2, 5)_semi_pNone_gNone => 	 0.7216046452522278
	 Logging test loss MSELoss(): t(4, 10)_r(0, 0)_none_pNone_gNone => 	 0.7688338160514832
	 Logging test loss L1Loss(): t(4, 10)_r(0, 0)_none_pNone_gNone => 	 0.6860643625259399
	 Logging test loss MSELoss(): t(4, 10)_r(2, 5)_full_pNone_gNone => 	 0.7714465260505676
	 Logging test loss L1Loss(): t(4, 10)_r(2, 5)_full_pNone_gNone => 	 0.68613600730896
	 Logging test loss MSELoss(): t(0, 0)_r(2, 5)_tennis1_pNone_gNone => 	 0.3295295834541321
	 Logging test loss L1Loss(): t(0, 0)_r(2, 5)_tennis1_pNone_gNone => 	 0.457403302192688
	 Logging test loss MSELoss(): t(4, 10)_r(0, 0)_full_pNone_gNone => 	 0.7698221206665039
	 Logging test loss L1Loss(): t(4, 10)_r(0, 0)_full_pNone_gNone => 	 0.6779543161392212
	 Logging test loss MSELoss(): t(4, 10)_r(0, 0)_tennis0_pNone_gNone => 	 0.8421779274940491
	 Logging test loss L1Loss(): t(4, 10)_r(0, 0)_tennis0_pNone_gNone => 	 0.71329665184021
	 Logging test loss MSELoss(): t(4, 10)_r(0, 0)_tennis1_pNone_gNone => 	 0.5858758687973022
	 Logging test loss L1Loss(): t(4, 10)_r(0, 0)_tennis1_pNone_gNone => 	 0.5880438089370728
	 Logging test loss MSELoss(): t(0, 0)_r(2, 5)_full_pNone_gNone => 	 0.5268628597259521
	 Logging test loss L1Loss(): t(0, 0)_r(2, 5)_full_pNone_gNone => 	 0.5728799104690552
	 Logging test loss MSELoss(): t(4, 10)_r(0, 0)_semi_pNone_gNone => 	 2.89518666267395
	 Logging test loss L1Loss(): t(4, 10)_r(0, 0)_semi_pNone_gNone => 	 1.295885443687439
	 Logging test loss MSELoss(): t(4, 10)_r(2, 5)_tennis0_pNone_gNone => 	 0.8480268120765686
	 Logging test loss L1Loss(): t(4, 10)_r(2, 5)_tennis0_pNone_gNone => 	 0.7215697169303894
	 Logging test loss MSELoss(): t(0, 0)_r(2, 5)_semi_pNone_gNone => 	 1.2727298736572266
	 Logging test loss L1Loss(): t(0, 0)_r(2, 5)_semi_pNone_gNone => 	 0.8635265827178955
	 Logging test loss MSELoss(): t(4, 10)_r(2, 5)_none_pNone_gNone => 	 0.7595257759094238
	 Logging test loss L1Loss(): t(4, 10)_r(2, 5)_none_pNone_gNone => 	 0.6863382458686829
	 Logging test loss MSELoss(): t(4, 10)_r(2, 5)_tennis1_pNone_gNone => 	 0.5648200511932373
	 Logging test loss L1Loss(): t(4, 10)_r(2, 5)_tennis1_pNone_gNone => 	 0.5803375840187073
19 2.4987360636 	 0.5803375891 	 0.5803375891
epoch_time;  225.85689425468445
	 Logging test loss MSELoss(): t(0, 0)_r(2, 5)_none_pNone_gNone => 	 0.48307374119758606
	 Logging test loss L1Loss(): t(0, 0)_r(2, 5)_none_pNone_gNone => 	 0.5546377301216125
	 Logging test loss MSELoss(): t(0, 0)_r(2, 5)_tennis0_pNone_gNone => 	 0.6414815187454224
	 Logging test loss L1Loss(): t(0, 0)_r(2, 5)_tennis0_pNone_gNone => 	 0.6158478260040283
	 Logging test loss MSELoss(): t(4, 10)_r(2, 5)_semi_pNone_gNone => 	 0.892636775970459
	 Logging test loss L1Loss(): t(4, 10)_r(2, 5)_semi_pNone_gNone => 	 0.7390235066413879
	 Logging test loss MSELoss(): t(4, 10)_r(0, 0)_none_pNone_gNone => 	 0.7635879516601562
	 Logging test loss L1Loss(): t(4, 10)_r(0, 0)_none_pNone_gNone => 	 0.6857854723930359
	 Logging test loss MSELoss(): t(4, 10)_r(2, 5)_full_pNone_gNone => 	 0.752652108669281
	 Logging test loss L1Loss(): t(4, 10)_r(2, 5)_full_pNone_gNone => 	 0.6772687435150146
	 Logging test loss MSELoss(): t(0, 0)_r(2, 5)_tennis1_pNone_gNone => 	 0.3104044198989868
	 Logging test loss L1Loss(): t(0, 0)_r(2, 5)_tennis1_pNone_gNone => 	 0.44411149621009827
	 Logging test loss MSELoss(): t(4, 10)_r(0, 0)_full_pNone_gNone => 	 0.7647877335548401
	 Logging test loss L1Loss(): t(4, 10)_r(0, 0)_full_pNone_gNone => 	 0.6774264574050903
	 Logging test loss MSELoss(): t(4, 10)_r(0, 0)_tennis0_pNone_gNone => 	 0.9484403133392334
	 Logging test loss L1Loss(): t(4, 10)_r(0, 0)_tennis0_pNone_gNone => 	 0.7601138353347778
	 Logging test loss MSELoss(): t(4, 10)_r(0, 0)_tennis1_pNone_gNone => 	 0.5894060730934143
	 Logging test loss L1Loss(): t(4, 10)_r(0, 0)_tennis1_pNone_gNone => 	 0.5903907418251038
	 Logging test loss MSELoss(): t(0, 0)_r(2, 5)_full_pNone_gNone => 	 0.4864417314529419
	 Logging test loss L1Loss(): t(0, 0)_r(2, 5)_full_pNone_gNone => 	 0.5515281558036804
	 Logging test loss MSELoss(): t(4, 10)_r(0, 0)_semi_pNone_gNone => 	 3.5633115768432617
	 Logging test loss L1Loss(): t(4, 10)_r(0, 0)_semi_pNone_gNone => 	 1.4467390775680542
	 Logging test loss MSELoss(): t(4, 10)_r(2, 5)_tennis0_pNone_gNone => 	 0.9383386373519897
	 Logging test loss L1Loss(): t(4, 10)_r(2, 5)_tennis0_pNone_gNone => 	 0.7578895688056946
	 Logging test loss MSELoss(): t(0, 0)_r(2, 5)_semi_pNone_gNone => 	 1.8882380723953247
	 Logging test loss L1Loss(): t(0, 0)_r(2, 5)_semi_pNone_gNone => 	 1.0217993259429932
	 Logging test loss MSELoss(): t(4, 10)_r(2, 5)_none_pNone_gNone => 	 0.7390427589416504
	 Logging test loss L1Loss(): t(4, 10)_r(2, 5)_none_pNone_gNone => 	 0.6773033738136292
	 Logging test loss MSELoss(): t(4, 10)_r(2, 5)_tennis1_pNone_gNone => 	 0.5615861415863037
	 Logging test loss L1Loss(): t(4, 10)_r(2, 5)_tennis1_pNone_gNone => 	 0.5774978995323181
20 2.4991370307 	 0.5774979026 	 0.5774979026
epoch_time;  224.6470124721527
	 Logging test loss MSELoss(): t(0, 0)_r(2, 5)_none_pNone_gNone => 	 0.5324230790138245
	 Logging test loss L1Loss(): t(0, 0)_r(2, 5)_none_pNone_gNone => 	 0.5826354622840881
	 Logging test loss MSELoss(): t(0, 0)_r(2, 5)_tennis0_pNone_gNone => 	 0.573805034160614
	 Logging test loss L1Loss(): t(0, 0)_r(2, 5)_tennis0_pNone_gNone => 	 0.5940312743186951
	 Logging test loss MSELoss(): t(4, 10)_r(2, 5)_semi_pNone_gNone => 	 0.9002504944801331
	 Logging test loss L1Loss(): t(4, 10)_r(2, 5)_semi_pNone_gNone => 	 0.7439911365509033
	 Logging test loss MSELoss(): t(4, 10)_r(0, 0)_none_pNone_gNone => 	 0.8302364945411682
	 Logging test loss L1Loss(): t(4, 10)_r(0, 0)_none_pNone_gNone => 	 0.7158318161964417
	 Logging test loss MSELoss(): t(4, 10)_r(2, 5)_full_pNone_gNone => 	 0.828556478023529
	 Logging test loss L1Loss(): t(4, 10)_r(2, 5)_full_pNone_gNone => 	 0.7139739394187927
	 Logging test loss MSELoss(): t(0, 0)_r(2, 5)_tennis1_pNone_gNone => 	 0.3474326729774475
	 Logging test loss L1Loss(): t(0, 0)_r(2, 5)_tennis1_pNone_gNone => 	 0.4707454741001129
	 Logging test loss MSELoss(): t(4, 10)_r(0, 0)_full_pNone_gNone => 	 0.8223104476928711
	 Logging test loss L1Loss(): t(4, 10)_r(0, 0)_full_pNone_gNone => 	 0.7048458456993103
	 Logging test loss MSELoss(): t(4, 10)_r(0, 0)_tennis0_pNone_gNone => 	 0.8819523453712463
	 Logging test loss L1Loss(): t(4, 10)_r(0, 0)_tennis0_pNone_gNone => 	 0.731695830821991
	 Logging test loss MSELoss(): t(4, 10)_r(0, 0)_tennis1_pNone_gNone => 	 0.6375241279602051
	 Logging test loss L1Loss(): t(4, 10)_r(0, 0)_tennis1_pNone_gNone => 	 0.61454838514328
	 Logging test loss MSELoss(): t(0, 0)_r(2, 5)_full_pNone_gNone => 	 0.5371027588844299
	 Logging test loss L1Loss(): t(0, 0)_r(2, 5)_full_pNone_gNone => 	 0.5801668763160706
	 Logging test loss MSELoss(): t(4, 10)_r(0, 0)_semi_pNone_gNone => 	 2.9091081619262695
	 Logging test loss L1Loss(): t(4, 10)_r(0, 0)_semi_pNone_gNone => 	 1.2914299964904785
	 Logging test loss MSELoss(): t(4, 10)_r(2, 5)_tennis0_pNone_gNone => 	 0.8934944868087769
	 Logging test loss L1Loss(): t(4, 10)_r(2, 5)_tennis0_pNone_gNone => 	 0.740612268447876
	 Logging test loss MSELoss(): t(0, 0)_r(2, 5)_semi_pNone_gNone => 	 1.167601227760315
	 Logging test loss L1Loss(): t(0, 0)_r(2, 5)_semi_pNone_gNone => 	 0.8323560953140259
	 Logging test loss MSELoss(): t(4, 10)_r(2, 5)_none_pNone_gNone => 	 0.8094310164451599
	 Logging test loss L1Loss(): t(4, 10)_r(2, 5)_none_pNone_gNone => 	 0.70995032787323
	 Logging test loss MSELoss(): t(4, 10)_r(2, 5)_tennis1_pNone_gNone => 	 0.6245765686035156
	 Logging test loss L1Loss(): t(4, 10)_r(2, 5)_tennis1_pNone_gNone => 	 0.6122550368309021
21 2.4979998271 	 0.6122550318 	 0.6122550318
epoch_time;  228.04293084144592
	 Logging test loss MSELoss(): t(0, 0)_r(2, 5)_none_pNone_gNone => 	 0.5033559799194336
	 Logging test loss L1Loss(): t(0, 0)_r(2, 5)_none_pNone_gNone => 	 0.5675293803215027
	 Logging test loss MSELoss(): t(0, 0)_r(2, 5)_tennis0_pNone_gNone => 	 0.6230231523513794
	 Logging test loss L1Loss(): t(0, 0)_r(2, 5)_tennis0_pNone_gNone => 	 0.6126187443733215
	 Logging test loss MSELoss(): t(4, 10)_r(2, 5)_semi_pNone_gNone => 	 0.9263544082641602
	 Logging test loss L1Loss(): t(4, 10)_r(2, 5)_semi_pNone_gNone => 	 0.75139981508255
	 Logging test loss MSELoss(): t(4, 10)_r(0, 0)_none_pNone_gNone => 	 0.8087105751037598
	 Logging test loss L1Loss(): t(4, 10)_r(0, 0)_none_pNone_gNone => 	 0.7050591707229614
	 Logging test loss MSELoss(): t(4, 10)_r(2, 5)_full_pNone_gNone => 	 0.8060901165008545
	 Logging test loss L1Loss(): t(4, 10)_r(2, 5)_full_pNone_gNone => 	 0.701720654964447
	 Logging test loss MSELoss(): t(0, 0)_r(2, 5)_tennis1_pNone_gNone => 	 0.32220277190208435
	 Logging test loss L1Loss(): t(0, 0)_r(2, 5)_tennis1_pNone_gNone => 	 0.4530482292175293
	 Logging test loss MSELoss(): t(4, 10)_r(0, 0)_full_pNone_gNone => 	 0.8095349669456482
	 Logging test loss L1Loss(): t(4, 10)_r(0, 0)_full_pNone_gNone => 	 0.6957824230194092
	 Logging test loss MSELoss(): t(4, 10)_r(0, 0)_tennis0_pNone_gNone => 	 0.9600481390953064
	 Logging test loss L1Loss(): t(4, 10)_r(0, 0)_tennis0_pNone_gNone => 	 0.761387825012207
	 Logging test loss MSELoss(): t(4, 10)_r(0, 0)_tennis1_pNone_gNone => 	 0.6361762881278992
	 Logging test loss L1Loss(): t(4, 10)_r(0, 0)_tennis1_pNone_gNone => 	 0.6114979386329651
	 Logging test loss MSELoss(): t(0, 0)_r(2, 5)_full_pNone_gNone => 	 0.5067831873893738
	 Logging test loss L1Loss(): t(0, 0)_r(2, 5)_full_pNone_gNone => 	 0.5630630850791931
	 Logging test loss MSELoss(): t(4, 10)_r(0, 0)_semi_pNone_gNone => 	 3.5458850860595703
	 Logging test loss L1Loss(): t(4, 10)_r(0, 0)_semi_pNone_gNone => 	 1.4560461044311523
	 Logging test loss MSELoss(): t(4, 10)_r(2, 5)_tennis0_pNone_gNone => 	 0.9523278474807739
	 Logging test loss L1Loss(): t(4, 10)_r(2, 5)_tennis0_pNone_gNone => 	 0.7638421058654785
	 Logging test loss MSELoss(): t(0, 0)_r(2, 5)_semi_pNone_gNone => 	 1.6708909273147583
	 Logging test loss L1Loss(): t(0, 0)_r(2, 5)_semi_pNone_gNone => 	 0.9698880314826965
	 Logging test loss MSELoss(): t(4, 10)_r(2, 5)_none_pNone_gNone => 	 0.7909308671951294
	 Logging test loss L1Loss(): t(4, 10)_r(2, 5)_none_pNone_gNone => 	 0.7000733017921448
	 Logging test loss MSELoss(): t(4, 10)_r(2, 5)_tennis1_pNone_gNone => 	 0.6062257885932922
	 Logging test loss L1Loss(): t(4, 10)_r(2, 5)_tennis1_pNone_gNone => 	 0.5996150374412537
22 2.4949084388 	 0.5996150647 	 0.5996150647
epoch_time;  223.6642143726349
	 Logging test loss MSELoss(): t(0, 0)_r(2, 5)_none_pNone_gNone => 	 0.48709532618522644
	 Logging test loss L1Loss(): t(0, 0)_r(2, 5)_none_pNone_gNone => 	 0.5568957924842834
	 Logging test loss MSELoss(): t(0, 0)_r(2, 5)_tennis0_pNone_gNone => 	 0.5365119576454163
	 Logging test loss L1Loss(): t(0, 0)_r(2, 5)_tennis0_pNone_gNone => 	 0.5735541582107544
	 Logging test loss MSELoss(): t(4, 10)_r(2, 5)_semi_pNone_gNone => 	 0.8547951579093933
	 Logging test loss L1Loss(): t(4, 10)_r(2, 5)_semi_pNone_gNone => 	 0.7236536741256714
	 Logging test loss MSELoss(): t(4, 10)_r(0, 0)_none_pNone_gNone => 	 0.7749770283699036
	 Logging test loss L1Loss(): t(4, 10)_r(0, 0)_none_pNone_gNone => 	 0.6890652775764465
	 Logging test loss MSELoss(): t(4, 10)_r(2, 5)_full_pNone_gNone => 	 0.7793648838996887
	 Logging test loss L1Loss(): t(4, 10)_r(2, 5)_full_pNone_gNone => 	 0.6911337971687317
	 Logging test loss MSELoss(): t(0, 0)_r(2, 5)_tennis1_pNone_gNone => 	 0.30733153223991394
	 Logging test loss L1Loss(): t(0, 0)_r(2, 5)_tennis1_pNone_gNone => 	 0.44270917773246765
	 Logging test loss MSELoss(): t(4, 10)_r(0, 0)_full_pNone_gNone => 	 0.7730360627174377
	 Logging test loss L1Loss(): t(4, 10)_r(0, 0)_full_pNone_gNone => 	 0.6797424554824829
	 Logging test loss MSELoss(): t(4, 10)_r(0, 0)_tennis0_pNone_gNone => 	 0.8471025824546814
	 Logging test loss L1Loss(): t(4, 10)_r(0, 0)_tennis0_pNone_gNone => 	 0.714995265007019
	 Logging test loss MSELoss(): t(4, 10)_r(0, 0)_tennis1_pNone_gNone => 	 0.605847179889679
	 Logging test loss L1Loss(): t(4, 10)_r(0, 0)_tennis1_pNone_gNone => 	 0.5957955121994019
	 Logging test loss MSELoss(): t(0, 0)_r(2, 5)_full_pNone_gNone => 	 0.49473750591278076
	 Logging test loss L1Loss(): t(0, 0)_r(2, 5)_full_pNone_gNone => 	 0.5562171936035156
	 Logging test loss MSELoss(): t(4, 10)_r(0, 0)_semi_pNone_gNone => 	 3.0289828777313232
	 Logging test loss L1Loss(): t(4, 10)_r(0, 0)_semi_pNone_gNone => 	 1.3226219415664673
	 Logging test loss MSELoss(): t(4, 10)_r(2, 5)_tennis0_pNone_gNone => 	 0.8531714081764221
	 Logging test loss L1Loss(): t(4, 10)_r(2, 5)_tennis0_pNone_gNone => 	 0.7221301198005676
	 Logging test loss MSELoss(): t(0, 0)_r(2, 5)_semi_pNone_gNone => 	 1.183652400970459
	 Logging test loss L1Loss(): t(0, 0)_r(2, 5)_semi_pNone_gNone => 	 0.8386443853378296
	 Logging test loss MSELoss(): t(4, 10)_r(2, 5)_none_pNone_gNone => 	 0.7646520733833313
	 Logging test loss L1Loss(): t(4, 10)_r(2, 5)_none_pNone_gNone => 	 0.6878563165664673
	 Logging test loss MSELoss(): t(4, 10)_r(2, 5)_tennis1_pNone_gNone => 	 0.578679084777832
	 Logging test loss L1Loss(): t(4, 10)_r(2, 5)_tennis1_pNone_gNone => 	 0.5856926441192627
23 2.4933861627 	 0.5856926482 	 0.5856926482
epoch_time;  223.94886183738708
	 Logging test loss MSELoss(): t(0, 0)_r(2, 5)_none_pNone_gNone => 	 0.511551558971405
	 Logging test loss L1Loss(): t(0, 0)_r(2, 5)_none_pNone_gNone => 	 0.5697494745254517
	 Logging test loss MSELoss(): t(0, 0)_r(2, 5)_tennis0_pNone_gNone => 	 0.5732932686805725
	 Logging test loss L1Loss(): t(0, 0)_r(2, 5)_tennis0_pNone_gNone => 	 0.5944285988807678
	 Logging test loss MSELoss(): t(4, 10)_r(2, 5)_semi_pNone_gNone => 	 0.8819483518600464
	 Logging test loss L1Loss(): t(4, 10)_r(2, 5)_semi_pNone_gNone => 	 0.7340222001075745
	 Logging test loss MSELoss(): t(4, 10)_r(0, 0)_none_pNone_gNone => 	 0.8013542294502258
	 Logging test loss L1Loss(): t(4, 10)_r(0, 0)_none_pNone_gNone => 	 0.699633777141571
	 Logging test loss MSELoss(): t(4, 10)_r(2, 5)_full_pNone_gNone => 	 0.7978031635284424
	 Logging test loss L1Loss(): t(4, 10)_r(2, 5)_full_pNone_gNone => 	 0.698481559753418
	 Logging test loss MSELoss(): t(0, 0)_r(2, 5)_tennis1_pNone_gNone => 	 0.342207670211792
	 Logging test loss L1Loss(): t(0, 0)_r(2, 5)_tennis1_pNone_gNone => 	 0.46476519107818604
	 Logging test loss MSELoss(): t(4, 10)_r(0, 0)_full_pNone_gNone => 	 0.7966041564941406
	 Logging test loss L1Loss(): t(4, 10)_r(0, 0)_full_pNone_gNone => 	 0.6913012862205505
	 Logging test loss MSELoss(): t(4, 10)_r(0, 0)_tennis0_pNone_gNone => 	 0.879164457321167
	 Logging test loss L1Loss(): t(4, 10)_r(0, 0)_tennis0_pNone_gNone => 	 0.7295997142791748
	 Logging test loss MSELoss(): t(4, 10)_r(0, 0)_tennis1_pNone_gNone => 	 0.6299312114715576
	 Logging test loss L1Loss(): t(4, 10)_r(0, 0)_tennis1_pNone_gNone => 	 0.60921311378479
	 Logging test loss MSELoss(): t(0, 0)_r(2, 5)_full_pNone_gNone => 	 0.514445424079895
	 Logging test loss L1Loss(): t(0, 0)_r(2, 5)_full_pNone_gNone => 	 0.5674293041229248
	 Logging test loss MSELoss(): t(4, 10)_r(0, 0)_semi_pNone_gNone => 	 3.110602617263794
	 Logging test loss L1Loss(): t(4, 10)_r(0, 0)_semi_pNone_gNone => 	 1.3434244394302368
	 Logging test loss MSELoss(): t(4, 10)_r(2, 5)_tennis0_pNone_gNone => 	 0.8935760259628296
	 Logging test loss L1Loss(): t(4, 10)_r(2, 5)_tennis0_pNone_gNone => 	 0.7399010062217712
	 Logging test loss MSELoss(): t(0, 0)_r(2, 5)_semi_pNone_gNone => 	 1.2436280250549316
	 Logging test loss L1Loss(): t(0, 0)_r(2, 5)_semi_pNone_gNone => 	 0.860084056854248
	 Logging test loss MSELoss(): t(4, 10)_r(2, 5)_none_pNone_gNone => 	 0.7829015851020813
	 Logging test loss L1Loss(): t(4, 10)_r(2, 5)_none_pNone_gNone => 	 0.6956399083137512
	 Logging test loss MSELoss(): t(4, 10)_r(2, 5)_tennis1_pNone_gNone => 	 0.6040087342262268
	 Logging test loss L1Loss(): t(4, 10)_r(2, 5)_tennis1_pNone_gNone => 	 0.5994824171066284
24 2.4927357568 	 0.5994823908 	 0.5994823908
epoch_time;  223.64121627807617
	 Logging test loss MSELoss(): t(0, 0)_r(2, 5)_none_pNone_gNone => 	 0.48612719774246216
	 Logging test loss L1Loss(): t(0, 0)_r(2, 5)_none_pNone_gNone => 	 0.5575595498085022
	 Logging test loss MSELoss(): t(0, 0)_r(2, 5)_tennis0_pNone_gNone => 	 0.53754061460495
	 Logging test loss L1Loss(): t(0, 0)_r(2, 5)_tennis0_pNone_gNone => 	 0.5749434232711792
	 Logging test loss MSELoss(): t(4, 10)_r(2, 5)_semi_pNone_gNone => 	 0.815064549446106
	 Logging test loss L1Loss(): t(4, 10)_r(2, 5)_semi_pNone_gNone => 	 0.7065436244010925
	 Logging test loss MSELoss(): t(4, 10)_r(0, 0)_none_pNone_gNone => 	 0.7395991683006287
	 Logging test loss L1Loss(): t(4, 10)_r(0, 0)_none_pNone_gNone => 	 0.675092875957489
	 Logging test loss MSELoss(): t(4, 10)_r(2, 5)_full_pNone_gNone => 	 0.7314331531524658
	 Logging test loss L1Loss(): t(4, 10)_r(2, 5)_full_pNone_gNone => 	 0.6700471639633179
	 Logging test loss MSELoss(): t(0, 0)_r(2, 5)_tennis1_pNone_gNone => 	 0.3054855763912201
	 Logging test loss L1Loss(): t(0, 0)_r(2, 5)_tennis1_pNone_gNone => 	 0.4423593282699585
	 Logging test loss MSELoss(): t(4, 10)_r(0, 0)_full_pNone_gNone => 	 0.7426340579986572
	 Logging test loss L1Loss(): t(4, 10)_r(0, 0)_full_pNone_gNone => 	 0.6687919497489929
	 Logging test loss MSELoss(): t(4, 10)_r(0, 0)_tennis0_pNone_gNone => 	 0.8149978518486023
	 Logging test loss L1Loss(): t(4, 10)_r(0, 0)_tennis0_pNone_gNone => 	 0.7033675909042358
	 Logging test loss MSELoss(): t(4, 10)_r(0, 0)_tennis1_pNone_gNone => 	 0.565041184425354
	 Logging test loss L1Loss(): t(4, 10)_r(0, 0)_tennis1_pNone_gNone => 	 0.5786385536193848
	 Logging test loss MSELoss(): t(0, 0)_r(2, 5)_full_pNone_gNone => 	 0.48730722069740295
	 Logging test loss L1Loss(): t(0, 0)_r(2, 5)_full_pNone_gNone => 	 0.5533778667449951
	 Logging test loss MSELoss(): t(4, 10)_r(0, 0)_semi_pNone_gNone => 	 2.8530173301696777
	 Logging test loss L1Loss(): t(4, 10)_r(0, 0)_semi_pNone_gNone => 	 1.2858790159225464
	 Logging test loss MSELoss(): t(4, 10)_r(2, 5)_tennis0_pNone_gNone => 	 0.8175933957099915
	 Logging test loss L1Loss(): t(4, 10)_r(2, 5)_tennis0_pNone_gNone => 	 0.7077454924583435
	 Logging test loss MSELoss(): t(0, 0)_r(2, 5)_semi_pNone_gNone => 	 1.1848785877227783
	 Logging test loss L1Loss(): t(0, 0)_r(2, 5)_semi_pNone_gNone => 	 0.8317573070526123
	 Logging test loss MSELoss(): t(4, 10)_r(2, 5)_none_pNone_gNone => 	 0.7215432524681091
	 Logging test loss L1Loss(): t(4, 10)_r(2, 5)_none_pNone_gNone => 	 0.6696799397468567
	 Logging test loss MSELoss(): t(4, 10)_r(2, 5)_tennis1_pNone_gNone => 	 0.5373062491416931
	 Logging test loss L1Loss(): t(4, 10)_r(2, 5)_tennis1_pNone_gNone => 	 0.5661048293113708
25 2.4947503408 	 0.5661048243 	 0.5661048243
epoch_time;  227.875727891922
	 Logging test loss MSELoss(): t(0, 0)_r(2, 5)_none_pNone_gNone => 	 0.49606606364250183
	 Logging test loss L1Loss(): t(0, 0)_r(2, 5)_none_pNone_gNone => 	 0.562967836856842
	 Logging test loss MSELoss(): t(0, 0)_r(2, 5)_tennis0_pNone_gNone => 	 0.5499665141105652
	 Logging test loss L1Loss(): t(0, 0)_r(2, 5)_tennis0_pNone_gNone => 	 0.5804742574691772
	 Logging test loss MSELoss(): t(4, 10)_r(2, 5)_semi_pNone_gNone => 	 0.8971823453903198
	 Logging test loss L1Loss(): t(4, 10)_r(2, 5)_semi_pNone_gNone => 	 0.7414289116859436
	 Logging test loss MSELoss(): t(4, 10)_r(0, 0)_none_pNone_gNone => 	 0.80399090051651
	 Logging test loss L1Loss(): t(4, 10)_r(0, 0)_none_pNone_gNone => 	 0.7034607529640198
	 Logging test loss MSELoss(): t(4, 10)_r(2, 5)_full_pNone_gNone => 	 0.8052992224693298
	 Logging test loss L1Loss(): t(4, 10)_r(2, 5)_full_pNone_gNone => 	 0.7018261551856995
	 Logging test loss MSELoss(): t(0, 0)_r(2, 5)_tennis1_pNone_gNone => 	 0.31265515089035034
	 Logging test loss L1Loss(): t(0, 0)_r(2, 5)_tennis1_pNone_gNone => 	 0.447470098733902
	 Logging test loss MSELoss(): t(4, 10)_r(0, 0)_full_pNone_gNone => 	 0.7982453107833862
	 Logging test loss L1Loss(): t(4, 10)_r(0, 0)_full_pNone_gNone => 	 0.6937515139579773
	 Logging test loss MSELoss(): t(4, 10)_r(0, 0)_tennis0_pNone_gNone => 	 0.8875599503517151
	 Logging test loss L1Loss(): t(4, 10)_r(0, 0)_tennis0_pNone_gNone => 	 0.7324394583702087
	 Logging test loss MSELoss(): t(4, 10)_r(0, 0)_tennis1_pNone_gNone => 	 0.6243385076522827
	 Logging test loss L1Loss(): t(4, 10)_r(0, 0)_tennis1_pNone_gNone => 	 0.6097375750541687
	 Logging test loss MSELoss(): t(0, 0)_r(2, 5)_full_pNone_gNone => 	 0.5024236440658569
	 Logging test loss L1Loss(): t(0, 0)_r(2, 5)_full_pNone_gNone => 	 0.5613739490509033
	 Logging test loss MSELoss(): t(4, 10)_r(0, 0)_semi_pNone_gNone => 	 3.1970245838165283
	 Logging test loss L1Loss(): t(4, 10)_r(0, 0)_semi_pNone_gNone => 	 1.3533868789672852
	 Logging test loss MSELoss(): t(4, 10)_r(2, 5)_tennis0_pNone_gNone => 	 0.9012817740440369
	 Logging test loss L1Loss(): t(4, 10)_r(2, 5)_tennis0_pNone_gNone => 	 0.7420578002929688
	 Logging test loss MSELoss(): t(0, 0)_r(2, 5)_semi_pNone_gNone => 	 1.2619733810424805
	 Logging test loss L1Loss(): t(0, 0)_r(2, 5)_semi_pNone_gNone => 	 0.8498223423957825
	 Logging test loss MSELoss(): t(4, 10)_r(2, 5)_none_pNone_gNone => 	 0.7904961109161377
	 Logging test loss L1Loss(): t(4, 10)_r(2, 5)_none_pNone_gNone => 	 0.6988143920898438
	 Logging test loss MSELoss(): t(4, 10)_r(2, 5)_tennis1_pNone_gNone => 	 0.5990865230560303
	 Logging test loss L1Loss(): t(4, 10)_r(2, 5)_tennis1_pNone_gNone => 	 0.5973997116088867
26 2.4925577376 	 0.5973996954 	 0.5973996954
epoch_time;  223.42093873023987
	 Logging test loss MSELoss(): t(0, 0)_r(2, 5)_none_pNone_gNone => 	 0.4748450517654419
	 Logging test loss L1Loss(): t(0, 0)_r(2, 5)_none_pNone_gNone => 	 0.551812469959259
	 Logging test loss MSELoss(): t(0, 0)_r(2, 5)_tennis0_pNone_gNone => 	 0.5113272070884705
	 Logging test loss L1Loss(): t(0, 0)_r(2, 5)_tennis0_pNone_gNone => 	 0.560971200466156
	 Logging test loss MSELoss(): t(4, 10)_r(2, 5)_semi_pNone_gNone => 	 0.8135071992874146
	 Logging test loss L1Loss(): t(4, 10)_r(2, 5)_semi_pNone_gNone => 	 0.7057433724403381
	 Logging test loss MSELoss(): t(4, 10)_r(0, 0)_none_pNone_gNone => 	 0.7519640326499939
	 Logging test loss L1Loss(): t(4, 10)_r(0, 0)_none_pNone_gNone => 	 0.6790488958358765
	 Logging test loss MSELoss(): t(4, 10)_r(2, 5)_full_pNone_gNone => 	 0.7434619069099426
	 Logging test loss L1Loss(): t(4, 10)_r(2, 5)_full_pNone_gNone => 	 0.6739166975021362
	 Logging test loss MSELoss(): t(0, 0)_r(2, 5)_tennis1_pNone_gNone => 	 0.297564297914505
	 Logging test loss L1Loss(): t(0, 0)_r(2, 5)_tennis1_pNone_gNone => 	 0.4364273250102997
	 Logging test loss MSELoss(): t(4, 10)_r(0, 0)_full_pNone_gNone => 	 0.7525817155838013
	 Logging test loss L1Loss(): t(4, 10)_r(0, 0)_full_pNone_gNone => 	 0.6707401871681213
	 Logging test loss MSELoss(): t(4, 10)_r(0, 0)_tennis0_pNone_gNone => 	 0.812049150466919
	 Logging test loss L1Loss(): t(4, 10)_r(0, 0)_tennis0_pNone_gNone => 	 0.7016439437866211
	 Logging test loss MSELoss(): t(4, 10)_r(0, 0)_tennis1_pNone_gNone => 	 0.5836436748504639
	 Logging test loss L1Loss(): t(4, 10)_r(0, 0)_tennis1_pNone_gNone => 	 0.5832943916320801
	 Logging test loss MSELoss(): t(0, 0)_r(2, 5)_full_pNone_gNone => 	 0.47784554958343506
	 Logging test loss L1Loss(): t(0, 0)_r(2, 5)_full_pNone_gNone => 	 0.5481432676315308
	 Logging test loss MSELoss(): t(4, 10)_r(0, 0)_semi_pNone_gNone => 	 2.7584681510925293
	 Logging test loss L1Loss(): t(4, 10)_r(0, 0)_semi_pNone_gNone => 	 1.2701690196990967
	 Logging test loss MSELoss(): t(4, 10)_r(2, 5)_tennis0_pNone_gNone => 	 0.8053320646286011
	 Logging test loss L1Loss(): t(4, 10)_r(2, 5)_tennis0_pNone_gNone => 	 0.703241765499115
	 Logging test loss MSELoss(): t(0, 0)_r(2, 5)_semi_pNone_gNone => 	 1.0783692598342896
	 Logging test loss L1Loss(): t(0, 0)_r(2, 5)_semi_pNone_gNone => 	 0.7952002286911011
	 Logging test loss MSELoss(): t(4, 10)_r(2, 5)_none_pNone_gNone => 	 0.7332417368888855
	 Logging test loss L1Loss(): t(4, 10)_r(2, 5)_none_pNone_gNone => 	 0.6745699644088745
	 Logging test loss MSELoss(): t(4, 10)_r(2, 5)_tennis1_pNone_gNone => 	 0.5550984740257263
	 Logging test loss L1Loss(): t(4, 10)_r(2, 5)_tennis1_pNone_gNone => 	 0.570602297782898
27 2.4939028422 	 0.5706022877 	 0.5706022877
epoch_time;  220.99000716209412
	 Logging test loss MSELoss(): t(0, 0)_r(2, 5)_none_pNone_gNone => 	 0.4865756630897522
	 Logging test loss L1Loss(): t(0, 0)_r(2, 5)_none_pNone_gNone => 	 0.5573686361312866
	 Logging test loss MSELoss(): t(0, 0)_r(2, 5)_tennis0_pNone_gNone => 	 0.5578078627586365
	 Logging test loss L1Loss(): t(0, 0)_r(2, 5)_tennis0_pNone_gNone => 	 0.5848771929740906
	 Logging test loss MSELoss(): t(4, 10)_r(2, 5)_semi_pNone_gNone => 	 0.8802278637886047
	 Logging test loss L1Loss(): t(4, 10)_r(2, 5)_semi_pNone_gNone => 	 0.7355054020881653
	 Logging test loss MSELoss(): t(4, 10)_r(0, 0)_none_pNone_gNone => 	 0.7966485619544983
	 Logging test loss L1Loss(): t(4, 10)_r(0, 0)_none_pNone_gNone => 	 0.7007253170013428
	 Logging test loss MSELoss(): t(4, 10)_r(2, 5)_full_pNone_gNone => 	 0.7861190438270569
	 Logging test loss L1Loss(): t(4, 10)_r(2, 5)_full_pNone_gNone => 	 0.693884015083313
	 Logging test loss MSELoss(): t(0, 0)_r(2, 5)_tennis1_pNone_gNone => 	 0.30854806303977966
	 Logging test loss L1Loss(): t(0, 0)_r(2, 5)_tennis1_pNone_gNone => 	 0.44208523631095886
	 Logging test loss MSELoss(): t(4, 10)_r(0, 0)_full_pNone_gNone => 	 0.7914936542510986
	 Logging test loss L1Loss(): t(4, 10)_r(0, 0)_full_pNone_gNone => 	 0.6907868385314941
	 Logging test loss MSELoss(): t(4, 10)_r(0, 0)_tennis0_pNone_gNone => 	 0.9053957462310791
	 Logging test loss L1Loss(): t(4, 10)_r(0, 0)_tennis0_pNone_gNone => 	 0.741911768913269
	 Logging test loss MSELoss(): t(4, 10)_r(0, 0)_tennis1_pNone_gNone => 	 0.6226300001144409
	 Logging test loss L1Loss(): t(4, 10)_r(0, 0)_tennis1_pNone_gNone => 	 0.6065124869346619
	 Logging test loss MSELoss(): t(0, 0)_r(2, 5)_full_pNone_gNone => 	 0.488505095243454
	 Logging test loss L1Loss(): t(0, 0)_r(2, 5)_full_pNone_gNone => 	 0.5526971817016602
	 Logging test loss MSELoss(): t(4, 10)_r(0, 0)_semi_pNone_gNone => 	 3.199215888977051
	 Logging test loss L1Loss(): t(4, 10)_r(0, 0)_semi_pNone_gNone => 	 1.3720207214355469
	 Logging test loss MSELoss(): t(4, 10)_r(2, 5)_tennis0_pNone_gNone => 	 0.892457127571106
	 Logging test loss L1Loss(): t(4, 10)_r(2, 5)_tennis0_pNone_gNone => 	 0.7399829030036926
	 Logging test loss MSELoss(): t(0, 0)_r(2, 5)_semi_pNone_gNone => 	 1.3354859352111816
	 Logging test loss L1Loss(): t(0, 0)_r(2, 5)_semi_pNone_gNone => 	 0.8846057057380676
	 Logging test loss MSELoss(): t(4, 10)_r(2, 5)_none_pNone_gNone => 	 0.7686118483543396
	 Logging test loss L1Loss(): t(4, 10)_r(2, 5)_none_pNone_gNone => 	 0.6907569169998169
	 Logging test loss MSELoss(): t(4, 10)_r(2, 5)_tennis1_pNone_gNone => 	 0.5919189453125
	 Logging test loss L1Loss(): t(4, 10)_r(2, 5)_tennis1_pNone_gNone => 	 0.592173159122467
28 2.4939070808 	 0.5921731723 	 0.5921731723
epoch_time;  222.7499237060547
	 Logging test loss MSELoss(): t(0, 0)_r(2, 5)_none_pNone_gNone => 	 0.51993328332901
	 Logging test loss L1Loss(): t(0, 0)_r(2, 5)_none_pNone_gNone => 	 0.5767247080802917
	 Logging test loss MSELoss(): t(0, 0)_r(2, 5)_tennis0_pNone_gNone => 	 0.5836958885192871
	 Logging test loss L1Loss(): t(0, 0)_r(2, 5)_tennis0_pNone_gNone => 	 0.5974536538124084
	 Logging test loss MSELoss(): t(4, 10)_r(2, 5)_semi_pNone_gNone => 	 0.8926910161972046
	 Logging test loss L1Loss(): t(4, 10)_r(2, 5)_semi_pNone_gNone => 	 0.740649402141571
	 Logging test loss MSELoss(): t(4, 10)_r(0, 0)_none_pNone_gNone => 	 0.8023695349693298
	 Logging test loss L1Loss(): t(4, 10)_r(0, 0)_none_pNone_gNone => 	 0.7042374610900879
	 Logging test loss MSELoss(): t(4, 10)_r(2, 5)_full_pNone_gNone => 	 0.798959493637085
	 Logging test loss L1Loss(): t(4, 10)_r(2, 5)_full_pNone_gNone => 	 0.6999468803405762
	 Logging test loss MSELoss(): t(0, 0)_r(2, 5)_tennis1_pNone_gNone => 	 0.3339744806289673
	 Logging test loss L1Loss(): t(0, 0)_r(2, 5)_tennis1_pNone_gNone => 	 0.46263208985328674
	 Logging test loss MSELoss(): t(4, 10)_r(0, 0)_full_pNone_gNone => 	 0.7965333461761475
	 Logging test loss L1Loss(): t(4, 10)_r(0, 0)_full_pNone_gNone => 	 0.6938868761062622
wandb: Waiting for W&B process to finish... (success).
wandb: 
wandb: Run history:
wandb:                                        Epoch â–â–â–â–‚â–‚â–‚â–‚â–ƒâ–ƒâ–ƒâ–ƒâ–„â–„â–„â–„â–…â–…â–…â–…â–†â–†â–†â–†â–‡â–‡â–‡â–‡â–ˆâ–ˆâ–ˆ
wandb:      Test loss t(0, 0)_r(2, 5)_full L1Loss() â–ˆâ–…â–…â–…â–‚â–ƒâ–ƒâ–ƒâ–‚â–‚â–‚â–‚â–‚â–ƒâ–‚â–ƒâ–‚â–ƒâ–‚â–‚â–â–‚â–‚â–â–‚â–â–â–â–â–‚â–‚
wandb:     Test loss t(0, 0)_r(2, 5)_full MSELoss() â–ˆâ–…â–…â–…â–‚â–ƒâ–ƒâ–ƒâ–‚â–‚â–‚â–‚â–‚â–ƒâ–‚â–‚â–â–‚â–‚â–‚â–â–‚â–â–â–‚â–â–â–â–â–‚â–‚
wandb:      Test loss t(0, 0)_r(2, 5)_none L1Loss() â–ˆâ–…â–…â–…â–‚â–ƒâ–ƒâ–ƒâ–‚â–‚â–‚â–‚â–‚â–ƒâ–‚â–ƒâ–â–ƒâ–‚â–‚â–â–‚â–‚â–â–‚â–â–â–â–â–‚â–‚
wandb:     Test loss t(0, 0)_r(2, 5)_none MSELoss() â–ˆâ–…â–…â–…â–‚â–ƒâ–ƒâ–ƒâ–‚â–‚â–‚â–‚â–‚â–ƒâ–‚â–‚â–â–‚â–‚â–‚â–â–‚â–â–â–‚â–â–â–â–â–‚â–‚
wandb:      Test loss t(0, 0)_r(2, 5)_semi L1Loss() â–‡â–ˆâ–‡â–†â–„â–ƒâ–ƒâ–„â–‚â–‚â–ƒâ–‚â–„â–ƒâ–â–ƒâ–‚â–„â–ƒâ–‚â–…â–‚â–„â–‚â–‚â–‚â–‚â–â–ƒâ–ƒâ–ƒ
wandb:     Test loss t(0, 0)_r(2, 5)_semi MSELoss() â–‡â–ˆâ–‡â–…â–ƒâ–ƒâ–‚â–ƒâ–‚â–‚â–ƒâ–‚â–„â–‚â–â–‚â–‚â–„â–ƒâ–‚â–…â–â–„â–‚â–‚â–‚â–‚â–â–‚â–‚â–‚
wandb:   Test loss t(0, 0)_r(2, 5)_tennis0 L1Loss() â–ˆâ–†â–†â–†â–ƒâ–ƒâ–ƒâ–„â–‚â–‚â–ƒâ–‚â–ƒâ–ƒâ–‚â–ƒâ–‚â–ƒâ–ƒâ–‚â–ƒâ–‚â–ƒâ–â–‚â–â–‚â–â–‚â–‚â–‚
wandb:  Test loss t(0, 0)_r(2, 5)_tennis0 MSELoss() â–ˆâ–†â–†â–…â–ƒâ–ƒâ–ƒâ–ƒâ–‚â–‚â–ƒâ–‚â–ƒâ–ƒâ–‚â–‚â–‚â–ƒâ–ƒâ–‚â–ƒâ–‚â–ƒâ–â–‚â–â–‚â–â–‚â–‚â–‚
wandb:   Test loss t(0, 0)_r(2, 5)_tennis1 L1Loss() â–ˆâ–…â–…â–†â–‚â–„â–ƒâ–„â–ƒâ–‚â–‚â–‚â–‚â–ƒâ–‚â–ƒâ–â–ƒâ–ƒâ–‚â–â–‚â–‚â–â–‚â–â–â–â–â–‚â–‚
wandb:  Test loss t(0, 0)_r(2, 5)_tennis1 MSELoss() â–ˆâ–…â–…â–…â–‚â–ƒâ–ƒâ–ƒâ–‚â–‚â–‚â–â–‚â–ƒâ–‚â–ƒâ–â–ƒâ–‚â–‚â–â–‚â–‚â–â–‚â–â–â–â–â–‚â–‚
wandb:     Test loss t(4, 10)_r(0, 0)_full L1Loss() â–ˆâ–…â–„â–…â–‚â–ƒâ–‚â–ƒâ–‚â–‚â–‚â–â–‚â–ƒâ–â–‚â–‚â–‚â–‚â–â–â–‚â–‚â–â–‚â–â–‚â–â–‚â–‚â–‚
wandb:    Test loss t(4, 10)_r(0, 0)_full MSELoss() â–ˆâ–„â–„â–„â–‚â–‚â–‚â–ƒâ–‚â–â–‚â–â–‚â–‚â–â–‚â–‚â–â–‚â–â–â–‚â–‚â–â–â–â–‚â–â–â–â–
wandb:     Test loss t(4, 10)_r(0, 0)_none L1Loss() â–ˆâ–…â–…â–…â–‚â–ƒâ–‚â–ƒâ–‚â–‚â–‚â–‚â–‚â–ƒâ–â–‚â–‚â–‚â–‚â–â–â–‚â–‚â–â–‚â–â–‚â–â–‚â–‚â–‚
wandb:    Test loss t(4, 10)_r(0, 0)_none MSELoss() â–ˆâ–„â–„â–„â–‚â–‚â–‚â–ƒâ–‚â–‚â–‚â–â–‚â–ƒâ–â–‚â–‚â–â–‚â–â–â–‚â–‚â–â–‚â–â–‚â–â–‚â–‚â–‚
wandb:     Test loss t(4, 10)_r(0, 0)_semi L1Loss() â–ˆâ–ˆâ–…â–„â–‚â–â–â–‚â–â–‚â–‚â–â–ƒâ–ƒâ–â–‚â–‚â–ƒâ–‚â–â–ƒâ–â–ƒâ–‚â–‚â–â–‚â–â–‚â–‚â–‚
wandb:    Test loss t(4, 10)_r(0, 0)_semi MSELoss() â–‡â–ˆâ–…â–„â–‚â–â–â–‚â–â–â–‚â–â–‚â–‚â–â–‚â–‚â–‚â–‚â–â–‚â–â–‚â–â–â–â–‚â–â–‚â–â–
wandb:  Test loss t(4, 10)_r(0, 0)_tennis0 L1Loss() â–ˆâ–†â–…â–…â–‚â–ƒâ–‚â–„â–‚â–‚â–‚â–‚â–ƒâ–ƒâ–â–‚â–‚â–‚â–‚â–â–‚â–‚â–‚â–â–‚â–â–‚â–â–‚â–‚â–‚
wandb: Test loss t(4, 10)_r(0, 0)_tennis0 MSELoss() â–ˆâ–…â–…â–…â–‚â–‚â–‚â–ƒâ–‚â–‚â–‚â–â–ƒâ–ƒâ–â–‚â–‚â–‚â–‚â–â–‚â–‚â–‚â–â–‚â–â–‚â–â–‚â–‚â–‚
wandb:  Test loss t(4, 10)_r(0, 0)_tennis1 L1Loss() â–ˆâ–…â–…â–…â–ƒâ–ƒâ–‚â–„â–‚â–‚â–‚â–‚â–‚â–ƒâ–â–‚â–‚â–‚â–ƒâ–â–â–‚â–‚â–â–‚â–â–‚â–â–‚â–‚â–‚
wandb: Test loss t(4, 10)_r(0, 0)_tennis1 MSELoss() â–ˆâ–„â–„â–…â–‚â–ƒâ–‚â–ƒâ–‚â–â–‚â–‚â–‚â–ƒâ–â–‚â–‚â–â–‚â–â–â–‚â–‚â–â–‚â–â–‚â–â–‚â–‚â–‚
wandb:     Test loss t(4, 10)_r(2, 5)_full L1Loss() â–ˆâ–…â–…â–…â–‚â–ƒâ–‚â–ƒâ–‚â–‚â–‚â–‚â–‚â–ƒâ–â–‚â–‚â–‚â–‚â–â–â–‚â–‚â–‚â–‚â–â–‚â–â–‚â–‚â–‚
wandb:    Test loss t(4, 10)_r(2, 5)_full MSELoss() â–ˆâ–„â–„â–…â–‚â–‚â–‚â–ƒâ–‚â–‚â–‚â–â–‚â–ƒâ–â–‚â–‚â–â–‚â–â–â–‚â–‚â–â–‚â–â–‚â–â–â–‚â–‚
wandb:     Test loss t(4, 10)_r(2, 5)_none L1Loss() â–ˆâ–…â–…â–…â–‚â–ƒâ–‚â–ƒâ–‚â–‚â–‚â–‚â–‚â–ƒâ–â–‚â–‚â–‚â–‚â–â–â–‚â–‚â–â–‚â–â–‚â–â–‚â–‚â–‚
wandb:    Test loss t(4, 10)_r(2, 5)_none MSELoss() â–ˆâ–„â–„â–…â–‚â–‚â–‚â–ƒâ–‚â–‚â–‚â–â–‚â–ƒâ–â–‚â–‚â–â–‚â–â–â–‚â–‚â–â–‚â–â–‚â–â–â–‚â–‚
wandb:     Test loss t(4, 10)_r(2, 5)_semi L1Loss() â–ˆâ–…â–…â–…â–‚â–ƒâ–‚â–ƒâ–‚â–‚â–‚â–‚â–‚â–ƒâ–â–‚â–‚â–‚â–‚â–â–‚â–‚â–‚â–â–‚â–â–‚â–â–‚â–‚â–‚
wandb:    Test loss t(4, 10)_r(2, 5)_semi MSELoss() â–ˆâ–…â–„â–…â–‚â–‚â–‚â–ƒâ–‚â–‚â–‚â–â–‚â–ƒâ–â–‚â–‚â–‚â–‚â–â–‚â–‚â–‚â–â–‚â–â–‚â–â–‚â–‚â–‚
wandb:  Test loss t(4, 10)_r(2, 5)_tennis0 L1Loss() â–ˆâ–†â–…â–…â–‚â–ƒâ–‚â–„â–‚â–‚â–‚â–‚â–ƒâ–ƒâ–â–‚â–‚â–‚â–‚â–â–‚â–‚â–‚â–â–‚â–â–‚â–â–‚â–‚â–‚
wandb: Test loss t(4, 10)_r(2, 5)_tennis0 MSELoss() â–ˆâ–…â–…â–…â–‚â–‚â–‚â–ƒâ–‚â–‚â–‚â–â–ƒâ–ƒâ–â–‚â–‚â–‚â–‚â–â–‚â–‚â–‚â–â–‚â–â–‚â–â–‚â–‚â–‚
wandb:  Test loss t(4, 10)_r(2, 5)_tennis1 L1Loss() â–ˆâ–…â–…â–†â–‚â–„â–ƒâ–„â–‚â–‚â–‚â–‚â–‚â–ƒâ–‚â–‚â–‚â–‚â–ƒâ–â–â–‚â–‚â–‚â–‚â–â–‚â–â–‚â–‚â–‚
wandb: Test loss t(4, 10)_r(2, 5)_tennis1 MSELoss() â–ˆâ–„â–…â–…â–‚â–ƒâ–‚â–ƒâ–‚â–‚â–‚â–â–‚â–ƒâ–â–‚â–‚â–‚â–‚â–â–â–‚â–‚â–â–‚â–â–‚â–â–‚â–‚â–‚
wandb:         Train loss data_t(0, 0)_r(2, 5)_semi â–ˆâ–ƒâ–‚â–‚â–‚â–‚â–‚â–â–â–â–â–â–â–â–â–â–â–â–â–â–â–â–â–â–â–â–â–â–â–
wandb: 
wandb: Run summary:
wandb:                                        Epoch 29
wandb:      Test loss t(0, 0)_r(2, 5)_full L1Loss() 0.5724
wandb:     Test loss t(0, 0)_r(2, 5)_full MSELoss() 0.52111
wandb:      Test loss t(0, 0)_r(2, 5)_none L1Loss() 0.57671
wandb:     Test loss t(0, 0)_r(2, 5)_none MSELoss() 0.51996
wandb:      Test loss t(0, 0)_r(2, 5)_semi L1Loss() 0.88549
wandb:     Test loss t(0, 0)_r(2, 5)_semi MSELoss() 1.3326
wandb:   Test loss t(0, 0)_r(2, 5)_tennis0 L1Loss() 0.59738
wandb:  Test loss t(0, 0)_r(2, 5)_tennis0 MSELoss() 0.58353
wandb:   Test loss t(0, 0)_r(2, 5)_tennis1 L1Loss() 0.46256
wandb:  Test loss t(0, 0)_r(2, 5)_tennis1 MSELoss() 0.33386
wandb:     Test loss t(4, 10)_r(0, 0)_full L1Loss() 0.69392
wandb:    Test loss t(4, 10)_r(0, 0)_full MSELoss() 0.7966
wandb:     Test loss t(4, 10)_r(0, 0)_none L1Loss() 0.70423
wandb:    Test loss t(4, 10)_r(0, 0)_none MSELoss() 0.80223
wandb:     Test loss t(4, 10)_r(0, 0)_semi L1Loss() 1.33389
wandb:    Test loss t(4, 10)_r(0, 0)_semi MSELoss() 3.01194
wandb:  Test loss t(4, 10)_r(0, 0)_tennis0 L1Loss() 0.73781
wandb: Test loss t(4, 10)_r(0, 0)_tennis0 MSELoss() 0.89013
wandb:  Test loss t(4, 10)_r(0, 0)_tennis1 L1Loss() 0.60884
wandb: Test loss t(4, 10)_r(0, 0)_tennis1 MSELoss() 0.618
wandb:     Test loss t(4, 10)_r(2, 5)_full L1Loss() 0.70012
wandb:    Test loss t(4, 10)_r(2, 5)_full MSELoss() 0.79894
wandb:     Test loss t(4, 10)_r(2, 5)_none L1Loss() 0.69821
wandb:    Test loss t(4, 10)_r(2, 5)_none MSELoss() 0.78295
wandb:     Test loss t(4, 10)_r(2, 5)_semi L1Loss() 0.74046
wandb:    Test loss t(4, 10)_r(2, 5)_semi MSELoss() 0.89252
wandb:  Test loss t(4, 10)_r(2, 5)_tennis0 L1Loss() 0.74687
wandb: Test loss t(4, 10)_r(2, 5)_tennis0 MSELoss() 0.90715
wandb:  Test loss t(4, 10)_r(2, 5)_tennis1 L1Loss() 0.59867
wandb: Test loss t(4, 10)_r(2, 5)_tennis1 MSELoss() 0.59595
wandb:         Train loss data_t(0, 0)_r(2, 5)_semi 2.4896
wandb: 
wandb: ðŸš€ View run wise-plasma-1888 at: https://wandb.ai/nreints/thesis/runs/n5j0cnpc
wandb: Synced 6 W&B file(s), 0 media file(s), 0 artifact file(s) and 1 other file(s)
wandb: Find logs at: ./wandb/run-20230206_144255-n5j0cnpc/logs
/gpfs/home2/nreints/MScThesis/code/fcnn.py:368: DeprecationWarning: Sampling from a set deprecated
since Python 3.9 and will be removed in a subsequent version.
  train_sims = set(random.sample(sims_train, int(0.8 * n_sims_train)))
wandb: - Waiting for wandb.init()...wandb: \ Waiting for wandb.init()...wandb: wandb version 0.13.9 is available!  To upgrade, please run:
wandb:  $ pip install wandb --upgrade
wandb: Tracking run with wandb version 0.13.8
wandb: Run data is saved locally in /gpfs/home2/nreints/MScThesis/code/wandb/run-20230206_164106-x7t2fg51
wandb: Run `wandb offline` to turn off syncing.
wandb: Syncing run still-spaceship-1902
wandb: â­ï¸ View project at https://wandb.ai/nreints/thesis
wandb: ðŸš€ View run at https://wandb.ai/nreints/thesis/runs/x7t2fg51
	 Logging test loss MSELoss(): t(4, 10)_r(0, 0)_tennis0_pNone_gNone => 	 0.8897790312767029
	 Logging test loss L1Loss(): t(4, 10)_r(0, 0)_tennis0_pNone_gNone => 	 0.7378835678100586
	 Logging test loss MSELoss(): t(4, 10)_r(0, 0)_tennis1_pNone_gNone => 	 0.6178476214408875
	 Logging test loss L1Loss(): t(4, 10)_r(0, 0)_tennis1_pNone_gNone => 	 0.6089839339256287
	 Logging test loss MSELoss(): t(0, 0)_r(2, 5)_full_pNone_gNone => 	 0.5211271643638611
	 Logging test loss L1Loss(): t(0, 0)_r(2, 5)_full_pNone_gNone => 	 0.5723292231559753
	 Logging test loss MSELoss(): t(4, 10)_r(0, 0)_semi_pNone_gNone => 	 3.0118982791900635
	 Logging test loss L1Loss(): t(4, 10)_r(0, 0)_semi_pNone_gNone => 	 1.333906888961792
	 Logging test loss MSELoss(): t(4, 10)_r(2, 5)_tennis0_pNone_gNone => 	 0.907203733921051
	 Logging test loss L1Loss(): t(4, 10)_r(2, 5)_tennis0_pNone_gNone => 	 0.7468966245651245
	 Logging test loss MSELoss(): t(0, 0)_r(2, 5)_semi_pNone_gNone => 	 1.3325978517532349
	 Logging test loss L1Loss(): t(0, 0)_r(2, 5)_semi_pNone_gNone => 	 0.8854817152023315
	 Logging test loss MSELoss(): t(4, 10)_r(2, 5)_none_pNone_gNone => 	 0.7829665541648865
	 Logging test loss L1Loss(): t(4, 10)_r(2, 5)_none_pNone_gNone => 	 0.6982926726341248
	 Logging test loss MSELoss(): t(4, 10)_r(2, 5)_tennis1_pNone_gNone => 	 0.5960266590118408
	 Logging test loss L1Loss(): t(4, 10)_r(2, 5)_tennis1_pNone_gNone => 	 0.5986412763595581
29 2.4895983802 	 0.5986412824 	 0.5986412824
epoch_time;  226.1863090991974
	 Logging test loss MSELoss(): t(0, 0)_r(2, 5)_none_pNone_gNone => 	 0.5199645161628723
	 Logging test loss L1Loss(): t(0, 0)_r(2, 5)_none_pNone_gNone => 	 0.5767147541046143
	 Logging test loss MSELoss(): t(0, 0)_r(2, 5)_tennis0_pNone_gNone => 	 0.583532989025116
	 Logging test loss L1Loss(): t(0, 0)_r(2, 5)_tennis0_pNone_gNone => 	 0.5973789691925049
	 Logging test loss MSELoss(): t(4, 10)_r(2, 5)_semi_pNone_gNone => 	 0.8925248980522156
	 Logging test loss L1Loss(): t(4, 10)_r(2, 5)_semi_pNone_gNone => 	 0.7404624223709106
	 Logging test loss MSELoss(): t(4, 10)_r(0, 0)_none_pNone_gNone => 	 0.8022338151931763
	 Logging test loss L1Loss(): t(4, 10)_r(0, 0)_none_pNone_gNone => 	 0.7042276859283447
	 Logging test loss MSELoss(): t(4, 10)_r(2, 5)_full_pNone_gNone => 	 0.7989388108253479
	 Logging test loss L1Loss(): t(4, 10)_r(2, 5)_full_pNone_gNone => 	 0.7001246809959412
	 Logging test loss MSELoss(): t(0, 0)_r(2, 5)_tennis1_pNone_gNone => 	 0.33386221528053284
	 Logging test loss L1Loss(): t(0, 0)_r(2, 5)_tennis1_pNone_gNone => 	 0.46256184577941895
	 Logging test loss MSELoss(): t(4, 10)_r(0, 0)_full_pNone_gNone => 	 0.796599268913269
	 Logging test loss L1Loss(): t(4, 10)_r(0, 0)_full_pNone_gNone => 	 0.6939248442649841
	 Logging test loss MSELoss(): t(4, 10)_r(0, 0)_tennis0_pNone_gNone => 	 0.8901330828666687
	 Logging test loss L1Loss(): t(4, 10)_r(0, 0)_tennis0_pNone_gNone => 	 0.7378138303756714
	 Logging test loss MSELoss(): t(4, 10)_r(0, 0)_tennis1_pNone_gNone => 	 0.6180048584938049
	 Logging test loss L1Loss(): t(4, 10)_r(0, 0)_tennis1_pNone_gNone => 	 0.6088435649871826
	 Logging test loss MSELoss(): t(0, 0)_r(2, 5)_full_pNone_gNone => 	 0.521109938621521
	 Logging test loss L1Loss(): t(0, 0)_r(2, 5)_full_pNone_gNone => 	 0.5723973512649536
	 Logging test loss MSELoss(): t(4, 10)_r(0, 0)_semi_pNone_gNone => 	 3.011941909790039
	 Logging test loss L1Loss(): t(4, 10)_r(0, 0)_semi_pNone_gNone => 	 1.3338918685913086
	 Logging test loss MSELoss(): t(4, 10)_r(2, 5)_tennis0_pNone_gNone => 	 0.9071510434150696
	 Logging test loss L1Loss(): t(4, 10)_r(2, 5)_tennis0_pNone_gNone => 	 0.7468710541725159
	 Logging test loss MSELoss(): t(0, 0)_r(2, 5)_semi_pNone_gNone => 	 1.33259916305542
	 Logging test loss L1Loss(): t(0, 0)_r(2, 5)_semi_pNone_gNone => 	 0.8854940533638
	 Logging test loss MSELoss(): t(4, 10)_r(2, 5)_none_pNone_gNone => 	 0.782953679561615
	 Logging test loss L1Loss(): t(4, 10)_r(2, 5)_none_pNone_gNone => 	 0.6982083916664124
	 Logging test loss MSELoss(): t(4, 10)_r(2, 5)_tennis1_pNone_gNone => 	 0.595950186252594
	 Logging test loss L1Loss(): t(4, 10)_r(2, 5)_tennis1_pNone_gNone => 	 0.5986701250076294
It took 7091.422576904297 seconds to train & eval the model.
Number of train simulations: 8000
Number of test simulations: 2000
eucl_motion
fcnn(
  (linears): Sequential(
    (0): Linear(in_features=120, out_features=128, bias=True)
    (1): BatchNorm1d(128, eps=1e-05, momentum=0.1, affine=True, track_running_stats=True)
    (2): ReLU()
    (3): Dropout(p=0.2, inplace=False)
    (4): Linear(in_features=128, out_features=256, bias=True)
    (5): BatchNorm1d(256, eps=1e-05, momentum=0.1, affine=True, track_running_stats=True)
    (6): ReLU()
    (7): Dropout(p=0.4, inplace=False)
    (8): Linear(in_features=256, out_features=12, bias=True)
  )
)
	 Logging test loss MSELoss(): t(0, 0)_r(2, 5)_none_pNone_gNone => 	 0.8425057530403137
	 Logging test loss L1Loss(): t(0, 0)_r(2, 5)_none_pNone_gNone => 	 0.7315676212310791
	 Logging test loss MSELoss(): t(0, 0)_r(2, 5)_tennis0_pNone_gNone => 	 1.0598841905593872
	 Logging test loss L1Loss(): t(0, 0)_r(2, 5)_tennis0_pNone_gNone => 	 0.7937324047088623
	 Logging test loss MSELoss(): t(4, 10)_r(2, 5)_semi_pNone_gNone => 	 1.5507404804229736
	 Logging test loss L1Loss(): t(4, 10)_r(2, 5)_semi_pNone_gNone => 	 0.9555352330207825
	 Logging test loss MSELoss(): t(4, 10)_r(0, 0)_none_pNone_gNone => 	 1.255231261253357
	 Logging test loss L1Loss(): t(4, 10)_r(0, 0)_none_pNone_gNone => 	 0.8753806352615356
	 Logging test loss MSELoss(): t(4, 10)_r(2, 5)_full_pNone_gNone => 	 1.3007705211639404
	 Logging test loss L1Loss(): t(4, 10)_r(2, 5)_full_pNone_gNone => 	 0.888292133808136
	 Logging test loss MSELoss(): t(0, 0)_r(2, 5)_tennis1_pNone_gNone => 	 0.4997798502445221
	 Logging test loss L1Loss(): t(0, 0)_r(2, 5)_tennis1_pNone_gNone => 	 0.5626925826072693
	 Logging test loss MSELoss(): t(4, 10)_r(0, 0)_full_pNone_gNone => 	 1.2453655004501343
	 Logging test loss L1Loss(): t(4, 10)_r(0, 0)_full_pNone_gNone => 	 0.8628462553024292
	 Logging test loss MSELoss(): t(4, 10)_r(0, 0)_tennis0_pNone_gNone => 	 1.629951000213623
	 Logging test loss L1Loss(): t(4, 10)_r(0, 0)_tennis0_pNone_gNone => 	 0.9703032970428467
	 Logging test loss MSELoss(): t(4, 10)_r(0, 0)_tennis1_pNone_gNone => 	 0.8568207621574402
	 Logging test loss L1Loss(): t(4, 10)_r(0, 0)_tennis1_pNone_gNone => 	 0.7224085330963135
	 Logging test loss MSELoss(): t(0, 0)_r(2, 5)_full_pNone_gNone => 	 0.8211072087287903
	 Logging test loss L1Loss(): t(0, 0)_r(2, 5)_full_pNone_gNone => 	 0.7131934762001038
	 Logging test loss MSELoss(): t(4, 10)_r(0, 0)_semi_pNone_gNone => 	 11.58622932434082
	 Logging test loss L1Loss(): t(4, 10)_r(0, 0)_semi_pNone_gNone => 	 2.290687084197998
	 Logging test loss MSELoss(): t(4, 10)_r(2, 5)_tennis0_pNone_gNone => 	 1.6016080379486084
	 Logging test loss L1Loss(): t(4, 10)_r(2, 5)_tennis0_pNone_gNone => 	 0.9668508172035217
	 Logging test loss MSELoss(): t(0, 0)_r(2, 5)_semi_pNone_gNone => 	 3.031989097595215
	 Logging test loss L1Loss(): t(0, 0)_r(2, 5)_semi_pNone_gNone => 	 1.309611439704895
	 Logging test loss MSELoss(): t(4, 10)_r(2, 5)_none_pNone_gNone => 	 1.278356909751892
	 Logging test loss L1Loss(): t(4, 10)_r(2, 5)_none_pNone_gNone => 	 0.8915504813194275
	 Logging test loss MSELoss(): t(4, 10)_r(2, 5)_tennis1_pNone_gNone => 	 0.8882562518119812
	 Logging test loss L1Loss(): t(4, 10)_r(2, 5)_tennis1_pNone_gNone => 	 0.7358092665672302
0 3.2555720011 	 0.7358092615 	 0.7358092615
epoch_time;  223.14184594154358
	 Logging test loss MSELoss(): t(0, 0)_r(2, 5)_none_pNone_gNone => 	 0.7884072065353394
	 Logging test loss L1Loss(): t(0, 0)_r(2, 5)_none_pNone_gNone => 	 0.7121536731719971
	 Logging test loss MSELoss(): t(0, 0)_r(2, 5)_tennis0_pNone_gNone => 	 0.8960002064704895
	 Logging test loss L1Loss(): t(0, 0)_r(2, 5)_tennis0_pNone_gNone => 	 0.7433192729949951
	 Logging test loss MSELoss(): t(4, 10)_r(2, 5)_semi_pNone_gNone => 	 1.45936918258667
	 Logging test loss L1Loss(): t(4, 10)_r(2, 5)_semi_pNone_gNone => 	 0.9387940168380737
slurmstepd: error: *** STEP 2178601.0 ON gcn51 CANCELLED AT 2023-02-06T16:56:44 ***
slurmstepd: error: *** JOB 2178601 ON gcn51 CANCELLED AT 2023-02-06T16:56:44 ***

JOB STATISTICS
==============
Job ID: 2178601
Array Job ID: 2178597_2
Cluster: snellius
User/Group: nreints/nreints
State: CANCELLED (exit code 0)
Nodes: 1
Cores per node: 18
CPU Utilized: 04:18:09
CPU Efficiency: 10.70% of 1-16:13:30 core-walltime
Job Wall-clock time: 02:14:05
Memory Utilized: 14.06 GB
Memory Efficiency: 44.99% of 31.25 GB
