Creating dataset vel_range_l=(0, 0), vel_range_a=(5, 10), symmetry=tennis
Generating sim 0/4999
Generating sim 100/4999
Generating sim 200/4999
Generating sim 300/4999
Generating sim 400/4999
Generating sim 500/4999
Generating sim 600/4999
Generating sim 700/4999
Generating sim 800/4999
Generating sim 900/4999
Generating sim 1000/4999
Generating sim 1100/4999
Generating sim 1200/4999
Generating sim 1300/4999
Generating sim 1400/4999
Generating sim 1500/4999
Generating sim 1600/4999
Generating sim 1700/4999
Generating sim 1800/4999
Generating sim 1900/4999
Generating sim 2000/4999
Generating sim 2100/4999
Generating sim 2200/4999
Generating sim 2300/4999
Generating sim 2400/4999
Generating sim 2500/4999
Generating sim 2600/4999
Generating sim 2700/4999
Generating sim 2800/4999
Generating sim 2900/4999
Generating sim 3000/4999
Generating sim 3100/4999
Generating sim 3200/4999
Generating sim 3300/4999
Generating sim 3400/4999
Generating sim 3500/4999
Generating sim 3600/4999
Generating sim 3700/4999
Generating sim 3800/4999
Generating sim 3900/4999
Generating sim 4000/4999
Generating sim 4100/4999
Generating sim 4200/4999
Generating sim 4300/4999
Generating sim 4400/4999
Generating sim 4500/4999
Generating sim 4600/4999
Generating sim 4700/4999
Generating sim 4800/4999
Generating sim 4900/4999
Generating sim 4999/4999
Saved in data/data_tennis_pNone_gNone_tennisEffect

Time: 1082.945543050766
---- FINISHED ----
