['data_t(5,20)_r(0,0)_full_pNone_gNone', 'data_t(5,20)_r(0,0)_semi_pNone_gNone', 'data_t(5,20)_r(0,0)_tennis_pNone_gNone', 'data_t(5,20)_r(5,20)_none_pNone_gNone']
data_t(5,20)_r(0,0)_combi_pNone_gNone
Using 4 directories.
Using 600 simulations from each directory.
-- Finished combining the datasets. Saved in data_t(5,20)_r(0,0)_combi_pNone_gNone --


JOB STATISTICS
==============
Job ID: 2927364
Array Job ID: 2927345_4
Cluster: snellius
User/Group: nreints/nreints
State: RUNNING
Nodes: 1
Cores per node: 18
CPU Utilized: 00:00:00
CPU Efficiency: 0.00% of 00:04:30 core-walltime
Job Wall-clock time: 00:00:15
Memory Utilized: 0.00 MB (estimated maximum)
Memory Efficiency: 0.00% of 9.77 GB (9.77 GB/node)
WARNING: Efficiency statistics may be misleading for RUNNING jobs.
