usage: create_data.py [-h] [-n_sims N_SIMS] [-n_frames N_FRAMES]
                      [-s {full,semi,tennis,none}] [-l_min L_MIN]
                      [-l_max L_MAX] [-a_min A_MIN] [-a_max A_MAX]
                      [-i {RK4,Euler}] [--gravity | --no-gravity]
                      [--plane | --no-plane] [--visualize | --no-visualize]
                      [--tennis_effect | --no-tennis_effect]
create_data.py: error: argument -s/--symmetry: invalid choice: 'None' (choose from 'full', 'semi', 'tennis', 'none')
srun: error: gcn54: task 0: Exited with exit code 2
srun: launch/slurm: _step_signal: Terminating StepId=2575551.0

JOB STATISTICS
==============
Job ID: 2575551
Array Job ID: 2575513_12
Cluster: snellius
User/Group: nreints/nreints
State: RUNNING
Nodes: 1
Cores per node: 18
CPU Utilized: 00:00:00
CPU Efficiency: 0.00% of 00:03:00 core-walltime
Job Wall-clock time: 00:00:10
Memory Utilized: 0.00 MB (estimated maximum)
Memory Efficiency: 0.00% of 1000.00 MB (1000.00 MB/node)
WARNING: Efficiency statistics may be misleading for RUNNING jobs.
