Creating dataset vel_range_l=(0, 0), vel_range_a=(2, 4), symmetry=tennis
Generating sim 0/2399
Generating sim 100/2399
Generating sim 200/2399
Generating sim 300/2399
Generating sim 400/2399
Generating sim 500/2399
Generating sim 600/2399
Generating sim 700/2399
Generating sim 800/2399
Generating sim 900/2399
Generating sim 1000/2399
Generating sim 1100/2399
Generating sim 1200/2399
Generating sim 1300/2399
Generating sim 1400/2399
Generating sim 1500/2399
Generating sim 1600/2399
Generating sim 1700/2399
Generating sim 1800/2399
Generating sim 1900/2399
Generating sim 2000/2399
Generating sim 2100/2399
Generating sim 2200/2399
Generating sim 2300/2399
Generating sim 2399/2399
Saved in data/data_tennis_pNone_gNone_tennisEffect

Time: 329.34669303894043
---- FINISHED ----

JOB STATISTICS
==============
Job ID: 2927283
Array Job ID: 2927256_17
Cluster: snellius
User/Group: nreints/nreints
State: COMPLETED (exit code 0)
Nodes: 1
Cores per node: 18
CPU Utilized: 00:16:29
CPU Efficiency: 16.16% of 01:42:00 core-walltime
Job Wall-clock time: 00:05:40
Memory Utilized: 206.77 MB
Memory Efficiency: 20.68% of 1000.00 MB
