Creating dataset vel_range_l=(5, 20), vel_range_a=(0, 0), symmetry=semi
Generating sim 0/4999
Generating sim 100/4999
Generating sim 200/4999
Generating sim 300/4999
Generating sim 400/4999
Generating sim 500/4999
Generating sim 600/4999
Generating sim 700/4999
Generating sim 800/4999
Generating sim 900/4999
Generating sim 1000/4999
Generating sim 1100/4999
Generating sim 1200/4999
Generating sim 1300/4999
Generating sim 1400/4999
Generating sim 1500/4999
Generating sim 1600/4999
Generating sim 1700/4999
Generating sim 1800/4999
Generating sim 1900/4999
Generating sim 2000/4999
Generating sim 2100/4999
Generating sim 2200/4999
Generating sim 2300/4999
Generating sim 2400/4999
Generating sim 2500/4999
Generating sim 2600/4999
Generating sim 2700/4999
Generating sim 2800/4999
Generating sim 2900/4999
Generating sim 3000/4999
Generating sim 3100/4999
Generating sim 3200/4999
Generating sim 3300/4999
Generating sim 3400/4999
Generating sim 3500/4999
Generating sim 3600/4999
Generating sim 3700/4999
Generating sim 3800/4999
Generating sim 3900/4999
Generating sim 4000/4999
Generating sim 4100/4999
Generating sim 4200/4999
Generating sim 4300/4999
Generating sim 4400/4999
Generating sim 4500/4999
Generating sim 4600/4999
Generating sim 4700/4999
Generating sim 4800/4999
Generating sim 4900/4999
Generating sim 4999/4999
Saved in data/data_t(5, 20)_r(0, 0)_semi_pNone_gNone

Time: 1070.645500421524
---- FINISHED ----

JOB STATISTICS
==============
Job ID: 2512954
Array Job ID: 2512951_3
Cluster: snellius
User/Group: nreints/nreints
State: COMPLETED (exit code 0)
Nodes: 1
Cores per node: 18
CPU Utilized: 00:53:04
CPU Efficiency: 16.24% of 05:26:42 core-walltime
Job Wall-clock time: 00:18:09
Memory Utilized: 174.73 MB
Memory Efficiency: 1.75% of 9.77 GB
