['data_t(0,0)_r(0,0)_full_combi_pTrue_gTrue', 'data_t(0,0)_r(0,0)_semi_combi_pTrue_gTrue', 'data_t(0,0)_r(0,0)_tennis_combi_pTrue_gTrue', 'data_t(0,0)_r(0,0)_none_combi_pTrue_gTrue']
data_t(0,0)_r(0,0)_combi_pTrue_gTrue
Using 4 directories.
srun: error: gcn16: task 0: Exited with exit code 1
srun: launch/slurm: _step_signal: Terminating StepId=2927386.0
Traceback (most recent call last):
  File "/gpfs/home2/nreints/MScThesis/code/create_combi_data.py", line 74, in <module>
    create_combi(args.dirs, args.new_dir)
  File "/gpfs/home2/nreints/MScThesis/code/create_combi_data.py", line 45, in create_combi
    nr_sims, total_nr_sims = get_nr_sims(dir_list)
  File "/gpfs/home2/nreints/MScThesis/code/create_combi_data.py", line 20, in get_nr_sims
    nr_sims.append(len(os.listdir("data/" + dir)))
FileNotFoundError: [Errno 2] No such file or directory: 'data/data_t(0,0)_r(0,0)_full_combi_pTrue_gTrue'

JOB STATISTICS
==============
Job ID: 2927386
Array Job ID: 2927345_7
Cluster: snellius
User/Group: nreints/nreints
State: FAILED (exit code 1)
Nodes: 1
Cores per node: 18
CPU Utilized: 00:00:01
CPU Efficiency: 0.69% of 00:02:24 core-walltime
Job Wall-clock time: 00:00:08
Memory Utilized: 1.35 MB
Memory Efficiency: 0.01% of 9.77 GB
