Creating dataset vel_range_l=(0, 0), vel_range_a=(5, 20), symmetry=semi
None
Generating sim 0/2399
Generating sim 100/2399
Generating sim 200/2399
Generating sim 300/2399
Generating sim 400/2399
Generating sim 500/2399
Generating sim 600/2399
Generating sim 700/2399
Generating sim 800/2399
Generating sim 900/2399
Generating sim 1000/2399
Generating sim 1100/2399
Generating sim 1200/2399
Generating sim 1300/2399
Generating sim 1400/2399
Generating sim 1500/2399
Generating sim 1600/2399
Generating sim 1700/2399
Generating sim 1800/2399
Generating sim 1900/2399
Generating sim 2000/2399
Generating sim 2100/2399
Generating sim 2200/2399
Generating sim 2300/2399
Generating sim 2399/2399
Saved in data/data_t(0,0)_r(5,20)_semi_pTrue_gTrue

Time: 334.81638979911804
---- FINISHED ----
WARNING: Nan, Inf or huge value in QACC at DOF 4. The simulation is unstable. Time = 0.9840.

WARNING: Nan, Inf or huge value in QACC at DOF 4. The simulation is unstable. Time = 0.8160.


JOB STATISTICS
==============
Job ID: 3081425
Array Job ID: 3081406_47
Cluster: snellius
User/Group: nreints/nreints
State: RUNNING
Nodes: 1
Cores per node: 18
CPU Utilized: 00:00:00
CPU Efficiency: 0.00% of 01:43:30 core-walltime
Job Wall-clock time: 00:05:45
Memory Utilized: 0.00 MB (estimated maximum)
Memory Efficiency: 0.00% of 0.00 MB (0.00 MB/node)
WARNING: Efficiency statistics may be misleading for RUNNING jobs.
