usage: create_data.py [-h] [-n_sims N_SIMS] [-n_frames N_FRAMES]
                      [-s {full,semi,tennis,none}] [-l_min L_MIN]
                      [-l_max L_MAX] [-a_min A_MIN] [-a_max A_MAX]
                      [-integrator {RK4,Euler}] [--gravity | --no-gravity]
                      [--plane | --no-plane] [--visualize | --no-visualize]
                      [--tennis_effect | --no-tennis_effect]
create_data.py: error: argument -s/--symmetry: invalid choice: 'ymmetry' (choose from 'full', 'semi', 'tennis', 'none')
srun: error: gcn52: task 0: Exited with exit code 2
srun: launch/slurm: _step_signal: Terminating StepId=2476284.0

JOB STATISTICS
==============
Job ID: 2476284
Array Job ID: 2476277_6
Cluster: snellius
User/Group: nreints/nreints
State: FAILED (exit code 2)
Nodes: 1
Cores per node: 18
CPU Utilized: 00:00:04
CPU Efficiency: 2.47% of 00:02:42 core-walltime
Job Wall-clock time: 00:00:09
Memory Utilized: 1.42 MB
Memory Efficiency: 0.01% of 9.77 GB
