Creating dataset vel_range_l=(0, 0), vel_range_a=(5, 20), symmetry=tennis
Generating sim 0/2399
Generating sim 100/2399
Generating sim 200/2399
Generating sim 300/2399
Generating sim 400/2399
Generating sim 500/2399
Generating sim 600/2399
Generating sim 700/2399
Generating sim 800/2399
Generating sim 900/2399
Generating sim 1000/2399
Generating sim 1100/2399
Generating sim 1200/2399
Generating sim 1300/2399
Generating sim 1400/2399
Generating sim 1500/2399
Generating sim 1600/2399
Generating sim 1700/2399
Generating sim 1800/2399
Generating sim 1900/2399
Generating sim 2000/2399
Generating sim 2100/2399
Generating sim 2200/2399
Generating sim 2300/2399
Generating sim 2399/2399
Saved in data/data_t(0,0)_r(5,20)_tennis_pNone_gNone

Time: 328.463746547699
---- FINISHED ----

JOB STATISTICS
==============
Job ID: 2927268
Array Job ID: 2927256_2
Cluster: snellius
User/Group: nreints/nreints
State: COMPLETED (exit code 0)
Nodes: 1
Cores per node: 18
CPU Utilized: 00:16:27
CPU Efficiency: 15.99% of 01:42:54 core-walltime
Job Wall-clock time: 00:05:43
Memory Utilized: 212.51 MB
Memory Efficiency: 21.25% of 1000.00 MB
