Creating dataset vel_range_l=(5, 20), vel_range_a=(0, 0), symmetry=tennis
None
Generating sim 0/2399
Generating sim 100/2399
Generating sim 200/2399
Generating sim 300/2399
Generating sim 400/2399
Generating sim 500/2399
Generating sim 600/2399
Generating sim 700/2399
Generating sim 800/2399
Generating sim 900/2399
Generating sim 1000/2399
Generating sim 1100/2399
Generating sim 1200/2399
Generating sim 1300/2399
Generating sim 1400/2399
Generating sim 1500/2399
Generating sim 1600/2399
Generating sim 1700/2399
Generating sim 1800/2399
Generating sim 1900/2399
Generating sim 2000/2399
Generating sim 2100/2399
Generating sim 2200/2399
Generating sim 2300/2399
Generating sim 2399/2399
Saved in data/data_t(5,20)_r(0,0)_tennis_pNone_gTrue

Time: 319.06362199783325
---- FINISHED ----

JOB STATISTICS
==============
Job ID: 3080994
Array Job ID: 3080978_30
Cluster: snellius
User/Group: nreints/nreints
State: COMPLETED (exit code 0)
Nodes: 1
Cores per node: 18
CPU Utilized: 00:15:58
CPU Efficiency: 16.13% of 01:39:00 core-walltime
Job Wall-clock time: 00:05:30
Memory Utilized: 204.95 MB
Memory Efficiency: 0.00% of 0.00 MB
