wandb: Currently logged in as: nreints. Use `wandb login --relogin` to force relogin
wandb: Appending key for api.wandb.ai to your netrc file: /home/nreints/.netrc
/gpfs/home2/nreints/MScThesis/code/fcnn.py:518: DeprecationWarning: Sampling from a set deprecated
since Python 3.9 and will be removed in a subsequent version.
  train_sims = set(random.sample(sims_train, int(0.8 * n_sims_train)))
wandb: wandb version 0.14.0 is available!  To upgrade, please run:
wandb:  $ pip install wandb --upgrade
wandb: Tracking run with wandb version 0.13.8
wandb: Run data is saved locally in /gpfs/home2/nreints/MScThesis/code/wandb/run-20230321_113259-bp3uh689
wandb: Run `wandb offline` to turn off syncing.
wandb: Syncing run restful-snowball-88
wandb: â­ï¸ View project at https://wandb.ai/nreints/test
wandb: ðŸš€ View run at https://wandb.ai/nreints/test/runs/bp3uh689
Testing on datasets: ['data_t(0, 0)_r(5, 20)_tennis_pNone_gNone', 'data_tennis_pNone_gNone_tennisEffect']
----- ITERATION 1/2 ------
Number of train simulations: 3200
Number of test simulations: 800
The dataloader took 80.66445684432983 seconds.
-- Finished Train Dataloader --
The dataloader took 20.229090213775635 seconds.
The dataloader took 20.92763590812683 seconds.
-- Finished Test Dataloader(s) --
Datatype: pos
--- Started Training ---
Epoch 0
	 Logging train Loss: 10.1674025991 (MSELoss(): data_t(0, 0)_r(5, 20)_tennis_pNone_gNone)
	 Logging test loss 0.44381800293922424 (MSELoss(): t(0, 0)_r(5, 20)_tennis_pNone_gNone)
	 Logging test loss 0.48699334263801575 (L1Loss(): t(0, 0)_r(5, 20)_tennis_pNone_gNone)
	 Logging test loss 104.33873748779297 (MSELoss(): tennis_pNone_gNone_tennisEffect)
	 Logging test loss 5.699159622192383 (L1Loss(): tennis_pNone_gNone_tennisEffect)
     --> Epoch_time; 75.87367820739746
Epoch 1
	 Logging train Loss: 0.2003483592 (MSELoss(): data_t(0, 0)_r(5, 20)_tennis_pNone_gNone)
	 Logging test loss 0.0969054251909256 (MSELoss(): t(0, 0)_r(5, 20)_tennis_pNone_gNone)
	 Logging test loss 0.22435207664966583 (L1Loss(): t(0, 0)_r(5, 20)_tennis_pNone_gNone)
	 Logging test loss 115.76195526123047 (MSELoss(): tennis_pNone_gNone_tennisEffect)
	 Logging test loss 5.057435989379883 (L1Loss(): tennis_pNone_gNone_tennisEffect)
     --> Epoch_time; 73.56933498382568
Epoch 2
	 Logging train Loss: 0.0620525285 (MSELoss(): data_t(0, 0)_r(5, 20)_tennis_pNone_gNone)
	 Logging test loss 0.047530386596918106 (MSELoss(): t(0, 0)_r(5, 20)_tennis_pNone_gNone)
	 Logging test loss 0.15372838079929352 (L1Loss(): t(0, 0)_r(5, 20)_tennis_pNone_gNone)
	 Logging test loss 111.18321228027344 (MSELoss(): tennis_pNone_gNone_tennisEffect)
	 Logging test loss 4.788551330566406 (L1Loss(): tennis_pNone_gNone_tennisEffect)
     --> Epoch_time; 70.78810453414917
Epoch 3
	 Logging train Loss: 0.0367405486 (MSELoss(): data_t(0, 0)_r(5, 20)_tennis_pNone_gNone)
	 Logging test loss 0.03389829397201538 (MSELoss(): t(0, 0)_r(5, 20)_tennis_pNone_gNone)
	 Logging test loss 0.12817443907260895 (L1Loss(): t(0, 0)_r(5, 20)_tennis_pNone_gNone)
	 Logging test loss 105.15785217285156 (MSELoss(): tennis_pNone_gNone_tennisEffect)
	 Logging test loss 4.503190040588379 (L1Loss(): tennis_pNone_gNone_tennisEffect)
     --> Epoch_time; 73.51546382904053
Epoch 4
	 Logging train Loss: 0.026798186 (MSELoss(): data_t(0, 0)_r(5, 20)_tennis_pNone_gNone)
	 Logging test loss 0.026658186689019203 (MSELoss(): t(0, 0)_r(5, 20)_tennis_pNone_gNone)
	 Logging test loss 0.11271211504936218 (L1Loss(): t(0, 0)_r(5, 20)_tennis_pNone_gNone)
	 Logging test loss 102.55435180664062 (MSELoss(): tennis_pNone_gNone_tennisEffect)
	 Logging test loss 4.359721660614014 (L1Loss(): tennis_pNone_gNone_tennisEffect)
     --> Epoch_time; 68.81159234046936
Epoch 5
	 Logging train Loss: 0.0214550542 (MSELoss(): data_t(0, 0)_r(5, 20)_tennis_pNone_gNone)
	 Logging test loss 0.02072416990995407 (MSELoss(): t(0, 0)_r(5, 20)_tennis_pNone_gNone)
	 Logging test loss 0.09795163571834564 (L1Loss(): t(0, 0)_r(5, 20)_tennis_pNone_gNone)
	 Logging test loss 100.9095458984375 (MSELoss(): tennis_pNone_gNone_tennisEffect)
	 Logging test loss 4.270300388336182 (L1Loss(): tennis_pNone_gNone_tennisEffect)
     --> Epoch_time; 75.44244003295898
Epoch 6
	 Logging train Loss: 0.0180964464 (MSELoss(): data_t(0, 0)_r(5, 20)_tennis_pNone_gNone)
	 Logging test loss 0.01856680028140545 (MSELoss(): t(0, 0)_r(5, 20)_tennis_pNone_gNone)
	 Logging test loss 0.09289371222257614 (L1Loss(): t(0, 0)_r(5, 20)_tennis_pNone_gNone)
	 Logging test loss 99.70469665527344 (MSELoss(): tennis_pNone_gNone_tennisEffect)
	 Logging test loss 4.209587097167969 (L1Loss(): tennis_pNone_gNone_tennisEffect)
     --> Epoch_time; 74.23085522651672
Epoch 7
	 Logging train Loss: 0.0156239877 (MSELoss(): data_t(0, 0)_r(5, 20)_tennis_pNone_gNone)
	 Logging test loss 0.01685948856174946 (MSELoss(): t(0, 0)_r(5, 20)_tennis_pNone_gNone)
	 Logging test loss 0.08984337747097015 (L1Loss(): t(0, 0)_r(5, 20)_tennis_pNone_gNone)
	 Logging test loss 98.59491729736328 (MSELoss(): tennis_pNone_gNone_tennisEffect)
	 Logging test loss 4.1609883308410645 (L1Loss(): tennis_pNone_gNone_tennisEffect)
     --> Epoch_time; 75.02567219734192
Epoch 8
	 Logging train Loss: 0.0136976068 (MSELoss(): data_t(0, 0)_r(5, 20)_tennis_pNone_gNone)
	 Logging test loss 0.015182970091700554 (MSELoss(): t(0, 0)_r(5, 20)_tennis_pNone_gNone)
	 Logging test loss 0.08513220399618149 (L1Loss(): t(0, 0)_r(5, 20)_tennis_pNone_gNone)
	 Logging test loss 97.3531723022461 (MSELoss(): tennis_pNone_gNone_tennisEffect)
	 Logging test loss 4.108419418334961 (L1Loss(): tennis_pNone_gNone_tennisEffect)
     --> Epoch_time; 74.24043488502502
Epoch 9
	 Logging train Loss: 0.0121818642 (MSELoss(): data_t(0, 0)_r(5, 20)_tennis_pNone_gNone)
	 Logging test loss 0.013416138477623463 (MSELoss(): t(0, 0)_r(5, 20)_tennis_pNone_gNone)
	 Logging test loss 0.08019807934761047 (L1Loss(): t(0, 0)_r(5, 20)_tennis_pNone_gNone)
	 Logging test loss 96.2996597290039 (MSELoss(): tennis_pNone_gNone_tennisEffect)
	 Logging test loss 4.068081855773926 (L1Loss(): tennis_pNone_gNone_tennisEffect)
     --> Epoch_time; 74.47669076919556
Epoch 10
	 Logging train Loss: 0.0108964284 (MSELoss(): data_t(0, 0)_r(5, 20)_tennis_pNone_gNone)
	 Logging test loss 0.011303993873298168 (MSELoss(): t(0, 0)_r(5, 20)_tennis_pNone_gNone)
	 Logging test loss 0.07269278913736343 (L1Loss(): t(0, 0)_r(5, 20)_tennis_pNone_gNone)
	 Logging test loss 95.06241607666016 (MSELoss(): tennis_pNone_gNone_tennisEffect)
	 Logging test loss 4.018397808074951 (L1Loss(): tennis_pNone_gNone_tennisEffect)
     --> Epoch_time; 71.47669696807861
Epoch 11
	 Logging train Loss: 0.0098153233 (MSELoss(): data_t(0, 0)_r(5, 20)_tennis_pNone_gNone)
	 Logging test loss 0.009875449351966381 (MSELoss(): t(0, 0)_r(5, 20)_tennis_pNone_gNone)
	 Logging test loss 0.06792929023504257 (L1Loss(): t(0, 0)_r(5, 20)_tennis_pNone_gNone)
	 Logging test loss 93.79056549072266 (MSELoss(): tennis_pNone_gNone_tennisEffect)
	 Logging test loss 3.96134352684021 (L1Loss(): tennis_pNone_gNone_tennisEffect)
     --> Epoch_time; 74.99051141738892
Epoch 12
	 Logging train Loss: 0.0089272586 (MSELoss(): data_t(0, 0)_r(5, 20)_tennis_pNone_gNone)
	 Logging test loss 0.010613860562443733 (MSELoss(): t(0, 0)_r(5, 20)_tennis_pNone_gNone)
	 Logging test loss 0.07191900908946991 (L1Loss(): t(0, 0)_r(5, 20)_tennis_pNone_gNone)
	 Logging test loss 92.95773315429688 (MSELoss(): tennis_pNone_gNone_tennisEffect)
	 Logging test loss 3.9317405223846436 (L1Loss(): tennis_pNone_gNone_tennisEffect)
     --> Epoch_time; 72.54262590408325
Epoch 13
	 Logging train Loss: 0.0080967149 (MSELoss(): data_t(0, 0)_r(5, 20)_tennis_pNone_gNone)
	 Logging test loss 0.008521773852407932 (MSELoss(): t(0, 0)_r(5, 20)_tennis_pNone_gNone)
	 Logging test loss 0.06365670263767242 (L1Loss(): t(0, 0)_r(5, 20)_tennis_pNone_gNone)
	 Logging test loss 92.16842651367188 (MSELoss(): tennis_pNone_gNone_tennisEffect)
	 Logging test loss 3.8974664211273193 (L1Loss(): tennis_pNone_gNone_tennisEffect)
     --> Epoch_time; 75.40051102638245
Epoch 14
	 Logging train Loss: 0.0075282589 (MSELoss(): data_t(0, 0)_r(5, 20)_tennis_pNone_gNone)
	 Logging test loss 0.0076571134850382805 (MSELoss(): t(0, 0)_r(5, 20)_tennis_pNone_gNone)
	 Logging test loss 0.06032285839319229 (L1Loss(): t(0, 0)_r(5, 20)_tennis_pNone_gNone)
	 Logging test loss 91.38215637207031 (MSELoss(): tennis_pNone_gNone_tennisEffect)
	 Logging test loss 3.8695363998413086 (L1Loss(): tennis_pNone_gNone_tennisEffect)
     --> Epoch_time; 74.97795867919922
Epoch 15
	 Logging train Loss: 0.0070221228 (MSELoss(): data_t(0, 0)_r(5, 20)_tennis_pNone_gNone)
	 Logging test loss 0.0065186782740056515 (MSELoss(): t(0, 0)_r(5, 20)_tennis_pNone_gNone)
	 Logging test loss 0.05517152324318886 (L1Loss(): t(0, 0)_r(5, 20)_tennis_pNone_gNone)
	 Logging test loss 90.5588150024414 (MSELoss(): tennis_pNone_gNone_tennisEffect)
	 Logging test loss 3.8351569175720215 (L1Loss(): tennis_pNone_gNone_tennisEffect)
     --> Epoch_time; 75.10552191734314
Epoch 16
wandb: Waiting for W&B process to finish... (success).
wandb: - 0.028 MB of 0.028 MB uploaded (0.000 MB deduped)wandb: \ 0.028 MB of 0.028 MB uploaded (0.000 MB deduped)wandb: | 0.028 MB of 0.028 MB uploaded (0.000 MB deduped)wandb: / 0.028 MB of 0.028 MB uploaded (0.000 MB deduped)wandb: 
wandb: Run history:
wandb:  Test loss t(0, 0)_r(5, 20)_tennis L1Loss() â–ˆâ–„â–ƒâ–‚â–‚â–‚â–‚â–‚â–‚â–â–â–â–â–â–â–â–â–â–â–â–
wandb: Test loss t(0, 0)_r(5, 20)_tennis MSELoss() â–ˆâ–‚â–‚â–â–â–â–â–â–â–â–â–â–â–â–â–â–â–â–â–â–
wandb:             Test loss tennisEffect L1Loss() â–ˆâ–†â–…â–„â–ƒâ–ƒâ–ƒâ–ƒâ–‚â–‚â–‚â–‚â–‚â–‚â–‚â–â–â–â–â–â–
wandb:            Test loss tennisEffect MSELoss() â–…â–ˆâ–‡â–…â–…â–„â–„â–„â–ƒâ–ƒâ–ƒâ–ƒâ–‚â–‚â–‚â–‚â–‚â–â–â–â–
wandb:     Train loss data_t(0, 0)_r(5, 20)_tennis â–ˆâ–â–â–â–â–â–â–â–â–â–â–â–â–â–â–â–â–â–â–
wandb: 
wandb: Run summary:
wandb:  Test loss t(0, 0)_r(5, 20)_tennis L1Loss() 0.05776
wandb: Test loss t(0, 0)_r(5, 20)_tennis MSELoss() 0.00674
wandb:             Test loss tennisEffect L1Loss() 3.71138
wandb:            Test loss tennisEffect MSELoss() 87.60136
wandb:     Train loss data_t(0, 0)_r(5, 20)_tennis 0.00559
wandb: 
wandb: ðŸš€ View run restful-snowball-88 at: https://wandb.ai/nreints/test/runs/bp3uh689
wandb: Synced 6 W&B file(s), 0 media file(s), 0 artifact file(s) and 1 other file(s)
wandb: Find logs at: ./wandb/run-20230321_113259-bp3uh689/logs
/gpfs/home2/nreints/MScThesis/code/fcnn.py:518: DeprecationWarning: Sampling from a set deprecated
since Python 3.9 and will be removed in a subsequent version.
  train_sims = set(random.sample(sims_train, int(0.8 * n_sims_train)))
wandb: - Waiting for wandb.init()...wandb: \ Waiting for wandb.init()...wandb: wandb version 0.14.0 is available!  To upgrade, please run:
wandb:  $ pip install wandb --upgrade
wandb: Tracking run with wandb version 0.13.8
wandb: Run data is saved locally in /gpfs/home2/nreints/MScThesis/code/wandb/run-20230321_120012-jtawq873
wandb: Run `wandb offline` to turn off syncing.
wandb: Syncing run expert-mountain-92
wandb: â­ï¸ View project at https://wandb.ai/nreints/test
wandb: ðŸš€ View run at https://wandb.ai/nreints/test/runs/jtawq873
	 Logging train Loss: 0.0065507658 (MSELoss(): data_t(0, 0)_r(5, 20)_tennis_pNone_gNone)
	 Logging test loss 0.007735386490821838 (MSELoss(): t(0, 0)_r(5, 20)_tennis_pNone_gNone)
	 Logging test loss 0.06146969273686409 (L1Loss(): t(0, 0)_r(5, 20)_tennis_pNone_gNone)
	 Logging test loss 89.71625518798828 (MSELoss(): tennis_pNone_gNone_tennisEffect)
	 Logging test loss 3.8007192611694336 (L1Loss(): tennis_pNone_gNone_tennisEffect)
     --> Epoch_time; 73.68882489204407
Epoch 17
	 Logging train Loss: 0.0062078657 (MSELoss(): data_t(0, 0)_r(5, 20)_tennis_pNone_gNone)
	 Logging test loss 0.00610527815297246 (MSELoss(): t(0, 0)_r(5, 20)_tennis_pNone_gNone)
	 Logging test loss 0.053822923451662064 (L1Loss(): t(0, 0)_r(5, 20)_tennis_pNone_gNone)
	 Logging test loss 88.99787902832031 (MSELoss(): tennis_pNone_gNone_tennisEffect)
	 Logging test loss 3.7699460983276367 (L1Loss(): tennis_pNone_gNone_tennisEffect)
     --> Epoch_time; 74.13094234466553
Epoch 18
	 Logging train Loss: 0.005863391 (MSELoss(): data_t(0, 0)_r(5, 20)_tennis_pNone_gNone)
	 Logging test loss 0.006414605304598808 (MSELoss(): t(0, 0)_r(5, 20)_tennis_pNone_gNone)
	 Logging test loss 0.05588879436254501 (L1Loss(): t(0, 0)_r(5, 20)_tennis_pNone_gNone)
	 Logging test loss 88.22661590576172 (MSELoss(): tennis_pNone_gNone_tennisEffect)
	 Logging test loss 3.7368972301483154 (L1Loss(): tennis_pNone_gNone_tennisEffect)
     --> Epoch_time; 70.94793844223022
Epoch 19
	 Logging train Loss: 0.0055921953 (MSELoss(): data_t(0, 0)_r(5, 20)_tennis_pNone_gNone)
	 Logging test loss 0.006736281793564558 (MSELoss(): t(0, 0)_r(5, 20)_tennis_pNone_gNone)
	 Logging test loss 0.05776095390319824 (L1Loss(): t(0, 0)_r(5, 20)_tennis_pNone_gNone)
	 Logging test loss 87.6039047241211 (MSELoss(): tennis_pNone_gNone_tennisEffect)
	 Logging test loss 3.7114179134368896 (L1Loss(): tennis_pNone_gNone_tennisEffect)
     --> Epoch_time; 74.1646819114685
	 Logging test loss 0.006736257113516331 (MSELoss(): t(0, 0)_r(5, 20)_tennis_pNone_gNone)
	 Logging test loss 0.05776100978255272 (L1Loss(): t(0, 0)_r(5, 20)_tennis_pNone_gNone)
	 Logging test loss 87.60135650634766 (MSELoss(): tennis_pNone_gNone_tennisEffect)
	 Logging test loss 3.711376905441284 (L1Loss(): tennis_pNone_gNone_tennisEffect)
It took 1633.894854068756 seconds to train & eval the model.
----- ITERATION 2/2 ------
Number of train simulations: 3200
Number of test simulations: 800
The dataloader took 76.43932151794434 seconds.
-- Finished Train Dataloader --
The dataloader took 19.330613374710083 seconds.
The dataloader took 19.487029790878296 seconds.
-- Finished Test Dataloader(s) --
Datatype: pos
--- Started Training ---
Epoch 0
	 Logging train Loss: 10.3154954299 (MSELoss(): data_t(0, 0)_r(5, 20)_tennis_pNone_gNone)
	 Logging test loss 0.4017733335494995 (MSELoss(): t(0, 0)_r(5, 20)_tennis_pNone_gNone)
	 Logging test loss 0.46083343029022217 (L1Loss(): t(0, 0)_r(5, 20)_tennis_pNone_gNone)
	 Logging test loss 114.09656524658203 (MSELoss(): tennis_pNone_gNone_tennisEffect)
	 Logging test loss 6.008981704711914 (L1Loss(): tennis_pNone_gNone_tennisEffect)
     --> Epoch_time; 74.59285593032837
Epoch 1
	 Logging train Loss: 0.1902226267 (MSELoss(): data_t(0, 0)_r(5, 20)_tennis_pNone_gNone)
	 Logging test loss 0.09007728099822998 (MSELoss(): t(0, 0)_r(5, 20)_tennis_pNone_gNone)
	 Logging test loss 0.21564476191997528 (L1Loss(): t(0, 0)_r(5, 20)_tennis_pNone_gNone)
	 Logging test loss 124.68777465820312 (MSELoss(): tennis_pNone_gNone_tennisEffect)
	 Logging test loss 5.342494487762451 (L1Loss(): tennis_pNone_gNone_tennisEffect)
     --> Epoch_time; 75.5296277999878
Epoch 2
	 Logging train Loss: 0.0593933554 (MSELoss(): data_t(0, 0)_r(5, 20)_tennis_pNone_gNone)
	 Logging test loss 0.04621897637844086 (MSELoss(): t(0, 0)_r(5, 20)_tennis_pNone_gNone)
	 Logging test loss 0.150705948472023 (L1Loss(): t(0, 0)_r(5, 20)_tennis_pNone_gNone)
	 Logging test loss 120.41207885742188 (MSELoss(): tennis_pNone_gNone_tennisEffect)
	 Logging test loss 5.068292140960693 (L1Loss(): tennis_pNone_gNone_tennisEffect)
     --> Epoch_time; 73.55134296417236
Epoch 3
	 Logging train Loss: 0.035278258 (MSELoss(): data_t(0, 0)_r(5, 20)_tennis_pNone_gNone)
	 Logging test loss 0.03123297169804573 (MSELoss(): t(0, 0)_r(5, 20)_tennis_pNone_gNone)
	 Logging test loss 0.121199831366539 (L1Loss(): t(0, 0)_r(5, 20)_tennis_pNone_gNone)
	 Logging test loss 116.21585083007812 (MSELoss(): tennis_pNone_gNone_tennisEffect)
	 Logging test loss 4.834195137023926 (L1Loss(): tennis_pNone_gNone_tennisEffect)
     --> Epoch_time; 75.83217000961304
Epoch 4
	 Logging train Loss: 0.0260579452 (MSELoss(): data_t(0, 0)_r(5, 20)_tennis_pNone_gNone)
	 Logging test loss 0.0244157575070858 (MSELoss(): t(0, 0)_r(5, 20)_tennis_pNone_gNone)
	 Logging test loss 0.10688380151987076 (L1Loss(): t(0, 0)_r(5, 20)_tennis_pNone_gNone)
	 Logging test loss 113.6971435546875 (MSELoss(): tennis_pNone_gNone_tennisEffect)
	 Logging test loss 4.693643093109131 (L1Loss(): tennis_pNone_gNone_tennisEffect)
     --> Epoch_time; 69.95671772956848
Epoch 5
	 Logging train Loss: 0.020846706 (MSELoss(): data_t(0, 0)_r(5, 20)_tennis_pNone_gNone)
	 Logging test loss 0.020289985463023186 (MSELoss(): t(0, 0)_r(5, 20)_tennis_pNone_gNone)
	 Logging test loss 0.09669279307126999 (L1Loss(): t(0, 0)_r(5, 20)_tennis_pNone_gNone)
	 Logging test loss 112.22593688964844 (MSELoss(): tennis_pNone_gNone_tennisEffect)
	 Logging test loss 4.61850118637085 (L1Loss(): tennis_pNone_gNone_tennisEffect)
     --> Epoch_time; 76.13112258911133
Epoch 6
	 Logging train Loss: 0.0175324209 (MSELoss(): data_t(0, 0)_r(5, 20)_tennis_pNone_gNone)
	 Logging test loss 0.017010027542710304 (MSELoss(): t(0, 0)_r(5, 20)_tennis_pNone_gNone)
	 Logging test loss 0.0882168859243393 (L1Loss(): t(0, 0)_r(5, 20)_tennis_pNone_gNone)
	 Logging test loss 110.87930297851562 (MSELoss(): tennis_pNone_gNone_tennisEffect)
	 Logging test loss 4.557070732116699 (L1Loss(): tennis_pNone_gNone_tennisEffect)
     --> Epoch_time; 76.21225261688232
Epoch 7
	 Logging train Loss: 0.0151096045 (MSELoss(): data_t(0, 0)_r(5, 20)_tennis_pNone_gNone)
	 Logging test loss 0.014937776140868664 (MSELoss(): t(0, 0)_r(5, 20)_tennis_pNone_gNone)
	 Logging test loss 0.08247502893209457 (L1Loss(): t(0, 0)_r(5, 20)_tennis_pNone_gNone)
	 Logging test loss 109.86541748046875 (MSELoss(): tennis_pNone_gNone_tennisEffect)
	 Logging test loss 4.515416145324707 (L1Loss(): tennis_pNone_gNone_tennisEffect)
     --> Epoch_time; 75.96660780906677
Epoch 8
	 Logging train Loss: 0.0132725759 (MSELoss(): data_t(0, 0)_r(5, 20)_tennis_pNone_gNone)
	 Logging test loss 0.014583962969481945 (MSELoss(): t(0, 0)_r(5, 20)_tennis_pNone_gNone)
	 Logging test loss 0.08277277648448944 (L1Loss(): t(0, 0)_r(5, 20)_tennis_pNone_gNone)
	 Logging test loss 109.03626251220703 (MSELoss(): tennis_pNone_gNone_tennisEffect)
	 Logging test loss 4.476416110992432 (L1Loss(): tennis_pNone_gNone_tennisEffect)
     --> Epoch_time; 74.09445405006409
Epoch 9
	 Logging train Loss: 0.011770019 (MSELoss(): data_t(0, 0)_r(5, 20)_tennis_pNone_gNone)
	 Logging test loss 0.011052662506699562 (MSELoss(): t(0, 0)_r(5, 20)_tennis_pNone_gNone)
	 Logging test loss 0.07072264701128006 (L1Loss(): t(0, 0)_r(5, 20)_tennis_pNone_gNone)
	 Logging test loss 108.18447875976562 (MSELoss(): tennis_pNone_gNone_tennisEffect)
	 Logging test loss 4.442021369934082 (L1Loss(): tennis_pNone_gNone_tennisEffect)
     --> Epoch_time; 75.37311100959778
Epoch 10
	 Logging train Loss: 0.0105003606 (MSELoss(): data_t(0, 0)_r(5, 20)_tennis_pNone_gNone)
	 Logging test loss 0.011165928095579147 (MSELoss(): t(0, 0)_r(5, 20)_tennis_pNone_gNone)
	 Logging test loss 0.07220318168401718 (L1Loss(): t(0, 0)_r(5, 20)_tennis_pNone_gNone)
	 Logging test loss 107.39334869384766 (MSELoss(): tennis_pNone_gNone_tennisEffect)
	 Logging test loss 4.412170886993408 (L1Loss(): tennis_pNone_gNone_tennisEffect)
     --> Epoch_time; 72.24559736251831
Epoch 11
	 Logging train Loss: 0.009531205 (MSELoss(): data_t(0, 0)_r(5, 20)_tennis_pNone_gNone)
	 Logging test loss 0.009574863128364086 (MSELoss(): t(0, 0)_r(5, 20)_tennis_pNone_gNone)
wandb: Waiting for W&B process to finish... (success).
wandb: 
wandb: Run history:
wandb:  Test loss t(0, 0)_r(5, 20)_tennis L1Loss() â–ˆâ–„â–ƒâ–‚â–‚â–‚â–‚â–‚â–‚â–â–â–â–â–â–â–â–â–â–â–â–
wandb: Test loss t(0, 0)_r(5, 20)_tennis MSELoss() â–ˆâ–‚â–‚â–â–â–â–â–â–â–â–â–â–â–â–â–â–â–â–â–â–
wandb:             Test loss tennisEffect L1Loss() â–ˆâ–…â–„â–„â–ƒâ–ƒâ–‚â–‚â–‚â–‚â–‚â–‚â–‚â–‚â–‚â–â–â–â–â–â–
wandb:            Test loss tennisEffect MSELoss() â–…â–ˆâ–‡â–†â–…â–„â–„â–„â–ƒâ–ƒâ–ƒâ–ƒâ–ƒâ–‚â–‚â–‚â–‚â–â–â–â–
wandb:     Train loss data_t(0, 0)_r(5, 20)_tennis â–ˆâ–â–â–â–â–â–â–â–â–â–â–â–â–â–â–â–â–â–â–
wandb: 
wandb: Run summary:
wandb:  Test loss t(0, 0)_r(5, 20)_tennis L1Loss() 0.05407
wandb: Test loss t(0, 0)_r(5, 20)_tennis MSELoss() 0.00613
wandb:             Test loss tennisEffect L1Loss() 4.16402
wandb:            Test loss tennisEffect MSELoss() 100.7822
wandb:     Train loss data_t(0, 0)_r(5, 20)_tennis 0.0054
wandb: 
wandb: ðŸš€ View run expert-mountain-92 at: https://wandb.ai/nreints/test/runs/jtawq873
wandb: Synced 6 W&B file(s), 0 media file(s), 0 artifact file(s) and 1 other file(s)
wandb: Find logs at: ./wandb/run-20230321_120012-jtawq873/logs
	 Logging test loss 0.06619976460933685 (L1Loss(): t(0, 0)_r(5, 20)_tennis_pNone_gNone)
	 Logging test loss 106.64250183105469 (MSELoss(): tennis_pNone_gNone_tennisEffect)
	 Logging test loss 4.384188175201416 (L1Loss(): tennis_pNone_gNone_tennisEffect)
     --> Epoch_time; 75.83216261863708
Epoch 12
	 Logging train Loss: 0.0086427452 (MSELoss(): data_t(0, 0)_r(5, 20)_tennis_pNone_gNone)
	 Logging test loss 0.008531399071216583 (MSELoss(): t(0, 0)_r(5, 20)_tennis_pNone_gNone)
	 Logging test loss 0.06252697855234146 (L1Loss(): t(0, 0)_r(5, 20)_tennis_pNone_gNone)
	 Logging test loss 105.9878158569336 (MSELoss(): tennis_pNone_gNone_tennisEffect)
	 Logging test loss 4.36136531829834 (L1Loss(): tennis_pNone_gNone_tennisEffect)
     --> Epoch_time; 71.06279492378235
Epoch 13
	 Logging train Loss: 0.0079626881 (MSELoss(): data_t(0, 0)_r(5, 20)_tennis_pNone_gNone)
	 Logging test loss 0.008600430563092232 (MSELoss(): t(0, 0)_r(5, 20)_tennis_pNone_gNone)
	 Logging test loss 0.06365503370761871 (L1Loss(): t(0, 0)_r(5, 20)_tennis_pNone_gNone)
	 Logging test loss 105.17872619628906 (MSELoss(): tennis_pNone_gNone_tennisEffect)
	 Logging test loss 4.333111763000488 (L1Loss(): tennis_pNone_gNone_tennisEffect)
     --> Epoch_time; 75.86867880821228
Epoch 14
	 Logging train Loss: 0.0073310796 (MSELoss(): data_t(0, 0)_r(5, 20)_tennis_pNone_gNone)
	 Logging test loss 0.007902438752353191 (MSELoss(): t(0, 0)_r(5, 20)_tennis_pNone_gNone)
	 Logging test loss 0.06104455515742302 (L1Loss(): t(0, 0)_r(5, 20)_tennis_pNone_gNone)
	 Logging test loss 104.45217895507812 (MSELoss(): tennis_pNone_gNone_tennisEffect)
	 Logging test loss 4.3017425537109375 (L1Loss(): tennis_pNone_gNone_tennisEffect)
     --> Epoch_time; 77.36255550384521
Epoch 15
	 Logging train Loss: 0.0068101334 (MSELoss(): data_t(0, 0)_r(5, 20)_tennis_pNone_gNone)
	 Logging test loss 0.006376124918460846 (MSELoss(): t(0, 0)_r(5, 20)_tennis_pNone_gNone)
	 Logging test loss 0.05384165793657303 (L1Loss(): t(0, 0)_r(5, 20)_tennis_pNone_gNone)
	 Logging test loss 103.6617202758789 (MSELoss(): tennis_pNone_gNone_tennisEffect)
	 Logging test loss 4.2721662521362305 (L1Loss(): tennis_pNone_gNone_tennisEffect)
     --> Epoch_time; 76.58435869216919
Epoch 16
	 Logging train Loss: 0.0063886106 (MSELoss(): data_t(0, 0)_r(5, 20)_tennis_pNone_gNone)
	 Logging test loss 0.008102734573185444 (MSELoss(): t(0, 0)_r(5, 20)_tennis_pNone_gNone)
	 Logging test loss 0.06320744752883911 (L1Loss(): t(0, 0)_r(5, 20)_tennis_pNone_gNone)
	 Logging test loss 102.87598419189453 (MSELoss(): tennis_pNone_gNone_tennisEffect)
	 Logging test loss 4.245049476623535 (L1Loss(): tennis_pNone_gNone_tennisEffect)
     --> Epoch_time; 75.11714172363281
Epoch 17
	 Logging train Loss: 0.0060048222 (MSELoss(): data_t(0, 0)_r(5, 20)_tennis_pNone_gNone)
	 Logging test loss 0.007550761103630066 (MSELoss(): t(0, 0)_r(5, 20)_tennis_pNone_gNone)
	 Logging test loss 0.06085987016558647 (L1Loss(): t(0, 0)_r(5, 20)_tennis_pNone_gNone)
	 Logging test loss 102.2464370727539 (MSELoss(): tennis_pNone_gNone_tennisEffect)
	 Logging test loss 4.221831798553467 (L1Loss(): tennis_pNone_gNone_tennisEffect)
     --> Epoch_time; 75.14306497573853
Epoch 18
	 Logging train Loss: 0.0056881512 (MSELoss(): data_t(0, 0)_r(5, 20)_tennis_pNone_gNone)
	 Logging test loss 0.005662737879902124 (MSELoss(): t(0, 0)_r(5, 20)_tennis_pNone_gNone)
	 Logging test loss 0.05125374719500542 (L1Loss(): t(0, 0)_r(5, 20)_tennis_pNone_gNone)
	 Logging test loss 101.54541778564453 (MSELoss(): tennis_pNone_gNone_tennisEffect)
	 Logging test loss 4.195460796356201 (L1Loss(): tennis_pNone_gNone_tennisEffect)
     --> Epoch_time; 71.33570694923401
Epoch 19
	 Logging train Loss: 0.0054020944 (MSELoss(): data_t(0, 0)_r(5, 20)_tennis_pNone_gNone)
	 Logging test loss 0.006128700915724039 (MSELoss(): t(0, 0)_r(5, 20)_tennis_pNone_gNone)
	 Logging test loss 0.0540703721344471 (L1Loss(): t(0, 0)_r(5, 20)_tennis_pNone_gNone)
	 Logging test loss 100.77259826660156 (MSELoss(): tennis_pNone_gNone_tennisEffect)
	 Logging test loss 4.1640305519104 (L1Loss(): tennis_pNone_gNone_tennisEffect)
     --> Epoch_time; 74.87548995018005
	 Logging test loss 0.006128522567451 (MSELoss(): t(0, 0)_r(5, 20)_tennis_pNone_gNone)
	 Logging test loss 0.054071009159088135 (L1Loss(): t(0, 0)_r(5, 20)_tennis_pNone_gNone)
	 Logging test loss 100.78219604492188 (MSELoss(): tennis_pNone_gNone_tennisEffect)
	 Logging test loss 4.1640167236328125 (L1Loss(): tennis_pNone_gNone_tennisEffect)
It took 1645.7416739463806 seconds to train & eval the model.

JOB STATISTICS
==============
Job ID: 2478472
Array Job ID: 2478465_6
Cluster: snellius
User/Group: nreints/nreints
State: RUNNING
Nodes: 1
Cores per node: 18
CPU Utilized: 00:00:00
CPU Efficiency: 0.00% of 16:28:30 core-walltime
Job Wall-clock time: 00:54:55
Memory Utilized: 0.00 MB (estimated maximum)
Memory Efficiency: 0.00% of 31.25 GB (31.25 GB/node)
WARNING: Efficiency statistics may be misleading for RUNNING jobs.
