head: cannot open '/home/nreints/MScThesis/code/jobs/hyper_L2t.txt' for reading: No such file or directory
wandb: Currently logged in as: nreints. Use `wandb login --relogin` to force relogin
wandb: Appending key for api.wandb.ai to your netrc file: /home/nreints/.netrc
Testing on datasets: ['d a t a _ t ( 0 ,   0 ) _ r ( 5 ,   1 5 ) _ t e n n i s _ p N o n e _ g N o n e', 'data_tennis_pNone_gNone_tennisEffect']
Traceback (most recent call last):
  File "/gpfs/home2/nreints/MScThesis/code/fcnn.py", line 487, in <module>
    raise IndexError(f"No directory for the train data {data_dir_train}")
IndexError: No directory for the train data data/d a t a _ t ( 0 ,   0 ) _ r ( 5 ,   1 5 ) _ t e n n i s _ p N o n e _ g N o n e
srun: error: gcn34: task 0: Exited with exit code 1
srun: launch/slurm: _step_signal: Terminating StepId=2481191.0

JOB STATISTICS
==============
Job ID: 2481191
Array Job ID: 2481152_39
Cluster: snellius
User/Group: nreints/nreints
State: FAILED (exit code 1)
Nodes: 1
Cores per node: 18
CPU Utilized: 00:00:07
CPU Efficiency: 2.43% of 00:04:48 core-walltime
Job Wall-clock time: 00:00:16
Memory Utilized: 1.30 MB
Memory Efficiency: 0.00% of 29.30 GB
