wandb: Currently logged in as: nreints. Use `wandb login --relogin` to force relogin
wandb: Appending key for api.wandb.ai to your netrc file: /home/nreints/.netrc
/gpfs/home2/nreints/MScThesis/code/fcnn.py:521: DeprecationWarning: Sampling from a set deprecated
since Python 3.9 and will be removed in a subsequent version.
  train_sims = set(random.sample(sims_train, int(0.8 * n_sims_train)))
wandb: Tracking run with wandb version 0.14.0
wandb: Run data is saved locally in /gpfs/home2/nreints/MScThesis/code/wandb/run-20230321_162901-fnxfrj8e
wandb: Run `wandb offline` to turn off syncing.
wandb: Syncing run atomic-pyramid-230
wandb: â­ï¸ View project at https://wandb.ai/nreints/test
wandb: ðŸš€ View run at https://wandb.ai/nreints/test/runs/fnxfrj8e
['data_t(5,', '20)_r(0,', '0)_full_pNone_gNone']
data/data_t(5, 20)_r(0, 0)_full_pNone_gNone
Testing on datasets: ['data_t(5, 20)_r(0, 0)_full_pNone_gNone', 'data_tennis_pNone_gNone_tennisEffect']
----- ITERATION 1/2 ------
Number of train simulations: 3200
Number of test simulations: 800
The dataloader took 122.8866617679596 seconds.
-- Finished Train Dataloader --
The dataloader took 30.416971921920776 seconds.
The dataloader took 31.10165238380432 seconds.
-- Finished Test Dataloader(s) --
Datatype: log_dualQ
--- Started Training ---
Epoch 0
	 Logging train Loss: 4.2636023029 (MSELoss(): data_t(5, 20)_r(0, 0)_full_pNone_gNone)
	 Logging test loss 0.13214130699634552 (MSELoss(): t(5, 20)_r(0, 0)_full_pNone_gNone)
	 Logging test loss 0.23096337914466858 (L1Loss(): t(5, 20)_r(0, 0)_full_pNone_gNone)
	 Logging test loss 3788.0869140625 (MSELoss(): tennis_pNone_gNone_tennisEffect)
	 Logging test loss 41.11717224121094 (L1Loss(): tennis_pNone_gNone_tennisEffect)
     --> Epoch_time; 92.95805931091309
Epoch 1
	 Logging train Loss: 0.0348531436 (MSELoss(): data_t(5, 20)_r(0, 0)_full_pNone_gNone)
	 Logging test loss 0.014787906780838966 (MSELoss(): t(5, 20)_r(0, 0)_full_pNone_gNone)
	 Logging test loss 0.09005658328533173 (L1Loss(): t(5, 20)_r(0, 0)_full_pNone_gNone)
	 Logging test loss 1011.9844970703125 (MSELoss(): tennis_pNone_gNone_tennisEffect)
	 Logging test loss 23.5987548828125 (L1Loss(): tennis_pNone_gNone_tennisEffect)
     --> Epoch_time; 100.63916063308716
Epoch 2
	 Logging train Loss: 0.0335957621 (MSELoss(): data_t(5, 20)_r(0, 0)_full_pNone_gNone)
	 Logging test loss 0.009263158775866032 (MSELoss(): t(5, 20)_r(0, 0)_full_pNone_gNone)
	 Logging test loss 0.07221332937479019 (L1Loss(): t(5, 20)_r(0, 0)_full_pNone_gNone)
	 Logging test loss 879.1152954101562 (MSELoss(): tennis_pNone_gNone_tennisEffect)
	 Logging test loss 22.437536239624023 (L1Loss(): tennis_pNone_gNone_tennisEffect)
     --> Epoch_time; 99.67506957054138
Epoch 3
	 Logging train Loss: 0.0307125939 (MSELoss(): data_t(5, 20)_r(0, 0)_full_pNone_gNone)
	 Logging test loss 0.18146707117557526 (MSELoss(): t(5, 20)_r(0, 0)_full_pNone_gNone)
	 Logging test loss 0.2766258120536804 (L1Loss(): t(5, 20)_r(0, 0)_full_pNone_gNone)
	 Logging test loss 832.4987182617188 (MSELoss(): tennis_pNone_gNone_tennisEffect)
	 Logging test loss 21.943195343017578 (L1Loss(): tennis_pNone_gNone_tennisEffect)
     --> Epoch_time; 94.66300535202026
Epoch 4
	 Logging train Loss: 0.0236071543 (MSELoss(): data_t(5, 20)_r(0, 0)_full_pNone_gNone)
	 Logging test loss 0.010018161498010159 (MSELoss(): t(5, 20)_r(0, 0)_full_pNone_gNone)
	 Logging test loss 0.07044246047735214 (L1Loss(): t(5, 20)_r(0, 0)_full_pNone_gNone)
	 Logging test loss 868.8260498046875 (MSELoss(): tennis_pNone_gNone_tennisEffect)
	 Logging test loss 22.316246032714844 (L1Loss(): tennis_pNone_gNone_tennisEffect)
     --> Epoch_time; 99.81478524208069
Epoch 5
	 Logging train Loss: 0.0243587294 (MSELoss(): data_t(5, 20)_r(0, 0)_full_pNone_gNone)
	 Logging test loss 0.002824914176017046 (MSELoss(): t(5, 20)_r(0, 0)_full_pNone_gNone)
	 Logging test loss 0.03882203623652458 (L1Loss(): t(5, 20)_r(0, 0)_full_pNone_gNone)
	 Logging test loss 1081.03125 (MSELoss(): tennis_pNone_gNone_tennisEffect)
	 Logging test loss 24.025651931762695 (L1Loss(): tennis_pNone_gNone_tennisEffect)
     --> Epoch_time; 98.98288893699646
Epoch 6
	 Logging train Loss: 0.0197478974 (MSELoss(): data_t(5, 20)_r(0, 0)_full_pNone_gNone)
	 Logging test loss 0.0052765002474188805 (MSELoss(): t(5, 20)_r(0, 0)_full_pNone_gNone)
	 Logging test loss 0.049506936222314835 (L1Loss(): t(5, 20)_r(0, 0)_full_pNone_gNone)
	 Logging test loss 1012.8819580078125 (MSELoss(): tennis_pNone_gNone_tennisEffect)
	 Logging test loss 23.418182373046875 (L1Loss(): tennis_pNone_gNone_tennisEffect)
     --> Epoch_time; 99.3729887008667
Epoch 7
	 Logging train Loss: 0.0185661777 (MSELoss(): data_t(5, 20)_r(0, 0)_full_pNone_gNone)
	 Logging test loss 0.0015516397543251514 (MSELoss(): t(5, 20)_r(0, 0)_full_pNone_gNone)
	 Logging test loss 0.028069572523236275 (L1Loss(): t(5, 20)_r(0, 0)_full_pNone_gNone)
	 Logging test loss 946.5958862304688 (MSELoss(): tennis_pNone_gNone_tennisEffect)
	 Logging test loss 22.906076431274414 (L1Loss(): tennis_pNone_gNone_tennisEffect)
     --> Epoch_time; 96.89106273651123
Epoch 8
	 Logging train Loss: 0.0167602863 (MSELoss(): data_t(5, 20)_r(0, 0)_full_pNone_gNone)
	 Logging test loss 0.002120594959706068 (MSELoss(): t(5, 20)_r(0, 0)_full_pNone_gNone)
	 Logging test loss 0.03290311619639397 (L1Loss(): t(5, 20)_r(0, 0)_full_pNone_gNone)
	 Logging test loss 934.43701171875 (MSELoss(): tennis_pNone_gNone_tennisEffect)
	 Logging test loss 22.789302825927734 (L1Loss(): tennis_pNone_gNone_tennisEffect)
     --> Epoch_time; 97.30985379219055
Epoch 9
	 Logging train Loss: 0.0170711679 (MSELoss(): data_t(5, 20)_r(0, 0)_full_pNone_gNone)
	 Logging test loss 0.006761722732335329 (MSELoss(): t(5, 20)_r(0, 0)_full_pNone_gNone)
	 Logging test loss 0.05437922105193138 (L1Loss(): t(5, 20)_r(0, 0)_full_pNone_gNone)
	 Logging test loss 1032.8079833984375 (MSELoss(): tennis_pNone_gNone_tennisEffect)
	 Logging test loss 23.575428009033203 (L1Loss(): tennis_pNone_gNone_tennisEffect)
     --> Epoch_time; 93.59196662902832
Epoch 10
	 Logging train Loss: 0.0144964393 (MSELoss(): data_t(5, 20)_r(0, 0)_full_pNone_gNone)
	 Logging test loss 0.0022764571476727724 (MSELoss(): t(5, 20)_r(0, 0)_full_pNone_gNone)
	 Logging test loss 0.033117782324552536 (L1Loss(): t(5, 20)_r(0, 0)_full_pNone_gNone)
	 Logging test loss 895.2171630859375 (MSELoss(): tennis_pNone_gNone_tennisEffect)
	 Logging test loss 22.552734375 (L1Loss(): tennis_pNone_gNone_tennisEffect)
     --> Epoch_time; 99.66441893577576
Epoch 11
	 Logging train Loss: 0.0137071198 (MSELoss(): data_t(5, 20)_r(0, 0)_full_pNone_gNone)
	 Logging test loss 0.209776371717453 (MSELoss(): t(5, 20)_r(0, 0)_full_pNone_gNone)
	 Logging test loss 0.2876816391944885 (L1Loss(): t(5, 20)_r(0, 0)_full_pNone_gNone)
	 Logging test loss 852.50439453125 (MSELoss(): tennis_pNone_gNone_tennisEffect)
	 Logging test loss 22.171937942504883 (L1Loss(): tennis_pNone_gNone_tennisEffect)
     --> Epoch_time; 94.62922596931458
Epoch 12
	 Logging train Loss: 0.0126222723 (MSELoss(): data_t(5, 20)_r(0, 0)_full_pNone_gNone)
	 Logging test loss 0.006060429383069277 (MSELoss(): t(5, 20)_r(0, 0)_full_pNone_gNone)
	 Logging test loss 0.050661150366067886 (L1Loss(): t(5, 20)_r(0, 0)_full_pNone_gNone)
	 Logging test loss 862.707275390625 (MSELoss(): tennis_pNone_gNone_tennisEffect)
	 Logging test loss 22.297183990478516 (L1Loss(): tennis_pNone_gNone_tennisEffect)
     --> Epoch_time; 98.18515014648438
Epoch 13
	 Logging train Loss: 0.0120606105 (MSELoss(): data_t(5, 20)_r(0, 0)_full_pNone_gNone)
	 Logging test loss 0.0019051701528951526 (MSELoss(): t(5, 20)_r(0, 0)_full_pNone_gNone)
	 Logging test loss 0.028887128457427025 (L1Loss(): t(5, 20)_r(0, 0)_full_pNone_gNone)
	 Logging test loss 898.1660766601562 (MSELoss(): tennis_pNone_gNone_tennisEffect)
	 Logging test loss 22.640317916870117 (L1Loss(): tennis_pNone_gNone_tennisEffect)
     --> Epoch_time; 98.91318917274475
Epoch 14
	 Logging train Loss: 0.0104219449 (MSELoss(): data_t(5, 20)_r(0, 0)_full_pNone_gNone)
	 Logging test loss 0.02390807680785656 (MSELoss(): t(5, 20)_r(0, 0)_full_pNone_gNone)
	 Logging test loss 0.09904839843511581 (L1Loss(): t(5, 20)_r(0, 0)_full_pNone_gNone)
	 Logging test loss 871.5371704101562 (MSELoss(): tennis_pNone_gNone_tennisEffect)
	 Logging test loss 22.452667236328125 (L1Loss(): tennis_pNone_gNone_tennisEffect)
     --> Epoch_time; 98.06697225570679
Epoch 15
	 Logging train Loss: 0.0100687669 (MSELoss(): data_t(5, 20)_r(0, 0)_full_pNone_gNone)
	 Logging test loss 0.009700879454612732 (MSELoss(): t(5, 20)_r(0, 0)_full_pNone_gNone)
	 Logging test loss 0.06655237078666687 (L1Loss(): t(5, 20)_r(0, 0)_full_pNone_gNone)
	 Logging test loss 940.3851928710938 (MSELoss(): tennis_pNone_gNone_tennisEffect)
	 Logging test loss 23.14720916748047 (L1Loss(): tennis_pNone_gNone_tennisEffect)
     --> Epoch_time; 97.21320533752441
Epoch 16
wandb: Waiting for W&B process to finish... (success).
wandb: - 0.028 MB of 0.028 MB uploaded (0.000 MB deduped)wandb: \ 0.028 MB of 0.097 MB uploaded (0.000 MB deduped)wandb: | 0.028 MB of 0.097 MB uploaded (0.000 MB deduped)wandb: / 0.028 MB of 0.097 MB uploaded (0.000 MB deduped)wandb: 
wandb: Run history:
wandb:  Test loss t(5, 20)_r(0, 0)_full L1Loss() â–‡â–ƒâ–‚â–ˆâ–‚â–‚â–‚â–â–â–‚â–â–ˆâ–‚â–â–ƒâ–‚â–ƒâ–„â–â–â–
wandb: Test loss t(5, 20)_r(0, 0)_full MSELoss() â–…â–â–â–‡â–â–â–â–â–â–â–â–ˆâ–â–â–‚â–â–‚â–ƒâ–â–â–
wandb:           Test loss tennisEffect L1Loss() â–ˆâ–‚â–â–â–â–‚â–‚â–â–â–‚â–â–â–â–â–â–â–‚â–â–â–â–
wandb:          Test loss tennisEffect MSELoss() â–ˆâ–â–â–â–â–‚â–â–â–â–â–â–â–â–â–â–â–â–â–â–â–
wandb:     Train loss data_t(5, 20)_r(0, 0)_full â–ˆâ–â–â–â–â–â–â–â–â–â–â–â–â–â–â–â–â–â–â–
wandb: 
wandb: Run summary:
wandb:  Test loss t(5, 20)_r(0, 0)_full L1Loss() 0.01898
wandb: Test loss t(5, 20)_r(0, 0)_full MSELoss() 0.00075
wandb:           Test loss tennisEffect L1Loss() 22.60082
wandb:          Test loss tennisEffect MSELoss() 871.12189
wandb:     Train loss data_t(5, 20)_r(0, 0)_full 0.00731
wandb: 
wandb: ðŸš€ View run atomic-pyramid-230 at: https://wandb.ai/nreints/test/runs/fnxfrj8e
wandb: Synced 6 W&B file(s), 0 media file(s), 0 artifact file(s) and 1 other file(s)
wandb: Find logs at: ./wandb/run-20230321_162901-fnxfrj8e/logs
/gpfs/home2/nreints/MScThesis/code/fcnn.py:521: DeprecationWarning: Sampling from a set deprecated
since Python 3.9 and will be removed in a subsequent version.
  train_sims = set(random.sample(sims_train, int(0.8 * n_sims_train)))
wandb: - Waiting for wandb.init()...wandb: \ Waiting for wandb.init()...wandb: Tracking run with wandb version 0.14.0
wandb: Run data is saved locally in /gpfs/home2/nreints/MScThesis/code/wandb/run-20230321_170512-fygwm1hn
wandb: Run `wandb offline` to turn off syncing.
wandb: Syncing run stilted-morning-325
wandb: â­ï¸ View project at https://wandb.ai/nreints/test
wandb: ðŸš€ View run at https://wandb.ai/nreints/test/runs/fygwm1hn
	 Logging train Loss: 0.0095379044 (MSELoss(): data_t(5, 20)_r(0, 0)_full_pNone_gNone)
	 Logging test loss 0.018400151282548904 (MSELoss(): t(5, 20)_r(0, 0)_full_pNone_gNone)
	 Logging test loss 0.0809715986251831 (L1Loss(): t(5, 20)_r(0, 0)_full_pNone_gNone)
	 Logging test loss 1016.3800048828125 (MSELoss(): tennis_pNone_gNone_tennisEffect)
	 Logging test loss 23.86337661743164 (L1Loss(): tennis_pNone_gNone_tennisEffect)
     --> Epoch_time; 97.72089576721191
Epoch 17
	 Logging train Loss: 0.0088122218 (MSELoss(): data_t(5, 20)_r(0, 0)_full_pNone_gNone)
	 Logging test loss 0.046005379408597946 (MSELoss(): t(5, 20)_r(0, 0)_full_pNone_gNone)
	 Logging test loss 0.13346323370933533 (L1Loss(): t(5, 20)_r(0, 0)_full_pNone_gNone)
	 Logging test loss 852.6133422851562 (MSELoss(): tennis_pNone_gNone_tennisEffect)
	 Logging test loss 22.379135131835938 (L1Loss(): tennis_pNone_gNone_tennisEffect)
     --> Epoch_time; 94.8289725780487
Epoch 18
	 Logging train Loss: 0.008228173 (MSELoss(): data_t(5, 20)_r(0, 0)_full_pNone_gNone)
	 Logging test loss 0.001074624015018344 (MSELoss(): t(5, 20)_r(0, 0)_full_pNone_gNone)
	 Logging test loss 0.022777695208787918 (L1Loss(): t(5, 20)_r(0, 0)_full_pNone_gNone)
	 Logging test loss 859.5938720703125 (MSELoss(): tennis_pNone_gNone_tennisEffect)
	 Logging test loss 22.463714599609375 (L1Loss(): tennis_pNone_gNone_tennisEffect)
     --> Epoch_time; 97.4964210987091
Epoch 19
	 Logging train Loss: 0.0073097316 (MSELoss(): data_t(5, 20)_r(0, 0)_full_pNone_gNone)
	 Logging test loss 0.0007472586585208774 (MSELoss(): t(5, 20)_r(0, 0)_full_pNone_gNone)
	 Logging test loss 0.018981458619236946 (L1Loss(): t(5, 20)_r(0, 0)_full_pNone_gNone)
	 Logging test loss 871.11962890625 (MSELoss(): tennis_pNone_gNone_tennisEffect)
	 Logging test loss 22.600868225097656 (L1Loss(): tennis_pNone_gNone_tennisEffect)
     --> Epoch_time; 92.6303186416626
	 Logging test loss 0.0007473034784197807 (MSELoss(): t(5, 20)_r(0, 0)_full_pNone_gNone)
	 Logging test loss 0.01898161880671978 (L1Loss(): t(5, 20)_r(0, 0)_full_pNone_gNone)
	 Logging test loss 871.1218872070312 (MSELoss(): tennis_pNone_gNone_tennisEffect)
	 Logging test loss 22.6008243560791 (L1Loss(): tennis_pNone_gNone_tennisEffect)
It took 2171.00438952446 seconds to train & eval the model.
----- ITERATION 2/2 ------
Number of train simulations: 3200
Number of test simulations: 800
The dataloader took 113.09153127670288 seconds.
-- Finished Train Dataloader --
The dataloader took 28.326440572738647 seconds.
The dataloader took 28.977370977401733 seconds.
-- Finished Test Dataloader(s) --
Datatype: log_dualQ
--- Started Training ---
Epoch 0
	 Logging train Loss: 4.3068988077 (MSELoss(): data_t(5, 20)_r(0, 0)_full_pNone_gNone)
	 Logging test loss 0.030531561002135277 (MSELoss(): t(5, 20)_r(0, 0)_full_pNone_gNone)
	 Logging test loss 0.12642358243465424 (L1Loss(): t(5, 20)_r(0, 0)_full_pNone_gNone)
	 Logging test loss 18334.57421875 (MSELoss(): tennis_pNone_gNone_tennisEffect)
	 Logging test loss 64.21654510498047 (L1Loss(): tennis_pNone_gNone_tennisEffect)
     --> Epoch_time; 99.07148933410645
Epoch 1
	 Logging train Loss: 0.0381217084 (MSELoss(): data_t(5, 20)_r(0, 0)_full_pNone_gNone)
	 Logging test loss 0.02484249323606491 (MSELoss(): t(5, 20)_r(0, 0)_full_pNone_gNone)
	 Logging test loss 0.10908467322587967 (L1Loss(): t(5, 20)_r(0, 0)_full_pNone_gNone)
	 Logging test loss 12654.3388671875 (MSELoss(): tennis_pNone_gNone_tennisEffect)
	 Logging test loss 56.021728515625 (L1Loss(): tennis_pNone_gNone_tennisEffect)
     --> Epoch_time; 98.0351493358612
Epoch 2
	 Logging train Loss: 0.0372245115 (MSELoss(): data_t(5, 20)_r(0, 0)_full_pNone_gNone)
	 Logging test loss 0.5159997344017029 (MSELoss(): t(5, 20)_r(0, 0)_full_pNone_gNone)
	 Logging test loss 0.4375317394733429 (L1Loss(): t(5, 20)_r(0, 0)_full_pNone_gNone)
	 Logging test loss 7704.7490234375 (MSELoss(): tennis_pNone_gNone_tennisEffect)
	 Logging test loss 46.284027099609375 (L1Loss(): tennis_pNone_gNone_tennisEffect)
     --> Epoch_time; 98.89934968948364
Epoch 3
	 Logging train Loss: 0.0301641128 (MSELoss(): data_t(5, 20)_r(0, 0)_full_pNone_gNone)
	 Logging test loss 0.006509011145681143 (MSELoss(): t(5, 20)_r(0, 0)_full_pNone_gNone)
	 Logging test loss 0.05823683366179466 (L1Loss(): t(5, 20)_r(0, 0)_full_pNone_gNone)
	 Logging test loss 2514.093505859375 (MSELoss(): tennis_pNone_gNone_tennisEffect)
	 Logging test loss 32.80408477783203 (L1Loss(): tennis_pNone_gNone_tennisEffect)
     --> Epoch_time; 94.03460788726807
Epoch 4
	 Logging train Loss: 0.0283750596 (MSELoss(): data_t(5, 20)_r(0, 0)_full_pNone_gNone)
	 Logging test loss 0.004035739228129387 (MSELoss(): t(5, 20)_r(0, 0)_full_pNone_gNone)
	 Logging test loss 0.04606739431619644 (L1Loss(): t(5, 20)_r(0, 0)_full_pNone_gNone)
	 Logging test loss 2784.1552734375 (MSELoss(): tennis_pNone_gNone_tennisEffect)
	 Logging test loss 33.839988708496094 (L1Loss(): tennis_pNone_gNone_tennisEffect)
     --> Epoch_time; 98.60164785385132
Epoch 5
	 Logging train Loss: 0.0256813349 (MSELoss(): data_t(5, 20)_r(0, 0)_full_pNone_gNone)
	 Logging test loss 0.005583669524639845 (MSELoss(): t(5, 20)_r(0, 0)_full_pNone_gNone)
	 Logging test loss 0.05225536227226257 (L1Loss(): t(5, 20)_r(0, 0)_full_pNone_gNone)
	 Logging test loss 7702.79931640625 (MSELoss(): tennis_pNone_gNone_tennisEffect)
	 Logging test loss 45.990604400634766 (L1Loss(): tennis_pNone_gNone_tennisEffect)
     --> Epoch_time; 98.78934478759766
Epoch 6
	 Logging train Loss: 0.0236728219 (MSELoss(): data_t(5, 20)_r(0, 0)_full_pNone_gNone)
	 Logging test loss 0.002520110458135605 (MSELoss(): t(5, 20)_r(0, 0)_full_pNone_gNone)
	 Logging test loss 0.03548269718885422 (L1Loss(): t(5, 20)_r(0, 0)_full_pNone_gNone)
	 Logging test loss 19801.931640625 (MSELoss(): tennis_pNone_gNone_tennisEffect)
	 Logging test loss 67.09505462646484 (L1Loss(): tennis_pNone_gNone_tennisEffect)
     --> Epoch_time; 99.69476842880249
Epoch 7
	 Logging train Loss: 0.024126928 (MSELoss(): data_t(5, 20)_r(0, 0)_full_pNone_gNone)
	 Logging test loss 0.0027321060188114643 (MSELoss(): t(5, 20)_r(0, 0)_full_pNone_gNone)
	 Logging test loss 0.03674441576004028 (L1Loss(): t(5, 20)_r(0, 0)_full_pNone_gNone)
	 Logging test loss 17649.48046875 (MSELoss(): tennis_pNone_gNone_tennisEffect)
	 Logging test loss 64.34947204589844 (L1Loss(): tennis_pNone_gNone_tennisEffect)
     --> Epoch_time; 102.91765761375427
Epoch 8
	 Logging train Loss: 0.0177641738 (MSELoss(): data_t(5, 20)_r(0, 0)_full_pNone_gNone)
	 Logging test loss 0.0015766979195177555 (MSELoss(): t(5, 20)_r(0, 0)_full_pNone_gNone)
	 Logging test loss 0.027738230302929878 (L1Loss(): t(5, 20)_r(0, 0)_full_pNone_gNone)
	 Logging test loss 18075.16796875 (MSELoss(): tennis_pNone_gNone_tennisEffect)
	 Logging test loss 67.52106475830078 (L1Loss(): tennis_pNone_gNone_tennisEffect)
     --> Epoch_time; 100.15631628036499
Epoch 9
	 Logging train Loss: 0.017725507 (MSELoss(): data_t(5, 20)_r(0, 0)_full_pNone_gNone)
	 Logging test loss 0.01976596936583519 (MSELoss(): t(5, 20)_r(0, 0)_full_pNone_gNone)
	 Logging test loss 0.0931815356016159 (L1Loss(): t(5, 20)_r(0, 0)_full_pNone_gNone)
	 Logging test loss 14567.080078125 (MSELoss(): tennis_pNone_gNone_tennisEffect)
	 Logging test loss 62.63278579711914 (L1Loss(): tennis_pNone_gNone_tennisEffect)
     --> Epoch_time; 98.00945734977722
Epoch 10
	 Logging train Loss: 0.0183850282 (MSELoss(): data_t(5, 20)_r(0, 0)_full_pNone_gNone)
	 Logging test loss 0.0015109314117580652 (MSELoss(): t(5, 20)_r(0, 0)_full_pNone_gNone)
	 Logging test loss 0.027106547728180885 (L1Loss(): t(5, 20)_r(0, 0)_full_pNone_gNone)
	 Logging test loss 12448.8076171875 (MSELoss(): tennis_pNone_gNone_tennisEffect)
	 Logging test loss 60.668182373046875 (L1Loss(): tennis_pNone_gNone_tennisEffect)
     --> Epoch_time; 98.42345666885376
Epoch 11
	 Logging train Loss: 0.0160141752 (MSELoss(): data_t(5, 20)_r(0, 0)_full_pNone_gNone)
	 Logging test loss 0.003028880339115858 (MSELoss(): t(5, 20)_r(0, 0)_full_pNone_gNone)
	 Logging test loss 0.03764648362994194 (L1Loss(): t(5, 20)_r(0, 0)_full_pNone_gNone)
	 Logging test loss 16231.896484375 (MSELoss(): tennis_pNone_gNone_tennisEffect)
wandb: Waiting for W&B process to finish... (success).
wandb: - 0.028 MB of 0.028 MB uploaded (0.000 MB deduped)wandb: \ 0.028 MB of 0.097 MB uploaded (0.000 MB deduped)wandb: | 0.028 MB of 0.097 MB uploaded (0.000 MB deduped)wandb: 
wandb: Run history:
wandb:  Test loss t(5, 20)_r(0, 0)_full L1Loss() â–ƒâ–ƒâ–ˆâ–‚â–â–‚â–â–â–â–‚â–â–â–â–â–â–‚â–â–‚â–â–â–
wandb: Test loss t(5, 20)_r(0, 0)_full MSELoss() â–â–â–ˆâ–â–â–â–â–â–â–â–â–â–â–â–â–â–â–â–â–â–
wandb:           Test loss tennisEffect L1Loss() â–„â–ƒâ–‚â–â–â–‚â–„â–„â–„â–„â–„â–„â–†â–‡â–ˆâ–ˆâ–ˆâ–ˆâ–ˆâ–‡â–‡
wandb:          Test loss tennisEffect MSELoss() â–„â–ƒâ–‚â–â–â–‚â–…â–„â–„â–„â–ƒâ–„â–…â–†â–‡â–‡â–ˆâ–ˆâ–ˆâ–‡â–‡
wandb:     Train loss data_t(5, 20)_r(0, 0)_full â–ˆâ–â–â–â–â–â–â–â–â–â–â–â–â–â–â–â–â–â–â–
wandb: 
wandb: Run summary:
wandb:  Test loss t(5, 20)_r(0, 0)_full L1Loss() 0.01915
wandb: Test loss t(5, 20)_r(0, 0)_full MSELoss() 0.00079
wandb:           Test loss tennisEffect L1Loss() 95.0026
wandb:          Test loss tennisEffect MSELoss() 29955.27344
wandb:     Train loss data_t(5, 20)_r(0, 0)_full 0.00822
wandb: 
wandb: ðŸš€ View run stilted-morning-325 at: https://wandb.ai/nreints/test/runs/fygwm1hn
wandb: Synced 6 W&B file(s), 0 media file(s), 0 artifact file(s) and 1 other file(s)
wandb: Find logs at: ./wandb/run-20230321_170512-fygwm1hn/logs
	 Logging test loss 70.66007232666016 (L1Loss(): tennis_pNone_gNone_tennisEffect)
     --> Epoch_time; 98.82277321815491
Epoch 12
	 Logging train Loss: 0.0135501226 (MSELoss(): data_t(5, 20)_r(0, 0)_full_pNone_gNone)
	 Logging test loss 0.003494648728519678 (MSELoss(): t(5, 20)_r(0, 0)_full_pNone_gNone)
	 Logging test loss 0.03900011628866196 (L1Loss(): t(5, 20)_r(0, 0)_full_pNone_gNone)
	 Logging test loss 23128.703125 (MSELoss(): tennis_pNone_gNone_tennisEffect)
	 Logging test loss 88.98594665527344 (L1Loss(): tennis_pNone_gNone_tennisEffect)
     --> Epoch_time; 98.64159345626831
Epoch 13
	 Logging train Loss: 0.0132444369 (MSELoss(): data_t(5, 20)_r(0, 0)_full_pNone_gNone)
	 Logging test loss 0.0046285479329526424 (MSELoss(): t(5, 20)_r(0, 0)_full_pNone_gNone)
	 Logging test loss 0.04386070743203163 (L1Loss(): t(5, 20)_r(0, 0)_full_pNone_gNone)
	 Logging test loss 26783.62109375 (MSELoss(): tennis_pNone_gNone_tennisEffect)
	 Logging test loss 96.84009552001953 (L1Loss(): tennis_pNone_gNone_tennisEffect)
     --> Epoch_time; 98.69262838363647
Epoch 14
	 Logging train Loss: 0.0133739384 (MSELoss(): data_t(5, 20)_r(0, 0)_full_pNone_gNone)
	 Logging test loss 0.0011671660467982292 (MSELoss(): t(5, 20)_r(0, 0)_full_pNone_gNone)
	 Logging test loss 0.023262271657586098 (L1Loss(): t(5, 20)_r(0, 0)_full_pNone_gNone)
	 Logging test loss 31805.419921875 (MSELoss(): tennis_pNone_gNone_tennisEffect)
	 Logging test loss 106.30360412597656 (L1Loss(): tennis_pNone_gNone_tennisEffect)
     --> Epoch_time; 97.74940776824951
Epoch 15
	 Logging train Loss: 0.0101132274 (MSELoss(): data_t(5, 20)_r(0, 0)_full_pNone_gNone)
	 Logging test loss 0.008222002536058426 (MSELoss(): t(5, 20)_r(0, 0)_full_pNone_gNone)
	 Logging test loss 0.05815302953124046 (L1Loss(): t(5, 20)_r(0, 0)_full_pNone_gNone)
	 Logging test loss 32718.26953125 (MSELoss(): tennis_pNone_gNone_tennisEffect)
	 Logging test loss 106.69893646240234 (L1Loss(): tennis_pNone_gNone_tennisEffect)
     --> Epoch_time; 98.23030018806458
Epoch 16
	 Logging train Loss: 0.0104170026 (MSELoss(): data_t(5, 20)_r(0, 0)_full_pNone_gNone)
	 Logging test loss 0.003945397678762674 (MSELoss(): t(5, 20)_r(0, 0)_full_pNone_gNone)
	 Logging test loss 0.04238267242908478 (L1Loss(): t(5, 20)_r(0, 0)_full_pNone_gNone)
	 Logging test loss 34003.98046875 (MSELoss(): tennis_pNone_gNone_tennisEffect)
	 Logging test loss 108.0230484008789 (L1Loss(): tennis_pNone_gNone_tennisEffect)
     --> Epoch_time; 100.02843570709229
Epoch 17
	 Logging train Loss: 0.0091426469 (MSELoss(): data_t(5, 20)_r(0, 0)_full_pNone_gNone)
	 Logging test loss 0.017262952402234077 (MSELoss(): t(5, 20)_r(0, 0)_full_pNone_gNone)
	 Logging test loss 0.08465439826250076 (L1Loss(): t(5, 20)_r(0, 0)_full_pNone_gNone)
	 Logging test loss 35552.9765625 (MSELoss(): tennis_pNone_gNone_tennisEffect)
	 Logging test loss 107.93939208984375 (L1Loss(): tennis_pNone_gNone_tennisEffect)
     --> Epoch_time; 99.46951842308044
Epoch 18
	 Logging train Loss: 0.0080141173 (MSELoss(): data_t(5, 20)_r(0, 0)_full_pNone_gNone)
	 Logging test loss 0.0016737881815060973 (MSELoss(): t(5, 20)_r(0, 0)_full_pNone_gNone)
	 Logging test loss 0.02874646708369255 (L1Loss(): t(5, 20)_r(0, 0)_full_pNone_gNone)
	 Logging test loss 35760.3203125 (MSELoss(): tennis_pNone_gNone_tennisEffect)
	 Logging test loss 108.52117919921875 (L1Loss(): tennis_pNone_gNone_tennisEffect)
     --> Epoch_time; 98.36628270149231
Epoch 19
	 Logging train Loss: 0.0082201191 (MSELoss(): data_t(5, 20)_r(0, 0)_full_pNone_gNone)
	 Logging test loss 0.0007873236900195479 (MSELoss(): t(5, 20)_r(0, 0)_full_pNone_gNone)
	 Logging test loss 0.019151704385876656 (L1Loss(): t(5, 20)_r(0, 0)_full_pNone_gNone)
	 Logging test loss 29956.025390625 (MSELoss(): tennis_pNone_gNone_tennisEffect)
	 Logging test loss 95.00251007080078 (L1Loss(): tennis_pNone_gNone_tennisEffect)
     --> Epoch_time; 98.55046129226685
	 Logging test loss 0.0007873510476201773 (MSELoss(): t(5, 20)_r(0, 0)_full_pNone_gNone)
	 Logging test loss 0.019151870161294937 (L1Loss(): t(5, 20)_r(0, 0)_full_pNone_gNone)
	 Logging test loss 29955.2734375 (MSELoss(): tennis_pNone_gNone_tennisEffect)
	 Logging test loss 95.00260162353516 (L1Loss(): tennis_pNone_gNone_tennisEffect)
It took 2189.3566579818726 seconds to train & eval the model.

JOB STATISTICS
==============
Job ID: 2482055
Array Job ID: 2482035_19
Cluster: snellius
User/Group: nreints/nreints
State: COMPLETED (exit code 0)
Nodes: 1
Cores per node: 18
CPU Utilized: 10:14:58
CPU Efficiency: 46.87% of 21:52:12 core-walltime
Job Wall-clock time: 01:12:54
Memory Utilized: 8.97 GB
Memory Efficiency: 30.61% of 29.30 GB
