head: cannot open '/home/nreints/MScThesis/code/jobs/hyper_L2t.txt' for reading: No such file or directory
wandb: Currently logged in as: nreints. Use `wandb login --relogin` to force relogin
wandb: Appending key for api.wandb.ai to your netrc file: /home/nreints/.netrc
data_t(0, 0)_r(5, 15)_tennis_pNone_gNone
data_t(0, 0)_r(5, 15)_tennis_pNone_gNone
Testing on datasets: ['data_t(0, 0)_r(5, 15)_tennis_pNone_gNone', 'data_tennis_pNone_gNone_tennisEffect']
Traceback (most recent call last):
  File "/gpfs/home2/nreints/MScThesis/code/fcnn.py", line 490, in <module>
    raise IndexError(f"No directory for the train data {data_dir_train}")
IndexError: No directory for the train data data_t(0, 0)_r(5, 15)_tennis_pNone_gNone
srun: error: gcn25: task 0: Exited with exit code 1
srun: launch/slurm: _step_signal: Terminating StepId=2481462.0

JOB STATISTICS
==============
Job ID: 2481462
Array Job ID: 2481454_6
Cluster: snellius
User/Group: nreints/nreints
State: FAILED (exit code 1)
Nodes: 1
Cores per node: 18
CPU Utilized: 00:00:07
CPU Efficiency: 2.78% of 00:04:12 core-walltime
Job Wall-clock time: 00:00:14
Memory Utilized: 1.31 MB
Memory Efficiency: 0.00% of 29.30 GB
