/gpfs/home2/nreints/MScThesis/code/gru.py:562: DeprecationWarning: Sampling from a set deprecated
since Python 3.9 and will be removed in a subsequent version.
  train_sims = set(random.sample(sims_train, int(0.8 * n_sims_train_total)))
wandb: Currently logged in as: nreints. Use `wandb login --relogin` to force relogin
wandb: Tracking run with wandb version 0.14.0
wandb: Run data is saved locally in /gpfs/home2/nreints/MScThesis/code/wandb/run-20230322_143837-r6r9tigi
wandb: Run `wandb offline` to turn off syncing.
wandb: Syncing run dry-bird-377
wandb: ⭐️ View project at https://wandb.ai/nreints/test
wandb: 🚀 View run at https://wandb.ai/nreints/test/runs/r6r9tigi
/home/nreints/.conda/envs/thesis/lib/python3.10/site-packages/torch/nn/init.py:405: UserWarning: Initializing zero-element tensors is a no-op
  warnings.warn("Initializing zero-element tensors is a no-op")
slurmstepd: error: *** JOB 2488934 ON gcn64 CANCELLED AT 2023-03-22T14:46:45 ***

JOB STATISTICS
==============
Job ID: 2488934
Array Job ID: 2488882_44
Cluster: snellius
User/Group: nreints/nreints
State: CANCELLED (exit code 0)
Nodes: 1
Cores per node: 18
CPU Utilized: 00:00:01
CPU Efficiency: 0.01% of 02:29:24 core-walltime
Job Wall-clock time: 00:08:18
Memory Utilized: 6.59 MB
Memory Efficiency: 0.02% of 29.30 GB
