wandb: Currently logged in as: nreints. Use `wandb login --relogin` to force relogin
wandb: Appending key for api.wandb.ai to your netrc file: /home/nreints/.netrc
/gpfs/home2/nreints/MScThesis/code/fcnn.py:521: DeprecationWarning: Sampling from a set deprecated
since Python 3.9 and will be removed in a subsequent version.
  train_sims = set(random.sample(sims_train, int(0.8 * n_sims_train)))
wandb: Tracking run with wandb version 0.14.0
wandb: Run data is saved locally in /gpfs/home2/nreints/MScThesis/code/wandb/run-20230321_162903-o66ahkoo
wandb: Run `wandb offline` to turn off syncing.
wandb: Syncing run hardy-lake-249
wandb: â­ï¸ View project at https://wandb.ai/nreints/test
wandb: ðŸš€ View run at https://wandb.ai/nreints/test/runs/o66ahkoo
['data_t(0,', '0)_r(5,', '20)_full_pNone_gNone']
data/data_t(0, 0)_r(5, 20)_full_pNone_gNone
Testing on datasets: ['data_t(0, 0)_r(5, 20)_full_pNone_gNone', 'data_tennis_pNone_gNone_tennisEffect']
----- ITERATION 1/2 ------
Number of train simulations: 3200
Number of test simulations: 800
The dataloader took 83.11542916297913 seconds.
-- Finished Train Dataloader --
The dataloader took 20.761115312576294 seconds.
The dataloader took 21.228475332260132 seconds.
-- Finished Test Dataloader(s) --
Datatype: eucl_motion
--- Started Training ---
Epoch 0
	 Logging train Loss: 2.0531471801 (MSELoss(): data_t(0, 0)_r(5, 20)_full_pNone_gNone)
	 Logging test loss 0.24224942922592163 (MSELoss(): t(0, 0)_r(5, 20)_full_pNone_gNone)
	 Logging test loss 0.36902105808258057 (L1Loss(): t(0, 0)_r(5, 20)_full_pNone_gNone)
	 Logging test loss 283.3706359863281 (MSELoss(): tennis_pNone_gNone_tennisEffect)
	 Logging test loss 11.73127555847168 (L1Loss(): tennis_pNone_gNone_tennisEffect)
     --> Epoch_time; 74.24041175842285
Epoch 1
	 Logging train Loss: 0.133628556 (MSELoss(): data_t(0, 0)_r(5, 20)_full_pNone_gNone)
	 Logging test loss 0.10892008990049362 (MSELoss(): t(0, 0)_r(5, 20)_full_pNone_gNone)
	 Logging test loss 0.24755364656448364 (L1Loss(): t(0, 0)_r(5, 20)_full_pNone_gNone)
	 Logging test loss 272.6337890625 (MSELoss(): tennis_pNone_gNone_tennisEffect)
	 Logging test loss 11.308475494384766 (L1Loss(): tennis_pNone_gNone_tennisEffect)
     --> Epoch_time; 79.39121770858765
Epoch 2
	 Logging train Loss: 0.0685687395 (MSELoss(): data_t(0, 0)_r(5, 20)_full_pNone_gNone)
	 Logging test loss 0.06353992968797684 (MSELoss(): t(0, 0)_r(5, 20)_full_pNone_gNone)
	 Logging test loss 0.18949024379253387 (L1Loss(): t(0, 0)_r(5, 20)_full_pNone_gNone)
	 Logging test loss 262.19610595703125 (MSELoss(): tennis_pNone_gNone_tennisEffect)
	 Logging test loss 11.030890464782715 (L1Loss(): tennis_pNone_gNone_tennisEffect)
     --> Epoch_time; 79.96184825897217
Epoch 3
	 Logging train Loss: 0.0428071165 (MSELoss(): data_t(0, 0)_r(5, 20)_full_pNone_gNone)
	 Logging test loss 0.042149823158979416 (MSELoss(): t(0, 0)_r(5, 20)_full_pNone_gNone)
	 Logging test loss 0.15436431765556335 (L1Loss(): t(0, 0)_r(5, 20)_full_pNone_gNone)
	 Logging test loss 251.13560485839844 (MSELoss(): tennis_pNone_gNone_tennisEffect)
	 Logging test loss 10.743504524230957 (L1Loss(): tennis_pNone_gNone_tennisEffect)
     --> Epoch_time; 78.2074134349823
Epoch 4
	 Logging train Loss: 0.0297624177 (MSELoss(): data_t(0, 0)_r(5, 20)_full_pNone_gNone)
	 Logging test loss 0.030129140242934227 (MSELoss(): t(0, 0)_r(5, 20)_full_pNone_gNone)
	 Logging test loss 0.1307956725358963 (L1Loss(): t(0, 0)_r(5, 20)_full_pNone_gNone)
	 Logging test loss 239.41632080078125 (MSELoss(): tennis_pNone_gNone_tennisEffect)
	 Logging test loss 10.428972244262695 (L1Loss(): tennis_pNone_gNone_tennisEffect)
     --> Epoch_time; 79.51897144317627
Epoch 5
	 Logging train Loss: 0.0221858903 (MSELoss(): data_t(0, 0)_r(5, 20)_full_pNone_gNone)
	 Logging test loss 0.02295072004199028 (MSELoss(): t(0, 0)_r(5, 20)_full_pNone_gNone)
	 Logging test loss 0.11414816230535507 (L1Loss(): t(0, 0)_r(5, 20)_full_pNone_gNone)
	 Logging test loss 227.64877319335938 (MSELoss(): tennis_pNone_gNone_tennisEffect)
	 Logging test loss 10.09377384185791 (L1Loss(): tennis_pNone_gNone_tennisEffect)
     --> Epoch_time; 78.5297782421112
Epoch 6
	 Logging train Loss: 0.0173298044 (MSELoss(): data_t(0, 0)_r(5, 20)_full_pNone_gNone)
	 Logging test loss 0.01900295354425907 (MSELoss(): t(0, 0)_r(5, 20)_full_pNone_gNone)
	 Logging test loss 0.1033693179488182 (L1Loss(): t(0, 0)_r(5, 20)_full_pNone_gNone)
	 Logging test loss 216.79559326171875 (MSELoss(): tennis_pNone_gNone_tennisEffect)
	 Logging test loss 9.769852638244629 (L1Loss(): tennis_pNone_gNone_tennisEffect)
     --> Epoch_time; 78.77187752723694
Epoch 7
	 Logging train Loss: 0.0139042013 (MSELoss(): data_t(0, 0)_r(5, 20)_full_pNone_gNone)
	 Logging test loss 0.015739846974611282 (MSELoss(): t(0, 0)_r(5, 20)_full_pNone_gNone)
	 Logging test loss 0.09405851364135742 (L1Loss(): t(0, 0)_r(5, 20)_full_pNone_gNone)
	 Logging test loss 206.32252502441406 (MSELoss(): tennis_pNone_gNone_tennisEffect)
	 Logging test loss 9.436771392822266 (L1Loss(): tennis_pNone_gNone_tennisEffect)
     --> Epoch_time; 78.41583371162415
Epoch 8
	 Logging train Loss: 0.0113956863 (MSELoss(): data_t(0, 0)_r(5, 20)_full_pNone_gNone)
	 Logging test loss 0.012914174236357212 (MSELoss(): t(0, 0)_r(5, 20)_full_pNone_gNone)
	 Logging test loss 0.0849902480840683 (L1Loss(): t(0, 0)_r(5, 20)_full_pNone_gNone)
	 Logging test loss 197.14990234375 (MSELoss(): tennis_pNone_gNone_tennisEffect)
	 Logging test loss 9.11982250213623 (L1Loss(): tennis_pNone_gNone_tennisEffect)
     --> Epoch_time; 78.52280473709106
Epoch 9
	 Logging train Loss: 0.0094646803 (MSELoss(): data_t(0, 0)_r(5, 20)_full_pNone_gNone)
	 Logging test loss 0.010686052963137627 (MSELoss(): t(0, 0)_r(5, 20)_full_pNone_gNone)
	 Logging test loss 0.07732927799224854 (L1Loss(): t(0, 0)_r(5, 20)_full_pNone_gNone)
	 Logging test loss 188.95407104492188 (MSELoss(): tennis_pNone_gNone_tennisEffect)
	 Logging test loss 8.819101333618164 (L1Loss(): tennis_pNone_gNone_tennisEffect)
     --> Epoch_time; 74.25377058982849
Epoch 10
	 Logging train Loss: 0.0079446281 (MSELoss(): data_t(0, 0)_r(5, 20)_full_pNone_gNone)
	 Logging test loss 0.008973091840744019 (MSELoss(): t(0, 0)_r(5, 20)_full_pNone_gNone)
	 Logging test loss 0.07083745300769806 (L1Loss(): t(0, 0)_r(5, 20)_full_pNone_gNone)
	 Logging test loss 182.02882385253906 (MSELoss(): tennis_pNone_gNone_tennisEffect)
	 Logging test loss 8.538454055786133 (L1Loss(): tennis_pNone_gNone_tennisEffect)
     --> Epoch_time; 79.22589540481567
Epoch 11
	 Logging train Loss: 0.0067799961 (MSELoss(): data_t(0, 0)_r(5, 20)_full_pNone_gNone)
	 Logging test loss 0.007193507626652718 (MSELoss(): t(0, 0)_r(5, 20)_full_pNone_gNone)
	 Logging test loss 0.06339478492736816 (L1Loss(): t(0, 0)_r(5, 20)_full_pNone_gNone)
	 Logging test loss 176.25747680664062 (MSELoss(): tennis_pNone_gNone_tennisEffect)
	 Logging test loss 8.2844820022583 (L1Loss(): tennis_pNone_gNone_tennisEffect)
     --> Epoch_time; 74.36293888092041
Epoch 12
	 Logging train Loss: 0.0057657192 (MSELoss(): data_t(0, 0)_r(5, 20)_full_pNone_gNone)
	 Logging test loss 0.006502462550997734 (MSELoss(): t(0, 0)_r(5, 20)_full_pNone_gNone)
	 Logging test loss 0.06010185182094574 (L1Loss(): t(0, 0)_r(5, 20)_full_pNone_gNone)
	 Logging test loss 171.3240966796875 (MSELoss(): tennis_pNone_gNone_tennisEffect)
	 Logging test loss 8.047664642333984 (L1Loss(): tennis_pNone_gNone_tennisEffect)
     --> Epoch_time; 79.89787101745605
Epoch 13
	 Logging train Loss: 0.0049796912 (MSELoss(): data_t(0, 0)_r(5, 20)_full_pNone_gNone)
	 Logging test loss 0.0049384417943656445 (MSELoss(): t(0, 0)_r(5, 20)_full_pNone_gNone)
	 Logging test loss 0.052582889795303345 (L1Loss(): t(0, 0)_r(5, 20)_full_pNone_gNone)
	 Logging test loss 167.42324829101562 (MSELoss(): tennis_pNone_gNone_tennisEffect)
	 Logging test loss 7.8368353843688965 (L1Loss(): tennis_pNone_gNone_tennisEffect)
     --> Epoch_time; 80.65331196784973
Epoch 14
	 Logging train Loss: 0.0042922752 (MSELoss(): data_t(0, 0)_r(5, 20)_full_pNone_gNone)
	 Logging test loss 0.005006897263228893 (MSELoss(): t(0, 0)_r(5, 20)_full_pNone_gNone)
	 Logging test loss 0.0524425283074379 (L1Loss(): t(0, 0)_r(5, 20)_full_pNone_gNone)
	 Logging test loss 164.25535583496094 (MSELoss(): tennis_pNone_gNone_tennisEffect)
	 Logging test loss 7.64776611328125 (L1Loss(): tennis_pNone_gNone_tennisEffect)
     --> Epoch_time; 82.41262888908386
Epoch 15
	 Logging train Loss: 0.0037198849 (MSELoss(): data_t(0, 0)_r(5, 20)_full_pNone_gNone)
	 Logging test loss 0.004141148179769516 (MSELoss(): t(0, 0)_r(5, 20)_full_pNone_gNone)
	 Logging test loss 0.047532498836517334 (L1Loss(): t(0, 0)_r(5, 20)_full_pNone_gNone)
	 Logging test loss 161.77731323242188 (MSELoss(): tennis_pNone_gNone_tennisEffect)
	 Logging test loss 7.478548049926758 (L1Loss(): tennis_pNone_gNone_tennisEffect)
     --> Epoch_time; 78.90729069709778
Epoch 16
wandb: Waiting for W&B process to finish... (success).
wandb: - 0.028 MB of 0.028 MB uploaded (0.000 MB deduped)wandb: \ 0.028 MB of 0.028 MB uploaded (0.000 MB deduped)wandb: | 0.028 MB of 0.028 MB uploaded (0.000 MB deduped)wandb: / 0.028 MB of 0.028 MB uploaded (0.000 MB deduped)wandb: - 0.028 MB of 0.028 MB uploaded (0.000 MB deduped)wandb: 
wandb: Run history:
wandb:  Test loss t(0, 0)_r(5, 20)_full L1Loss() â–ˆâ–…â–„â–ƒâ–ƒâ–ƒâ–‚â–‚â–‚â–‚â–‚â–‚â–‚â–â–â–â–â–â–â–â–
wandb: Test loss t(0, 0)_r(5, 20)_full MSELoss() â–ˆâ–„â–ƒâ–‚â–‚â–‚â–â–â–â–â–â–â–â–â–â–â–â–â–â–â–
wandb:           Test loss tennisEffect L1Loss() â–ˆâ–‡â–‡â–‡â–†â–†â–…â–…â–„â–„â–ƒâ–ƒâ–ƒâ–‚â–‚â–‚â–‚â–â–â–â–
wandb:          Test loss tennisEffect MSELoss() â–ˆâ–‡â–‡â–†â–†â–…â–„â–„â–ƒâ–ƒâ–‚â–‚â–‚â–‚â–â–â–â–â–â–â–
wandb:     Train loss data_t(0, 0)_r(5, 20)_full â–ˆâ–â–â–â–â–â–â–â–â–â–â–â–â–â–â–â–â–â–â–
wandb: 
wandb: Run summary:
wandb:  Test loss t(0, 0)_r(5, 20)_full L1Loss() 0.03561
wandb: Test loss t(0, 0)_r(5, 20)_full MSELoss() 0.00234
wandb:           Test loss tennisEffect L1Loss() 6.98113
wandb:          Test loss tennisEffect MSELoss() 156.57794
wandb:     Train loss data_t(0, 0)_r(5, 20)_full 0.00229
wandb: 
wandb: ðŸš€ View run hardy-lake-249 at: https://wandb.ai/nreints/test/runs/o66ahkoo
wandb: Synced 6 W&B file(s), 0 media file(s), 2 artifact file(s) and 1 other file(s)
wandb: Find logs at: ./wandb/run-20230321_162903-o66ahkoo/logs
/gpfs/home2/nreints/MScThesis/code/fcnn.py:521: DeprecationWarning: Sampling from a set deprecated
since Python 3.9 and will be removed in a subsequent version.
  train_sims = set(random.sample(sims_train, int(0.8 * n_sims_train)))
wandb: - Waiting for wandb.init()...wandb: \ Waiting for wandb.init()...wandb: Tracking run with wandb version 0.14.0
wandb: Run data is saved locally in /gpfs/home2/nreints/MScThesis/code/wandb/run-20230321_165750-nzqsu6y5
wandb: Run `wandb offline` to turn off syncing.
wandb: Syncing run magic-water-276
wandb: â­ï¸ View project at https://wandb.ai/nreints/test
wandb: ðŸš€ View run at https://wandb.ai/nreints/test/runs/nzqsu6y5
	 Logging train Loss: 0.0032971008 (MSELoss(): data_t(0, 0)_r(5, 20)_full_pNone_gNone)
	 Logging test loss 0.0038721931632608175 (MSELoss(): t(0, 0)_r(5, 20)_full_pNone_gNone)
	 Logging test loss 0.0458921380341053 (L1Loss(): t(0, 0)_r(5, 20)_full_pNone_gNone)
	 Logging test loss 159.87789916992188 (MSELoss(): tennis_pNone_gNone_tennisEffect)
	 Logging test loss 7.331714630126953 (L1Loss(): tennis_pNone_gNone_tennisEffect)
     --> Epoch_time; 79.07015299797058
Epoch 17
	 Logging train Loss: 0.002897707 (MSELoss(): data_t(0, 0)_r(5, 20)_full_pNone_gNone)
	 Logging test loss 0.003131770994514227 (MSELoss(): t(0, 0)_r(5, 20)_full_pNone_gNone)
	 Logging test loss 0.041063111275434494 (L1Loss(): t(0, 0)_r(5, 20)_full_pNone_gNone)
	 Logging test loss 158.3303985595703 (MSELoss(): tennis_pNone_gNone_tennisEffect)
	 Logging test loss 7.19467306137085 (L1Loss(): tennis_pNone_gNone_tennisEffect)
     --> Epoch_time; 74.94007921218872
Epoch 18
	 Logging train Loss: 0.0025324776 (MSELoss(): data_t(0, 0)_r(5, 20)_full_pNone_gNone)
	 Logging test loss 0.0027839462272822857 (MSELoss(): t(0, 0)_r(5, 20)_full_pNone_gNone)
	 Logging test loss 0.03890975937247276 (L1Loss(): t(0, 0)_r(5, 20)_full_pNone_gNone)
	 Logging test loss 157.44166564941406 (MSELoss(): tennis_pNone_gNone_tennisEffect)
	 Logging test loss 7.08556604385376 (L1Loss(): tennis_pNone_gNone_tennisEffect)
     --> Epoch_time; 78.5789840221405
Epoch 19
	 Logging train Loss: 0.002285854 (MSELoss(): data_t(0, 0)_r(5, 20)_full_pNone_gNone)
	 Logging test loss 0.002338907914236188 (MSELoss(): t(0, 0)_r(5, 20)_full_pNone_gNone)
	 Logging test loss 0.03560981899499893 (L1Loss(): t(0, 0)_r(5, 20)_full_pNone_gNone)
	 Logging test loss 156.57891845703125 (MSELoss(): tennis_pNone_gNone_tennisEffect)
	 Logging test loss 6.981053352355957 (L1Loss(): tennis_pNone_gNone_tennisEffect)
     --> Epoch_time; 73.94183564186096
	 Logging test loss 0.002338883001357317 (MSELoss(): t(0, 0)_r(5, 20)_full_pNone_gNone)
	 Logging test loss 0.03560987859964371 (L1Loss(): t(0, 0)_r(5, 20)_full_pNone_gNone)
	 Logging test loss 156.57794189453125 (MSELoss(): tennis_pNone_gNone_tennisEffect)
	 Logging test loss 6.981132984161377 (L1Loss(): tennis_pNone_gNone_tennisEffect)
It took 1727.8615837097168 seconds to train & eval the model.
----- ITERATION 2/2 ------
Number of train simulations: 3200
Number of test simulations: 800
The dataloader took 75.63264536857605 seconds.
-- Finished Train Dataloader --
The dataloader took 18.77094316482544 seconds.
The dataloader took 19.861989736557007 seconds.
-- Finished Test Dataloader(s) --
Datatype: eucl_motion
--- Started Training ---
Epoch 0
	 Logging train Loss: 1.917808064 (MSELoss(): data_t(0, 0)_r(5, 20)_full_pNone_gNone)
	 Logging test loss 0.23043681681156158 (MSELoss(): t(0, 0)_r(5, 20)_full_pNone_gNone)
	 Logging test loss 0.361136257648468 (L1Loss(): t(0, 0)_r(5, 20)_full_pNone_gNone)
	 Logging test loss 283.27252197265625 (MSELoss(): tennis_pNone_gNone_tennisEffect)
	 Logging test loss 11.764121055603027 (L1Loss(): tennis_pNone_gNone_tennisEffect)
     --> Epoch_time; 80.06429982185364
Epoch 1
	 Logging train Loss: 0.1329731661 (MSELoss(): data_t(0, 0)_r(5, 20)_full_pNone_gNone)
	 Logging test loss 0.09763704240322113 (MSELoss(): t(0, 0)_r(5, 20)_full_pNone_gNone)
	 Logging test loss 0.23518405854701996 (L1Loss(): t(0, 0)_r(5, 20)_full_pNone_gNone)
	 Logging test loss 275.9421691894531 (MSELoss(): tennis_pNone_gNone_tennisEffect)
	 Logging test loss 11.421451568603516 (L1Loss(): tennis_pNone_gNone_tennisEffect)
     --> Epoch_time; 77.9636058807373
Epoch 2
	 Logging train Loss: 0.0658577215 (MSELoss(): data_t(0, 0)_r(5, 20)_full_pNone_gNone)
	 Logging test loss 0.057778213173151016 (MSELoss(): t(0, 0)_r(5, 20)_full_pNone_gNone)
	 Logging test loss 0.18042293190956116 (L1Loss(): t(0, 0)_r(5, 20)_full_pNone_gNone)
	 Logging test loss 269.2489013671875 (MSELoss(): tennis_pNone_gNone_tennisEffect)
	 Logging test loss 11.208885192871094 (L1Loss(): tennis_pNone_gNone_tennisEffect)
     --> Epoch_time; 78.18930459022522
Epoch 3
	 Logging train Loss: 0.0404467813 (MSELoss(): data_t(0, 0)_r(5, 20)_full_pNone_gNone)
	 Logging test loss 0.039310332387685776 (MSELoss(): t(0, 0)_r(5, 20)_full_pNone_gNone)
	 Logging test loss 0.14880935847759247 (L1Loss(): t(0, 0)_r(5, 20)_full_pNone_gNone)
	 Logging test loss 258.96502685546875 (MSELoss(): tennis_pNone_gNone_tennisEffect)
	 Logging test loss 10.932356834411621 (L1Loss(): tennis_pNone_gNone_tennisEffect)
     --> Epoch_time; 75.95762348175049
Epoch 4
	 Logging train Loss: 0.0281623117 (MSELoss(): data_t(0, 0)_r(5, 20)_full_pNone_gNone)
	 Logging test loss 0.028094127774238586 (MSELoss(): t(0, 0)_r(5, 20)_full_pNone_gNone)
	 Logging test loss 0.12580877542495728 (L1Loss(): t(0, 0)_r(5, 20)_full_pNone_gNone)
	 Logging test loss 246.68411254882812 (MSELoss(): tennis_pNone_gNone_tennisEffect)
	 Logging test loss 10.605573654174805 (L1Loss(): tennis_pNone_gNone_tennisEffect)
     --> Epoch_time; 80.68689370155334
Epoch 5
	 Logging train Loss: 0.0210656285 (MSELoss(): data_t(0, 0)_r(5, 20)_full_pNone_gNone)
	 Logging test loss 0.021324895322322845 (MSELoss(): t(0, 0)_r(5, 20)_full_pNone_gNone)
	 Logging test loss 0.10948778688907623 (L1Loss(): t(0, 0)_r(5, 20)_full_pNone_gNone)
	 Logging test loss 233.93092346191406 (MSELoss(): tennis_pNone_gNone_tennisEffect)
	 Logging test loss 10.251456260681152 (L1Loss(): tennis_pNone_gNone_tennisEffect)
     --> Epoch_time; 79.07010221481323
Epoch 6
	 Logging train Loss: 0.0163874283 (MSELoss(): data_t(0, 0)_r(5, 20)_full_pNone_gNone)
	 Logging test loss 0.016839489340782166 (MSELoss(): t(0, 0)_r(5, 20)_full_pNone_gNone)
	 Logging test loss 0.09712978452444077 (L1Loss(): t(0, 0)_r(5, 20)_full_pNone_gNone)
	 Logging test loss 221.32733154296875 (MSELoss(): tennis_pNone_gNone_tennisEffect)
	 Logging test loss 9.887537956237793 (L1Loss(): tennis_pNone_gNone_tennisEffect)
     --> Epoch_time; 79.7043297290802
Epoch 7
	 Logging train Loss: 0.0131199195 (MSELoss(): data_t(0, 0)_r(5, 20)_full_pNone_gNone)
	 Logging test loss 0.014057252556085587 (MSELoss(): t(0, 0)_r(5, 20)_full_pNone_gNone)
	 Logging test loss 0.08862750232219696 (L1Loss(): t(0, 0)_r(5, 20)_full_pNone_gNone)
	 Logging test loss 209.4919891357422 (MSELoss(): tennis_pNone_gNone_tennisEffect)
	 Logging test loss 9.523479461669922 (L1Loss(): tennis_pNone_gNone_tennisEffect)
     --> Epoch_time; 79.40768718719482
Epoch 8
	 Logging train Loss: 0.0106952717 (MSELoss(): data_t(0, 0)_r(5, 20)_full_pNone_gNone)
	 Logging test loss 0.011983521282672882 (MSELoss(): t(0, 0)_r(5, 20)_full_pNone_gNone)
	 Logging test loss 0.08205099403858185 (L1Loss(): t(0, 0)_r(5, 20)_full_pNone_gNone)
	 Logging test loss 198.97158813476562 (MSELoss(): tennis_pNone_gNone_tennisEffect)
	 Logging test loss 9.177079200744629 (L1Loss(): tennis_pNone_gNone_tennisEffect)
     --> Epoch_time; 80.02917814254761
Epoch 9
	 Logging train Loss: 0.0088629261 (MSELoss(): data_t(0, 0)_r(5, 20)_full_pNone_gNone)
	 Logging test loss 0.00945320539176464 (MSELoss(): t(0, 0)_r(5, 20)_full_pNone_gNone)
	 Logging test loss 0.07271980494260788 (L1Loss(): t(0, 0)_r(5, 20)_full_pNone_gNone)
	 Logging test loss 189.9824981689453 (MSELoss(): tennis_pNone_gNone_tennisEffect)
	 Logging test loss 8.850568771362305 (L1Loss(): tennis_pNone_gNone_tennisEffect)
     --> Epoch_time; 77.96085739135742
Epoch 10
	 Logging train Loss: 0.0073957699 (MSELoss(): data_t(0, 0)_r(5, 20)_full_pNone_gNone)
	 Logging test loss 0.007565314881503582 (MSELoss(): t(0, 0)_r(5, 20)_full_pNone_gNone)
	 Logging test loss 0.06498879194259644 (L1Loss(): t(0, 0)_r(5, 20)_full_pNone_gNone)
	 Logging test loss 182.28778076171875 (MSELoss(): tennis_pNone_gNone_tennisEffect)
	 Logging test loss 8.548913955688477 (L1Loss(): tennis_pNone_gNone_tennisEffect)
     --> Epoch_time; 78.62736082077026
Epoch 11
	 Logging train Loss: 0.0062370637 (MSELoss(): data_t(0, 0)_r(5, 20)_full_pNone_gNone)
	 Logging test loss 0.006328663323074579 (MSELoss(): t(0, 0)_r(5, 20)_full_pNone_gNone)
	 Logging test loss 0.059468142688274384 (L1Loss(): t(0, 0)_r(5, 20)_full_pNone_gNone)
wandb: Waiting for W&B process to finish... (success).
wandb: 
wandb: Run history:
wandb:  Test loss t(0, 0)_r(5, 20)_full L1Loss() â–ˆâ–…â–„â–„â–ƒâ–ƒâ–‚â–‚â–‚â–‚â–‚â–‚â–‚â–â–â–â–â–â–â–â–
wandb: Test loss t(0, 0)_r(5, 20)_full MSELoss() â–ˆâ–„â–ƒâ–‚â–‚â–‚â–â–â–â–â–â–â–â–â–â–â–â–â–â–â–
wandb:           Test loss tennisEffect L1Loss() â–ˆâ–ˆâ–‡â–‡â–†â–†â–…â–…â–„â–„â–ƒâ–ƒâ–ƒâ–‚â–‚â–‚â–â–â–â–â–
wandb:          Test loss tennisEffect MSELoss() â–ˆâ–ˆâ–‡â–‡â–†â–…â–…â–„â–ƒâ–ƒâ–‚â–‚â–‚â–‚â–â–â–â–â–â–â–
wandb:     Train loss data_t(0, 0)_r(5, 20)_full â–ˆâ–â–â–â–â–â–â–â–â–â–â–â–â–â–â–â–â–â–â–
wandb: 
wandb: Run summary:
wandb:  Test loss t(0, 0)_r(5, 20)_full L1Loss() 0.02926
wandb: Test loss t(0, 0)_r(5, 20)_full MSELoss() 0.00157
wandb:           Test loss tennisEffect L1Loss() 6.93943
wandb:          Test loss tennisEffect MSELoss() 155.53368
wandb:     Train loss data_t(0, 0)_r(5, 20)_full 0.00199
wandb: 
wandb: ðŸš€ View run magic-water-276 at: https://wandb.ai/nreints/test/runs/nzqsu6y5
wandb: Synced 6 W&B file(s), 0 media file(s), 2 artifact file(s) and 1 other file(s)
wandb: Find logs at: ./wandb/run-20230321_165750-nzqsu6y5/logs
	 Logging test loss 175.79071044921875 (MSELoss(): tennis_pNone_gNone_tennisEffect)
	 Logging test loss 8.267532348632812 (L1Loss(): tennis_pNone_gNone_tennisEffect)
     --> Epoch_time; 78.50944972038269
Epoch 12
	 Logging train Loss: 0.0052749341 (MSELoss(): data_t(0, 0)_r(5, 20)_full_pNone_gNone)
	 Logging test loss 0.005461270920932293 (MSELoss(): t(0, 0)_r(5, 20)_full_pNone_gNone)
	 Logging test loss 0.054973386228084564 (L1Loss(): t(0, 0)_r(5, 20)_full_pNone_gNone)
	 Logging test loss 170.56106567382812 (MSELoss(): tennis_pNone_gNone_tennisEffect)
	 Logging test loss 8.019412994384766 (L1Loss(): tennis_pNone_gNone_tennisEffect)
     --> Epoch_time; 78.85263514518738
Epoch 13
	 Logging train Loss: 0.0044805838 (MSELoss(): data_t(0, 0)_r(5, 20)_full_pNone_gNone)
	 Logging test loss 0.0050348276272416115 (MSELoss(): t(0, 0)_r(5, 20)_full_pNone_gNone)
	 Logging test loss 0.052365731447935104 (L1Loss(): t(0, 0)_r(5, 20)_full_pNone_gNone)
	 Logging test loss 166.51455688476562 (MSELoss(): tennis_pNone_gNone_tennisEffect)
	 Logging test loss 7.7984089851379395 (L1Loss(): tennis_pNone_gNone_tennisEffect)
     --> Epoch_time; 79.27915024757385
Epoch 14
	 Logging train Loss: 0.0038575652 (MSELoss(): data_t(0, 0)_r(5, 20)_full_pNone_gNone)
	 Logging test loss 0.00435995077714324 (MSELoss(): t(0, 0)_r(5, 20)_full_pNone_gNone)
	 Logging test loss 0.048955753445625305 (L1Loss(): t(0, 0)_r(5, 20)_full_pNone_gNone)
	 Logging test loss 162.9765167236328 (MSELoss(): tennis_pNone_gNone_tennisEffect)
	 Logging test loss 7.595182418823242 (L1Loss(): tennis_pNone_gNone_tennisEffect)
     --> Epoch_time; 79.09461832046509
Epoch 15
	 Logging train Loss: 0.0033084929 (MSELoss(): data_t(0, 0)_r(5, 20)_full_pNone_gNone)
	 Logging test loss 0.003344870638102293 (MSELoss(): t(0, 0)_r(5, 20)_full_pNone_gNone)
	 Logging test loss 0.042903728783130646 (L1Loss(): t(0, 0)_r(5, 20)_full_pNone_gNone)
	 Logging test loss 160.5183563232422 (MSELoss(): tennis_pNone_gNone_tennisEffect)
	 Logging test loss 7.424470901489258 (L1Loss(): tennis_pNone_gNone_tennisEffect)
     --> Epoch_time; 80.10763049125671
Epoch 16
	 Logging train Loss: 0.0028852485 (MSELoss(): data_t(0, 0)_r(5, 20)_full_pNone_gNone)
	 Logging test loss 0.0030495179817080498 (MSELoss(): t(0, 0)_r(5, 20)_full_pNone_gNone)
	 Logging test loss 0.040164411067962646 (L1Loss(): t(0, 0)_r(5, 20)_full_pNone_gNone)
	 Logging test loss 158.5412139892578 (MSELoss(): tennis_pNone_gNone_tennisEffect)
	 Logging test loss 7.2730326652526855 (L1Loss(): tennis_pNone_gNone_tennisEffect)
     --> Epoch_time; 80.47795796394348
Epoch 17
	 Logging train Loss: 0.0025211897 (MSELoss(): data_t(0, 0)_r(5, 20)_full_pNone_gNone)
	 Logging test loss 0.002960084704682231 (MSELoss(): t(0, 0)_r(5, 20)_full_pNone_gNone)
	 Logging test loss 0.03976152092218399 (L1Loss(): t(0, 0)_r(5, 20)_full_pNone_gNone)
	 Logging test loss 156.9471893310547 (MSELoss(): tennis_pNone_gNone_tennisEffect)
	 Logging test loss 7.138532638549805 (L1Loss(): tennis_pNone_gNone_tennisEffect)
     --> Epoch_time; 78.24253749847412
Epoch 18
	 Logging train Loss: 0.0022368294 (MSELoss(): data_t(0, 0)_r(5, 20)_full_pNone_gNone)
	 Logging test loss 0.001948653836734593 (MSELoss(): t(0, 0)_r(5, 20)_full_pNone_gNone)
	 Logging test loss 0.03254598751664162 (L1Loss(): t(0, 0)_r(5, 20)_full_pNone_gNone)
	 Logging test loss 156.08216857910156 (MSELoss(): tennis_pNone_gNone_tennisEffect)
	 Logging test loss 7.030540466308594 (L1Loss(): tennis_pNone_gNone_tennisEffect)
     --> Epoch_time; 79.74310564994812
Epoch 19
	 Logging train Loss: 0.0019905338 (MSELoss(): data_t(0, 0)_r(5, 20)_full_pNone_gNone)
	 Logging test loss 0.0015721832169219851 (MSELoss(): t(0, 0)_r(5, 20)_full_pNone_gNone)
	 Logging test loss 0.029256731271743774 (L1Loss(): t(0, 0)_r(5, 20)_full_pNone_gNone)
	 Logging test loss 155.53712463378906 (MSELoss(): tennis_pNone_gNone_tennisEffect)
	 Logging test loss 6.939537525177002 (L1Loss(): tennis_pNone_gNone_tennisEffect)
     --> Epoch_time; 79.17213320732117
	 Logging test loss 0.0015721620293334126 (MSELoss(): t(0, 0)_r(5, 20)_full_pNone_gNone)
	 Logging test loss 0.029256723821163177 (L1Loss(): t(0, 0)_r(5, 20)_full_pNone_gNone)
	 Logging test loss 155.53367614746094 (MSELoss(): tennis_pNone_gNone_tennisEffect)
	 Logging test loss 6.939433574676514 (L1Loss(): tennis_pNone_gNone_tennisEffect)
It took 1739.710304737091 seconds to train & eval the model.

JOB STATISTICS
==============
Job ID: 2482038
Array Job ID: 2482035_2
Cluster: snellius
User/Group: nreints/nreints
State: RUNNING
Nodes: 1
Cores per node: 18
CPU Utilized: 00:00:00
CPU Efficiency: 0.00% of 17:24:54 core-walltime
Job Wall-clock time: 00:58:03
Memory Utilized: 0.00 MB (estimated maximum)
Memory Efficiency: 0.00% of 29.30 GB (29.30 GB/node)
WARNING: Efficiency statistics may be misleading for RUNNING jobs.
