wandb: Currently logged in as: nreints. Use `wandb login --relogin` to force relogin
wandb: Appending key for api.wandb.ai to your netrc file: /home/nreints/.netrc
/gpfs/home2/nreints/MScThesis/code/fcnn.py:518: DeprecationWarning: Sampling from a set deprecated
since Python 3.9 and will be removed in a subsequent version.
  train_sims = set(random.sample(sims_train, int(0.8 * n_sims_train)))
wandb: wandb version 0.14.0 is available!  To upgrade, please run:
wandb:  $ pip install wandb --upgrade
wandb: Tracking run with wandb version 0.13.8
wandb: Run data is saved locally in /gpfs/home2/nreints/MScThesis/code/wandb/run-20230321_123050-q3k33icf
wandb: Run `wandb offline` to turn off syncing.
wandb: Syncing run upbeat-night-102
wandb: â­ï¸ View project at https://wandb.ai/nreints/test
wandb: ðŸš€ View run at https://wandb.ai/nreints/test/runs/q3k33icf
Testing on datasets: ['data_t(0, 0)_r(5, 20)_tennis_pNone_gNone', 'data_tennis_pNone_gNone_tennisEffect']
----- ITERATION 1/2 ------
Number of train simulations: 3200
Number of test simulations: 800
The dataloader took 83.1561279296875 seconds.
-- Finished Train Dataloader --
The dataloader took 20.808306217193604 seconds.
The dataloader took 20.83749771118164 seconds.
-- Finished Test Dataloader(s) --
Datatype: log_quat
--- Started Training ---
Epoch 0
	 Logging train Loss: 14.3210388583 (L1Loss(): data_t(0, 0)_r(5, 20)_tennis_pNone_gNone)
	 Logging test loss 375.2654724121094 (MSELoss(): t(0, 0)_r(5, 20)_tennis_pNone_gNone)
	 Logging test loss 12.98929214477539 (L1Loss(): t(0, 0)_r(5, 20)_tennis_pNone_gNone)
	 Logging test loss 431.9050598144531 (MSELoss(): tennis_pNone_gNone_tennisEffect)
	 Logging test loss 14.69931411743164 (L1Loss(): tennis_pNone_gNone_tennisEffect)
     --> Epoch_time; 77.20109605789185
Epoch 1
	 Logging train Loss: 11.9889016544 (L1Loss(): data_t(0, 0)_r(5, 20)_tennis_pNone_gNone)
	 Logging test loss 291.7345886230469 (MSELoss(): t(0, 0)_r(5, 20)_tennis_pNone_gNone)
	 Logging test loss 11.156097412109375 (L1Loss(): t(0, 0)_r(5, 20)_tennis_pNone_gNone)
	 Logging test loss 381.9464416503906 (MSELoss(): tennis_pNone_gNone_tennisEffect)
	 Logging test loss 13.577503204345703 (L1Loss(): tennis_pNone_gNone_tennisEffect)
     --> Epoch_time; 78.10510754585266
Epoch 2
	 Logging train Loss: 6.1931551266 (L1Loss(): data_t(0, 0)_r(5, 20)_tennis_pNone_gNone)
	 Logging test loss 38.644840240478516 (MSELoss(): t(0, 0)_r(5, 20)_tennis_pNone_gNone)
	 Logging test loss 3.6251280307769775 (L1Loss(): t(0, 0)_r(5, 20)_tennis_pNone_gNone)
	 Logging test loss 296.9735412597656 (MSELoss(): tennis_pNone_gNone_tennisEffect)
	 Logging test loss 11.547773361206055 (L1Loss(): tennis_pNone_gNone_tennisEffect)
     --> Epoch_time; 77.59725427627563
Epoch 3
	 Logging train Loss: 3.0208971609 (L1Loss(): data_t(0, 0)_r(5, 20)_tennis_pNone_gNone)
	 Logging test loss 23.406105041503906 (MSELoss(): t(0, 0)_r(5, 20)_tennis_pNone_gNone)
	 Logging test loss 2.660752534866333 (L1Loss(): t(0, 0)_r(5, 20)_tennis_pNone_gNone)
	 Logging test loss 238.94802856445312 (MSELoss(): tennis_pNone_gNone_tennisEffect)
	 Logging test loss 9.888128280639648 (L1Loss(): tennis_pNone_gNone_tennisEffect)
     --> Epoch_time; 76.74050426483154
Epoch 4
	 Logging train Loss: 2.3829484528 (L1Loss(): data_t(0, 0)_r(5, 20)_tennis_pNone_gNone)
	 Logging test loss 17.415332794189453 (MSELoss(): t(0, 0)_r(5, 20)_tennis_pNone_gNone)
	 Logging test loss 2.224015474319458 (L1Loss(): t(0, 0)_r(5, 20)_tennis_pNone_gNone)
	 Logging test loss 209.67601013183594 (MSELoss(): tennis_pNone_gNone_tennisEffect)
	 Logging test loss 8.979207992553711 (L1Loss(): tennis_pNone_gNone_tennisEffect)
     --> Epoch_time; 76.74418306350708
Epoch 5
	 Logging train Loss: 2.0317714716 (L1Loss(): data_t(0, 0)_r(5, 20)_tennis_pNone_gNone)
	 Logging test loss 13.828803062438965 (MSELoss(): t(0, 0)_r(5, 20)_tennis_pNone_gNone)
	 Logging test loss 1.925782561302185 (L1Loss(): t(0, 0)_r(5, 20)_tennis_pNone_gNone)
	 Logging test loss 192.06776428222656 (MSELoss(): tennis_pNone_gNone_tennisEffect)
	 Logging test loss 8.39212417602539 (L1Loss(): tennis_pNone_gNone_tennisEffect)
     --> Epoch_time; 77.11468005180359
Epoch 6
	 Logging train Loss: 1.8050363179 (L1Loss(): data_t(0, 0)_r(5, 20)_tennis_pNone_gNone)
	 Logging test loss 11.571611404418945 (MSELoss(): t(0, 0)_r(5, 20)_tennis_pNone_gNone)
	 Logging test loss 1.7459138631820679 (L1Loss(): t(0, 0)_r(5, 20)_tennis_pNone_gNone)
	 Logging test loss 179.67950439453125 (MSELoss(): tennis_pNone_gNone_tennisEffect)
	 Logging test loss 7.988478660583496 (L1Loss(): tennis_pNone_gNone_tennisEffect)
     --> Epoch_time; 76.95716595649719
Epoch 7
	 Logging train Loss: 1.6356630413 (L1Loss(): data_t(0, 0)_r(5, 20)_tennis_pNone_gNone)
	 Logging test loss 9.777353286743164 (MSELoss(): t(0, 0)_r(5, 20)_tennis_pNone_gNone)
	 Logging test loss 1.590586543083191 (L1Loss(): t(0, 0)_r(5, 20)_tennis_pNone_gNone)
	 Logging test loss 171.05645751953125 (MSELoss(): tennis_pNone_gNone_tennisEffect)
	 Logging test loss 7.689280986785889 (L1Loss(): tennis_pNone_gNone_tennisEffect)
     --> Epoch_time; 76.48717045783997
Epoch 8
	 Logging train Loss: 1.5105184717 (L1Loss(): data_t(0, 0)_r(5, 20)_tennis_pNone_gNone)
	 Logging test loss 8.591622352600098 (MSELoss(): t(0, 0)_r(5, 20)_tennis_pNone_gNone)
	 Logging test loss 1.5035325288772583 (L1Loss(): t(0, 0)_r(5, 20)_tennis_pNone_gNone)
	 Logging test loss 163.6743927001953 (MSELoss(): tennis_pNone_gNone_tennisEffect)
	 Logging test loss 7.451178073883057 (L1Loss(): tennis_pNone_gNone_tennisEffect)
     --> Epoch_time; 77.06109285354614
Epoch 9
	 Logging train Loss: 1.4142359515 (L1Loss(): data_t(0, 0)_r(5, 20)_tennis_pNone_gNone)
	 Logging test loss 7.54213809967041 (MSELoss(): t(0, 0)_r(5, 20)_tennis_pNone_gNone)
	 Logging test loss 1.4014050960540771 (L1Loss(): t(0, 0)_r(5, 20)_tennis_pNone_gNone)
	 Logging test loss 157.4385528564453 (MSELoss(): tennis_pNone_gNone_tennisEffect)
	 Logging test loss 7.259876728057861 (L1Loss(): tennis_pNone_gNone_tennisEffect)
     --> Epoch_time; 77.47952389717102
Epoch 10
	 Logging train Loss: 1.3388879315 (L1Loss(): data_t(0, 0)_r(5, 20)_tennis_pNone_gNone)
	 Logging test loss 6.781060218811035 (MSELoss(): t(0, 0)_r(5, 20)_tennis_pNone_gNone)
	 Logging test loss 1.3315550088882446 (L1Loss(): t(0, 0)_r(5, 20)_tennis_pNone_gNone)
	 Logging test loss 151.91993713378906 (MSELoss(): tennis_pNone_gNone_tennisEffect)
	 Logging test loss 7.075880527496338 (L1Loss(): tennis_pNone_gNone_tennisEffect)
     --> Epoch_time; 76.39692759513855
Epoch 11
	 Logging train Loss: 1.2750549715 (L1Loss(): data_t(0, 0)_r(5, 20)_tennis_pNone_gNone)
	 Logging test loss 6.14858341217041 (MSELoss(): t(0, 0)_r(5, 20)_tennis_pNone_gNone)
	 Logging test loss 1.2655428647994995 (L1Loss(): t(0, 0)_r(5, 20)_tennis_pNone_gNone)
	 Logging test loss 147.1590576171875 (MSELoss(): tennis_pNone_gNone_tennisEffect)
	 Logging test loss 6.925062656402588 (L1Loss(): tennis_pNone_gNone_tennisEffect)
     --> Epoch_time; 76.40869545936584
Epoch 12
	 Logging train Loss: 1.2233881932 (L1Loss(): data_t(0, 0)_r(5, 20)_tennis_pNone_gNone)
	 Logging test loss 5.828351974487305 (MSELoss(): t(0, 0)_r(5, 20)_tennis_pNone_gNone)
	 Logging test loss 1.2533844709396362 (L1Loss(): t(0, 0)_r(5, 20)_tennis_pNone_gNone)
	 Logging test loss 143.3396759033203 (MSELoss(): tennis_pNone_gNone_tennisEffect)
	 Logging test loss 6.803970813751221 (L1Loss(): tennis_pNone_gNone_tennisEffect)
     --> Epoch_time; 76.70114374160767
Epoch 13
	 Logging train Loss: 1.1804959565 (L1Loss(): data_t(0, 0)_r(5, 20)_tennis_pNone_gNone)
	 Logging test loss 5.328703880310059 (MSELoss(): t(0, 0)_r(5, 20)_tennis_pNone_gNone)
	 Logging test loss 1.1885336637496948 (L1Loss(): t(0, 0)_r(5, 20)_tennis_pNone_gNone)
	 Logging test loss 139.59832763671875 (MSELoss(): tennis_pNone_gNone_tennisEffect)
	 Logging test loss 6.676469802856445 (L1Loss(): tennis_pNone_gNone_tennisEffect)
     --> Epoch_time; 80.15171217918396
Epoch 14
	 Logging train Loss: 1.1410092422 (L1Loss(): data_t(0, 0)_r(5, 20)_tennis_pNone_gNone)
	 Logging test loss 4.975025177001953 (MSELoss(): t(0, 0)_r(5, 20)_tennis_pNone_gNone)
	 Logging test loss 1.1488630771636963 (L1Loss(): t(0, 0)_r(5, 20)_tennis_pNone_gNone)
	 Logging test loss 136.14468383789062 (MSELoss(): tennis_pNone_gNone_tennisEffect)
	 Logging test loss 6.5637736320495605 (L1Loss(): tennis_pNone_gNone_tennisEffect)
     --> Epoch_time; 77.8840856552124
Epoch 15
	 Logging train Loss: 1.1066908892 (L1Loss(): data_t(0, 0)_r(5, 20)_tennis_pNone_gNone)
	 Logging test loss 4.688007354736328 (MSELoss(): t(0, 0)_r(5, 20)_tennis_pNone_gNone)
	 Logging test loss 1.11500883102417 (L1Loss(): t(0, 0)_r(5, 20)_tennis_pNone_gNone)
	 Logging test loss 133.62408447265625 (MSELoss(): tennis_pNone_gNone_tennisEffect)
	 Logging test loss 6.487696170806885 (L1Loss(): tennis_pNone_gNone_tennisEffect)
     --> Epoch_time; 77.34490442276001
Epoch 16
	 Logging train Loss: 1.0765950521 (L1Loss(): data_t(0, 0)_r(5, 20)_tennis_pNone_gNone)
wandb: Waiting for W&B process to finish... (success).
wandb: - 0.028 MB of 0.028 MB uploaded (0.000 MB deduped)wandb: \ 0.028 MB of 0.028 MB uploaded (0.000 MB deduped)wandb: | 0.028 MB of 0.028 MB uploaded (0.000 MB deduped)wandb: / 0.028 MB of 0.028 MB uploaded (0.000 MB deduped)wandb: 
wandb: Run history:
wandb:  Test loss t(0, 0)_r(5, 20)_tennis L1Loss() â–ˆâ–‡â–ƒâ–‚â–‚â–‚â–â–â–â–â–â–â–â–â–â–â–â–â–â–â–
wandb: Test loss t(0, 0)_r(5, 20)_tennis MSELoss() â–ˆâ–†â–‚â–â–â–â–â–â–â–â–â–â–â–â–â–â–â–â–â–â–
wandb:             Test loss tennisEffect L1Loss() â–ˆâ–‡â–…â–„â–ƒâ–ƒâ–ƒâ–‚â–‚â–‚â–‚â–‚â–‚â–â–â–â–â–â–â–â–
wandb:            Test loss tennisEffect MSELoss() â–ˆâ–‡â–…â–„â–ƒâ–ƒâ–‚â–‚â–‚â–‚â–‚â–‚â–â–â–â–â–â–â–â–â–
wandb:     Train loss data_t(0, 0)_r(5, 20)_tennis â–ˆâ–‡â–„â–‚â–‚â–‚â–â–â–â–â–â–â–â–â–â–â–â–â–â–
wandb: 
wandb: Run summary:
wandb:  Test loss t(0, 0)_r(5, 20)_tennis L1Loss() 0.99757
wandb: Test loss t(0, 0)_r(5, 20)_tennis MSELoss() 3.81202
wandb:             Test loss tennisEffect L1Loss() 6.12688
wandb:            Test loss tennisEffect MSELoss() 123.32963
wandb:     Train loss data_t(0, 0)_r(5, 20)_tennis 0.99741
wandb: 
wandb: ðŸš€ View run upbeat-night-102 at: https://wandb.ai/nreints/test/runs/q3k33icf
wandb: Synced 6 W&B file(s), 0 media file(s), 0 artifact file(s) and 1 other file(s)
wandb: Find logs at: ./wandb/run-20230321_123050-q3k33icf/logs
/gpfs/home2/nreints/MScThesis/code/fcnn.py:518: DeprecationWarning: Sampling from a set deprecated
since Python 3.9 and will be removed in a subsequent version.
  train_sims = set(random.sample(sims_train, int(0.8 * n_sims_train)))
wandb: - Waiting for wandb.init()...wandb: \ Waiting for wandb.init()...wandb: wandb version 0.14.0 is available!  To upgrade, please run:
wandb:  $ pip install wandb --upgrade
wandb: Tracking run with wandb version 0.13.8
wandb: Run data is saved locally in /gpfs/home2/nreints/MScThesis/code/wandb/run-20230321_125920-320qvv85
wandb: Run `wandb offline` to turn off syncing.
wandb: Syncing run hearty-jazz-109
wandb: â­ï¸ View project at https://wandb.ai/nreints/test
wandb: ðŸš€ View run at https://wandb.ai/nreints/test/runs/320qvv85
	 Logging test loss 4.51291036605835 (MSELoss(): t(0, 0)_r(5, 20)_tennis_pNone_gNone)
	 Logging test loss 1.1012084484100342 (L1Loss(): t(0, 0)_r(5, 20)_tennis_pNone_gNone)
	 Logging test loss 130.43690490722656 (MSELoss(): tennis_pNone_gNone_tennisEffect)
	 Logging test loss 6.379053592681885 (L1Loss(): tennis_pNone_gNone_tennisEffect)
     --> Epoch_time; 78.1150643825531
Epoch 17
	 Logging train Loss: 1.0470488505 (L1Loss(): data_t(0, 0)_r(5, 20)_tennis_pNone_gNone)
	 Logging test loss 4.2292609214782715 (MSELoss(): t(0, 0)_r(5, 20)_tennis_pNone_gNone)
	 Logging test loss 1.0575469732284546 (L1Loss(): t(0, 0)_r(5, 20)_tennis_pNone_gNone)
	 Logging test loss 127.63526153564453 (MSELoss(): tennis_pNone_gNone_tennisEffect)
	 Logging test loss 6.27781343460083 (L1Loss(): tennis_pNone_gNone_tennisEffect)
     --> Epoch_time; 77.43705534934998
Epoch 18
	 Logging train Loss: 1.0220533184 (L1Loss(): data_t(0, 0)_r(5, 20)_tennis_pNone_gNone)
	 Logging test loss 4.06315803527832 (MSELoss(): t(0, 0)_r(5, 20)_tennis_pNone_gNone)
	 Logging test loss 1.03950035572052 (L1Loss(): t(0, 0)_r(5, 20)_tennis_pNone_gNone)
	 Logging test loss 125.95401000976562 (MSELoss(): tennis_pNone_gNone_tennisEffect)
	 Logging test loss 6.213541030883789 (L1Loss(): tennis_pNone_gNone_tennisEffect)
     --> Epoch_time; 77.32004237174988
Epoch 19
	 Logging train Loss: 0.9974135455 (L1Loss(): data_t(0, 0)_r(5, 20)_tennis_pNone_gNone)
	 Logging test loss 3.8134169578552246 (MSELoss(): t(0, 0)_r(5, 20)_tennis_pNone_gNone)
	 Logging test loss 0.9977267980575562 (L1Loss(): t(0, 0)_r(5, 20)_tennis_pNone_gNone)
	 Logging test loss 123.34231567382812 (MSELoss(): tennis_pNone_gNone_tennisEffect)
	 Logging test loss 6.126989364624023 (L1Loss(): tennis_pNone_gNone_tennisEffect)
     --> Epoch_time; 77.27507638931274
	 Logging test loss 3.812016248703003 (MSELoss(): t(0, 0)_r(5, 20)_tennis_pNone_gNone)
	 Logging test loss 0.9975654482841492 (L1Loss(): t(0, 0)_r(5, 20)_tennis_pNone_gNone)
	 Logging test loss 123.32962799072266 (MSELoss(): tennis_pNone_gNone_tennisEffect)
	 Logging test loss 6.126884460449219 (L1Loss(): tennis_pNone_gNone_tennisEffect)
It took 1710.3647692203522 seconds to train & eval the model.
----- ITERATION 2/2 ------
Number of train simulations: 3200
Number of test simulations: 800
The dataloader took 74.31134676933289 seconds.
-- Finished Train Dataloader --
The dataloader took 18.629105806350708 seconds.
The dataloader took 18.92062497138977 seconds.
-- Finished Test Dataloader(s) --
Datatype: log_quat
--- Started Training ---
Epoch 0
	 Logging train Loss: 14.2370659722 (L1Loss(): data_t(0, 0)_r(5, 20)_tennis_pNone_gNone)
	 Logging test loss 356.38262939453125 (MSELoss(): t(0, 0)_r(5, 20)_tennis_pNone_gNone)
	 Logging test loss 12.600963592529297 (L1Loss(): t(0, 0)_r(5, 20)_tennis_pNone_gNone)
	 Logging test loss 460.12139892578125 (MSELoss(): tennis_pNone_gNone_tennisEffect)
	 Logging test loss 15.278971672058105 (L1Loss(): tennis_pNone_gNone_tennisEffect)
     --> Epoch_time; 77.1174886226654
Epoch 1
	 Logging train Loss: 11.7722566891 (L1Loss(): data_t(0, 0)_r(5, 20)_tennis_pNone_gNone)
	 Logging test loss 238.2151336669922 (MSELoss(): t(0, 0)_r(5, 20)_tennis_pNone_gNone)
	 Logging test loss 9.947054862976074 (L1Loss(): t(0, 0)_r(5, 20)_tennis_pNone_gNone)
	 Logging test loss 404.578369140625 (MSELoss(): tennis_pNone_gNone_tennisEffect)
	 Logging test loss 14.132410049438477 (L1Loss(): tennis_pNone_gNone_tennisEffect)
     --> Epoch_time; 77.04837465286255
Epoch 2
	 Logging train Loss: 5.3400014042 (L1Loss(): data_t(0, 0)_r(5, 20)_tennis_pNone_gNone)
	 Logging test loss 37.461971282958984 (MSELoss(): t(0, 0)_r(5, 20)_tennis_pNone_gNone)
	 Logging test loss 3.489832878112793 (L1Loss(): t(0, 0)_r(5, 20)_tennis_pNone_gNone)
	 Logging test loss 319.891357421875 (MSELoss(): tennis_pNone_gNone_tennisEffect)
	 Logging test loss 12.10413932800293 (L1Loss(): tennis_pNone_gNone_tennisEffect)
     --> Epoch_time; 78.16186285018921
Epoch 3
	 Logging train Loss: 3.0158544603 (L1Loss(): data_t(0, 0)_r(5, 20)_tennis_pNone_gNone)
	 Logging test loss 23.41761016845703 (MSELoss(): t(0, 0)_r(5, 20)_tennis_pNone_gNone)
	 Logging test loss 2.5927584171295166 (L1Loss(): t(0, 0)_r(5, 20)_tennis_pNone_gNone)
	 Logging test loss 262.8488464355469 (MSELoss(): tennis_pNone_gNone_tennisEffect)
	 Logging test loss 10.491751670837402 (L1Loss(): tennis_pNone_gNone_tennisEffect)
     --> Epoch_time; 78.11851596832275
Epoch 4
	 Logging train Loss: 2.3747359132 (L1Loss(): data_t(0, 0)_r(5, 20)_tennis_pNone_gNone)
	 Logging test loss 17.319028854370117 (MSELoss(): t(0, 0)_r(5, 20)_tennis_pNone_gNone)
	 Logging test loss 2.137852191925049 (L1Loss(): t(0, 0)_r(5, 20)_tennis_pNone_gNone)
	 Logging test loss 231.53402709960938 (MSELoss(): tennis_pNone_gNone_tennisEffect)
	 Logging test loss 9.539278984069824 (L1Loss(): tennis_pNone_gNone_tennisEffect)
     --> Epoch_time; 77.45841646194458
Epoch 5
	 Logging train Loss: 2.0141097324 (L1Loss(): data_t(0, 0)_r(5, 20)_tennis_pNone_gNone)
	 Logging test loss 13.852439880371094 (MSELoss(): t(0, 0)_r(5, 20)_tennis_pNone_gNone)
	 Logging test loss 1.8665581941604614 (L1Loss(): t(0, 0)_r(5, 20)_tennis_pNone_gNone)
	 Logging test loss 212.00485229492188 (MSELoss(): tennis_pNone_gNone_tennisEffect)
	 Logging test loss 8.933004379272461 (L1Loss(): tennis_pNone_gNone_tennisEffect)
     --> Epoch_time; 76.78780579566956
Epoch 6
	 Logging train Loss: 1.7825776144 (L1Loss(): data_t(0, 0)_r(5, 20)_tennis_pNone_gNone)
	 Logging test loss 11.627775192260742 (MSELoss(): t(0, 0)_r(5, 20)_tennis_pNone_gNone)
	 Logging test loss 1.6977653503417969 (L1Loss(): t(0, 0)_r(5, 20)_tennis_pNone_gNone)
	 Logging test loss 198.73667907714844 (MSELoss(): tennis_pNone_gNone_tennisEffect)
	 Logging test loss 8.523171424865723 (L1Loss(): tennis_pNone_gNone_tennisEffect)
     --> Epoch_time; 76.80533409118652
Epoch 7
	 Logging train Loss: 1.6205028659 (L1Loss(): data_t(0, 0)_r(5, 20)_tennis_pNone_gNone)
	 Logging test loss 10.01638126373291 (MSELoss(): t(0, 0)_r(5, 20)_tennis_pNone_gNone)
	 Logging test loss 1.555894136428833 (L1Loss(): t(0, 0)_r(5, 20)_tennis_pNone_gNone)
	 Logging test loss 189.5919952392578 (MSELoss(): tennis_pNone_gNone_tennisEffect)
	 Logging test loss 8.225678443908691 (L1Loss(): tennis_pNone_gNone_tennisEffect)
     --> Epoch_time; 76.93376207351685
Epoch 8
	 Logging train Loss: 1.5023804509 (L1Loss(): data_t(0, 0)_r(5, 20)_tennis_pNone_gNone)
	 Logging test loss 8.7867431640625 (MSELoss(): t(0, 0)_r(5, 20)_tennis_pNone_gNone)
	 Logging test loss 1.4456747770309448 (L1Loss(): t(0, 0)_r(5, 20)_tennis_pNone_gNone)
	 Logging test loss 181.19256591796875 (MSELoss(): tennis_pNone_gNone_tennisEffect)
	 Logging test loss 7.980347156524658 (L1Loss(): tennis_pNone_gNone_tennisEffect)
     --> Epoch_time; 77.7376868724823
Epoch 9
	 Logging train Loss: 1.406177077 (L1Loss(): data_t(0, 0)_r(5, 20)_tennis_pNone_gNone)
	 Logging test loss 7.781023025512695 (MSELoss(): t(0, 0)_r(5, 20)_tennis_pNone_gNone)
	 Logging test loss 1.3451151847839355 (L1Loss(): t(0, 0)_r(5, 20)_tennis_pNone_gNone)
	 Logging test loss 174.83462524414062 (MSELoss(): tennis_pNone_gNone_tennisEffect)
	 Logging test loss 7.781774520874023 (L1Loss(): tennis_pNone_gNone_tennisEffect)
     --> Epoch_time; 77.44481754302979
Epoch 10
	 Logging train Loss: 1.3266522576 (L1Loss(): data_t(0, 0)_r(5, 20)_tennis_pNone_gNone)
	 Logging test loss 7.112818241119385 (MSELoss(): t(0, 0)_r(5, 20)_tennis_pNone_gNone)
	 Logging test loss 1.2942397594451904 (L1Loss(): t(0, 0)_r(5, 20)_tennis_pNone_gNone)
	 Logging test loss 169.41876220703125 (MSELoss(): tennis_pNone_gNone_tennisEffect)
	 Logging test loss 7.626657485961914 (L1Loss(): tennis_pNone_gNone_tennisEffect)
     --> Epoch_time; 77.02904224395752
Epoch 11
	 Logging train Loss: 1.2632628996 (L1Loss(): data_t(0, 0)_r(5, 20)_tennis_pNone_gNone)
	 Logging test loss 6.574491024017334 (MSELoss(): t(0, 0)_r(5, 20)_tennis_pNone_gNone)
	 Logging test loss 1.2509351968765259 (L1Loss(): t(0, 0)_r(5, 20)_tennis_pNone_gNone)
	 Logging test loss 163.8556365966797 (MSELoss(): tennis_pNone_gNone_tennisEffect)
wandb: Waiting for W&B process to finish... (success).
wandb: - 0.028 MB of 0.028 MB uploaded (0.000 MB deduped)wandb: \ 0.028 MB of 0.097 MB uploaded (0.000 MB deduped)wandb: | 0.097 MB of 0.097 MB uploaded (0.000 MB deduped)wandb: / 0.097 MB of 0.097 MB uploaded (0.000 MB deduped)wandb: 
wandb: Run history:
wandb:  Test loss t(0, 0)_r(5, 20)_tennis L1Loss() â–ˆâ–†â–ƒâ–‚â–‚â–‚â–â–â–â–â–â–â–â–â–â–â–â–â–â–â–
wandb: Test loss t(0, 0)_r(5, 20)_tennis MSELoss() â–ˆâ–†â–‚â–â–â–â–â–â–â–â–â–â–â–â–â–â–â–â–â–â–
wandb:             Test loss tennisEffect L1Loss() â–ˆâ–‡â–…â–„â–ƒâ–ƒâ–ƒâ–‚â–‚â–‚â–‚â–‚â–‚â–‚â–â–â–â–â–â–â–
wandb:            Test loss tennisEffect MSELoss() â–ˆâ–‡â–…â–„â–ƒâ–ƒâ–‚â–‚â–‚â–‚â–‚â–‚â–‚â–â–â–â–â–â–â–â–
wandb:     Train loss data_t(0, 0)_r(5, 20)_tennis â–ˆâ–‡â–ƒâ–‚â–‚â–‚â–â–â–â–â–â–â–â–â–â–â–â–â–â–
wandb: 
wandb: Run summary:
wandb:  Test loss t(0, 0)_r(5, 20)_tennis L1Loss() 0.94474
wandb: Test loss t(0, 0)_r(5, 20)_tennis MSELoss() 3.88499
wandb:             Test loss tennisEffect L1Loss() 6.59346
wandb:            Test loss tennisEffect MSELoss() 135.58553
wandb:     Train loss data_t(0, 0)_r(5, 20)_tennis 0.98079
wandb: 
wandb: ðŸš€ View run hearty-jazz-109 at: https://wandb.ai/nreints/test/runs/320qvv85
wandb: Synced 6 W&B file(s), 0 media file(s), 0 artifact file(s) and 1 other file(s)
wandb: Find logs at: ./wandb/run-20230321_125920-320qvv85/logs
	 Logging test loss 7.470599174499512 (L1Loss(): tennis_pNone_gNone_tennisEffect)
     --> Epoch_time; 77.87403678894043
Epoch 12
	 Logging train Loss: 1.2092408024 (L1Loss(): data_t(0, 0)_r(5, 20)_tennis_pNone_gNone)
	 Logging test loss 5.916380882263184 (MSELoss(): t(0, 0)_r(5, 20)_tennis_pNone_gNone)
	 Logging test loss 1.1642476320266724 (L1Loss(): t(0, 0)_r(5, 20)_tennis_pNone_gNone)
	 Logging test loss 159.5275421142578 (MSELoss(): tennis_pNone_gNone_tennisEffect)
	 Logging test loss 7.3305840492248535 (L1Loss(): tennis_pNone_gNone_tennisEffect)
     --> Epoch_time; 77.544766664505
Epoch 13
	 Logging train Loss: 1.1649079765 (L1Loss(): data_t(0, 0)_r(5, 20)_tennis_pNone_gNone)
	 Logging test loss 5.5151214599609375 (MSELoss(): t(0, 0)_r(5, 20)_tennis_pNone_gNone)
	 Logging test loss 1.1300454139709473 (L1Loss(): t(0, 0)_r(5, 20)_tennis_pNone_gNone)
	 Logging test loss 155.5928192138672 (MSELoss(): tennis_pNone_gNone_tennisEffect)
	 Logging test loss 7.21556282043457 (L1Loss(): tennis_pNone_gNone_tennisEffect)
     --> Epoch_time; 77.6640477180481
Epoch 14
	 Logging train Loss: 1.1247135736 (L1Loss(): data_t(0, 0)_r(5, 20)_tennis_pNone_gNone)
	 Logging test loss 5.186773300170898 (MSELoss(): t(0, 0)_r(5, 20)_tennis_pNone_gNone)
	 Logging test loss 1.1028720140457153 (L1Loss(): t(0, 0)_r(5, 20)_tennis_pNone_gNone)
	 Logging test loss 151.5684356689453 (MSELoss(): tennis_pNone_gNone_tennisEffect)
	 Logging test loss 7.104840278625488 (L1Loss(): tennis_pNone_gNone_tennisEffect)
     --> Epoch_time; 78.85137057304382
Epoch 15
	 Logging train Loss: 1.0889366 (L1Loss(): data_t(0, 0)_r(5, 20)_tennis_pNone_gNone)
	 Logging test loss 4.862462043762207 (MSELoss(): t(0, 0)_r(5, 20)_tennis_pNone_gNone)
	 Logging test loss 1.0689260959625244 (L1Loss(): t(0, 0)_r(5, 20)_tennis_pNone_gNone)
	 Logging test loss 147.6648406982422 (MSELoss(): tennis_pNone_gNone_tennisEffect)
	 Logging test loss 6.980834007263184 (L1Loss(): tennis_pNone_gNone_tennisEffect)
     --> Epoch_time; 78.14091444015503
Epoch 16
	 Logging train Loss: 1.0576672124 (L1Loss(): data_t(0, 0)_r(5, 20)_tennis_pNone_gNone)
	 Logging test loss 4.624053478240967 (MSELoss(): t(0, 0)_r(5, 20)_tennis_pNone_gNone)
	 Logging test loss 1.0435996055603027 (L1Loss(): t(0, 0)_r(5, 20)_tennis_pNone_gNone)
	 Logging test loss 144.78005981445312 (MSELoss(): tennis_pNone_gNone_tennisEffect)
	 Logging test loss 6.885382175445557 (L1Loss(): tennis_pNone_gNone_tennisEffect)
     --> Epoch_time; 77.45523405075073
Epoch 17
	 Logging train Loss: 1.0301800896 (L1Loss(): data_t(0, 0)_r(5, 20)_tennis_pNone_gNone)
	 Logging test loss 4.4025492668151855 (MSELoss(): t(0, 0)_r(5, 20)_tennis_pNone_gNone)
	 Logging test loss 1.02908456325531 (L1Loss(): t(0, 0)_r(5, 20)_tennis_pNone_gNone)
	 Logging test loss 141.66078186035156 (MSELoss(): tennis_pNone_gNone_tennisEffect)
	 Logging test loss 6.797845840454102 (L1Loss(): tennis_pNone_gNone_tennisEffect)
     --> Epoch_time; 77.43911004066467
Epoch 18
	 Logging train Loss: 1.00405066 (L1Loss(): data_t(0, 0)_r(5, 20)_tennis_pNone_gNone)
	 Logging test loss 4.132949352264404 (MSELoss(): t(0, 0)_r(5, 20)_tennis_pNone_gNone)
	 Logging test loss 0.9860742092132568 (L1Loss(): t(0, 0)_r(5, 20)_tennis_pNone_gNone)
	 Logging test loss 138.43240356445312 (MSELoss(): tennis_pNone_gNone_tennisEffect)
	 Logging test loss 6.697732925415039 (L1Loss(): tennis_pNone_gNone_tennisEffect)
     --> Epoch_time; 76.86653208732605
Epoch 19
	 Logging train Loss: 0.9807921964 (L1Loss(): data_t(0, 0)_r(5, 20)_tennis_pNone_gNone)
	 Logging test loss 3.8836090564727783 (MSELoss(): t(0, 0)_r(5, 20)_tennis_pNone_gNone)
	 Logging test loss 0.9447148442268372 (L1Loss(): t(0, 0)_r(5, 20)_tennis_pNone_gNone)
	 Logging test loss 135.58319091796875 (MSELoss(): tennis_pNone_gNone_tennisEffect)
	 Logging test loss 6.594366550445557 (L1Loss(): tennis_pNone_gNone_tennisEffect)
     --> Epoch_time; 77.23241829872131
	 Logging test loss 3.884986400604248 (MSELoss(): t(0, 0)_r(5, 20)_tennis_pNone_gNone)
	 Logging test loss 0.9447441697120667 (L1Loss(): t(0, 0)_r(5, 20)_tennis_pNone_gNone)
	 Logging test loss 135.5855255126953 (MSELoss(): tennis_pNone_gNone_tennisEffect)
	 Logging test loss 6.593460559844971 (L1Loss(): tennis_pNone_gNone_tennisEffect)
It took 1701.181022644043 seconds to train & eval the model.

JOB STATISTICS
==============
Job ID: 2479489
Array Job ID: 2478465_14
Cluster: snellius
User/Group: nreints/nreints
State: COMPLETED (exit code 0)
Nodes: 1
Cores per node: 18
CPU Utilized: 05:15:36
CPU Efficiency: 30.68% of 17:08:42 core-walltime
Job Wall-clock time: 00:57:09
Memory Utilized: 9.69 GB
Memory Efficiency: 31.02% of 31.25 GB
