/home/nreints/.conda/envs/thesis/lib/python3.10/site-packages/torch/cuda/__init__.py:88: UserWarning: CUDA initialization: CUDA driver initialization failed, you might not have a CUDA gpu. (Triggered internally at /opt/conda/conda-bld/pytorch_1670525541990/work/c10/cuda/CUDAFunctions.cpp:109.)
  return torch._C._cuda_getDeviceCount() > 0
usage: fcnn.py [-h] [-mode_wandb MODE_WANDB] [-data_dir_train DATA_DIR_TRAIN]
               [-data_type DATA_TYPE] [-iterations ITERATIONS]
fcnn.py: error: argument -iterations: invalid int value: '"10"'
srun: error: gcn41: task 0: Exited with exit code 2
srun: launch/slurm: _step_signal: Terminating StepId=2134873.0

JOB STATISTICS
==============
Job ID: 2134873
Array Job ID: 2134847_23
Cluster: snellius
User/Group: nreints/nreints
State: RUNNING
Nodes: 1
Cores per node: 18
CPU Utilized: 00:00:00
CPU Efficiency: 0.00% of 00:03:54 core-walltime
Job Wall-clock time: 00:00:13
Memory Utilized: 0.00 MB (estimated maximum)
Memory Efficiency: 0.00% of 31.25 GB (31.25 GB/node)
WARNING: Efficiency statistics may be misleading for RUNNING jobs.
