wandb: Currently logged in as: nreints. Use `wandb login --relogin` to force relogin
wandb: Appending key for api.wandb.ai to your netrc file: /home/nreints/.netrc
/gpfs/home2/nreints/MScThesis/code/fcnn.py:521: DeprecationWarning: Sampling from a set deprecated
since Python 3.9 and will be removed in a subsequent version.
  train_sims = set(random.sample(sims_train, int(0.8 * n_sims_train)))
wandb: wandb version 0.14.0 is available!  To upgrade, please run:
wandb:  $ pip install wandb --upgrade
wandb: Tracking run with wandb version 0.13.8
wandb: Run data is saved locally in /gpfs/home2/nreints/MScThesis/code/wandb/run-20230321_154400-edppbzuw
wandb: Run `wandb offline` to turn off syncing.
wandb: Syncing run rare-rain-138
wandb: ⭐️ View project at https://wandb.ai/nreints/test
wandb: 🚀 View run at https://wandb.ai/nreints/test/runs/edppbzuw
slurmstepd: error: *** STEP 2481759.0 ON gcn4 CANCELLED AT 2023-03-21T15:53:18 ***
slurmstepd: error: *** JOB 2481759 ON gcn4 CANCELLED AT 2023-03-21T15:53:18 ***
srun: Job step aborted: Waiting up to 32 seconds for job step to finish.

JOB STATISTICS
==============
Job ID: 2481759
Array Job ID: 2481758_1
Cluster: snellius
User/Group: nreints/nreints
State: CANCELLED (exit code 0)
Nodes: 1
Cores per node: 18
CPU Utilized: 01:09:07
CPU Efficiency: 40.07% of 02:52:30 core-walltime
Job Wall-clock time: 00:09:35
Memory Utilized: 24.36 GB
Memory Efficiency: 83.14% of 29.30 GB
