wandb: Currently logged in as: nreints. Use `wandb login --relogin` to force relogin
wandb: Appending key for api.wandb.ai to your netrc file: /home/nreints/.netrc
/gpfs/home2/nreints/MScThesis/code/fcnn.py:521: DeprecationWarning: Sampling from a set deprecated
since Python 3.9 and will be removed in a subsequent version.
  train_sims = set(random.sample(sims_train, int(0.8 * n_sims_train)))
wandb: wandb version 0.14.0 is available!  To upgrade, please run:
wandb:  $ pip install wandb --upgrade
wandb: Tracking run with wandb version 0.13.8
wandb: Run data is saved locally in /gpfs/home2/nreints/MScThesis/code/wandb/run-20230321_154520-9jwnoros
wandb: Run `wandb offline` to turn off syncing.
wandb: Syncing run proud-breeze-142
wandb: ⭐️ View project at https://wandb.ai/nreints/test
wandb: 🚀 View run at https://wandb.ai/nreints/test/runs/9jwnoros
slurmstepd: error: *** JOB 2481775 ON gcn60 CANCELLED AT 2023-03-21T15:53:18 ***
slurmstepd: error: *** STEP 2481775.0 ON gcn60 CANCELLED AT 2023-03-21T15:53:18 ***

JOB STATISTICS
==============
Job ID: 2481775
Array Job ID: 2481758_9
Cluster: snellius
User/Group: nreints/nreints
State: CANCELLED (exit code 0)
Nodes: 1
Cores per node: 18
CPU Utilized: 00:00:01
CPU Efficiency: 0.01% of 02:27:36 core-walltime
Job Wall-clock time: 00:08:12
Memory Utilized: 6.11 MB
Memory Efficiency: 0.02% of 29.30 GB
