wandb: Currently logged in as: nreints. Use `wandb login --relogin` to force relogin
wandb: Appending key for api.wandb.ai to your netrc file: /home/nreints/.netrc
usage: fcnn.py [-h] [-mode_wandb MODE_WANDB] [-data_dir_train DATA_DIR_TRAIN]
               [-data_type DATA_TYPE] [-iterations ITERATIONS]
fcnn.py: error: unrecognized arguments: 0\)_r\(0\,\ 0\)_none
srun: error: gcn38: task 0: Exited with exit code 2
srun: launch/slurm: _step_signal: Terminating StepId=2135174.0

JOB STATISTICS
==============
Job ID: 2135174
Array Job ID: 2135169_5
Cluster: snellius
User/Group: nreints/nreints
State: RUNNING
Nodes: 1
Cores per node: 18
CPU Utilized: 00:00:00
CPU Efficiency: 0.00% of 00:03:54 core-walltime
Job Wall-clock time: 00:00:13
Memory Utilized: 0.00 MB (estimated maximum)
Memory Efficiency: 0.00% of 31.25 GB (31.25 GB/node)
WARNING: Efficiency statistics may be misleading for RUNNING jobs.
