wandb: Currently logged in as: nreints. Use `wandb login --relogin` to force relogin
wandb: Appending key for api.wandb.ai to your netrc file: /home/nreints/.netrc
/gpfs/home2/nreints/MScThesis/code/fcnn.py:518: DeprecationWarning: Sampling from a set deprecated
since Python 3.9 and will be removed in a subsequent version.
  train_sims = set(random.sample(sims_train, int(0.8 * n_sims_train)))
wandb: wandb version 0.14.0 is available!  To upgrade, please run:
wandb:  $ pip install wandb --upgrade
wandb: Tracking run with wandb version 0.13.8
wandb: Run data is saved locally in /gpfs/home2/nreints/MScThesis/code/wandb/run-20230321_103959-wpct6hwx
wandb: Run `wandb offline` to turn off syncing.
wandb: Syncing run woven-cloud-75
wandb: â­ï¸ View project at https://wandb.ai/nreints/test
wandb: ðŸš€ View run at https://wandb.ai/nreints/test/runs/wpct6hwx
Testing on datasets: ['data_t(0, 0)_r(5, 20)_tennis_pNone_gNone', 'data_tennis_pNone_gNone_tennisEffect']
----- ITERATION 1/2 ------
Number of train simulations: 3200
Number of test simulations: 800
The dataloader took 83.7364571094513 seconds.
-- Finished Train Dataloader --
The dataloader took 20.75625777244568 seconds.
The dataloader took 21.506540060043335 seconds.
-- Finished Test Dataloader(s) --
Datatype: pos
--- Started Training ---
Epoch 0
	 Logging train Loss: 10.1939912684 (MSELoss(): data_t(0, 0)_r(5, 20)_tennis_pNone_gNone)
	 Logging test loss 0.40076422691345215 (MSELoss(): t(0, 0)_r(5, 20)_tennis_pNone_gNone)
	 Logging test loss 0.4609161913394928 (L1Loss(): t(0, 0)_r(5, 20)_tennis_pNone_gNone)
	 Logging test loss 112.05519104003906 (MSELoss(): tennis_pNone_gNone_tennisEffect)
	 Logging test loss 5.825403213500977 (L1Loss(): tennis_pNone_gNone_tennisEffect)
     --> Epoch_time; 74.27626538276672
Epoch 1
	 Logging train Loss: 0.1943338432 (MSELoss(): data_t(0, 0)_r(5, 20)_tennis_pNone_gNone)
	 Logging test loss 0.08863203227519989 (MSELoss(): t(0, 0)_r(5, 20)_tennis_pNone_gNone)
	 Logging test loss 0.21338820457458496 (L1Loss(): t(0, 0)_r(5, 20)_tennis_pNone_gNone)
	 Logging test loss 124.08538818359375 (MSELoss(): tennis_pNone_gNone_tennisEffect)
	 Logging test loss 5.422207355499268 (L1Loss(): tennis_pNone_gNone_tennisEffect)
     --> Epoch_time; 73.83522415161133
Epoch 2
	 Logging train Loss: 0.0615053912 (MSELoss(): data_t(0, 0)_r(5, 20)_tennis_pNone_gNone)
	 Logging test loss 0.04343034699559212 (MSELoss(): t(0, 0)_r(5, 20)_tennis_pNone_gNone)
	 Logging test loss 0.14621052145957947 (L1Loss(): t(0, 0)_r(5, 20)_tennis_pNone_gNone)
	 Logging test loss 115.47427368164062 (MSELoss(): tennis_pNone_gNone_tennisEffect)
	 Logging test loss 5.043123722076416 (L1Loss(): tennis_pNone_gNone_tennisEffect)
     --> Epoch_time; 71.14224457740784
Epoch 3
	 Logging train Loss: 0.0361493927 (MSELoss(): data_t(0, 0)_r(5, 20)_tennis_pNone_gNone)
	 Logging test loss 0.030849000439047813 (MSELoss(): t(0, 0)_r(5, 20)_tennis_pNone_gNone)
	 Logging test loss 0.12251795083284378 (L1Loss(): t(0, 0)_r(5, 20)_tennis_pNone_gNone)
	 Logging test loss 108.44226837158203 (MSELoss(): tennis_pNone_gNone_tennisEffect)
	 Logging test loss 4.7237629890441895 (L1Loss(): tennis_pNone_gNone_tennisEffect)
     --> Epoch_time; 74.47292375564575
Epoch 4
	 Logging train Loss: 0.0265785741 (MSELoss(): data_t(0, 0)_r(5, 20)_tennis_pNone_gNone)
	 Logging test loss 0.022946694865822792 (MSELoss(): t(0, 0)_r(5, 20)_tennis_pNone_gNone)
	 Logging test loss 0.10439091920852661 (L1Loss(): t(0, 0)_r(5, 20)_tennis_pNone_gNone)
	 Logging test loss 104.88408660888672 (MSELoss(): tennis_pNone_gNone_tennisEffect)
	 Logging test loss 4.5576629638671875 (L1Loss(): tennis_pNone_gNone_tennisEffect)
     --> Epoch_time; 70.5679669380188
Epoch 5
	 Logging train Loss: 0.0212101731 (MSELoss(): data_t(0, 0)_r(5, 20)_tennis_pNone_gNone)
	 Logging test loss 0.018876465037465096 (MSELoss(): t(0, 0)_r(5, 20)_tennis_pNone_gNone)
	 Logging test loss 0.09415804594755173 (L1Loss(): t(0, 0)_r(5, 20)_tennis_pNone_gNone)
	 Logging test loss 103.18306732177734 (MSELoss(): tennis_pNone_gNone_tennisEffect)
	 Logging test loss 4.470603942871094 (L1Loss(): tennis_pNone_gNone_tennisEffect)
     --> Epoch_time; 75.84581971168518
Epoch 6
	 Logging train Loss: 0.0178459404 (MSELoss(): data_t(0, 0)_r(5, 20)_tennis_pNone_gNone)
	 Logging test loss 0.017310382798314095 (MSELoss(): t(0, 0)_r(5, 20)_tennis_pNone_gNone)
	 Logging test loss 0.0906023234128952 (L1Loss(): t(0, 0)_r(5, 20)_tennis_pNone_gNone)
	 Logging test loss 101.9210205078125 (MSELoss(): tennis_pNone_gNone_tennisEffect)
	 Logging test loss 4.408805847167969 (L1Loss(): tennis_pNone_gNone_tennisEffect)
     --> Epoch_time; 76.88975143432617
Epoch 7
	 Logging train Loss: 0.0153688194 (MSELoss(): data_t(0, 0)_r(5, 20)_tennis_pNone_gNone)
	 Logging test loss 0.014103570021688938 (MSELoss(): t(0, 0)_r(5, 20)_tennis_pNone_gNone)
	 Logging test loss 0.08117354661226273 (L1Loss(): t(0, 0)_r(5, 20)_tennis_pNone_gNone)
	 Logging test loss 100.84935760498047 (MSELoss(): tennis_pNone_gNone_tennisEffect)
	 Logging test loss 4.359307765960693 (L1Loss(): tennis_pNone_gNone_tennisEffect)
     --> Epoch_time; 76.17227053642273
Epoch 8
	 Logging train Loss: 0.0134502199 (MSELoss(): data_t(0, 0)_r(5, 20)_tennis_pNone_gNone)
	 Logging test loss 0.012363827787339687 (MSELoss(): t(0, 0)_r(5, 20)_tennis_pNone_gNone)
	 Logging test loss 0.07599806040525436 (L1Loss(): t(0, 0)_r(5, 20)_tennis_pNone_gNone)
	 Logging test loss 99.75157165527344 (MSELoss(): tennis_pNone_gNone_tennisEffect)
	 Logging test loss 4.310229778289795 (L1Loss(): tennis_pNone_gNone_tennisEffect)
     --> Epoch_time; 74.6211850643158
Epoch 9
	 Logging train Loss: 0.0119278303 (MSELoss(): data_t(0, 0)_r(5, 20)_tennis_pNone_gNone)
	 Logging test loss 0.010957276448607445 (MSELoss(): t(0, 0)_r(5, 20)_tennis_pNone_gNone)
	 Logging test loss 0.07169065624475479 (L1Loss(): t(0, 0)_r(5, 20)_tennis_pNone_gNone)
	 Logging test loss 98.8238525390625 (MSELoss(): tennis_pNone_gNone_tennisEffect)
	 Logging test loss 4.272145748138428 (L1Loss(): tennis_pNone_gNone_tennisEffect)
     --> Epoch_time; 75.25876688957214
Epoch 10
	 Logging train Loss: 0.0106432634 (MSELoss(): data_t(0, 0)_r(5, 20)_tennis_pNone_gNone)
	 Logging test loss 0.011740523390471935 (MSELoss(): t(0, 0)_r(5, 20)_tennis_pNone_gNone)
	 Logging test loss 0.07520599663257599 (L1Loss(): t(0, 0)_r(5, 20)_tennis_pNone_gNone)
	 Logging test loss 97.80668640136719 (MSELoss(): tennis_pNone_gNone_tennisEffect)
	 Logging test loss 4.225642204284668 (L1Loss(): tennis_pNone_gNone_tennisEffect)
     --> Epoch_time; 71.8503930568695
Epoch 11
	 Logging train Loss: 0.0095962711 (MSELoss(): data_t(0, 0)_r(5, 20)_tennis_pNone_gNone)
	 Logging test loss 0.01009721402078867 (MSELoss(): t(0, 0)_r(5, 20)_tennis_pNone_gNone)
	 Logging test loss 0.07005737721920013 (L1Loss(): t(0, 0)_r(5, 20)_tennis_pNone_gNone)
	 Logging test loss 96.6629409790039 (MSELoss(): tennis_pNone_gNone_tennisEffect)
	 Logging test loss 4.179315567016602 (L1Loss(): tennis_pNone_gNone_tennisEffect)
     --> Epoch_time; 74.75540232658386
Epoch 12
	 Logging train Loss: 0.0087401614 (MSELoss(): data_t(0, 0)_r(5, 20)_tennis_pNone_gNone)
	 Logging test loss 0.007950861006975174 (MSELoss(): t(0, 0)_r(5, 20)_tennis_pNone_gNone)
	 Logging test loss 0.06127770245075226 (L1Loss(): t(0, 0)_r(5, 20)_tennis_pNone_gNone)
	 Logging test loss 95.79862213134766 (MSELoss(): tennis_pNone_gNone_tennisEffect)
	 Logging test loss 4.144071578979492 (L1Loss(): tennis_pNone_gNone_tennisEffect)
     --> Epoch_time; 70.65009307861328
Epoch 13
	 Logging train Loss: 0.0079878221 (MSELoss(): data_t(0, 0)_r(5, 20)_tennis_pNone_gNone)
	 Logging test loss 0.008215994574129581 (MSELoss(): t(0, 0)_r(5, 20)_tennis_pNone_gNone)
	 Logging test loss 0.06307527422904968 (L1Loss(): t(0, 0)_r(5, 20)_tennis_pNone_gNone)
	 Logging test loss 94.82830047607422 (MSELoss(): tennis_pNone_gNone_tennisEffect)
	 Logging test loss 4.103305816650391 (L1Loss(): tennis_pNone_gNone_tennisEffect)
     --> Epoch_time; 75.99119973182678
Epoch 14
	 Logging train Loss: 0.0073844018 (MSELoss(): data_t(0, 0)_r(5, 20)_tennis_pNone_gNone)
	 Logging test loss 0.006847398355603218 (MSELoss(): t(0, 0)_r(5, 20)_tennis_pNone_gNone)
	 Logging test loss 0.05722483620047569 (L1Loss(): t(0, 0)_r(5, 20)_tennis_pNone_gNone)
	 Logging test loss 93.9681167602539 (MSELoss(): tennis_pNone_gNone_tennisEffect)
	 Logging test loss 4.062479019165039 (L1Loss(): tennis_pNone_gNone_tennisEffect)
     --> Epoch_time; 75.21384906768799
Epoch 15
	 Logging train Loss: 0.0068465513 (MSELoss(): data_t(0, 0)_r(5, 20)_tennis_pNone_gNone)
	 Logging test loss 0.006819713860750198 (MSELoss(): t(0, 0)_r(5, 20)_tennis_pNone_gNone)
	 Logging test loss 0.057497914880514145 (L1Loss(): t(0, 0)_r(5, 20)_tennis_pNone_gNone)
	 Logging test loss 93.11663818359375 (MSELoss(): tennis_pNone_gNone_tennisEffect)
	 Logging test loss 4.024823188781738 (L1Loss(): tennis_pNone_gNone_tennisEffect)
     --> Epoch_time; 75.10362076759338
Epoch 16
wandb: Waiting for W&B process to finish... (success).
wandb: 
wandb: Run history:
wandb:  Test loss t(0, 0)_r(5, 20)_tennis L1Loss() â–ˆâ–„â–ƒâ–‚â–‚â–‚â–‚â–‚â–â–â–â–â–â–â–â–â–â–â–â–â–
wandb: Test loss t(0, 0)_r(5, 20)_tennis MSELoss() â–ˆâ–‚â–‚â–â–â–â–â–â–â–â–â–â–â–â–â–â–â–â–â–â–
wandb:             Test loss tennisEffect L1Loss() â–ˆâ–‡â–…â–„â–ƒâ–ƒâ–ƒâ–ƒâ–‚â–‚â–‚â–‚â–‚â–‚â–‚â–â–â–â–â–â–
wandb:            Test loss tennisEffect MSELoss() â–…â–ˆâ–†â–…â–„â–„â–ƒâ–ƒâ–ƒâ–ƒâ–ƒâ–‚â–‚â–‚â–‚â–‚â–â–â–â–â–
wandb:     Train loss data_t(0, 0)_r(5, 20)_tennis â–ˆâ–â–â–â–â–â–â–â–â–â–â–â–â–â–â–â–â–â–â–
wandb: 
wandb: Run summary:
wandb:  Test loss t(0, 0)_r(5, 20)_tennis L1Loss() 0.05099
wandb: Test loss t(0, 0)_r(5, 20)_tennis MSELoss() 0.00538
wandb:             Test loss tennisEffect L1Loss() 3.90275
wandb:            Test loss tennisEffect MSELoss() 90.45968
wandb:     Train loss data_t(0, 0)_r(5, 20)_tennis 0.00541
wandb: 
wandb: ðŸš€ View run woven-cloud-75 at: https://wandb.ai/nreints/test/runs/wpct6hwx
wandb: Synced 6 W&B file(s), 0 media file(s), 2 artifact file(s) and 1 other file(s)
wandb: Find logs at: ./wandb/run-20230321_103959-wpct6hwx/logs
/gpfs/home2/nreints/MScThesis/code/fcnn.py:518: DeprecationWarning: Sampling from a set deprecated
since Python 3.9 and will be removed in a subsequent version.
  train_sims = set(random.sample(sims_train, int(0.8 * n_sims_train)))
wandb: - Waiting for wandb.init()...wandb: \ Waiting for wandb.init()...wandb: wandb version 0.14.0 is available!  To upgrade, please run:
wandb:  $ pip install wandb --upgrade
wandb: Tracking run with wandb version 0.13.8
wandb: Run data is saved locally in /gpfs/home2/nreints/MScThesis/code/wandb/run-20230321_110727-u6sx41eg
wandb: Run `wandb offline` to turn off syncing.
wandb: Syncing run sage-paper-76
wandb: â­ï¸ View project at https://wandb.ai/nreints/test
wandb: ðŸš€ View run at https://wandb.ai/nreints/test/runs/u6sx41eg
	 Logging train Loss: 0.0064298655 (MSELoss(): data_t(0, 0)_r(5, 20)_tennis_pNone_gNone)
	 Logging test loss 0.006537747103720903 (MSELoss(): t(0, 0)_r(5, 20)_tennis_pNone_gNone)
	 Logging test loss 0.056436020880937576 (L1Loss(): t(0, 0)_r(5, 20)_tennis_pNone_gNone)
	 Logging test loss 92.46601104736328 (MSELoss(): tennis_pNone_gNone_tennisEffect)
	 Logging test loss 3.998490571975708 (L1Loss(): tennis_pNone_gNone_tennisEffect)
     --> Epoch_time; 73.89602303504944
Epoch 17
	 Logging train Loss: 0.0060212603 (MSELoss(): data_t(0, 0)_r(5, 20)_tennis_pNone_gNone)
	 Logging test loss 0.005672106985002756 (MSELoss(): t(0, 0)_r(5, 20)_tennis_pNone_gNone)
	 Logging test loss 0.0522744320333004 (L1Loss(): t(0, 0)_r(5, 20)_tennis_pNone_gNone)
	 Logging test loss 91.81566619873047 (MSELoss(): tennis_pNone_gNone_tennisEffect)
	 Logging test loss 3.967794418334961 (L1Loss(): tennis_pNone_gNone_tennisEffect)
     --> Epoch_time; 74.75529789924622
Epoch 18
	 Logging train Loss: 0.0057297127 (MSELoss(): data_t(0, 0)_r(5, 20)_tennis_pNone_gNone)
	 Logging test loss 0.005813200492411852 (MSELoss(): t(0, 0)_r(5, 20)_tennis_pNone_gNone)
	 Logging test loss 0.05322401598095894 (L1Loss(): t(0, 0)_r(5, 20)_tennis_pNone_gNone)
	 Logging test loss 91.07564544677734 (MSELoss(): tennis_pNone_gNone_tennisEffect)
	 Logging test loss 3.930462121963501 (L1Loss(): tennis_pNone_gNone_tennisEffect)
     --> Epoch_time; 72.67842197418213
Epoch 19
	 Logging train Loss: 0.0054059309 (MSELoss(): data_t(0, 0)_r(5, 20)_tennis_pNone_gNone)
	 Logging test loss 0.0053793890401721 (MSELoss(): t(0, 0)_r(5, 20)_tennis_pNone_gNone)
	 Logging test loss 0.05099288001656532 (L1Loss(): t(0, 0)_r(5, 20)_tennis_pNone_gNone)
	 Logging test loss 90.45535278320312 (MSELoss(): tennis_pNone_gNone_tennisEffect)
	 Logging test loss 3.9028501510620117 (L1Loss(): tennis_pNone_gNone_tennisEffect)
     --> Epoch_time; 75.23890042304993
	 Logging test loss 0.005379260517656803 (MSELoss(): t(0, 0)_r(5, 20)_tennis_pNone_gNone)
	 Logging test loss 0.05099281296133995 (L1Loss(): t(0, 0)_r(5, 20)_tennis_pNone_gNone)
	 Logging test loss 90.45967864990234 (MSELoss(): tennis_pNone_gNone_tennisEffect)
	 Logging test loss 3.90274715423584 (L1Loss(): tennis_pNone_gNone_tennisEffect)
It took 1647.9502084255219 seconds to train & eval the model.
----- ITERATION 2/2 ------
Number of train simulations: 3200
Number of test simulations: 800
The dataloader took 77.48271059989929 seconds.
-- Finished Train Dataloader --
The dataloader took 19.086787939071655 seconds.
The dataloader took 19.64785146713257 seconds.
-- Finished Test Dataloader(s) --
Datatype: pos
--- Started Training ---
Epoch 0
	 Logging train Loss: 10.2395980137 (MSELoss(): data_t(0, 0)_r(5, 20)_tennis_pNone_gNone)
	 Logging test loss 0.41246333718299866 (MSELoss(): t(0, 0)_r(5, 20)_tennis_pNone_gNone)
	 Logging test loss 0.4645129144191742 (L1Loss(): t(0, 0)_r(5, 20)_tennis_pNone_gNone)
	 Logging test loss 109.12091827392578 (MSELoss(): tennis_pNone_gNone_tennisEffect)
	 Logging test loss 5.89748477935791 (L1Loss(): tennis_pNone_gNone_tennisEffect)
     --> Epoch_time; 75.07706713676453
Epoch 1
	 Logging train Loss: 0.1893418854 (MSELoss(): data_t(0, 0)_r(5, 20)_tennis_pNone_gNone)
	 Logging test loss 0.09213008731603622 (MSELoss(): t(0, 0)_r(5, 20)_tennis_pNone_gNone)
	 Logging test loss 0.21642637252807617 (L1Loss(): t(0, 0)_r(5, 20)_tennis_pNone_gNone)
	 Logging test loss 119.38671112060547 (MSELoss(): tennis_pNone_gNone_tennisEffect)
	 Logging test loss 5.238020420074463 (L1Loss(): tennis_pNone_gNone_tennisEffect)
     --> Epoch_time; 76.02889847755432
Epoch 2
	 Logging train Loss: 0.0600237429 (MSELoss(): data_t(0, 0)_r(5, 20)_tennis_pNone_gNone)
	 Logging test loss 0.04867440462112427 (MSELoss(): t(0, 0)_r(5, 20)_tennis_pNone_gNone)
	 Logging test loss 0.15428367257118225 (L1Loss(): t(0, 0)_r(5, 20)_tennis_pNone_gNone)
	 Logging test loss 114.732666015625 (MSELoss(): tennis_pNone_gNone_tennisEffect)
	 Logging test loss 4.946465015411377 (L1Loss(): tennis_pNone_gNone_tennisEffect)
     --> Epoch_time; 72.40397047996521
Epoch 3
	 Logging train Loss: 0.0369048 (MSELoss(): data_t(0, 0)_r(5, 20)_tennis_pNone_gNone)
	 Logging test loss 0.03371733799576759 (MSELoss(): t(0, 0)_r(5, 20)_tennis_pNone_gNone)
	 Logging test loss 0.12579315900802612 (L1Loss(): t(0, 0)_r(5, 20)_tennis_pNone_gNone)
	 Logging test loss 110.2469253540039 (MSELoss(): tennis_pNone_gNone_tennisEffect)
	 Logging test loss 4.7291741371154785 (L1Loss(): tennis_pNone_gNone_tennisEffect)
     --> Epoch_time; 74.99572777748108
Epoch 4
	 Logging train Loss: 0.0277056999 (MSELoss(): data_t(0, 0)_r(5, 20)_tennis_pNone_gNone)
	 Logging test loss 0.02640696056187153 (MSELoss(): t(0, 0)_r(5, 20)_tennis_pNone_gNone)
	 Logging test loss 0.11038926988840103 (L1Loss(): t(0, 0)_r(5, 20)_tennis_pNone_gNone)
	 Logging test loss 107.81636047363281 (MSELoss(): tennis_pNone_gNone_tennisEffect)
	 Logging test loss 4.612094879150391 (L1Loss(): tennis_pNone_gNone_tennisEffect)
     --> Epoch_time; 71.56202244758606
Epoch 5
	 Logging train Loss: 0.0226448707 (MSELoss(): data_t(0, 0)_r(5, 20)_tennis_pNone_gNone)
	 Logging test loss 0.02304886281490326 (MSELoss(): t(0, 0)_r(5, 20)_tennis_pNone_gNone)
	 Logging test loss 0.10231425613164902 (L1Loss(): t(0, 0)_r(5, 20)_tennis_pNone_gNone)
	 Logging test loss 105.96851348876953 (MSELoss(): tennis_pNone_gNone_tennisEffect)
	 Logging test loss 4.528021812438965 (L1Loss(): tennis_pNone_gNone_tennisEffect)
     --> Epoch_time; 77.17173147201538
Epoch 6
	 Logging train Loss: 0.0192247366 (MSELoss(): data_t(0, 0)_r(5, 20)_tennis_pNone_gNone)
	 Logging test loss 0.019477030262351036 (MSELoss(): t(0, 0)_r(5, 20)_tennis_pNone_gNone)
	 Logging test loss 0.09349841624498367 (L1Loss(): t(0, 0)_r(5, 20)_tennis_pNone_gNone)
	 Logging test loss 104.48323059082031 (MSELoss(): tennis_pNone_gNone_tennisEffect)
	 Logging test loss 4.465263843536377 (L1Loss(): tennis_pNone_gNone_tennisEffect)
     --> Epoch_time; 75.76960825920105
Epoch 7
	 Logging train Loss: 0.016516496 (MSELoss(): data_t(0, 0)_r(5, 20)_tennis_pNone_gNone)
	 Logging test loss 0.016902336850762367 (MSELoss(): t(0, 0)_r(5, 20)_tennis_pNone_gNone)
	 Logging test loss 0.08766975998878479 (L1Loss(): t(0, 0)_r(5, 20)_tennis_pNone_gNone)
	 Logging test loss 102.98634338378906 (MSELoss(): tennis_pNone_gNone_tennisEffect)
	 Logging test loss 4.405214309692383 (L1Loss(): tennis_pNone_gNone_tennisEffect)
     --> Epoch_time; 76.173508644104
Epoch 8
	 Logging train Loss: 0.014370366 (MSELoss(): data_t(0, 0)_r(5, 20)_tennis_pNone_gNone)
	 Logging test loss 0.014810060150921345 (MSELoss(): t(0, 0)_r(5, 20)_tennis_pNone_gNone)
	 Logging test loss 0.08181191980838776 (L1Loss(): t(0, 0)_r(5, 20)_tennis_pNone_gNone)
	 Logging test loss 101.81851196289062 (MSELoss(): tennis_pNone_gNone_tennisEffect)
	 Logging test loss 4.353214740753174 (L1Loss(): tennis_pNone_gNone_tennisEffect)
     --> Epoch_time; 76.7163987159729
Epoch 9
	 Logging train Loss: 0.0126471837 (MSELoss(): data_t(0, 0)_r(5, 20)_tennis_pNone_gNone)
	 Logging test loss 0.013081172481179237 (MSELoss(): t(0, 0)_r(5, 20)_tennis_pNone_gNone)
	 Logging test loss 0.07728913426399231 (L1Loss(): t(0, 0)_r(5, 20)_tennis_pNone_gNone)
	 Logging test loss 100.79035949707031 (MSELoss(): tennis_pNone_gNone_tennisEffect)
	 Logging test loss 4.310110092163086 (L1Loss(): tennis_pNone_gNone_tennisEffect)
     --> Epoch_time; 75.81440091133118
Epoch 10
	 Logging train Loss: 0.0112299564 (MSELoss(): data_t(0, 0)_r(5, 20)_tennis_pNone_gNone)
	 Logging test loss 0.011591227725148201 (MSELoss(): t(0, 0)_r(5, 20)_tennis_pNone_gNone)
	 Logging test loss 0.07259723544120789 (L1Loss(): t(0, 0)_r(5, 20)_tennis_pNone_gNone)
	 Logging test loss 99.84071350097656 (MSELoss(): tennis_pNone_gNone_tennisEffect)
	 Logging test loss 4.27321720123291 (L1Loss(): tennis_pNone_gNone_tennisEffect)
     --> Epoch_time; 71.76855540275574
Epoch 11
	 Logging train Loss: 0.0100839733 (MSELoss(): data_t(0, 0)_r(5, 20)_tennis_pNone_gNone)
	 Logging test loss 0.010648499242961407 (MSELoss(): t(0, 0)_r(5, 20)_tennis_pNone_gNone)
	 Logging test loss 0.06991846114397049 (L1Loss(): t(0, 0)_r(5, 20)_tennis_pNone_gNone)
slurmstepd: error: *** STEP 2478215.0 ON gcn66 CANCELLED AT 2023-03-21T11:31:31 ***
slurmstepd: error: *** JOB 2478215 ON gcn66 CANCELLED AT 2023-03-21T11:31:31 ***

JOB STATISTICS
==============
Job ID: 2478215
Array Job ID: 2478209_6
Cluster: snellius
User/Group: nreints/nreints
State: CANCELLED (exit code 0)
Nodes: 1
Cores per node: 18
CPU Utilized: 00:00:01
CPU Efficiency: 0.00% of 15:31:12 core-walltime
Job Wall-clock time: 00:51:44
Memory Utilized: 6.40 MB
Memory Efficiency: 0.02% of 31.25 GB
