/gpfs/home2/nreints/MScThesis/code/gru.py:562: DeprecationWarning: Sampling from a set deprecated
since Python 3.9 and will be removed in a subsequent version.
  train_sims = set(random.sample(sims_train, int(0.8 * n_sims_train_total)))
wandb: Currently logged in as: nreints. Use `wandb login --relogin` to force relogin
wandb: Tracking run with wandb version 0.14.0
wandb: Run data is saved locally in /gpfs/home2/nreints/MScThesis/code/wandb/run-20230322_144001-89ghdt13
wandb: Run `wandb offline` to turn off syncing.
wandb: Syncing run helpful-snow-381
wandb: ⭐️ View project at https://wandb.ai/nreints/test
wandb: 🚀 View run at https://wandb.ai/nreints/test/runs/89ghdt13
/home/nreints/.conda/envs/thesis/lib/python3.10/site-packages/torch/nn/init.py:405: UserWarning: Initializing zero-element tensors is a no-op
  warnings.warn("Initializing zero-element tensors is a no-op")
slurmstepd: error: *** STEP 2488963.0 ON gcn12 CANCELLED AT 2023-03-22T14:46:45 ***
slurmstepd: error: *** JOB 2488963 ON gcn12 CANCELLED AT 2023-03-22T14:46:45 ***

JOB STATISTICS
==============
Job ID: 2488963
Array Job ID: 2488882_48
Cluster: snellius
User/Group: nreints/nreints
State: CANCELLED (exit code 0)
Nodes: 1
Cores per node: 18
CPU Utilized: 00:00:01
CPU Efficiency: 0.01% of 02:04:30 core-walltime
Job Wall-clock time: 00:06:55
Memory Utilized: 6.75 MB
Memory Efficiency: 0.02% of 29.30 GB
