wandb: Currently logged in as: nreints. Use `wandb login --relogin` to force relogin
wandb: Appending key for api.wandb.ai to your netrc file: /home/nreints/.netrc
/gpfs/home2/nreints/MScThesis/code/fcnn.py:521: DeprecationWarning: Sampling from a set deprecated
since Python 3.9 and will be removed in a subsequent version.
  train_sims = set(random.sample(sims_train, int(0.8 * n_sims_train)))
wandb: Tracking run with wandb version 0.14.0
wandb: Run data is saved locally in /gpfs/home2/nreints/MScThesis/code/wandb/run-20230321_162554-fhijnlzp
wandb: Run `wandb offline` to turn off syncing.
wandb: Syncing run swift-water-206
wandb: ⭐️ View project at https://wandb.ai/nreints/test
wandb: 🚀 View run at https://wandb.ai/nreints/test/runs/fhijnlzp
slurmstepd: error: *** JOB 2481985 ON gcn35 CANCELLED AT 2023-03-21T16:27:59 ***
slurmstepd: error: *** STEP 2481985.0 ON gcn35 CANCELLED AT 2023-03-21T16:27:59 ***

JOB STATISTICS
==============
Job ID: 2481985
Array Job ID: 2481973_12
Cluster: snellius
User/Group: nreints/nreints
State: CANCELLED (exit code 0)
Nodes: 1
Cores per node: 18
CPU Utilized: 00:02:05
CPU Efficiency: 4.96% of 00:42:00 core-walltime
Job Wall-clock time: 00:02:20
Memory Utilized: 6.44 GB
Memory Efficiency: 21.97% of 29.30 GB
