wandb: Currently logged in as: nreints. Use `wandb login --relogin` to force relogin
wandb: Appending key for api.wandb.ai to your netrc file: /home/nreints/.netrc
/gpfs/home2/nreints/MScThesis/code/fcnn.py:566: DeprecationWarning: Sampling from a set deprecated
since Python 3.9 and will be removed in a subsequent version.
  train_sims = set(random.sample(sims_train, int(0.8 * n_sims_train)))
wandb: Tracking run with wandb version 0.14.0
wandb: Run data is saved locally in /gpfs/home2/nreints/MScThesis/code/wandb/run-20230330_123650-w4gwcd76
wandb: Run `wandb offline` to turn off syncing.
wandb: Syncing run honest-bee-587
wandb: â­ï¸ View project at https://wandb.ai/nreints/test
wandb: ðŸš€ View run at https://wandb.ai/nreints/test/runs/w4gwcd76
wandb: Waiting for W&B process to finish... (success).
wandb: - 0.029 MB of 0.077 MB uploaded (0.000 MB deduped)wandb: \ 0.029 MB of 0.077 MB uploaded (0.000 MB deduped)wandb: | 0.029 MB of 0.077 MB uploaded (0.000 MB deduped)wandb: 
wandb: Run history:
wandb:  Test loss t(5, 20)_r(0, 0)_semi L1Loss() â–ˆâ–ˆâ–„â–ƒâ–ƒâ–‚â–‚â–ƒâ–‚â–ƒâ–‚â–‚â–‚â–â–‚â–‚â–â–â–â–…â–…
wandb: Test loss t(5, 20)_r(0, 0)_semi MSELoss() â–‡â–ˆâ–ƒâ–‚â–‚â–‚â–â–‚â–â–‚â–â–‚â–‚â–â–â–â–â–â–â–…â–…
wandb:     Train loss data_t(5, 20)_r(0, 0)_semi â–ˆâ–â–â–â–â–â–â–â–â–â–â–â–â–â–â–â–â–â–â–
wandb: 
wandb: Run summary:
wandb:  Test loss t(5, 20)_r(0, 0)_semi L1Loss() 0.36744
wandb: Test loss t(5, 20)_r(0, 0)_semi MSELoss() 0.34866
wandb:     Train loss data_t(5, 20)_r(0, 0)_semi 0.093
wandb: 
wandb: ðŸš€ View run honest-bee-587 at: https://wandb.ai/nreints/test/runs/w4gwcd76
wandb: Synced 6 W&B file(s), 0 media file(s), 0 artifact file(s) and 1 other file(s)
wandb: Find logs at: ./wandb/run-20230330_123650-w4gwcd76/logs
/gpfs/home2/nreints/MScThesis/code/fcnn.py:566: DeprecationWarning: Sampling from a set deprecated
since Python 3.9 and will be removed in a subsequent version.
  train_sims = set(random.sample(sims_train, int(0.8 * n_sims_train)))
wandb: - Waiting for wandb.init()...wandb: \ Waiting for wandb.init()...wandb: Tracking run with wandb version 0.14.0
wandb: Run data is saved locally in /gpfs/home2/nreints/MScThesis/code/wandb/run-20230330_124936-2vq9ys1n
wandb: Run `wandb offline` to turn off syncing.
wandb: Syncing run chocolate-fire-638
wandb: â­ï¸ View project at https://wandb.ai/nreints/test
wandb: ðŸš€ View run at https://wandb.ai/nreints/test/runs/2vq9ys1n
Training on dataset: data/data_t(5, 20)_r(0, 0)_semi_pNone_gNone
Testing on datasets: ['data_t(5, 20)_r(0, 0)_semi_pNone_gNone']
----- ITERATION 1/2 ------
Number of train simulations: 1600
Number of test simulations: 400
The dataloader took 59.22947025299072 seconds.
-- Finished Train Dataloader --
The dataloader took 14.62416958808899 seconds.
-- Finished Test Dataloader(s) --
Datatype: log_dualQ
--- Started Training ---
Epoch 0
	 Logging train Loss: 135.5936683007 (MSELoss(): data_t(5, 20)_r(0, 0)_semi_pNone_gNone)
	 Logging test loss 0.4862668514251709 (MSELoss(): t(5, 20)_r(0, 0)_semi_pNone_gNone)
	 Logging test loss 0.5200744867324829 (L1Loss(): t(5, 20)_r(0, 0)_semi_pNone_gNone)
     --> Epoch time; 34.782681703567505
Epoch 1
	 Logging train Loss: 0.3981260611 (MSELoss(): data_t(5, 20)_r(0, 0)_semi_pNone_gNone)
	 Logging test loss 0.5804521441459656 (MSELoss(): t(5, 20)_r(0, 0)_semi_pNone_gNone)
	 Logging test loss 0.534614086151123 (L1Loss(): t(5, 20)_r(0, 0)_semi_pNone_gNone)
     --> Epoch time; 34.86436605453491
Epoch 2
	 Logging train Loss: 0.2816661361 (MSELoss(): data_t(5, 20)_r(0, 0)_semi_pNone_gNone)
	 Logging test loss 0.16171424090862274 (MSELoss(): t(5, 20)_r(0, 0)_semi_pNone_gNone)
	 Logging test loss 0.28971588611602783 (L1Loss(): t(5, 20)_r(0, 0)_semi_pNone_gNone)
     --> Epoch time; 34.25096130371094
Epoch 3
	 Logging train Loss: 0.2274213604 (MSELoss(): data_t(5, 20)_r(0, 0)_semi_pNone_gNone)
	 Logging test loss 0.10434435307979584 (MSELoss(): t(5, 20)_r(0, 0)_semi_pNone_gNone)
	 Logging test loss 0.2301383763551712 (L1Loss(): t(5, 20)_r(0, 0)_semi_pNone_gNone)
     --> Epoch time; 34.26236271858215
Epoch 4
	 Logging train Loss: 0.1831693562 (MSELoss(): data_t(5, 20)_r(0, 0)_semi_pNone_gNone)
	 Logging test loss 0.09084109216928482 (MSELoss(): t(5, 20)_r(0, 0)_semi_pNone_gNone)
	 Logging test loss 0.2065417319536209 (L1Loss(): t(5, 20)_r(0, 0)_semi_pNone_gNone)
     --> Epoch time; 34.821723222732544
Epoch 5
	 Logging train Loss: 0.1642433615 (MSELoss(): data_t(5, 20)_r(0, 0)_semi_pNone_gNone)
	 Logging test loss 0.05349505692720413 (MSELoss(): t(5, 20)_r(0, 0)_semi_pNone_gNone)
	 Logging test loss 0.16377460956573486 (L1Loss(): t(5, 20)_r(0, 0)_semi_pNone_gNone)
     --> Epoch time; 34.50615644454956
Epoch 6
	 Logging train Loss: 0.1549657884 (MSELoss(): data_t(5, 20)_r(0, 0)_semi_pNone_gNone)
	 Logging test loss 0.04805627092719078 (MSELoss(): t(5, 20)_r(0, 0)_semi_pNone_gNone)
	 Logging test loss 0.15582768619060516 (L1Loss(): t(5, 20)_r(0, 0)_semi_pNone_gNone)
     --> Epoch time; 34.7586944103241
Epoch 7
	 Logging train Loss: 0.1644582113 (MSELoss(): data_t(5, 20)_r(0, 0)_semi_pNone_gNone)
	 Logging test loss 0.07638739049434662 (MSELoss(): t(5, 20)_r(0, 0)_semi_pNone_gNone)
	 Logging test loss 0.18997883796691895 (L1Loss(): t(5, 20)_r(0, 0)_semi_pNone_gNone)
     --> Epoch time; 34.29302906990051
Epoch 8
	 Logging train Loss: 0.1280897951 (MSELoss(): data_t(5, 20)_r(0, 0)_semi_pNone_gNone)
	 Logging test loss 0.03612735867500305 (MSELoss(): t(5, 20)_r(0, 0)_semi_pNone_gNone)
	 Logging test loss 0.1299336850643158 (L1Loss(): t(5, 20)_r(0, 0)_semi_pNone_gNone)
     --> Epoch time; 34.176246881484985
Epoch 9
	 Logging train Loss: 0.1413354412 (MSELoss(): data_t(5, 20)_r(0, 0)_semi_pNone_gNone)
	 Logging test loss 0.060091592371463776 (MSELoss(): t(5, 20)_r(0, 0)_semi_pNone_gNone)
	 Logging test loss 0.17086082696914673 (L1Loss(): t(5, 20)_r(0, 0)_semi_pNone_gNone)
     --> Epoch time; 33.12088418006897
Epoch 10
	 Logging train Loss: 0.121478441 (MSELoss(): data_t(5, 20)_r(0, 0)_semi_pNone_gNone)
	 Logging test loss 0.024164142087101936 (MSELoss(): t(5, 20)_r(0, 0)_semi_pNone_gNone)
	 Logging test loss 0.10599768161773682 (L1Loss(): t(5, 20)_r(0, 0)_semi_pNone_gNone)
     --> Epoch time; 33.10109782218933
Epoch 11
	 Logging train Loss: 0.1121528675 (MSELoss(): data_t(5, 20)_r(0, 0)_semi_pNone_gNone)
	 Logging test loss 0.05511265993118286 (MSELoss(): t(5, 20)_r(0, 0)_semi_pNone_gNone)
	 Logging test loss 0.15750940144062042 (L1Loss(): t(5, 20)_r(0, 0)_semi_pNone_gNone)
     --> Epoch time; 32.999871015548706
Epoch 12
	 Logging train Loss: 0.1133845011 (MSELoss(): data_t(5, 20)_r(0, 0)_semi_pNone_gNone)
	 Logging test loss 0.05949743837118149 (MSELoss(): t(5, 20)_r(0, 0)_semi_pNone_gNone)
	 Logging test loss 0.1680079996585846 (L1Loss(): t(5, 20)_r(0, 0)_semi_pNone_gNone)
     --> Epoch time; 32.69283056259155
Epoch 13
	 Logging train Loss: 0.117179362 (MSELoss(): data_t(5, 20)_r(0, 0)_semi_pNone_gNone)
	 Logging test loss 0.01638653688132763 (MSELoss(): t(5, 20)_r(0, 0)_semi_pNone_gNone)
	 Logging test loss 0.09027038514614105 (L1Loss(): t(5, 20)_r(0, 0)_semi_pNone_gNone)
     --> Epoch time; 34.50779342651367
Epoch 14
	 Logging train Loss: 0.1076723884 (MSELoss(): data_t(5, 20)_r(0, 0)_semi_pNone_gNone)
	 Logging test loss 0.033465221524238586 (MSELoss(): t(5, 20)_r(0, 0)_semi_pNone_gNone)
	 Logging test loss 0.12159636616706848 (L1Loss(): t(5, 20)_r(0, 0)_semi_pNone_gNone)
     --> Epoch time; 32.75943064689636
Epoch 15
	 Logging train Loss: 0.1219421486 (MSELoss(): data_t(5, 20)_r(0, 0)_semi_pNone_gNone)
	 Logging test loss 0.02244458720088005 (MSELoss(): t(5, 20)_r(0, 0)_semi_pNone_gNone)
	 Logging test loss 0.10519411414861679 (L1Loss(): t(5, 20)_r(0, 0)_semi_pNone_gNone)
     --> Epoch time; 33.06735324859619
Epoch 16
	 Logging train Loss: 0.1140046961 (MSELoss(): data_t(5, 20)_r(0, 0)_semi_pNone_gNone)
	 Logging test loss 0.013748223893344402 (MSELoss(): t(5, 20)_r(0, 0)_semi_pNone_gNone)
	 Logging test loss 0.08238277584314346 (L1Loss(): t(5, 20)_r(0, 0)_semi_pNone_gNone)
     --> Epoch time; 32.86476278305054
Epoch 17
	 Logging train Loss: 0.0882787468 (MSELoss(): data_t(5, 20)_r(0, 0)_semi_pNone_gNone)
	 Logging test loss 0.010754366405308247 (MSELoss(): t(5, 20)_r(0, 0)_semi_pNone_gNone)
	 Logging test loss 0.06855854392051697 (L1Loss(): t(5, 20)_r(0, 0)_semi_pNone_gNone)
     --> Epoch time; 32.881128787994385
Epoch 18
	 Logging train Loss: 0.0906822155 (MSELoss(): data_t(5, 20)_r(0, 0)_semi_pNone_gNone)
	 Logging test loss 0.014308290556073189 (MSELoss(): t(5, 20)_r(0, 0)_semi_pNone_gNone)
	 Logging test loss 0.08278509229421616 (L1Loss(): t(5, 20)_r(0, 0)_semi_pNone_gNone)
     --> Epoch time; 33.26145005226135
Epoch 19
	 Logging train Loss: 0.0929965749 (MSELoss(): data_t(5, 20)_r(0, 0)_semi_pNone_gNone)
	 Logging test loss 0.3486034870147705 (MSELoss(): t(5, 20)_r(0, 0)_semi_pNone_gNone)
	 Logging test loss 0.3674798011779785 (L1Loss(): t(5, 20)_r(0, 0)_semi_pNone_gNone)
     --> Epoch time; 34.54199481010437
	 Logging test loss 0.34865933656692505 (MSELoss(): t(5, 20)_r(0, 0)_semi_pNone_gNone)
	 Logging test loss 0.36743876338005066 (L1Loss(): t(5, 20)_r(0, 0)_semi_pNone_gNone)
It took 765.8377425670624 seconds to train & eval the model.
----- ITERATION 2/2 ------
Number of train simulations: 1600
Number of test simulations: 400
The dataloader took 53.60898494720459 seconds.
-- Finished Train Dataloader --
The dataloader took 13.318224906921387 seconds.
-- Finished Test Dataloader(s) --
Datatype: log_dualQ
--- Started Training ---
Epoch 0
	 Logging train Loss: 10.239545675 (MSELoss(): data_t(5, 20)_r(0, 0)_semi_pNone_gNone)
	 Logging test loss 0.04848921298980713 (MSELoss(): t(5, 20)_r(0, 0)_semi_pNone_gNone)
	 Logging test loss 0.14832021296024323 (L1Loss(): t(5, 20)_r(0, 0)_semi_pNone_gNone)
     --> Epoch time; 34.546648263931274
Epoch 1
	 Logging train Loss: 0.0925953186 (MSELoss(): data_t(5, 20)_r(0, 0)_semi_pNone_gNone)
	 Logging test loss 0.01848381944000721 (MSELoss(): t(5, 20)_r(0, 0)_semi_pNone_gNone)
	 Logging test loss 0.08722444623708725 (L1Loss(): t(5, 20)_r(0, 0)_semi_pNone_gNone)
     --> Epoch time; 32.84692740440369
Epoch 2
	 Logging train Loss: 0.0562685698 (MSELoss(): data_t(5, 20)_r(0, 0)_semi_pNone_gNone)
	 Logging test loss 0.06775421649217606 (MSELoss(): t(5, 20)_r(0, 0)_semi_pNone_gNone)
	 Logging test loss 0.17578627169132233 (L1Loss(): t(5, 20)_r(0, 0)_semi_pNone_gNone)
     --> Epoch time; 32.74341368675232
Epoch 3
	 Logging train Loss: 0.0675943213 (MSELoss(): data_t(5, 20)_r(0, 0)_semi_pNone_gNone)
wandb: Waiting for W&B process to finish... (success).
wandb: - 0.029 MB of 0.029 MB uploaded (0.000 MB deduped)wandb: \ 0.029 MB of 0.029 MB uploaded (0.000 MB deduped)wandb: | 0.029 MB of 0.029 MB uploaded (0.000 MB deduped)wandb: / 0.029 MB of 0.029 MB uploaded (0.000 MB deduped)wandb: 
wandb: Run history:
wandb:  Test loss t(5, 20)_r(0, 0)_semi L1Loss() â–…â–ƒâ–†â–„â–ƒâ–ƒâ–ƒâ–‚â–‚â–„â–ƒâ–â–ˆâ–‚â–â–‚â–‚â–‚â–â–‚â–‚
wandb: Test loss t(5, 20)_r(0, 0)_semi MSELoss() â–„â–‚â–…â–ƒâ–‚â–‚â–‚â–â–â–ƒâ–‚â–â–ˆâ–â–â–â–â–â–â–â–
wandb:     Train loss data_t(5, 20)_r(0, 0)_semi â–ˆâ–â–â–â–â–â–â–â–â–â–â–â–â–â–â–â–â–â–â–
wandb: 
wandb: Run summary:
wandb:  Test loss t(5, 20)_r(0, 0)_semi L1Loss() 0.0619
wandb: Test loss t(5, 20)_r(0, 0)_semi MSELoss() 0.00883
wandb:     Train loss data_t(5, 20)_r(0, 0)_semi 0.03675
wandb: 
wandb: ðŸš€ View run chocolate-fire-638 at: https://wandb.ai/nreints/test/runs/2vq9ys1n
wandb: Synced 6 W&B file(s), 0 media file(s), 0 artifact file(s) and 1 other file(s)
wandb: Find logs at: ./wandb/run-20230330_124936-2vq9ys1n/logs
	 Logging test loss 0.03471662104129791 (MSELoss(): t(5, 20)_r(0, 0)_semi_pNone_gNone)
	 Logging test loss 0.12541668117046356 (L1Loss(): t(5, 20)_r(0, 0)_semi_pNone_gNone)
     --> Epoch time; 32.43039393424988
Epoch 4
	 Logging train Loss: 0.0619627161 (MSELoss(): data_t(5, 20)_r(0, 0)_semi_pNone_gNone)
	 Logging test loss 0.01539547834545374 (MSELoss(): t(5, 20)_r(0, 0)_semi_pNone_gNone)
	 Logging test loss 0.08625870198011398 (L1Loss(): t(5, 20)_r(0, 0)_semi_pNone_gNone)
     --> Epoch time; 34.68040418624878
Epoch 5
	 Logging train Loss: 0.0607815761 (MSELoss(): data_t(5, 20)_r(0, 0)_semi_pNone_gNone)
	 Logging test loss 0.020583732053637505 (MSELoss(): t(5, 20)_r(0, 0)_semi_pNone_gNone)
	 Logging test loss 0.09753239899873734 (L1Loss(): t(5, 20)_r(0, 0)_semi_pNone_gNone)
     --> Epoch time; 34.35614013671875
Epoch 6
	 Logging train Loss: 0.057445217 (MSELoss(): data_t(5, 20)_r(0, 0)_semi_pNone_gNone)
	 Logging test loss 0.012806643731892109 (MSELoss(): t(5, 20)_r(0, 0)_semi_pNone_gNone)
	 Logging test loss 0.07892615348100662 (L1Loss(): t(5, 20)_r(0, 0)_semi_pNone_gNone)
     --> Epoch time; 34.46599888801575
Epoch 7
	 Logging train Loss: 0.0627335941 (MSELoss(): data_t(5, 20)_r(0, 0)_semi_pNone_gNone)
	 Logging test loss 0.006210152059793472 (MSELoss(): t(5, 20)_r(0, 0)_semi_pNone_gNone)
	 Logging test loss 0.05159839615225792 (L1Loss(): t(5, 20)_r(0, 0)_semi_pNone_gNone)
     --> Epoch time; 32.93736171722412
Epoch 8
	 Logging train Loss: 0.0511342666 (MSELoss(): data_t(5, 20)_r(0, 0)_semi_pNone_gNone)
	 Logging test loss 0.006397349294275045 (MSELoss(): t(5, 20)_r(0, 0)_semi_pNone_gNone)
	 Logging test loss 0.05198290944099426 (L1Loss(): t(5, 20)_r(0, 0)_semi_pNone_gNone)
     --> Epoch time; 32.98126459121704
Epoch 9
	 Logging train Loss: 0.0560413784 (MSELoss(): data_t(5, 20)_r(0, 0)_semi_pNone_gNone)
	 Logging test loss 0.03048071078956127 (MSELoss(): t(5, 20)_r(0, 0)_semi_pNone_gNone)
	 Logging test loss 0.11571917682886124 (L1Loss(): t(5, 20)_r(0, 0)_semi_pNone_gNone)
     --> Epoch time; 32.97314786911011
Epoch 10
	 Logging train Loss: 0.0393029306 (MSELoss(): data_t(5, 20)_r(0, 0)_semi_pNone_gNone)
	 Logging test loss 0.01223052479326725 (MSELoss(): t(5, 20)_r(0, 0)_semi_pNone_gNone)
	 Logging test loss 0.07328622788190842 (L1Loss(): t(5, 20)_r(0, 0)_semi_pNone_gNone)
     --> Epoch time; 32.66895580291748
Epoch 11
	 Logging train Loss: 0.0511217953 (MSELoss(): data_t(5, 20)_r(0, 0)_semi_pNone_gNone)
	 Logging test loss 0.00426457216963172 (MSELoss(): t(5, 20)_r(0, 0)_semi_pNone_gNone)
	 Logging test loss 0.04286979138851166 (L1Loss(): t(5, 20)_r(0, 0)_semi_pNone_gNone)
     --> Epoch time; 34.305771827697754
Epoch 12
	 Logging train Loss: 0.0425654742 (MSELoss(): data_t(5, 20)_r(0, 0)_semi_pNone_gNone)
	 Logging test loss 0.11191727221012115 (MSELoss(): t(5, 20)_r(0, 0)_semi_pNone_gNone)
	 Logging test loss 0.2196357697248459 (L1Loss(): t(5, 20)_r(0, 0)_semi_pNone_gNone)
     --> Epoch time; 32.98804187774658
Epoch 13
	 Logging train Loss: 0.0552011078 (MSELoss(): data_t(5, 20)_r(0, 0)_semi_pNone_gNone)
	 Logging test loss 0.009901232086122036 (MSELoss(): t(5, 20)_r(0, 0)_semi_pNone_gNone)
	 Logging test loss 0.06404934823513031 (L1Loss(): t(5, 20)_r(0, 0)_semi_pNone_gNone)
     --> Epoch time; 33.01818490028381
Epoch 14
	 Logging train Loss: 0.0343785654 (MSELoss(): data_t(5, 20)_r(0, 0)_semi_pNone_gNone)
	 Logging test loss 0.002929419744759798 (MSELoss(): t(5, 20)_r(0, 0)_semi_pNone_gNone)
	 Logging test loss 0.03516143560409546 (L1Loss(): t(5, 20)_r(0, 0)_semi_pNone_gNone)
     --> Epoch time; 33.5019850730896
Epoch 15
	 Logging train Loss: 0.0392496919 (MSELoss(): data_t(5, 20)_r(0, 0)_semi_pNone_gNone)
	 Logging test loss 0.005308147054165602 (MSELoss(): t(5, 20)_r(0, 0)_semi_pNone_gNone)
	 Logging test loss 0.04918757453560829 (L1Loss(): t(5, 20)_r(0, 0)_semi_pNone_gNone)
     --> Epoch time; 32.5051634311676
Epoch 16
	 Logging train Loss: 0.0381985608 (MSELoss(): data_t(5, 20)_r(0, 0)_semi_pNone_gNone)
	 Logging test loss 0.0054863216355443 (MSELoss(): t(5, 20)_r(0, 0)_semi_pNone_gNone)
	 Logging test loss 0.04793620854616165 (L1Loss(): t(5, 20)_r(0, 0)_semi_pNone_gNone)
     --> Epoch time; 34.72182250022888
Epoch 17
	 Logging train Loss: 0.0427021052 (MSELoss(): data_t(5, 20)_r(0, 0)_semi_pNone_gNone)
	 Logging test loss 0.009607408195734024 (MSELoss(): t(5, 20)_r(0, 0)_semi_pNone_gNone)
	 Logging test loss 0.06351098418235779 (L1Loss(): t(5, 20)_r(0, 0)_semi_pNone_gNone)
     --> Epoch time; 34.62955665588379
Epoch 18
	 Logging train Loss: 0.0319960949 (MSELoss(): data_t(5, 20)_r(0, 0)_semi_pNone_gNone)
	 Logging test loss 0.002361444290727377 (MSELoss(): t(5, 20)_r(0, 0)_semi_pNone_gNone)
	 Logging test loss 0.03197505325078964 (L1Loss(): t(5, 20)_r(0, 0)_semi_pNone_gNone)
     --> Epoch time; 34.31710171699524
Epoch 19
	 Logging train Loss: 0.0367535311 (MSELoss(): data_t(5, 20)_r(0, 0)_semi_pNone_gNone)
	 Logging test loss 0.008826667442917824 (MSELoss(): t(5, 20)_r(0, 0)_semi_pNone_gNone)
	 Logging test loss 0.06190545856952667 (L1Loss(): t(5, 20)_r(0, 0)_semi_pNone_gNone)
     --> Epoch time; 32.872522592544556
	 Logging test loss 0.008827641606330872 (MSELoss(): t(5, 20)_r(0, 0)_semi_pNone_gNone)
	 Logging test loss 0.06189797446131706 (L1Loss(): t(5, 20)_r(0, 0)_semi_pNone_gNone)
It took 753.708300113678 seconds to train & eval the model.

JOB STATISTICS
==============
Job ID: 2523381
Array Job ID: 2523368_13
Cluster: snellius
User/Group: nreints/nreints
State: COMPLETED (exit code 0)
Nodes: 1
Cores per node: 18
CPU Utilized: 04:02:58
CPU Efficiency: 52.73% of 07:40:48 core-walltime
Job Wall-clock time: 00:25:36
Memory Utilized: 3.40 GB
Memory Efficiency: 11.62% of 29.30 GB
