wandb: Currently logged in as: nreints. Use `wandb login --relogin` to force relogin
wandb: Appending key for api.wandb.ai to your netrc file: /home/nreints/.netrc
/gpfs/home2/nreints/MScThesis/code/fcnn.py:364: DeprecationWarning: Sampling from a set deprecated
since Python 3.9 and will be removed in a subsequent version.
  train_sims = set(random.sample(sims_train, int(0.8 * n_sims_train)))
wandb: wandb version 0.13.9 is available!  To upgrade, please run:
wandb:  $ pip install wandb --upgrade
wandb: Tracking run with wandb version 0.13.8
wandb: Run data is saved locally in /gpfs/home2/nreints/MScThesis/code/wandb/run-20230125_162311-fsgk36o0
wandb: Run `wandb offline` to turn off syncing.
wandb: Syncing run crimson-fireworks-1128
wandb: ⭐️ View project at https://wandb.ai/nreints/thesis
wandb: 🚀 View run at https://wandb.ai/nreints/thesis/runs/fsgk36o0
wandb: Waiting for W&B process to finish... (failed 1). Press Control-C to abort syncing.
wandb: - 0.024 MB of 0.024 MB uploaded (0.000 MB deduped)wandb: \ 0.024 MB of 0.024 MB uploaded (0.000 MB deduped)wandb: | 0.024 MB of 0.024 MB uploaded (0.000 MB deduped)wandb: / 0.024 MB of 0.024 MB uploaded (0.000 MB deduped)wandb: - 0.024 MB of 0.024 MB uploaded (0.000 MB deduped)wandb: 🚀 View run crimson-fireworks-1128 at: https://wandb.ai/nreints/thesis/runs/fsgk36o0
wandb: Synced 5 W&B file(s), 0 media file(s), 2 artifact file(s) and 1 other file(s)
wandb: Find logs at: ./wandb/run-20230125_162311-fsgk36o0/logs
Number of train simulations: 8000
Number of test simulations: 2000
Traceback (most recent call last):
  File "/gpfs/home2/nreints/MScThesis/code/fcnn.py", line 427, in <module>
    model = model_pipeline(config, ndata_dict, loss_dict, optimizer_dict, args.mode_wandb)
  File "/gpfs/home2/nreints/MScThesis/code/fcnn.py", line 270, in model_pipeline
    model, train_loader, test_loaders, criterion, optimizer = make(
  File "/gpfs/home2/nreints/MScThesis/code/fcnn.py", line 298, in make
    n_data=ndata_dict[config.data_type],
KeyError: '"pos"'
srun: error: gcn14: task 0: Exited with exit code 1
srun: launch/slurm: _step_signal: Terminating StepId=2135268.0

JOB STATISTICS
==============
Job ID: 2135268
Array Job ID: 2135268_1
Cluster: snellius
User/Group: nreints/nreints
State: RUNNING
Nodes: 1
Cores per node: 18
CPU Utilized: 00:00:00
CPU Efficiency: 0.00% of 00:06:36 core-walltime
Job Wall-clock time: 00:00:22
Memory Utilized: 0.00 MB (estimated maximum)
Memory Efficiency: 0.00% of 31.25 GB (31.25 GB/node)
WARNING: Efficiency statistics may be misleading for RUNNING jobs.
