wandb: Currently logged in as: nreints. Use `wandb login --relogin` to force relogin
wandb: Appending key for api.wandb.ai to your netrc file: /home/nreints/.netrc
/gpfs/home2/nreints/MScThesis/code/fcnn.py:521: DeprecationWarning: Sampling from a set deprecated
since Python 3.9 and will be removed in a subsequent version.
  train_sims = set(random.sample(sims_train, int(0.8 * n_sims_train)))
wandb: Tracking run with wandb version 0.14.0
wandb: Run data is saved locally in /gpfs/home2/nreints/MScThesis/code/wandb/run-20230321_162901-xr5gqtzu
wandb: Run `wandb offline` to turn off syncing.
wandb: Syncing run fragrant-plasma-230
wandb: â­ï¸ View project at https://wandb.ai/nreints/test
wandb: ðŸš€ View run at https://wandb.ai/nreints/test/runs/xr5gqtzu
['data_t(0,', '0)_r(5,', '20)_full_pNone_gNone']
data/data_t(0, 0)_r(5, 20)_full_pNone_gNone
Testing on datasets: ['data_t(0, 0)_r(5, 20)_full_pNone_gNone', 'data_tennis_pNone_gNone_tennisEffect']
----- ITERATION 1/2 ------
Number of train simulations: 3200
Number of test simulations: 800
The dataloader took 83.81031560897827 seconds.
-- Finished Train Dataloader --
The dataloader took 21.071365118026733 seconds.
The dataloader took 21.336103677749634 seconds.
-- Finished Test Dataloader(s) --
Datatype: pos
--- Started Training ---
Epoch 0
	 Logging train Loss: 0.9839113722 (MSELoss(): data_t(0, 0)_r(5, 20)_full_pNone_gNone)
	 Logging test loss 0.022012466564774513 (MSELoss(): t(0, 0)_r(5, 20)_full_pNone_gNone)
	 Logging test loss 0.10898402333259583 (L1Loss(): t(0, 0)_r(5, 20)_full_pNone_gNone)
	 Logging test loss 260.87713623046875 (MSELoss(): tennis_pNone_gNone_tennisEffect)
	 Logging test loss 11.338130950927734 (L1Loss(): tennis_pNone_gNone_tennisEffect)
     --> Epoch_time; 75.6234393119812
Epoch 1
	 Logging train Loss: 0.0080165277 (MSELoss(): data_t(0, 0)_r(5, 20)_full_pNone_gNone)
	 Logging test loss 0.004406995140016079 (MSELoss(): t(0, 0)_r(5, 20)_full_pNone_gNone)
	 Logging test loss 0.047795370221138 (L1Loss(): t(0, 0)_r(5, 20)_full_pNone_gNone)
	 Logging test loss 277.16925048828125 (MSELoss(): tennis_pNone_gNone_tennisEffect)
	 Logging test loss 11.581136703491211 (L1Loss(): tennis_pNone_gNone_tennisEffect)
     --> Epoch_time; 80.42340135574341
Epoch 2
	 Logging train Loss: 0.0034100046 (MSELoss(): data_t(0, 0)_r(5, 20)_full_pNone_gNone)
	 Logging test loss 0.002974780974909663 (MSELoss(): t(0, 0)_r(5, 20)_full_pNone_gNone)
	 Logging test loss 0.03983238339424133 (L1Loss(): t(0, 0)_r(5, 20)_full_pNone_gNone)
	 Logging test loss 254.931640625 (MSELoss(): tennis_pNone_gNone_tennisEffect)
	 Logging test loss 11.029776573181152 (L1Loss(): tennis_pNone_gNone_tennisEffect)
     --> Epoch_time; 80.4153470993042
Epoch 3
	 Logging train Loss: 0.0024100651 (MSELoss(): data_t(0, 0)_r(5, 20)_full_pNone_gNone)
	 Logging test loss 0.0022109046112746 (MSELoss(): t(0, 0)_r(5, 20)_full_pNone_gNone)
	 Logging test loss 0.03449494019150734 (L1Loss(): t(0, 0)_r(5, 20)_full_pNone_gNone)
	 Logging test loss 233.32191467285156 (MSELoss(): tennis_pNone_gNone_tennisEffect)
	 Logging test loss 10.43629264831543 (L1Loss(): tennis_pNone_gNone_tennisEffect)
     --> Epoch_time; 77.49083733558655
Epoch 4
	 Logging train Loss: 0.0018343452 (MSELoss(): data_t(0, 0)_r(5, 20)_full_pNone_gNone)
	 Logging test loss 0.001765337074175477 (MSELoss(): t(0, 0)_r(5, 20)_full_pNone_gNone)
	 Logging test loss 0.031193742528557777 (L1Loss(): t(0, 0)_r(5, 20)_full_pNone_gNone)
	 Logging test loss 215.45867919921875 (MSELoss(): tennis_pNone_gNone_tennisEffect)
	 Logging test loss 9.895520210266113 (L1Loss(): tennis_pNone_gNone_tennisEffect)
     --> Epoch_time; 82.30948424339294
Epoch 5
	 Logging train Loss: 0.0014631013 (MSELoss(): data_t(0, 0)_r(5, 20)_full_pNone_gNone)
	 Logging test loss 0.0013715282548218966 (MSELoss(): t(0, 0)_r(5, 20)_full_pNone_gNone)
	 Logging test loss 0.027167944237589836 (L1Loss(): t(0, 0)_r(5, 20)_full_pNone_gNone)
	 Logging test loss 201.38368225097656 (MSELoss(): tennis_pNone_gNone_tennisEffect)
	 Logging test loss 9.427995681762695 (L1Loss(): tennis_pNone_gNone_tennisEffect)
     --> Epoch_time; 81.16899752616882
Epoch 6
	 Logging train Loss: 0.0012074292 (MSELoss(): data_t(0, 0)_r(5, 20)_full_pNone_gNone)
	 Logging test loss 0.0011239656014367938 (MSELoss(): t(0, 0)_r(5, 20)_full_pNone_gNone)
	 Logging test loss 0.024509303271770477 (L1Loss(): t(0, 0)_r(5, 20)_full_pNone_gNone)
	 Logging test loss 190.6586151123047 (MSELoss(): tennis_pNone_gNone_tennisEffect)
	 Logging test loss 9.03359603881836 (L1Loss(): tennis_pNone_gNone_tennisEffect)
     --> Epoch_time; 80.53176164627075
Epoch 7
	 Logging train Loss: 0.0010196919 (MSELoss(): data_t(0, 0)_r(5, 20)_full_pNone_gNone)
	 Logging test loss 0.0011082786368206143 (MSELoss(): t(0, 0)_r(5, 20)_full_pNone_gNone)
	 Logging test loss 0.024903103709220886 (L1Loss(): t(0, 0)_r(5, 20)_full_pNone_gNone)
	 Logging test loss 182.23214721679688 (MSELoss(): tennis_pNone_gNone_tennisEffect)
	 Logging test loss 8.69524097442627 (L1Loss(): tennis_pNone_gNone_tennisEffect)
     --> Epoch_time; 79.53030896186829
Epoch 8
	 Logging train Loss: 0.000878131 (MSELoss(): data_t(0, 0)_r(5, 20)_full_pNone_gNone)
	 Logging test loss 0.0008476788061670959 (MSELoss(): t(0, 0)_r(5, 20)_full_pNone_gNone)
	 Logging test loss 0.021470380946993828 (L1Loss(): t(0, 0)_r(5, 20)_full_pNone_gNone)
	 Logging test loss 175.5911407470703 (MSELoss(): tennis_pNone_gNone_tennisEffect)
	 Logging test loss 8.401424407958984 (L1Loss(): tennis_pNone_gNone_tennisEffect)
     --> Epoch_time; 79.45469164848328
Epoch 9
	 Logging train Loss: 0.0007663869 (MSELoss(): data_t(0, 0)_r(5, 20)_full_pNone_gNone)
	 Logging test loss 0.0007382885087281466 (MSELoss(): t(0, 0)_r(5, 20)_full_pNone_gNone)
	 Logging test loss 0.019832491874694824 (L1Loss(): t(0, 0)_r(5, 20)_full_pNone_gNone)
	 Logging test loss 170.58670043945312 (MSELoss(): tennis_pNone_gNone_tennisEffect)
	 Logging test loss 8.15252685546875 (L1Loss(): tennis_pNone_gNone_tennisEffect)
     --> Epoch_time; 75.43928265571594
Epoch 10
	 Logging train Loss: 0.0006763285 (MSELoss(): data_t(0, 0)_r(5, 20)_full_pNone_gNone)
	 Logging test loss 0.0007687057368457317 (MSELoss(): t(0, 0)_r(5, 20)_full_pNone_gNone)
	 Logging test loss 0.021155299618840218 (L1Loss(): t(0, 0)_r(5, 20)_full_pNone_gNone)
	 Logging test loss 166.8924560546875 (MSELoss(): tennis_pNone_gNone_tennisEffect)
	 Logging test loss 7.941461563110352 (L1Loss(): tennis_pNone_gNone_tennisEffect)
     --> Epoch_time; 80.85898184776306
Epoch 11
	 Logging train Loss: 0.0005979954 (MSELoss(): data_t(0, 0)_r(5, 20)_full_pNone_gNone)
	 Logging test loss 0.0007270997739396989 (MSELoss(): t(0, 0)_r(5, 20)_full_pNone_gNone)
	 Logging test loss 0.02023480087518692 (L1Loss(): t(0, 0)_r(5, 20)_full_pNone_gNone)
	 Logging test loss 164.30996704101562 (MSELoss(): tennis_pNone_gNone_tennisEffect)
	 Logging test loss 7.763313293457031 (L1Loss(): tennis_pNone_gNone_tennisEffect)
     --> Epoch_time; 76.0493676662445
Epoch 12
	 Logging train Loss: 0.0005323747 (MSELoss(): data_t(0, 0)_r(5, 20)_full_pNone_gNone)
	 Logging test loss 0.0007720600697211921 (MSELoss(): t(0, 0)_r(5, 20)_full_pNone_gNone)
	 Logging test loss 0.02149629220366478 (L1Loss(): t(0, 0)_r(5, 20)_full_pNone_gNone)
	 Logging test loss 162.54605102539062 (MSELoss(): tennis_pNone_gNone_tennisEffect)
	 Logging test loss 7.610966205596924 (L1Loss(): tennis_pNone_gNone_tennisEffect)
     --> Epoch_time; 81.42898559570312
Epoch 13
	 Logging train Loss: 0.0004822447 (MSELoss(): data_t(0, 0)_r(5, 20)_full_pNone_gNone)
	 Logging test loss 0.0005055762594565749 (MSELoss(): t(0, 0)_r(5, 20)_full_pNone_gNone)
	 Logging test loss 0.016630301252007484 (L1Loss(): t(0, 0)_r(5, 20)_full_pNone_gNone)
	 Logging test loss 161.46456909179688 (MSELoss(): tennis_pNone_gNone_tennisEffect)
	 Logging test loss 7.480879306793213 (L1Loss(): tennis_pNone_gNone_tennisEffect)
     --> Epoch_time; 81.3848443031311
Epoch 14
	 Logging train Loss: 0.0004340872 (MSELoss(): data_t(0, 0)_r(5, 20)_full_pNone_gNone)
	 Logging test loss 0.0006859329296275973 (MSELoss(): t(0, 0)_r(5, 20)_full_pNone_gNone)
	 Logging test loss 0.020374752581119537 (L1Loss(): t(0, 0)_r(5, 20)_full_pNone_gNone)
	 Logging test loss 161.02557373046875 (MSELoss(): tennis_pNone_gNone_tennisEffect)
	 Logging test loss 7.374034881591797 (L1Loss(): tennis_pNone_gNone_tennisEffect)
     --> Epoch_time; 82.01897716522217
Epoch 15
	 Logging train Loss: 0.000395185 (MSELoss(): data_t(0, 0)_r(5, 20)_full_pNone_gNone)
	 Logging test loss 0.0004952228046022356 (MSELoss(): t(0, 0)_r(5, 20)_full_pNone_gNone)
	 Logging test loss 0.017036132514476776 (L1Loss(): t(0, 0)_r(5, 20)_full_pNone_gNone)
	 Logging test loss 161.13616943359375 (MSELoss(): tennis_pNone_gNone_tennisEffect)
	 Logging test loss 7.28859281539917 (L1Loss(): tennis_pNone_gNone_tennisEffect)
     --> Epoch_time; 80.29503297805786
Epoch 16
wandb: Waiting for W&B process to finish... (success).
wandb: 
wandb: Run history:
wandb:  Test loss t(0, 0)_r(5, 20)_full L1Loss() â–ˆâ–„â–ƒâ–ƒâ–‚â–‚â–‚â–‚â–‚â–‚â–‚â–‚â–‚â–â–‚â–â–â–â–â–â–
wandb: Test loss t(0, 0)_r(5, 20)_full MSELoss() â–ˆâ–‚â–‚â–‚â–â–â–â–â–â–â–â–â–â–â–â–â–â–â–â–â–
wandb:           Test loss tennisEffect L1Loss() â–ˆâ–ˆâ–‡â–†â–…â–…â–„â–ƒâ–ƒâ–ƒâ–‚â–‚â–‚â–‚â–â–â–â–â–â–â–
wandb:          Test loss tennisEffect MSELoss() â–‡â–ˆâ–‡â–…â–„â–ƒâ–ƒâ–‚â–‚â–‚â–â–â–â–â–â–â–â–â–â–â–
wandb:     Train loss data_t(0, 0)_r(5, 20)_full â–ˆâ–â–â–â–â–â–â–â–â–â–â–â–â–â–â–â–â–â–â–
wandb: 
wandb: Run summary:
wandb:  Test loss t(0, 0)_r(5, 20)_full L1Loss() 0.01212
wandb: Test loss t(0, 0)_r(5, 20)_full MSELoss() 0.00026
wandb:           Test loss tennisEffect L1Loss() 7.10447
wandb:          Test loss tennisEffect MSELoss() 164.78986
wandb:     Train loss data_t(0, 0)_r(5, 20)_full 0.00029
wandb: 
wandb: ðŸš€ View run fragrant-plasma-230 at: https://wandb.ai/nreints/test/runs/xr5gqtzu
wandb: Synced 6 W&B file(s), 0 media file(s), 0 artifact file(s) and 1 other file(s)
wandb: Find logs at: ./wandb/run-20230321_162901-xr5gqtzu/logs
/gpfs/home2/nreints/MScThesis/code/fcnn.py:521: DeprecationWarning: Sampling from a set deprecated
since Python 3.9 and will be removed in a subsequent version.
  train_sims = set(random.sample(sims_train, int(0.8 * n_sims_train)))
wandb: - Waiting for wandb.init()...wandb: \ Waiting for wandb.init()...wandb: Tracking run with wandb version 0.14.0
wandb: Run data is saved locally in /gpfs/home2/nreints/MScThesis/code/wandb/run-20230321_165816-1c60zvus
wandb: Run `wandb offline` to turn off syncing.
wandb: Syncing run feasible-voice-280
wandb: â­ï¸ View project at https://wandb.ai/nreints/test
wandb: ðŸš€ View run at https://wandb.ai/nreints/test/runs/1c60zvus
	 Logging train Loss: 0.0003623798 (MSELoss(): data_t(0, 0)_r(5, 20)_full_pNone_gNone)
	 Logging test loss 0.00036232752609066665 (MSELoss(): t(0, 0)_r(5, 20)_full_pNone_gNone)
	 Logging test loss 0.01419086940586567 (L1Loss(): t(0, 0)_r(5, 20)_full_pNone_gNone)
	 Logging test loss 161.7414093017578 (MSELoss(): tennis_pNone_gNone_tennisEffect)
	 Logging test loss 7.223662853240967 (L1Loss(): tennis_pNone_gNone_tennisEffect)
     --> Epoch_time; 81.13742208480835
Epoch 17
	 Logging train Loss: 0.0003354915 (MSELoss(): data_t(0, 0)_r(5, 20)_full_pNone_gNone)
	 Logging test loss 0.00024375261273235083 (MSELoss(): t(0, 0)_r(5, 20)_full_pNone_gNone)
	 Logging test loss 0.011514873243868351 (L1Loss(): t(0, 0)_r(5, 20)_full_pNone_gNone)
	 Logging test loss 162.51881408691406 (MSELoss(): tennis_pNone_gNone_tennisEffect)
	 Logging test loss 7.170522689819336 (L1Loss(): tennis_pNone_gNone_tennisEffect)
     --> Epoch_time; 76.82906794548035
Epoch 18
	 Logging train Loss: 0.0003106535 (MSELoss(): data_t(0, 0)_r(5, 20)_full_pNone_gNone)
	 Logging test loss 0.000338120007654652 (MSELoss(): t(0, 0)_r(5, 20)_full_pNone_gNone)
	 Logging test loss 0.013612131588160992 (L1Loss(): t(0, 0)_r(5, 20)_full_pNone_gNone)
	 Logging test loss 163.62716674804688 (MSELoss(): tennis_pNone_gNone_tennisEffect)
	 Logging test loss 7.134335994720459 (L1Loss(): tennis_pNone_gNone_tennisEffect)
     --> Epoch_time; 80.44381928443909
Epoch 19
	 Logging train Loss: 0.0002920258 (MSELoss(): data_t(0, 0)_r(5, 20)_full_pNone_gNone)
	 Logging test loss 0.0002634889096952975 (MSELoss(): t(0, 0)_r(5, 20)_full_pNone_gNone)
	 Logging test loss 0.01212285365909338 (L1Loss(): t(0, 0)_r(5, 20)_full_pNone_gNone)
	 Logging test loss 164.79246520996094 (MSELoss(): tennis_pNone_gNone_tennisEffect)
	 Logging test loss 7.104452610015869 (L1Loss(): tennis_pNone_gNone_tennisEffect)
     --> Epoch_time; 75.74561810493469
	 Logging test loss 0.0002634970296639949 (MSELoss(): t(0, 0)_r(5, 20)_full_pNone_gNone)
	 Logging test loss 0.012122884392738342 (L1Loss(): t(0, 0)_r(5, 20)_full_pNone_gNone)
	 Logging test loss 164.78985595703125 (MSELoss(): tennis_pNone_gNone_tennisEffect)
	 Logging test loss 7.104465484619141 (L1Loss(): tennis_pNone_gNone_tennisEffect)
It took 1755.4342584609985 seconds to train & eval the model.
----- ITERATION 2/2 ------
Number of train simulations: 3200
Number of test simulations: 800
The dataloader took 79.75819945335388 seconds.
-- Finished Train Dataloader --
The dataloader took 20.13599944114685 seconds.
The dataloader took 20.258681535720825 seconds.
-- Finished Test Dataloader(s) --
Datatype: pos
--- Started Training ---
Epoch 0
	 Logging train Loss: 0.9487736322 (MSELoss(): data_t(0, 0)_r(5, 20)_full_pNone_gNone)
	 Logging test loss 0.026041368022561073 (MSELoss(): t(0, 0)_r(5, 20)_full_pNone_gNone)
	 Logging test loss 0.11893058568239212 (L1Loss(): t(0, 0)_r(5, 20)_full_pNone_gNone)
	 Logging test loss 273.9934387207031 (MSELoss(): tennis_pNone_gNone_tennisEffect)
	 Logging test loss 11.68895149230957 (L1Loss(): tennis_pNone_gNone_tennisEffect)
     --> Epoch_time; 80.0203230381012
Epoch 1
	 Logging train Loss: 0.0090110779 (MSELoss(): data_t(0, 0)_r(5, 20)_full_pNone_gNone)
	 Logging test loss 0.005546081345528364 (MSELoss(): t(0, 0)_r(5, 20)_full_pNone_gNone)
	 Logging test loss 0.05413025990128517 (L1Loss(): t(0, 0)_r(5, 20)_full_pNone_gNone)
	 Logging test loss 296.272705078125 (MSELoss(): tennis_pNone_gNone_tennisEffect)
	 Logging test loss 12.024263381958008 (L1Loss(): tennis_pNone_gNone_tennisEffect)
     --> Epoch_time; 77.25001358985901
Epoch 2
	 Logging train Loss: 0.0036004447 (MSELoss(): data_t(0, 0)_r(5, 20)_full_pNone_gNone)
	 Logging test loss 0.0035629484336823225 (MSELoss(): t(0, 0)_r(5, 20)_full_pNone_gNone)
	 Logging test loss 0.04376645013689995 (L1Loss(): t(0, 0)_r(5, 20)_full_pNone_gNone)
	 Logging test loss 271.1566467285156 (MSELoss(): tennis_pNone_gNone_tennisEffect)
	 Logging test loss 11.420548439025879 (L1Loss(): tennis_pNone_gNone_tennisEffect)
     --> Epoch_time; 78.43207097053528
Epoch 3
	 Logging train Loss: 0.002528061 (MSELoss(): data_t(0, 0)_r(5, 20)_full_pNone_gNone)
	 Logging test loss 0.0027515231631696224 (MSELoss(): t(0, 0)_r(5, 20)_full_pNone_gNone)
	 Logging test loss 0.03911576047539711 (L1Loss(): t(0, 0)_r(5, 20)_full_pNone_gNone)
	 Logging test loss 247.94891357421875 (MSELoss(): tennis_pNone_gNone_tennisEffect)
	 Logging test loss 10.789880752563477 (L1Loss(): tennis_pNone_gNone_tennisEffect)
     --> Epoch_time; 76.95226216316223
Epoch 4
	 Logging train Loss: 0.0019020596 (MSELoss(): data_t(0, 0)_r(5, 20)_full_pNone_gNone)
	 Logging test loss 0.0021528422366827726 (MSELoss(): t(0, 0)_r(5, 20)_full_pNone_gNone)
	 Logging test loss 0.03476053103804588 (L1Loss(): t(0, 0)_r(5, 20)_full_pNone_gNone)
	 Logging test loss 230.04737854003906 (MSELoss(): tennis_pNone_gNone_tennisEffect)
	 Logging test loss 10.245251655578613 (L1Loss(): tennis_pNone_gNone_tennisEffect)
     --> Epoch_time; 81.1759283542633
Epoch 5
	 Logging train Loss: 0.001519052 (MSELoss(): data_t(0, 0)_r(5, 20)_full_pNone_gNone)
	 Logging test loss 0.0015553691191598773 (MSELoss(): t(0, 0)_r(5, 20)_full_pNone_gNone)
	 Logging test loss 0.029100405052304268 (L1Loss(): t(0, 0)_r(5, 20)_full_pNone_gNone)
	 Logging test loss 216.00933837890625 (MSELoss(): tennis_pNone_gNone_tennisEffect)
	 Logging test loss 9.78117561340332 (L1Loss(): tennis_pNone_gNone_tennisEffect)
     --> Epoch_time; 80.34214615821838
Epoch 6
	 Logging train Loss: 0.0012462836 (MSELoss(): data_t(0, 0)_r(5, 20)_full_pNone_gNone)
	 Logging test loss 0.0013576643541455269 (MSELoss(): t(0, 0)_r(5, 20)_full_pNone_gNone)
	 Logging test loss 0.02728423848748207 (L1Loss(): t(0, 0)_r(5, 20)_full_pNone_gNone)
	 Logging test loss 205.36172485351562 (MSELoss(): tennis_pNone_gNone_tennisEffect)
	 Logging test loss 9.398014068603516 (L1Loss(): tennis_pNone_gNone_tennisEffect)
     --> Epoch_time; 81.53603506088257
Epoch 7
	 Logging train Loss: 0.0010560852 (MSELoss(): data_t(0, 0)_r(5, 20)_full_pNone_gNone)
	 Logging test loss 0.0012253614841029048 (MSELoss(): t(0, 0)_r(5, 20)_full_pNone_gNone)
	 Logging test loss 0.026176180690526962 (L1Loss(): t(0, 0)_r(5, 20)_full_pNone_gNone)
	 Logging test loss 197.20489501953125 (MSELoss(): tennis_pNone_gNone_tennisEffect)
	 Logging test loss 9.082183837890625 (L1Loss(): tennis_pNone_gNone_tennisEffect)
     --> Epoch_time; 81.8395483493805
Epoch 8
	 Logging train Loss: 0.0009016374 (MSELoss(): data_t(0, 0)_r(5, 20)_full_pNone_gNone)
	 Logging test loss 0.0010182616533711553 (MSELoss(): t(0, 0)_r(5, 20)_full_pNone_gNone)
	 Logging test loss 0.023745354264974594 (L1Loss(): t(0, 0)_r(5, 20)_full_pNone_gNone)
	 Logging test loss 190.8567657470703 (MSELoss(): tennis_pNone_gNone_tennisEffect)
	 Logging test loss 8.81595230102539 (L1Loss(): tennis_pNone_gNone_tennisEffect)
     --> Epoch_time; 82.37475609779358
Epoch 9
	 Logging train Loss: 0.0007799719 (MSELoss(): data_t(0, 0)_r(5, 20)_full_pNone_gNone)
	 Logging test loss 0.0011763282818719745 (MSELoss(): t(0, 0)_r(5, 20)_full_pNone_gNone)
	 Logging test loss 0.025904035195708275 (L1Loss(): t(0, 0)_r(5, 20)_full_pNone_gNone)
	 Logging test loss 185.83253479003906 (MSELoss(): tennis_pNone_gNone_tennisEffect)
	 Logging test loss 8.588093757629395 (L1Loss(): tennis_pNone_gNone_tennisEffect)
     --> Epoch_time; 79.96609544754028
Epoch 10
	 Logging train Loss: 0.0006903001 (MSELoss(): data_t(0, 0)_r(5, 20)_full_pNone_gNone)
	 Logging test loss 0.0007380143506452441 (MSELoss(): t(0, 0)_r(5, 20)_full_pNone_gNone)
	 Logging test loss 0.02014167420566082 (L1Loss(): t(0, 0)_r(5, 20)_full_pNone_gNone)
	 Logging test loss 181.88375854492188 (MSELoss(): tennis_pNone_gNone_tennisEffect)
	 Logging test loss 8.389715194702148 (L1Loss(): tennis_pNone_gNone_tennisEffect)
     --> Epoch_time; 79.80070042610168
Epoch 11
	 Logging train Loss: 0.0006132116 (MSELoss(): data_t(0, 0)_r(5, 20)_full_pNone_gNone)
	 Logging test loss 0.0007663703290745616 (MSELoss(): t(0, 0)_r(5, 20)_full_pNone_gNone)
	 Logging test loss 0.020160220563411713 (L1Loss(): t(0, 0)_r(5, 20)_full_pNone_gNone)
wandb: Waiting for W&B process to finish... (success).
wandb: 
wandb: Run history:
wandb:  Test loss t(0, 0)_r(5, 20)_full L1Loss() â–ˆâ–„â–ƒâ–ƒâ–‚â–‚â–‚â–‚â–‚â–‚â–‚â–‚â–â–‚â–â–â–â–â–‚â–â–
wandb: Test loss t(0, 0)_r(5, 20)_full MSELoss() â–ˆâ–‚â–‚â–‚â–‚â–â–â–â–â–â–â–â–â–â–â–â–â–â–â–â–
wandb:           Test loss tennisEffect L1Loss() â–‡â–ˆâ–‡â–†â–…â–„â–„â–ƒâ–ƒâ–ƒâ–‚â–‚â–‚â–‚â–â–â–â–â–â–â–
wandb:          Test loss tennisEffect MSELoss() â–‡â–ˆâ–‡â–…â–„â–ƒâ–ƒâ–‚â–‚â–‚â–â–â–â–â–â–â–â–â–â–â–
wandb:     Train loss data_t(0, 0)_r(5, 20)_full â–ˆâ–â–â–â–â–â–â–â–â–â–â–â–â–â–â–â–â–â–â–
wandb: 
wandb: Run summary:
wandb:  Test loss t(0, 0)_r(5, 20)_full L1Loss() 0.01252
wandb: Test loss t(0, 0)_r(5, 20)_full MSELoss() 0.00029
wandb:           Test loss tennisEffect L1Loss() 7.56989
wandb:          Test loss tennisEffect MSELoss() 176.69737
wandb:     Train loss data_t(0, 0)_r(5, 20)_full 0.00032
wandb: 
wandb: ðŸš€ View run feasible-voice-280 at: https://wandb.ai/nreints/test/runs/1c60zvus
wandb: Synced 6 W&B file(s), 0 media file(s), 0 artifact file(s) and 1 other file(s)
wandb: Find logs at: ./wandb/run-20230321_165816-1c60zvus/logs
	 Logging test loss 178.90602111816406 (MSELoss(): tennis_pNone_gNone_tennisEffect)
	 Logging test loss 8.219477653503418 (L1Loss(): tennis_pNone_gNone_tennisEffect)
     --> Epoch_time; 80.89426779747009
Epoch 12
	 Logging train Loss: 0.0005504372 (MSELoss(): data_t(0, 0)_r(5, 20)_full_pNone_gNone)
	 Logging test loss 0.0006987500237300992 (MSELoss(): t(0, 0)_r(5, 20)_full_pNone_gNone)
	 Logging test loss 0.019816849380731583 (L1Loss(): t(0, 0)_r(5, 20)_full_pNone_gNone)
	 Logging test loss 176.77081298828125 (MSELoss(): tennis_pNone_gNone_tennisEffect)
	 Logging test loss 8.077298164367676 (L1Loss(): tennis_pNone_gNone_tennisEffect)
     --> Epoch_time; 81.4244954586029
Epoch 13
	 Logging train Loss: 0.0005020557 (MSELoss(): data_t(0, 0)_r(5, 20)_full_pNone_gNone)
	 Logging test loss 0.0007343830657191575 (MSELoss(): t(0, 0)_r(5, 20)_full_pNone_gNone)
	 Logging test loss 0.020488884299993515 (L1Loss(): t(0, 0)_r(5, 20)_full_pNone_gNone)
	 Logging test loss 175.3728790283203 (MSELoss(): tennis_pNone_gNone_tennisEffect)
	 Logging test loss 7.9556355476379395 (L1Loss(): tennis_pNone_gNone_tennisEffect)
     --> Epoch_time; 80.91329073905945
Epoch 14
	 Logging train Loss: 0.0004541593 (MSELoss(): data_t(0, 0)_r(5, 20)_full_pNone_gNone)
	 Logging test loss 0.0005044352146796882 (MSELoss(): t(0, 0)_r(5, 20)_full_pNone_gNone)
	 Logging test loss 0.01682472601532936 (L1Loss(): t(0, 0)_r(5, 20)_full_pNone_gNone)
	 Logging test loss 174.51100158691406 (MSELoss(): tennis_pNone_gNone_tennisEffect)
	 Logging test loss 7.852045059204102 (L1Loss(): tennis_pNone_gNone_tennisEffect)
     --> Epoch_time; 82.82014656066895
Epoch 15
	 Logging train Loss: 0.0004177188 (MSELoss(): data_t(0, 0)_r(5, 20)_full_pNone_gNone)
	 Logging test loss 0.0006496288115158677 (MSELoss(): t(0, 0)_r(5, 20)_full_pNone_gNone)
	 Logging test loss 0.019248494878411293 (L1Loss(): t(0, 0)_r(5, 20)_full_pNone_gNone)
	 Logging test loss 174.1415252685547 (MSELoss(): tennis_pNone_gNone_tennisEffect)
	 Logging test loss 7.7646026611328125 (L1Loss(): tennis_pNone_gNone_tennisEffect)
     --> Epoch_time; 82.6915397644043
Epoch 16
	 Logging train Loss: 0.000386661 (MSELoss(): data_t(0, 0)_r(5, 20)_full_pNone_gNone)
	 Logging test loss 0.0003977464803028852 (MSELoss(): t(0, 0)_r(5, 20)_full_pNone_gNone)
	 Logging test loss 0.014475403353571892 (L1Loss(): t(0, 0)_r(5, 20)_full_pNone_gNone)
	 Logging test loss 174.30014038085938 (MSELoss(): tennis_pNone_gNone_tennisEffect)
	 Logging test loss 7.697103023529053 (L1Loss(): tennis_pNone_gNone_tennisEffect)
     --> Epoch_time; 81.62551641464233
Epoch 17
	 Logging train Loss: 0.0003608911 (MSELoss(): data_t(0, 0)_r(5, 20)_full_pNone_gNone)
	 Logging test loss 0.0003717265499290079 (MSELoss(): t(0, 0)_r(5, 20)_full_pNone_gNone)
	 Logging test loss 0.014319142326712608 (L1Loss(): t(0, 0)_r(5, 20)_full_pNone_gNone)
	 Logging test loss 174.73178100585938 (MSELoss(): tennis_pNone_gNone_tennisEffect)
	 Logging test loss 7.640480041503906 (L1Loss(): tennis_pNone_gNone_tennisEffect)
     --> Epoch_time; 80.76718544960022
Epoch 18
	 Logging train Loss: 0.0003336899 (MSELoss(): data_t(0, 0)_r(5, 20)_full_pNone_gNone)
	 Logging test loss 0.0008026619907468557 (MSELoss(): t(0, 0)_r(5, 20)_full_pNone_gNone)
	 Logging test loss 0.020194901153445244 (L1Loss(): t(0, 0)_r(5, 20)_full_pNone_gNone)
	 Logging test loss 175.5395050048828 (MSELoss(): tennis_pNone_gNone_tennisEffect)
	 Logging test loss 7.597452163696289 (L1Loss(): tennis_pNone_gNone_tennisEffect)
     --> Epoch_time; 81.0062255859375
Epoch 19
	 Logging train Loss: 0.0003153041 (MSELoss(): data_t(0, 0)_r(5, 20)_full_pNone_gNone)
	 Logging test loss 0.0002901412080973387 (MSELoss(): t(0, 0)_r(5, 20)_full_pNone_gNone)
	 Logging test loss 0.012522295117378235 (L1Loss(): t(0, 0)_r(5, 20)_full_pNone_gNone)
	 Logging test loss 176.6956329345703 (MSELoss(): tennis_pNone_gNone_tennisEffect)
	 Logging test loss 7.569878578186035 (L1Loss(): tennis_pNone_gNone_tennisEffect)
     --> Epoch_time; 81.3334972858429
	 Logging test loss 0.00029014324536547065 (MSELoss(): t(0, 0)_r(5, 20)_full_pNone_gNone)
	 Logging test loss 0.01252239290624857 (L1Loss(): t(0, 0)_r(5, 20)_full_pNone_gNone)
	 Logging test loss 176.69737243652344 (MSELoss(): tennis_pNone_gNone_tennisEffect)
	 Logging test loss 7.569886684417725 (L1Loss(): tennis_pNone_gNone_tennisEffect)
It took 1777.0647189617157 seconds to train & eval the model.

JOB STATISTICS
==============
Job ID: 2482037
Array Job ID: 2482035_1
Cluster: snellius
User/Group: nreints/nreints
State: RUNNING
Nodes: 1
Cores per node: 18
CPU Utilized: 00:00:00
CPU Efficiency: 0.00% of 17:43:48 core-walltime
Job Wall-clock time: 00:59:06
Memory Utilized: 0.00 MB (estimated maximum)
Memory Efficiency: 0.00% of 29.30 GB (29.30 GB/node)
WARNING: Efficiency statistics may be misleading for RUNNING jobs.
