/gpfs/home2/nreints/MScThesis/code/gru.py:562: DeprecationWarning: Sampling from a set deprecated
since Python 3.9 and will be removed in a subsequent version.
  train_sims = set(random.sample(sims_train, int(0.8 * n_sims_train_total)))
wandb: Currently logged in as: nreints. Use `wandb login --relogin` to force relogin
wandb: Tracking run with wandb version 0.14.0
wandb: Run data is saved locally in /gpfs/home2/nreints/MScThesis/code/wandb/run-20230322_143700-0dynskmv
wandb: Run `wandb offline` to turn off syncing.
wandb: Syncing run lucky-aardvark-374
wandb: ⭐️ View project at https://wandb.ai/nreints/test
wandb: 🚀 View run at https://wandb.ai/nreints/test/runs/0dynskmv
/home/nreints/.conda/envs/thesis/lib/python3.10/site-packages/torch/nn/init.py:405: UserWarning: Initializing zero-element tensors is a no-op
  warnings.warn("Initializing zero-element tensors is a no-op")
slurmstepd: error: *** JOB 2488887 ON gcn28 CANCELLED AT 2023-03-22T14:46:45 ***
slurmstepd: error: *** STEP 2488887.0 ON gcn28 CANCELLED AT 2023-03-22T14:46:45 ***

JOB STATISTICS
==============
Job ID: 2488887
Array Job ID: 2488882_5
Cluster: snellius
User/Group: nreints/nreints
State: CANCELLED (exit code 0)
Nodes: 1
Cores per node: 18
CPU Utilized: 02:13:30
CPU Efficiency: 74.04% of 03:00:18 core-walltime
Job Wall-clock time: 00:10:01
Memory Utilized: 23.85 GB
Memory Efficiency: 81.42% of 29.30 GB
