wandb: Currently logged in as: nreints. Use `wandb login --relogin` to force relogin
wandb: Appending key for api.wandb.ai to your netrc file: /home/nreints/.netrc
/gpfs/home2/nreints/MScThesis/code/fcnn.py:566: DeprecationWarning: Sampling from a set deprecated
since Python 3.9 and will be removed in a subsequent version.
  train_sims = set(random.sample(sims_train, int(0.8 * n_sims_train)))
wandb: Tracking run with wandb version 0.14.0
wandb: Run data is saved locally in /gpfs/home2/nreints/MScThesis/code/wandb/run-20230330_123650-mb74h9z6
wandb: Run `wandb offline` to turn off syncing.
wandb: Syncing run dainty-paper-569
wandb: â­ï¸ View project at https://wandb.ai/nreints/test
wandb: ðŸš€ View run at https://wandb.ai/nreints/test/runs/mb74h9z6
wandb: Waiting for W&B process to finish... (success).
wandb: - 0.029 MB of 0.029 MB uploaded (0.000 MB deduped)wandb: \ 0.029 MB of 0.077 MB uploaded (0.000 MB deduped)wandb: | 0.029 MB of 0.077 MB uploaded (0.000 MB deduped)wandb: 
wandb: Run history:
wandb:  Test loss t(0, 0)_r(5, 20)_semi L1Loss() â–ˆâ–ƒâ–‚â–‚â–‚â–‚â–â–â–â–â–â–â–â–â–â–â–â–â–â–â–
wandb: Test loss t(0, 0)_r(5, 20)_semi MSELoss() â–ˆâ–‚â–‚â–â–â–â–â–â–â–â–â–â–â–â–â–â–â–â–â–â–
wandb:     Train loss data_t(0, 0)_r(5, 20)_semi â–ˆâ–‚â–â–â–â–â–â–â–â–â–â–â–â–â–â–â–â–â–â–
wandb: 
wandb: Run summary:
wandb:  Test loss t(0, 0)_r(5, 20)_semi L1Loss() 0.7985
wandb: Test loss t(0, 0)_r(5, 20)_semi MSELoss() 1.96498
wandb:     Train loss data_t(0, 0)_r(5, 20)_semi 1.74193
wandb: 
wandb: ðŸš€ View run dainty-paper-569 at: https://wandb.ai/nreints/test/runs/mb74h9z6
wandb: Synced 6 W&B file(s), 0 media file(s), 0 artifact file(s) and 1 other file(s)
wandb: Find logs at: ./wandb/run-20230330_123650-mb74h9z6/logs
/gpfs/home2/nreints/MScThesis/code/fcnn.py:566: DeprecationWarning: Sampling from a set deprecated
since Python 3.9 and will be removed in a subsequent version.
  train_sims = set(random.sample(sims_train, int(0.8 * n_sims_train)))
wandb: - Waiting for wandb.init()...wandb: \ Waiting for wandb.init()...wandb: Tracking run with wandb version 0.14.0
wandb: Run data is saved locally in /gpfs/home2/nreints/MScThesis/code/wandb/run-20230330_124837-197shhqb
wandb: Run `wandb offline` to turn off syncing.
wandb: Syncing run resilient-mountain-629
wandb: â­ï¸ View project at https://wandb.ai/nreints/test
wandb: ðŸš€ View run at https://wandb.ai/nreints/test/runs/197shhqb
Training on dataset: data/data_t(0, 0)_r(5, 20)_semi_pNone_gNone
Testing on datasets: ['data_t(0, 0)_r(5, 20)_semi_pNone_gNone']
----- ITERATION 1/2 ------
Number of train simulations: 1600
Number of test simulations: 400
The dataloader took 61.53665089607239 seconds.
-- Finished Train Dataloader --
The dataloader took 15.305668830871582 seconds.
-- Finished Test Dataloader(s) --
Datatype: log_quat
--- Started Training ---
Epoch 0
	 Logging train Loss: 270.4232638889 (MSELoss(): data_t(0, 0)_r(5, 20)_semi_pNone_gNone)
	 Logging test loss 65.40238189697266 (MSELoss(): t(0, 0)_r(5, 20)_semi_pNone_gNone)
	 Logging test loss 5.182624816894531 (L1Loss(): t(0, 0)_r(5, 20)_semi_pNone_gNone)
     --> Epoch time; 31.71464467048645
Epoch 1
	 Logging train Loss: 23.4814516953 (MSELoss(): data_t(0, 0)_r(5, 20)_semi_pNone_gNone)
	 Logging test loss 12.497361183166504 (MSELoss(): t(0, 0)_r(5, 20)_semi_pNone_gNone)
	 Logging test loss 1.9721707105636597 (L1Loss(): t(0, 0)_r(5, 20)_semi_pNone_gNone)
     --> Epoch time; 31.41485095024109
Epoch 2
	 Logging train Loss: 9.6792847478 (MSELoss(): data_t(0, 0)_r(5, 20)_semi_pNone_gNone)
	 Logging test loss 8.250083923339844 (MSELoss(): t(0, 0)_r(5, 20)_semi_pNone_gNone)
	 Logging test loss 1.5653280019760132 (L1Loss(): t(0, 0)_r(5, 20)_semi_pNone_gNone)
     --> Epoch time; 31.612924098968506
Epoch 3
	 Logging train Loss: 6.9452690972 (MSELoss(): data_t(0, 0)_r(5, 20)_semi_pNone_gNone)
	 Logging test loss 6.39321231842041 (MSELoss(): t(0, 0)_r(5, 20)_semi_pNone_gNone)
	 Logging test loss 1.3713836669921875 (L1Loss(): t(0, 0)_r(5, 20)_semi_pNone_gNone)
     --> Epoch time; 31.64428687095642
Epoch 4
	 Logging train Loss: 5.5612745098 (MSELoss(): data_t(0, 0)_r(5, 20)_semi_pNone_gNone)
	 Logging test loss 5.533042907714844 (MSELoss(): t(0, 0)_r(5, 20)_semi_pNone_gNone)
	 Logging test loss 1.2906696796417236 (L1Loss(): t(0, 0)_r(5, 20)_semi_pNone_gNone)
     --> Epoch time; 31.732419967651367
Epoch 5
	 Logging train Loss: 4.6904450061 (MSELoss(): data_t(0, 0)_r(5, 20)_semi_pNone_gNone)
	 Logging test loss 4.576767921447754 (MSELoss(): t(0, 0)_r(5, 20)_semi_pNone_gNone)
	 Logging test loss 1.1597868204116821 (L1Loss(): t(0, 0)_r(5, 20)_semi_pNone_gNone)
     --> Epoch time; 31.734155893325806
Epoch 6
	 Logging train Loss: 4.0772508808 (MSELoss(): data_t(0, 0)_r(5, 20)_semi_pNone_gNone)
	 Logging test loss 4.081121921539307 (MSELoss(): t(0, 0)_r(5, 20)_semi_pNone_gNone)
	 Logging test loss 1.1087267398834229 (L1Loss(): t(0, 0)_r(5, 20)_semi_pNone_gNone)
     --> Epoch time; 31.74098253250122
Epoch 7
	 Logging train Loss: 3.6305753421 (MSELoss(): data_t(0, 0)_r(5, 20)_semi_pNone_gNone)
	 Logging test loss 3.7295477390289307 (MSELoss(): t(0, 0)_r(5, 20)_semi_pNone_gNone)
	 Logging test loss 1.0641579627990723 (L1Loss(): t(0, 0)_r(5, 20)_semi_pNone_gNone)
     --> Epoch time; 31.273871898651123
Epoch 8
	 Logging train Loss: 3.2751353145 (MSELoss(): data_t(0, 0)_r(5, 20)_semi_pNone_gNone)
	 Logging test loss 3.3907394409179688 (MSELoss(): t(0, 0)_r(5, 20)_semi_pNone_gNone)
	 Logging test loss 1.0187525749206543 (L1Loss(): t(0, 0)_r(5, 20)_semi_pNone_gNone)
     --> Epoch time; 31.17338252067566
Epoch 9
	 Logging train Loss: 2.9986899382 (MSELoss(): data_t(0, 0)_r(5, 20)_semi_pNone_gNone)
	 Logging test loss 3.059060573577881 (MSELoss(): t(0, 0)_r(5, 20)_semi_pNone_gNone)
	 Logging test loss 0.9674296975135803 (L1Loss(): t(0, 0)_r(5, 20)_semi_pNone_gNone)
     --> Epoch time; 29.78533124923706
Epoch 10
	 Logging train Loss: 2.7691517948 (MSELoss(): data_t(0, 0)_r(5, 20)_semi_pNone_gNone)
	 Logging test loss 2.9559664726257324 (MSELoss(): t(0, 0)_r(5, 20)_semi_pNone_gNone)
	 Logging test loss 0.9596744179725647 (L1Loss(): t(0, 0)_r(5, 20)_semi_pNone_gNone)
     --> Epoch time; 30.089412927627563
Epoch 11
	 Logging train Loss: 2.5797664867 (MSELoss(): data_t(0, 0)_r(5, 20)_semi_pNone_gNone)
	 Logging test loss 2.6700236797332764 (MSELoss(): t(0, 0)_r(5, 20)_semi_pNone_gNone)
	 Logging test loss 0.9045335054397583 (L1Loss(): t(0, 0)_r(5, 20)_semi_pNone_gNone)
     --> Epoch time; 30.16257643699646
Epoch 12
	 Logging train Loss: 2.4137696908 (MSELoss(): data_t(0, 0)_r(5, 20)_semi_pNone_gNone)
	 Logging test loss 2.6448519229888916 (MSELoss(): t(0, 0)_r(5, 20)_semi_pNone_gNone)
	 Logging test loss 0.91429203748703 (L1Loss(): t(0, 0)_r(5, 20)_semi_pNone_gNone)
     --> Epoch time; 29.472306966781616
Epoch 13
	 Logging train Loss: 2.2769314236 (MSELoss(): data_t(0, 0)_r(5, 20)_semi_pNone_gNone)
	 Logging test loss 2.5083491802215576 (MSELoss(): t(0, 0)_r(5, 20)_semi_pNone_gNone)
	 Logging test loss 0.8934115171432495 (L1Loss(): t(0, 0)_r(5, 20)_semi_pNone_gNone)
     --> Epoch time; 31.18202805519104
Epoch 14
	 Logging train Loss: 2.1574194815 (MSELoss(): data_t(0, 0)_r(5, 20)_semi_pNone_gNone)
	 Logging test loss 2.3770711421966553 (MSELoss(): t(0, 0)_r(5, 20)_semi_pNone_gNone)
	 Logging test loss 0.8693499565124512 (L1Loss(): t(0, 0)_r(5, 20)_semi_pNone_gNone)
     --> Epoch time; 29.86335802078247
Epoch 15
	 Logging train Loss: 2.0511289509 (MSELoss(): data_t(0, 0)_r(5, 20)_semi_pNone_gNone)
	 Logging test loss 2.2231616973876953 (MSELoss(): t(0, 0)_r(5, 20)_semi_pNone_gNone)
	 Logging test loss 0.8356140851974487 (L1Loss(): t(0, 0)_r(5, 20)_semi_pNone_gNone)
     --> Epoch time; 29.84734606742859
Epoch 16
	 Logging train Loss: 1.9620118783 (MSELoss(): data_t(0, 0)_r(5, 20)_semi_pNone_gNone)
	 Logging test loss 2.1716151237487793 (MSELoss(): t(0, 0)_r(5, 20)_semi_pNone_gNone)
	 Logging test loss 0.8264415860176086 (L1Loss(): t(0, 0)_r(5, 20)_semi_pNone_gNone)
     --> Epoch time; 29.921778917312622
Epoch 17
	 Logging train Loss: 1.8794285195 (MSELoss(): data_t(0, 0)_r(5, 20)_semi_pNone_gNone)
	 Logging test loss 2.0792171955108643 (MSELoss(): t(0, 0)_r(5, 20)_semi_pNone_gNone)
	 Logging test loss 0.812587559223175 (L1Loss(): t(0, 0)_r(5, 20)_semi_pNone_gNone)
     --> Epoch time; 29.997376203536987
Epoch 18
	 Logging train Loss: 1.8071697559 (MSELoss(): data_t(0, 0)_r(5, 20)_semi_pNone_gNone)
	 Logging test loss 2.004439353942871 (MSELoss(): t(0, 0)_r(5, 20)_semi_pNone_gNone)
	 Logging test loss 0.7961875200271606 (L1Loss(): t(0, 0)_r(5, 20)_semi_pNone_gNone)
     --> Epoch time; 29.609989404678345
Epoch 19
	 Logging train Loss: 1.7419326682 (MSELoss(): data_t(0, 0)_r(5, 20)_semi_pNone_gNone)
	 Logging test loss 1.9661250114440918 (MSELoss(): t(0, 0)_r(5, 20)_semi_pNone_gNone)
	 Logging test loss 0.798538327217102 (L1Loss(): t(0, 0)_r(5, 20)_semi_pNone_gNone)
     --> Epoch time; 31.10925030708313
	 Logging test loss 1.9649782180786133 (MSELoss(): t(0, 0)_r(5, 20)_semi_pNone_gNone)
	 Logging test loss 0.7985022068023682 (L1Loss(): t(0, 0)_r(5, 20)_semi_pNone_gNone)
It took 707.2479770183563 seconds to train & eval the model.
----- ITERATION 2/2 ------
Number of train simulations: 1600
Number of test simulations: 400
The dataloader took 56.285900592803955 seconds.
-- Finished Train Dataloader --
The dataloader took 14.084332704544067 seconds.
-- Finished Test Dataloader(s) --
Datatype: log_quat
--- Started Training ---
Epoch 0
	 Logging train Loss: 257.5071691176 (MSELoss(): data_t(0, 0)_r(5, 20)_semi_pNone_gNone)
	 Logging test loss 48.89177322387695 (MSELoss(): t(0, 0)_r(5, 20)_semi_pNone_gNone)
	 Logging test loss 4.38285493850708 (L1Loss(): t(0, 0)_r(5, 20)_semi_pNone_gNone)
     --> Epoch time; 31.81261706352234
Epoch 1
	 Logging train Loss: 18.5052210989 (MSELoss(): data_t(0, 0)_r(5, 20)_semi_pNone_gNone)
	 Logging test loss 11.225312232971191 (MSELoss(): t(0, 0)_r(5, 20)_semi_pNone_gNone)
	 Logging test loss 1.759211540222168 (L1Loss(): t(0, 0)_r(5, 20)_semi_pNone_gNone)
     --> Epoch time; 30.1265926361084
Epoch 2
	 Logging train Loss: 8.331395527 (MSELoss(): data_t(0, 0)_r(5, 20)_semi_pNone_gNone)
	 Logging test loss 7.526800155639648 (MSELoss(): t(0, 0)_r(5, 20)_semi_pNone_gNone)
	 Logging test loss 1.4155889749526978 (L1Loss(): t(0, 0)_r(5, 20)_semi_pNone_gNone)
     --> Epoch time; 30.111061811447144
Epoch 3
	 Logging train Loss: 5.9628210529 (MSELoss(): data_t(0, 0)_r(5, 20)_semi_pNone_gNone)
	 Logging test loss 5.850410461425781 (MSELoss(): t(0, 0)_r(5, 20)_semi_pNone_gNone)
wandb: Waiting for W&B process to finish... (success).
wandb: - 0.029 MB of 0.029 MB uploaded (0.000 MB deduped)wandb: \ 0.029 MB of 0.078 MB uploaded (0.000 MB deduped)wandb: | 0.029 MB of 0.078 MB uploaded (0.000 MB deduped)wandb: / 0.029 MB of 0.078 MB uploaded (0.000 MB deduped)wandb: 
wandb: Run history:
wandb:  Test loss t(0, 0)_r(5, 20)_semi L1Loss() â–ˆâ–ƒâ–‚â–‚â–‚â–‚â–‚â–â–â–â–â–â–â–â–â–â–â–â–â–â–
wandb: Test loss t(0, 0)_r(5, 20)_semi MSELoss() â–ˆâ–‚â–‚â–‚â–â–â–â–â–â–â–â–â–â–â–â–â–â–â–â–â–
wandb:     Train loss data_t(0, 0)_r(5, 20)_semi â–ˆâ–â–â–â–â–â–â–â–â–â–â–â–â–â–â–â–â–â–â–
wandb: 
wandb: Run summary:
wandb:  Test loss t(0, 0)_r(5, 20)_semi L1Loss() 0.73291
wandb: Test loss t(0, 0)_r(5, 20)_semi MSELoss() 1.72952
wandb:     Train loss data_t(0, 0)_r(5, 20)_semi 1.5279
wandb: 
wandb: ðŸš€ View run resilient-mountain-629 at: https://wandb.ai/nreints/test/runs/197shhqb
wandb: Synced 6 W&B file(s), 0 media file(s), 0 artifact file(s) and 1 other file(s)
wandb: Find logs at: ./wandb/run-20230330_124837-197shhqb/logs
	 Logging test loss 1.2614208459854126 (L1Loss(): t(0, 0)_r(5, 20)_semi_pNone_gNone)
     --> Epoch time; 29.842185735702515
Epoch 4
	 Logging train Loss: 4.673733341 (MSELoss(): data_t(0, 0)_r(5, 20)_semi_pNone_gNone)
	 Logging test loss 4.8194780349731445 (MSELoss(): t(0, 0)_r(5, 20)_semi_pNone_gNone)
	 Logging test loss 1.1541732549667358 (L1Loss(): t(0, 0)_r(5, 20)_semi_pNone_gNone)
     --> Epoch time; 31.836941242218018
Epoch 5
	 Logging train Loss: 3.8807537403 (MSELoss(): data_t(0, 0)_r(5, 20)_semi_pNone_gNone)
	 Logging test loss 4.045679092407227 (MSELoss(): t(0, 0)_r(5, 20)_semi_pNone_gNone)
	 Logging test loss 1.0545684099197388 (L1Loss(): t(0, 0)_r(5, 20)_semi_pNone_gNone)
     --> Epoch time; 31.46887493133545
Epoch 6
	 Logging train Loss: 3.3590482026 (MSELoss(): data_t(0, 0)_r(5, 20)_semi_pNone_gNone)
	 Logging test loss 3.609341621398926 (MSELoss(): t(0, 0)_r(5, 20)_semi_pNone_gNone)
	 Logging test loss 1.0101219415664673 (L1Loss(): t(0, 0)_r(5, 20)_semi_pNone_gNone)
     --> Epoch time; 31.303693532943726
Epoch 7
	 Logging train Loss: 2.9903336269 (MSELoss(): data_t(0, 0)_r(5, 20)_semi_pNone_gNone)
	 Logging test loss 3.2144267559051514 (MSELoss(): t(0, 0)_r(5, 20)_semi_pNone_gNone)
	 Logging test loss 0.9591237306594849 (L1Loss(): t(0, 0)_r(5, 20)_semi_pNone_gNone)
     --> Epoch time; 29.823474645614624
Epoch 8
	 Logging train Loss: 2.7199091095 (MSELoss(): data_t(0, 0)_r(5, 20)_semi_pNone_gNone)
	 Logging test loss 2.9176251888275146 (MSELoss(): t(0, 0)_r(5, 20)_semi_pNone_gNone)
	 Logging test loss 0.9168137907981873 (L1Loss(): t(0, 0)_r(5, 20)_semi_pNone_gNone)
     --> Epoch time; 30.226439237594604
Epoch 9
	 Logging train Loss: 2.505781984 (MSELoss(): data_t(0, 0)_r(5, 20)_semi_pNone_gNone)
	 Logging test loss 2.7300846576690674 (MSELoss(): t(0, 0)_r(5, 20)_semi_pNone_gNone)
	 Logging test loss 0.8960213661193848 (L1Loss(): t(0, 0)_r(5, 20)_semi_pNone_gNone)
     --> Epoch time; 29.894702672958374
Epoch 10
	 Logging train Loss: 2.3312967537 (MSELoss(): data_t(0, 0)_r(5, 20)_semi_pNone_gNone)
	 Logging test loss 2.565816640853882 (MSELoss(): t(0, 0)_r(5, 20)_semi_pNone_gNone)
	 Logging test loss 0.8666752576828003 (L1Loss(): t(0, 0)_r(5, 20)_semi_pNone_gNone)
     --> Epoch time; 29.412001371383667
Epoch 11
	 Logging train Loss: 2.1930804483 (MSELoss(): data_t(0, 0)_r(5, 20)_semi_pNone_gNone)
	 Logging test loss 2.4557912349700928 (MSELoss(): t(0, 0)_r(5, 20)_semi_pNone_gNone)
	 Logging test loss 0.8562091588973999 (L1Loss(): t(0, 0)_r(5, 20)_semi_pNone_gNone)
     --> Epoch time; 31.078672170639038
Epoch 12
	 Logging train Loss: 2.071454376 (MSELoss(): data_t(0, 0)_r(5, 20)_semi_pNone_gNone)
	 Logging test loss 2.3359975814819336 (MSELoss(): t(0, 0)_r(5, 20)_semi_pNone_gNone)
	 Logging test loss 0.8418699502944946 (L1Loss(): t(0, 0)_r(5, 20)_semi_pNone_gNone)
     --> Epoch time; 29.577022552490234
Epoch 13
	 Logging train Loss: 1.9648753447 (MSELoss(): data_t(0, 0)_r(5, 20)_semi_pNone_gNone)
	 Logging test loss 2.1934335231781006 (MSELoss(): t(0, 0)_r(5, 20)_semi_pNone_gNone)
	 Logging test loss 0.8153141736984253 (L1Loss(): t(0, 0)_r(5, 20)_semi_pNone_gNone)
     --> Epoch time; 29.661192655563354
Epoch 14
	 Logging train Loss: 1.8694289662 (MSELoss(): data_t(0, 0)_r(5, 20)_semi_pNone_gNone)
	 Logging test loss 2.106005907058716 (MSELoss(): t(0, 0)_r(5, 20)_semi_pNone_gNone)
	 Logging test loss 0.8001912832260132 (L1Loss(): t(0, 0)_r(5, 20)_semi_pNone_gNone)
     --> Epoch time; 29.57818603515625
Epoch 15
	 Logging train Loss: 1.7890029807 (MSELoss(): data_t(0, 0)_r(5, 20)_semi_pNone_gNone)
	 Logging test loss 2.0323853492736816 (MSELoss(): t(0, 0)_r(5, 20)_semi_pNone_gNone)
	 Logging test loss 0.7899134755134583 (L1Loss(): t(0, 0)_r(5, 20)_semi_pNone_gNone)
     --> Epoch time; 29.438461303710938
Epoch 16
	 Logging train Loss: 1.7133670981 (MSELoss(): data_t(0, 0)_r(5, 20)_semi_pNone_gNone)
	 Logging test loss 1.930041790008545 (MSELoss(): t(0, 0)_r(5, 20)_semi_pNone_gNone)
	 Logging test loss 0.7687270641326904 (L1Loss(): t(0, 0)_r(5, 20)_semi_pNone_gNone)
     --> Epoch time; 31.538237810134888
Epoch 17
	 Logging train Loss: 1.6453477648 (MSELoss(): data_t(0, 0)_r(5, 20)_semi_pNone_gNone)
	 Logging test loss 1.8939554691314697 (MSELoss(): t(0, 0)_r(5, 20)_semi_pNone_gNone)
	 Logging test loss 0.7728314399719238 (L1Loss(): t(0, 0)_r(5, 20)_semi_pNone_gNone)
     --> Epoch time; 30.992921590805054
Epoch 18
	 Logging train Loss: 1.582458895 (MSELoss(): data_t(0, 0)_r(5, 20)_semi_pNone_gNone)
	 Logging test loss 1.8725870847702026 (MSELoss(): t(0, 0)_r(5, 20)_semi_pNone_gNone)
	 Logging test loss 0.7723098397254944 (L1Loss(): t(0, 0)_r(5, 20)_semi_pNone_gNone)
     --> Epoch time; 30.965886116027832
Epoch 19
	 Logging train Loss: 1.5279024012 (MSELoss(): data_t(0, 0)_r(5, 20)_semi_pNone_gNone)
	 Logging test loss 1.72517991065979 (MSELoss(): t(0, 0)_r(5, 20)_semi_pNone_gNone)
	 Logging test loss 0.7329563498497009 (L1Loss(): t(0, 0)_r(5, 20)_semi_pNone_gNone)
     --> Epoch time; 29.434436798095703
	 Logging test loss 1.7295186519622803 (MSELoss(): t(0, 0)_r(5, 20)_semi_pNone_gNone)
	 Logging test loss 0.7329084277153015 (L1Loss(): t(0, 0)_r(5, 20)_semi_pNone_gNone)
It took 694.4412834644318 seconds to train & eval the model.

JOB STATISTICS
==============
Job ID: 2523372
Array Job ID: 2523368_4
Cluster: snellius
User/Group: nreints/nreints
State: COMPLETED (exit code 0)
Nodes: 1
Cores per node: 18
CPU Utilized: 03:33:37
CPU Efficiency: 50.22% of 07:05:24 core-walltime
Job Wall-clock time: 00:23:38
Memory Utilized: 3.57 GB
Memory Efficiency: 12.19% of 29.30 GB
