wandb: Currently logged in as: nreints. Use `wandb login --relogin` to force relogin
wandb: Appending key for api.wandb.ai to your netrc file: /home/nreints/.netrc
/gpfs/home2/nreints/MScThesis/code/fcnn.py:521: DeprecationWarning: Sampling from a set deprecated
since Python 3.9 and will be removed in a subsequent version.
  train_sims = set(random.sample(sims_train, int(0.8 * n_sims_train)))
wandb: Tracking run with wandb version 0.14.0
wandb: Run data is saved locally in /gpfs/home2/nreints/MScThesis/code/wandb/run-20230321_162901-c4ubmeoi
wandb: Run `wandb offline` to turn off syncing.
wandb: Syncing run dulcet-elevator-217
wandb: â­ï¸ View project at https://wandb.ai/nreints/test
wandb: ðŸš€ View run at https://wandb.ai/nreints/test/runs/c4ubmeoi
['data_t(5,', '20)_r(0,', '0)_tennis_pNone_gNone']
data/data_t(5, 20)_r(0, 0)_tennis_pNone_gNone
Testing on datasets: ['data_t(5, 20)_r(0, 0)_tennis_pNone_gNone', 'data_tennis_pNone_gNone_tennisEffect']
----- ITERATION 1/2 ------
Number of train simulations: 3200
Number of test simulations: 800
The dataloader took 79.90634965896606 seconds.
-- Finished Train Dataloader --
The dataloader took 20.322182178497314 seconds.
The dataloader took 21.14929699897766 seconds.
-- Finished Test Dataloader(s) --
Datatype: quat
--- Started Training ---
Epoch 0
	 Logging train Loss: 22.7791283701 (MSELoss(): data_t(5, 20)_r(0, 0)_tennis_pNone_gNone)
	 Logging test loss 0.05448172613978386 (MSELoss(): t(5, 20)_r(0, 0)_tennis_pNone_gNone)
	 Logging test loss 0.15885096788406372 (L1Loss(): t(5, 20)_r(0, 0)_tennis_pNone_gNone)
	 Logging test loss 725.0447998046875 (MSELoss(): tennis_pNone_gNone_tennisEffect)
	 Logging test loss 20.046966552734375 (L1Loss(): tennis_pNone_gNone_tennisEffect)
     --> Epoch_time; 80.10543417930603
Epoch 1
	 Logging train Loss: 0.0611448899 (MSELoss(): data_t(5, 20)_r(0, 0)_tennis_pNone_gNone)
	 Logging test loss 0.02851135842502117 (MSELoss(): t(5, 20)_r(0, 0)_tennis_pNone_gNone)
	 Logging test loss 0.1195785254240036 (L1Loss(): t(5, 20)_r(0, 0)_tennis_pNone_gNone)
	 Logging test loss 726.9888305664062 (MSELoss(): tennis_pNone_gNone_tennisEffect)
	 Logging test loss 20.052417755126953 (L1Loss(): tennis_pNone_gNone_tennisEffect)
     --> Epoch_time; 83.39974355697632
Epoch 2
	 Logging train Loss: 0.0333227494 (MSELoss(): data_t(5, 20)_r(0, 0)_tennis_pNone_gNone)
	 Logging test loss 0.012277087196707726 (MSELoss(): t(5, 20)_r(0, 0)_tennis_pNone_gNone)
	 Logging test loss 0.08013146370649338 (L1Loss(): t(5, 20)_r(0, 0)_tennis_pNone_gNone)
	 Logging test loss 723.9887084960938 (MSELoss(): tennis_pNone_gNone_tennisEffect)
	 Logging test loss 20.00759506225586 (L1Loss(): tennis_pNone_gNone_tennisEffect)
     --> Epoch_time; 84.37064385414124
Epoch 3
	 Logging train Loss: 0.0524604149 (MSELoss(): data_t(5, 20)_r(0, 0)_tennis_pNone_gNone)
	 Logging test loss 0.0076586101204156876 (MSELoss(): t(5, 20)_r(0, 0)_tennis_pNone_gNone)
	 Logging test loss 0.06481520086526871 (L1Loss(): t(5, 20)_r(0, 0)_tennis_pNone_gNone)
	 Logging test loss 726.245361328125 (MSELoss(): tennis_pNone_gNone_tennisEffect)
	 Logging test loss 20.079816818237305 (L1Loss(): tennis_pNone_gNone_tennisEffect)
     --> Epoch_time; 80.15864539146423
Epoch 4
	 Logging train Loss: 0.0569215962 (MSELoss(): data_t(5, 20)_r(0, 0)_tennis_pNone_gNone)
	 Logging test loss 0.005457243416458368 (MSELoss(): t(5, 20)_r(0, 0)_tennis_pNone_gNone)
	 Logging test loss 0.05606137961149216 (L1Loss(): t(5, 20)_r(0, 0)_tennis_pNone_gNone)
	 Logging test loss 737.32861328125 (MSELoss(): tennis_pNone_gNone_tennisEffect)
	 Logging test loss 20.359750747680664 (L1Loss(): tennis_pNone_gNone_tennisEffect)
     --> Epoch_time; 85.6977424621582
Epoch 5
	 Logging train Loss: 0.0517290302 (MSELoss(): data_t(5, 20)_r(0, 0)_tennis_pNone_gNone)
	 Logging test loss 0.005858657415956259 (MSELoss(): t(5, 20)_r(0, 0)_tennis_pNone_gNone)
	 Logging test loss 0.057970646768808365 (L1Loss(): t(5, 20)_r(0, 0)_tennis_pNone_gNone)
	 Logging test loss 738.4025268554688 (MSELoss(): tennis_pNone_gNone_tennisEffect)
	 Logging test loss 20.401960372924805 (L1Loss(): tennis_pNone_gNone_tennisEffect)
     --> Epoch_time; 84.74081468582153
Epoch 6
	 Logging train Loss: 0.0444281534 (MSELoss(): data_t(5, 20)_r(0, 0)_tennis_pNone_gNone)
	 Logging test loss 0.00376224797219038 (MSELoss(): t(5, 20)_r(0, 0)_tennis_pNone_gNone)
	 Logging test loss 0.04657508060336113 (L1Loss(): t(5, 20)_r(0, 0)_tennis_pNone_gNone)
	 Logging test loss 735.7196044921875 (MSELoss(): tennis_pNone_gNone_tennisEffect)
	 Logging test loss 20.338104248046875 (L1Loss(): tennis_pNone_gNone_tennisEffect)
     --> Epoch_time; 86.4620475769043
Epoch 7
	 Logging train Loss: 0.0430640775 (MSELoss(): data_t(5, 20)_r(0, 0)_tennis_pNone_gNone)
	 Logging test loss 0.003946606535464525 (MSELoss(): t(5, 20)_r(0, 0)_tennis_pNone_gNone)
	 Logging test loss 0.04781581088900566 (L1Loss(): t(5, 20)_r(0, 0)_tennis_pNone_gNone)
	 Logging test loss 727.2086791992188 (MSELoss(): tennis_pNone_gNone_tennisEffect)
	 Logging test loss 20.085710525512695 (L1Loss(): tennis_pNone_gNone_tennisEffect)
     --> Epoch_time; 85.78340077400208
Epoch 8
	 Logging train Loss: 0.0402324627 (MSELoss(): data_t(5, 20)_r(0, 0)_tennis_pNone_gNone)
	 Logging test loss 0.003550600027665496 (MSELoss(): t(5, 20)_r(0, 0)_tennis_pNone_gNone)
	 Logging test loss 0.04537367820739746 (L1Loss(): t(5, 20)_r(0, 0)_tennis_pNone_gNone)
	 Logging test loss 721.8428955078125 (MSELoss(): tennis_pNone_gNone_tennisEffect)
	 Logging test loss 19.894685745239258 (L1Loss(): tennis_pNone_gNone_tennisEffect)
     --> Epoch_time; 84.42145919799805
Epoch 9
	 Logging train Loss: 0.0358904321 (MSELoss(): data_t(5, 20)_r(0, 0)_tennis_pNone_gNone)
	 Logging test loss 0.0052792783826589584 (MSELoss(): t(5, 20)_r(0, 0)_tennis_pNone_gNone)
	 Logging test loss 0.05496171861886978 (L1Loss(): t(5, 20)_r(0, 0)_tennis_pNone_gNone)
	 Logging test loss 722.5655517578125 (MSELoss(): tennis_pNone_gNone_tennisEffect)
	 Logging test loss 19.898239135742188 (L1Loss(): tennis_pNone_gNone_tennisEffect)
     --> Epoch_time; 80.37960958480835
Epoch 10
	 Logging train Loss: 0.0309518901 (MSELoss(): data_t(5, 20)_r(0, 0)_tennis_pNone_gNone)
	 Logging test loss 0.0025516916066408157 (MSELoss(): t(5, 20)_r(0, 0)_tennis_pNone_gNone)
	 Logging test loss 0.038419388234615326 (L1Loss(): t(5, 20)_r(0, 0)_tennis_pNone_gNone)
	 Logging test loss 721.1869506835938 (MSELoss(): tennis_pNone_gNone_tennisEffect)
	 Logging test loss 19.787288665771484 (L1Loss(): tennis_pNone_gNone_tennisEffect)
     --> Epoch_time; 84.97397303581238
Epoch 11
	 Logging train Loss: 0.0277219062 (MSELoss(): data_t(5, 20)_r(0, 0)_tennis_pNone_gNone)
	 Logging test loss 0.0020867607090622187 (MSELoss(): t(5, 20)_r(0, 0)_tennis_pNone_gNone)
	 Logging test loss 0.0339767187833786 (L1Loss(): t(5, 20)_r(0, 0)_tennis_pNone_gNone)
	 Logging test loss 726.2562866210938 (MSELoss(): tennis_pNone_gNone_tennisEffect)
	 Logging test loss 19.901546478271484 (L1Loss(): tennis_pNone_gNone_tennisEffect)
     --> Epoch_time; 80.02067184448242
Epoch 12
	 Logging train Loss: 0.0235536563 (MSELoss(): data_t(5, 20)_r(0, 0)_tennis_pNone_gNone)
	 Logging test loss 0.39394068717956543 (MSELoss(): t(5, 20)_r(0, 0)_tennis_pNone_gNone)
	 Logging test loss 0.4689512550830841 (L1Loss(): t(5, 20)_r(0, 0)_tennis_pNone_gNone)
	 Logging test loss 737.3952026367188 (MSELoss(): tennis_pNone_gNone_tennisEffect)
	 Logging test loss 20.157318115234375 (L1Loss(): tennis_pNone_gNone_tennisEffect)
     --> Epoch_time; 85.1005232334137
Epoch 13
	 Logging train Loss: 0.0240580366 (MSELoss(): data_t(5, 20)_r(0, 0)_tennis_pNone_gNone)
	 Logging test loss 0.0023612987715750933 (MSELoss(): t(5, 20)_r(0, 0)_tennis_pNone_gNone)
	 Logging test loss 0.034626252949237823 (L1Loss(): t(5, 20)_r(0, 0)_tennis_pNone_gNone)
	 Logging test loss 739.9628295898438 (MSELoss(): tennis_pNone_gNone_tennisEffect)
	 Logging test loss 20.184112548828125 (L1Loss(): tennis_pNone_gNone_tennisEffect)
     --> Epoch_time; 86.72406554222107
Epoch 14
	 Logging train Loss: 0.0203088922 (MSELoss(): data_t(5, 20)_r(0, 0)_tennis_pNone_gNone)
	 Logging test loss 0.0018103840993717313 (MSELoss(): t(5, 20)_r(0, 0)_tennis_pNone_gNone)
	 Logging test loss 0.03023868426680565 (L1Loss(): t(5, 20)_r(0, 0)_tennis_pNone_gNone)
	 Logging test loss 741.5758056640625 (MSELoss(): tennis_pNone_gNone_tennisEffect)
	 Logging test loss 20.194286346435547 (L1Loss(): tennis_pNone_gNone_tennisEffect)
     --> Epoch_time; 87.08619284629822
Epoch 15
	 Logging train Loss: 0.0188052308 (MSELoss(): data_t(5, 20)_r(0, 0)_tennis_pNone_gNone)
	 Logging test loss 0.0019919162150472403 (MSELoss(): t(5, 20)_r(0, 0)_tennis_pNone_gNone)
	 Logging test loss 0.03255259618163109 (L1Loss(): t(5, 20)_r(0, 0)_tennis_pNone_gNone)
	 Logging test loss 743.7960815429688 (MSELoss(): tennis_pNone_gNone_tennisEffect)
	 Logging test loss 20.21734619140625 (L1Loss(): tennis_pNone_gNone_tennisEffect)
wandb: Waiting for W&B process to finish... (success).
wandb: - 0.028 MB of 0.028 MB uploaded (0.000 MB deduped)wandb: \ 0.028 MB of 0.097 MB uploaded (0.000 MB deduped)wandb: | 0.028 MB of 0.097 MB uploaded (0.000 MB deduped)wandb: 
wandb: Run history:
wandb:  Test loss t(5, 20)_r(0, 0)_tennis L1Loss() â–ƒâ–‚â–‚â–‚â–â–â–â–â–â–â–â–â–ˆâ–â–â–â–â–ƒâ–â–‚â–‚
wandb: Test loss t(5, 20)_r(0, 0)_tennis MSELoss() â–‚â–â–â–â–â–â–â–â–â–â–â–â–ˆâ–â–â–â–â–‚â–â–â–
wandb:             Test loss tennisEffect L1Loss() â–„â–„â–„â–„â–ˆâ–ˆâ–‡â–„â–‚â–‚â–â–‚â–…â–†â–†â–†â–†â–†â–†â–†â–†
wandb:            Test loss tennisEffect MSELoss() â–‚â–ƒâ–‚â–‚â–†â–†â–…â–ƒâ–â–â–â–‚â–†â–†â–‡â–‡â–ˆâ–ˆâ–ˆâ–ˆâ–ˆ
wandb:     Train loss data_t(5, 20)_r(0, 0)_tennis â–ˆâ–â–â–â–â–â–â–â–â–â–â–â–â–â–â–â–â–â–â–
wandb: 
wandb: Run summary:
wandb:  Test loss t(5, 20)_r(0, 0)_tennis L1Loss() 0.06255
wandb: Test loss t(5, 20)_r(0, 0)_tennis MSELoss() 0.00794
wandb:             Test loss tennisEffect L1Loss() 20.22259
wandb:            Test loss tennisEffect MSELoss() 745.69659
wandb:     Train loss data_t(5, 20)_r(0, 0)_tennis 0.01298
wandb: 
wandb: ðŸš€ View run dulcet-elevator-217 at: https://wandb.ai/nreints/test/runs/c4ubmeoi
wandb: Synced 6 W&B file(s), 0 media file(s), 0 artifact file(s) and 1 other file(s)
wandb: Find logs at: ./wandb/run-20230321_162901-c4ubmeoi/logs
/gpfs/home2/nreints/MScThesis/code/fcnn.py:521: DeprecationWarning: Sampling from a set deprecated
since Python 3.9 and will be removed in a subsequent version.
  train_sims = set(random.sample(sims_train, int(0.8 * n_sims_train)))
wandb: - Waiting for wandb.init()...wandb: \ Waiting for wandb.init()...wandb: Tracking run with wandb version 0.14.0
wandb: Run data is saved locally in /gpfs/home2/nreints/MScThesis/code/wandb/run-20230321_165936-bw6g8cmt
wandb: Run `wandb offline` to turn off syncing.
wandb: Syncing run warm-dew-287
wandb: â­ï¸ View project at https://wandb.ai/nreints/test
wandb: ðŸš€ View run at https://wandb.ai/nreints/test/runs/bw6g8cmt
     --> Epoch_time; 84.93708872795105
Epoch 16
	 Logging train Loss: 0.0170719957 (MSELoss(): data_t(5, 20)_r(0, 0)_tennis_pNone_gNone)
	 Logging test loss 0.002051594201475382 (MSELoss(): t(5, 20)_r(0, 0)_tennis_pNone_gNone)
	 Logging test loss 0.033109188079833984 (L1Loss(): t(5, 20)_r(0, 0)_tennis_pNone_gNone)
	 Logging test loss 745.6175537109375 (MSELoss(): tennis_pNone_gNone_tennisEffect)
	 Logging test loss 20.239463806152344 (L1Loss(): tennis_pNone_gNone_tennisEffect)
     --> Epoch_time; 84.42116069793701
Epoch 17
	 Logging train Loss: 0.0153778936 (MSELoss(): data_t(5, 20)_r(0, 0)_tennis_pNone_gNone)
	 Logging test loss 0.03755350410938263 (MSELoss(): t(5, 20)_r(0, 0)_tennis_pNone_gNone)
	 Logging test loss 0.14607250690460205 (L1Loss(): t(5, 20)_r(0, 0)_tennis_pNone_gNone)
	 Logging test loss 745.8793334960938 (MSELoss(): tennis_pNone_gNone_tennisEffect)
	 Logging test loss 20.235897064208984 (L1Loss(): tennis_pNone_gNone_tennisEffect)
     --> Epoch_time; 81.02927589416504
Epoch 18
	 Logging train Loss: 0.0141614577 (MSELoss(): data_t(5, 20)_r(0, 0)_tennis_pNone_gNone)
	 Logging test loss 0.0015465030446648598 (MSELoss(): t(5, 20)_r(0, 0)_tennis_pNone_gNone)
	 Logging test loss 0.028667936101555824 (L1Loss(): t(5, 20)_r(0, 0)_tennis_pNone_gNone)
	 Logging test loss 744.2424926757812 (MSELoss(): tennis_pNone_gNone_tennisEffect)
	 Logging test loss 20.190914154052734 (L1Loss(): tennis_pNone_gNone_tennisEffect)
     --> Epoch_time; 84.42600560188293
Epoch 19
	 Logging train Loss: 0.0129767798 (MSELoss(): data_t(5, 20)_r(0, 0)_tennis_pNone_gNone)
	 Logging test loss 0.007941646501421928 (MSELoss(): t(5, 20)_r(0, 0)_tennis_pNone_gNone)
	 Logging test loss 0.06255181133747101 (L1Loss(): t(5, 20)_r(0, 0)_tennis_pNone_gNone)
	 Logging test loss 745.712158203125 (MSELoss(): tennis_pNone_gNone_tennisEffect)
	 Logging test loss 20.222702026367188 (L1Loss(): tennis_pNone_gNone_tennisEffect)
     --> Epoch_time; 80.29056024551392
	 Logging test loss 0.007941740565001965 (MSELoss(): t(5, 20)_r(0, 0)_tennis_pNone_gNone)
	 Logging test loss 0.06255184859037399 (L1Loss(): t(5, 20)_r(0, 0)_tennis_pNone_gNone)
	 Logging test loss 745.6965942382812 (MSELoss(): tennis_pNone_gNone_tennisEffect)
	 Logging test loss 20.22258949279785 (L1Loss(): tennis_pNone_gNone_tennisEffect)
It took 1834.7479479312897 seconds to train & eval the model.
----- ITERATION 2/2 ------
Number of train simulations: 3200
Number of test simulations: 800
The dataloader took 74.97317790985107 seconds.
-- Finished Train Dataloader --
The dataloader took 18.746535301208496 seconds.
The dataloader took 19.284421920776367 seconds.
-- Finished Test Dataloader(s) --
Datatype: quat
--- Started Training ---
Epoch 0
	 Logging train Loss: 8.2232696334 (MSELoss(): data_t(5, 20)_r(0, 0)_tennis_pNone_gNone)
	 Logging test loss 0.05888744816184044 (MSELoss(): t(5, 20)_r(0, 0)_tennis_pNone_gNone)
	 Logging test loss 0.17939309775829315 (L1Loss(): t(5, 20)_r(0, 0)_tennis_pNone_gNone)
	 Logging test loss 731.8939819335938 (MSELoss(): tennis_pNone_gNone_tennisEffect)
	 Logging test loss 20.230358123779297 (L1Loss(): tennis_pNone_gNone_tennisEffect)
     --> Epoch_time; 85.982351064682
Epoch 1
	 Logging train Loss: 0.0662646823 (MSELoss(): data_t(5, 20)_r(0, 0)_tennis_pNone_gNone)
	 Logging test loss 0.01349723245948553 (MSELoss(): t(5, 20)_r(0, 0)_tennis_pNone_gNone)
	 Logging test loss 0.08659105747938156 (L1Loss(): t(5, 20)_r(0, 0)_tennis_pNone_gNone)
	 Logging test loss 726.7599487304688 (MSELoss(): tennis_pNone_gNone_tennisEffect)
	 Logging test loss 20.089031219482422 (L1Loss(): tennis_pNone_gNone_tennisEffect)
     --> Epoch_time; 84.59707450866699
Epoch 2
	 Logging train Loss: 0.0653526157 (MSELoss(): data_t(5, 20)_r(0, 0)_tennis_pNone_gNone)
	 Logging test loss 0.013399520888924599 (MSELoss(): t(5, 20)_r(0, 0)_tennis_pNone_gNone)
	 Logging test loss 0.08758796006441116 (L1Loss(): t(5, 20)_r(0, 0)_tennis_pNone_gNone)
	 Logging test loss 723.6547241210938 (MSELoss(): tennis_pNone_gNone_tennisEffect)
	 Logging test loss 19.98793601989746 (L1Loss(): tennis_pNone_gNone_tennisEffect)
     --> Epoch_time; 86.23650741577148
Epoch 3
	 Logging train Loss: 0.0675653146 (MSELoss(): data_t(5, 20)_r(0, 0)_tennis_pNone_gNone)
	 Logging test loss 0.00808920618146658 (MSELoss(): t(5, 20)_r(0, 0)_tennis_pNone_gNone)
	 Logging test loss 0.0671173632144928 (L1Loss(): t(5, 20)_r(0, 0)_tennis_pNone_gNone)
	 Logging test loss 722.7510375976562 (MSELoss(): tennis_pNone_gNone_tennisEffect)
	 Logging test loss 19.92020034790039 (L1Loss(): tennis_pNone_gNone_tennisEffect)
     --> Epoch_time; 80.56704568862915
Epoch 4
	 Logging train Loss: 0.0585559321 (MSELoss(): data_t(5, 20)_r(0, 0)_tennis_pNone_gNone)
	 Logging test loss 0.005398627370595932 (MSELoss(): t(5, 20)_r(0, 0)_tennis_pNone_gNone)
	 Logging test loss 0.055111102759838104 (L1Loss(): t(5, 20)_r(0, 0)_tennis_pNone_gNone)
	 Logging test loss 722.8696899414062 (MSELoss(): tennis_pNone_gNone_tennisEffect)
	 Logging test loss 19.89125633239746 (L1Loss(): tennis_pNone_gNone_tennisEffect)
     --> Epoch_time; 84.20591926574707
Epoch 5
	 Logging train Loss: 0.0545998517 (MSELoss(): data_t(5, 20)_r(0, 0)_tennis_pNone_gNone)
	 Logging test loss 0.03850334882736206 (MSELoss(): t(5, 20)_r(0, 0)_tennis_pNone_gNone)
	 Logging test loss 0.14854544401168823 (L1Loss(): t(5, 20)_r(0, 0)_tennis_pNone_gNone)
	 Logging test loss 721.1578369140625 (MSELoss(): tennis_pNone_gNone_tennisEffect)
	 Logging test loss 19.812192916870117 (L1Loss(): tennis_pNone_gNone_tennisEffect)
     --> Epoch_time; 86.3409993648529
Epoch 6
	 Logging train Loss: 0.0503075693 (MSELoss(): data_t(5, 20)_r(0, 0)_tennis_pNone_gNone)
	 Logging test loss 0.003768139984458685 (MSELoss(): t(5, 20)_r(0, 0)_tennis_pNone_gNone)
	 Logging test loss 0.0464046485722065 (L1Loss(): t(5, 20)_r(0, 0)_tennis_pNone_gNone)
	 Logging test loss 725.984375 (MSELoss(): tennis_pNone_gNone_tennisEffect)
	 Logging test loss 19.937475204467773 (L1Loss(): tennis_pNone_gNone_tennisEffect)
     --> Epoch_time; 86.4593677520752
Epoch 7
	 Logging train Loss: 0.0450935962 (MSELoss(): data_t(5, 20)_r(0, 0)_tennis_pNone_gNone)
	 Logging test loss 0.013576272875070572 (MSELoss(): t(5, 20)_r(0, 0)_tennis_pNone_gNone)
	 Logging test loss 0.08767058700323105 (L1Loss(): t(5, 20)_r(0, 0)_tennis_pNone_gNone)
	 Logging test loss 723.671630859375 (MSELoss(): tennis_pNone_gNone_tennisEffect)
	 Logging test loss 19.87091636657715 (L1Loss(): tennis_pNone_gNone_tennisEffect)
     --> Epoch_time; 86.49581170082092
Epoch 8
	 Logging train Loss: 0.0405040616 (MSELoss(): data_t(5, 20)_r(0, 0)_tennis_pNone_gNone)
	 Logging test loss 0.004498746246099472 (MSELoss(): t(5, 20)_r(0, 0)_tennis_pNone_gNone)
	 Logging test loss 0.05088918283581734 (L1Loss(): t(5, 20)_r(0, 0)_tennis_pNone_gNone)
	 Logging test loss 724.147216796875 (MSELoss(): tennis_pNone_gNone_tennisEffect)
	 Logging test loss 19.879892349243164 (L1Loss(): tennis_pNone_gNone_tennisEffect)
     --> Epoch_time; 86.64719367027283
Epoch 9
	 Logging train Loss: 0.033906251 (MSELoss(): data_t(5, 20)_r(0, 0)_tennis_pNone_gNone)
	 Logging test loss 0.0031188740395009518 (MSELoss(): t(5, 20)_r(0, 0)_tennis_pNone_gNone)
	 Logging test loss 0.04164765030145645 (L1Loss(): t(5, 20)_r(0, 0)_tennis_pNone_gNone)
	 Logging test loss 728.8970336914062 (MSELoss(): tennis_pNone_gNone_tennisEffect)
	 Logging test loss 20.022632598876953 (L1Loss(): tennis_pNone_gNone_tennisEffect)
     --> Epoch_time; 85.1342384815216
Epoch 10
	 Logging train Loss: 0.0324767144 (MSELoss(): data_t(5, 20)_r(0, 0)_tennis_pNone_gNone)
	 Logging test loss 0.025528185069561005 (MSELoss(): t(5, 20)_r(0, 0)_tennis_pNone_gNone)
	 Logging test loss 0.1195286437869072 (L1Loss(): t(5, 20)_r(0, 0)_tennis_pNone_gNone)
	 Logging test loss 729.4385375976562 (MSELoss(): tennis_pNone_gNone_tennisEffect)
	 Logging test loss 20.042423248291016 (L1Loss(): tennis_pNone_gNone_tennisEffect)
     --> Epoch_time; 84.70826268196106
Epoch 11
	 Logging train Loss: 0.0285999597 (MSELoss(): data_t(5, 20)_r(0, 0)_tennis_pNone_gNone)
	 Logging test loss 0.002098442753776908 (MSELoss(): t(5, 20)_r(0, 0)_tennis_pNone_gNone)
wandb: Waiting for W&B process to finish... (success).
wandb: - 0.028 MB of 0.028 MB uploaded (0.000 MB deduped)wandb: \ 0.028 MB of 0.097 MB uploaded (0.000 MB deduped)wandb: | 0.028 MB of 0.097 MB uploaded (0.000 MB deduped)wandb: 
wandb: Run history:
wandb:  Test loss t(5, 20)_r(0, 0)_tennis L1Loss() â–‡â–ƒâ–ƒâ–ƒâ–‚â–†â–‚â–ƒâ–‚â–â–…â–â–…â–â–„â–ˆâ–â–â–‚â–ƒâ–ƒ
wandb: Test loss t(5, 20)_r(0, 0)_tennis MSELoss() â–†â–‚â–‚â–‚â–â–„â–â–‚â–â–â–ƒâ–â–ƒâ–â–ƒâ–ˆâ–â–â–â–‚â–‚
wandb:             Test loss tennisEffect L1Loss() â–ˆâ–†â–„â–ƒâ–‚â–â–ƒâ–‚â–‚â–…â–…â–…â–…â–…â–ƒâ–…â–…â–ƒâ–ƒâ–…â–…
wandb:            Test loss tennisEffect MSELoss() â–‡â–„â–‚â–‚â–‚â–â–ƒâ–‚â–ƒâ–…â–…â–†â–‡â–‡â–†â–ˆâ–ˆâ–‡â–†â–ˆâ–ˆ
wandb:     Train loss data_t(5, 20)_r(0, 0)_tennis â–ˆâ–â–â–â–â–â–â–â–â–â–â–â–â–â–â–â–â–â–â–
wandb: 
wandb: Run summary:
wandb:  Test loss t(5, 20)_r(0, 0)_tennis L1Loss() 0.07169
wandb: Test loss t(5, 20)_r(0, 0)_tennis MSELoss() 0.01041
wandb:             Test loss tennisEffect L1Loss() 20.03916
wandb:            Test loss tennisEffect MSELoss() 734.79541
wandb:     Train loss data_t(5, 20)_r(0, 0)_tennis 0.01285
wandb: 
wandb: ðŸš€ View run warm-dew-287 at: https://wandb.ai/nreints/test/runs/bw6g8cmt
wandb: Synced 6 W&B file(s), 0 media file(s), 0 artifact file(s) and 1 other file(s)
wandb: Find logs at: ./wandb/run-20230321_165936-bw6g8cmt/logs
	 Logging test loss 0.03344487026333809 (L1Loss(): t(5, 20)_r(0, 0)_tennis_pNone_gNone)
	 Logging test loss 730.5690307617188 (MSELoss(): tennis_pNone_gNone_tennisEffect)
	 Logging test loss 20.03201675415039 (L1Loss(): tennis_pNone_gNone_tennisEffect)
     --> Epoch_time; 85.60096764564514
Epoch 12
	 Logging train Loss: 0.0264858146 (MSELoss(): data_t(5, 20)_r(0, 0)_tennis_pNone_gNone)
	 Logging test loss 0.027734147384762764 (MSELoss(): t(5, 20)_r(0, 0)_tennis_pNone_gNone)
	 Logging test loss 0.12686876952648163 (L1Loss(): t(5, 20)_r(0, 0)_tennis_pNone_gNone)
	 Logging test loss 732.0253295898438 (MSELoss(): tennis_pNone_gNone_tennisEffect)
	 Logging test loss 20.0607852935791 (L1Loss(): tennis_pNone_gNone_tennisEffect)
     --> Epoch_time; 84.74459505081177
Epoch 13
	 Logging train Loss: 0.0227261188 (MSELoss(): data_t(5, 20)_r(0, 0)_tennis_pNone_gNone)
	 Logging test loss 0.0021606937516480684 (MSELoss(): t(5, 20)_r(0, 0)_tennis_pNone_gNone)
	 Logging test loss 0.03316062316298485 (L1Loss(): t(5, 20)_r(0, 0)_tennis_pNone_gNone)
	 Logging test loss 732.64990234375 (MSELoss(): tennis_pNone_gNone_tennisEffect)
	 Logging test loss 20.080062866210938 (L1Loss(): tennis_pNone_gNone_tennisEffect)
     --> Epoch_time; 85.4634485244751
Epoch 14
	 Logging train Loss: 0.0217643439 (MSELoss(): data_t(5, 20)_r(0, 0)_tennis_pNone_gNone)
	 Logging test loss 0.019850745797157288 (MSELoss(): t(5, 20)_r(0, 0)_tennis_pNone_gNone)
	 Logging test loss 0.10515817999839783 (L1Loss(): t(5, 20)_r(0, 0)_tennis_pNone_gNone)
	 Logging test loss 730.27197265625 (MSELoss(): tennis_pNone_gNone_tennisEffect)
	 Logging test loss 19.951610565185547 (L1Loss(): tennis_pNone_gNone_tennisEffect)
     --> Epoch_time; 84.9071695804596
Epoch 15
	 Logging train Loss: 0.0186975691 (MSELoss(): data_t(5, 20)_r(0, 0)_tennis_pNone_gNone)
	 Logging test loss 0.08186094462871552 (MSELoss(): t(5, 20)_r(0, 0)_tennis_pNone_gNone)
	 Logging test loss 0.19379045069217682 (L1Loss(): t(5, 20)_r(0, 0)_tennis_pNone_gNone)
	 Logging test loss 734.23095703125 (MSELoss(): tennis_pNone_gNone_tennisEffect)
	 Logging test loss 20.074281692504883 (L1Loss(): tennis_pNone_gNone_tennisEffect)
     --> Epoch_time; 85.1896026134491
Epoch 16
	 Logging train Loss: 0.0177514843 (MSELoss(): data_t(5, 20)_r(0, 0)_tennis_pNone_gNone)
	 Logging test loss 0.0018487119814381003 (MSELoss(): t(5, 20)_r(0, 0)_tennis_pNone_gNone)
	 Logging test loss 0.030721236020326614 (L1Loss(): t(5, 20)_r(0, 0)_tennis_pNone_gNone)
	 Logging test loss 734.7213134765625 (MSELoss(): tennis_pNone_gNone_tennisEffect)
	 Logging test loss 20.0706844329834 (L1Loss(): tennis_pNone_gNone_tennisEffect)
     --> Epoch_time; 83.85686898231506
Epoch 17
	 Logging train Loss: 0.0169177111 (MSELoss(): data_t(5, 20)_r(0, 0)_tennis_pNone_gNone)
	 Logging test loss 0.0018603675998747349 (MSELoss(): t(5, 20)_r(0, 0)_tennis_pNone_gNone)
	 Logging test loss 0.0314999483525753 (L1Loss(): t(5, 20)_r(0, 0)_tennis_pNone_gNone)
	 Logging test loss 732.046630859375 (MSELoss(): tennis_pNone_gNone_tennisEffect)
	 Logging test loss 19.948514938354492 (L1Loss(): tennis_pNone_gNone_tennisEffect)
     --> Epoch_time; 85.8075704574585
Epoch 18
	 Logging train Loss: 0.0145355586 (MSELoss(): data_t(5, 20)_r(0, 0)_tennis_pNone_gNone)
	 Logging test loss 0.003970671445131302 (MSELoss(): t(5, 20)_r(0, 0)_tennis_pNone_gNone)
	 Logging test loss 0.04575492441654205 (L1Loss(): t(5, 20)_r(0, 0)_tennis_pNone_gNone)
	 Logging test loss 731.7803955078125 (MSELoss(): tennis_pNone_gNone_tennisEffect)
	 Logging test loss 19.927719116210938 (L1Loss(): tennis_pNone_gNone_tennisEffect)
     --> Epoch_time; 84.76360154151917
Epoch 19
	 Logging train Loss: 0.0128498077 (MSELoss(): data_t(5, 20)_r(0, 0)_tennis_pNone_gNone)
	 Logging test loss 0.01040885504335165 (MSELoss(): t(5, 20)_r(0, 0)_tennis_pNone_gNone)
	 Logging test loss 0.07168956845998764 (L1Loss(): t(5, 20)_r(0, 0)_tennis_pNone_gNone)
	 Logging test loss 734.7978515625 (MSELoss(): tennis_pNone_gNone_tennisEffect)
	 Logging test loss 20.039072036743164 (L1Loss(): tennis_pNone_gNone_tennisEffect)
     --> Epoch_time; 83.92243242263794
	 Logging test loss 0.010408986359834671 (MSELoss(): t(5, 20)_r(0, 0)_tennis_pNone_gNone)
	 Logging test loss 0.07168969511985779 (L1Loss(): t(5, 20)_r(0, 0)_tennis_pNone_gNone)
	 Logging test loss 734.79541015625 (MSELoss(): tennis_pNone_gNone_tennisEffect)
	 Logging test loss 20.03916358947754 (L1Loss(): tennis_pNone_gNone_tennisEffect)
It took 1854.3387434482574 seconds to train & eval the model.

JOB STATISTICS
==============
Job ID: 2482065
Array Job ID: 2482035_29
Cluster: snellius
User/Group: nreints/nreints
State: RUNNING
Nodes: 1
Cores per node: 18
CPU Utilized: 00:00:00
CPU Efficiency: 0.00% of 18:30:54 core-walltime
Job Wall-clock time: 01:01:43
Memory Utilized: 0.00 MB (estimated maximum)
Memory Efficiency: 0.00% of 29.30 GB (29.30 GB/node)
WARNING: Efficiency statistics may be misleading for RUNNING jobs.
