/gpfs/home2/nreints/MScThesis/code/gru.py:562: DeprecationWarning: Sampling from a set deprecated
since Python 3.9 and will be removed in a subsequent version.
  train_sims = set(random.sample(sims_train, int(0.8 * n_sims_train_total)))
wandb: Currently logged in as: nreints. Use `wandb login --relogin` to force relogin
wandb: Tracking run with wandb version 0.14.0
wandb: Run data is saved locally in /gpfs/home2/nreints/MScThesis/code/wandb/run-20230322_143910-9i50zqki
wandb: Run `wandb offline` to turn off syncing.
wandb: Syncing run dandy-meadow-378
wandb: ⭐️ View project at https://wandb.ai/nreints/test
wandb: 🚀 View run at https://wandb.ai/nreints/test/runs/9i50zqki
/home/nreints/.conda/envs/thesis/lib/python3.10/site-packages/torch/nn/init.py:405: UserWarning: Initializing zero-element tensors is a no-op
  warnings.warn("Initializing zero-element tensors is a no-op")
slurmstepd: error: Detected 1 oom-kill event(s) in StepId=2488938.0. Some of your processes may have been killed by the cgroup out-of-memory handler.
srun: error: gcn45: task 0: Out Of Memory
srun: launch/slurm: _step_signal: Terminating StepId=2488938.0

JOB STATISTICS
==============
Job ID: 2488938
Array Job ID: 2488882_45
Cluster: snellius
User/Group: nreints/nreints
State: RUNNING
Nodes: 1
Cores per node: 18
CPU Utilized: 00:00:00
CPU Efficiency: 0.00% of 00:27:36 core-walltime
Job Wall-clock time: 00:01:32
Memory Utilized: 0.00 MB (estimated maximum)
Memory Efficiency: 0.00% of 29.30 GB (29.30 GB/node)
WARNING: Efficiency statistics may be misleading for RUNNING jobs.
