wandb: Currently logged in as: nreints. Use `wandb login --relogin` to force relogin
wandb: Appending key for api.wandb.ai to your netrc file: /home/nreints/.netrc
/gpfs/home2/nreints/MScThesis/code/fcnn.py:566: DeprecationWarning: Sampling from a set deprecated
since Python 3.9 and will be removed in a subsequent version.
  train_sims = set(random.sample(sims_train, int(0.8 * n_sims_train)))
wandb: Tracking run with wandb version 0.14.0
wandb: Run data is saved locally in /gpfs/home2/nreints/MScThesis/code/wandb/run-20230330_123649-mflx64ey
wandb: Run `wandb offline` to turn off syncing.
wandb: Syncing run jolly-moon-558
wandb: â­ï¸ View project at https://wandb.ai/nreints/test
wandb: ðŸš€ View run at https://wandb.ai/nreints/test/runs/mflx64ey
wandb: Waiting for W&B process to finish... (success).
wandb: - 0.029 MB of 0.029 MB uploaded (0.000 MB deduped)wandb: \ 0.029 MB of 0.078 MB uploaded (0.000 MB deduped)wandb: | 0.078 MB of 0.078 MB uploaded (0.000 MB deduped)wandb: / 0.078 MB of 0.078 MB uploaded (0.000 MB deduped)wandb: 
wandb: Run history:
wandb:  Test loss t(5, 20)_r(0, 0)_full L1Loss() â–‡â–„â–„â–ƒâ–…â–‚â–‚â–ƒâ–‚â–„â–â–…â–â–ˆâ–â–â–â–‚â–‚â–ƒâ–ƒ
wandb: Test loss t(5, 20)_r(0, 0)_full MSELoss() â–ˆâ–ƒâ–ƒâ–‚â–„â–â–‚â–‚â–â–ƒâ–â–ƒâ–â–‡â–â–â–â–â–â–‚â–‚
wandb:     Train loss data_t(5, 20)_r(0, 0)_full â–ˆâ–â–â–â–â–â–â–â–â–â–â–â–â–â–â–â–â–â–â–
wandb: 
wandb: Run summary:
wandb:  Test loss t(5, 20)_r(0, 0)_full L1Loss() 0.03212
wandb: Test loss t(5, 20)_r(0, 0)_full MSELoss() 0.00154
wandb:     Train loss data_t(5, 20)_r(0, 0)_full 0.00094
wandb: 
wandb: ðŸš€ View run jolly-moon-558 at: https://wandb.ai/nreints/test/runs/mflx64ey
wandb: Synced 6 W&B file(s), 0 media file(s), 0 artifact file(s) and 1 other file(s)
wandb: Find logs at: ./wandb/run-20230330_123649-mflx64ey/logs
/gpfs/home2/nreints/MScThesis/code/fcnn.py:566: DeprecationWarning: Sampling from a set deprecated
since Python 3.9 and will be removed in a subsequent version.
  train_sims = set(random.sample(sims_train, int(0.8 * n_sims_train)))
wandb: - Waiting for wandb.init()...wandb: \ Waiting for wandb.init()...wandb: Tracking run with wandb version 0.14.0
wandb: Run data is saved locally in /gpfs/home2/nreints/MScThesis/code/wandb/run-20230330_124745-zcmccw16
wandb: Run `wandb offline` to turn off syncing.
wandb: Syncing run misunderstood-lake-617
wandb: â­ï¸ View project at https://wandb.ai/nreints/test
wandb: ðŸš€ View run at https://wandb.ai/nreints/test/runs/zcmccw16
Training on dataset: data/data_t(5, 20)_r(0, 0)_full_pNone_gNone
Testing on datasets: ['data_t(5, 20)_r(0, 0)_full_pNone_gNone']
----- ITERATION 1/2 ------
Number of train simulations: 1600
Number of test simulations: 400
The dataloader took 63.633421182632446 seconds.
-- Finished Train Dataloader --
The dataloader took 15.79093861579895 seconds.
-- Finished Test Dataloader(s) --
Datatype: pos_diff_start
--- Started Training ---
Epoch 0
	 Logging train Loss: 4.150238077 (MSELoss(): data_t(5, 20)_r(0, 0)_full_pNone_gNone)
	 Logging test loss 0.009444682858884335 (MSELoss(): t(5, 20)_r(0, 0)_full_pNone_gNone)
	 Logging test loss 0.07103856652975082 (L1Loss(): t(5, 20)_r(0, 0)_full_pNone_gNone)
     --> Epoch time; 28.943411111831665
Epoch 1
	 Logging train Loss: 0.0047527407 (MSELoss(): data_t(5, 20)_r(0, 0)_full_pNone_gNone)
	 Logging test loss 0.0031019614543765783 (MSELoss(): t(5, 20)_r(0, 0)_full_pNone_gNone)
	 Logging test loss 0.04448671638965607 (L1Loss(): t(5, 20)_r(0, 0)_full_pNone_gNone)
     --> Epoch time; 28.902848482131958
Epoch 2
	 Logging train Loss: 0.0030685833 (MSELoss(): data_t(5, 20)_r(0, 0)_full_pNone_gNone)
	 Logging test loss 0.0030680540949106216 (MSELoss(): t(5, 20)_r(0, 0)_full_pNone_gNone)
	 Logging test loss 0.044798724353313446 (L1Loss(): t(5, 20)_r(0, 0)_full_pNone_gNone)
     --> Epoch time; 28.6041202545166
Epoch 3
	 Logging train Loss: 0.0027262189 (MSELoss(): data_t(5, 20)_r(0, 0)_full_pNone_gNone)
	 Logging test loss 0.002120401943102479 (MSELoss(): t(5, 20)_r(0, 0)_full_pNone_gNone)
	 Logging test loss 0.03682434931397438 (L1Loss(): t(5, 20)_r(0, 0)_full_pNone_gNone)
     --> Epoch time; 28.722907543182373
Epoch 4
	 Logging train Loss: 0.0023024391 (MSELoss(): data_t(5, 20)_r(0, 0)_full_pNone_gNone)
	 Logging test loss 0.003861116012558341 (MSELoss(): t(5, 20)_r(0, 0)_full_pNone_gNone)
	 Logging test loss 0.05192147567868233 (L1Loss(): t(5, 20)_r(0, 0)_full_pNone_gNone)
     --> Epoch time; 28.50698232650757
Epoch 5
	 Logging train Loss: 0.00195585 (MSELoss(): data_t(5, 20)_r(0, 0)_full_pNone_gNone)
	 Logging test loss 0.0006622321088798344 (MSELoss(): t(5, 20)_r(0, 0)_full_pNone_gNone)
	 Logging test loss 0.02009313553571701 (L1Loss(): t(5, 20)_r(0, 0)_full_pNone_gNone)
     --> Epoch time; 28.721715450286865
Epoch 6
	 Logging train Loss: 0.0020880469 (MSELoss(): data_t(5, 20)_r(0, 0)_full_pNone_gNone)
	 Logging test loss 0.0010702689178287983 (MSELoss(): t(5, 20)_r(0, 0)_full_pNone_gNone)
	 Logging test loss 0.025589019060134888 (L1Loss(): t(5, 20)_r(0, 0)_full_pNone_gNone)
     --> Epoch time; 28.87074899673462
Epoch 7
	 Logging train Loss: 0.002168826 (MSELoss(): data_t(5, 20)_r(0, 0)_full_pNone_gNone)
	 Logging test loss 0.0019572493620216846 (MSELoss(): t(5, 20)_r(0, 0)_full_pNone_gNone)
	 Logging test loss 0.03598203510046005 (L1Loss(): t(5, 20)_r(0, 0)_full_pNone_gNone)
     --> Epoch time; 28.699828147888184
Epoch 8
	 Logging train Loss: 0.0017660004 (MSELoss(): data_t(5, 20)_r(0, 0)_full_pNone_gNone)
	 Logging test loss 0.0006040196749381721 (MSELoss(): t(5, 20)_r(0, 0)_full_pNone_gNone)
	 Logging test loss 0.01910511404275894 (L1Loss(): t(5, 20)_r(0, 0)_full_pNone_gNone)
     --> Epoch time; 28.59323740005493
Epoch 9
	 Logging train Loss: 0.0014308613 (MSELoss(): data_t(5, 20)_r(0, 0)_full_pNone_gNone)
	 Logging test loss 0.002475317334756255 (MSELoss(): t(5, 20)_r(0, 0)_full_pNone_gNone)
	 Logging test loss 0.039883214980363846 (L1Loss(): t(5, 20)_r(0, 0)_full_pNone_gNone)
     --> Epoch time; 27.11839008331299
Epoch 10
	 Logging train Loss: 0.0013441281 (MSELoss(): data_t(5, 20)_r(0, 0)_full_pNone_gNone)
	 Logging test loss 0.0004578745283652097 (MSELoss(): t(5, 20)_r(0, 0)_full_pNone_gNone)
	 Logging test loss 0.0162810105830431 (L1Loss(): t(5, 20)_r(0, 0)_full_pNone_gNone)
     --> Epoch time; 27.22426724433899
Epoch 11
	 Logging train Loss: 0.0012788148 (MSELoss(): data_t(5, 20)_r(0, 0)_full_pNone_gNone)
	 Logging test loss 0.0032183686271309853 (MSELoss(): t(5, 20)_r(0, 0)_full_pNone_gNone)
	 Logging test loss 0.04812078922986984 (L1Loss(): t(5, 20)_r(0, 0)_full_pNone_gNone)
     --> Epoch time; 27.365073680877686
Epoch 12
	 Logging train Loss: 0.001143054 (MSELoss(): data_t(5, 20)_r(0, 0)_full_pNone_gNone)
	 Logging test loss 0.0003999246400780976 (MSELoss(): t(5, 20)_r(0, 0)_full_pNone_gNone)
	 Logging test loss 0.016053050756454468 (L1Loss(): t(5, 20)_r(0, 0)_full_pNone_gNone)
     --> Epoch time; 27.004708766937256
Epoch 13
	 Logging train Loss: 0.0011586168 (MSELoss(): data_t(5, 20)_r(0, 0)_full_pNone_gNone)
	 Logging test loss 0.00843713991343975 (MSELoss(): t(5, 20)_r(0, 0)_full_pNone_gNone)
	 Logging test loss 0.07910505682229996 (L1Loss(): t(5, 20)_r(0, 0)_full_pNone_gNone)
     --> Epoch time; 28.614545583724976
Epoch 14
	 Logging train Loss: 0.001251029 (MSELoss(): data_t(5, 20)_r(0, 0)_full_pNone_gNone)
	 Logging test loss 0.000348490197211504 (MSELoss(): t(5, 20)_r(0, 0)_full_pNone_gNone)
	 Logging test loss 0.013781910762190819 (L1Loss(): t(5, 20)_r(0, 0)_full_pNone_gNone)
     --> Epoch time; 27.138664960861206
Epoch 15
	 Logging train Loss: 0.0010649768 (MSELoss(): data_t(5, 20)_r(0, 0)_full_pNone_gNone)
	 Logging test loss 0.0004294913378544152 (MSELoss(): t(5, 20)_r(0, 0)_full_pNone_gNone)
	 Logging test loss 0.01485323254019022 (L1Loss(): t(5, 20)_r(0, 0)_full_pNone_gNone)
     --> Epoch time; 27.10872983932495
Epoch 16
	 Logging train Loss: 0.0010690619 (MSELoss(): data_t(5, 20)_r(0, 0)_full_pNone_gNone)
	 Logging test loss 0.0005670805694535375 (MSELoss(): t(5, 20)_r(0, 0)_full_pNone_gNone)
	 Logging test loss 0.01767018623650074 (L1Loss(): t(5, 20)_r(0, 0)_full_pNone_gNone)
     --> Epoch time; 27.609111309051514
Epoch 17
	 Logging train Loss: 0.0010716431 (MSELoss(): data_t(5, 20)_r(0, 0)_full_pNone_gNone)
	 Logging test loss 0.0005928657483309507 (MSELoss(): t(5, 20)_r(0, 0)_full_pNone_gNone)
	 Logging test loss 0.018635185435414314 (L1Loss(): t(5, 20)_r(0, 0)_full_pNone_gNone)
     --> Epoch time; 27.49675464630127
Epoch 18
	 Logging train Loss: 0.0010540991 (MSELoss(): data_t(5, 20)_r(0, 0)_full_pNone_gNone)
	 Logging test loss 0.000841459259390831 (MSELoss(): t(5, 20)_r(0, 0)_full_pNone_gNone)
	 Logging test loss 0.021114960312843323 (L1Loss(): t(5, 20)_r(0, 0)_full_pNone_gNone)
     --> Epoch time; 27.260254621505737
Epoch 19
	 Logging train Loss: 0.0009351833 (MSELoss(): data_t(5, 20)_r(0, 0)_full_pNone_gNone)
	 Logging test loss 0.0015433471417054534 (MSELoss(): t(5, 20)_r(0, 0)_full_pNone_gNone)
	 Logging test loss 0.032118480652570724 (L1Loss(): t(5, 20)_r(0, 0)_full_pNone_gNone)
     --> Epoch time; 28.49646306037903
	 Logging test loss 0.0015433301450684667 (MSELoss(): t(5, 20)_r(0, 0)_full_pNone_gNone)
	 Logging test loss 0.032120347023010254 (L1Loss(): t(5, 20)_r(0, 0)_full_pNone_gNone)
It took 655.6472613811493 seconds to train & eval the model.
----- ITERATION 2/2 ------
Number of train simulations: 1600
Number of test simulations: 400
The dataloader took 58.15367770195007 seconds.
-- Finished Train Dataloader --
The dataloader took 14.569607257843018 seconds.
-- Finished Test Dataloader(s) --
Datatype: pos_diff_start
--- Started Training ---
Epoch 0
	 Logging train Loss: 3.4424957874 (MSELoss(): data_t(5, 20)_r(0, 0)_full_pNone_gNone)
	 Logging test loss 0.0025266986340284348 (MSELoss(): t(5, 20)_r(0, 0)_full_pNone_gNone)
	 Logging test loss 0.03812311589717865 (L1Loss(): t(5, 20)_r(0, 0)_full_pNone_gNone)
     --> Epoch time; 29.004292964935303
Epoch 1
	 Logging train Loss: 0.0016668985 (MSELoss(): data_t(5, 20)_r(0, 0)_full_pNone_gNone)
	 Logging test loss 0.001316561596468091 (MSELoss(): t(5, 20)_r(0, 0)_full_pNone_gNone)
	 Logging test loss 0.028304634615778923 (L1Loss(): t(5, 20)_r(0, 0)_full_pNone_gNone)
     --> Epoch time; 27.036933183670044
Epoch 2
	 Logging train Loss: 0.0010074097 (MSELoss(): data_t(5, 20)_r(0, 0)_full_pNone_gNone)
	 Logging test loss 0.0007431788835674524 (MSELoss(): t(5, 20)_r(0, 0)_full_pNone_gNone)
	 Logging test loss 0.021308135241270065 (L1Loss(): t(5, 20)_r(0, 0)_full_pNone_gNone)
     --> Epoch time; 27.09375
Epoch 3
	 Logging train Loss: 0.0010695541 (MSELoss(): data_t(5, 20)_r(0, 0)_full_pNone_gNone)
wandb: Waiting for W&B process to finish... (success).
wandb: - 0.029 MB of 0.029 MB uploaded (0.000 MB deduped)wandb: \ 0.029 MB of 0.029 MB uploaded (0.000 MB deduped)wandb: | 0.029 MB of 0.029 MB uploaded (0.000 MB deduped)wandb: / 0.029 MB of 0.029 MB uploaded (0.000 MB deduped)wandb: 
wandb: Run history:
wandb:  Test loss t(5, 20)_r(0, 0)_full L1Loss() â–…â–ƒâ–‚â–ƒâ–‚â–‚â–â–ƒâ–â–„â–‚â–‚â–ƒâ–ƒâ–‚â–ƒâ–„â–ˆâ–â–â–
wandb: Test loss t(5, 20)_r(0, 0)_full MSELoss() â–„â–‚â–‚â–‚â–â–â–â–‚â–â–‚â–â–‚â–‚â–‚â–â–‚â–ƒâ–ˆâ–â–â–
wandb:     Train loss data_t(5, 20)_r(0, 0)_full â–ˆâ–â–â–â–â–â–â–â–â–â–â–â–â–â–â–â–â–â–â–
wandb: 
wandb: Run summary:
wandb:  Test loss t(5, 20)_r(0, 0)_full L1Loss() 0.00903
wandb: Test loss t(5, 20)_r(0, 0)_full MSELoss() 0.00016
wandb:     Train loss data_t(5, 20)_r(0, 0)_full 0.0009
wandb: 
wandb: ðŸš€ View run misunderstood-lake-617 at: https://wandb.ai/nreints/test/runs/zcmccw16
wandb: Synced 6 W&B file(s), 0 media file(s), 0 artifact file(s) and 1 other file(s)
wandb: Find logs at: ./wandb/run-20230330_124745-zcmccw16/logs
	 Logging test loss 0.0009588049142621458 (MSELoss(): t(5, 20)_r(0, 0)_full_pNone_gNone)
	 Logging test loss 0.024489719420671463 (L1Loss(): t(5, 20)_r(0, 0)_full_pNone_gNone)
     --> Epoch time; 26.624319791793823
Epoch 4
	 Logging train Loss: 0.001296464 (MSELoss(): data_t(5, 20)_r(0, 0)_full_pNone_gNone)
	 Logging test loss 0.0003901523887179792 (MSELoss(): t(5, 20)_r(0, 0)_full_pNone_gNone)
	 Logging test loss 0.015248941257596016 (L1Loss(): t(5, 20)_r(0, 0)_full_pNone_gNone)
     --> Epoch time; 28.79847288131714
Epoch 5
	 Logging train Loss: 0.0012114525 (MSELoss(): data_t(5, 20)_r(0, 0)_full_pNone_gNone)
	 Logging test loss 0.0005244470085017383 (MSELoss(): t(5, 20)_r(0, 0)_full_pNone_gNone)
	 Logging test loss 0.017511798068881035 (L1Loss(): t(5, 20)_r(0, 0)_full_pNone_gNone)
     --> Epoch time; 28.355959177017212
Epoch 6
	 Logging train Loss: 0.001252816 (MSELoss(): data_t(5, 20)_r(0, 0)_full_pNone_gNone)
	 Logging test loss 0.00021465664030984044 (MSELoss(): t(5, 20)_r(0, 0)_full_pNone_gNone)
	 Logging test loss 0.011569472961127758 (L1Loss(): t(5, 20)_r(0, 0)_full_pNone_gNone)
     --> Epoch time; 28.500022411346436
Epoch 7
	 Logging train Loss: 0.0010721807 (MSELoss(): data_t(5, 20)_r(0, 0)_full_pNone_gNone)
	 Logging test loss 0.0008905365248210728 (MSELoss(): t(5, 20)_r(0, 0)_full_pNone_gNone)
	 Logging test loss 0.023052401840686798 (L1Loss(): t(5, 20)_r(0, 0)_full_pNone_gNone)
     --> Epoch time; 27.077417850494385
Epoch 8
	 Logging train Loss: 0.0010925177 (MSELoss(): data_t(5, 20)_r(0, 0)_full_pNone_gNone)
	 Logging test loss 0.00027788252918981016 (MSELoss(): t(5, 20)_r(0, 0)_full_pNone_gNone)
	 Logging test loss 0.012836425565183163 (L1Loss(): t(5, 20)_r(0, 0)_full_pNone_gNone)
     --> Epoch time; 27.245606184005737
Epoch 9
	 Logging train Loss: 0.0011014599 (MSELoss(): data_t(5, 20)_r(0, 0)_full_pNone_gNone)
	 Logging test loss 0.001309295417740941 (MSELoss(): t(5, 20)_r(0, 0)_full_pNone_gNone)
	 Logging test loss 0.030231239274144173 (L1Loss(): t(5, 20)_r(0, 0)_full_pNone_gNone)
     --> Epoch time; 27.84979510307312
Epoch 10
	 Logging train Loss: 0.0010267302 (MSELoss(): data_t(5, 20)_r(0, 0)_full_pNone_gNone)
	 Logging test loss 0.0005826682318001986 (MSELoss(): t(5, 20)_r(0, 0)_full_pNone_gNone)
	 Logging test loss 0.017665501683950424 (L1Loss(): t(5, 20)_r(0, 0)_full_pNone_gNone)
     --> Epoch time; 26.864858388900757
Epoch 11
	 Logging train Loss: 0.0010439897 (MSELoss(): data_t(5, 20)_r(0, 0)_full_pNone_gNone)
	 Logging test loss 0.0006789338658563793 (MSELoss(): t(5, 20)_r(0, 0)_full_pNone_gNone)
	 Logging test loss 0.020535485818982124 (L1Loss(): t(5, 20)_r(0, 0)_full_pNone_gNone)
     --> Epoch time; 28.831046104431152
Epoch 12
	 Logging train Loss: 0.0009604474 (MSELoss(): data_t(5, 20)_r(0, 0)_full_pNone_gNone)
	 Logging test loss 0.000865589885506779 (MSELoss(): t(5, 20)_r(0, 0)_full_pNone_gNone)
	 Logging test loss 0.02268144115805626 (L1Loss(): t(5, 20)_r(0, 0)_full_pNone_gNone)
     --> Epoch time; 26.978595733642578
Epoch 13
	 Logging train Loss: 0.0009965205 (MSELoss(): data_t(5, 20)_r(0, 0)_full_pNone_gNone)
	 Logging test loss 0.0011849707225337625 (MSELoss(): t(5, 20)_r(0, 0)_full_pNone_gNone)
	 Logging test loss 0.025353962555527687 (L1Loss(): t(5, 20)_r(0, 0)_full_pNone_gNone)
     --> Epoch time; 27.217729091644287
Epoch 14
	 Logging train Loss: 0.0010330165 (MSELoss(): data_t(5, 20)_r(0, 0)_full_pNone_gNone)
	 Logging test loss 0.0002998492564074695 (MSELoss(): t(5, 20)_r(0, 0)_full_pNone_gNone)
	 Logging test loss 0.013227679766714573 (L1Loss(): t(5, 20)_r(0, 0)_full_pNone_gNone)
     --> Epoch time; 27.12436532974243
Epoch 15
	 Logging train Loss: 0.0009457779 (MSELoss(): data_t(5, 20)_r(0, 0)_full_pNone_gNone)
	 Logging test loss 0.0008016209467314184 (MSELoss(): t(5, 20)_r(0, 0)_full_pNone_gNone)
	 Logging test loss 0.02152787521481514 (L1Loss(): t(5, 20)_r(0, 0)_full_pNone_gNone)
     --> Epoch time; 27.023855686187744
Epoch 16
	 Logging train Loss: 0.0009460586 (MSELoss(): data_t(5, 20)_r(0, 0)_full_pNone_gNone)
	 Logging test loss 0.002282093046233058 (MSELoss(): t(5, 20)_r(0, 0)_full_pNone_gNone)
	 Logging test loss 0.03245505690574646 (L1Loss(): t(5, 20)_r(0, 0)_full_pNone_gNone)
     --> Epoch time; 28.989961862564087
Epoch 17
	 Logging train Loss: 0.0009711522 (MSELoss(): data_t(5, 20)_r(0, 0)_full_pNone_gNone)
	 Logging test loss 0.006683326791971922 (MSELoss(): t(5, 20)_r(0, 0)_full_pNone_gNone)
	 Logging test loss 0.06718387454748154 (L1Loss(): t(5, 20)_r(0, 0)_full_pNone_gNone)
     --> Epoch time; 28.807847499847412
Epoch 18
	 Logging train Loss: 0.0009316126 (MSELoss(): data_t(5, 20)_r(0, 0)_full_pNone_gNone)
	 Logging test loss 0.00027130363741889596 (MSELoss(): t(5, 20)_r(0, 0)_full_pNone_gNone)
	 Logging test loss 0.01232066284865141 (L1Loss(): t(5, 20)_r(0, 0)_full_pNone_gNone)
     --> Epoch time; 29.01965856552124
Epoch 19
	 Logging train Loss: 0.0009021339 (MSELoss(): data_t(5, 20)_r(0, 0)_full_pNone_gNone)
	 Logging test loss 0.00015734737098682672 (MSELoss(): t(5, 20)_r(0, 0)_full_pNone_gNone)
	 Logging test loss 0.009029295295476913 (L1Loss(): t(5, 20)_r(0, 0)_full_pNone_gNone)
     --> Epoch time; 27.162827491760254
	 Logging test loss 0.0001573159679537639 (MSELoss(): t(5, 20)_r(0, 0)_full_pNone_gNone)
	 Logging test loss 0.009028851054608822 (L1Loss(): t(5, 20)_r(0, 0)_full_pNone_gNone)
It took 644.2181141376495 seconds to train & eval the model.
