wandb: Currently logged in as: nreints. Use `wandb login --relogin` to force relogin
wandb: Appending key for api.wandb.ai to your netrc file: /home/nreints/.netrc
/gpfs/home2/nreints/MScThesis/code/fcnn.py:518: DeprecationWarning: Sampling from a set deprecated
since Python 3.9 and will be removed in a subsequent version.
  train_sims = set(random.sample(sims_train, int(0.8 * n_sims_train)))
wandb: wandb version 0.14.0 is available!  To upgrade, please run:
wandb:  $ pip install wandb --upgrade
wandb: Tracking run with wandb version 0.13.8
wandb: Run data is saved locally in /gpfs/home2/nreints/MScThesis/code/wandb/run-20230321_132928-iekhjadj
wandb: Run `wandb offline` to turn off syncing.
wandb: Syncing run upbeat-sea-115
wandb: â­ï¸ View project at https://wandb.ai/nreints/test
wandb: ðŸš€ View run at https://wandb.ai/nreints/test/runs/iekhjadj
Testing on datasets: ['data_t(0, 0)_r(5, 20)_tennis_pNone_gNone', 'data_tennis_pNone_gNone_tennisEffect']
----- ITERATION 1/2 ------
Number of train simulations: 3200
Number of test simulations: 800
The dataloader took 80.13279414176941 seconds.
-- Finished Train Dataloader --
The dataloader took 20.120594263076782 seconds.
The dataloader took 20.84998631477356 seconds.
-- Finished Test Dataloader(s) --
Datatype: log_quat
--- Started Training ---
Epoch 0
	 Logging train Loss: 13.6947406046 (L1Loss(): data_t(0, 0)_r(5, 20)_tennis_pNone_gNone)
	 Logging test loss 320.9911804199219 (MSELoss(): t(0, 0)_r(5, 20)_tennis_pNone_gNone)
	 Logging test loss 11.82426643371582 (L1Loss(): t(0, 0)_r(5, 20)_tennis_pNone_gNone)
	 Logging test loss 421.8831787109375 (MSELoss(): tennis_pNone_gNone_tennisEffect)
	 Logging test loss 14.391372680664062 (L1Loss(): tennis_pNone_gNone_tennisEffect)
     --> Epoch_time; 83.52661752700806
Epoch 1
	 Logging train Loss: 7.2976683772 (L1Loss(): data_t(0, 0)_r(5, 20)_tennis_pNone_gNone)
	 Logging test loss 33.932647705078125 (MSELoss(): t(0, 0)_r(5, 20)_tennis_pNone_gNone)
	 Logging test loss 3.3013575077056885 (L1Loss(): t(0, 0)_r(5, 20)_tennis_pNone_gNone)
	 Logging test loss 310.0036315917969 (MSELoss(): tennis_pNone_gNone_tennisEffect)
	 Logging test loss 11.630090713500977 (L1Loss(): tennis_pNone_gNone_tennisEffect)
     --> Epoch_time; 84.65767621994019
Epoch 2
	 Logging train Loss: 2.7144502528 (L1Loss(): data_t(0, 0)_r(5, 20)_tennis_pNone_gNone)
	 Logging test loss 18.796966552734375 (MSELoss(): t(0, 0)_r(5, 20)_tennis_pNone_gNone)
	 Logging test loss 2.26491117477417 (L1Loss(): t(0, 0)_r(5, 20)_tennis_pNone_gNone)
	 Logging test loss 238.9864044189453 (MSELoss(): tennis_pNone_gNone_tennisEffect)
	 Logging test loss 9.589705467224121 (L1Loss(): tennis_pNone_gNone_tennisEffect)
     --> Epoch_time; 80.74230098724365
Epoch 3
	 Logging train Loss: 2.0509663501 (L1Loss(): data_t(0, 0)_r(5, 20)_tennis_pNone_gNone)
	 Logging test loss 13.253777503967285 (MSELoss(): t(0, 0)_r(5, 20)_tennis_pNone_gNone)
	 Logging test loss 1.8270376920700073 (L1Loss(): t(0, 0)_r(5, 20)_tennis_pNone_gNone)
	 Logging test loss 209.47314453125 (MSELoss(): tennis_pNone_gNone_tennisEffect)
	 Logging test loss 8.703808784484863 (L1Loss(): tennis_pNone_gNone_tennisEffect)
     --> Epoch_time; 85.35446262359619
Epoch 4
	 Logging train Loss: 1.719911503 (L1Loss(): data_t(0, 0)_r(5, 20)_tennis_pNone_gNone)
	 Logging test loss 10.513794898986816 (MSELoss(): t(0, 0)_r(5, 20)_tennis_pNone_gNone)
	 Logging test loss 1.6368032693862915 (L1Loss(): t(0, 0)_r(5, 20)_tennis_pNone_gNone)
	 Logging test loss 191.77978515625 (MSELoss(): tennis_pNone_gNone_tennisEffect)
	 Logging test loss 8.147906303405762 (L1Loss(): tennis_pNone_gNone_tennisEffect)
     --> Epoch_time; 80.6353211402893
Epoch 5
	 Logging train Loss: 1.5170199525 (L1Loss(): data_t(0, 0)_r(5, 20)_tennis_pNone_gNone)
	 Logging test loss 8.335679054260254 (MSELoss(): t(0, 0)_r(5, 20)_tennis_pNone_gNone)
	 Logging test loss 1.4326194524765015 (L1Loss(): t(0, 0)_r(5, 20)_tennis_pNone_gNone)
	 Logging test loss 179.39398193359375 (MSELoss(): tennis_pNone_gNone_tennisEffect)
	 Logging test loss 7.773880481719971 (L1Loss(): tennis_pNone_gNone_tennisEffect)
     --> Epoch_time; 84.85080695152283
Epoch 6
	 Logging train Loss: 1.3808480456 (L1Loss(): data_t(0, 0)_r(5, 20)_tennis_pNone_gNone)
	 Logging test loss 7.078279495239258 (MSELoss(): t(0, 0)_r(5, 20)_tennis_pNone_gNone)
	 Logging test loss 1.321568250656128 (L1Loss(): t(0, 0)_r(5, 20)_tennis_pNone_gNone)
	 Logging test loss 169.2053680419922 (MSELoss(): tennis_pNone_gNone_tennisEffect)
	 Logging test loss 7.465580463409424 (L1Loss(): tennis_pNone_gNone_tennisEffect)
     --> Epoch_time; 84.51643061637878
Epoch 7
	 Logging train Loss: 1.2828954759 (L1Loss(): data_t(0, 0)_r(5, 20)_tennis_pNone_gNone)
	 Logging test loss 6.082180500030518 (MSELoss(): t(0, 0)_r(5, 20)_tennis_pNone_gNone)
	 Logging test loss 1.2142335176467896 (L1Loss(): t(0, 0)_r(5, 20)_tennis_pNone_gNone)
	 Logging test loss 161.4855194091797 (MSELoss(): tennis_pNone_gNone_tennisEffect)
	 Logging test loss 7.22941255569458 (L1Loss(): tennis_pNone_gNone_tennisEffect)
     --> Epoch_time; 84.26589298248291
Epoch 8
	 Logging train Loss: 1.2065166399 (L1Loss(): data_t(0, 0)_r(5, 20)_tennis_pNone_gNone)
	 Logging test loss 5.402807235717773 (MSELoss(): t(0, 0)_r(5, 20)_tennis_pNone_gNone)
	 Logging test loss 1.1472679376602173 (L1Loss(): t(0, 0)_r(5, 20)_tennis_pNone_gNone)
	 Logging test loss 154.98880004882812 (MSELoss(): tennis_pNone_gNone_tennisEffect)
	 Logging test loss 7.032400608062744 (L1Loss(): tennis_pNone_gNone_tennisEffect)
     --> Epoch_time; 83.41027450561523
Epoch 9
	 Logging train Loss: 1.1433680715 (L1Loss(): data_t(0, 0)_r(5, 20)_tennis_pNone_gNone)
	 Logging test loss 4.961214065551758 (MSELoss(): t(0, 0)_r(5, 20)_tennis_pNone_gNone)
	 Logging test loss 1.1126084327697754 (L1Loss(): t(0, 0)_r(5, 20)_tennis_pNone_gNone)
	 Logging test loss 149.2681884765625 (MSELoss(): tennis_pNone_gNone_tennisEffect)
	 Logging test loss 6.8502302169799805 (L1Loss(): tennis_pNone_gNone_tennisEffect)
     --> Epoch_time; 84.28245043754578
Epoch 10
	 Logging train Loss: 1.0910274331 (L1Loss(): data_t(0, 0)_r(5, 20)_tennis_pNone_gNone)
	 Logging test loss 4.406171798706055 (MSELoss(): t(0, 0)_r(5, 20)_tennis_pNone_gNone)
	 Logging test loss 1.038680076599121 (L1Loss(): t(0, 0)_r(5, 20)_tennis_pNone_gNone)
	 Logging test loss 143.9739532470703 (MSELoss(): tennis_pNone_gNone_tennisEffect)
	 Logging test loss 6.68759822845459 (L1Loss(): tennis_pNone_gNone_tennisEffect)
     --> Epoch_time; 79.91273546218872
Epoch 11
	 Logging train Loss: 1.0461520725 (L1Loss(): data_t(0, 0)_r(5, 20)_tennis_pNone_gNone)
	 Logging test loss 4.197321891784668 (MSELoss(): t(0, 0)_r(5, 20)_tennis_pNone_gNone)
	 Logging test loss 1.0322401523590088 (L1Loss(): t(0, 0)_r(5, 20)_tennis_pNone_gNone)
	 Logging test loss 139.70570373535156 (MSELoss(): tennis_pNone_gNone_tennisEffect)
	 Logging test loss 6.545655250549316 (L1Loss(): tennis_pNone_gNone_tennisEffect)
     --> Epoch_time; 84.58286237716675
Epoch 12
	 Logging train Loss: 1.0067322974 (L1Loss(): data_t(0, 0)_r(5, 20)_tennis_pNone_gNone)
	 Logging test loss 3.833489418029785 (MSELoss(): t(0, 0)_r(5, 20)_tennis_pNone_gNone)
	 Logging test loss 0.9780383706092834 (L1Loss(): t(0, 0)_r(5, 20)_tennis_pNone_gNone)
	 Logging test loss 136.03890991210938 (MSELoss(): tennis_pNone_gNone_tennisEffect)
	 Logging test loss 6.423652648925781 (L1Loss(): tennis_pNone_gNone_tennisEffect)
     --> Epoch_time; 80.65491580963135
Epoch 13
	 Logging train Loss: 0.9698265325 (L1Loss(): data_t(0, 0)_r(5, 20)_tennis_pNone_gNone)
	 Logging test loss 3.5594449043273926 (MSELoss(): t(0, 0)_r(5, 20)_tennis_pNone_gNone)
	 Logging test loss 0.9379692077636719 (L1Loss(): t(0, 0)_r(5, 20)_tennis_pNone_gNone)
	 Logging test loss 132.02452087402344 (MSELoss(): tennis_pNone_gNone_tennisEffect)
	 Logging test loss 6.28087854385376 (L1Loss(): tennis_pNone_gNone_tennisEffect)
     --> Epoch_time; 86.22772812843323
Epoch 14
	 Logging train Loss: 0.938107958 (L1Loss(): data_t(0, 0)_r(5, 20)_tennis_pNone_gNone)
	 Logging test loss 3.3522212505340576 (MSELoss(): t(0, 0)_r(5, 20)_tennis_pNone_gNone)
	 Logging test loss 0.9091973900794983 (L1Loss(): t(0, 0)_r(5, 20)_tennis_pNone_gNone)
	 Logging test loss 128.34555053710938 (MSELoss(): tennis_pNone_gNone_tennisEffect)
	 Logging test loss 6.149076461791992 (L1Loss(): tennis_pNone_gNone_tennisEffect)
     --> Epoch_time; 85.17117977142334
Epoch 15
	 Logging train Loss: 0.9094965118 (L1Loss(): data_t(0, 0)_r(5, 20)_tennis_pNone_gNone)
	 Logging test loss 3.33086895942688 (MSELoss(): t(0, 0)_r(5, 20)_tennis_pNone_gNone)
	 Logging test loss 0.936288058757782 (L1Loss(): t(0, 0)_r(5, 20)_tennis_pNone_gNone)
	 Logging test loss 125.74982452392578 (MSELoss(): tennis_pNone_gNone_tennisEffect)
	 Logging test loss 6.07911491394043 (L1Loss(): tennis_pNone_gNone_tennisEffect)
     --> Epoch_time; 84.85094237327576
Epoch 16
	 Logging train Loss: 0.880552444 (L1Loss(): data_t(0, 0)_r(5, 20)_tennis_pNone_gNone)
wandb: Waiting for W&B process to finish... (success).
wandb: 
wandb: Run history:
wandb:  Test loss t(0, 0)_r(5, 20)_tennis L1Loss() â–ˆâ–ƒâ–‚â–‚â–‚â–â–â–â–â–â–â–â–â–â–â–â–â–â–â–â–
wandb: Test loss t(0, 0)_r(5, 20)_tennis MSELoss() â–ˆâ–‚â–â–â–â–â–â–â–â–â–â–â–â–â–â–â–â–â–â–â–
wandb:             Test loss tennisEffect L1Loss() â–ˆâ–†â–„â–ƒâ–ƒâ–ƒâ–‚â–‚â–‚â–‚â–‚â–‚â–‚â–‚â–â–â–â–â–â–â–
wandb:            Test loss tennisEffect MSELoss() â–ˆâ–…â–„â–ƒâ–ƒâ–‚â–‚â–‚â–‚â–‚â–‚â–‚â–â–â–â–â–â–â–â–â–
wandb:     Train loss data_t(0, 0)_r(5, 20)_tennis â–ˆâ–…â–‚â–‚â–â–â–â–â–â–â–â–â–â–â–â–â–â–â–â–
wandb: 
wandb: Run summary:
wandb:  Test loss t(0, 0)_r(5, 20)_tennis L1Loss() 0.80178
wandb: Test loss t(0, 0)_r(5, 20)_tennis MSELoss() 2.61186
wandb:             Test loss tennisEffect L1Loss() 5.64139
wandb:            Test loss tennisEffect MSELoss() 114.13319
wandb:     Train loss data_t(0, 0)_r(5, 20)_tennis 0.81127
wandb: 
wandb: ðŸš€ View run upbeat-sea-115 at: https://wandb.ai/nreints/test/runs/iekhjadj
wandb: Synced 6 W&B file(s), 0 media file(s), 0 artifact file(s) and 1 other file(s)
wandb: Find logs at: ./wandb/run-20230321_132928-iekhjadj/logs
/gpfs/home2/nreints/MScThesis/code/fcnn.py:518: DeprecationWarning: Sampling from a set deprecated
since Python 3.9 and will be removed in a subsequent version.
  train_sims = set(random.sample(sims_train, int(0.8 * n_sims_train)))
wandb: - Waiting for wandb.init()...wandb: \ Waiting for wandb.init()...wandb: wandb version 0.14.0 is available!  To upgrade, please run:
wandb:  $ pip install wandb --upgrade
wandb: Tracking run with wandb version 0.13.8
wandb: Run data is saved locally in /gpfs/home2/nreints/MScThesis/code/wandb/run-20230321_135957-tnijcihb
wandb: Run `wandb offline` to turn off syncing.
wandb: Syncing run prime-night-121
wandb: â­ï¸ View project at https://wandb.ai/nreints/test
wandb: ðŸš€ View run at https://wandb.ai/nreints/test/runs/tnijcihb
	 Logging test loss 3.1999897956848145 (MSELoss(): t(0, 0)_r(5, 20)_tennis_pNone_gNone)
	 Logging test loss 0.9194769263267517 (L1Loss(): t(0, 0)_r(5, 20)_tennis_pNone_gNone)
	 Logging test loss 122.79890441894531 (MSELoss(): tennis_pNone_gNone_tennisEffect)
	 Logging test loss 5.973315715789795 (L1Loss(): tennis_pNone_gNone_tennisEffect)
     --> Epoch_time; 84.08625674247742
Epoch 17
	 Logging train Loss: 0.8564720403 (L1Loss(): data_t(0, 0)_r(5, 20)_tennis_pNone_gNone)
	 Logging test loss 2.9928932189941406 (MSELoss(): t(0, 0)_r(5, 20)_tennis_pNone_gNone)
	 Logging test loss 0.8827351331710815 (L1Loss(): t(0, 0)_r(5, 20)_tennis_pNone_gNone)
	 Logging test loss 119.74737548828125 (MSELoss(): tennis_pNone_gNone_tennisEffect)
	 Logging test loss 5.859372615814209 (L1Loss(): tennis_pNone_gNone_tennisEffect)
     --> Epoch_time; 84.36624431610107
Epoch 18
	 Logging train Loss: 0.8327092588 (L1Loss(): data_t(0, 0)_r(5, 20)_tennis_pNone_gNone)
	 Logging test loss 2.6937174797058105 (MSELoss(): t(0, 0)_r(5, 20)_tennis_pNone_gNone)
	 Logging test loss 0.8083046078681946 (L1Loss(): t(0, 0)_r(5, 20)_tennis_pNone_gNone)
	 Logging test loss 116.71495056152344 (MSELoss(): tennis_pNone_gNone_tennisEffect)
	 Logging test loss 5.738458156585693 (L1Loss(): tennis_pNone_gNone_tennisEffect)
     --> Epoch_time; 80.93537855148315
Epoch 19
	 Logging train Loss: 0.8112650952 (L1Loss(): data_t(0, 0)_r(5, 20)_tennis_pNone_gNone)
	 Logging test loss 2.6117255687713623 (MSELoss(): t(0, 0)_r(5, 20)_tennis_pNone_gNone)
	 Logging test loss 0.8017820715904236 (L1Loss(): t(0, 0)_r(5, 20)_tennis_pNone_gNone)
	 Logging test loss 114.13658905029297 (MSELoss(): tennis_pNone_gNone_tennisEffect)
	 Logging test loss 5.641442775726318 (L1Loss(): tennis_pNone_gNone_tennisEffect)
     --> Epoch_time; 83.87932658195496
	 Logging test loss 2.611863851547241 (MSELoss(): t(0, 0)_r(5, 20)_tennis_pNone_gNone)
	 Logging test loss 0.8017799258232117 (L1Loss(): t(0, 0)_r(5, 20)_tennis_pNone_gNone)
	 Logging test loss 114.13319396972656 (MSELoss(): tennis_pNone_gNone_tennisEffect)
	 Logging test loss 5.641389846801758 (L1Loss(): tennis_pNone_gNone_tennisEffect)
It took 1829.3061201572418 seconds to train & eval the model.
----- ITERATION 2/2 ------
Number of train simulations: 3200
Number of test simulations: 800
The dataloader took 74.05575180053711 seconds.
-- Finished Train Dataloader --
The dataloader took 18.505136251449585 seconds.
The dataloader took 19.13637351989746 seconds.
-- Finished Test Dataloader(s) --
Datatype: log_quat
--- Started Training ---
Epoch 0
	 Logging train Loss: 13.6244076797 (L1Loss(): data_t(0, 0)_r(5, 20)_tennis_pNone_gNone)
	 Logging test loss 333.231689453125 (MSELoss(): t(0, 0)_r(5, 20)_tennis_pNone_gNone)
	 Logging test loss 12.032068252563477 (L1Loss(): t(0, 0)_r(5, 20)_tennis_pNone_gNone)
	 Logging test loss 409.9886169433594 (MSELoss(): tennis_pNone_gNone_tennisEffect)
	 Logging test loss 14.124073028564453 (L1Loss(): tennis_pNone_gNone_tennisEffect)
     --> Epoch_time; 83.63542103767395
Epoch 1
	 Logging train Loss: 7.4107945261 (L1Loss(): data_t(0, 0)_r(5, 20)_tennis_pNone_gNone)
	 Logging test loss 36.773826599121094 (MSELoss(): t(0, 0)_r(5, 20)_tennis_pNone_gNone)
	 Logging test loss 3.4902637004852295 (L1Loss(): t(0, 0)_r(5, 20)_tennis_pNone_gNone)
	 Logging test loss 291.5770568847656 (MSELoss(): tennis_pNone_gNone_tennisEffect)
	 Logging test loss 11.404326438903809 (L1Loss(): tennis_pNone_gNone_tennisEffect)
     --> Epoch_time; 84.66133093833923
Epoch 2
	 Logging train Loss: 2.7530953202 (L1Loss(): data_t(0, 0)_r(5, 20)_tennis_pNone_gNone)
	 Logging test loss 18.425769805908203 (MSELoss(): t(0, 0)_r(5, 20)_tennis_pNone_gNone)
	 Logging test loss 2.270699977874756 (L1Loss(): t(0, 0)_r(5, 20)_tennis_pNone_gNone)
	 Logging test loss 221.8114013671875 (MSELoss(): tennis_pNone_gNone_tennisEffect)
	 Logging test loss 9.310319900512695 (L1Loss(): tennis_pNone_gNone_tennisEffect)
     --> Epoch_time; 81.24350500106812
Epoch 3
	 Logging train Loss: 2.0250780293 (L1Loss(): data_t(0, 0)_r(5, 20)_tennis_pNone_gNone)
	 Logging test loss 12.661527633666992 (MSELoss(): t(0, 0)_r(5, 20)_tennis_pNone_gNone)
	 Logging test loss 1.8123364448547363 (L1Loss(): t(0, 0)_r(5, 20)_tennis_pNone_gNone)
	 Logging test loss 191.635498046875 (MSELoss(): tennis_pNone_gNone_tennisEffect)
	 Logging test loss 8.356791496276855 (L1Loss(): tennis_pNone_gNone_tennisEffect)
     --> Epoch_time; 85.43300414085388
Epoch 4
	 Logging train Loss: 1.6925259459 (L1Loss(): data_t(0, 0)_r(5, 20)_tennis_pNone_gNone)
	 Logging test loss 10.174606323242188 (MSELoss(): t(0, 0)_r(5, 20)_tennis_pNone_gNone)
	 Logging test loss 1.6542153358459473 (L1Loss(): t(0, 0)_r(5, 20)_tennis_pNone_gNone)
	 Logging test loss 173.9353790283203 (MSELoss(): tennis_pNone_gNone_tennisEffect)
	 Logging test loss 7.829587459564209 (L1Loss(): tennis_pNone_gNone_tennisEffect)
     --> Epoch_time; 80.78095483779907
Epoch 5
	 Logging train Loss: 1.4952092588 (L1Loss(): data_t(0, 0)_r(5, 20)_tennis_pNone_gNone)
	 Logging test loss 7.838201999664307 (MSELoss(): t(0, 0)_r(5, 20)_tennis_pNone_gNone)
	 Logging test loss 1.4174894094467163 (L1Loss(): t(0, 0)_r(5, 20)_tennis_pNone_gNone)
	 Logging test loss 160.00465393066406 (MSELoss(): tennis_pNone_gNone_tennisEffect)
	 Logging test loss 7.389475345611572 (L1Loss(): tennis_pNone_gNone_tennisEffect)
     --> Epoch_time; 84.77490425109863
Epoch 6
	 Logging train Loss: 1.3625628702 (L1Loss(): data_t(0, 0)_r(5, 20)_tennis_pNone_gNone)
	 Logging test loss 6.643341541290283 (MSELoss(): t(0, 0)_r(5, 20)_tennis_pNone_gNone)
	 Logging test loss 1.3224740028381348 (L1Loss(): t(0, 0)_r(5, 20)_tennis_pNone_gNone)
	 Logging test loss 150.32601928710938 (MSELoss(): tennis_pNone_gNone_tennisEffect)
	 Logging test loss 7.100318431854248 (L1Loss(): tennis_pNone_gNone_tennisEffect)
     --> Epoch_time; 84.86846542358398
Epoch 7
	 Logging train Loss: 1.268137574 (L1Loss(): data_t(0, 0)_r(5, 20)_tennis_pNone_gNone)
	 Logging test loss 5.762020587921143 (MSELoss(): t(0, 0)_r(5, 20)_tennis_pNone_gNone)
	 Logging test loss 1.2324572801589966 (L1Loss(): t(0, 0)_r(5, 20)_tennis_pNone_gNone)
	 Logging test loss 141.36813354492188 (MSELoss(): tennis_pNone_gNone_tennisEffect)
	 Logging test loss 6.828035831451416 (L1Loss(): tennis_pNone_gNone_tennisEffect)
     --> Epoch_time; 84.02645015716553
Epoch 8
	 Logging train Loss: 1.1938883464 (L1Loss(): data_t(0, 0)_r(5, 20)_tennis_pNone_gNone)
	 Logging test loss 5.0488972663879395 (MSELoss(): t(0, 0)_r(5, 20)_tennis_pNone_gNone)
	 Logging test loss 1.15659761428833 (L1Loss(): t(0, 0)_r(5, 20)_tennis_pNone_gNone)
	 Logging test loss 134.7321014404297 (MSELoss(): tennis_pNone_gNone_tennisEffect)
	 Logging test loss 6.6081037521362305 (L1Loss(): tennis_pNone_gNone_tennisEffect)
     --> Epoch_time; 82.8990569114685
Epoch 9
	 Logging train Loss: 1.1332317676 (L1Loss(): data_t(0, 0)_r(5, 20)_tennis_pNone_gNone)
	 Logging test loss 4.580827236175537 (MSELoss(): t(0, 0)_r(5, 20)_tennis_pNone_gNone)
	 Logging test loss 1.1029516458511353 (L1Loss(): t(0, 0)_r(5, 20)_tennis_pNone_gNone)
	 Logging test loss 129.626708984375 (MSELoss(): tennis_pNone_gNone_tennisEffect)
	 Logging test loss 6.449589729309082 (L1Loss(): tennis_pNone_gNone_tennisEffect)
     --> Epoch_time; 83.76109528541565
Epoch 10
	 Logging train Loss: 1.0809985192 (L1Loss(): data_t(0, 0)_r(5, 20)_tennis_pNone_gNone)
	 Logging test loss 4.176465034484863 (MSELoss(): t(0, 0)_r(5, 20)_tennis_pNone_gNone)
	 Logging test loss 1.0598549842834473 (L1Loss(): t(0, 0)_r(5, 20)_tennis_pNone_gNone)
	 Logging test loss 123.90327453613281 (MSELoss(): tennis_pNone_gNone_tennisEffect)
	 Logging test loss 6.271390438079834 (L1Loss(): tennis_pNone_gNone_tennisEffect)
     --> Epoch_time; 79.92506670951843
Epoch 11
	 Logging train Loss: 1.0361028933 (L1Loss(): data_t(0, 0)_r(5, 20)_tennis_pNone_gNone)
	 Logging test loss 3.752668619155884 (MSELoss(): t(0, 0)_r(5, 20)_tennis_pNone_gNone)
	 Logging test loss 1.0042222738265991 (L1Loss(): t(0, 0)_r(5, 20)_tennis_pNone_gNone)
	 Logging test loss 119.2576675415039 (MSELoss(): tennis_pNone_gNone_tennisEffect)
wandb: Waiting for W&B process to finish... (success).
wandb: 
wandb: Run history:
wandb:  Test loss t(0, 0)_r(5, 20)_tennis L1Loss() â–ˆâ–ƒâ–‚â–‚â–‚â–â–â–â–â–â–â–â–â–â–â–â–â–â–â–â–
wandb: Test loss t(0, 0)_r(5, 20)_tennis MSELoss() â–ˆâ–‚â–â–â–â–â–â–â–â–â–â–â–â–â–â–â–â–â–â–â–
wandb:             Test loss tennisEffect L1Loss() â–ˆâ–†â–„â–ƒâ–ƒâ–ƒâ–‚â–‚â–‚â–‚â–‚â–‚â–‚â–â–â–â–â–â–â–â–
wandb:            Test loss tennisEffect MSELoss() â–ˆâ–…â–„â–ƒâ–ƒâ–‚â–‚â–‚â–‚â–‚â–‚â–‚â–â–â–â–â–â–â–â–â–
wandb:     Train loss data_t(0, 0)_r(5, 20)_tennis â–ˆâ–…â–‚â–‚â–â–â–â–â–â–â–â–â–â–â–â–â–â–â–â–
wandb: 
wandb: Run summary:
wandb:  Test loss t(0, 0)_r(5, 20)_tennis L1Loss() 0.81555
wandb: Test loss t(0, 0)_r(5, 20)_tennis MSELoss() 2.49168
wandb:             Test loss tennisEffect L1Loss() 5.2237
wandb:            Test loss tennisEffect MSELoss() 96.71224
wandb:     Train loss data_t(0, 0)_r(5, 20)_tennis 0.801
wandb: 
wandb: ðŸš€ View run prime-night-121 at: https://wandb.ai/nreints/test/runs/tnijcihb
wandb: Synced 6 W&B file(s), 0 media file(s), 0 artifact file(s) and 1 other file(s)
wandb: Find logs at: ./wandb/run-20230321_135957-tnijcihb/logs
	 Logging test loss 6.109190464019775 (L1Loss(): tennis_pNone_gNone_tennisEffect)
     --> Epoch_time; 83.76406979560852
Epoch 12
	 Logging train Loss: 0.9936809066 (L1Loss(): data_t(0, 0)_r(5, 20)_tennis_pNone_gNone)
	 Logging test loss 3.5447468757629395 (MSELoss(): t(0, 0)_r(5, 20)_tennis_pNone_gNone)
	 Logging test loss 0.9768768548965454 (L1Loss(): t(0, 0)_r(5, 20)_tennis_pNone_gNone)
	 Logging test loss 115.16382598876953 (MSELoss(): tennis_pNone_gNone_tennisEffect)
	 Logging test loss 5.960621356964111 (L1Loss(): tennis_pNone_gNone_tennisEffect)
     --> Epoch_time; 79.09855699539185
Epoch 13
	 Logging train Loss: 0.9595281065 (L1Loss(): data_t(0, 0)_r(5, 20)_tennis_pNone_gNone)
	 Logging test loss 3.3583133220672607 (MSELoss(): t(0, 0)_r(5, 20)_tennis_pNone_gNone)
	 Logging test loss 0.9593362808227539 (L1Loss(): t(0, 0)_r(5, 20)_tennis_pNone_gNone)
	 Logging test loss 112.20475769042969 (MSELoss(): tennis_pNone_gNone_tennisEffect)
	 Logging test loss 5.851192951202393 (L1Loss(): tennis_pNone_gNone_tennisEffect)
     --> Epoch_time; 84.33120656013489
Epoch 14
	 Logging train Loss: 0.9277234445 (L1Loss(): data_t(0, 0)_r(5, 20)_tennis_pNone_gNone)
	 Logging test loss 3.095045804977417 (MSELoss(): t(0, 0)_r(5, 20)_tennis_pNone_gNone)
	 Logging test loss 0.9097042679786682 (L1Loss(): t(0, 0)_r(5, 20)_tennis_pNone_gNone)
	 Logging test loss 108.7801742553711 (MSELoss(): tennis_pNone_gNone_tennisEffect)
	 Logging test loss 5.724425315856934 (L1Loss(): tennis_pNone_gNone_tennisEffect)
     --> Epoch_time; 84.21990442276001
Epoch 15
	 Logging train Loss: 0.8996131249 (L1Loss(): data_t(0, 0)_r(5, 20)_tennis_pNone_gNone)
	 Logging test loss 3.0346736907958984 (MSELoss(): t(0, 0)_r(5, 20)_tennis_pNone_gNone)
	 Logging test loss 0.9079100489616394 (L1Loss(): t(0, 0)_r(5, 20)_tennis_pNone_gNone)
	 Logging test loss 105.9504165649414 (MSELoss(): tennis_pNone_gNone_tennisEffect)
	 Logging test loss 5.6186957359313965 (L1Loss(): tennis_pNone_gNone_tennisEffect)
     --> Epoch_time; 84.26314902305603
Epoch 16
	 Logging train Loss: 0.8702146044 (L1Loss(): data_t(0, 0)_r(5, 20)_tennis_pNone_gNone)
	 Logging test loss 2.878042697906494 (MSELoss(): t(0, 0)_r(5, 20)_tennis_pNone_gNone)
	 Logging test loss 0.881846010684967 (L1Loss(): t(0, 0)_r(5, 20)_tennis_pNone_gNone)
	 Logging test loss 103.50401306152344 (MSELoss(): tennis_pNone_gNone_tennisEffect)
	 Logging test loss 5.51932954788208 (L1Loss(): tennis_pNone_gNone_tennisEffect)
     --> Epoch_time; 83.02065324783325
Epoch 17
	 Logging train Loss: 0.8471662135 (L1Loss(): data_t(0, 0)_r(5, 20)_tennis_pNone_gNone)
	 Logging test loss 2.8479933738708496 (MSELoss(): t(0, 0)_r(5, 20)_tennis_pNone_gNone)
	 Logging test loss 0.8924590349197388 (L1Loss(): t(0, 0)_r(5, 20)_tennis_pNone_gNone)
	 Logging test loss 101.0401840209961 (MSELoss(): tennis_pNone_gNone_tennisEffect)
	 Logging test loss 5.414491653442383 (L1Loss(): tennis_pNone_gNone_tennisEffect)
     --> Epoch_time; 82.43244743347168
Epoch 18
	 Logging train Loss: 0.8221815321 (L1Loss(): data_t(0, 0)_r(5, 20)_tennis_pNone_gNone)
	 Logging test loss 2.517838478088379 (MSELoss(): t(0, 0)_r(5, 20)_tennis_pNone_gNone)
	 Logging test loss 0.8042675852775574 (L1Loss(): t(0, 0)_r(5, 20)_tennis_pNone_gNone)
	 Logging test loss 98.75706481933594 (MSELoss(): tennis_pNone_gNone_tennisEffect)
	 Logging test loss 5.31391716003418 (L1Loss(): tennis_pNone_gNone_tennisEffect)
     --> Epoch_time; 78.24397730827332
Epoch 19
	 Logging train Loss: 0.8009957906 (L1Loss(): data_t(0, 0)_r(5, 20)_tennis_pNone_gNone)
	 Logging test loss 2.491886615753174 (MSELoss(): t(0, 0)_r(5, 20)_tennis_pNone_gNone)
	 Logging test loss 0.8155567646026611 (L1Loss(): t(0, 0)_r(5, 20)_tennis_pNone_gNone)
	 Logging test loss 96.7105712890625 (MSELoss(): tennis_pNone_gNone_tennisEffect)
	 Logging test loss 5.223718166351318 (L1Loss(): tennis_pNone_gNone_tennisEffect)
     --> Epoch_time; 81.70731258392334
	 Logging test loss 2.4916768074035645 (MSELoss(): t(0, 0)_r(5, 20)_tennis_pNone_gNone)
	 Logging test loss 0.8155484199523926 (L1Loss(): t(0, 0)_r(5, 20)_tennis_pNone_gNone)
	 Logging test loss 96.71224212646484 (MSELoss(): tennis_pNone_gNone_tennisEffect)
	 Logging test loss 5.223704814910889 (L1Loss(): tennis_pNone_gNone_tennisEffect)
It took 1807.4417974948883 seconds to train & eval the model.

JOB STATISTICS
==============
Job ID: 2480515
Array Job ID: 2478465_19
Cluster: snellius
User/Group: nreints/nreints
State: COMPLETED (exit code 0)
Nodes: 1
Cores per node: 18
CPU Utilized: 08:52:08
CPU Efficiency: 48.57% of 18:15:36 core-walltime
Job Wall-clock time: 01:00:52
Memory Utilized: 9.49 GB
Memory Efficiency: 30.36% of 31.25 GB
