wandb: Currently logged in as: nreints. Use `wandb login --relogin` to force relogin
wandb: Appending key for api.wandb.ai to your netrc file: /home/nreints/.netrc
/gpfs/home2/nreints/MScThesis/code/fcnn.py:521: DeprecationWarning: Sampling from a set deprecated
since Python 3.9 and will be removed in a subsequent version.
  train_sims = set(random.sample(sims_train, int(0.8 * n_sims_train)))
wandb: Tracking run with wandb version 0.14.0
wandb: Run data is saved locally in /gpfs/home2/nreints/MScThesis/code/wandb/run-20230321_162903-sigfklpl
wandb: Run `wandb offline` to turn off syncing.
wandb: Syncing run fluent-armadillo-254
wandb: â­ï¸ View project at https://wandb.ai/nreints/test
wandb: ðŸš€ View run at https://wandb.ai/nreints/test/runs/sigfklpl
['data_t(5,', '20)_r(0,', '0)_full_pNone_gNone']
data/data_t(5, 20)_r(0, 0)_full_pNone_gNone
Testing on datasets: ['data_t(5, 20)_r(0, 0)_full_pNone_gNone', 'data_tennis_pNone_gNone_tennisEffect']
----- ITERATION 1/2 ------
Number of train simulations: 3200
Number of test simulations: 800
The dataloader took 129.27671098709106 seconds.
-- Finished Train Dataloader --
The dataloader took 32.262129068374634 seconds.
The dataloader took 33.08996295928955 seconds.
-- Finished Test Dataloader(s) --
Datatype: eucl_motion
--- Started Training ---
Epoch 0
	 Logging train Loss: 4.6481320849 (MSELoss(): data_t(5, 20)_r(0, 0)_full_pNone_gNone)
	 Logging test loss 0.008512011729180813 (MSELoss(): t(5, 20)_r(0, 0)_full_pNone_gNone)
	 Logging test loss 0.06766927242279053 (L1Loss(): t(5, 20)_r(0, 0)_full_pNone_gNone)
	 Logging test loss 431854.9375 (MSELoss(): tennis_pNone_gNone_tennisEffect)
	 Logging test loss 300.4312438964844 (L1Loss(): tennis_pNone_gNone_tennisEffect)
     --> Epoch_time; 80.74416923522949
Epoch 1
	 Logging train Loss: 0.010282504 (MSELoss(): data_t(5, 20)_r(0, 0)_full_pNone_gNone)
	 Logging test loss 0.006395393051207066 (MSELoss(): t(5, 20)_r(0, 0)_full_pNone_gNone)
	 Logging test loss 0.0604805126786232 (L1Loss(): t(5, 20)_r(0, 0)_full_pNone_gNone)
	 Logging test loss 361418.34375 (MSELoss(): tennis_pNone_gNone_tennisEffect)
	 Logging test loss 273.44842529296875 (L1Loss(): tennis_pNone_gNone_tennisEffect)
     --> Epoch_time; 86.77985286712646
Epoch 2
	 Logging train Loss: 0.009638489 (MSELoss(): data_t(5, 20)_r(0, 0)_full_pNone_gNone)
	 Logging test loss 0.007430580910295248 (MSELoss(): t(5, 20)_r(0, 0)_full_pNone_gNone)
	 Logging test loss 0.06538606435060501 (L1Loss(): t(5, 20)_r(0, 0)_full_pNone_gNone)
	 Logging test loss 341978.375 (MSELoss(): tennis_pNone_gNone_tennisEffect)
	 Logging test loss 266.6674499511719 (L1Loss(): tennis_pNone_gNone_tennisEffect)
     --> Epoch_time; 86.47860836982727
Epoch 3
	 Logging train Loss: 0.0080773609 (MSELoss(): data_t(5, 20)_r(0, 0)_full_pNone_gNone)
	 Logging test loss 0.0027736215852200985 (MSELoss(): t(5, 20)_r(0, 0)_full_pNone_gNone)
	 Logging test loss 0.036400578916072845 (L1Loss(): t(5, 20)_r(0, 0)_full_pNone_gNone)
	 Logging test loss 347000.625 (MSELoss(): tennis_pNone_gNone_tennisEffect)
	 Logging test loss 268.0039367675781 (L1Loss(): tennis_pNone_gNone_tennisEffect)
     --> Epoch_time; 81.99349355697632
Epoch 4
	 Logging train Loss: 0.0064690459 (MSELoss(): data_t(5, 20)_r(0, 0)_full_pNone_gNone)
	 Logging test loss 0.004219535738229752 (MSELoss(): t(5, 20)_r(0, 0)_full_pNone_gNone)
	 Logging test loss 0.04331864416599274 (L1Loss(): t(5, 20)_r(0, 0)_full_pNone_gNone)
	 Logging test loss 304668.71875 (MSELoss(): tennis_pNone_gNone_tennisEffect)
	 Logging test loss 252.03089904785156 (L1Loss(): tennis_pNone_gNone_tennisEffect)
     --> Epoch_time; 86.87598514556885
Epoch 5
	 Logging train Loss: 0.0057873526 (MSELoss(): data_t(5, 20)_r(0, 0)_full_pNone_gNone)
	 Logging test loss 0.002134589711204171 (MSELoss(): t(5, 20)_r(0, 0)_full_pNone_gNone)
	 Logging test loss 0.030013175681233406 (L1Loss(): t(5, 20)_r(0, 0)_full_pNone_gNone)
	 Logging test loss 292745.90625 (MSELoss(): tennis_pNone_gNone_tennisEffect)
	 Logging test loss 247.0106964111328 (L1Loss(): tennis_pNone_gNone_tennisEffect)
     --> Epoch_time; 88.27571892738342
Epoch 6
	 Logging train Loss: 0.0058686319 (MSELoss(): data_t(5, 20)_r(0, 0)_full_pNone_gNone)
	 Logging test loss 0.00402805907651782 (MSELoss(): t(5, 20)_r(0, 0)_full_pNone_gNone)
	 Logging test loss 0.044011492282152176 (L1Loss(): t(5, 20)_r(0, 0)_full_pNone_gNone)
	 Logging test loss 295601.84375 (MSELoss(): tennis_pNone_gNone_tennisEffect)
	 Logging test loss 248.81597900390625 (L1Loss(): tennis_pNone_gNone_tennisEffect)
     --> Epoch_time; 88.31868743896484
Epoch 7
	 Logging train Loss: 0.0053645601 (MSELoss(): data_t(5, 20)_r(0, 0)_full_pNone_gNone)
	 Logging test loss 0.004301793873310089 (MSELoss(): t(5, 20)_r(0, 0)_full_pNone_gNone)
	 Logging test loss 0.040298428386449814 (L1Loss(): t(5, 20)_r(0, 0)_full_pNone_gNone)
	 Logging test loss 313920.84375 (MSELoss(): tennis_pNone_gNone_tennisEffect)
	 Logging test loss 256.06903076171875 (L1Loss(): tennis_pNone_gNone_tennisEffect)
     --> Epoch_time; 84.44640183448792
Epoch 8
	 Logging train Loss: 0.0050780044 (MSELoss(): data_t(5, 20)_r(0, 0)_full_pNone_gNone)
	 Logging test loss 0.0018953318940475583 (MSELoss(): t(5, 20)_r(0, 0)_full_pNone_gNone)
	 Logging test loss 0.028458990156650543 (L1Loss(): t(5, 20)_r(0, 0)_full_pNone_gNone)
	 Logging test loss 305620.09375 (MSELoss(): tennis_pNone_gNone_tennisEffect)
	 Logging test loss 252.68841552734375 (L1Loss(): tennis_pNone_gNone_tennisEffect)
     --> Epoch_time; 86.58224511146545
Epoch 9
	 Logging train Loss: 0.0048339626 (MSELoss(): data_t(5, 20)_r(0, 0)_full_pNone_gNone)
	 Logging test loss 0.0027669155970215797 (MSELoss(): t(5, 20)_r(0, 0)_full_pNone_gNone)
	 Logging test loss 0.03478548675775528 (L1Loss(): t(5, 20)_r(0, 0)_full_pNone_gNone)
	 Logging test loss 301885.28125 (MSELoss(): tennis_pNone_gNone_tennisEffect)
	 Logging test loss 251.42308044433594 (L1Loss(): tennis_pNone_gNone_tennisEffect)
     --> Epoch_time; 82.15131521224976
Epoch 10
	 Logging train Loss: 0.0044292344 (MSELoss(): data_t(5, 20)_r(0, 0)_full_pNone_gNone)
	 Logging test loss 0.0012012090301141143 (MSELoss(): t(5, 20)_r(0, 0)_full_pNone_gNone)
	 Logging test loss 0.020447544753551483 (L1Loss(): t(5, 20)_r(0, 0)_full_pNone_gNone)
	 Logging test loss 287960.875 (MSELoss(): tennis_pNone_gNone_tennisEffect)
	 Logging test loss 245.96438598632812 (L1Loss(): tennis_pNone_gNone_tennisEffect)
     --> Epoch_time; 80.6717357635498
Epoch 11
	 Logging train Loss: 0.0044602718 (MSELoss(): data_t(5, 20)_r(0, 0)_full_pNone_gNone)
	 Logging test loss 0.003374145133420825 (MSELoss(): t(5, 20)_r(0, 0)_full_pNone_gNone)
	 Logging test loss 0.03591546788811684 (L1Loss(): t(5, 20)_r(0, 0)_full_pNone_gNone)
	 Logging test loss 283631.5 (MSELoss(): tennis_pNone_gNone_tennisEffect)
	 Logging test loss 243.95005798339844 (L1Loss(): tennis_pNone_gNone_tennisEffect)
     --> Epoch_time; 74.26011514663696
Epoch 12
	 Logging train Loss: 0.0040006423 (MSELoss(): data_t(5, 20)_r(0, 0)_full_pNone_gNone)
	 Logging test loss 0.0011519660474732518 (MSELoss(): t(5, 20)_r(0, 0)_full_pNone_gNone)
	 Logging test loss 0.02011963352560997 (L1Loss(): t(5, 20)_r(0, 0)_full_pNone_gNone)
	 Logging test loss 275039.84375 (MSELoss(): tennis_pNone_gNone_tennisEffect)
	 Logging test loss 239.76092529296875 (L1Loss(): tennis_pNone_gNone_tennisEffect)
     --> Epoch_time; 79.95076966285706
Epoch 13
	 Logging train Loss: 0.0039235651 (MSELoss(): data_t(5, 20)_r(0, 0)_full_pNone_gNone)
	 Logging test loss 0.0010871639242395759 (MSELoss(): t(5, 20)_r(0, 0)_full_pNone_gNone)
	 Logging test loss 0.020212572067975998 (L1Loss(): t(5, 20)_r(0, 0)_full_pNone_gNone)
	 Logging test loss 270844.4375 (MSELoss(): tennis_pNone_gNone_tennisEffect)
	 Logging test loss 237.61807250976562 (L1Loss(): tennis_pNone_gNone_tennisEffect)
     --> Epoch_time; 81.11597299575806
Epoch 14
	 Logging train Loss: 0.0037684886 (MSELoss(): data_t(5, 20)_r(0, 0)_full_pNone_gNone)
	 Logging test loss 0.0013728816993534565 (MSELoss(): t(5, 20)_r(0, 0)_full_pNone_gNone)
	 Logging test loss 0.023686068132519722 (L1Loss(): t(5, 20)_r(0, 0)_full_pNone_gNone)
	 Logging test loss 262616.65625 (MSELoss(): tennis_pNone_gNone_tennisEffect)
	 Logging test loss 233.72962951660156 (L1Loss(): tennis_pNone_gNone_tennisEffect)
     --> Epoch_time; 81.53228759765625
Epoch 15
	 Logging train Loss: 0.0037332388 (MSELoss(): data_t(5, 20)_r(0, 0)_full_pNone_gNone)
	 Logging test loss 0.0035810081753879786 (MSELoss(): t(5, 20)_r(0, 0)_full_pNone_gNone)
	 Logging test loss 0.03804478421807289 (L1Loss(): t(5, 20)_r(0, 0)_full_pNone_gNone)
	 Logging test loss 249117.109375 (MSELoss(): tennis_pNone_gNone_tennisEffect)
	 Logging test loss 227.51580810546875 (L1Loss(): tennis_pNone_gNone_tennisEffect)
     --> Epoch_time; 79.57925057411194
Epoch 16
	 Logging train Loss: 0.0034323374 (MSELoss(): data_t(5, 20)_r(0, 0)_full_pNone_gNone)
wandb: Waiting for W&B process to finish... (success).
wandb: 
wandb: Run history:
wandb:  Test loss t(5, 20)_r(0, 0)_full L1Loss() â–…â–„â–…â–ƒâ–ƒâ–‚â–ƒâ–ƒâ–‚â–ƒâ–‚â–ƒâ–‚â–‚â–‚â–ƒâ–…â–ˆâ–â–â–
wandb: Test loss t(5, 20)_r(0, 0)_full MSELoss() â–ƒâ–ƒâ–ƒâ–‚â–‚â–â–‚â–‚â–â–‚â–â–‚â–â–â–â–‚â–„â–ˆâ–â–â–
wandb:           Test loss tennisEffect L1Loss() â–ˆâ–†â–…â–…â–„â–„â–„â–„â–„â–„â–„â–ƒâ–ƒâ–ƒâ–ƒâ–‚â–‚â–‚â–â–â–
wandb:          Test loss tennisEffect MSELoss() â–ˆâ–†â–…â–…â–„â–ƒâ–ƒâ–„â–„â–„â–ƒâ–ƒâ–ƒâ–ƒâ–‚â–‚â–‚â–‚â–â–â–
wandb:     Train loss data_t(5, 20)_r(0, 0)_full â–ˆâ–â–â–â–â–â–â–â–â–â–â–â–â–â–â–â–â–â–â–
wandb: 
wandb: Run summary:
wandb:  Test loss t(5, 20)_r(0, 0)_full L1Loss() 0.01211
wandb: Test loss t(5, 20)_r(0, 0)_full MSELoss() 0.00071
wandb:           Test loss tennisEffect L1Loss() 213.16048
wandb:          Test loss tennisEffect MSELoss() 221526.875
wandb:     Train loss data_t(5, 20)_r(0, 0)_full 0.00313
wandb: 
wandb: ðŸš€ View run fluent-armadillo-254 at: https://wandb.ai/nreints/test/runs/sigfklpl
wandb: Synced 6 W&B file(s), 0 media file(s), 2 artifact file(s) and 1 other file(s)
wandb: Find logs at: ./wandb/run-20230321_162903-sigfklpl/logs
/gpfs/home2/nreints/MScThesis/code/fcnn.py:521: DeprecationWarning: Sampling from a set deprecated
since Python 3.9 and will be removed in a subsequent version.
  train_sims = set(random.sample(sims_train, int(0.8 * n_sims_train)))
wandb: - Waiting for wandb.init()...wandb: \ Waiting for wandb.init()...wandb: Tracking run with wandb version 0.14.0
wandb: Run data is saved locally in /gpfs/home2/nreints/MScThesis/code/wandb/run-20230321_170019-c6hb3es1
wandb: Run `wandb offline` to turn off syncing.
wandb: Syncing run driven-oath-293
wandb: â­ï¸ View project at https://wandb.ai/nreints/test
wandb: ðŸš€ View run at https://wandb.ai/nreints/test/runs/c6hb3es1
	 Logging test loss 0.010318443179130554 (MSELoss(): t(5, 20)_r(0, 0)_full_pNone_gNone)
	 Logging test loss 0.07068834453821182 (L1Loss(): t(5, 20)_r(0, 0)_full_pNone_gNone)
	 Logging test loss 241989.390625 (MSELoss(): tennis_pNone_gNone_tennisEffect)
	 Logging test loss 223.48068237304688 (L1Loss(): tennis_pNone_gNone_tennisEffect)
     --> Epoch_time; 80.19501185417175
Epoch 17
	 Logging train Loss: 0.0034136411 (MSELoss(): data_t(5, 20)_r(0, 0)_full_pNone_gNone)
	 Logging test loss 0.02576187066733837 (MSELoss(): t(5, 20)_r(0, 0)_full_pNone_gNone)
	 Logging test loss 0.11211548745632172 (L1Loss(): t(5, 20)_r(0, 0)_full_pNone_gNone)
	 Logging test loss 237087.828125 (MSELoss(): tennis_pNone_gNone_tennisEffect)
	 Logging test loss 221.02442932128906 (L1Loss(): tennis_pNone_gNone_tennisEffect)
     --> Epoch_time; 75.83183813095093
Epoch 18
	 Logging train Loss: 0.0030944204 (MSELoss(): data_t(5, 20)_r(0, 0)_full_pNone_gNone)
	 Logging test loss 0.0009193005971610546 (MSELoss(): t(5, 20)_r(0, 0)_full_pNone_gNone)
	 Logging test loss 0.01641349121928215 (L1Loss(): t(5, 20)_r(0, 0)_full_pNone_gNone)
	 Logging test loss 227317.734375 (MSELoss(): tennis_pNone_gNone_tennisEffect)
	 Logging test loss 216.0631561279297 (L1Loss(): tennis_pNone_gNone_tennisEffect)
     --> Epoch_time; 79.76267385482788
Epoch 19
	 Logging train Loss: 0.003130636 (MSELoss(): data_t(5, 20)_r(0, 0)_full_pNone_gNone)
	 Logging test loss 0.0007105267723090947 (MSELoss(): t(5, 20)_r(0, 0)_full_pNone_gNone)
	 Logging test loss 0.012106122449040413 (L1Loss(): t(5, 20)_r(0, 0)_full_pNone_gNone)
	 Logging test loss 221526.421875 (MSELoss(): tennis_pNone_gNone_tennisEffect)
	 Logging test loss 213.1591339111328 (L1Loss(): tennis_pNone_gNone_tennisEffect)
     --> Epoch_time; 75.5704436302185
	 Logging test loss 0.0007103927782736719 (MSELoss(): t(5, 20)_r(0, 0)_full_pNone_gNone)
	 Logging test loss 0.012106350623071194 (L1Loss(): t(5, 20)_r(0, 0)_full_pNone_gNone)
	 Logging test loss 221526.875 (MSELoss(): tennis_pNone_gNone_tennisEffect)
	 Logging test loss 213.1604766845703 (L1Loss(): tennis_pNone_gNone_tennisEffect)
It took 1876.0160074234009 seconds to train & eval the model.
----- ITERATION 2/2 ------
Number of train simulations: 3200
Number of test simulations: 800
The dataloader took 119.3528699874878 seconds.
-- Finished Train Dataloader --
The dataloader took 29.98874807357788 seconds.
The dataloader took 30.076586723327637 seconds.
-- Finished Test Dataloader(s) --
Datatype: eucl_motion
--- Started Training ---
Epoch 0
	 Logging train Loss: 4.385158484 (MSELoss(): data_t(5, 20)_r(0, 0)_full_pNone_gNone)
	 Logging test loss 0.008847542107105255 (MSELoss(): t(5, 20)_r(0, 0)_full_pNone_gNone)
	 Logging test loss 0.07265662401914597 (L1Loss(): t(5, 20)_r(0, 0)_full_pNone_gNone)
	 Logging test loss 157297.765625 (MSELoss(): tennis_pNone_gNone_tennisEffect)
	 Logging test loss 171.31040954589844 (L1Loss(): tennis_pNone_gNone_tennisEffect)
     --> Epoch_time; 82.6854043006897
Epoch 1
	 Logging train Loss: 0.0124589733 (MSELoss(): data_t(5, 20)_r(0, 0)_full_pNone_gNone)
	 Logging test loss 0.024286027997732162 (MSELoss(): t(5, 20)_r(0, 0)_full_pNone_gNone)
	 Logging test loss 0.10955645889043808 (L1Loss(): t(5, 20)_r(0, 0)_full_pNone_gNone)
	 Logging test loss 138412.609375 (MSELoss(): tennis_pNone_gNone_tennisEffect)
	 Logging test loss 159.82330322265625 (L1Loss(): tennis_pNone_gNone_tennisEffect)
     --> Epoch_time; 81.25586318969727
Epoch 2
	 Logging train Loss: 0.010649453 (MSELoss(): data_t(5, 20)_r(0, 0)_full_pNone_gNone)
	 Logging test loss 0.005105254705995321 (MSELoss(): t(5, 20)_r(0, 0)_full_pNone_gNone)
	 Logging test loss 0.05591849982738495 (L1Loss(): t(5, 20)_r(0, 0)_full_pNone_gNone)
	 Logging test loss 123887.5 (MSELoss(): tennis_pNone_gNone_tennisEffect)
	 Logging test loss 157.7215118408203 (L1Loss(): tennis_pNone_gNone_tennisEffect)
     --> Epoch_time; 82.19146752357483
Epoch 3
	 Logging train Loss: 0.0099080185 (MSELoss(): data_t(5, 20)_r(0, 0)_full_pNone_gNone)
	 Logging test loss 0.01638295128941536 (MSELoss(): t(5, 20)_r(0, 0)_full_pNone_gNone)
	 Logging test loss 0.09484059363603592 (L1Loss(): t(5, 20)_r(0, 0)_full_pNone_gNone)
	 Logging test loss 100586.8046875 (MSELoss(): tennis_pNone_gNone_tennisEffect)
	 Logging test loss 147.1117401123047 (L1Loss(): tennis_pNone_gNone_tennisEffect)
     --> Epoch_time; 78.3772394657135
Epoch 4
	 Logging train Loss: 0.0093313479 (MSELoss(): data_t(5, 20)_r(0, 0)_full_pNone_gNone)
	 Logging test loss 0.0071782623417675495 (MSELoss(): t(5, 20)_r(0, 0)_full_pNone_gNone)
	 Logging test loss 0.06529894471168518 (L1Loss(): t(5, 20)_r(0, 0)_full_pNone_gNone)
	 Logging test loss 80491.7109375 (MSELoss(): tennis_pNone_gNone_tennisEffect)
	 Logging test loss 132.32415771484375 (L1Loss(): tennis_pNone_gNone_tennisEffect)
     --> Epoch_time; 81.67726945877075
Epoch 5
	 Logging train Loss: 0.008462257 (MSELoss(): data_t(5, 20)_r(0, 0)_full_pNone_gNone)
	 Logging test loss 0.0029670351650565863 (MSELoss(): t(5, 20)_r(0, 0)_full_pNone_gNone)
	 Logging test loss 0.042304445058107376 (L1Loss(): t(5, 20)_r(0, 0)_full_pNone_gNone)
	 Logging test loss 87223.4375 (MSELoss(): tennis_pNone_gNone_tennisEffect)
	 Logging test loss 133.65142822265625 (L1Loss(): tennis_pNone_gNone_tennisEffect)
     --> Epoch_time; 81.52874636650085
Epoch 6
	 Logging train Loss: 0.0070423563 (MSELoss(): data_t(5, 20)_r(0, 0)_full_pNone_gNone)
	 Logging test loss 0.004264893941581249 (MSELoss(): t(5, 20)_r(0, 0)_full_pNone_gNone)
	 Logging test loss 0.047867532819509506 (L1Loss(): t(5, 20)_r(0, 0)_full_pNone_gNone)
	 Logging test loss 103460.2109375 (MSELoss(): tennis_pNone_gNone_tennisEffect)
	 Logging test loss 143.7266082763672 (L1Loss(): tennis_pNone_gNone_tennisEffect)
     --> Epoch_time; 82.52137994766235
Epoch 7
	 Logging train Loss: 0.0061328514 (MSELoss(): data_t(5, 20)_r(0, 0)_full_pNone_gNone)
	 Logging test loss 0.001164020854048431 (MSELoss(): t(5, 20)_r(0, 0)_full_pNone_gNone)
	 Logging test loss 0.02524246834218502 (L1Loss(): t(5, 20)_r(0, 0)_full_pNone_gNone)
	 Logging test loss 96710.9609375 (MSELoss(): tennis_pNone_gNone_tennisEffect)
	 Logging test loss 138.25946044921875 (L1Loss(): tennis_pNone_gNone_tennisEffect)
     --> Epoch_time; 82.73007345199585
Epoch 8
	 Logging train Loss: 0.0053971982 (MSELoss(): data_t(5, 20)_r(0, 0)_full_pNone_gNone)
	 Logging test loss 0.0011559879640117288 (MSELoss(): t(5, 20)_r(0, 0)_full_pNone_gNone)
	 Logging test loss 0.024875439703464508 (L1Loss(): t(5, 20)_r(0, 0)_full_pNone_gNone)
	 Logging test loss 96565.7421875 (MSELoss(): tennis_pNone_gNone_tennisEffect)
	 Logging test loss 139.18861389160156 (L1Loss(): tennis_pNone_gNone_tennisEffect)
     --> Epoch_time; 81.77551984786987
Epoch 9
	 Logging train Loss: 0.0049916588 (MSELoss(): data_t(5, 20)_r(0, 0)_full_pNone_gNone)
	 Logging test loss 0.005139191169291735 (MSELoss(): t(5, 20)_r(0, 0)_full_pNone_gNone)
	 Logging test loss 0.05136650800704956 (L1Loss(): t(5, 20)_r(0, 0)_full_pNone_gNone)
	 Logging test loss 96754.9609375 (MSELoss(): tennis_pNone_gNone_tennisEffect)
	 Logging test loss 139.00439453125 (L1Loss(): tennis_pNone_gNone_tennisEffect)
     --> Epoch_time; 81.28687739372253
Epoch 10
	 Logging train Loss: 0.0049777698 (MSELoss(): data_t(5, 20)_r(0, 0)_full_pNone_gNone)
	 Logging test loss 0.008630459196865559 (MSELoss(): t(5, 20)_r(0, 0)_full_pNone_gNone)
	 Logging test loss 0.05945415049791336 (L1Loss(): t(5, 20)_r(0, 0)_full_pNone_gNone)
	 Logging test loss 96017.296875 (MSELoss(): tennis_pNone_gNone_tennisEffect)
	 Logging test loss 138.75502014160156 (L1Loss(): tennis_pNone_gNone_tennisEffect)
     --> Epoch_time; 81.64537525177002
Epoch 11
	 Logging train Loss: 0.0044113091 (MSELoss(): data_t(5, 20)_r(0, 0)_full_pNone_gNone)
	 Logging test loss 0.0010195447830483317 (MSELoss(): t(5, 20)_r(0, 0)_full_pNone_gNone)
	 Logging test loss 0.02162158489227295 (L1Loss(): t(5, 20)_r(0, 0)_full_pNone_gNone)
	 Logging test loss 98828.8203125 (MSELoss(): tennis_pNone_gNone_tennisEffect)
	 Logging test loss 140.86465454101562 (L1Loss(): tennis_pNone_gNone_tennisEffect)
     --> Epoch_time; 81.63653206825256
Epoch 12
wandb: Waiting for W&B process to finish... (success).
wandb: 
wandb: Run history:
wandb:  Test loss t(5, 20)_r(0, 0)_full L1Loss() â–…â–ˆâ–„â–‡â–…â–ƒâ–„â–‚â–‚â–„â–„â–‚â–ƒâ–â–â–â–â–â–â–ƒâ–ƒ
wandb: Test loss t(5, 20)_r(0, 0)_full MSELoss() â–ƒâ–ˆâ–‚â–†â–ƒâ–‚â–‚â–â–â–‚â–ƒâ–â–‚â–â–â–â–â–â–â–‚â–‚
wandb:           Test loss tennisEffect L1Loss() â–ˆâ–†â–†â–„â–â–â–ƒâ–‚â–‚â–‚â–‚â–ƒâ–ƒâ–ƒâ–ƒâ–ƒâ–„â–„â–„â–ƒâ–ƒ
wandb:          Test loss tennisEffect MSELoss() â–ˆâ–†â–…â–ƒâ–â–‚â–ƒâ–‚â–‚â–‚â–‚â–ƒâ–ƒâ–ƒâ–ƒâ–ƒâ–ƒâ–ƒâ–ƒâ–‚â–‚
wandb:     Train loss data_t(5, 20)_r(0, 0)_full â–ˆâ–â–â–â–â–â–â–â–â–â–â–â–â–â–â–â–â–â–â–
wandb: 
wandb: Run summary:
wandb:  Test loss t(5, 20)_r(0, 0)_full L1Loss() 0.03358
wandb: Test loss t(5, 20)_r(0, 0)_full MSELoss() 0.0022
wandb:           Test loss tennisEffect L1Loss() 141.66336
wandb:          Test loss tennisEffect MSELoss() 93829.84375
wandb:     Train loss data_t(5, 20)_r(0, 0)_full 0.00313
wandb: 
wandb: ðŸš€ View run driven-oath-293 at: https://wandb.ai/nreints/test/runs/c6hb3es1
wandb: Synced 6 W&B file(s), 0 media file(s), 2 artifact file(s) and 1 other file(s)
wandb: Find logs at: ./wandb/run-20230321_170019-c6hb3es1/logs
	 Logging train Loss: 0.0043020046 (MSELoss(): data_t(5, 20)_r(0, 0)_full_pNone_gNone)
	 Logging test loss 0.002131962450221181 (MSELoss(): t(5, 20)_r(0, 0)_full_pNone_gNone)
	 Logging test loss 0.03356434032320976 (L1Loss(): t(5, 20)_r(0, 0)_full_pNone_gNone)
	 Logging test loss 99425.265625 (MSELoss(): tennis_pNone_gNone_tennisEffect)
	 Logging test loss 141.9333038330078 (L1Loss(): tennis_pNone_gNone_tennisEffect)
     --> Epoch_time; 82.27082753181458
Epoch 13
	 Logging train Loss: 0.0043318368 (MSELoss(): data_t(5, 20)_r(0, 0)_full_pNone_gNone)
	 Logging test loss 0.00047874069423414767 (MSELoss(): t(5, 20)_r(0, 0)_full_pNone_gNone)
	 Logging test loss 0.01561201922595501 (L1Loss(): t(5, 20)_r(0, 0)_full_pNone_gNone)
	 Logging test loss 99446.6171875 (MSELoss(): tennis_pNone_gNone_tennisEffect)
	 Logging test loss 142.56063842773438 (L1Loss(): tennis_pNone_gNone_tennisEffect)
     --> Epoch_time; 81.82734560966492
Epoch 14
	 Logging train Loss: 0.0035679658 (MSELoss(): data_t(5, 20)_r(0, 0)_full_pNone_gNone)
	 Logging test loss 0.0007224194123409688 (MSELoss(): t(5, 20)_r(0, 0)_full_pNone_gNone)
	 Logging test loss 0.019052956253290176 (L1Loss(): t(5, 20)_r(0, 0)_full_pNone_gNone)
	 Logging test loss 100217.1953125 (MSELoss(): tennis_pNone_gNone_tennisEffect)
	 Logging test loss 144.3564453125 (L1Loss(): tennis_pNone_gNone_tennisEffect)
     --> Epoch_time; 81.48472023010254
Epoch 15
	 Logging train Loss: 0.0039233713 (MSELoss(): data_t(5, 20)_r(0, 0)_full_pNone_gNone)
	 Logging test loss 0.0003509082889650017 (MSELoss(): t(5, 20)_r(0, 0)_full_pNone_gNone)
	 Logging test loss 0.012816120870411396 (L1Loss(): t(5, 20)_r(0, 0)_full_pNone_gNone)
	 Logging test loss 101698.8046875 (MSELoss(): tennis_pNone_gNone_tennisEffect)
	 Logging test loss 145.96746826171875 (L1Loss(): tennis_pNone_gNone_tennisEffect)
     --> Epoch_time; 82.06763362884521
Epoch 16
	 Logging train Loss: 0.0034771168 (MSELoss(): data_t(5, 20)_r(0, 0)_full_pNone_gNone)
	 Logging test loss 0.00048649890231899917 (MSELoss(): t(5, 20)_r(0, 0)_full_pNone_gNone)
	 Logging test loss 0.015732411295175552 (L1Loss(): t(5, 20)_r(0, 0)_full_pNone_gNone)
	 Logging test loss 101989.0078125 (MSELoss(): tennis_pNone_gNone_tennisEffect)
	 Logging test loss 146.5971221923828 (L1Loss(): tennis_pNone_gNone_tennisEffect)
     --> Epoch_time; 81.84697699546814
Epoch 17
	 Logging train Loss: 0.0034355581 (MSELoss(): data_t(5, 20)_r(0, 0)_full_pNone_gNone)
	 Logging test loss 0.00033792201429605484 (MSELoss(): t(5, 20)_r(0, 0)_full_pNone_gNone)
	 Logging test loss 0.012684226036071777 (L1Loss(): t(5, 20)_r(0, 0)_full_pNone_gNone)
	 Logging test loss 103005.8671875 (MSELoss(): tennis_pNone_gNone_tennisEffect)
	 Logging test loss 147.6901092529297 (L1Loss(): tennis_pNone_gNone_tennisEffect)
     --> Epoch_time; 80.8391261100769
Epoch 18
	 Logging train Loss: 0.0031107728 (MSELoss(): data_t(5, 20)_r(0, 0)_full_pNone_gNone)
	 Logging test loss 0.0006496029673144221 (MSELoss(): t(5, 20)_r(0, 0)_full_pNone_gNone)
	 Logging test loss 0.0182080939412117 (L1Loss(): t(5, 20)_r(0, 0)_full_pNone_gNone)
	 Logging test loss 101640.2109375 (MSELoss(): tennis_pNone_gNone_tennisEffect)
	 Logging test loss 146.6934051513672 (L1Loss(): tennis_pNone_gNone_tennisEffect)
     --> Epoch_time; 81.32912921905518
Epoch 19
	 Logging train Loss: 0.00312964 (MSELoss(): data_t(5, 20)_r(0, 0)_full_pNone_gNone)
	 Logging test loss 0.002202085219323635 (MSELoss(): t(5, 20)_r(0, 0)_full_pNone_gNone)
	 Logging test loss 0.03357822075486183 (L1Loss(): t(5, 20)_r(0, 0)_full_pNone_gNone)
	 Logging test loss 93829.71875 (MSELoss(): tennis_pNone_gNone_tennisEffect)
	 Logging test loss 141.6678466796875 (L1Loss(): tennis_pNone_gNone_tennisEffect)
     --> Epoch_time; 81.16415667533875
	 Logging test loss 0.002202138537541032 (MSELoss(): t(5, 20)_r(0, 0)_full_pNone_gNone)
	 Logging test loss 0.03357834741473198 (L1Loss(): t(5, 20)_r(0, 0)_full_pNone_gNone)
	 Logging test loss 93829.84375 (MSELoss(): tennis_pNone_gNone_tennisEffect)
	 Logging test loss 141.66336059570312 (L1Loss(): tennis_pNone_gNone_tennisEffect)
It took 1854.3493084907532 seconds to train & eval the model.

JOB STATISTICS
==============
Job ID: 2482051
Array Job ID: 2482035_15
Cluster: snellius
User/Group: nreints/nreints
State: COMPLETED (exit code 0)
Nodes: 1
Cores per node: 18
CPU Utilized: 08:04:03
CPU Efficiency: 43.07% of 18:43:48 core-walltime
Job Wall-clock time: 01:02:26
Memory Utilized: 16.83 GB
Memory Efficiency: 57.44% of 29.30 GB
