wandb: Currently logged in as: nreints. Use `wandb login --relogin` to force relogin
wandb: Appending key for api.wandb.ai to your netrc file: /home/nreints/.netrc
/gpfs/home2/nreints/MScThesis/code/fcnn.py:521: DeprecationWarning: Sampling from a set deprecated
since Python 3.9 and will be removed in a subsequent version.
  train_sims = set(random.sample(sims_train, int(0.8 * n_sims_train)))
wandb: Tracking run with wandb version 0.14.0
wandb: Run data is saved locally in /gpfs/home2/nreints/MScThesis/code/wandb/run-20230321_162905-v0dw4ly0
wandb: Run `wandb offline` to turn off syncing.
wandb: Syncing run rosy-voice-262
wandb: â­ï¸ View project at https://wandb.ai/nreints/test
wandb: ðŸš€ View run at https://wandb.ai/nreints/test/runs/v0dw4ly0
['data_t(5,', '20)_r(0,', '0)_full_pNone_gNone']
data/data_t(5, 20)_r(0, 0)_full_pNone_gNone
Testing on datasets: ['data_t(5, 20)_r(0, 0)_full_pNone_gNone', 'data_tennis_pNone_gNone_tennisEffect']
----- ITERATION 1/2 ------
Number of train simulations: 3200
Number of test simulations: 800
The dataloader took 126.60440731048584 seconds.
-- Finished Train Dataloader --
The dataloader took 31.741135120391846 seconds.
The dataloader took 32.551154375076294 seconds.
-- Finished Test Dataloader(s) --
Datatype: log_quat
--- Started Training ---
Epoch 0
	 Logging train Loss: 11.6500753166 (MSELoss(): data_t(5, 20)_r(0, 0)_full_pNone_gNone)
	 Logging test loss 0.06543489545583725 (MSELoss(): t(5, 20)_r(0, 0)_full_pNone_gNone)
	 Logging test loss 0.18449488282203674 (L1Loss(): t(5, 20)_r(0, 0)_full_pNone_gNone)
	 Logging test loss nan (MSELoss(): tennis_pNone_gNone_tennisEffect)
	 Logging test loss nan (L1Loss(): tennis_pNone_gNone_tennisEffect)
     --> Epoch_time; 85.2634756565094
Epoch 1
	 Logging train Loss: 0.0798005846 (MSELoss(): data_t(5, 20)_r(0, 0)_full_pNone_gNone)
	 Logging test loss 0.02196412906050682 (MSELoss(): t(5, 20)_r(0, 0)_full_pNone_gNone)
	 Logging test loss 0.10995029658079147 (L1Loss(): t(5, 20)_r(0, 0)_full_pNone_gNone)
	 Logging test loss nan (MSELoss(): tennis_pNone_gNone_tennisEffect)
	 Logging test loss nan (L1Loss(): tennis_pNone_gNone_tennisEffect)
     --> Epoch_time; 92.14692616462708
Epoch 2
	 Logging train Loss: 0.0659036325 (MSELoss(): data_t(5, 20)_r(0, 0)_full_pNone_gNone)
	 Logging test loss 0.05209572613239288 (MSELoss(): t(5, 20)_r(0, 0)_full_pNone_gNone)
	 Logging test loss 0.16188381612300873 (L1Loss(): t(5, 20)_r(0, 0)_full_pNone_gNone)
	 Logging test loss nan (MSELoss(): tennis_pNone_gNone_tennisEffect)
	 Logging test loss nan (L1Loss(): tennis_pNone_gNone_tennisEffect)
     --> Epoch_time; 90.35304856300354
Epoch 3
	 Logging train Loss: 0.0589751449 (MSELoss(): data_t(5, 20)_r(0, 0)_full_pNone_gNone)
	 Logging test loss 0.021036796271800995 (MSELoss(): t(5, 20)_r(0, 0)_full_pNone_gNone)
	 Logging test loss 0.10351433604955673 (L1Loss(): t(5, 20)_r(0, 0)_full_pNone_gNone)
	 Logging test loss 21419.8671875 (MSELoss(): tennis_pNone_gNone_tennisEffect)
	 Logging test loss 87.50765991210938 (L1Loss(): tennis_pNone_gNone_tennisEffect)
     --> Epoch_time; 87.11814022064209
Epoch 4
	 Logging train Loss: 0.0542409111 (MSELoss(): data_t(5, 20)_r(0, 0)_full_pNone_gNone)
	 Logging test loss 0.004980969708412886 (MSELoss(): t(5, 20)_r(0, 0)_full_pNone_gNone)
	 Logging test loss 0.051231276243925095 (L1Loss(): t(5, 20)_r(0, 0)_full_pNone_gNone)
	 Logging test loss 23650.08984375 (MSELoss(): tennis_pNone_gNone_tennisEffect)
	 Logging test loss 92.1334457397461 (L1Loss(): tennis_pNone_gNone_tennisEffect)
     --> Epoch_time; 91.99374294281006
Epoch 5
	 Logging train Loss: 0.0464850282 (MSELoss(): data_t(5, 20)_r(0, 0)_full_pNone_gNone)
	 Logging test loss 0.008000769652426243 (MSELoss(): t(5, 20)_r(0, 0)_full_pNone_gNone)
	 Logging test loss 0.06586790084838867 (L1Loss(): t(5, 20)_r(0, 0)_full_pNone_gNone)
	 Logging test loss 26249.42578125 (MSELoss(): tennis_pNone_gNone_tennisEffect)
	 Logging test loss 96.25672149658203 (L1Loss(): tennis_pNone_gNone_tennisEffect)
     --> Epoch_time; 91.73461437225342
Epoch 6
	 Logging train Loss: 0.0440891291 (MSELoss(): data_t(5, 20)_r(0, 0)_full_pNone_gNone)
	 Logging test loss 0.01932133175432682 (MSELoss(): t(5, 20)_r(0, 0)_full_pNone_gNone)
	 Logging test loss 0.09957770258188248 (L1Loss(): t(5, 20)_r(0, 0)_full_pNone_gNone)
	 Logging test loss 27592.728515625 (MSELoss(): tennis_pNone_gNone_tennisEffect)
	 Logging test loss 98.78732299804688 (L1Loss(): tennis_pNone_gNone_tennisEffect)
     --> Epoch_time; 91.4579963684082
Epoch 7
	 Logging train Loss: 0.039912078 (MSELoss(): data_t(5, 20)_r(0, 0)_full_pNone_gNone)
	 Logging test loss 0.13620847463607788 (MSELoss(): t(5, 20)_r(0, 0)_full_pNone_gNone)
	 Logging test loss 0.25705012679100037 (L1Loss(): t(5, 20)_r(0, 0)_full_pNone_gNone)
	 Logging test loss nan (MSELoss(): tennis_pNone_gNone_tennisEffect)
	 Logging test loss nan (L1Loss(): tennis_pNone_gNone_tennisEffect)
     --> Epoch_time; 89.91614627838135
Epoch 8
	 Logging train Loss: 0.0389430302 (MSELoss(): data_t(5, 20)_r(0, 0)_full_pNone_gNone)
	 Logging test loss 0.0029288737569004297 (MSELoss(): t(5, 20)_r(0, 0)_full_pNone_gNone)
	 Logging test loss 0.03645595163106918 (L1Loss(): t(5, 20)_r(0, 0)_full_pNone_gNone)
	 Logging test loss nan (MSELoss(): tennis_pNone_gNone_tennisEffect)
	 Logging test loss nan (L1Loss(): tennis_pNone_gNone_tennisEffect)
     --> Epoch_time; 90.76593232154846
Epoch 9
	 Logging train Loss: 0.0344918295 (MSELoss(): data_t(5, 20)_r(0, 0)_full_pNone_gNone)
	 Logging test loss 0.003186538815498352 (MSELoss(): t(5, 20)_r(0, 0)_full_pNone_gNone)
	 Logging test loss 0.03847208991646767 (L1Loss(): t(5, 20)_r(0, 0)_full_pNone_gNone)
	 Logging test loss nan (MSELoss(): tennis_pNone_gNone_tennisEffect)
	 Logging test loss nan (L1Loss(): tennis_pNone_gNone_tennisEffect)
     --> Epoch_time; 86.35036444664001
Epoch 10
	 Logging train Loss: 0.0280064751 (MSELoss(): data_t(5, 20)_r(0, 0)_full_pNone_gNone)
	 Logging test loss 0.0024029917549341917 (MSELoss(): t(5, 20)_r(0, 0)_full_pNone_gNone)
	 Logging test loss 0.032089993357658386 (L1Loss(): t(5, 20)_r(0, 0)_full_pNone_gNone)
	 Logging test loss nan (MSELoss(): tennis_pNone_gNone_tennisEffect)
	 Logging test loss nan (L1Loss(): tennis_pNone_gNone_tennisEffect)
     --> Epoch_time; 89.97751498222351
Epoch 11
	 Logging train Loss: 0.0295344309 (MSELoss(): data_t(5, 20)_r(0, 0)_full_pNone_gNone)
	 Logging test loss 0.35514119267463684 (MSELoss(): t(5, 20)_r(0, 0)_full_pNone_gNone)
	 Logging test loss 0.41265323758125305 (L1Loss(): t(5, 20)_r(0, 0)_full_pNone_gNone)
	 Logging test loss nan (MSELoss(): tennis_pNone_gNone_tennisEffect)
	 Logging test loss nan (L1Loss(): tennis_pNone_gNone_tennisEffect)
     --> Epoch_time; 85.57200360298157
Epoch 12
	 Logging train Loss: 0.025753834 (MSELoss(): data_t(5, 20)_r(0, 0)_full_pNone_gNone)
	 Logging test loss 0.002914025681093335 (MSELoss(): t(5, 20)_r(0, 0)_full_pNone_gNone)
	 Logging test loss 0.03742009401321411 (L1Loss(): t(5, 20)_r(0, 0)_full_pNone_gNone)
	 Logging test loss nan (MSELoss(): tennis_pNone_gNone_tennisEffect)
	 Logging test loss nan (L1Loss(): tennis_pNone_gNone_tennisEffect)
     --> Epoch_time; 92.1517813205719
Epoch 13
	 Logging train Loss: 0.0236136044 (MSELoss(): data_t(5, 20)_r(0, 0)_full_pNone_gNone)
	 Logging test loss 0.009312397800385952 (MSELoss(): t(5, 20)_r(0, 0)_full_pNone_gNone)
	 Logging test loss 0.06567130982875824 (L1Loss(): t(5, 20)_r(0, 0)_full_pNone_gNone)
	 Logging test loss nan (MSELoss(): tennis_pNone_gNone_tennisEffect)
	 Logging test loss nan (L1Loss(): tennis_pNone_gNone_tennisEffect)
     --> Epoch_time; 91.80401635169983
Epoch 14
	 Logging train Loss: 0.0226739372 (MSELoss(): data_t(5, 20)_r(0, 0)_full_pNone_gNone)
	 Logging test loss 0.008471289649605751 (MSELoss(): t(5, 20)_r(0, 0)_full_pNone_gNone)
	 Logging test loss 0.0645352303981781 (L1Loss(): t(5, 20)_r(0, 0)_full_pNone_gNone)
	 Logging test loss nan (MSELoss(): tennis_pNone_gNone_tennisEffect)
	 Logging test loss nan (L1Loss(): tennis_pNone_gNone_tennisEffect)
     --> Epoch_time; 92.36037087440491
Epoch 15
	 Logging train Loss: 0.0204169329 (MSELoss(): data_t(5, 20)_r(0, 0)_full_pNone_gNone)
	 Logging test loss 0.0150837954133749 (MSELoss(): t(5, 20)_r(0, 0)_full_pNone_gNone)
	 Logging test loss 0.0859905257821083 (L1Loss(): t(5, 20)_r(0, 0)_full_pNone_gNone)
	 Logging test loss nan (MSELoss(): tennis_pNone_gNone_tennisEffect)
	 Logging test loss nan (L1Loss(): tennis_pNone_gNone_tennisEffect)
     --> Epoch_time; 88.94022822380066
Epoch 16
	 Logging train Loss: 0.0190713134 (MSELoss(): data_t(5, 20)_r(0, 0)_full_pNone_gNone)
	 Logging test loss 0.04084893688559532 (MSELoss(): t(5, 20)_r(0, 0)_full_pNone_gNone)
	 Logging test loss 0.14131812751293182 (L1Loss(): t(5, 20)_r(0, 0)_full_pNone_gNone)
	 Logging test loss nan (MSELoss(): tennis_pNone_gNone_tennisEffect)
	 Logging test loss nan (L1Loss(): tennis_pNone_gNone_tennisEffect)
wandb: Waiting for W&B process to finish... (success).
wandb: - 0.028 MB of 0.028 MB uploaded (0.000 MB deduped)wandb: \ 0.028 MB of 0.028 MB uploaded (0.000 MB deduped)wandb: | 0.028 MB of 0.028 MB uploaded (0.000 MB deduped)wandb: / 0.028 MB of 0.028 MB uploaded (0.000 MB deduped)wandb: - 0.028 MB of 0.028 MB uploaded (0.000 MB deduped)wandb: 
wandb: Run history:
wandb:  Test loss t(5, 20)_r(0, 0)_full L1Loss() â–„â–ƒâ–ƒâ–‚â–â–‚â–‚â–…â–â–â–â–ˆâ–â–‚â–‚â–‚â–ƒâ–ƒâ–â–†â–†
wandb: Test loss t(5, 20)_r(0, 0)_full MSELoss() â–‚â–â–‚â–â–â–â–â–„â–â–â–â–ˆâ–â–â–â–â–‚â–â–â–…â–…
wandb:           Test loss tennisEffect L1Loss()    â–â–„â–†â–ˆ              
wandb:          Test loss tennisEffect MSELoss()    â–â–„â–†â–ˆ              
wandb:     Train loss data_t(5, 20)_r(0, 0)_full â–ˆâ–â–â–â–â–â–â–â–â–â–â–â–â–â–â–â–â–â–â–
wandb: 
wandb: Run summary:
wandb:  Test loss t(5, 20)_r(0, 0)_full L1Loss() 0.29405
wandb: Test loss t(5, 20)_r(0, 0)_full MSELoss() 0.17981
wandb:           Test loss tennisEffect L1Loss() nan
wandb:          Test loss tennisEffect MSELoss() nan
wandb:     Train loss data_t(5, 20)_r(0, 0)_full 0.01438
wandb: 
wandb: ðŸš€ View run rosy-voice-262 at: https://wandb.ai/nreints/test/runs/v0dw4ly0
wandb: Synced 6 W&B file(s), 0 media file(s), 2 artifact file(s) and 1 other file(s)
wandb: Find logs at: ./wandb/run-20230321_162905-v0dw4ly0/logs
/gpfs/home2/nreints/MScThesis/code/fcnn.py:521: DeprecationWarning: Sampling from a set deprecated
since Python 3.9 and will be removed in a subsequent version.
  train_sims = set(random.sample(sims_train, int(0.8 * n_sims_train)))
wandb: - Waiting for wandb.init()...wandb: \ Waiting for wandb.init()...wandb: Tracking run with wandb version 0.14.0
wandb: Run data is saved locally in /gpfs/home2/nreints/MScThesis/code/wandb/run-20230321_170252-1oo7hrni
wandb: Run `wandb offline` to turn off syncing.
wandb: Syncing run dazzling-rain-318
wandb: â­ï¸ View project at https://wandb.ai/nreints/test
wandb: ðŸš€ View run at https://wandb.ai/nreints/test/runs/1oo7hrni
     --> Epoch_time; 90.92801594734192
Epoch 17
	 Logging train Loss: 0.0173529681 (MSELoss(): data_t(5, 20)_r(0, 0)_full_pNone_gNone)
	 Logging test loss 0.02511151134967804 (MSELoss(): t(5, 20)_r(0, 0)_full_pNone_gNone)
	 Logging test loss 0.11138273030519485 (L1Loss(): t(5, 20)_r(0, 0)_full_pNone_gNone)
	 Logging test loss nan (MSELoss(): tennis_pNone_gNone_tennisEffect)
	 Logging test loss nan (L1Loss(): tennis_pNone_gNone_tennisEffect)
     --> Epoch_time; 86.74603533744812
Epoch 18
	 Logging train Loss: 0.0158525292 (MSELoss(): data_t(5, 20)_r(0, 0)_full_pNone_gNone)
	 Logging test loss 0.0014386853436008096 (MSELoss(): t(5, 20)_r(0, 0)_full_pNone_gNone)
	 Logging test loss 0.025633908808231354 (L1Loss(): t(5, 20)_r(0, 0)_full_pNone_gNone)
	 Logging test loss nan (MSELoss(): tennis_pNone_gNone_tennisEffect)
	 Logging test loss nan (L1Loss(): tennis_pNone_gNone_tennisEffect)
     --> Epoch_time; 91.27253651618958
Epoch 19
	 Logging train Loss: 0.0143835978 (MSELoss(): data_t(5, 20)_r(0, 0)_full_pNone_gNone)
	 Logging test loss 0.17981155216693878 (MSELoss(): t(5, 20)_r(0, 0)_full_pNone_gNone)
	 Logging test loss 0.2940478026866913 (L1Loss(): t(5, 20)_r(0, 0)_full_pNone_gNone)
	 Logging test loss nan (MSELoss(): tennis_pNone_gNone_tennisEffect)
	 Logging test loss nan (L1Loss(): tennis_pNone_gNone_tennisEffect)
     --> Epoch_time; 86.79219269752502
	 Logging test loss 0.1798146814107895 (MSELoss(): t(5, 20)_r(0, 0)_full_pNone_gNone)
	 Logging test loss 0.2940484285354614 (L1Loss(): t(5, 20)_r(0, 0)_full_pNone_gNone)
	 Logging test loss nan (MSELoss(): tennis_pNone_gNone_tennisEffect)
	 Logging test loss nan (L1Loss(): tennis_pNone_gNone_tennisEffect)
It took 2027.6239104270935 seconds to train & eval the model.
----- ITERATION 2/2 ------
Number of train simulations: 3200
Number of test simulations: 800
The dataloader took 118.11103129386902 seconds.
-- Finished Train Dataloader --
The dataloader took 29.421997785568237 seconds.
The dataloader took 30.216041564941406 seconds.
-- Finished Test Dataloader(s) --
Datatype: log_quat
--- Started Training ---
Epoch 0
	 Logging train Loss: 5.123217933 (MSELoss(): data_t(5, 20)_r(0, 0)_full_pNone_gNone)
	 Logging test loss 0.015525567345321178 (MSELoss(): t(5, 20)_r(0, 0)_full_pNone_gNone)
	 Logging test loss 0.09221506863832474 (L1Loss(): t(5, 20)_r(0, 0)_full_pNone_gNone)
	 Logging test loss nan (MSELoss(): tennis_pNone_gNone_tennisEffect)
	 Logging test loss nan (L1Loss(): tennis_pNone_gNone_tennisEffect)
     --> Epoch_time; 90.82055926322937
Epoch 1
	 Logging train Loss: 0.0295862958 (MSELoss(): data_t(5, 20)_r(0, 0)_full_pNone_gNone)
	 Logging test loss 0.14522647857666016 (MSELoss(): t(5, 20)_r(0, 0)_full_pNone_gNone)
	 Logging test loss 0.2689777910709381 (L1Loss(): t(5, 20)_r(0, 0)_full_pNone_gNone)
	 Logging test loss nan (MSELoss(): tennis_pNone_gNone_tennisEffect)
	 Logging test loss nan (L1Loss(): tennis_pNone_gNone_tennisEffect)
     --> Epoch_time; 90.71448278427124
Epoch 2
	 Logging train Loss: 0.0276940614 (MSELoss(): data_t(5, 20)_r(0, 0)_full_pNone_gNone)
	 Logging test loss 0.05445551499724388 (MSELoss(): t(5, 20)_r(0, 0)_full_pNone_gNone)
	 Logging test loss 0.1622823178768158 (L1Loss(): t(5, 20)_r(0, 0)_full_pNone_gNone)
	 Logging test loss nan (MSELoss(): tennis_pNone_gNone_tennisEffect)
	 Logging test loss nan (L1Loss(): tennis_pNone_gNone_tennisEffect)
     --> Epoch_time; 91.33825206756592
Epoch 3
	 Logging train Loss: 0.0245230207 (MSELoss(): data_t(5, 20)_r(0, 0)_full_pNone_gNone)
	 Logging test loss 0.00347068440169096 (MSELoss(): t(5, 20)_r(0, 0)_full_pNone_gNone)
	 Logging test loss 0.04202180355787277 (L1Loss(): t(5, 20)_r(0, 0)_full_pNone_gNone)
	 Logging test loss nan (MSELoss(): tennis_pNone_gNone_tennisEffect)
	 Logging test loss nan (L1Loss(): tennis_pNone_gNone_tennisEffect)
     --> Epoch_time; 86.74927377700806
Epoch 4
	 Logging train Loss: 0.0226057589 (MSELoss(): data_t(5, 20)_r(0, 0)_full_pNone_gNone)
	 Logging test loss 0.018623817712068558 (MSELoss(): t(5, 20)_r(0, 0)_full_pNone_gNone)
	 Logging test loss 0.09353847801685333 (L1Loss(): t(5, 20)_r(0, 0)_full_pNone_gNone)
	 Logging test loss nan (MSELoss(): tennis_pNone_gNone_tennisEffect)
	 Logging test loss nan (L1Loss(): tennis_pNone_gNone_tennisEffect)
     --> Epoch_time; 90.6500334739685
Epoch 5
	 Logging train Loss: 0.0219680686 (MSELoss(): data_t(5, 20)_r(0, 0)_full_pNone_gNone)
	 Logging test loss 0.002229835372418165 (MSELoss(): t(5, 20)_r(0, 0)_full_pNone_gNone)
	 Logging test loss 0.03322066366672516 (L1Loss(): t(5, 20)_r(0, 0)_full_pNone_gNone)
	 Logging test loss 23032.14453125 (MSELoss(): tennis_pNone_gNone_tennisEffect)
	 Logging test loss 87.97921752929688 (L1Loss(): tennis_pNone_gNone_tennisEffect)
     --> Epoch_time; 91.20106983184814
Epoch 6
	 Logging train Loss: 0.0208527858 (MSELoss(): data_t(5, 20)_r(0, 0)_full_pNone_gNone)
	 Logging test loss 0.00135550566483289 (MSELoss(): t(5, 20)_r(0, 0)_full_pNone_gNone)
	 Logging test loss 0.025129109621047974 (L1Loss(): t(5, 20)_r(0, 0)_full_pNone_gNone)
	 Logging test loss 23629.451171875 (MSELoss(): tennis_pNone_gNone_tennisEffect)
	 Logging test loss 89.5814208984375 (L1Loss(): tennis_pNone_gNone_tennisEffect)
     --> Epoch_time; 92.26813769340515
Epoch 7
	 Logging train Loss: 0.019975671 (MSELoss(): data_t(5, 20)_r(0, 0)_full_pNone_gNone)
	 Logging test loss 0.0021829616744071245 (MSELoss(): t(5, 20)_r(0, 0)_full_pNone_gNone)
	 Logging test loss 0.0334429107606411 (L1Loss(): t(5, 20)_r(0, 0)_full_pNone_gNone)
	 Logging test loss 22597.125 (MSELoss(): tennis_pNone_gNone_tennisEffect)
	 Logging test loss 88.74889373779297 (L1Loss(): tennis_pNone_gNone_tennisEffect)
     --> Epoch_time; 91.52454400062561
Epoch 8
	 Logging train Loss: 0.0167604982 (MSELoss(): data_t(5, 20)_r(0, 0)_full_pNone_gNone)
	 Logging test loss 0.0016760900616645813 (MSELoss(): t(5, 20)_r(0, 0)_full_pNone_gNone)
	 Logging test loss 0.028652384877204895 (L1Loss(): t(5, 20)_r(0, 0)_full_pNone_gNone)
	 Logging test loss nan (MSELoss(): tennis_pNone_gNone_tennisEffect)
	 Logging test loss nan (L1Loss(): tennis_pNone_gNone_tennisEffect)
     --> Epoch_time; 91.85276007652283
Epoch 9
	 Logging train Loss: 0.0156419156 (MSELoss(): data_t(5, 20)_r(0, 0)_full_pNone_gNone)
	 Logging test loss 0.0022404049523174763 (MSELoss(): t(5, 20)_r(0, 0)_full_pNone_gNone)
	 Logging test loss 0.033344462513923645 (L1Loss(): t(5, 20)_r(0, 0)_full_pNone_gNone)
	 Logging test loss nan (MSELoss(): tennis_pNone_gNone_tennisEffect)
	 Logging test loss nan (L1Loss(): tennis_pNone_gNone_tennisEffect)
     --> Epoch_time; 91.36854982376099
Epoch 10
	 Logging train Loss: 0.0151733286 (MSELoss(): data_t(5, 20)_r(0, 0)_full_pNone_gNone)
	 Logging test loss 0.0015599236357957125 (MSELoss(): t(5, 20)_r(0, 0)_full_pNone_gNone)
	 Logging test loss 0.02836376056075096 (L1Loss(): t(5, 20)_r(0, 0)_full_pNone_gNone)
	 Logging test loss nan (MSELoss(): tennis_pNone_gNone_tennisEffect)
	 Logging test loss nan (L1Loss(): tennis_pNone_gNone_tennisEffect)
     --> Epoch_time; 90.85766863822937
Epoch 11
	 Logging train Loss: 0.014247898 (MSELoss(): data_t(5, 20)_r(0, 0)_full_pNone_gNone)
	 Logging test loss 0.0008013183833099902 (MSELoss(): t(5, 20)_r(0, 0)_full_pNone_gNone)
	 Logging test loss 0.0187617689371109 (L1Loss(): t(5, 20)_r(0, 0)_full_pNone_gNone)
	 Logging test loss nan (MSELoss(): tennis_pNone_gNone_tennisEffect)
	 Logging test loss nan (L1Loss(): tennis_pNone_gNone_tennisEffect)
     --> Epoch_time; 91.20242762565613
Epoch 12
	 Logging train Loss: 0.0132667579 (MSELoss(): data_t(5, 20)_r(0, 0)_full_pNone_gNone)
	 Logging test loss 0.002650910522788763 (MSELoss(): t(5, 20)_r(0, 0)_full_pNone_gNone)
	 Logging test loss 0.03600623831152916 (L1Loss(): t(5, 20)_r(0, 0)_full_pNone_gNone)
	 Logging test loss nan (MSELoss(): tennis_pNone_gNone_tennisEffect)
	 Logging test loss nan (L1Loss(): tennis_pNone_gNone_tennisEffect)
     --> Epoch_time; 90.93724250793457
Epoch 13
	 Logging train Loss: 0.0122763104 (MSELoss(): data_t(5, 20)_r(0, 0)_full_pNone_gNone)
	 Logging test loss 0.018553724512457848 (MSELoss(): t(5, 20)_r(0, 0)_full_pNone_gNone)
wandb: Waiting for W&B process to finish... (success).
wandb: 
wandb: Run history:
wandb:  Test loss t(5, 20)_r(0, 0)_full L1Loss() â–ƒâ–ˆâ–…â–‚â–ƒâ–â–â–â–â–â–â–â–â–ƒâ–ƒâ–‚â–â–‚â–â–â–
wandb: Test loss t(5, 20)_r(0, 0)_full MSELoss() â–‚â–ˆâ–„â–â–‚â–â–â–â–â–â–â–â–â–‚â–‚â–â–â–â–â–â–
wandb:           Test loss tennisEffect L1Loss()      â–†â–ˆâ–‡     â–„â–ƒâ–     
wandb:          Test loss tennisEffect MSELoss()      â–‡â–ˆâ–†     â–ƒâ–ƒâ–     
wandb:     Train loss data_t(5, 20)_r(0, 0)_full â–ˆâ–â–â–â–â–â–â–â–â–â–â–â–â–â–â–â–â–â–â–
wandb: 
wandb: Run summary:
wandb:  Test loss t(5, 20)_r(0, 0)_full L1Loss() 0.01814
wandb: Test loss t(5, 20)_r(0, 0)_full MSELoss() 0.00074
wandb:           Test loss tennisEffect L1Loss() nan
wandb:          Test loss tennisEffect MSELoss() nan
wandb:     Train loss data_t(5, 20)_r(0, 0)_full 0.00693
wandb: 
wandb: ðŸš€ View run dazzling-rain-318 at: https://wandb.ai/nreints/test/runs/1oo7hrni
wandb: Synced 6 W&B file(s), 0 media file(s), 2 artifact file(s) and 1 other file(s)
wandb: Find logs at: ./wandb/run-20230321_170252-1oo7hrni/logs
	 Logging test loss 0.09409939497709274 (L1Loss(): t(5, 20)_r(0, 0)_full_pNone_gNone)
	 Logging test loss 21216.3671875 (MSELoss(): tennis_pNone_gNone_tennisEffect)
	 Logging test loss 86.5778579711914 (L1Loss(): tennis_pNone_gNone_tennisEffect)
     --> Epoch_time; 90.52736353874207
Epoch 14
	 Logging train Loss: 0.0102880659 (MSELoss(): data_t(5, 20)_r(0, 0)_full_pNone_gNone)
	 Logging test loss 0.012771344743669033 (MSELoss(): t(5, 20)_r(0, 0)_full_pNone_gNone)
	 Logging test loss 0.07370995730161667 (L1Loss(): t(5, 20)_r(0, 0)_full_pNone_gNone)
	 Logging test loss 21039.951171875 (MSELoss(): tennis_pNone_gNone_tennisEffect)
	 Logging test loss 85.96857452392578 (L1Loss(): tennis_pNone_gNone_tennisEffect)
     --> Epoch_time; 91.39915919303894
Epoch 15
	 Logging train Loss: 0.009487268 (MSELoss(): data_t(5, 20)_r(0, 0)_full_pNone_gNone)
	 Logging test loss 0.005120851099491119 (MSELoss(): t(5, 20)_r(0, 0)_full_pNone_gNone)
	 Logging test loss 0.04926038160920143 (L1Loss(): t(5, 20)_r(0, 0)_full_pNone_gNone)
	 Logging test loss 20105.056640625 (MSELoss(): tennis_pNone_gNone_tennisEffect)
	 Logging test loss 84.70075225830078 (L1Loss(): tennis_pNone_gNone_tennisEffect)
     --> Epoch_time; 91.26490902900696
Epoch 16
	 Logging train Loss: 0.0092482748 (MSELoss(): data_t(5, 20)_r(0, 0)_full_pNone_gNone)
	 Logging test loss 0.0011103737633675337 (MSELoss(): t(5, 20)_r(0, 0)_full_pNone_gNone)
	 Logging test loss 0.022683700546622276 (L1Loss(): t(5, 20)_r(0, 0)_full_pNone_gNone)
	 Logging test loss nan (MSELoss(): tennis_pNone_gNone_tennisEffect)
	 Logging test loss nan (L1Loss(): tennis_pNone_gNone_tennisEffect)
     --> Epoch_time; 91.17233395576477
Epoch 17
	 Logging train Loss: 0.0081279674 (MSELoss(): data_t(5, 20)_r(0, 0)_full_pNone_gNone)
	 Logging test loss 0.003344385651871562 (MSELoss(): t(5, 20)_r(0, 0)_full_pNone_gNone)
	 Logging test loss 0.039989106357097626 (L1Loss(): t(5, 20)_r(0, 0)_full_pNone_gNone)
	 Logging test loss nan (MSELoss(): tennis_pNone_gNone_tennisEffect)
	 Logging test loss nan (L1Loss(): tennis_pNone_gNone_tennisEffect)
     --> Epoch_time; 91.74031662940979
Epoch 18
	 Logging train Loss: 0.007449243 (MSELoss(): data_t(5, 20)_r(0, 0)_full_pNone_gNone)
	 Logging test loss 0.0007472719298675656 (MSELoss(): t(5, 20)_r(0, 0)_full_pNone_gNone)
	 Logging test loss 0.018508464097976685 (L1Loss(): t(5, 20)_r(0, 0)_full_pNone_gNone)
	 Logging test loss nan (MSELoss(): tennis_pNone_gNone_tennisEffect)
	 Logging test loss nan (L1Loss(): tennis_pNone_gNone_tennisEffect)
     --> Epoch_time; 91.15497612953186
Epoch 19
	 Logging train Loss: 0.0069264848 (MSELoss(): data_t(5, 20)_r(0, 0)_full_pNone_gNone)
	 Logging test loss 0.0007369762752205133 (MSELoss(): t(5, 20)_r(0, 0)_full_pNone_gNone)
	 Logging test loss 0.018142852932214737 (L1Loss(): t(5, 20)_r(0, 0)_full_pNone_gNone)
	 Logging test loss nan (MSELoss(): tennis_pNone_gNone_tennisEffect)
	 Logging test loss nan (L1Loss(): tennis_pNone_gNone_tennisEffect)
     --> Epoch_time; 91.02788138389587
	 Logging test loss 0.0007369521190412343 (MSELoss(): t(5, 20)_r(0, 0)_full_pNone_gNone)
	 Logging test loss 0.018142743036150932 (L1Loss(): t(5, 20)_r(0, 0)_full_pNone_gNone)
	 Logging test loss nan (MSELoss(): tennis_pNone_gNone_tennisEffect)
	 Logging test loss nan (L1Loss(): tennis_pNone_gNone_tennisEffect)
It took 2042.445096731186 seconds to train & eval the model.

JOB STATISTICS
==============
Job ID: 2482053
Array Job ID: 2482035_17
Cluster: snellius
User/Group: nreints/nreints
State: COMPLETED (exit code 0)
Nodes: 1
Cores per node: 18
CPU Utilized: 09:04:52
CPU Efficiency: 44.44% of 20:26:06 core-walltime
Job Wall-clock time: 01:08:07
Memory Utilized: 9.66 GB
Memory Efficiency: 32.97% of 29.30 GB
