wandb: Currently logged in as: nreints. Use `wandb login --relogin` to force relogin
wandb: Appending key for api.wandb.ai to your netrc file: /home/nreints/.netrc
/gpfs/home2/nreints/MScThesis/code/fcnn.py:521: DeprecationWarning: Sampling from a set deprecated
since Python 3.9 and will be removed in a subsequent version.
  train_sims = set(random.sample(sims_train, int(0.8 * n_sims_train)))
wandb: Tracking run with wandb version 0.14.0
wandb: Run data is saved locally in /gpfs/home2/nreints/MScThesis/code/wandb/run-20230321_162907-7ceuow1o
wandb: Run `wandb offline` to turn off syncing.
wandb: Syncing run dazzling-firebrand-267
wandb: â­ï¸ View project at https://wandb.ai/nreints/test
wandb: ðŸš€ View run at https://wandb.ai/nreints/test/runs/7ceuow1o
wandb: 429 encountered (Filestream rate limit exceeded, retrying in 2.3665823766958534 seconds), retrying request
wandb: 429 encountered (Filestream rate limit exceeded, retrying in 4.361230511037913 seconds), retrying request
['data_t(5,', '20)_r(0,', '0)_semi_pNone_gNone']
data/data_t(5, 20)_r(0, 0)_semi_pNone_gNone
Testing on datasets: ['data_t(5, 20)_r(0, 0)_semi_pNone_gNone', 'data_tennis_pNone_gNone_tennisEffect']
----- ITERATION 1/2 ------
Number of train simulations: 3200
Number of test simulations: 800
The dataloader took 122.57538509368896 seconds.
-- Finished Train Dataloader --
The dataloader took 30.65016794204712 seconds.
The dataloader took 31.396081924438477 seconds.
-- Finished Test Dataloader(s) --
Datatype: log_dualQ
--- Started Training ---
Epoch 0
	 Logging train Loss: 7.4506267872 (MSELoss(): data_t(5, 20)_r(0, 0)_semi_pNone_gNone)
	 Logging test loss 0.8390366435050964 (MSELoss(): t(5, 20)_r(0, 0)_semi_pNone_gNone)
	 Logging test loss 0.5506623983383179 (L1Loss(): t(5, 20)_r(0, 0)_semi_pNone_gNone)
	 Logging test loss 792.4295043945312 (MSELoss(): tennis_pNone_gNone_tennisEffect)
	 Logging test loss 21.103195190429688 (L1Loss(): tennis_pNone_gNone_tennisEffect)
     --> Epoch_time; 91.42473697662354
Epoch 1
	 Logging train Loss: 0.0767645244 (MSELoss(): data_t(5, 20)_r(0, 0)_semi_pNone_gNone)
	 Logging test loss 0.40491724014282227 (MSELoss(): t(5, 20)_r(0, 0)_semi_pNone_gNone)
	 Logging test loss 0.419290155172348 (L1Loss(): t(5, 20)_r(0, 0)_semi_pNone_gNone)
	 Logging test loss 799.0813598632812 (MSELoss(): tennis_pNone_gNone_tennisEffect)
	 Logging test loss 21.20846939086914 (L1Loss(): tennis_pNone_gNone_tennisEffect)
     --> Epoch_time; 99.28631472587585
Epoch 2
	 Logging train Loss: 0.0737027486 (MSELoss(): data_t(5, 20)_r(0, 0)_semi_pNone_gNone)
	 Logging test loss 0.030395856127142906 (MSELoss(): t(5, 20)_r(0, 0)_semi_pNone_gNone)
	 Logging test loss 0.12176191806793213 (L1Loss(): t(5, 20)_r(0, 0)_semi_pNone_gNone)
	 Logging test loss 805.916015625 (MSELoss(): tennis_pNone_gNone_tennisEffect)
	 Logging test loss 21.301454544067383 (L1Loss(): tennis_pNone_gNone_tennisEffect)
     --> Epoch_time; 95.87414050102234
Epoch 3
	 Logging train Loss: 0.0630652982 (MSELoss(): data_t(5, 20)_r(0, 0)_semi_pNone_gNone)
	 Logging test loss 0.060544177889823914 (MSELoss(): t(5, 20)_r(0, 0)_semi_pNone_gNone)
	 Logging test loss 0.1643756479024887 (L1Loss(): t(5, 20)_r(0, 0)_semi_pNone_gNone)
	 Logging test loss 815.2222290039062 (MSELoss(): tennis_pNone_gNone_tennisEffect)
	 Logging test loss 21.439332962036133 (L1Loss(): tennis_pNone_gNone_tennisEffect)
     --> Epoch_time; 93.02103781700134
Epoch 4
	 Logging train Loss: 0.0554769628 (MSELoss(): data_t(5, 20)_r(0, 0)_semi_pNone_gNone)
	 Logging test loss 0.0055213915184140205 (MSELoss(): t(5, 20)_r(0, 0)_semi_pNone_gNone)
	 Logging test loss 0.04914579540491104 (L1Loss(): t(5, 20)_r(0, 0)_semi_pNone_gNone)
	 Logging test loss 825.5167236328125 (MSELoss(): tennis_pNone_gNone_tennisEffect)
	 Logging test loss 21.594995498657227 (L1Loss(): tennis_pNone_gNone_tennisEffect)
     --> Epoch_time; 99.30047225952148
Epoch 5
	 Logging train Loss: 0.053829218 (MSELoss(): data_t(5, 20)_r(0, 0)_semi_pNone_gNone)
	 Logging test loss 0.006553518585860729 (MSELoss(): t(5, 20)_r(0, 0)_semi_pNone_gNone)
	 Logging test loss 0.05270364135503769 (L1Loss(): t(5, 20)_r(0, 0)_semi_pNone_gNone)
	 Logging test loss 832.2698364257812 (MSELoss(): tennis_pNone_gNone_tennisEffect)
	 Logging test loss 21.696321487426758 (L1Loss(): tennis_pNone_gNone_tennisEffect)
     --> Epoch_time; 97.23806500434875
Epoch 6
	 Logging train Loss: 0.049975556 (MSELoss(): data_t(5, 20)_r(0, 0)_semi_pNone_gNone)
	 Logging test loss 0.011041246354579926 (MSELoss(): t(5, 20)_r(0, 0)_semi_pNone_gNone)
	 Logging test loss 0.07010152190923691 (L1Loss(): t(5, 20)_r(0, 0)_semi_pNone_gNone)
	 Logging test loss 841.7816772460938 (MSELoss(): tennis_pNone_gNone_tennisEffect)
	 Logging test loss 21.833646774291992 (L1Loss(): tennis_pNone_gNone_tennisEffect)
     --> Epoch_time; 95.95622777938843
Epoch 7
	 Logging train Loss: 0.0407145382 (MSELoss(): data_t(5, 20)_r(0, 0)_semi_pNone_gNone)
	 Logging test loss 0.007197532337158918 (MSELoss(): t(5, 20)_r(0, 0)_semi_pNone_gNone)
	 Logging test loss 0.055559270083904266 (L1Loss(): t(5, 20)_r(0, 0)_semi_pNone_gNone)
	 Logging test loss 853.921142578125 (MSELoss(): tennis_pNone_gNone_tennisEffect)
	 Logging test loss 22.01455307006836 (L1Loss(): tennis_pNone_gNone_tennisEffect)
     --> Epoch_time; 94.96907019615173
Epoch 8
	 Logging train Loss: 0.0409409068 (MSELoss(): data_t(5, 20)_r(0, 0)_semi_pNone_gNone)
	 Logging test loss 0.011001030914485455 (MSELoss(): t(5, 20)_r(0, 0)_semi_pNone_gNone)
	 Logging test loss 0.0694265216588974 (L1Loss(): t(5, 20)_r(0, 0)_semi_pNone_gNone)
	 Logging test loss 858.9609375 (MSELoss(): tennis_pNone_gNone_tennisEffect)
	 Logging test loss 22.071504592895508 (L1Loss(): tennis_pNone_gNone_tennisEffect)
     --> Epoch_time; 94.8875367641449
Epoch 9
	 Logging train Loss: 0.0387554393 (MSELoss(): data_t(5, 20)_r(0, 0)_semi_pNone_gNone)
	 Logging test loss 0.025913862511515617 (MSELoss(): t(5, 20)_r(0, 0)_semi_pNone_gNone)
	 Logging test loss 0.10542623698711395 (L1Loss(): t(5, 20)_r(0, 0)_semi_pNone_gNone)
	 Logging test loss 864.0443115234375 (MSELoss(): tennis_pNone_gNone_tennisEffect)
	 Logging test loss 22.137298583984375 (L1Loss(): tennis_pNone_gNone_tennisEffect)
     --> Epoch_time; 91.5238904953003
Epoch 10
	 Logging train Loss: 0.0320553 (MSELoss(): data_t(5, 20)_r(0, 0)_semi_pNone_gNone)
	 Logging test loss 0.017572589218616486 (MSELoss(): t(5, 20)_r(0, 0)_semi_pNone_gNone)
	 Logging test loss 0.08583103865385056 (L1Loss(): t(5, 20)_r(0, 0)_semi_pNone_gNone)
	 Logging test loss 868.0344848632812 (MSELoss(): tennis_pNone_gNone_tennisEffect)
	 Logging test loss 22.19611167907715 (L1Loss(): tennis_pNone_gNone_tennisEffect)
     --> Epoch_time; 95.6649980545044
Epoch 11
	 Logging train Loss: 0.0307253744 (MSELoss(): data_t(5, 20)_r(0, 0)_semi_pNone_gNone)
	 Logging test loss 0.029009321704506874 (MSELoss(): t(5, 20)_r(0, 0)_semi_pNone_gNone)
	 Logging test loss 0.10598810762166977 (L1Loss(): t(5, 20)_r(0, 0)_semi_pNone_gNone)
	 Logging test loss 870.4189453125 (MSELoss(): tennis_pNone_gNone_tennisEffect)
	 Logging test loss 22.234663009643555 (L1Loss(): tennis_pNone_gNone_tennisEffect)
     --> Epoch_time; 93.9767439365387
Epoch 12
	 Logging train Loss: 0.0300674214 (MSELoss(): data_t(5, 20)_r(0, 0)_semi_pNone_gNone)
	 Logging test loss 0.02238617278635502 (MSELoss(): t(5, 20)_r(0, 0)_semi_pNone_gNone)
	 Logging test loss 0.09921099990606308 (L1Loss(): t(5, 20)_r(0, 0)_semi_pNone_gNone)
	 Logging test loss 872.2039184570312 (MSELoss(): tennis_pNone_gNone_tennisEffect)
	 Logging test loss 22.2724552154541 (L1Loss(): tennis_pNone_gNone_tennisEffect)
     --> Epoch_time; 96.8814594745636
Epoch 13
	 Logging train Loss: 0.0272283118 (MSELoss(): data_t(5, 20)_r(0, 0)_semi_pNone_gNone)
	 Logging test loss 0.004129589535295963 (MSELoss(): t(5, 20)_r(0, 0)_semi_pNone_gNone)
	 Logging test loss 0.043339379131793976 (L1Loss(): t(5, 20)_r(0, 0)_semi_pNone_gNone)
	 Logging test loss 872.7489624023438 (MSELoss(): tennis_pNone_gNone_tennisEffect)
	 Logging test loss 22.278043746948242 (L1Loss(): tennis_pNone_gNone_tennisEffect)
     --> Epoch_time; 97.35800266265869
Epoch 14
	 Logging train Loss: 0.0239018409 (MSELoss(): data_t(5, 20)_r(0, 0)_semi_pNone_gNone)
	 Logging test loss 0.004783157259225845 (MSELoss(): t(5, 20)_r(0, 0)_semi_pNone_gNone)
	 Logging test loss 0.04594985023140907 (L1Loss(): t(5, 20)_r(0, 0)_semi_pNone_gNone)
	 Logging test loss 872.1265258789062 (MSELoss(): tennis_pNone_gNone_tennisEffect)
	 Logging test loss 22.265460968017578 (L1Loss(): tennis_pNone_gNone_tennisEffect)
     --> Epoch_time; 98.55529880523682
Epoch 15
	 Logging train Loss: 0.0223370446 (MSELoss(): data_t(5, 20)_r(0, 0)_semi_pNone_gNone)
	 Logging test loss 0.01502427738159895 (MSELoss(): t(5, 20)_r(0, 0)_semi_pNone_gNone)
	 Logging test loss 0.07743512839078903 (L1Loss(): t(5, 20)_r(0, 0)_semi_pNone_gNone)
	 Logging test loss 870.4617919921875 (MSELoss(): tennis_pNone_gNone_tennisEffect)
	 Logging test loss 22.23560333251953 (L1Loss(): tennis_pNone_gNone_tennisEffect)
     --> Epoch_time; 94.24132919311523
Epoch 16
wandb: Waiting for W&B process to finish... (success).
wandb: 
wandb: Run history:
wandb:  Test loss t(5, 20)_r(0, 0)_semi L1Loss() â–ˆâ–†â–‚â–ƒâ–â–â–â–â–â–‚â–‚â–‚â–‚â–â–â–‚â–…â–â–‚â–‚â–‚
wandb: Test loss t(5, 20)_r(0, 0)_semi MSELoss() â–ˆâ–„â–â–â–â–â–â–â–â–â–â–â–â–â–â–â–ƒâ–â–â–â–
wandb:           Test loss tennisEffect L1Loss() â–â–‚â–‚â–ƒâ–„â–…â–…â–†â–‡â–‡â–ˆâ–ˆâ–ˆâ–ˆâ–ˆâ–ˆâ–ˆâ–ˆâ–ˆâ–ˆâ–ˆ
wandb:          Test loss tennisEffect MSELoss() â–â–‚â–‚â–ƒâ–„â–„â–…â–†â–‡â–‡â–ˆâ–ˆâ–ˆâ–ˆâ–ˆâ–ˆâ–ˆâ–ˆâ–ˆâ–ˆâ–ˆ
wandb:     Train loss data_t(5, 20)_r(0, 0)_semi â–ˆâ–â–â–â–â–â–â–â–â–â–â–â–â–â–â–â–â–â–â–
wandb: 
wandb: Run summary:
wandb:  Test loss t(5, 20)_r(0, 0)_semi L1Loss() 0.09403
wandb: Test loss t(5, 20)_r(0, 0)_semi MSELoss() 0.02083
wandb:           Test loss tennisEffect L1Loss() 22.20053
wandb:          Test loss tennisEffect MSELoss() 868.88159
wandb:     Train loss data_t(5, 20)_r(0, 0)_semi 0.01605
wandb: 
wandb: ðŸš€ View run dazzling-firebrand-267 at: https://wandb.ai/nreints/test/runs/7ceuow1o
wandb: Synced 6 W&B file(s), 0 media file(s), 0 artifact file(s) and 1 other file(s)
wandb: Find logs at: ./wandb/run-20230321_162907-7ceuow1o/logs
/gpfs/home2/nreints/MScThesis/code/fcnn.py:521: DeprecationWarning: Sampling from a set deprecated
since Python 3.9 and will be removed in a subsequent version.
  train_sims = set(random.sample(sims_train, int(0.8 * n_sims_train)))
wandb: - Waiting for wandb.init()...wandb: \ Waiting for wandb.init()...wandb: Tracking run with wandb version 0.14.0
wandb: Run data is saved locally in /gpfs/home2/nreints/MScThesis/code/wandb/run-20230321_170436-1pmkznik
wandb: Run `wandb offline` to turn off syncing.
wandb: Syncing run leafy-star-323
wandb: â­ï¸ View project at https://wandb.ai/nreints/test
wandb: ðŸš€ View run at https://wandb.ai/nreints/test/runs/1pmkznik
	 Logging train Loss: 0.0199945525 (MSELoss(): data_t(5, 20)_r(0, 0)_semi_pNone_gNone)
	 Logging test loss 0.2535301148891449 (MSELoss(): t(5, 20)_r(0, 0)_semi_pNone_gNone)
	 Logging test loss 0.3263484239578247 (L1Loss(): t(5, 20)_r(0, 0)_semi_pNone_gNone)
	 Logging test loss 871.7335815429688 (MSELoss(): tennis_pNone_gNone_tennisEffect)
	 Logging test loss 22.25375747680664 (L1Loss(): tennis_pNone_gNone_tennisEffect)
     --> Epoch_time; 95.42675566673279
Epoch 17
	 Logging train Loss: 0.0201791601 (MSELoss(): data_t(5, 20)_r(0, 0)_semi_pNone_gNone)
	 Logging test loss 0.003577923635020852 (MSELoss(): t(5, 20)_r(0, 0)_semi_pNone_gNone)
	 Logging test loss 0.04053281247615814 (L1Loss(): t(5, 20)_r(0, 0)_semi_pNone_gNone)
	 Logging test loss 872.2046508789062 (MSELoss(): tennis_pNone_gNone_tennisEffect)
	 Logging test loss 22.257797241210938 (L1Loss(): tennis_pNone_gNone_tennisEffect)
     --> Epoch_time; 90.6898581981659
Epoch 18
	 Logging train Loss: 0.017025606 (MSELoss(): data_t(5, 20)_r(0, 0)_semi_pNone_gNone)
	 Logging test loss 0.027384230867028236 (MSELoss(): t(5, 20)_r(0, 0)_semi_pNone_gNone)
	 Logging test loss 0.112207792699337 (L1Loss(): t(5, 20)_r(0, 0)_semi_pNone_gNone)
	 Logging test loss 871.7269897460938 (MSELoss(): tennis_pNone_gNone_tennisEffect)
	 Logging test loss 22.24776840209961 (L1Loss(): tennis_pNone_gNone_tennisEffect)
     --> Epoch_time; 94.4463005065918
Epoch 19
	 Logging train Loss: 0.0160494137 (MSELoss(): data_t(5, 20)_r(0, 0)_semi_pNone_gNone)
	 Logging test loss 0.02083124779164791 (MSELoss(): t(5, 20)_r(0, 0)_semi_pNone_gNone)
	 Logging test loss 0.09402666240930557 (L1Loss(): t(5, 20)_r(0, 0)_semi_pNone_gNone)
	 Logging test loss 868.8863525390625 (MSELoss(): tennis_pNone_gNone_tennisEffect)
	 Logging test loss 22.20050621032715 (L1Loss(): tennis_pNone_gNone_tennisEffect)
     --> Epoch_time; 90.5399100780487
	 Logging test loss 0.020831594243645668 (MSELoss(): t(5, 20)_r(0, 0)_semi_pNone_gNone)
	 Logging test loss 0.09402593225240707 (L1Loss(): t(5, 20)_r(0, 0)_semi_pNone_gNone)
	 Logging test loss 868.881591796875 (MSELoss(): tennis_pNone_gNone_tennisEffect)
	 Logging test loss 22.200529098510742 (L1Loss(): tennis_pNone_gNone_tennisEffect)
It took 2128.6017870903015 seconds to train & eval the model.
----- ITERATION 2/2 ------
Number of train simulations: 3200
Number of test simulations: 800
The dataloader took 111.48556780815125 seconds.
-- Finished Train Dataloader --
The dataloader took 27.857118844985962 seconds.
The dataloader took 28.948888063430786 seconds.
-- Finished Test Dataloader(s) --
Datatype: log_dualQ
--- Started Training ---
Epoch 0
	 Logging train Loss: 43.9708435458 (MSELoss(): data_t(5, 20)_r(0, 0)_semi_pNone_gNone)
	 Logging test loss 0.1335151493549347 (MSELoss(): t(5, 20)_r(0, 0)_semi_pNone_gNone)
	 Logging test loss 0.25596264004707336 (L1Loss(): t(5, 20)_r(0, 0)_semi_pNone_gNone)
	 Logging test loss 782.3552856445312 (MSELoss(): tennis_pNone_gNone_tennisEffect)
	 Logging test loss 21.125471115112305 (L1Loss(): tennis_pNone_gNone_tennisEffect)
     --> Epoch_time; 95.38206911087036
Epoch 1
	 Logging train Loss: 0.1502385657 (MSELoss(): data_t(5, 20)_r(0, 0)_semi_pNone_gNone)
	 Logging test loss 0.04499628394842148 (MSELoss(): t(5, 20)_r(0, 0)_semi_pNone_gNone)
	 Logging test loss 0.1513449102640152 (L1Loss(): t(5, 20)_r(0, 0)_semi_pNone_gNone)
	 Logging test loss 787.0507202148438 (MSELoss(): tennis_pNone_gNone_tennisEffect)
	 Logging test loss 21.1910400390625 (L1Loss(): tennis_pNone_gNone_tennisEffect)
     --> Epoch_time; 95.91829514503479
Epoch 2
	 Logging train Loss: 0.1224243862 (MSELoss(): data_t(5, 20)_r(0, 0)_semi_pNone_gNone)
	 Logging test loss 0.03755318000912666 (MSELoss(): t(5, 20)_r(0, 0)_semi_pNone_gNone)
	 Logging test loss 0.13724710047245026 (L1Loss(): t(5, 20)_r(0, 0)_semi_pNone_gNone)
	 Logging test loss 790.286865234375 (MSELoss(): tennis_pNone_gNone_tennisEffect)
	 Logging test loss 21.23670196533203 (L1Loss(): tennis_pNone_gNone_tennisEffect)
     --> Epoch_time; 93.81990027427673
Epoch 3
	 Logging train Loss: 0.1152596966 (MSELoss(): data_t(5, 20)_r(0, 0)_semi_pNone_gNone)
	 Logging test loss 0.4941181242465973 (MSELoss(): t(5, 20)_r(0, 0)_semi_pNone_gNone)
	 Logging test loss 0.44917207956314087 (L1Loss(): t(5, 20)_r(0, 0)_semi_pNone_gNone)
	 Logging test loss 802.357421875 (MSELoss(): tennis_pNone_gNone_tennisEffect)
	 Logging test loss 21.428014755249023 (L1Loss(): tennis_pNone_gNone_tennisEffect)
     --> Epoch_time; 89.77070808410645
Epoch 4
	 Logging train Loss: 0.0981325935 (MSELoss(): data_t(5, 20)_r(0, 0)_semi_pNone_gNone)
	 Logging test loss 0.06421921402215958 (MSELoss(): t(5, 20)_r(0, 0)_semi_pNone_gNone)
	 Logging test loss 0.17258059978485107 (L1Loss(): t(5, 20)_r(0, 0)_semi_pNone_gNone)
	 Logging test loss 807.2817993164062 (MSELoss(): tennis_pNone_gNone_tennisEffect)
	 Logging test loss 21.504592895507812 (L1Loss(): tennis_pNone_gNone_tennisEffect)
     --> Epoch_time; 94.21701383590698
Epoch 5
	 Logging train Loss: 0.0883541232 (MSELoss(): data_t(5, 20)_r(0, 0)_semi_pNone_gNone)
	 Logging test loss 0.019746985286474228 (MSELoss(): t(5, 20)_r(0, 0)_semi_pNone_gNone)
	 Logging test loss 0.09859444946050644 (L1Loss(): t(5, 20)_r(0, 0)_semi_pNone_gNone)
	 Logging test loss 810.9607543945312 (MSELoss(): tennis_pNone_gNone_tennisEffect)
	 Logging test loss 21.56714630126953 (L1Loss(): tennis_pNone_gNone_tennisEffect)
     --> Epoch_time; 92.99151849746704
Epoch 6
	 Logging train Loss: 0.0845446119 (MSELoss(): data_t(5, 20)_r(0, 0)_semi_pNone_gNone)
	 Logging test loss 0.017041446641087532 (MSELoss(): t(5, 20)_r(0, 0)_semi_pNone_gNone)
	 Logging test loss 0.09506475180387497 (L1Loss(): t(5, 20)_r(0, 0)_semi_pNone_gNone)
	 Logging test loss 816.5010375976562 (MSELoss(): tennis_pNone_gNone_tennisEffect)
	 Logging test loss 21.655471801757812 (L1Loss(): tennis_pNone_gNone_tennisEffect)
     --> Epoch_time; 94.66100072860718
Epoch 7
	 Logging train Loss: 0.0729582394 (MSELoss(): data_t(5, 20)_r(0, 0)_semi_pNone_gNone)
	 Logging test loss 0.02486005797982216 (MSELoss(): t(5, 20)_r(0, 0)_semi_pNone_gNone)
	 Logging test loss 0.11388040333986282 (L1Loss(): t(5, 20)_r(0, 0)_semi_pNone_gNone)
	 Logging test loss 822.42138671875 (MSELoss(): tennis_pNone_gNone_tennisEffect)
	 Logging test loss 21.73666763305664 (L1Loss(): tennis_pNone_gNone_tennisEffect)
     --> Epoch_time; 94.31552815437317
Epoch 8
	 Logging train Loss: 0.0736189649 (MSELoss(): data_t(5, 20)_r(0, 0)_semi_pNone_gNone)
	 Logging test loss 0.013447088189423084 (MSELoss(): t(5, 20)_r(0, 0)_semi_pNone_gNone)
	 Logging test loss 0.08372869342565536 (L1Loss(): t(5, 20)_r(0, 0)_semi_pNone_gNone)
	 Logging test loss 828.6983032226562 (MSELoss(): tennis_pNone_gNone_tennisEffect)
	 Logging test loss 21.818222045898438 (L1Loss(): tennis_pNone_gNone_tennisEffect)
     --> Epoch_time; 96.84270811080933
Epoch 9
	 Logging train Loss: 0.067084583 (MSELoss(): data_t(5, 20)_r(0, 0)_semi_pNone_gNone)
	 Logging test loss 0.1027626097202301 (MSELoss(): t(5, 20)_r(0, 0)_semi_pNone_gNone)
	 Logging test loss 0.2165846824645996 (L1Loss(): t(5, 20)_r(0, 0)_semi_pNone_gNone)
	 Logging test loss 837.2282104492188 (MSELoss(): tennis_pNone_gNone_tennisEffect)
	 Logging test loss 21.92827033996582 (L1Loss(): tennis_pNone_gNone_tennisEffect)
     --> Epoch_time; 93.58170437812805
Epoch 10
	 Logging train Loss: 0.056578423 (MSELoss(): data_t(5, 20)_r(0, 0)_semi_pNone_gNone)
	 Logging test loss 0.009134107269346714 (MSELoss(): t(5, 20)_r(0, 0)_semi_pNone_gNone)
	 Logging test loss 0.06537223607301712 (L1Loss(): t(5, 20)_r(0, 0)_semi_pNone_gNone)
	 Logging test loss 840.9632568359375 (MSELoss(): tennis_pNone_gNone_tennisEffect)
	 Logging test loss 21.973983764648438 (L1Loss(): tennis_pNone_gNone_tennisEffect)
     --> Epoch_time; 93.37786293029785
Epoch 11
	 Logging train Loss: 0.0578482983 (MSELoss(): data_t(5, 20)_r(0, 0)_semi_pNone_gNone)
	 Logging test loss 0.00844719260931015 (MSELoss(): t(5, 20)_r(0, 0)_semi_pNone_gNone)
	 Logging test loss 0.06316176056861877 (L1Loss(): t(5, 20)_r(0, 0)_semi_pNone_gNone)
	 Logging test loss 841.6214599609375 (MSELoss(): tennis_pNone_gNone_tennisEffect)
	 Logging test loss 21.97010612487793 (L1Loss(): tennis_pNone_gNone_tennisEffect)
wandb: Waiting for W&B process to finish... (success).
wandb: 
wandb: Run history:
wandb:  Test loss t(5, 20)_r(0, 0)_semi L1Loss() â–…â–ƒâ–ƒâ–ˆâ–ƒâ–‚â–‚â–‚â–‚â–„â–‚â–‚â–â–â–‚â–â–…â–‡â–â–â–
wandb: Test loss t(5, 20)_r(0, 0)_semi MSELoss() â–ƒâ–‚â–â–ˆâ–‚â–â–â–â–â–‚â–â–â–â–â–â–â–ƒâ–†â–â–â–
wandb:           Test loss tennisEffect L1Loss() â–â–â–‚â–ƒâ–ƒâ–„â–„â–…â–…â–†â–‡â–†â–†â–†â–‡â–‡â–‡â–‡â–ˆâ–ˆâ–ˆ
wandb:          Test loss tennisEffect MSELoss() â–â–â–‚â–ƒâ–ƒâ–„â–„â–…â–…â–†â–†â–†â–†â–†â–‡â–‡â–‡â–‡â–ˆâ–ˆâ–ˆ
wandb:     Train loss data_t(5, 20)_r(0, 0)_semi â–ˆâ–â–â–â–â–â–â–â–â–â–â–â–â–â–â–â–â–â–â–
wandb: 
wandb: Run summary:
wandb:  Test loss t(5, 20)_r(0, 0)_semi L1Loss() 0.05662
wandb: Test loss t(5, 20)_r(0, 0)_semi MSELoss() 0.00688
wandb:           Test loss tennisEffect L1Loss() 22.20342
wandb:          Test loss tennisEffect MSELoss() 859.98413
wandb:     Train loss data_t(5, 20)_r(0, 0)_semi 0.02871
wandb: 
wandb: ðŸš€ View run leafy-star-323 at: https://wandb.ai/nreints/test/runs/1pmkznik
wandb: Synced 6 W&B file(s), 0 media file(s), 0 artifact file(s) and 1 other file(s)
wandb: Find logs at: ./wandb/run-20230321_170436-1pmkznik/logs
     --> Epoch_time; 94.73794507980347
Epoch 12
	 Logging train Loss: 0.0508596034 (MSELoss(): data_t(5, 20)_r(0, 0)_semi_pNone_gNone)
	 Logging test loss 0.004081639926880598 (MSELoss(): t(5, 20)_r(0, 0)_semi_pNone_gNone)
	 Logging test loss 0.042867034673690796 (L1Loss(): t(5, 20)_r(0, 0)_semi_pNone_gNone)
	 Logging test loss 841.6201782226562 (MSELoss(): tennis_pNone_gNone_tennisEffect)
	 Logging test loss 21.952747344970703 (L1Loss(): tennis_pNone_gNone_tennisEffect)
     --> Epoch_time; 92.1591010093689
Epoch 13
	 Logging train Loss: 0.044974458 (MSELoss(): data_t(5, 20)_r(0, 0)_semi_pNone_gNone)
	 Logging test loss 0.0031198100186884403 (MSELoss(): t(5, 20)_r(0, 0)_semi_pNone_gNone)
	 Logging test loss 0.037966229021549225 (L1Loss(): t(5, 20)_r(0, 0)_semi_pNone_gNone)
	 Logging test loss 843.2377319335938 (MSELoss(): tennis_pNone_gNone_tennisEffect)
	 Logging test loss 21.971281051635742 (L1Loss(): tennis_pNone_gNone_tennisEffect)
     --> Epoch_time; 91.61584162712097
Epoch 14
	 Logging train Loss: 0.0421370812 (MSELoss(): data_t(5, 20)_r(0, 0)_semi_pNone_gNone)
	 Logging test loss 0.02563125267624855 (MSELoss(): t(5, 20)_r(0, 0)_semi_pNone_gNone)
	 Logging test loss 0.10483819246292114 (L1Loss(): t(5, 20)_r(0, 0)_semi_pNone_gNone)
	 Logging test loss 844.2659301757812 (MSELoss(): tennis_pNone_gNone_tennisEffect)
	 Logging test loss 21.983448028564453 (L1Loss(): tennis_pNone_gNone_tennisEffect)
     --> Epoch_time; 91.89287567138672
Epoch 15
	 Logging train Loss: 0.0409499025 (MSELoss(): data_t(5, 20)_r(0, 0)_semi_pNone_gNone)
	 Logging test loss 0.002513910410925746 (MSELoss(): t(5, 20)_r(0, 0)_semi_pNone_gNone)
	 Logging test loss 0.03288165107369423 (L1Loss(): t(5, 20)_r(0, 0)_semi_pNone_gNone)
	 Logging test loss 845.8003540039062 (MSELoss(): tennis_pNone_gNone_tennisEffect)
	 Logging test loss 22.00200080871582 (L1Loss(): tennis_pNone_gNone_tennisEffect)
     --> Epoch_time; 92.11717200279236
Epoch 16
	 Logging train Loss: 0.035570015 (MSELoss(): data_t(5, 20)_r(0, 0)_semi_pNone_gNone)
	 Logging test loss 0.16490407288074493 (MSELoss(): t(5, 20)_r(0, 0)_semi_pNone_gNone)
	 Logging test loss 0.26239731907844543 (L1Loss(): t(5, 20)_r(0, 0)_semi_pNone_gNone)
	 Logging test loss 848.8860473632812 (MSELoss(): tennis_pNone_gNone_tennisEffect)
	 Logging test loss 22.048309326171875 (L1Loss(): tennis_pNone_gNone_tennisEffect)
     --> Epoch_time; 91.72856783866882
Epoch 17
	 Logging train Loss: 0.0332728716 (MSELoss(): data_t(5, 20)_r(0, 0)_semi_pNone_gNone)
	 Logging test loss 0.35800838470458984 (MSELoss(): t(5, 20)_r(0, 0)_semi_pNone_gNone)
	 Logging test loss 0.36133506894111633 (L1Loss(): t(5, 20)_r(0, 0)_semi_pNone_gNone)
	 Logging test loss 852.2857055664062 (MSELoss(): tennis_pNone_gNone_tennisEffect)
	 Logging test loss 22.097349166870117 (L1Loss(): tennis_pNone_gNone_tennisEffect)
     --> Epoch_time; 94.05448698997498
Epoch 18
	 Logging train Loss: 0.0336578992 (MSELoss(): data_t(5, 20)_r(0, 0)_semi_pNone_gNone)
	 Logging test loss 0.002846970222890377 (MSELoss(): t(5, 20)_r(0, 0)_semi_pNone_gNone)
	 Logging test loss 0.03596799448132515 (L1Loss(): t(5, 20)_r(0, 0)_semi_pNone_gNone)
	 Logging test loss 856.146484375 (MSELoss(): tennis_pNone_gNone_tennisEffect)
	 Logging test loss 22.149145126342773 (L1Loss(): tennis_pNone_gNone_tennisEffect)
     --> Epoch_time; 91.90633273124695
Epoch 19
	 Logging train Loss: 0.0287065144 (MSELoss(): data_t(5, 20)_r(0, 0)_semi_pNone_gNone)
	 Logging test loss 0.006879652384668589 (MSELoss(): t(5, 20)_r(0, 0)_semi_pNone_gNone)
	 Logging test loss 0.056615494191646576 (L1Loss(): t(5, 20)_r(0, 0)_semi_pNone_gNone)
	 Logging test loss 859.9894409179688 (MSELoss(): tennis_pNone_gNone_tennisEffect)
	 Logging test loss 22.20313262939453 (L1Loss(): tennis_pNone_gNone_tennisEffect)
     --> Epoch_time; 92.91547203063965
	 Logging test loss 0.006879677530378103 (MSELoss(): t(5, 20)_r(0, 0)_semi_pNone_gNone)
	 Logging test loss 0.056615423411130905 (L1Loss(): t(5, 20)_r(0, 0)_semi_pNone_gNone)
	 Logging test loss 859.984130859375 (MSELoss(): tennis_pNone_gNone_tennisEffect)
	 Logging test loss 22.20342445373535 (L1Loss(): tennis_pNone_gNone_tennisEffect)
It took 2080.3038737773895 seconds to train & eval the model.
