wandb: Currently logged in as: nreints. Use `wandb login --relogin` to force relogin
wandb: Appending key for api.wandb.ai to your netrc file: /home/nreints/.netrc
/gpfs/home2/nreints/MScThesis/code/fcnn.py:521: DeprecationWarning: Sampling from a set deprecated
since Python 3.9 and will be removed in a subsequent version.
  train_sims = set(random.sample(sims_train, int(0.8 * n_sims_train)))
wandb: Tracking run with wandb version 0.14.0
wandb: Run data is saved locally in /gpfs/home2/nreints/MScThesis/code/wandb/run-20230321_162901-xczpd5n7
wandb: Run `wandb offline` to turn off syncing.
wandb: Syncing run polar-forest-233
wandb: â­ï¸ View project at https://wandb.ai/nreints/test
wandb: ðŸš€ View run at https://wandb.ai/nreints/test/runs/xczpd5n7
['data_t(0,', '0)_r(5,', '20)_semi_pNone_gNone']
data/data_t(0, 0)_r(5, 20)_semi_pNone_gNone
Testing on datasets: ['data_t(0, 0)_r(5, 20)_semi_pNone_gNone', 'data_tennis_pNone_gNone_tennisEffect']
----- ITERATION 1/2 ------
Number of train simulations: 3200
Number of test simulations: 800
The dataloader took 80.8517153263092 seconds.
-- Finished Train Dataloader --
The dataloader took 20.884544372558594 seconds.
The dataloader took 21.366270780563354 seconds.
-- Finished Test Dataloader(s) --
Datatype: dual_quat
--- Started Training ---
Epoch 0
	 Logging train Loss: 47.7815359477 (MSELoss(): data_t(0, 0)_r(5, 20)_semi_pNone_gNone)
	 Logging test loss 3.8492753505706787 (MSELoss(): t(0, 0)_r(5, 20)_semi_pNone_gNone)
	 Logging test loss 1.4288179874420166 (L1Loss(): t(0, 0)_r(5, 20)_semi_pNone_gNone)
	 Logging test loss 119.28822326660156 (MSELoss(): tennis_pNone_gNone_tennisEffect)
	 Logging test loss 6.703598499298096 (L1Loss(): tennis_pNone_gNone_tennisEffect)
     --> Epoch_time; 85.33802723884583
Epoch 1
	 Logging train Loss: 1.9786396101 (MSELoss(): data_t(0, 0)_r(5, 20)_semi_pNone_gNone)
	 Logging test loss 1.5827864408493042 (MSELoss(): t(0, 0)_r(5, 20)_semi_pNone_gNone)
	 Logging test loss 0.8754565119743347 (L1Loss(): t(0, 0)_r(5, 20)_semi_pNone_gNone)
	 Logging test loss 94.42584991455078 (MSELoss(): tennis_pNone_gNone_tennisEffect)
	 Logging test loss 5.635331153869629 (L1Loss(): tennis_pNone_gNone_tennisEffect)
     --> Epoch_time; 92.2003481388092
Epoch 2
	 Logging train Loss: 0.9181366166 (MSELoss(): data_t(0, 0)_r(5, 20)_semi_pNone_gNone)
	 Logging test loss 0.7070814371109009 (MSELoss(): t(0, 0)_r(5, 20)_semi_pNone_gNone)
	 Logging test loss 0.5883345603942871 (L1Loss(): t(0, 0)_r(5, 20)_semi_pNone_gNone)
	 Logging test loss 57.872676849365234 (MSELoss(): tennis_pNone_gNone_tennisEffect)
	 Logging test loss 4.150415420532227 (L1Loss(): tennis_pNone_gNone_tennisEffect)
     --> Epoch_time; 93.07588148117065
Epoch 3
	 Logging train Loss: 0.3997618432 (MSELoss(): data_t(0, 0)_r(5, 20)_semi_pNone_gNone)
	 Logging test loss 0.2785496115684509 (MSELoss(): t(0, 0)_r(5, 20)_semi_pNone_gNone)
	 Logging test loss 0.37453702092170715 (L1Loss(): t(0, 0)_r(5, 20)_semi_pNone_gNone)
	 Logging test loss 36.0521125793457 (MSELoss(): tennis_pNone_gNone_tennisEffect)
	 Logging test loss 2.9569759368896484 (L1Loss(): tennis_pNone_gNone_tennisEffect)
     --> Epoch_time; 88.06217241287231
Epoch 4
	 Logging train Loss: 0.1957557828 (MSELoss(): data_t(0, 0)_r(5, 20)_semi_pNone_gNone)
	 Logging test loss 0.17841938138008118 (MSELoss(): t(0, 0)_r(5, 20)_semi_pNone_gNone)
	 Logging test loss 0.3026924431324005 (L1Loss(): t(0, 0)_r(5, 20)_semi_pNone_gNone)
	 Logging test loss 33.0777473449707 (MSELoss(): tennis_pNone_gNone_tennisEffect)
	 Logging test loss 2.69649338722229 (L1Loss(): tennis_pNone_gNone_tennisEffect)
     --> Epoch_time; 92.33657431602478
Epoch 5
	 Logging train Loss: 0.1261895074 (MSELoss(): data_t(0, 0)_r(5, 20)_semi_pNone_gNone)
	 Logging test loss 0.1195080429315567 (MSELoss(): t(0, 0)_r(5, 20)_semi_pNone_gNone)
	 Logging test loss 0.24752113223075867 (L1Loss(): t(0, 0)_r(5, 20)_semi_pNone_gNone)
	 Logging test loss 33.061153411865234 (MSELoss(): tennis_pNone_gNone_tennisEffect)
	 Logging test loss 2.550544261932373 (L1Loss(): tennis_pNone_gNone_tennisEffect)
     --> Epoch_time; 92.27798295021057
Epoch 6
	 Logging train Loss: 0.0890278237 (MSELoss(): data_t(0, 0)_r(5, 20)_semi_pNone_gNone)
	 Logging test loss 0.08826802670955658 (MSELoss(): t(0, 0)_r(5, 20)_semi_pNone_gNone)
	 Logging test loss 0.21184876561164856 (L1Loss(): t(0, 0)_r(5, 20)_semi_pNone_gNone)
	 Logging test loss 34.69231414794922 (MSELoss(): tennis_pNone_gNone_tennisEffect)
	 Logging test loss 2.4540507793426514 (L1Loss(): tennis_pNone_gNone_tennisEffect)
     --> Epoch_time; 92.21489381790161
Epoch 7
	 Logging train Loss: 0.0654142691 (MSELoss(): data_t(0, 0)_r(5, 20)_semi_pNone_gNone)
	 Logging test loss 0.06794798374176025 (MSELoss(): t(0, 0)_r(5, 20)_semi_pNone_gNone)
	 Logging test loss 0.18377891182899475 (L1Loss(): t(0, 0)_r(5, 20)_semi_pNone_gNone)
	 Logging test loss 37.08456802368164 (MSELoss(): tennis_pNone_gNone_tennisEffect)
	 Logging test loss 2.4236040115356445 (L1Loss(): tennis_pNone_gNone_tennisEffect)
     --> Epoch_time; 89.80745816230774
Epoch 8
	 Logging train Loss: 0.0520928227 (MSELoss(): data_t(0, 0)_r(5, 20)_semi_pNone_gNone)
	 Logging test loss 0.04788578674197197 (MSELoss(): t(0, 0)_r(5, 20)_semi_pNone_gNone)
	 Logging test loss 0.1536766141653061 (L1Loss(): t(0, 0)_r(5, 20)_semi_pNone_gNone)
	 Logging test loss 38.59957504272461 (MSELoss(): tennis_pNone_gNone_tennisEffect)
	 Logging test loss 2.410186290740967 (L1Loss(): tennis_pNone_gNone_tennisEffect)
     --> Epoch_time; 90.99411392211914
Epoch 9
	 Logging train Loss: 0.0437193428 (MSELoss(): data_t(0, 0)_r(5, 20)_semi_pNone_gNone)
	 Logging test loss 0.06900986284017563 (MSELoss(): t(0, 0)_r(5, 20)_semi_pNone_gNone)
	 Logging test loss 0.18476781249046326 (L1Loss(): t(0, 0)_r(5, 20)_semi_pNone_gNone)
	 Logging test loss 39.346988677978516 (MSELoss(): tennis_pNone_gNone_tennisEffect)
	 Logging test loss 2.4066872596740723 (L1Loss(): tennis_pNone_gNone_tennisEffect)
     --> Epoch_time; 86.6092529296875
Epoch 10
	 Logging train Loss: 0.0381099626 (MSELoss(): data_t(0, 0)_r(5, 20)_semi_pNone_gNone)
	 Logging test loss 0.04694650322198868 (MSELoss(): t(0, 0)_r(5, 20)_semi_pNone_gNone)
	 Logging test loss 0.15050244331359863 (L1Loss(): t(0, 0)_r(5, 20)_semi_pNone_gNone)
	 Logging test loss 39.65629196166992 (MSELoss(): tennis_pNone_gNone_tennisEffect)
	 Logging test loss 2.4078409671783447 (L1Loss(): tennis_pNone_gNone_tennisEffect)
     --> Epoch_time; 90.05931544303894
Epoch 11
	 Logging train Loss: 0.0342928195 (MSELoss(): data_t(0, 0)_r(5, 20)_semi_pNone_gNone)
	 Logging test loss 0.03245914727449417 (MSELoss(): t(0, 0)_r(5, 20)_semi_pNone_gNone)
	 Logging test loss 0.1251174360513687 (L1Loss(): t(0, 0)_r(5, 20)_semi_pNone_gNone)
	 Logging test loss 39.700504302978516 (MSELoss(): tennis_pNone_gNone_tennisEffect)
	 Logging test loss 2.3995540142059326 (L1Loss(): tennis_pNone_gNone_tennisEffect)
     --> Epoch_time; 86.74996614456177
Epoch 12
	 Logging train Loss: 0.0311761794 (MSELoss(): data_t(0, 0)_r(5, 20)_semi_pNone_gNone)
	 Logging test loss 0.03375471383333206 (MSELoss(): t(0, 0)_r(5, 20)_semi_pNone_gNone)
	 Logging test loss 0.12756487727165222 (L1Loss(): t(0, 0)_r(5, 20)_semi_pNone_gNone)
	 Logging test loss 39.59304428100586 (MSELoss(): tennis_pNone_gNone_tennisEffect)
	 Logging test loss 2.3829851150512695 (L1Loss(): tennis_pNone_gNone_tennisEffect)
     --> Epoch_time; 93.06837749481201
Epoch 13
	 Logging train Loss: 0.0283126507 (MSELoss(): data_t(0, 0)_r(5, 20)_semi_pNone_gNone)
	 Logging test loss 0.03120945394039154 (MSELoss(): t(0, 0)_r(5, 20)_semi_pNone_gNone)
	 Logging test loss 0.12182249873876572 (L1Loss(): t(0, 0)_r(5, 20)_semi_pNone_gNone)
	 Logging test loss 39.60466384887695 (MSELoss(): tennis_pNone_gNone_tennisEffect)
	 Logging test loss 2.3875033855438232 (L1Loss(): tennis_pNone_gNone_tennisEffect)
     --> Epoch_time; 93.80325746536255
Epoch 14
	 Logging train Loss: 0.0267058429 (MSELoss(): data_t(0, 0)_r(5, 20)_semi_pNone_gNone)
	 Logging test loss 0.0271880105137825 (MSELoss(): t(0, 0)_r(5, 20)_semi_pNone_gNone)
	 Logging test loss 0.11301633715629578 (L1Loss(): t(0, 0)_r(5, 20)_semi_pNone_gNone)
	 Logging test loss 39.4767951965332 (MSELoss(): tennis_pNone_gNone_tennisEffect)
	 Logging test loss 2.3744328022003174 (L1Loss(): tennis_pNone_gNone_tennisEffect)
     --> Epoch_time; 90.69544744491577
Epoch 15
	 Logging train Loss: 0.0248033611 (MSELoss(): data_t(0, 0)_r(5, 20)_semi_pNone_gNone)
	 Logging test loss 0.02625717967748642 (MSELoss(): t(0, 0)_r(5, 20)_semi_pNone_gNone)
	 Logging test loss 0.11131567507982254 (L1Loss(): t(0, 0)_r(5, 20)_semi_pNone_gNone)
	 Logging test loss 39.31492233276367 (MSELoss(): tennis_pNone_gNone_tennisEffect)
	 Logging test loss 2.3681561946868896 (L1Loss(): tennis_pNone_gNone_tennisEffect)
     --> Epoch_time; 89.52275085449219
Epoch 16
wandb: Waiting for W&B process to finish... (success).
wandb: 
wandb: Run history:
wandb:  Test loss t(0, 0)_r(5, 20)_semi L1Loss() â–ˆâ–…â–„â–‚â–‚â–‚â–‚â–â–â–â–â–â–â–â–â–â–â–â–â–â–
wandb: Test loss t(0, 0)_r(5, 20)_semi MSELoss() â–ˆâ–„â–‚â–â–â–â–â–â–â–â–â–â–â–â–â–â–â–â–â–â–
wandb:           Test loss tennisEffect L1Loss() â–ˆâ–†â–„â–‚â–‚â–â–â–â–â–â–â–â–â–â–â–â–â–â–â–â–
wandb:          Test loss tennisEffect MSELoss() â–ˆâ–†â–ƒâ–â–â–â–â–â–â–‚â–‚â–‚â–‚â–‚â–‚â–‚â–â–â–â–â–
wandb:     Train loss data_t(0, 0)_r(5, 20)_semi â–ˆâ–â–â–â–â–â–â–â–â–â–â–â–â–â–â–â–â–â–â–
wandb: 
wandb: Run summary:
wandb:  Test loss t(0, 0)_r(5, 20)_semi L1Loss() 0.11954
wandb: Test loss t(0, 0)_r(5, 20)_semi MSELoss() 0.0305
wandb:           Test loss tennisEffect L1Loss() 2.34599
wandb:          Test loss tennisEffect MSELoss() 38.73032
wandb:     Train loss data_t(0, 0)_r(5, 20)_semi 0.02021
wandb: 
wandb: ðŸš€ View run polar-forest-233 at: https://wandb.ai/nreints/test/runs/xczpd5n7
wandb: Synced 6 W&B file(s), 0 media file(s), 0 artifact file(s) and 1 other file(s)
wandb: Find logs at: ./wandb/run-20230321_162901-xczpd5n7/logs
/gpfs/home2/nreints/MScThesis/code/fcnn.py:521: DeprecationWarning: Sampling from a set deprecated
since Python 3.9 and will be removed in a subsequent version.
  train_sims = set(random.sample(sims_train, int(0.8 * n_sims_train)))
wandb: - Waiting for wandb.init()...wandb: \ Waiting for wandb.init()...wandb: Tracking run with wandb version 0.14.0
wandb: Run data is saved locally in /gpfs/home2/nreints/MScThesis/code/wandb/run-20230321_170143-j058gz70
wandb: Run `wandb offline` to turn off syncing.
wandb: Syncing run comfy-dawn-310
wandb: â­ï¸ View project at https://wandb.ai/nreints/test
wandb: ðŸš€ View run at https://wandb.ai/nreints/test/runs/j058gz70
	 Logging train Loss: 0.0236519708 (MSELoss(): data_t(0, 0)_r(5, 20)_semi_pNone_gNone)
	 Logging test loss 0.023594725877046585 (MSELoss(): t(0, 0)_r(5, 20)_semi_pNone_gNone)
	 Logging test loss 0.10581324994564056 (L1Loss(): t(0, 0)_r(5, 20)_semi_pNone_gNone)
	 Logging test loss 39.189579010009766 (MSELoss(): tennis_pNone_gNone_tennisEffect)
	 Logging test loss 2.361636161804199 (L1Loss(): tennis_pNone_gNone_tennisEffect)
     --> Epoch_time; 90.21982073783875
Epoch 17
	 Logging train Loss: 0.0223130195 (MSELoss(): data_t(0, 0)_r(5, 20)_semi_pNone_gNone)
	 Logging test loss 0.022558728232979774 (MSELoss(): t(0, 0)_r(5, 20)_semi_pNone_gNone)
	 Logging test loss 0.10291346162557602 (L1Loss(): t(0, 0)_r(5, 20)_semi_pNone_gNone)
	 Logging test loss 39.01420211791992 (MSELoss(): tennis_pNone_gNone_tennisEffect)
	 Logging test loss 2.3536386489868164 (L1Loss(): tennis_pNone_gNone_tennisEffect)
     --> Epoch_time; 86.09634518623352
Epoch 18
	 Logging train Loss: 0.0214232376 (MSELoss(): data_t(0, 0)_r(5, 20)_semi_pNone_gNone)
	 Logging test loss 0.018100962042808533 (MSELoss(): t(0, 0)_r(5, 20)_semi_pNone_gNone)
	 Logging test loss 0.09142865985631943 (L1Loss(): t(0, 0)_r(5, 20)_semi_pNone_gNone)
	 Logging test loss 38.81736755371094 (MSELoss(): tennis_pNone_gNone_tennisEffect)
	 Logging test loss 2.346216917037964 (L1Loss(): tennis_pNone_gNone_tennisEffect)
     --> Epoch_time; 87.09868693351746
Epoch 19
	 Logging train Loss: 0.0202148737 (MSELoss(): data_t(0, 0)_r(5, 20)_semi_pNone_gNone)
	 Logging test loss 0.030502958223223686 (MSELoss(): t(0, 0)_r(5, 20)_semi_pNone_gNone)
	 Logging test loss 0.11954376846551895 (L1Loss(): t(0, 0)_r(5, 20)_semi_pNone_gNone)
	 Logging test loss 38.73206329345703 (MSELoss(): tennis_pNone_gNone_tennisEffect)
	 Logging test loss 2.3459861278533936 (L1Loss(): tennis_pNone_gNone_tennisEffect)
     --> Epoch_time; 85.76107907295227
	 Logging test loss 0.030503129586577415 (MSELoss(): t(0, 0)_r(5, 20)_semi_pNone_gNone)
	 Logging test loss 0.11954385787248611 (L1Loss(): t(0, 0)_r(5, 20)_semi_pNone_gNone)
	 Logging test loss 38.73031997680664 (MSELoss(): tennis_pNone_gNone_tennisEffect)
	 Logging test loss 2.345991373062134 (L1Loss(): tennis_pNone_gNone_tennisEffect)
It took 1962.5584526062012 seconds to train & eval the model.
----- ITERATION 2/2 ------
Number of train simulations: 3200
Number of test simulations: 800
The dataloader took 78.28792786598206 seconds.
-- Finished Train Dataloader --
The dataloader took 19.2501323223114 seconds.
The dataloader took 19.48998999595642 seconds.
-- Finished Test Dataloader(s) --
Datatype: dual_quat
--- Started Training ---
Epoch 0
	 Logging train Loss: 55.4797487745 (MSELoss(): data_t(0, 0)_r(5, 20)_semi_pNone_gNone)
	 Logging test loss 4.01405143737793 (MSELoss(): t(0, 0)_r(5, 20)_semi_pNone_gNone)
	 Logging test loss 1.4677273035049438 (L1Loss(): t(0, 0)_r(5, 20)_semi_pNone_gNone)
	 Logging test loss 102.87056732177734 (MSELoss(): tennis_pNone_gNone_tennisEffect)
	 Logging test loss 6.343935966491699 (L1Loss(): tennis_pNone_gNone_tennisEffect)
     --> Epoch_time; 91.80877041816711
Epoch 1
	 Logging train Loss: 2.2066830704 (MSELoss(): data_t(0, 0)_r(5, 20)_semi_pNone_gNone)
	 Logging test loss 1.5585461854934692 (MSELoss(): t(0, 0)_r(5, 20)_semi_pNone_gNone)
	 Logging test loss 0.8713201284408569 (L1Loss(): t(0, 0)_r(5, 20)_semi_pNone_gNone)
	 Logging test loss 82.26618194580078 (MSELoss(): tennis_pNone_gNone_tennisEffect)
	 Logging test loss 5.322560787200928 (L1Loss(): tennis_pNone_gNone_tennisEffect)
     --> Epoch_time; 93.22825121879578
Epoch 2
	 Logging train Loss: 1.0378959706 (MSELoss(): data_t(0, 0)_r(5, 20)_semi_pNone_gNone)
	 Logging test loss 0.774493932723999 (MSELoss(): t(0, 0)_r(5, 20)_semi_pNone_gNone)
	 Logging test loss 0.6160477995872498 (L1Loss(): t(0, 0)_r(5, 20)_semi_pNone_gNone)
	 Logging test loss 53.693241119384766 (MSELoss(): tennis_pNone_gNone_tennisEffect)
	 Logging test loss 4.086483001708984 (L1Loss(): tennis_pNone_gNone_tennisEffect)
     --> Epoch_time; 90.33208775520325
Epoch 3
	 Logging train Loss: 0.4912656697 (MSELoss(): data_t(0, 0)_r(5, 20)_semi_pNone_gNone)
	 Logging test loss 0.34043723344802856 (MSELoss(): t(0, 0)_r(5, 20)_semi_pNone_gNone)
	 Logging test loss 0.4128514230251312 (L1Loss(): t(0, 0)_r(5, 20)_semi_pNone_gNone)
	 Logging test loss 34.15196228027344 (MSELoss(): tennis_pNone_gNone_tennisEffect)
	 Logging test loss 2.9751548767089844 (L1Loss(): tennis_pNone_gNone_tennisEffect)
     --> Epoch_time; 87.26874446868896
Epoch 4
	 Logging train Loss: 0.2388730118 (MSELoss(): data_t(0, 0)_r(5, 20)_semi_pNone_gNone)
	 Logging test loss 0.21092647314071655 (MSELoss(): t(0, 0)_r(5, 20)_semi_pNone_gNone)
	 Logging test loss 0.32878634333610535 (L1Loss(): t(0, 0)_r(5, 20)_semi_pNone_gNone)
	 Logging test loss 31.093795776367188 (MSELoss(): tennis_pNone_gNone_tennisEffect)
	 Logging test loss 2.7014153003692627 (L1Loss(): tennis_pNone_gNone_tennisEffect)
     --> Epoch_time; 91.48331069946289
Epoch 5
	 Logging train Loss: 0.1485625822 (MSELoss(): data_t(0, 0)_r(5, 20)_semi_pNone_gNone)
	 Logging test loss 0.12887674570083618 (MSELoss(): t(0, 0)_r(5, 20)_semi_pNone_gNone)
	 Logging test loss 0.2572057247161865 (L1Loss(): t(0, 0)_r(5, 20)_semi_pNone_gNone)
	 Logging test loss 30.79877471923828 (MSELoss(): tennis_pNone_gNone_tennisEffect)
	 Logging test loss 2.5416955947875977 (L1Loss(): tennis_pNone_gNone_tennisEffect)
     --> Epoch_time; 90.4881317615509
Epoch 6
	 Logging train Loss: 0.1033988504 (MSELoss(): data_t(0, 0)_r(5, 20)_semi_pNone_gNone)
	 Logging test loss 0.09570647776126862 (MSELoss(): t(0, 0)_r(5, 20)_semi_pNone_gNone)
	 Logging test loss 0.2213917225599289 (L1Loss(): t(0, 0)_r(5, 20)_semi_pNone_gNone)
	 Logging test loss 32.14017105102539 (MSELoss(): tennis_pNone_gNone_tennisEffect)
	 Logging test loss 2.415830612182617 (L1Loss(): tennis_pNone_gNone_tennisEffect)
     --> Epoch_time; 91.97957158088684
Epoch 7
	 Logging train Loss: 0.0752819585 (MSELoss(): data_t(0, 0)_r(5, 20)_semi_pNone_gNone)
	 Logging test loss 0.07087572664022446 (MSELoss(): t(0, 0)_r(5, 20)_semi_pNone_gNone)
	 Logging test loss 0.19013948738574982 (L1Loss(): t(0, 0)_r(5, 20)_semi_pNone_gNone)
	 Logging test loss 34.5960807800293 (MSELoss(): tennis_pNone_gNone_tennisEffect)
	 Logging test loss 2.3413443565368652 (L1Loss(): tennis_pNone_gNone_tennisEffect)
     --> Epoch_time; 91.26780080795288
Epoch 8
	 Logging train Loss: 0.0587691064 (MSELoss(): data_t(0, 0)_r(5, 20)_semi_pNone_gNone)
	 Logging test loss 0.052137333899736404 (MSELoss(): t(0, 0)_r(5, 20)_semi_pNone_gNone)
	 Logging test loss 0.16208630800247192 (L1Loss(): t(0, 0)_r(5, 20)_semi_pNone_gNone)
	 Logging test loss 36.810489654541016 (MSELoss(): tennis_pNone_gNone_tennisEffect)
	 Logging test loss 2.3233134746551514 (L1Loss(): tennis_pNone_gNone_tennisEffect)
     --> Epoch_time; 92.58410835266113
Epoch 9
	 Logging train Loss: 0.0479153303 (MSELoss(): data_t(0, 0)_r(5, 20)_semi_pNone_gNone)
	 Logging test loss 0.0513005293905735 (MSELoss(): t(0, 0)_r(5, 20)_semi_pNone_gNone)
	 Logging test loss 0.15959925949573517 (L1Loss(): t(0, 0)_r(5, 20)_semi_pNone_gNone)
	 Logging test loss 37.87598419189453 (MSELoss(): tennis_pNone_gNone_tennisEffect)
	 Logging test loss 2.3116466999053955 (L1Loss(): tennis_pNone_gNone_tennisEffect)
     --> Epoch_time; 91.03825449943542
Epoch 10
	 Logging train Loss: 0.0404159147 (MSELoss(): data_t(0, 0)_r(5, 20)_semi_pNone_gNone)
	 Logging test loss 0.03688704967498779 (MSELoss(): t(0, 0)_r(5, 20)_semi_pNone_gNone)
	 Logging test loss 0.13485071063041687 (L1Loss(): t(0, 0)_r(5, 20)_semi_pNone_gNone)
	 Logging test loss 38.20684814453125 (MSELoss(): tennis_pNone_gNone_tennisEffect)
	 Logging test loss 2.2962021827697754 (L1Loss(): tennis_pNone_gNone_tennisEffect)
     --> Epoch_time; 91.09554862976074
Epoch 11
	 Logging train Loss: 0.0350395602 (MSELoss(): data_t(0, 0)_r(5, 20)_semi_pNone_gNone)
	 Logging test loss 0.03073287196457386 (MSELoss(): t(0, 0)_r(5, 20)_semi_pNone_gNone)
	 Logging test loss 0.1224171444773674 (L1Loss(): t(0, 0)_r(5, 20)_semi_pNone_gNone)
	 Logging test loss 38.276615142822266 (MSELoss(): tennis_pNone_gNone_tennisEffect)
wandb: Waiting for W&B process to finish... (success).
wandb: 
wandb: Run history:
wandb:  Test loss t(0, 0)_r(5, 20)_semi L1Loss() â–ˆâ–…â–„â–ƒâ–‚â–‚â–‚â–‚â–â–â–â–â–â–â–â–â–â–â–â–â–
wandb: Test loss t(0, 0)_r(5, 20)_semi MSELoss() â–ˆâ–„â–‚â–‚â–â–â–â–â–â–â–â–â–â–â–â–â–â–â–â–â–
wandb:           Test loss tennisEffect L1Loss() â–ˆâ–†â–„â–‚â–‚â–‚â–â–â–â–â–â–â–â–â–â–â–â–â–â–â–
wandb:          Test loss tennisEffect MSELoss() â–ˆâ–†â–ƒâ–â–â–â–â–â–‚â–‚â–‚â–‚â–‚â–‚â–‚â–‚â–‚â–‚â–‚â–‚â–‚
wandb:     Train loss data_t(0, 0)_r(5, 20)_semi â–ˆâ–â–â–â–â–â–â–â–â–â–â–â–â–â–â–â–â–â–â–
wandb: 
wandb: Run summary:
wandb:  Test loss t(0, 0)_r(5, 20)_semi L1Loss() 0.09016
wandb: Test loss t(0, 0)_r(5, 20)_semi MSELoss() 0.01711
wandb:           Test loss tennisEffect L1Loss() 2.18247
wandb:          Test loss tennisEffect MSELoss() 36.52788
wandb:     Train loss data_t(0, 0)_r(5, 20)_semi 0.01904
wandb: 
wandb: ðŸš€ View run comfy-dawn-310 at: https://wandb.ai/nreints/test/runs/j058gz70
wandb: Synced 6 W&B file(s), 0 media file(s), 0 artifact file(s) and 1 other file(s)
wandb: Find logs at: ./wandb/run-20230321_170143-j058gz70/logs
	 Logging test loss 2.2810189723968506 (L1Loss(): tennis_pNone_gNone_tennisEffect)
     --> Epoch_time; 92.55157327651978
Epoch 12
	 Logging train Loss: 0.0312913882 (MSELoss(): data_t(0, 0)_r(5, 20)_semi_pNone_gNone)
	 Logging test loss 0.03418761119246483 (MSELoss(): t(0, 0)_r(5, 20)_semi_pNone_gNone)
	 Logging test loss 0.12900561094284058 (L1Loss(): t(0, 0)_r(5, 20)_semi_pNone_gNone)
	 Logging test loss 38.15811538696289 (MSELoss(): tennis_pNone_gNone_tennisEffect)
	 Logging test loss 2.2610034942626953 (L1Loss(): tennis_pNone_gNone_tennisEffect)
     --> Epoch_time; 91.00830507278442
Epoch 13
	 Logging train Loss: 0.0281167747 (MSELoss(): data_t(0, 0)_r(5, 20)_semi_pNone_gNone)
	 Logging test loss 0.02674952708184719 (MSELoss(): t(0, 0)_r(5, 20)_semi_pNone_gNone)
	 Logging test loss 0.11394807696342468 (L1Loss(): t(0, 0)_r(5, 20)_semi_pNone_gNone)
	 Logging test loss 37.98143768310547 (MSELoss(): tennis_pNone_gNone_tennisEffect)
	 Logging test loss 2.2525503635406494 (L1Loss(): tennis_pNone_gNone_tennisEffect)
     --> Epoch_time; 91.85308170318604
Epoch 14
	 Logging train Loss: 0.025967669 (MSELoss(): data_t(0, 0)_r(5, 20)_semi_pNone_gNone)
	 Logging test loss 0.02814396098256111 (MSELoss(): t(0, 0)_r(5, 20)_semi_pNone_gNone)
	 Logging test loss 0.11710626631975174 (L1Loss(): t(0, 0)_r(5, 20)_semi_pNone_gNone)
	 Logging test loss 37.78115463256836 (MSELoss(): tennis_pNone_gNone_tennisEffect)
	 Logging test loss 2.238798141479492 (L1Loss(): tennis_pNone_gNone_tennisEffect)
     --> Epoch_time; 90.02634835243225
Epoch 15
	 Logging train Loss: 0.0236179302 (MSELoss(): data_t(0, 0)_r(5, 20)_semi_pNone_gNone)
	 Logging test loss 0.02519592083990574 (MSELoss(): t(0, 0)_r(5, 20)_semi_pNone_gNone)
	 Logging test loss 0.1103900671005249 (L1Loss(): t(0, 0)_r(5, 20)_semi_pNone_gNone)
	 Logging test loss 37.61724090576172 (MSELoss(): tennis_pNone_gNone_tennisEffect)
	 Logging test loss 2.2330806255340576 (L1Loss(): tennis_pNone_gNone_tennisEffect)
     --> Epoch_time; 90.3881094455719
Epoch 16
	 Logging train Loss: 0.0220672383 (MSELoss(): data_t(0, 0)_r(5, 20)_semi_pNone_gNone)
	 Logging test loss 0.019864333793520927 (MSELoss(): t(0, 0)_r(5, 20)_semi_pNone_gNone)
	 Logging test loss 0.09774704277515411 (L1Loss(): t(0, 0)_r(5, 20)_semi_pNone_gNone)
	 Logging test loss 37.305179595947266 (MSELoss(): tennis_pNone_gNone_tennisEffect)
	 Logging test loss 2.2145631313323975 (L1Loss(): tennis_pNone_gNone_tennisEffect)
     --> Epoch_time; 85.6946861743927
Epoch 17
	 Logging train Loss: 0.0207760618 (MSELoss(): data_t(0, 0)_r(5, 20)_semi_pNone_gNone)
	 Logging test loss 0.028255362063646317 (MSELoss(): t(0, 0)_r(5, 20)_semi_pNone_gNone)
	 Logging test loss 0.11544932425022125 (L1Loss(): t(0, 0)_r(5, 20)_semi_pNone_gNone)
	 Logging test loss 37.0809326171875 (MSELoss(): tennis_pNone_gNone_tennisEffect)
	 Logging test loss 2.2118523120880127 (L1Loss(): tennis_pNone_gNone_tennisEffect)
     --> Epoch_time; 86.21368503570557
Epoch 18
	 Logging train Loss: 0.0195618486 (MSELoss(): data_t(0, 0)_r(5, 20)_semi_pNone_gNone)
	 Logging test loss 0.018614470958709717 (MSELoss(): t(0, 0)_r(5, 20)_semi_pNone_gNone)
	 Logging test loss 0.09389539808034897 (L1Loss(): t(0, 0)_r(5, 20)_semi_pNone_gNone)
	 Logging test loss 36.805660247802734 (MSELoss(): tennis_pNone_gNone_tennisEffect)
	 Logging test loss 2.1960549354553223 (L1Loss(): tennis_pNone_gNone_tennisEffect)
     --> Epoch_time; 84.61021637916565
Epoch 19
	 Logging train Loss: 0.0190391503 (MSELoss(): data_t(0, 0)_r(5, 20)_semi_pNone_gNone)
	 Logging test loss 0.01710513047873974 (MSELoss(): t(0, 0)_r(5, 20)_semi_pNone_gNone)
	 Logging test loss 0.09015766531229019 (L1Loss(): t(0, 0)_r(5, 20)_semi_pNone_gNone)
	 Logging test loss 36.529361724853516 (MSELoss(): tennis_pNone_gNone_tennisEffect)
	 Logging test loss 2.1824703216552734 (L1Loss(): tennis_pNone_gNone_tennisEffect)
     --> Epoch_time; 84.47038125991821
	 Logging test loss 0.017105380073189735 (MSELoss(): t(0, 0)_r(5, 20)_semi_pNone_gNone)
	 Logging test loss 0.09015706181526184 (L1Loss(): t(0, 0)_r(5, 20)_semi_pNone_gNone)
	 Logging test loss 36.52788162231445 (MSELoss(): tennis_pNone_gNone_tennisEffect)
	 Logging test loss 2.182469129562378 (L1Loss(): tennis_pNone_gNone_tennisEffect)
It took 1956.7639787197113 seconds to train & eval the model.

JOB STATISTICS
==============
Job ID: 2482079
Array Job ID: 2482035_43
Cluster: snellius
User/Group: nreints/nreints
State: COMPLETED (exit code 0)
Nodes: 1
Cores per node: 18
CPU Utilized: 09:35:18
CPU Efficiency: 48.75% of 19:40:12 core-walltime
Job Wall-clock time: 01:05:34
Memory Utilized: 10.27 GB
Memory Efficiency: 35.06% of 29.30 GB
