wandb: Currently logged in as: nreints. Use `wandb login --relogin` to force relogin
wandb: Appending key for api.wandb.ai to your netrc file: /home/nreints/.netrc
/gpfs/home2/nreints/MScThesis/code/fcnn.py:521: DeprecationWarning: Sampling from a set deprecated
since Python 3.9 and will be removed in a subsequent version.
  train_sims = set(random.sample(sims_train, int(0.8 * n_sims_train)))
wandb: Tracking run with wandb version 0.14.0
wandb: Run data is saved locally in /gpfs/home2/nreints/MScThesis/code/wandb/run-20230321_162901-s8t98qwv
wandb: Run `wandb offline` to turn off syncing.
wandb: Syncing run dashing-glade-230
wandb: â­ï¸ View project at https://wandb.ai/nreints/test
wandb: ðŸš€ View run at https://wandb.ai/nreints/test/runs/s8t98qwv
['data_t(5,', '20)_r(0,', '0)_semi_pNone_gNone']
data/data_t(5, 20)_r(0, 0)_semi_pNone_gNone
Testing on datasets: ['data_t(5, 20)_r(0, 0)_semi_pNone_gNone', 'data_tennis_pNone_gNone_tennisEffect']
----- ITERATION 1/2 ------
Number of train simulations: 3200
Number of test simulations: 800
The dataloader took 82.34279561042786 seconds.
-- Finished Train Dataloader --
The dataloader took 20.89287233352661 seconds.
The dataloader took 21.71297812461853 seconds.
-- Finished Test Dataloader(s) --
Datatype: eucl_motion
--- Started Training ---
Epoch 0
	 Logging train Loss: 12.1221737132 (MSELoss(): data_t(5, 20)_r(0, 0)_semi_pNone_gNone)
	 Logging test loss 0.08159296214580536 (MSELoss(): t(5, 20)_r(0, 0)_semi_pNone_gNone)
	 Logging test loss 0.19900977611541748 (L1Loss(): t(5, 20)_r(0, 0)_semi_pNone_gNone)
	 Logging test loss 510.7423095703125 (MSELoss(): tennis_pNone_gNone_tennisEffect)
	 Logging test loss 16.781530380249023 (L1Loss(): tennis_pNone_gNone_tennisEffect)
     --> Epoch_time; 73.5744309425354
Epoch 1
	 Logging train Loss: 0.0749385659 (MSELoss(): data_t(5, 20)_r(0, 0)_semi_pNone_gNone)
	 Logging test loss 0.0234117079526186 (MSELoss(): t(5, 20)_r(0, 0)_semi_pNone_gNone)
	 Logging test loss 0.10825014114379883 (L1Loss(): t(5, 20)_r(0, 0)_semi_pNone_gNone)
	 Logging test loss 505.756591796875 (MSELoss(): tennis_pNone_gNone_tennisEffect)
	 Logging test loss 16.721464157104492 (L1Loss(): tennis_pNone_gNone_tennisEffect)
     --> Epoch_time; 78.91820812225342
Epoch 2
	 Logging train Loss: 0.0495660071 (MSELoss(): data_t(5, 20)_r(0, 0)_semi_pNone_gNone)
	 Logging test loss 0.04926323890686035 (MSELoss(): t(5, 20)_r(0, 0)_semi_pNone_gNone)
	 Logging test loss 0.15719448029994965 (L1Loss(): t(5, 20)_r(0, 0)_semi_pNone_gNone)
	 Logging test loss 509.59600830078125 (MSELoss(): tennis_pNone_gNone_tennisEffect)
	 Logging test loss 16.766845703125 (L1Loss(): tennis_pNone_gNone_tennisEffect)
     --> Epoch_time; 78.17824292182922
Epoch 3
	 Logging train Loss: 0.0564209882 (MSELoss(): data_t(5, 20)_r(0, 0)_semi_pNone_gNone)
	 Logging test loss 0.010563581250607967 (MSELoss(): t(5, 20)_r(0, 0)_semi_pNone_gNone)
	 Logging test loss 0.07417531311511993 (L1Loss(): t(5, 20)_r(0, 0)_semi_pNone_gNone)
	 Logging test loss 512.9793701171875 (MSELoss(): tennis_pNone_gNone_tennisEffect)
	 Logging test loss 16.799489974975586 (L1Loss(): tennis_pNone_gNone_tennisEffect)
     --> Epoch_time; 74.90285801887512
Epoch 4
	 Logging train Loss: 0.0511636323 (MSELoss(): data_t(5, 20)_r(0, 0)_semi_pNone_gNone)
	 Logging test loss 0.11938531696796417 (MSELoss(): t(5, 20)_r(0, 0)_semi_pNone_gNone)
	 Logging test loss 0.22870904207229614 (L1Loss(): t(5, 20)_r(0, 0)_semi_pNone_gNone)
	 Logging test loss 516.4578857421875 (MSELoss(): tennis_pNone_gNone_tennisEffect)
	 Logging test loss 16.837865829467773 (L1Loss(): tennis_pNone_gNone_tennisEffect)
     --> Epoch_time; 77.79920411109924
Epoch 5
	 Logging train Loss: 0.0468575571 (MSELoss(): data_t(5, 20)_r(0, 0)_semi_pNone_gNone)
	 Logging test loss 0.0052302065305411816 (MSELoss(): t(5, 20)_r(0, 0)_semi_pNone_gNone)
	 Logging test loss 0.05144378915429115 (L1Loss(): t(5, 20)_r(0, 0)_semi_pNone_gNone)
	 Logging test loss 511.7330017089844 (MSELoss(): tennis_pNone_gNone_tennisEffect)
	 Logging test loss 16.778949737548828 (L1Loss(): tennis_pNone_gNone_tennisEffect)
     --> Epoch_time; 79.23516988754272
Epoch 6
	 Logging train Loss: 0.0383878321 (MSELoss(): data_t(5, 20)_r(0, 0)_semi_pNone_gNone)
	 Logging test loss 0.06193392723798752 (MSELoss(): t(5, 20)_r(0, 0)_semi_pNone_gNone)
	 Logging test loss 0.16197998821735382 (L1Loss(): t(5, 20)_r(0, 0)_semi_pNone_gNone)
	 Logging test loss 503.39935302734375 (MSELoss(): tennis_pNone_gNone_tennisEffect)
	 Logging test loss 16.663951873779297 (L1Loss(): tennis_pNone_gNone_tennisEffect)
     --> Epoch_time; 78.16555118560791
Epoch 7
	 Logging train Loss: 0.0388328752 (MSELoss(): data_t(5, 20)_r(0, 0)_semi_pNone_gNone)
	 Logging test loss 0.030088525265455246 (MSELoss(): t(5, 20)_r(0, 0)_semi_pNone_gNone)
	 Logging test loss 0.11799880117177963 (L1Loss(): t(5, 20)_r(0, 0)_semi_pNone_gNone)
	 Logging test loss 500.13330078125 (MSELoss(): tennis_pNone_gNone_tennisEffect)
	 Logging test loss 16.619462966918945 (L1Loss(): tennis_pNone_gNone_tennisEffect)
     --> Epoch_time; 76.463063955307
Epoch 8
	 Logging train Loss: 0.0353764004 (MSELoss(): data_t(5, 20)_r(0, 0)_semi_pNone_gNone)
	 Logging test loss 0.0036316534969955683 (MSELoss(): t(5, 20)_r(0, 0)_semi_pNone_gNone)
	 Logging test loss 0.041987184435129166 (L1Loss(): t(5, 20)_r(0, 0)_semi_pNone_gNone)
	 Logging test loss 496.934814453125 (MSELoss(): tennis_pNone_gNone_tennisEffect)
	 Logging test loss 16.574888229370117 (L1Loss(): tennis_pNone_gNone_tennisEffect)
     --> Epoch_time; 77.72232460975647
Epoch 9
	 Logging train Loss: 0.0327163198 (MSELoss(): data_t(5, 20)_r(0, 0)_semi_pNone_gNone)
	 Logging test loss 0.003962020855396986 (MSELoss(): t(5, 20)_r(0, 0)_semi_pNone_gNone)
	 Logging test loss 0.044764578342437744 (L1Loss(): t(5, 20)_r(0, 0)_semi_pNone_gNone)
	 Logging test loss 493.6240234375 (MSELoss(): tennis_pNone_gNone_tennisEffect)
	 Logging test loss 16.531394958496094 (L1Loss(): tennis_pNone_gNone_tennisEffect)
     --> Epoch_time; 73.60113525390625
Epoch 10
	 Logging train Loss: 0.0293506672 (MSELoss(): data_t(5, 20)_r(0, 0)_semi_pNone_gNone)
	 Logging test loss 0.15016111731529236 (MSELoss(): t(5, 20)_r(0, 0)_semi_pNone_gNone)
	 Logging test loss 0.2466619908809662 (L1Loss(): t(5, 20)_r(0, 0)_semi_pNone_gNone)
	 Logging test loss 492.3393249511719 (MSELoss(): tennis_pNone_gNone_tennisEffect)
	 Logging test loss 16.518997192382812 (L1Loss(): tennis_pNone_gNone_tennisEffect)
     --> Epoch_time; 78.18990397453308
Epoch 11
	 Logging train Loss: 0.0289542603 (MSELoss(): data_t(5, 20)_r(0, 0)_semi_pNone_gNone)
	 Logging test loss 0.003250271314755082 (MSELoss(): t(5, 20)_r(0, 0)_semi_pNone_gNone)
	 Logging test loss 0.040383536368608475 (L1Loss(): t(5, 20)_r(0, 0)_semi_pNone_gNone)
	 Logging test loss 488.6962890625 (MSELoss(): tennis_pNone_gNone_tennisEffect)
	 Logging test loss 16.481164932250977 (L1Loss(): tennis_pNone_gNone_tennisEffect)
     --> Epoch_time; 73.6428427696228
Epoch 12
	 Logging train Loss: 0.0267076654 (MSELoss(): data_t(5, 20)_r(0, 0)_semi_pNone_gNone)
	 Logging test loss 0.007687537465244532 (MSELoss(): t(5, 20)_r(0, 0)_semi_pNone_gNone)
	 Logging test loss 0.061095040291547775 (L1Loss(): t(5, 20)_r(0, 0)_semi_pNone_gNone)
	 Logging test loss 485.4018859863281 (MSELoss(): tennis_pNone_gNone_tennisEffect)
	 Logging test loss 16.440319061279297 (L1Loss(): tennis_pNone_gNone_tennisEffect)
     --> Epoch_time; 78.46262574195862
Epoch 13
	 Logging train Loss: 0.026351627 (MSELoss(): data_t(5, 20)_r(0, 0)_semi_pNone_gNone)
	 Logging test loss 0.004872000310570002 (MSELoss(): t(5, 20)_r(0, 0)_semi_pNone_gNone)
	 Logging test loss 0.04872836917638779 (L1Loss(): t(5, 20)_r(0, 0)_semi_pNone_gNone)
	 Logging test loss 479.7170715332031 (MSELoss(): tennis_pNone_gNone_tennisEffect)
	 Logging test loss 16.371910095214844 (L1Loss(): tennis_pNone_gNone_tennisEffect)
     --> Epoch_time; 78.53585624694824
Epoch 14
	 Logging train Loss: 0.021921851 (MSELoss(): data_t(5, 20)_r(0, 0)_semi_pNone_gNone)
	 Logging test loss 0.0032466035336256027 (MSELoss(): t(5, 20)_r(0, 0)_semi_pNone_gNone)
	 Logging test loss 0.03919365257024765 (L1Loss(): t(5, 20)_r(0, 0)_semi_pNone_gNone)
	 Logging test loss 477.4176330566406 (MSELoss(): tennis_pNone_gNone_tennisEffect)
	 Logging test loss 16.351566314697266 (L1Loss(): tennis_pNone_gNone_tennisEffect)
     --> Epoch_time; 79.18278813362122
Epoch 15
	 Logging train Loss: 0.0205531401 (MSELoss(): data_t(5, 20)_r(0, 0)_semi_pNone_gNone)
	 Logging test loss 0.0023438013158738613 (MSELoss(): t(5, 20)_r(0, 0)_semi_pNone_gNone)
	 Logging test loss 0.03125924617052078 (L1Loss(): t(5, 20)_r(0, 0)_semi_pNone_gNone)
	 Logging test loss 474.3976745605469 (MSELoss(): tennis_pNone_gNone_tennisEffect)
	 Logging test loss 16.3280029296875 (L1Loss(): tennis_pNone_gNone_tennisEffect)
     --> Epoch_time; 78.04734826087952
Epoch 16
wandb: Waiting for W&B process to finish... (success).
wandb: 
wandb: Run history:
wandb:  Test loss t(5, 20)_r(0, 0)_semi L1Loss() â–†â–„â–…â–‚â–‡â–‚â–…â–„â–â–‚â–ˆâ–â–‚â–‚â–â–â–‡â–â–â–‚â–‚
wandb: Test loss t(5, 20)_r(0, 0)_semi MSELoss() â–…â–‚â–ƒâ–â–‡â–â–„â–‚â–â–â–ˆâ–â–â–â–â–â–†â–â–â–â–
wandb:           Test loss tennisEffect L1Loss() â–‡â–‡â–‡â–ˆâ–ˆâ–‡â–†â–…â–…â–„â–„â–ƒâ–ƒâ–‚â–‚â–â–‚â–â–â–â–
wandb:          Test loss tennisEffect MSELoss() â–‡â–†â–‡â–‡â–ˆâ–‡â–†â–†â–…â–…â–„â–„â–ƒâ–ƒâ–‚â–‚â–‚â–â–â–â–
wandb:     Train loss data_t(5, 20)_r(0, 0)_semi â–ˆâ–â–â–â–â–â–â–â–â–â–â–â–â–â–â–â–â–â–â–
wandb: 
wandb: Run summary:
wandb:  Test loss t(5, 20)_r(0, 0)_semi L1Loss() 0.05869
wandb: Test loss t(5, 20)_r(0, 0)_semi MSELoss() 0.00742
wandb:           Test loss tennisEffect L1Loss() 16.29683
wandb:          Test loss tennisEffect MSELoss() 469.4509
wandb:     Train loss data_t(5, 20)_r(0, 0)_semi 0.01638
wandb: 
wandb: ðŸš€ View run dashing-glade-230 at: https://wandb.ai/nreints/test/runs/s8t98qwv
wandb: Synced 6 W&B file(s), 0 media file(s), 2 artifact file(s) and 1 other file(s)
wandb: Find logs at: ./wandb/run-20230321_162901-s8t98qwv/logs
/gpfs/home2/nreints/MScThesis/code/fcnn.py:521: DeprecationWarning: Sampling from a set deprecated
since Python 3.9 and will be removed in a subsequent version.
  train_sims = set(random.sample(sims_train, int(0.8 * n_sims_train)))
wandb: - Waiting for wandb.init()...wandb: \ Waiting for wandb.init()...wandb: Tracking run with wandb version 0.14.0
wandb: Run data is saved locally in /gpfs/home2/nreints/MScThesis/code/wandb/run-20230321_165724-r2d8rdm0
wandb: Run `wandb offline` to turn off syncing.
wandb: Syncing run faithful-pine-273
wandb: â­ï¸ View project at https://wandb.ai/nreints/test
wandb: ðŸš€ View run at https://wandb.ai/nreints/test/runs/r2d8rdm0
	 Logging train Loss: 0.0182966045 (MSELoss(): data_t(5, 20)_r(0, 0)_semi_pNone_gNone)
	 Logging test loss 0.10213456302881241 (MSELoss(): t(5, 20)_r(0, 0)_semi_pNone_gNone)
	 Logging test loss 0.20992213487625122 (L1Loss(): t(5, 20)_r(0, 0)_semi_pNone_gNone)
	 Logging test loss 474.5535583496094 (MSELoss(): tennis_pNone_gNone_tennisEffect)
	 Logging test loss 16.34406852722168 (L1Loss(): tennis_pNone_gNone_tennisEffect)
     --> Epoch_time; 78.17195343971252
Epoch 17
	 Logging train Loss: 0.0188888612 (MSELoss(): data_t(5, 20)_r(0, 0)_semi_pNone_gNone)
	 Logging test loss 0.002504250966012478 (MSELoss(): t(5, 20)_r(0, 0)_semi_pNone_gNone)
	 Logging test loss 0.03282924368977547 (L1Loss(): t(5, 20)_r(0, 0)_semi_pNone_gNone)
	 Logging test loss 471.74346923828125 (MSELoss(): tennis_pNone_gNone_tennisEffect)
	 Logging test loss 16.31342124938965 (L1Loss(): tennis_pNone_gNone_tennisEffect)
     --> Epoch_time; 74.46187138557434
Epoch 18
	 Logging train Loss: 0.0172729181 (MSELoss(): data_t(5, 20)_r(0, 0)_semi_pNone_gNone)
	 Logging test loss 0.0019152987515553832 (MSELoss(): t(5, 20)_r(0, 0)_semi_pNone_gNone)
	 Logging test loss 0.02787487767636776 (L1Loss(): t(5, 20)_r(0, 0)_semi_pNone_gNone)
	 Logging test loss 469.8612365722656 (MSELoss(): tennis_pNone_gNone_tennisEffect)
	 Logging test loss 16.29401969909668 (L1Loss(): tennis_pNone_gNone_tennisEffect)
     --> Epoch_time; 78.89204621315002
Epoch 19
	 Logging train Loss: 0.016375523 (MSELoss(): data_t(5, 20)_r(0, 0)_semi_pNone_gNone)
	 Logging test loss 0.007419021334499121 (MSELoss(): t(5, 20)_r(0, 0)_semi_pNone_gNone)
	 Logging test loss 0.058684092015028 (L1Loss(): t(5, 20)_r(0, 0)_semi_pNone_gNone)
	 Logging test loss 469.4549865722656 (MSELoss(): tennis_pNone_gNone_tennisEffect)
	 Logging test loss 16.296924591064453 (L1Loss(): tennis_pNone_gNone_tennisEffect)
     --> Epoch_time; 73.20597577095032
	 Logging test loss 0.007419063709676266 (MSELoss(): t(5, 20)_r(0, 0)_semi_pNone_gNone)
	 Logging test loss 0.05868508294224739 (L1Loss(): t(5, 20)_r(0, 0)_semi_pNone_gNone)
	 Logging test loss 469.4508972167969 (MSELoss(): tennis_pNone_gNone_tennisEffect)
	 Logging test loss 16.29682731628418 (L1Loss(): tennis_pNone_gNone_tennisEffect)
It took 1703.3511791229248 seconds to train & eval the model.
----- ITERATION 2/2 ------
Number of train simulations: 3200
Number of test simulations: 800
The dataloader took 76.82305765151978 seconds.
-- Finished Train Dataloader --
The dataloader took 19.003502130508423 seconds.
The dataloader took 19.439674615859985 seconds.
-- Finished Test Dataloader(s) --
Datatype: eucl_motion
--- Started Training ---
Epoch 0
	 Logging train Loss: 12.3399522569 (MSELoss(): data_t(5, 20)_r(0, 0)_semi_pNone_gNone)
	 Logging test loss 0.04765653237700462 (MSELoss(): t(5, 20)_r(0, 0)_semi_pNone_gNone)
	 Logging test loss 0.16050483286380768 (L1Loss(): t(5, 20)_r(0, 0)_semi_pNone_gNone)
	 Logging test loss 567.756103515625 (MSELoss(): tennis_pNone_gNone_tennisEffect)
	 Logging test loss 17.63438606262207 (L1Loss(): tennis_pNone_gNone_tennisEffect)
     --> Epoch_time; 78.45357155799866
Epoch 1
	 Logging train Loss: 0.0549185859 (MSELoss(): data_t(5, 20)_r(0, 0)_semi_pNone_gNone)
	 Logging test loss 0.04105924442410469 (MSELoss(): t(5, 20)_r(0, 0)_semi_pNone_gNone)
	 Logging test loss 0.1496681123971939 (L1Loss(): t(5, 20)_r(0, 0)_semi_pNone_gNone)
	 Logging test loss 594.7012939453125 (MSELoss(): tennis_pNone_gNone_tennisEffect)
	 Logging test loss 17.9694766998291 (L1Loss(): tennis_pNone_gNone_tennisEffect)
     --> Epoch_time; 78.5800883769989
Epoch 2
	 Logging train Loss: 0.0526407329 (MSELoss(): data_t(5, 20)_r(0, 0)_semi_pNone_gNone)
	 Logging test loss 0.10844951868057251 (MSELoss(): t(5, 20)_r(0, 0)_semi_pNone_gNone)
	 Logging test loss 0.21724937856197357 (L1Loss(): t(5, 20)_r(0, 0)_semi_pNone_gNone)
	 Logging test loss 604.940185546875 (MSELoss(): tennis_pNone_gNone_tennisEffect)
	 Logging test loss 18.080537796020508 (L1Loss(): tennis_pNone_gNone_tennisEffect)
     --> Epoch_time; 77.47709131240845
Epoch 3
	 Logging train Loss: 0.0477900187 (MSELoss(): data_t(5, 20)_r(0, 0)_semi_pNone_gNone)
	 Logging test loss 0.019280096516013145 (MSELoss(): t(5, 20)_r(0, 0)_semi_pNone_gNone)
	 Logging test loss 0.0992041677236557 (L1Loss(): t(5, 20)_r(0, 0)_semi_pNone_gNone)
	 Logging test loss 605.0975341796875 (MSELoss(): tennis_pNone_gNone_tennisEffect)
	 Logging test loss 18.081310272216797 (L1Loss(): tennis_pNone_gNone_tennisEffect)
     --> Epoch_time; 75.36998963356018
Epoch 4
	 Logging train Loss: 0.0439090105 (MSELoss(): data_t(5, 20)_r(0, 0)_semi_pNone_gNone)
	 Logging test loss 0.11394846439361572 (MSELoss(): t(5, 20)_r(0, 0)_semi_pNone_gNone)
	 Logging test loss 0.2207183986902237 (L1Loss(): t(5, 20)_r(0, 0)_semi_pNone_gNone)
	 Logging test loss 618.8799438476562 (MSELoss(): tennis_pNone_gNone_tennisEffect)
	 Logging test loss 18.24434471130371 (L1Loss(): tennis_pNone_gNone_tennisEffect)
     --> Epoch_time; 78.83227252960205
Epoch 5
	 Logging train Loss: 0.0402476666 (MSELoss(): data_t(5, 20)_r(0, 0)_semi_pNone_gNone)
	 Logging test loss 0.01805740036070347 (MSELoss(): t(5, 20)_r(0, 0)_semi_pNone_gNone)
	 Logging test loss 0.09630843997001648 (L1Loss(): t(5, 20)_r(0, 0)_semi_pNone_gNone)
	 Logging test loss 626.0199584960938 (MSELoss(): tennis_pNone_gNone_tennisEffect)
	 Logging test loss 18.33615493774414 (L1Loss(): tennis_pNone_gNone_tennisEffect)
     --> Epoch_time; 77.68010544776917
Epoch 6
	 Logging train Loss: 0.0370476417 (MSELoss(): data_t(5, 20)_r(0, 0)_semi_pNone_gNone)
	 Logging test loss 0.06385181099176407 (MSELoss(): t(5, 20)_r(0, 0)_semi_pNone_gNone)
	 Logging test loss 0.16539551317691803 (L1Loss(): t(5, 20)_r(0, 0)_semi_pNone_gNone)
	 Logging test loss 622.4342041015625 (MSELoss(): tennis_pNone_gNone_tennisEffect)
	 Logging test loss 18.2988338470459 (L1Loss(): tennis_pNone_gNone_tennisEffect)
     --> Epoch_time; 79.76260590553284
Epoch 7
	 Logging train Loss: 0.035334698 (MSELoss(): data_t(5, 20)_r(0, 0)_semi_pNone_gNone)
	 Logging test loss 0.009783136658370495 (MSELoss(): t(5, 20)_r(0, 0)_semi_pNone_gNone)
	 Logging test loss 0.06868693232536316 (L1Loss(): t(5, 20)_r(0, 0)_semi_pNone_gNone)
	 Logging test loss 616.5819702148438 (MSELoss(): tennis_pNone_gNone_tennisEffect)
	 Logging test loss 18.240741729736328 (L1Loss(): tennis_pNone_gNone_tennisEffect)
     --> Epoch_time; 78.77998208999634
Epoch 8
	 Logging train Loss: 0.0334142523 (MSELoss(): data_t(5, 20)_r(0, 0)_semi_pNone_gNone)
	 Logging test loss 0.0034551150165498257 (MSELoss(): t(5, 20)_r(0, 0)_semi_pNone_gNone)
	 Logging test loss 0.04311780631542206 (L1Loss(): t(5, 20)_r(0, 0)_semi_pNone_gNone)
	 Logging test loss 608.9501953125 (MSELoss(): tennis_pNone_gNone_tennisEffect)
	 Logging test loss 18.150449752807617 (L1Loss(): tennis_pNone_gNone_tennisEffect)
     --> Epoch_time; 78.28773260116577
Epoch 9
	 Logging train Loss: 0.0288733439 (MSELoss(): data_t(5, 20)_r(0, 0)_semi_pNone_gNone)
	 Logging test loss 0.05013811215758324 (MSELoss(): t(5, 20)_r(0, 0)_semi_pNone_gNone)
	 Logging test loss 0.15485592186450958 (L1Loss(): t(5, 20)_r(0, 0)_semi_pNone_gNone)
	 Logging test loss 603.3012084960938 (MSELoss(): tennis_pNone_gNone_tennisEffect)
	 Logging test loss 18.08171844482422 (L1Loss(): tennis_pNone_gNone_tennisEffect)
     --> Epoch_time; 77.42926001548767
Epoch 10
	 Logging train Loss: 0.0301200543 (MSELoss(): data_t(5, 20)_r(0, 0)_semi_pNone_gNone)
	 Logging test loss 0.004037805832922459 (MSELoss(): t(5, 20)_r(0, 0)_semi_pNone_gNone)
	 Logging test loss 0.045164965093135834 (L1Loss(): t(5, 20)_r(0, 0)_semi_pNone_gNone)
	 Logging test loss 599.0944213867188 (MSELoss(): tennis_pNone_gNone_tennisEffect)
	 Logging test loss 18.01644515991211 (L1Loss(): tennis_pNone_gNone_tennisEffect)
     --> Epoch_time; 77.45086550712585
Epoch 11
	 Logging train Loss: 0.0281868579 (MSELoss(): data_t(5, 20)_r(0, 0)_semi_pNone_gNone)
	 Logging test loss 0.002489761682227254 (MSELoss(): t(5, 20)_r(0, 0)_semi_pNone_gNone)
	 Logging test loss 0.034560587257146835 (L1Loss(): t(5, 20)_r(0, 0)_semi_pNone_gNone)
	 Logging test loss 594.0503540039062 (MSELoss(): tennis_pNone_gNone_tennisEffect)
wandb: Waiting for W&B process to finish... (success).
wandb: - 0.028 MB of 0.028 MB uploaded (0.000 MB deduped)wandb: \ 0.028 MB of 0.028 MB uploaded (0.000 MB deduped)wandb: | 0.028 MB of 0.028 MB uploaded (0.000 MB deduped)wandb: / 0.028 MB of 0.028 MB uploaded (0.000 MB deduped)wandb: - 0.028 MB of 0.028 MB uploaded (0.000 MB deduped)wandb: 
wandb: Run history:
wandb:  Test loss t(5, 20)_r(0, 0)_semi L1Loss() â–…â–…â–‡â–ƒâ–‡â–ƒâ–…â–‚â–‚â–…â–‚â–â–â–‡â–…â–â–ˆâ–‡â–‚â–â–
wandb: Test loss t(5, 20)_r(0, 0)_semi MSELoss() â–ƒâ–ƒâ–†â–‚â–‡â–‚â–„â–â–â–ƒâ–â–â–â–†â–„â–â–ˆâ–‡â–â–â–
wandb:           Test loss tennisEffect L1Loss() â–„â–†â–†â–†â–‡â–ˆâ–ˆâ–‡â–‡â–†â–†â–†â–…â–…â–„â–ƒâ–ƒâ–‚â–â–â–
wandb:          Test loss tennisEffect MSELoss() â–„â–†â–†â–†â–‡â–ˆâ–ˆâ–‡â–‡â–†â–†â–†â–…â–…â–„â–ƒâ–ƒâ–‚â–â–â–
wandb:     Train loss data_t(5, 20)_r(0, 0)_semi â–ˆâ–â–â–â–â–â–â–â–â–â–â–â–â–â–â–â–â–â–â–
wandb: 
wandb: Run summary:
wandb:  Test loss t(5, 20)_r(0, 0)_semi L1Loss() 0.02565
wandb: Test loss t(5, 20)_r(0, 0)_semi MSELoss() 0.00154
wandb:           Test loss tennisEffect L1Loss() 17.17931
wandb:          Test loss tennisEffect MSELoss() 533.09015
wandb:     Train loss data_t(5, 20)_r(0, 0)_semi 0.01583
wandb: 
wandb: ðŸš€ View run faithful-pine-273 at: https://wandb.ai/nreints/test/runs/r2d8rdm0
wandb: Synced 6 W&B file(s), 0 media file(s), 2 artifact file(s) and 1 other file(s)
wandb: Find logs at: ./wandb/run-20230321_165724-r2d8rdm0/logs
	 Logging test loss 17.9520263671875 (L1Loss(): tennis_pNone_gNone_tennisEffect)
     --> Epoch_time; 77.47128367424011
Epoch 12
	 Logging train Loss: 0.0247213426 (MSELoss(): data_t(5, 20)_r(0, 0)_semi_pNone_gNone)
	 Logging test loss 0.00262041250243783 (MSELoss(): t(5, 20)_r(0, 0)_semi_pNone_gNone)
	 Logging test loss 0.034737300127744675 (L1Loss(): t(5, 20)_r(0, 0)_semi_pNone_gNone)
	 Logging test loss 588.7886962890625 (MSELoss(): tennis_pNone_gNone_tennisEffect)
	 Logging test loss 17.888185501098633 (L1Loss(): tennis_pNone_gNone_tennisEffect)
     --> Epoch_time; 77.7328245639801
Epoch 13
	 Logging train Loss: 0.0223056918 (MSELoss(): data_t(5, 20)_r(0, 0)_semi_pNone_gNone)
	 Logging test loss 0.10069141536951065 (MSELoss(): t(5, 20)_r(0, 0)_semi_pNone_gNone)
	 Logging test loss 0.20797087252140045 (L1Loss(): t(5, 20)_r(0, 0)_semi_pNone_gNone)
	 Logging test loss 584.5560302734375 (MSELoss(): tennis_pNone_gNone_tennisEffect)
	 Logging test loss 17.83327293395996 (L1Loss(): tennis_pNone_gNone_tennisEffect)
     --> Epoch_time; 76.98450517654419
Epoch 14
	 Logging train Loss: 0.0208049961 (MSELoss(): data_t(5, 20)_r(0, 0)_semi_pNone_gNone)
	 Logging test loss 0.06958641856908798 (MSELoss(): t(5, 20)_r(0, 0)_semi_pNone_gNone)
	 Logging test loss 0.1684771329164505 (L1Loss(): t(5, 20)_r(0, 0)_semi_pNone_gNone)
	 Logging test loss 577.064697265625 (MSELoss(): tennis_pNone_gNone_tennisEffect)
	 Logging test loss 17.73961639404297 (L1Loss(): tennis_pNone_gNone_tennisEffect)
     --> Epoch_time; 77.47478413581848
Epoch 15
	 Logging train Loss: 0.0200162987 (MSELoss(): data_t(5, 20)_r(0, 0)_semi_pNone_gNone)
	 Logging test loss 0.004236137494444847 (MSELoss(): t(5, 20)_r(0, 0)_semi_pNone_gNone)
	 Logging test loss 0.04115814343094826 (L1Loss(): t(5, 20)_r(0, 0)_semi_pNone_gNone)
	 Logging test loss 564.040771484375 (MSELoss(): tennis_pNone_gNone_tennisEffect)
	 Logging test loss 17.574302673339844 (L1Loss(): tennis_pNone_gNone_tennisEffect)
     --> Epoch_time; 77.43981790542603
Epoch 16
	 Logging train Loss: 0.0191917469 (MSELoss(): data_t(5, 20)_r(0, 0)_semi_pNone_gNone)
	 Logging test loss 0.1407150775194168 (MSELoss(): t(5, 20)_r(0, 0)_semi_pNone_gNone)
	 Logging test loss 0.25148096680641174 (L1Loss(): t(5, 20)_r(0, 0)_semi_pNone_gNone)
	 Logging test loss 554.7061157226562 (MSELoss(): tennis_pNone_gNone_tennisEffect)
	 Logging test loss 17.452970504760742 (L1Loss(): tennis_pNone_gNone_tennisEffect)
     --> Epoch_time; 77.81724524497986
Epoch 17
	 Logging train Loss: 0.0176768932 (MSELoss(): data_t(5, 20)_r(0, 0)_semi_pNone_gNone)
	 Logging test loss 0.1205315813422203 (MSELoss(): t(5, 20)_r(0, 0)_semi_pNone_gNone)
	 Logging test loss 0.2173260897397995 (L1Loss(): t(5, 20)_r(0, 0)_semi_pNone_gNone)
	 Logging test loss 545.2134399414062 (MSELoss(): tennis_pNone_gNone_tennisEffect)
	 Logging test loss 17.330448150634766 (L1Loss(): tennis_pNone_gNone_tennisEffect)
     --> Epoch_time; 78.22722816467285
Epoch 18
	 Logging train Loss: 0.0169739767 (MSELoss(): data_t(5, 20)_r(0, 0)_semi_pNone_gNone)
	 Logging test loss 0.009933766908943653 (MSELoss(): t(5, 20)_r(0, 0)_semi_pNone_gNone)
	 Logging test loss 0.06660126149654388 (L1Loss(): t(5, 20)_r(0, 0)_semi_pNone_gNone)
	 Logging test loss 536.5376586914062 (MSELoss(): tennis_pNone_gNone_tennisEffect)
	 Logging test loss 17.221595764160156 (L1Loss(): tennis_pNone_gNone_tennisEffect)
     --> Epoch_time; 77.59205889701843
Epoch 19
	 Logging train Loss: 0.0158301073 (MSELoss(): data_t(5, 20)_r(0, 0)_semi_pNone_gNone)
	 Logging test loss 0.0015447931364178658 (MSELoss(): t(5, 20)_r(0, 0)_semi_pNone_gNone)
	 Logging test loss 0.0256509892642498 (L1Loss(): t(5, 20)_r(0, 0)_semi_pNone_gNone)
	 Logging test loss 533.0924682617188 (MSELoss(): tennis_pNone_gNone_tennisEffect)
	 Logging test loss 17.17946434020996 (L1Loss(): tennis_pNone_gNone_tennisEffect)
     --> Epoch_time; 77.48437857627869
	 Logging test loss 0.0015448814956471324 (MSELoss(): t(5, 20)_r(0, 0)_semi_pNone_gNone)
	 Logging test loss 0.025650905445218086 (L1Loss(): t(5, 20)_r(0, 0)_semi_pNone_gNone)
	 Logging test loss 533.0901489257812 (MSELoss(): tennis_pNone_gNone_tennisEffect)
	 Logging test loss 17.179311752319336 (L1Loss(): tennis_pNone_gNone_tennisEffect)
It took 1711.7092509269714 seconds to train & eval the model.

JOB STATISTICS
==============
Job ID: 2482083
Array Job ID: 2482035_47
Cluster: snellius
User/Group: nreints/nreints
State: COMPLETED (exit code 0)
Nodes: 1
Cores per node: 18
CPU Utilized: 07:54:01
CPU Efficiency: 46.09% of 17:08:24 core-walltime
Job Wall-clock time: 00:57:08
Memory Utilized: 16.10 GB
Memory Efficiency: 54.95% of 29.30 GB
