wandb: Currently logged in as: nreints. Use `wandb login --relogin` to force relogin
wandb: Appending key for api.wandb.ai to your netrc file: /home/nreints/.netrc
/gpfs/home2/nreints/MScThesis/code/fcnn.py:521: DeprecationWarning: Sampling from a set deprecated
since Python 3.9 and will be removed in a subsequent version.
  train_sims = set(random.sample(sims_train, int(0.8 * n_sims_train)))
wandb: Tracking run with wandb version 0.14.0
wandb: Run data is saved locally in /gpfs/home2/nreints/MScThesis/code/wandb/run-20230321_162551-hgna8xt2
wandb: Run `wandb offline` to turn off syncing.
wandb: Syncing run wandering-frost-192
wandb: ⭐️ View project at https://wandb.ai/nreints/test
wandb: 🚀 View run at https://wandb.ai/nreints/test/runs/hgna8xt2
slurmstepd: error: *** JOB 2481974 ON gcn52 CANCELLED AT 2023-03-21T16:27:59 ***
srun: Job step aborted: Waiting up to 32 seconds for job step to finish.
slurmstepd: error: *** STEP 2481974.0 ON gcn52 CANCELLED AT 2023-03-21T16:27:59 ***

JOB STATISTICS
==============
Job ID: 2481974
Array Job ID: 2481973_1
Cluster: snellius
User/Group: nreints/nreints
State: CANCELLED (exit code 0)
Nodes: 1
Cores per node: 18
CPU Utilized: 00:00:01
CPU Efficiency: 0.04% of 00:42:00 core-walltime
Job Wall-clock time: 00:02:20
Memory Utilized: 6.04 MB
Memory Efficiency: 0.02% of 29.30 GB
