wandb: Currently logged in as: nreints. Use `wandb login --relogin` to force relogin
wandb: wandb version 0.15.5 is available!  To upgrade, please run:
wandb:  $ pip install wandb --upgrade
wandb: Tracking run with wandb version 0.14.0
wandb: Run data is saved locally in /gpfs/home2/nreints/MScThesis/code/wandb/run-20230716_202536-ztxi8im8
wandb: Run `wandb offline` to turn off syncing.
wandb: Syncing run autumn-capybara-385
wandb: ⭐️ View project at https://wandb.ai/nreints/ThesisFinal2Grav%2Bcoll
wandb: 🚀 View run at https://wandb.ai/nreints/ThesisFinal2Grav%2Bcoll/runs/ztxi8im8
slurmstepd: error: *** STEP 3085810.0 ON gcn34 CANCELLED AT 2023-07-16T20:29:14 ***
slurmstepd: error: *** JOB 3085810 ON gcn34 CANCELLED AT 2023-07-16T20:29:14 ***

JOB STATISTICS
==============
Job ID: 3085810
Array Job ID: 3085780_69
Cluster: snellius
User/Group: nreints/nreints
State: CANCELLED (exit code 0)
Nodes: 1
Cores per node: 18
CPU Utilized: 00:03:45
CPU Efficiency: 5.30% of 01:10:48 core-walltime
Job Wall-clock time: 00:03:56
Memory Utilized: 8.30 GB
Memory Efficiency: 0.00% of 0.00 MB
