wandb: Currently logged in as: nreints. Use `wandb login --relogin` to force relogin
wandb: wandb version 0.15.4 is available!  To upgrade, please run:
wandb:  $ pip install wandb --upgrade
wandb: Tracking run with wandb version 0.14.0
wandb: Run data is saved locally in /gpfs/home2/nreints/MScThesis/code/wandb/run-20230620_141902-do0gn4uy
wandb: Run `wandb offline` to turn off syncing.
wandb: Syncing run fearless-water-294
wandb: ⭐️ View project at https://wandb.ai/nreints/ThesisFinal
wandb: 🚀 View run at https://wandb.ai/nreints/ThesisFinal/runs/do0gn4uy
slurmstepd: error: *** STEP 2944864.0 ON gcn59 CANCELLED AT 2023-06-20T14:19:05 ***
slurmstepd: error: *** JOB 2944864 ON gcn59 CANCELLED AT 2023-06-20T14:19:05 ***

JOB STATISTICS
==============
Job ID: 2944864
Array Job ID: 2944848_16
Cluster: snellius
User/Group: nreints/nreints
State: CANCELLED (exit code 0)
Nodes: 1
Cores per node: 18
CPU Utilized: 00:00:01
CPU Efficiency: 0.35% of 00:04:48 core-walltime
Job Wall-clock time: 00:00:16
Memory Utilized: 1.28 MB
Memory Efficiency: 0.00% of 0.00 MB
