wandb: Currently logged in as: nreints. Use `wandb login --relogin` to force relogin
wandb: wandb version 0.15.5 is available!  To upgrade, please run:
wandb:  $ pip install wandb --upgrade
wandb: Tracking run with wandb version 0.14.0
wandb: Run data is saved locally in /gpfs/home2/nreints/MScThesis/code/wandb/run-20230709_165343-lo0q0bu1
wandb: Run `wandb offline` to turn off syncing.
wandb: Syncing run spring-butterfly-750
wandb: â­ï¸ View project at https://wandb.ai/nreints/ThesisFinal2
wandb: ðŸš€ View run at https://wandb.ai/nreints/ThesisFinal2/runs/lo0q0bu1
wandb: Waiting for W&B process to finish... (success).
wandb: 
wandb: Run history:
wandb:                                      Epoch â–â–‚â–ƒâ–ƒâ–„â–…â–†â–†â–‡â–ˆ
wandb:  Test loss t(0,0)_r(0,0)_combi_pTrue_gTrue â–ˆâ–‚â–‚â–â–â–â–â–â–‚â–
wandb:   Test loss t(0,0)_r(0,0)_full_pTrue_gTrue â–ˆâ–‚â–â–â–â–â–â–â–â–
wandb:   Test loss t(0,0)_r(0,0)_semi_pTrue_gTrue â–ˆâ–‚â–‚â–â–â–â–â–‚â–‚â–
wandb: Test loss t(0,0)_r(0,0)_tennis_pTrue_gTrue â–ˆâ–‚â–â–â–â–â–â–‚â–‚â–
wandb:                                 Train loss â–ˆâ–â–â–â–â–â–â–â–â–
wandb: 
wandb: Run summary:
wandb:                                      Epoch 9
wandb:  Test loss t(0,0)_r(0,0)_combi_pTrue_gTrue 0.0
wandb:   Test loss t(0,0)_r(0,0)_full_pTrue_gTrue 0.0
wandb:   Test loss t(0,0)_r(0,0)_semi_pTrue_gTrue 0.0
wandb: Test loss t(0,0)_r(0,0)_tennis_pTrue_gTrue 0.0
wandb:                                 Train loss 0.0
wandb: 
wandb: ðŸš€ View run spring-butterfly-750 at: https://wandb.ai/nreints/ThesisFinal2/runs/lo0q0bu1
wandb: Synced 6 W&B file(s), 0 media file(s), 3 artifact file(s) and 1 other file(s)
wandb: Find logs at: ./wandb/run-20230709_165343-lo0q0bu1/logs
wandb: - Waiting for wandb.init()...wandb: \ Waiting for wandb.init()...wandb: wandb version 0.15.5 is available!  To upgrade, please run:
wandb:  $ pip install wandb --upgrade
wandb: Tracking run with wandb version 0.14.0
wandb: Run data is saved locally in /gpfs/home2/nreints/MScThesis/code/wandb/run-20230709_170047-jtx662ww
wandb: Run `wandb offline` to turn off syncing.
wandb: Syncing run summer-sponge-765
wandb: â­ï¸ View project at https://wandb.ai/nreints/ThesisFinal2
wandb: ðŸš€ View run at https://wandb.ai/nreints/ThesisFinal2/runs/jtx662ww
Training on dataset: data_t(0,0)_r(0,0)_combi_pTrue_gTrue
Testing on 4 datasets: ['data_t(0,0)_r(0,0)_combi_pTrue_gTrue', 'data_t(0,0)_r(0,0)_full_pTrue_gTrue', 'data_t(0,0)_r(0,0)_tennis_pTrue_gTrue', 'data_t(0,0)_r(0,0)_semi_pTrue_gTrue']
Focussing on identity: True
Using extra input: False
Using fr-fr as reference point.
----- ITERATION 1/10 ------
Number of train simulations:  1920
Number of test simulations:  480
The dataloader for data/data_t(0,0)_r(0,0)_combi_pTrue_gTrue took 52.47557187080383 seconds.
-- Finished Train Dataloader --
The dataloader for data/data_t(0,0)_r(0,0)_combi_pTrue_gTrue took 13.29630446434021 seconds.
The dataloader for data/data_t(0,0)_r(0,0)_full_pTrue_gTrue took 13.311432600021362 seconds.
The dataloader for data/data_t(0,0)_r(0,0)_tennis_pTrue_gTrue took 13.288619995117188 seconds.
The dataloader for data/data_t(0,0)_r(0,0)_semi_pTrue_gTrue took 12.496949672698975 seconds.
-- Finished Test Dataloader(s) --
GRU(
  (rnn): GRU(7, 96, batch_first=True)
  (fc): Linear(in_features=96, out_features=7, bias=True)
)
Datatype: quat_1
-- Started Training --
Epoch 0/9
	 Logging train Loss: 0.0002595299 [MSELoss(): t(0,0)_r(0,0)_combi_pTrue_gTrue]
	 Logging test loss: 4.0577e-06 [MSELoss(): t(0,0)_r(0,0)_combi_pTrue_gTrue]
	 Logging test loss: 3.9617e-06 [MSELoss(): t(0,0)_r(0,0)_full_pTrue_gTrue]
	 Logging test loss: 5.2033e-06 [MSELoss(): t(0,0)_r(0,0)_tennis_pTrue_gTrue]
	 Logging test loss: 4.4992e-06 [MSELoss(): t(0,0)_r(0,0)_semi_pTrue_gTrue]
		--> Epoch time; 31.488029956817627
Epoch 1/9
	 Logging train Loss: 1.5513e-06 [MSELoss(): t(0,0)_r(0,0)_combi_pTrue_gTrue]
	 Logging test loss: 5.412e-07 [MSELoss(): t(0,0)_r(0,0)_combi_pTrue_gTrue]
	 Logging test loss: 4.327e-07 [MSELoss(): t(0,0)_r(0,0)_full_pTrue_gTrue]
	 Logging test loss: 7.298e-07 [MSELoss(): t(0,0)_r(0,0)_tennis_pTrue_gTrue]
	 Logging test loss: 6.213e-07 [MSELoss(): t(0,0)_r(0,0)_semi_pTrue_gTrue]
		--> Epoch time; 30.954681158065796
Epoch 2/9
	 Logging train Loss: 1.155e-06 [MSELoss(): t(0,0)_r(0,0)_combi_pTrue_gTrue]
	 Logging test loss: 3.321e-07 [MSELoss(): t(0,0)_r(0,0)_combi_pTrue_gTrue]
	 Logging test loss: 2.858e-07 [MSELoss(): t(0,0)_r(0,0)_full_pTrue_gTrue]
	 Logging test loss: 4.333e-07 [MSELoss(): t(0,0)_r(0,0)_tennis_pTrue_gTrue]
	 Logging test loss: 3.798e-07 [MSELoss(): t(0,0)_r(0,0)_semi_pTrue_gTrue]
		--> Epoch time; 30.815983057022095
Epoch 3/9
	 Logging train Loss: 1.1457e-06 [MSELoss(): t(0,0)_r(0,0)_combi_pTrue_gTrue]
	 Logging test loss: 2.108e-07 [MSELoss(): t(0,0)_r(0,0)_combi_pTrue_gTrue]
	 Logging test loss: 1.787e-07 [MSELoss(): t(0,0)_r(0,0)_full_pTrue_gTrue]
	 Logging test loss: 2.75e-07 [MSELoss(): t(0,0)_r(0,0)_tennis_pTrue_gTrue]
	 Logging test loss: 2.451e-07 [MSELoss(): t(0,0)_r(0,0)_semi_pTrue_gTrue]
		--> Epoch time; 30.41784977912903
Epoch 4/9
	 Logging train Loss: 1.3461e-06 [MSELoss(): t(0,0)_r(0,0)_combi_pTrue_gTrue]
	 Logging test loss: 1.284e-07 [MSELoss(): t(0,0)_r(0,0)_combi_pTrue_gTrue]
	 Logging test loss: 9.72e-08 [MSELoss(): t(0,0)_r(0,0)_full_pTrue_gTrue]
	 Logging test loss: 1.731e-07 [MSELoss(): t(0,0)_r(0,0)_tennis_pTrue_gTrue]
	 Logging test loss: 1.542e-07 [MSELoss(): t(0,0)_r(0,0)_semi_pTrue_gTrue]
		--> Epoch time; 30.396998167037964
Epoch 5/9
	 Logging train Loss: 1.4002e-06 [MSELoss(): t(0,0)_r(0,0)_combi_pTrue_gTrue]
	 Logging test loss: 1.603e-07 [MSELoss(): t(0,0)_r(0,0)_combi_pTrue_gTrue]
	 Logging test loss: 5.58e-08 [MSELoss(): t(0,0)_r(0,0)_full_pTrue_gTrue]
	 Logging test loss: 2.74e-07 [MSELoss(): t(0,0)_r(0,0)_tennis_pTrue_gTrue]
	 Logging test loss: 2.377e-07 [MSELoss(): t(0,0)_r(0,0)_semi_pTrue_gTrue]
		--> Epoch time; 30.701406955718994
Epoch 6/9
	 Logging train Loss: 1.4205e-06 [MSELoss(): t(0,0)_r(0,0)_combi_pTrue_gTrue]
	 Logging test loss: 1.072e-07 [MSELoss(): t(0,0)_r(0,0)_combi_pTrue_gTrue]
	 Logging test loss: 3.25e-08 [MSELoss(): t(0,0)_r(0,0)_full_pTrue_gTrue]
	 Logging test loss: 1.826e-07 [MSELoss(): t(0,0)_r(0,0)_tennis_pTrue_gTrue]
	 Logging test loss: 1.602e-07 [MSELoss(): t(0,0)_r(0,0)_semi_pTrue_gTrue]
		--> Epoch time; 30.659351348876953
Epoch 7/9
	 Logging train Loss: 8.719e-07 [MSELoss(): t(0,0)_r(0,0)_combi_pTrue_gTrue]
	 Logging test loss: 2.802e-07 [MSELoss(): t(0,0)_r(0,0)_combi_pTrue_gTrue]
	 Logging test loss: 3.51e-08 [MSELoss(): t(0,0)_r(0,0)_full_pTrue_gTrue]
	 Logging test loss: 5.504e-07 [MSELoss(): t(0,0)_r(0,0)_tennis_pTrue_gTrue]
	 Logging test loss: 4.949e-07 [MSELoss(): t(0,0)_r(0,0)_semi_pTrue_gTrue]
		--> Epoch time; 30.575425148010254
Epoch 8/9
	 Logging train Loss: 8.646e-07 [MSELoss(): t(0,0)_r(0,0)_combi_pTrue_gTrue]
	 Logging test loss: 5.019e-07 [MSELoss(): t(0,0)_r(0,0)_combi_pTrue_gTrue]
	 Logging test loss: 1.363e-07 [MSELoss(): t(0,0)_r(0,0)_full_pTrue_gTrue]
	 Logging test loss: 8.667e-07 [MSELoss(): t(0,0)_r(0,0)_tennis_pTrue_gTrue]
	 Logging test loss: 7.888e-07 [MSELoss(): t(0,0)_r(0,0)_semi_pTrue_gTrue]
		--> Epoch time; 30.373200178146362
Epoch 9/9
	 Logging train Loss: 8.705e-07 [MSELoss(): t(0,0)_r(0,0)_combi_pTrue_gTrue]
	 Logging test loss: 4.48e-08 [MSELoss(): t(0,0)_r(0,0)_combi_pTrue_gTrue]
	 Logging test loss: 1.98e-08 [MSELoss(): t(0,0)_r(0,0)_full_pTrue_gTrue]
	 Logging test loss: 6.87e-08 [MSELoss(): t(0,0)_r(0,0)_tennis_pTrue_gTrue]
	 Logging test loss: 5.93e-08 [MSELoss(): t(0,0)_r(0,0)_semi_pTrue_gTrue]
		--> Epoch time; 30.63289499282837
Saved model in  trained_models/gru/data_t(0,0)_r(0,0)_combi_pTrue_gTrue/'quat_1'_'False'.pth
It took  425.10017371177673  seconds.
----- ITERATION 2/10 ------
Number of train simulations:  1920
Number of test simulations:  480
The dataloader for data/data_t(0,0)_r(0,0)_combi_pTrue_gTrue took 52.123518228530884 seconds.
-- Finished Train Dataloader --
The dataloader for data/data_t(0,0)_r(0,0)_combi_pTrue_gTrue took 13.036913871765137 seconds.
The dataloader for data/data_t(0,0)_r(0,0)_full_pTrue_gTrue took 13.292511224746704 seconds.
The dataloader for data/data_t(0,0)_r(0,0)_tennis_pTrue_gTrue took 13.25924015045166 seconds.
The dataloader for data/data_t(0,0)_r(0,0)_semi_pTrue_gTrue took 12.4905686378479 seconds.
-- Finished Test Dataloader(s) --
GRU(
  (rnn): GRU(7, 96, batch_first=True)
  (fc): Linear(in_features=96, out_features=7, bias=True)
)
Datatype: quat_1
-- Started Training --
Epoch 0/9
	 Logging train Loss: 0.0001914772 [MSELoss(): t(0,0)_r(0,0)_combi_pTrue_gTrue]
	 Logging test loss: 4.2727e-06 [MSELoss(): t(0,0)_r(0,0)_combi_pTrue_gTrue]
	 Logging test loss: 4.0774e-06 [MSELoss(): t(0,0)_r(0,0)_full_pTrue_gTrue]
	 Logging test loss: 6.1887e-06 [MSELoss(): t(0,0)_r(0,0)_tennis_pTrue_gTrue]
	 Logging test loss: 4.8531e-06 [MSELoss(): t(0,0)_r(0,0)_semi_pTrue_gTrue]
		--> Epoch time; 30.669634580612183
Epoch 1/9
	 Logging train Loss: 1.8512e-06 [MSELoss(): t(0,0)_r(0,0)_combi_pTrue_gTrue]
	 Logging test loss: 7.38e-07 [MSELoss(): t(0,0)_r(0,0)_combi_pTrue_gTrue]
	 Logging test loss: 5.341e-07 [MSELoss(): t(0,0)_r(0,0)_full_pTrue_gTrue]
	 Logging test loss: 1.1179e-06 [MSELoss(): t(0,0)_r(0,0)_tennis_pTrue_gTrue]
	 Logging test loss: 9.145e-07 [MSELoss(): t(0,0)_r(0,0)_semi_pTrue_gTrue]
		--> Epoch time; 30.87673306465149
Epoch 2/9
	 Logging train Loss: 1.2434e-06 [MSELoss(): t(0,0)_r(0,0)_combi_pTrue_gTrue]
	 Logging test loss: 4.365e-07 [MSELoss(): t(0,0)_r(0,0)_combi_pTrue_gTrue]
	 Logging test loss: 3.913e-07 [MSELoss(): t(0,0)_r(0,0)_full_pTrue_gTrue]
	 Logging test loss: 6.364e-07 [MSELoss(): t(0,0)_r(0,0)_tennis_pTrue_gTrue]
	 Logging test loss: 5.036e-07 [MSELoss(): t(0,0)_r(0,0)_semi_pTrue_gTrue]
		--> Epoch time; 30.88878345489502
Epoch 3/9
	 Logging train Loss: 1.5894e-06 [MSELoss(): t(0,0)_r(0,0)_combi_pTrue_gTrue]
	 Logging test loss: 1.00971e-05 [MSELoss(): t(0,0)_r(0,0)_combi_pTrue_gTrue]
	 Logging test loss: 8.729e-07 [MSELoss(): t(0,0)_r(0,0)_full_pTrue_gTrue]
	 Logging test loss: 1.87335e-05 [MSELoss(): t(0,0)_r(0,0)_tennis_pTrue_gTrue]
	 Logging test loss: 1.69779e-05 [MSELoss(): t(0,0)_r(0,0)_semi_pTrue_gTrue]
		--> Epoch time; 30.5407235622406
Epoch 4/9
	 Logging train Loss: 1.6541e-06 [MSELoss(): t(0,0)_r(0,0)_combi_pTrue_gTrue]
	 Logging test loss: 2.799e-07 [MSELoss(): t(0,0)_r(0,0)_combi_pTrue_gTrue]
wandb: Waiting for W&B process to finish... (success).
wandb: 
wandb: Run history:
wandb:                                      Epoch â–â–‚â–ƒâ–ƒâ–„â–…â–†â–†â–‡â–ˆ
wandb:  Test loss t(0,0)_r(0,0)_combi_pTrue_gTrue â–‚â–â–â–ƒâ–â–â–ˆâ–â–â–
wandb:   Test loss t(0,0)_r(0,0)_full_pTrue_gTrue â–ˆâ–‚â–‚â–‚â–â–â–„â–â–â–
wandb:   Test loss t(0,0)_r(0,0)_semi_pTrue_gTrue â–‚â–â–â–ƒâ–â–â–ˆâ–â–â–
wandb: Test loss t(0,0)_r(0,0)_tennis_pTrue_gTrue â–‚â–â–â–„â–â–â–ˆâ–â–â–
wandb:                                 Train loss â–ˆâ–â–â–â–â–â–â–â–â–
wandb: 
wandb: Run summary:
wandb:                                      Epoch 9
wandb:  Test loss t(0,0)_r(0,0)_combi_pTrue_gTrue 0.0
wandb:   Test loss t(0,0)_r(0,0)_full_pTrue_gTrue 0.0
wandb:   Test loss t(0,0)_r(0,0)_semi_pTrue_gTrue 0.0
wandb: Test loss t(0,0)_r(0,0)_tennis_pTrue_gTrue 0.0
wandb:                                 Train loss 0.0
wandb: 
wandb: ðŸš€ View run summer-sponge-765 at: https://wandb.ai/nreints/ThesisFinal2/runs/jtx662ww
wandb: Synced 6 W&B file(s), 0 media file(s), 3 artifact file(s) and 1 other file(s)
wandb: Find logs at: ./wandb/run-20230709_170047-jtx662ww/logs
wandb: - Waiting for wandb.init()...wandb: \ Waiting for wandb.init()...wandb: wandb version 0.15.5 is available!  To upgrade, please run:
wandb:  $ pip install wandb --upgrade
wandb: Tracking run with wandb version 0.14.0
wandb: Run data is saved locally in /gpfs/home2/nreints/MScThesis/code/wandb/run-20230709_170752-tlx5dpkk
wandb: Run `wandb offline` to turn off syncing.
wandb: Syncing run vague-dawn-783
wandb: â­ï¸ View project at https://wandb.ai/nreints/ThesisFinal2
wandb: ðŸš€ View run at https://wandb.ai/nreints/ThesisFinal2/runs/tlx5dpkk
wandb: Waiting for W&B process to finish... (success).
wandb: 
wandb: Run history:
wandb:                                      Epoch â–â–‚â–ƒâ–ƒâ–„â–…â–†â–†â–‡â–ˆ
wandb:  Test loss t(0,0)_r(0,0)_combi_pTrue_gTrue â–ˆâ–‚â–â–â–â–â–â–â–‚â–
wandb:   Test loss t(0,0)_r(0,0)_full_pTrue_gTrue â–ˆâ–‚â–â–â–â–â–â–â–â–
wandb:   Test loss t(0,0)_r(0,0)_semi_pTrue_gTrue â–ˆâ–‚â–â–â–â–â–â–‚â–ƒâ–
wandb: Test loss t(0,0)_r(0,0)_tennis_pTrue_gTrue â–ˆâ–‚â–â–â–â–â–â–‚â–ƒâ–
wandb:                                 Train loss â–ˆâ–â–â–â–â–â–â–â–â–
wandb: 
wandb: Run summary:
wandb:                                      Epoch 9
wandb:  Test loss t(0,0)_r(0,0)_combi_pTrue_gTrue 0.0
wandb:   Test loss t(0,0)_r(0,0)_full_pTrue_gTrue 0.0
wandb:   Test loss t(0,0)_r(0,0)_semi_pTrue_gTrue 0.0
wandb: Test loss t(0,0)_r(0,0)_tennis_pTrue_gTrue 0.0
wandb:                                 Train loss 0.0
wandb: 
wandb: ðŸš€ View run vague-dawn-783 at: https://wandb.ai/nreints/ThesisFinal2/runs/tlx5dpkk
wandb: Synced 6 W&B file(s), 0 media file(s), 3 artifact file(s) and 1 other file(s)
wandb: Find logs at: ./wandb/run-20230709_170752-tlx5dpkk/logs
wandb: - Waiting for wandb.init()...wandb: \ Waiting for wandb.init()...wandb: wandb version 0.15.5 is available!  To upgrade, please run:
wandb:  $ pip install wandb --upgrade
wandb: Tracking run with wandb version 0.14.0
wandb: Run data is saved locally in /gpfs/home2/nreints/MScThesis/code/wandb/run-20230709_171454-uedxa7pn
wandb: Run `wandb offline` to turn off syncing.
wandb: Syncing run visionary-flower-798
wandb: â­ï¸ View project at https://wandb.ai/nreints/ThesisFinal2
wandb: ðŸš€ View run at https://wandb.ai/nreints/ThesisFinal2/runs/uedxa7pn
	 Logging test loss: 2.025e-07 [MSELoss(): t(0,0)_r(0,0)_full_pTrue_gTrue]
	 Logging test loss: 4.235e-07 [MSELoss(): t(0,0)_r(0,0)_tennis_pTrue_gTrue]
	 Logging test loss: 3.441e-07 [MSELoss(): t(0,0)_r(0,0)_semi_pTrue_gTrue]
		--> Epoch time; 30.59688639640808
Epoch 5/9
	 Logging train Loss: 1.8285e-06 [MSELoss(): t(0,0)_r(0,0)_combi_pTrue_gTrue]
	 Logging test loss: 1.512e-07 [MSELoss(): t(0,0)_r(0,0)_combi_pTrue_gTrue]
	 Logging test loss: 1.26e-07 [MSELoss(): t(0,0)_r(0,0)_full_pTrue_gTrue]
	 Logging test loss: 2.217e-07 [MSELoss(): t(0,0)_r(0,0)_tennis_pTrue_gTrue]
	 Logging test loss: 1.771e-07 [MSELoss(): t(0,0)_r(0,0)_semi_pTrue_gTrue]
		--> Epoch time; 30.80255389213562
Epoch 6/9
	 Logging train Loss: 1.1258e-06 [MSELoss(): t(0,0)_r(0,0)_combi_pTrue_gTrue]
	 Logging test loss: 2.88629e-05 [MSELoss(): t(0,0)_r(0,0)_combi_pTrue_gTrue]
	 Logging test loss: 1.6128e-06 [MSELoss(): t(0,0)_r(0,0)_full_pTrue_gTrue]
	 Logging test loss: 5.08147e-05 [MSELoss(): t(0,0)_r(0,0)_tennis_pTrue_gTrue]
	 Logging test loss: 4.84587e-05 [MSELoss(): t(0,0)_r(0,0)_semi_pTrue_gTrue]
		--> Epoch time; 30.81362557411194
Epoch 7/9
	 Logging train Loss: 1.1341e-06 [MSELoss(): t(0,0)_r(0,0)_combi_pTrue_gTrue]
	 Logging test loss: 1.033e-07 [MSELoss(): t(0,0)_r(0,0)_combi_pTrue_gTrue]
	 Logging test loss: 4.05e-08 [MSELoss(): t(0,0)_r(0,0)_full_pTrue_gTrue]
	 Logging test loss: 1.653e-07 [MSELoss(): t(0,0)_r(0,0)_tennis_pTrue_gTrue]
	 Logging test loss: 1.488e-07 [MSELoss(): t(0,0)_r(0,0)_semi_pTrue_gTrue]
		--> Epoch time; 30.75666856765747
Epoch 8/9
	 Logging train Loss: 9.541e-07 [MSELoss(): t(0,0)_r(0,0)_combi_pTrue_gTrue]
	 Logging test loss: 4.86e-08 [MSELoss(): t(0,0)_r(0,0)_combi_pTrue_gTrue]
	 Logging test loss: 2.64e-08 [MSELoss(): t(0,0)_r(0,0)_full_pTrue_gTrue]
	 Logging test loss: 7.31e-08 [MSELoss(): t(0,0)_r(0,0)_tennis_pTrue_gTrue]
	 Logging test loss: 6.35e-08 [MSELoss(): t(0,0)_r(0,0)_semi_pTrue_gTrue]
		--> Epoch time; 30.680988073349
Epoch 9/9
	 Logging train Loss: 7.716e-07 [MSELoss(): t(0,0)_r(0,0)_combi_pTrue_gTrue]
	 Logging test loss: 4.32e-08 [MSELoss(): t(0,0)_r(0,0)_combi_pTrue_gTrue]
	 Logging test loss: 2.1e-08 [MSELoss(): t(0,0)_r(0,0)_full_pTrue_gTrue]
	 Logging test loss: 6.57e-08 [MSELoss(): t(0,0)_r(0,0)_tennis_pTrue_gTrue]
	 Logging test loss: 5.84e-08 [MSELoss(): t(0,0)_r(0,0)_semi_pTrue_gTrue]
		--> Epoch time; 30.858777046203613
Saved model in  trained_models/gru/data_t(0,0)_r(0,0)_combi_pTrue_gTrue/'quat_1'_'False'.pth
It took  424.98442459106445  seconds.
----- ITERATION 3/10 ------
Number of train simulations:  1920
Number of test simulations:  480
The dataloader for data/data_t(0,0)_r(0,0)_combi_pTrue_gTrue took 49.826505184173584 seconds.
-- Finished Train Dataloader --
The dataloader for data/data_t(0,0)_r(0,0)_combi_pTrue_gTrue took 12.43466067314148 seconds.
The dataloader for data/data_t(0,0)_r(0,0)_full_pTrue_gTrue took 13.041784524917603 seconds.
The dataloader for data/data_t(0,0)_r(0,0)_tennis_pTrue_gTrue took 13.034340381622314 seconds.
The dataloader for data/data_t(0,0)_r(0,0)_semi_pTrue_gTrue took 12.438343048095703 seconds.
-- Finished Test Dataloader(s) --
GRU(
  (rnn): GRU(7, 96, batch_first=True)
  (fc): Linear(in_features=96, out_features=7, bias=True)
)
Datatype: quat_1
-- Started Training --
Epoch 0/9
	 Logging train Loss: 0.000196282 [MSELoss(): t(0,0)_r(0,0)_combi_pTrue_gTrue]
	 Logging test loss: 8.9722e-06 [MSELoss(): t(0,0)_r(0,0)_combi_pTrue_gTrue]
	 Logging test loss: 5.5851e-06 [MSELoss(): t(0,0)_r(0,0)_full_pTrue_gTrue]
	 Logging test loss: 1.0097e-05 [MSELoss(): t(0,0)_r(0,0)_tennis_pTrue_gTrue]
	 Logging test loss: 9.8819e-06 [MSELoss(): t(0,0)_r(0,0)_semi_pTrue_gTrue]
		--> Epoch time; 30.781813621520996
Epoch 1/9
	 Logging train Loss: 2.8203e-06 [MSELoss(): t(0,0)_r(0,0)_combi_pTrue_gTrue]
	 Logging test loss: 1.3456e-06 [MSELoss(): t(0,0)_r(0,0)_combi_pTrue_gTrue]
	 Logging test loss: 8.208e-07 [MSELoss(): t(0,0)_r(0,0)_full_pTrue_gTrue]
	 Logging test loss: 1.5657e-06 [MSELoss(): t(0,0)_r(0,0)_tennis_pTrue_gTrue]
	 Logging test loss: 1.5045e-06 [MSELoss(): t(0,0)_r(0,0)_semi_pTrue_gTrue]
		--> Epoch time; 30.6623592376709
Epoch 2/9
	 Logging train Loss: 1.1513e-06 [MSELoss(): t(0,0)_r(0,0)_combi_pTrue_gTrue]
	 Logging test loss: 6.687e-07 [MSELoss(): t(0,0)_r(0,0)_combi_pTrue_gTrue]
	 Logging test loss: 4.22e-07 [MSELoss(): t(0,0)_r(0,0)_full_pTrue_gTrue]
	 Logging test loss: 7.808e-07 [MSELoss(): t(0,0)_r(0,0)_tennis_pTrue_gTrue]
	 Logging test loss: 7.569e-07 [MSELoss(): t(0,0)_r(0,0)_semi_pTrue_gTrue]
		--> Epoch time; 30.561586618423462
Epoch 3/9
	 Logging train Loss: 1.6548e-06 [MSELoss(): t(0,0)_r(0,0)_combi_pTrue_gTrue]
	 Logging test loss: 5.405e-07 [MSELoss(): t(0,0)_r(0,0)_combi_pTrue_gTrue]
	 Logging test loss: 3.39e-07 [MSELoss(): t(0,0)_r(0,0)_full_pTrue_gTrue]
	 Logging test loss: 6.448e-07 [MSELoss(): t(0,0)_r(0,0)_tennis_pTrue_gTrue]
	 Logging test loss: 6.213e-07 [MSELoss(): t(0,0)_r(0,0)_semi_pTrue_gTrue]
		--> Epoch time; 30.947550058364868
Epoch 4/9
	 Logging train Loss: 1.8504e-06 [MSELoss(): t(0,0)_r(0,0)_combi_pTrue_gTrue]
	 Logging test loss: 3.988e-07 [MSELoss(): t(0,0)_r(0,0)_combi_pTrue_gTrue]
	 Logging test loss: 2.528e-07 [MSELoss(): t(0,0)_r(0,0)_full_pTrue_gTrue]
	 Logging test loss: 4.699e-07 [MSELoss(): t(0,0)_r(0,0)_tennis_pTrue_gTrue]
	 Logging test loss: 4.507e-07 [MSELoss(): t(0,0)_r(0,0)_semi_pTrue_gTrue]
		--> Epoch time; 31.203056812286377
Epoch 5/9
	 Logging train Loss: 1.6423e-06 [MSELoss(): t(0,0)_r(0,0)_combi_pTrue_gTrue]
	 Logging test loss: 2.82e-07 [MSELoss(): t(0,0)_r(0,0)_combi_pTrue_gTrue]
	 Logging test loss: 1.771e-07 [MSELoss(): t(0,0)_r(0,0)_full_pTrue_gTrue]
	 Logging test loss: 3.421e-07 [MSELoss(): t(0,0)_r(0,0)_tennis_pTrue_gTrue]
	 Logging test loss: 3.249e-07 [MSELoss(): t(0,0)_r(0,0)_semi_pTrue_gTrue]
		--> Epoch time; 31.187392950057983
Epoch 6/9
	 Logging train Loss: 1.1413e-06 [MSELoss(): t(0,0)_r(0,0)_combi_pTrue_gTrue]
	 Logging test loss: 1.752e-07 [MSELoss(): t(0,0)_r(0,0)_combi_pTrue_gTrue]
	 Logging test loss: 1.078e-07 [MSELoss(): t(0,0)_r(0,0)_full_pTrue_gTrue]
	 Logging test loss: 2.218e-07 [MSELoss(): t(0,0)_r(0,0)_tennis_pTrue_gTrue]
	 Logging test loss: 2.067e-07 [MSELoss(): t(0,0)_r(0,0)_semi_pTrue_gTrue]
		--> Epoch time; 30.87749171257019
Epoch 7/9
	 Logging train Loss: 1.008e-06 [MSELoss(): t(0,0)_r(0,0)_combi_pTrue_gTrue]
	 Logging test loss: 4.822e-07 [MSELoss(): t(0,0)_r(0,0)_combi_pTrue_gTrue]
	 Logging test loss: 9.21e-08 [MSELoss(): t(0,0)_r(0,0)_full_pTrue_gTrue]
	 Logging test loss: 9.118e-07 [MSELoss(): t(0,0)_r(0,0)_tennis_pTrue_gTrue]
	 Logging test loss: 8.565e-07 [MSELoss(): t(0,0)_r(0,0)_semi_pTrue_gTrue]
		--> Epoch time; 30.743001699447632
Epoch 8/9
	 Logging train Loss: 1.073e-06 [MSELoss(): t(0,0)_r(0,0)_combi_pTrue_gTrue]
	 Logging test loss: 1.441e-06 [MSELoss(): t(0,0)_r(0,0)_combi_pTrue_gTrue]
	 Logging test loss: 3.265e-07 [MSELoss(): t(0,0)_r(0,0)_full_pTrue_gTrue]
	 Logging test loss: 2.628e-06 [MSELoss(): t(0,0)_r(0,0)_tennis_pTrue_gTrue]
	 Logging test loss: 2.5768e-06 [MSELoss(): t(0,0)_r(0,0)_semi_pTrue_gTrue]
		--> Epoch time; 30.920096397399902
Epoch 9/9
	 Logging train Loss: 6.053e-07 [MSELoss(): t(0,0)_r(0,0)_combi_pTrue_gTrue]
	 Logging test loss: 6.9e-08 [MSELoss(): t(0,0)_r(0,0)_combi_pTrue_gTrue]
	 Logging test loss: 4.53e-08 [MSELoss(): t(0,0)_r(0,0)_full_pTrue_gTrue]
	 Logging test loss: 9.68e-08 [MSELoss(): t(0,0)_r(0,0)_tennis_pTrue_gTrue]
	 Logging test loss: 8.5e-08 [MSELoss(): t(0,0)_r(0,0)_semi_pTrue_gTrue]
		--> Epoch time; 30.738792657852173
Saved model in  trained_models/gru/data_t(0,0)_r(0,0)_combi_pTrue_gTrue/'quat_1'_'False'.pth
It took  421.91936779022217  seconds.
----- ITERATION 4/10 ------
Number of train simulations:  1920
Number of test simulations:  480
The dataloader for data/data_t(0,0)_r(0,0)_combi_pTrue_gTrue took 50.454121589660645 seconds.
-- Finished Train Dataloader --
The dataloader for data/data_t(0,0)_r(0,0)_combi_pTrue_gTrue took 12.71669054031372 seconds.
The dataloader for data/data_t(0,0)_r(0,0)_full_pTrue_gTrue took 13.062372207641602 seconds.
wandb: Waiting for W&B process to finish... (success).
wandb: 
wandb: Run history:
wandb:                                      Epoch â–â–‚â–ƒâ–ƒâ–„â–…â–†â–†â–‡â–ˆ
wandb:  Test loss t(0,0)_r(0,0)_combi_pTrue_gTrue â–ˆâ–‚â–‚â–â–â–â–â–â–â–
wandb:   Test loss t(0,0)_r(0,0)_full_pTrue_gTrue â–ˆâ–‚â–â–â–â–â–â–â–â–
wandb:   Test loss t(0,0)_r(0,0)_semi_pTrue_gTrue â–ˆâ–‚â–‚â–â–â–â–â–â–â–
wandb: Test loss t(0,0)_r(0,0)_tennis_pTrue_gTrue â–ˆâ–‚â–‚â–â–â–â–â–â–â–
wandb:                                 Train loss â–ˆâ–â–â–â–â–â–â–â–â–
wandb: 
wandb: Run summary:
wandb:                                      Epoch 9
wandb:  Test loss t(0,0)_r(0,0)_combi_pTrue_gTrue 0.0
wandb:   Test loss t(0,0)_r(0,0)_full_pTrue_gTrue 0.0
wandb:   Test loss t(0,0)_r(0,0)_semi_pTrue_gTrue 0.0
wandb: Test loss t(0,0)_r(0,0)_tennis_pTrue_gTrue 0.0
wandb:                                 Train loss 0.0
wandb: 
wandb: ðŸš€ View run visionary-flower-798 at: https://wandb.ai/nreints/ThesisFinal2/runs/uedxa7pn
wandb: Synced 6 W&B file(s), 0 media file(s), 3 artifact file(s) and 1 other file(s)
wandb: Find logs at: ./wandb/run-20230709_171454-uedxa7pn/logs
wandb: - Waiting for wandb.init()...wandb: \ Waiting for wandb.init()...wandb: wandb version 0.15.5 is available!  To upgrade, please run:
wandb:  $ pip install wandb --upgrade
wandb: Tracking run with wandb version 0.14.0
wandb: Run data is saved locally in /gpfs/home2/nreints/MScThesis/code/wandb/run-20230709_172157-6v5q3ca3
wandb: Run `wandb offline` to turn off syncing.
wandb: Syncing run zany-jazz-816
wandb: â­ï¸ View project at https://wandb.ai/nreints/ThesisFinal2
wandb: ðŸš€ View run at https://wandb.ai/nreints/ThesisFinal2/runs/6v5q3ca3
The dataloader for data/data_t(0,0)_r(0,0)_tennis_pTrue_gTrue took 13.057882070541382 seconds.
The dataloader for data/data_t(0,0)_r(0,0)_semi_pTrue_gTrue took 13.056322813034058 seconds.
-- Finished Test Dataloader(s) --
GRU(
  (rnn): GRU(7, 96, batch_first=True)
  (fc): Linear(in_features=96, out_features=7, bias=True)
)
Datatype: quat_1
-- Started Training --
Epoch 0/9
	 Logging train Loss: 0.0001724767 [MSELoss(): t(0,0)_r(0,0)_combi_pTrue_gTrue]
	 Logging test loss: 4.6174e-06 [MSELoss(): t(0,0)_r(0,0)_combi_pTrue_gTrue]
	 Logging test loss: 5.11e-06 [MSELoss(): t(0,0)_r(0,0)_full_pTrue_gTrue]
	 Logging test loss: 5.9385e-06 [MSELoss(): t(0,0)_r(0,0)_tennis_pTrue_gTrue]
	 Logging test loss: 6.9902e-06 [MSELoss(): t(0,0)_r(0,0)_semi_pTrue_gTrue]
		--> Epoch time; 30.855732440948486
Epoch 1/9
	 Logging train Loss: 2.4398e-06 [MSELoss(): t(0,0)_r(0,0)_combi_pTrue_gTrue]
	 Logging test loss: 6.133e-07 [MSELoss(): t(0,0)_r(0,0)_combi_pTrue_gTrue]
	 Logging test loss: 5.841e-07 [MSELoss(): t(0,0)_r(0,0)_full_pTrue_gTrue]
	 Logging test loss: 8.345e-07 [MSELoss(): t(0,0)_r(0,0)_tennis_pTrue_gTrue]
	 Logging test loss: 9.225e-07 [MSELoss(): t(0,0)_r(0,0)_semi_pTrue_gTrue]
		--> Epoch time; 30.434793710708618
Epoch 2/9
	 Logging train Loss: 9.409e-07 [MSELoss(): t(0,0)_r(0,0)_combi_pTrue_gTrue]
	 Logging test loss: 3.969e-07 [MSELoss(): t(0,0)_r(0,0)_combi_pTrue_gTrue]
	 Logging test loss: 3.784e-07 [MSELoss(): t(0,0)_r(0,0)_full_pTrue_gTrue]
	 Logging test loss: 5.384e-07 [MSELoss(): t(0,0)_r(0,0)_tennis_pTrue_gTrue]
	 Logging test loss: 5.966e-07 [MSELoss(): t(0,0)_r(0,0)_semi_pTrue_gTrue]
		--> Epoch time; 30.88701105117798
Epoch 3/9
	 Logging train Loss: 1.2495e-06 [MSELoss(): t(0,0)_r(0,0)_combi_pTrue_gTrue]
	 Logging test loss: 3.282e-07 [MSELoss(): t(0,0)_r(0,0)_combi_pTrue_gTrue]
	 Logging test loss: 2.979e-07 [MSELoss(): t(0,0)_r(0,0)_full_pTrue_gTrue]
	 Logging test loss: 4.477e-07 [MSELoss(): t(0,0)_r(0,0)_tennis_pTrue_gTrue]
	 Logging test loss: 4.881e-07 [MSELoss(): t(0,0)_r(0,0)_semi_pTrue_gTrue]
		--> Epoch time; 30.96750259399414
Epoch 4/9
	 Logging train Loss: 4.1019e-06 [MSELoss(): t(0,0)_r(0,0)_combi_pTrue_gTrue]
	 Logging test loss: 2.327e-07 [MSELoss(): t(0,0)_r(0,0)_combi_pTrue_gTrue]
	 Logging test loss: 2.293e-07 [MSELoss(): t(0,0)_r(0,0)_full_pTrue_gTrue]
	 Logging test loss: 3.12e-07 [MSELoss(): t(0,0)_r(0,0)_tennis_pTrue_gTrue]
	 Logging test loss: 3.344e-07 [MSELoss(): t(0,0)_r(0,0)_semi_pTrue_gTrue]
		--> Epoch time; 30.817410945892334
Epoch 5/9
	 Logging train Loss: 1.0041e-06 [MSELoss(): t(0,0)_r(0,0)_combi_pTrue_gTrue]
	 Logging test loss: 1.655e-07 [MSELoss(): t(0,0)_r(0,0)_combi_pTrue_gTrue]
	 Logging test loss: 1.517e-07 [MSELoss(): t(0,0)_r(0,0)_full_pTrue_gTrue]
	 Logging test loss: 2.284e-07 [MSELoss(): t(0,0)_r(0,0)_tennis_pTrue_gTrue]
	 Logging test loss: 2.338e-07 [MSELoss(): t(0,0)_r(0,0)_semi_pTrue_gTrue]
		--> Epoch time; 30.722598552703857
Epoch 6/9
	 Logging train Loss: 8.638e-07 [MSELoss(): t(0,0)_r(0,0)_combi_pTrue_gTrue]
	 Logging test loss: 1.934e-07 [MSELoss(): t(0,0)_r(0,0)_combi_pTrue_gTrue]
	 Logging test loss: 9.16e-08 [MSELoss(): t(0,0)_r(0,0)_full_pTrue_gTrue]
	 Logging test loss: 3.182e-07 [MSELoss(): t(0,0)_r(0,0)_tennis_pTrue_gTrue]
	 Logging test loss: 3.078e-07 [MSELoss(): t(0,0)_r(0,0)_semi_pTrue_gTrue]
		--> Epoch time; 30.73352861404419
Epoch 7/9
	 Logging train Loss: 1.283e-06 [MSELoss(): t(0,0)_r(0,0)_combi_pTrue_gTrue]
	 Logging test loss: 6.82e-08 [MSELoss(): t(0,0)_r(0,0)_combi_pTrue_gTrue]
	 Logging test loss: 4.61e-08 [MSELoss(): t(0,0)_r(0,0)_full_pTrue_gTrue]
	 Logging test loss: 1.082e-07 [MSELoss(): t(0,0)_r(0,0)_tennis_pTrue_gTrue]
	 Logging test loss: 9.35e-08 [MSELoss(): t(0,0)_r(0,0)_semi_pTrue_gTrue]
		--> Epoch time; 30.99783205986023
Epoch 8/9
	 Logging train Loss: 9.06e-07 [MSELoss(): t(0,0)_r(0,0)_combi_pTrue_gTrue]
	 Logging test loss: 5.28e-08 [MSELoss(): t(0,0)_r(0,0)_combi_pTrue_gTrue]
	 Logging test loss: 3.1e-08 [MSELoss(): t(0,0)_r(0,0)_full_pTrue_gTrue]
	 Logging test loss: 8.7e-08 [MSELoss(): t(0,0)_r(0,0)_tennis_pTrue_gTrue]
	 Logging test loss: 6.92e-08 [MSELoss(): t(0,0)_r(0,0)_semi_pTrue_gTrue]
		--> Epoch time; 30.91778874397278
Epoch 9/9
	 Logging train Loss: 6.203e-07 [MSELoss(): t(0,0)_r(0,0)_combi_pTrue_gTrue]
	 Logging test loss: 7.18e-08 [MSELoss(): t(0,0)_r(0,0)_combi_pTrue_gTrue]
	 Logging test loss: 5.14e-08 [MSELoss(): t(0,0)_r(0,0)_full_pTrue_gTrue]
	 Logging test loss: 1.011e-07 [MSELoss(): t(0,0)_r(0,0)_tennis_pTrue_gTrue]
	 Logging test loss: 8.48e-08 [MSELoss(): t(0,0)_r(0,0)_semi_pTrue_gTrue]
		--> Epoch time; 30.70700192451477
Saved model in  trained_models/gru/data_t(0,0)_r(0,0)_combi_pTrue_gTrue/'quat_1'_'False'.pth
It took  422.9691982269287  seconds.
----- ITERATION 5/10 ------
Number of train simulations:  1920
Number of test simulations:  480
The dataloader for data/data_t(0,0)_r(0,0)_combi_pTrue_gTrue took 49.988234758377075 seconds.
-- Finished Train Dataloader --
The dataloader for data/data_t(0,0)_r(0,0)_combi_pTrue_gTrue took 12.534471035003662 seconds.
The dataloader for data/data_t(0,0)_r(0,0)_full_pTrue_gTrue took 12.995403289794922 seconds.
The dataloader for data/data_t(0,0)_r(0,0)_tennis_pTrue_gTrue took 13.02998685836792 seconds.
The dataloader for data/data_t(0,0)_r(0,0)_semi_pTrue_gTrue took 13.093738079071045 seconds.
-- Finished Test Dataloader(s) --
GRU(
  (rnn): GRU(7, 96, batch_first=True)
  (fc): Linear(in_features=96, out_features=7, bias=True)
)
Datatype: quat_1
-- Started Training --
Epoch 0/9
	 Logging train Loss: 0.0002612928 [MSELoss(): t(0,0)_r(0,0)_combi_pTrue_gTrue]
	 Logging test loss: 4.6989e-06 [MSELoss(): t(0,0)_r(0,0)_combi_pTrue_gTrue]
	 Logging test loss: 4.1535e-06 [MSELoss(): t(0,0)_r(0,0)_full_pTrue_gTrue]
	 Logging test loss: 5.1667e-06 [MSELoss(): t(0,0)_r(0,0)_tennis_pTrue_gTrue]
	 Logging test loss: 6.6768e-06 [MSELoss(): t(0,0)_r(0,0)_semi_pTrue_gTrue]
		--> Epoch time; 31.228333950042725
Epoch 1/9
	 Logging train Loss: 2.0432e-06 [MSELoss(): t(0,0)_r(0,0)_combi_pTrue_gTrue]
	 Logging test loss: 7.918e-07 [MSELoss(): t(0,0)_r(0,0)_combi_pTrue_gTrue]
	 Logging test loss: 6.332e-07 [MSELoss(): t(0,0)_r(0,0)_full_pTrue_gTrue]
	 Logging test loss: 8.856e-07 [MSELoss(): t(0,0)_r(0,0)_tennis_pTrue_gTrue]
	 Logging test loss: 1.133e-06 [MSELoss(): t(0,0)_r(0,0)_semi_pTrue_gTrue]
		--> Epoch time; 30.761111736297607
Epoch 2/9
	 Logging train Loss: 5.778e-07 [MSELoss(): t(0,0)_r(0,0)_combi_pTrue_gTrue]
	 Logging test loss: 5.313e-07 [MSELoss(): t(0,0)_r(0,0)_combi_pTrue_gTrue]
	 Logging test loss: 4.523e-07 [MSELoss(): t(0,0)_r(0,0)_full_pTrue_gTrue]
	 Logging test loss: 6.09e-07 [MSELoss(): t(0,0)_r(0,0)_tennis_pTrue_gTrue]
	 Logging test loss: 7.563e-07 [MSELoss(): t(0,0)_r(0,0)_semi_pTrue_gTrue]
		--> Epoch time; 30.709030628204346
Epoch 3/9
	 Logging train Loss: 1.5075e-06 [MSELoss(): t(0,0)_r(0,0)_combi_pTrue_gTrue]
	 Logging test loss: 4.78e-07 [MSELoss(): t(0,0)_r(0,0)_combi_pTrue_gTrue]
	 Logging test loss: 3.683e-07 [MSELoss(): t(0,0)_r(0,0)_full_pTrue_gTrue]
	 Logging test loss: 5.974e-07 [MSELoss(): t(0,0)_r(0,0)_tennis_pTrue_gTrue]
	 Logging test loss: 7.112e-07 [MSELoss(): t(0,0)_r(0,0)_semi_pTrue_gTrue]
		--> Epoch time; 30.76518988609314
Epoch 4/9
	 Logging train Loss: 1.6144e-06 [MSELoss(): t(0,0)_r(0,0)_combi_pTrue_gTrue]
	 Logging test loss: 6.211e-07 [MSELoss(): t(0,0)_r(0,0)_combi_pTrue_gTrue]
	 Logging test loss: 3.214e-07 [MSELoss(): t(0,0)_r(0,0)_full_pTrue_gTrue]
	 Logging test loss: 9.334e-07 [MSELoss(): t(0,0)_r(0,0)_tennis_pTrue_gTrue]
	 Logging test loss: 1.0099e-06 [MSELoss(): t(0,0)_r(0,0)_semi_pTrue_gTrue]
		--> Epoch time; 30.786266565322876
Epoch 5/9
	 Logging train Loss: 2.095e-06 [MSELoss(): t(0,0)_r(0,0)_combi_pTrue_gTrue]
	 Logging test loss: 2.649e-07 [MSELoss(): t(0,0)_r(0,0)_combi_pTrue_gTrue]
	 Logging test loss: 2.297e-07 [MSELoss(): t(0,0)_r(0,0)_full_pTrue_gTrue]
	 Logging test loss: 3.101e-07 [MSELoss(): t(0,0)_r(0,0)_tennis_pTrue_gTrue]
	 Logging test loss: 3.788e-07 [MSELoss(): t(0,0)_r(0,0)_semi_pTrue_gTrue]
		--> Epoch time; 31.009348392486572
Epoch 6/9
	 Logging train Loss: 9.729e-07 [MSELoss(): t(0,0)_r(0,0)_combi_pTrue_gTrue]
wandb: Waiting for W&B process to finish... (success).
wandb: 
wandb: Run history:
wandb:                                      Epoch â–â–‚â–ƒâ–ƒâ–„â–…â–†â–†â–‡â–ˆ
wandb:  Test loss t(0,0)_r(0,0)_combi_pTrue_gTrue â–ˆâ–‚â–‚â–‚â–‚â–â–â–â–ƒâ–
wandb:   Test loss t(0,0)_r(0,0)_full_pTrue_gTrue â–ˆâ–‚â–‚â–‚â–â–â–â–â–â–
wandb:   Test loss t(0,0)_r(0,0)_semi_pTrue_gTrue â–ˆâ–‚â–‚â–‚â–‚â–â–â–â–ƒâ–
wandb: Test loss t(0,0)_r(0,0)_tennis_pTrue_gTrue â–ˆâ–‚â–‚â–‚â–‚â–â–â–â–„â–
wandb:                                 Train loss â–ˆâ–â–â–â–â–â–â–â–â–
wandb: 
wandb: Run summary:
wandb:                                      Epoch 9
wandb:  Test loss t(0,0)_r(0,0)_combi_pTrue_gTrue 0.0
wandb:   Test loss t(0,0)_r(0,0)_full_pTrue_gTrue 0.0
wandb:   Test loss t(0,0)_r(0,0)_semi_pTrue_gTrue 0.0
wandb: Test loss t(0,0)_r(0,0)_tennis_pTrue_gTrue 0.0
wandb:                                 Train loss 0.0
wandb: 
wandb: ðŸš€ View run zany-jazz-816 at: https://wandb.ai/nreints/ThesisFinal2/runs/6v5q3ca3
wandb: Synced 6 W&B file(s), 0 media file(s), 3 artifact file(s) and 1 other file(s)
wandb: Find logs at: ./wandb/run-20230709_172157-6v5q3ca3/logs
wandb: - Waiting for wandb.init()...wandb: \ Waiting for wandb.init()...wandb: wandb version 0.15.5 is available!  To upgrade, please run:
wandb:  $ pip install wandb --upgrade
wandb: Tracking run with wandb version 0.14.0
wandb: Run data is saved locally in /gpfs/home2/nreints/MScThesis/code/wandb/run-20230709_172901-4x5f3mjm
wandb: Run `wandb offline` to turn off syncing.
wandb: Syncing run crisp-blaze-835
wandb: â­ï¸ View project at https://wandb.ai/nreints/ThesisFinal2
wandb: ðŸš€ View run at https://wandb.ai/nreints/ThesisFinal2/runs/4x5f3mjm
wandb: Waiting for W&B process to finish... (success).
wandb: 
wandb: Run history:
wandb:                                      Epoch â–â–‚â–ƒâ–ƒâ–„â–…â–†â–†â–‡â–ˆ
wandb:  Test loss t(0,0)_r(0,0)_combi_pTrue_gTrue â–ˆâ–ƒâ–â–â–ˆâ–â–â–â–†â–
wandb:   Test loss t(0,0)_r(0,0)_full_pTrue_gTrue â–ˆâ–‚â–â–â–‚â–â–â–â–‚â–
wandb:   Test loss t(0,0)_r(0,0)_semi_pTrue_gTrue â–†â–‚â–â–â–ˆâ–â–â–â–†â–
wandb: Test loss t(0,0)_r(0,0)_tennis_pTrue_gTrue â–…â–‚â–â–â–ˆâ–â–â–â–†â–
wandb:                                 Train loss â–ˆâ–â–â–â–â–â–â–â–â–
wandb: 
wandb: Run summary:
wandb:                                      Epoch 9
wandb:  Test loss t(0,0)_r(0,0)_combi_pTrue_gTrue 0.0
wandb:   Test loss t(0,0)_r(0,0)_full_pTrue_gTrue 0.0
wandb:   Test loss t(0,0)_r(0,0)_semi_pTrue_gTrue 0.0
wandb: Test loss t(0,0)_r(0,0)_tennis_pTrue_gTrue 0.0
wandb:                                 Train loss 0.0
wandb: 
wandb: ðŸš€ View run crisp-blaze-835 at: https://wandb.ai/nreints/ThesisFinal2/runs/4x5f3mjm
wandb: Synced 6 W&B file(s), 0 media file(s), 3 artifact file(s) and 1 other file(s)
wandb: Find logs at: ./wandb/run-20230709_172901-4x5f3mjm/logs
wandb: - Waiting for wandb.init()...wandb: \ Waiting for wandb.init()...wandb: wandb version 0.15.5 is available!  To upgrade, please run:
wandb:  $ pip install wandb --upgrade
wandb: Tracking run with wandb version 0.14.0
wandb: Run data is saved locally in /gpfs/home2/nreints/MScThesis/code/wandb/run-20230709_173602-p4bft1cf
wandb: Run `wandb offline` to turn off syncing.
wandb: Syncing run trim-music-851
wandb: â­ï¸ View project at https://wandb.ai/nreints/ThesisFinal2
wandb: ðŸš€ View run at https://wandb.ai/nreints/ThesisFinal2/runs/p4bft1cf
	 Logging test loss: 2.384e-07 [MSELoss(): t(0,0)_r(0,0)_combi_pTrue_gTrue]
	 Logging test loss: 1.614e-07 [MSELoss(): t(0,0)_r(0,0)_full_pTrue_gTrue]
	 Logging test loss: 3.277e-07 [MSELoss(): t(0,0)_r(0,0)_tennis_pTrue_gTrue]
	 Logging test loss: 3.686e-07 [MSELoss(): t(0,0)_r(0,0)_semi_pTrue_gTrue]
		--> Epoch time; 31.51490044593811
Epoch 7/9
	 Logging train Loss: 1.5827e-06 [MSELoss(): t(0,0)_r(0,0)_combi_pTrue_gTrue]
	 Logging test loss: 1.242e-07 [MSELoss(): t(0,0)_r(0,0)_combi_pTrue_gTrue]
	 Logging test loss: 9.99e-08 [MSELoss(): t(0,0)_r(0,0)_full_pTrue_gTrue]
	 Logging test loss: 1.526e-07 [MSELoss(): t(0,0)_r(0,0)_tennis_pTrue_gTrue]
	 Logging test loss: 1.802e-07 [MSELoss(): t(0,0)_r(0,0)_semi_pTrue_gTrue]
		--> Epoch time; 31.435011386871338
Epoch 8/9
	 Logging train Loss: 8.449e-07 [MSELoss(): t(0,0)_r(0,0)_combi_pTrue_gTrue]
	 Logging test loss: 1.0837e-06 [MSELoss(): t(0,0)_r(0,0)_combi_pTrue_gTrue]
	 Logging test loss: 1.811e-07 [MSELoss(): t(0,0)_r(0,0)_full_pTrue_gTrue]
	 Logging test loss: 2.072e-06 [MSELoss(): t(0,0)_r(0,0)_tennis_pTrue_gTrue]
	 Logging test loss: 2.0147e-06 [MSELoss(): t(0,0)_r(0,0)_semi_pTrue_gTrue]
		--> Epoch time; 30.882370471954346
Epoch 9/9
	 Logging train Loss: 8.601e-07 [MSELoss(): t(0,0)_r(0,0)_combi_pTrue_gTrue]
	 Logging test loss: 8.43e-08 [MSELoss(): t(0,0)_r(0,0)_combi_pTrue_gTrue]
	 Logging test loss: 4.64e-08 [MSELoss(): t(0,0)_r(0,0)_full_pTrue_gTrue]
	 Logging test loss: 1.262e-07 [MSELoss(): t(0,0)_r(0,0)_tennis_pTrue_gTrue]
	 Logging test loss: 1.304e-07 [MSELoss(): t(0,0)_r(0,0)_semi_pTrue_gTrue]
		--> Epoch time; 30.8822238445282
Saved model in  trained_models/gru/data_t(0,0)_r(0,0)_combi_pTrue_gTrue/'quat_1'_'False'.pth
It took  423.94039726257324  seconds.
----- ITERATION 6/10 ------
Number of train simulations:  1920
Number of test simulations:  480
The dataloader for data/data_t(0,0)_r(0,0)_combi_pTrue_gTrue took 50.15318417549133 seconds.
-- Finished Train Dataloader --
The dataloader for data/data_t(0,0)_r(0,0)_combi_pTrue_gTrue took 12.531165838241577 seconds.
The dataloader for data/data_t(0,0)_r(0,0)_full_pTrue_gTrue took 13.016213655471802 seconds.
The dataloader for data/data_t(0,0)_r(0,0)_tennis_pTrue_gTrue took 12.99338698387146 seconds.
The dataloader for data/data_t(0,0)_r(0,0)_semi_pTrue_gTrue took 13.075388669967651 seconds.
-- Finished Test Dataloader(s) --
GRU(
  (rnn): GRU(7, 96, batch_first=True)
  (fc): Linear(in_features=96, out_features=7, bias=True)
)
Datatype: quat_1
-- Started Training --
Epoch 0/9
	 Logging train Loss: 0.0010912768 [MSELoss(): t(0,0)_r(0,0)_combi_pTrue_gTrue]
	 Logging test loss: 8.2752e-06 [MSELoss(): t(0,0)_r(0,0)_combi_pTrue_gTrue]
	 Logging test loss: 7.708e-06 [MSELoss(): t(0,0)_r(0,0)_full_pTrue_gTrue]
	 Logging test loss: 9.7375e-06 [MSELoss(): t(0,0)_r(0,0)_tennis_pTrue_gTrue]
	 Logging test loss: 1.07069e-05 [MSELoss(): t(0,0)_r(0,0)_semi_pTrue_gTrue]
		--> Epoch time; 30.87439513206482
Epoch 1/9
	 Logging train Loss: 4.7007e-06 [MSELoss(): t(0,0)_r(0,0)_combi_pTrue_gTrue]
	 Logging test loss: 1.9828e-06 [MSELoss(): t(0,0)_r(0,0)_combi_pTrue_gTrue]
	 Logging test loss: 1.6698e-06 [MSELoss(): t(0,0)_r(0,0)_full_pTrue_gTrue]
	 Logging test loss: 2.4578e-06 [MSELoss(): t(0,0)_r(0,0)_tennis_pTrue_gTrue]
	 Logging test loss: 2.6461e-06 [MSELoss(): t(0,0)_r(0,0)_semi_pTrue_gTrue]
		--> Epoch time; 30.944705486297607
Epoch 2/9
	 Logging train Loss: 9.768e-07 [MSELoss(): t(0,0)_r(0,0)_combi_pTrue_gTrue]
	 Logging test loss: 6.309e-07 [MSELoss(): t(0,0)_r(0,0)_combi_pTrue_gTrue]
	 Logging test loss: 4.864e-07 [MSELoss(): t(0,0)_r(0,0)_full_pTrue_gTrue]
	 Logging test loss: 8.16e-07 [MSELoss(): t(0,0)_r(0,0)_tennis_pTrue_gTrue]
	 Logging test loss: 8.493e-07 [MSELoss(): t(0,0)_r(0,0)_semi_pTrue_gTrue]
		--> Epoch time; 30.719758987426758
Epoch 3/9
	 Logging train Loss: 7.479e-07 [MSELoss(): t(0,0)_r(0,0)_combi_pTrue_gTrue]
	 Logging test loss: 4.422e-07 [MSELoss(): t(0,0)_r(0,0)_combi_pTrue_gTrue]
	 Logging test loss: 3.703e-07 [MSELoss(): t(0,0)_r(0,0)_full_pTrue_gTrue]
	 Logging test loss: 5.412e-07 [MSELoss(): t(0,0)_r(0,0)_tennis_pTrue_gTrue]
	 Logging test loss: 5.807e-07 [MSELoss(): t(0,0)_r(0,0)_semi_pTrue_gTrue]
		--> Epoch time; 30.71897029876709
Epoch 4/9
	 Logging train Loss: 1.0601e-06 [MSELoss(): t(0,0)_r(0,0)_combi_pTrue_gTrue]
	 Logging test loss: 8.7879e-06 [MSELoss(): t(0,0)_r(0,0)_combi_pTrue_gTrue]
	 Logging test loss: 7.554e-07 [MSELoss(): t(0,0)_r(0,0)_full_pTrue_gTrue]
	 Logging test loss: 1.63849e-05 [MSELoss(): t(0,0)_r(0,0)_tennis_pTrue_gTrue]
	 Logging test loss: 1.52082e-05 [MSELoss(): t(0,0)_r(0,0)_semi_pTrue_gTrue]
		--> Epoch time; 30.72752809524536
Epoch 5/9
	 Logging train Loss: 1.4707e-06 [MSELoss(): t(0,0)_r(0,0)_combi_pTrue_gTrue]
	 Logging test loss: 4.434e-07 [MSELoss(): t(0,0)_r(0,0)_combi_pTrue_gTrue]
	 Logging test loss: 2.058e-07 [MSELoss(): t(0,0)_r(0,0)_full_pTrue_gTrue]
	 Logging test loss: 6.801e-07 [MSELoss(): t(0,0)_r(0,0)_tennis_pTrue_gTrue]
	 Logging test loss: 6.521e-07 [MSELoss(): t(0,0)_r(0,0)_semi_pTrue_gTrue]
		--> Epoch time; 30.729350805282593
Epoch 6/9
	 Logging train Loss: 1.4256e-06 [MSELoss(): t(0,0)_r(0,0)_combi_pTrue_gTrue]
	 Logging test loss: 2.578e-07 [MSELoss(): t(0,0)_r(0,0)_combi_pTrue_gTrue]
	 Logging test loss: 1.304e-07 [MSELoss(): t(0,0)_r(0,0)_full_pTrue_gTrue]
	 Logging test loss: 3.829e-07 [MSELoss(): t(0,0)_r(0,0)_tennis_pTrue_gTrue]
	 Logging test loss: 3.799e-07 [MSELoss(): t(0,0)_r(0,0)_semi_pTrue_gTrue]
		--> Epoch time; 30.495190143585205
Epoch 7/9
	 Logging train Loss: 2.2284e-06 [MSELoss(): t(0,0)_r(0,0)_combi_pTrue_gTrue]
	 Logging test loss: 8.92e-08 [MSELoss(): t(0,0)_r(0,0)_combi_pTrue_gTrue]
	 Logging test loss: 6.68e-08 [MSELoss(): t(0,0)_r(0,0)_full_pTrue_gTrue]
	 Logging test loss: 1.205e-07 [MSELoss(): t(0,0)_r(0,0)_tennis_pTrue_gTrue]
	 Logging test loss: 1.268e-07 [MSELoss(): t(0,0)_r(0,0)_semi_pTrue_gTrue]
		--> Epoch time; 30.89566731452942
Epoch 8/9
	 Logging train Loss: 1.5581e-06 [MSELoss(): t(0,0)_r(0,0)_combi_pTrue_gTrue]
	 Logging test loss: 6.6897e-06 [MSELoss(): t(0,0)_r(0,0)_combi_pTrue_gTrue]
	 Logging test loss: 7.77e-07 [MSELoss(): t(0,0)_r(0,0)_full_pTrue_gTrue]
	 Logging test loss: 1.19632e-05 [MSELoss(): t(0,0)_r(0,0)_tennis_pTrue_gTrue]
	 Logging test loss: 1.12179e-05 [MSELoss(): t(0,0)_r(0,0)_semi_pTrue_gTrue]
		--> Epoch time; 30.689741134643555
Epoch 9/9
	 Logging train Loss: 1.157e-06 [MSELoss(): t(0,0)_r(0,0)_combi_pTrue_gTrue]
	 Logging test loss: 6.594e-07 [MSELoss(): t(0,0)_r(0,0)_combi_pTrue_gTrue]
	 Logging test loss: 7.88e-08 [MSELoss(): t(0,0)_r(0,0)_full_pTrue_gTrue]
	 Logging test loss: 1.2543e-06 [MSELoss(): t(0,0)_r(0,0)_tennis_pTrue_gTrue]
	 Logging test loss: 1.1412e-06 [MSELoss(): t(0,0)_r(0,0)_semi_pTrue_gTrue]
		--> Epoch time; 30.86116075515747
Saved model in  trained_models/gru/data_t(0,0)_r(0,0)_combi_pTrue_gTrue/'quat_1'_'False'.pth
It took  420.9379985332489  seconds.
----- ITERATION 7/10 ------
Number of train simulations:  1920
Number of test simulations:  480
The dataloader for data/data_t(0,0)_r(0,0)_combi_pTrue_gTrue took 50.01727533340454 seconds.
-- Finished Train Dataloader --
The dataloader for data/data_t(0,0)_r(0,0)_combi_pTrue_gTrue took 12.515249013900757 seconds.
The dataloader for data/data_t(0,0)_r(0,0)_full_pTrue_gTrue took 12.987317562103271 seconds.
The dataloader for data/data_t(0,0)_r(0,0)_tennis_pTrue_gTrue took 12.98494839668274 seconds.
The dataloader for data/data_t(0,0)_r(0,0)_semi_pTrue_gTrue took 12.980156898498535 seconds.
-- Finished Test Dataloader(s) --
GRU(
  (rnn): GRU(7, 96, batch_first=True)
  (fc): Linear(in_features=96, out_features=7, bias=True)
)
Datatype: quat_1
-- Started Training --
Epoch 0/9
	 Logging train Loss: 0.0002353582 [MSELoss(): t(0,0)_r(0,0)_combi_pTrue_gTrue]
	 Logging test loss: 2.0875e-06 [MSELoss(): t(0,0)_r(0,0)_combi_pTrue_gTrue]
	 Logging test loss: 1.8836e-06 [MSELoss(): t(0,0)_r(0,0)_full_pTrue_gTrue]
	 Logging test loss: 2.5036e-06 [MSELoss(): t(0,0)_r(0,0)_tennis_pTrue_gTrue]
	 Logging test loss: 3.3288e-06 [MSELoss(): t(0,0)_r(0,0)_semi_pTrue_gTrue]
		--> Epoch time; 30.949573040008545
Epoch 1/9
wandb: Waiting for W&B process to finish... (success).
wandb: 
wandb: Run history:
wandb:                                      Epoch â–â–‚â–ƒâ–ƒâ–„â–…â–†â–†â–‡â–ˆ
wandb:  Test loss t(0,0)_r(0,0)_combi_pTrue_gTrue â–‚â–â–â–â–â–ˆâ–…â–â–â–
wandb:   Test loss t(0,0)_r(0,0)_full_pTrue_gTrue â–ˆâ–‚â–‚â–‚â–â–…â–ƒâ–â–â–
wandb:   Test loss t(0,0)_r(0,0)_semi_pTrue_gTrue â–‚â–â–â–â–â–ˆâ–…â–â–â–
wandb: Test loss t(0,0)_r(0,0)_tennis_pTrue_gTrue â–‚â–â–â–â–â–ˆâ–…â–â–â–
wandb:                                 Train loss â–ˆâ–â–â–â–â–â–â–â–â–
wandb: 
wandb: Run summary:
wandb:                                      Epoch 9
wandb:  Test loss t(0,0)_r(0,0)_combi_pTrue_gTrue 0.0
wandb:   Test loss t(0,0)_r(0,0)_full_pTrue_gTrue 0.0
wandb:   Test loss t(0,0)_r(0,0)_semi_pTrue_gTrue 0.0
wandb: Test loss t(0,0)_r(0,0)_tennis_pTrue_gTrue 0.0
wandb:                                 Train loss 0.0
wandb: 
wandb: ðŸš€ View run trim-music-851 at: https://wandb.ai/nreints/ThesisFinal2/runs/p4bft1cf
wandb: Synced 6 W&B file(s), 0 media file(s), 3 artifact file(s) and 1 other file(s)
wandb: Find logs at: ./wandb/run-20230709_173602-p4bft1cf/logs
wandb: - Waiting for wandb.init()...wandb: \ Waiting for wandb.init()...wandb: wandb version 0.15.5 is available!  To upgrade, please run:
wandb:  $ pip install wandb --upgrade
wandb: Tracking run with wandb version 0.14.0
wandb: Run data is saved locally in /gpfs/home2/nreints/MScThesis/code/wandb/run-20230709_174305-aech5cn1
wandb: Run `wandb offline` to turn off syncing.
wandb: Syncing run decent-fog-873
wandb: â­ï¸ View project at https://wandb.ai/nreints/ThesisFinal2
wandb: ðŸš€ View run at https://wandb.ai/nreints/ThesisFinal2/runs/aech5cn1
	 Logging train Loss: 9.911e-07 [MSELoss(): t(0,0)_r(0,0)_combi_pTrue_gTrue]
	 Logging test loss: 4.995e-07 [MSELoss(): t(0,0)_r(0,0)_combi_pTrue_gTrue]
	 Logging test loss: 4.083e-07 [MSELoss(): t(0,0)_r(0,0)_full_pTrue_gTrue]
	 Logging test loss: 6.431e-07 [MSELoss(): t(0,0)_r(0,0)_tennis_pTrue_gTrue]
	 Logging test loss: 8.398e-07 [MSELoss(): t(0,0)_r(0,0)_semi_pTrue_gTrue]
		--> Epoch time; 31.07979702949524
Epoch 2/9
	 Logging train Loss: 1.066e-06 [MSELoss(): t(0,0)_r(0,0)_combi_pTrue_gTrue]
	 Logging test loss: 3.251e-07 [MSELoss(): t(0,0)_r(0,0)_combi_pTrue_gTrue]
	 Logging test loss: 2.993e-07 [MSELoss(): t(0,0)_r(0,0)_full_pTrue_gTrue]
	 Logging test loss: 3.765e-07 [MSELoss(): t(0,0)_r(0,0)_tennis_pTrue_gTrue]
	 Logging test loss: 5.129e-07 [MSELoss(): t(0,0)_r(0,0)_semi_pTrue_gTrue]
		--> Epoch time; 30.772080898284912
Epoch 3/9
	 Logging train Loss: 1.6663e-06 [MSELoss(): t(0,0)_r(0,0)_combi_pTrue_gTrue]
	 Logging test loss: 2.363e-07 [MSELoss(): t(0,0)_r(0,0)_combi_pTrue_gTrue]
	 Logging test loss: 2.155e-07 [MSELoss(): t(0,0)_r(0,0)_full_pTrue_gTrue]
	 Logging test loss: 2.736e-07 [MSELoss(): t(0,0)_r(0,0)_tennis_pTrue_gTrue]
	 Logging test loss: 3.659e-07 [MSELoss(): t(0,0)_r(0,0)_semi_pTrue_gTrue]
		--> Epoch time; 30.89781665802002
Epoch 4/9
	 Logging train Loss: 1.14e-06 [MSELoss(): t(0,0)_r(0,0)_combi_pTrue_gTrue]
	 Logging test loss: 1.677e-07 [MSELoss(): t(0,0)_r(0,0)_combi_pTrue_gTrue]
	 Logging test loss: 1.459e-07 [MSELoss(): t(0,0)_r(0,0)_full_pTrue_gTrue]
	 Logging test loss: 1.993e-07 [MSELoss(): t(0,0)_r(0,0)_tennis_pTrue_gTrue]
	 Logging test loss: 2.585e-07 [MSELoss(): t(0,0)_r(0,0)_semi_pTrue_gTrue]
		--> Epoch time; 30.83878803253174
Epoch 5/9
	 Logging train Loss: 1.1404e-06 [MSELoss(): t(0,0)_r(0,0)_combi_pTrue_gTrue]
	 Logging test loss: 1.42161e-05 [MSELoss(): t(0,0)_r(0,0)_combi_pTrue_gTrue]
	 Logging test loss: 1.0669e-06 [MSELoss(): t(0,0)_r(0,0)_full_pTrue_gTrue]
	 Logging test loss: 2.93303e-05 [MSELoss(): t(0,0)_r(0,0)_tennis_pTrue_gTrue]
	 Logging test loss: 2.63872e-05 [MSELoss(): t(0,0)_r(0,0)_semi_pTrue_gTrue]
		--> Epoch time; 30.86719799041748
Epoch 6/9
	 Logging train Loss: 1.4799e-06 [MSELoss(): t(0,0)_r(0,0)_combi_pTrue_gTrue]
	 Logging test loss: 8.1024e-06 [MSELoss(): t(0,0)_r(0,0)_combi_pTrue_gTrue]
	 Logging test loss: 4.575e-07 [MSELoss(): t(0,0)_r(0,0)_full_pTrue_gTrue]
	 Logging test loss: 1.66224e-05 [MSELoss(): t(0,0)_r(0,0)_tennis_pTrue_gTrue]
	 Logging test loss: 1.51724e-05 [MSELoss(): t(0,0)_r(0,0)_semi_pTrue_gTrue]
		--> Epoch time; 30.707226514816284
Epoch 7/9
	 Logging train Loss: 7.925e-07 [MSELoss(): t(0,0)_r(0,0)_combi_pTrue_gTrue]
	 Logging test loss: 1.23e-07 [MSELoss(): t(0,0)_r(0,0)_combi_pTrue_gTrue]
	 Logging test loss: 7.26e-08 [MSELoss(): t(0,0)_r(0,0)_full_pTrue_gTrue]
	 Logging test loss: 1.865e-07 [MSELoss(): t(0,0)_r(0,0)_tennis_pTrue_gTrue]
	 Logging test loss: 1.892e-07 [MSELoss(): t(0,0)_r(0,0)_semi_pTrue_gTrue]
		--> Epoch time; 30.731637716293335
Epoch 8/9
	 Logging train Loss: 9.243e-07 [MSELoss(): t(0,0)_r(0,0)_combi_pTrue_gTrue]
	 Logging test loss: 7.69e-08 [MSELoss(): t(0,0)_r(0,0)_combi_pTrue_gTrue]
	 Logging test loss: 3e-08 [MSELoss(): t(0,0)_r(0,0)_full_pTrue_gTrue]
	 Logging test loss: 1.283e-07 [MSELoss(): t(0,0)_r(0,0)_tennis_pTrue_gTrue]
	 Logging test loss: 1.339e-07 [MSELoss(): t(0,0)_r(0,0)_semi_pTrue_gTrue]
		--> Epoch time; 31.484159231185913
Epoch 9/9
	 Logging train Loss: 8.849e-07 [MSELoss(): t(0,0)_r(0,0)_combi_pTrue_gTrue]
	 Logging test loss: 7.721e-07 [MSELoss(): t(0,0)_r(0,0)_combi_pTrue_gTrue]
	 Logging test loss: 7.73e-08 [MSELoss(): t(0,0)_r(0,0)_full_pTrue_gTrue]
	 Logging test loss: 1.6855e-06 [MSELoss(): t(0,0)_r(0,0)_tennis_pTrue_gTrue]
	 Logging test loss: 1.4693e-06 [MSELoss(): t(0,0)_r(0,0)_semi_pTrue_gTrue]
		--> Epoch time; 31.339375019073486
Saved model in  trained_models/gru/data_t(0,0)_r(0,0)_combi_pTrue_gTrue/'quat_1'_'False'.pth
It took  422.96080255508423  seconds.
----- ITERATION 8/10 ------
Number of train simulations:  1920
Number of test simulations:  480
The dataloader for data/data_t(0,0)_r(0,0)_combi_pTrue_gTrue took 49.926228523254395 seconds.
-- Finished Train Dataloader --
The dataloader for data/data_t(0,0)_r(0,0)_combi_pTrue_gTrue took 12.439962148666382 seconds.
The dataloader for data/data_t(0,0)_r(0,0)_full_pTrue_gTrue took 12.961629390716553 seconds.
The dataloader for data/data_t(0,0)_r(0,0)_tennis_pTrue_gTrue took 12.960357904434204 seconds.
The dataloader for data/data_t(0,0)_r(0,0)_semi_pTrue_gTrue took 13.011966943740845 seconds.
-- Finished Test Dataloader(s) --
GRU(
  (rnn): GRU(7, 96, batch_first=True)
  (fc): Linear(in_features=96, out_features=7, bias=True)
)
Datatype: quat_1
-- Started Training --
Epoch 0/9
	 Logging train Loss: 0.0003492703 [MSELoss(): t(0,0)_r(0,0)_combi_pTrue_gTrue]
	 Logging test loss: 3.3093e-06 [MSELoss(): t(0,0)_r(0,0)_combi_pTrue_gTrue]
	 Logging test loss: 2.9961e-06 [MSELoss(): t(0,0)_r(0,0)_full_pTrue_gTrue]
	 Logging test loss: 4.7221e-06 [MSELoss(): t(0,0)_r(0,0)_tennis_pTrue_gTrue]
	 Logging test loss: 4.3006e-06 [MSELoss(): t(0,0)_r(0,0)_semi_pTrue_gTrue]
		--> Epoch time; 30.618990421295166
Epoch 1/9
	 Logging train Loss: 1.1438e-06 [MSELoss(): t(0,0)_r(0,0)_combi_pTrue_gTrue]
	 Logging test loss: 5.501e-07 [MSELoss(): t(0,0)_r(0,0)_combi_pTrue_gTrue]
	 Logging test loss: 3.984e-07 [MSELoss(): t(0,0)_r(0,0)_full_pTrue_gTrue]
	 Logging test loss: 8.717e-07 [MSELoss(): t(0,0)_r(0,0)_tennis_pTrue_gTrue]
	 Logging test loss: 7.583e-07 [MSELoss(): t(0,0)_r(0,0)_semi_pTrue_gTrue]
		--> Epoch time; 30.77156686782837
Epoch 2/9
	 Logging train Loss: 4.323e-07 [MSELoss(): t(0,0)_r(0,0)_combi_pTrue_gTrue]
	 Logging test loss: 4.22e-07 [MSELoss(): t(0,0)_r(0,0)_combi_pTrue_gTrue]
	 Logging test loss: 2.754e-07 [MSELoss(): t(0,0)_r(0,0)_full_pTrue_gTrue]
	 Logging test loss: 6.604e-07 [MSELoss(): t(0,0)_r(0,0)_tennis_pTrue_gTrue]
	 Logging test loss: 5.978e-07 [MSELoss(): t(0,0)_r(0,0)_semi_pTrue_gTrue]
		--> Epoch time; 30.6153666973114
Epoch 3/9
	 Logging train Loss: 7.564e-07 [MSELoss(): t(0,0)_r(0,0)_combi_pTrue_gTrue]
	 Logging test loss: 1.6485e-06 [MSELoss(): t(0,0)_r(0,0)_combi_pTrue_gTrue]
	 Logging test loss: 2.751e-07 [MSELoss(): t(0,0)_r(0,0)_full_pTrue_gTrue]
	 Logging test loss: 3.31e-06 [MSELoss(): t(0,0)_r(0,0)_tennis_pTrue_gTrue]
	 Logging test loss: 2.9042e-06 [MSELoss(): t(0,0)_r(0,0)_semi_pTrue_gTrue]
		--> Epoch time; 30.865568161010742
Epoch 4/9
	 Logging train Loss: 1.1652e-06 [MSELoss(): t(0,0)_r(0,0)_combi_pTrue_gTrue]
	 Logging test loss: 1.529e-07 [MSELoss(): t(0,0)_r(0,0)_combi_pTrue_gTrue]
	 Logging test loss: 9.89e-08 [MSELoss(): t(0,0)_r(0,0)_full_pTrue_gTrue]
	 Logging test loss: 2.454e-07 [MSELoss(): t(0,0)_r(0,0)_tennis_pTrue_gTrue]
	 Logging test loss: 2.15e-07 [MSELoss(): t(0,0)_r(0,0)_semi_pTrue_gTrue]
		--> Epoch time; 30.825893878936768
Epoch 5/9
	 Logging train Loss: 1.5824e-06 [MSELoss(): t(0,0)_r(0,0)_combi_pTrue_gTrue]
	 Logging test loss: 1.206e-07 [MSELoss(): t(0,0)_r(0,0)_combi_pTrue_gTrue]
	 Logging test loss: 6.65e-08 [MSELoss(): t(0,0)_r(0,0)_full_pTrue_gTrue]
	 Logging test loss: 2.009e-07 [MSELoss(): t(0,0)_r(0,0)_tennis_pTrue_gTrue]
	 Logging test loss: 1.728e-07 [MSELoss(): t(0,0)_r(0,0)_semi_pTrue_gTrue]
		--> Epoch time; 30.968283891677856
Epoch 6/9
	 Logging train Loss: 1.0642e-06 [MSELoss(): t(0,0)_r(0,0)_combi_pTrue_gTrue]
	 Logging test loss: 8.508e-07 [MSELoss(): t(0,0)_r(0,0)_combi_pTrue_gTrue]
	 Logging test loss: 9.71e-08 [MSELoss(): t(0,0)_r(0,0)_full_pTrue_gTrue]
	 Logging test loss: 1.6981e-06 [MSELoss(): t(0,0)_r(0,0)_tennis_pTrue_gTrue]
	 Logging test loss: 1.5181e-06 [MSELoss(): t(0,0)_r(0,0)_semi_pTrue_gTrue]
		--> Epoch time; 30.77245330810547
Epoch 7/9
	 Logging train Loss: 1.1323e-06 [MSELoss(): t(0,0)_r(0,0)_combi_pTrue_gTrue]
	 Logging test loss: 1.33702e-05 [MSELoss(): t(0,0)_r(0,0)_combi_pTrue_gTrue]
	 Logging test loss: 1.8286e-06 [MSELoss(): t(0,0)_r(0,0)_full_pTrue_gTrue]
	 Logging test loss: 2.50145e-05 [MSELoss(): t(0,0)_r(0,0)_tennis_pTrue_gTrue]
	 Logging test loss: 2.42069e-05 [MSELoss(): t(0,0)_r(0,0)_semi_pTrue_gTrue]
		--> Epoch time; 30.709320783615112
Epoch 8/9
wandb: Waiting for W&B process to finish... (success).
wandb: 
wandb: Run history:
wandb:                                      Epoch â–â–‚â–ƒâ–ƒâ–„â–…â–†â–†â–‡â–ˆ
wandb:  Test loss t(0,0)_r(0,0)_combi_pTrue_gTrue â–ƒâ–â–â–‚â–â–â–â–ˆâ–â–
wandb:   Test loss t(0,0)_r(0,0)_full_pTrue_gTrue â–ˆâ–‚â–‚â–‚â–â–â–â–…â–â–
wandb:   Test loss t(0,0)_r(0,0)_semi_pTrue_gTrue â–‚â–â–â–‚â–â–â–â–ˆâ–â–
wandb: Test loss t(0,0)_r(0,0)_tennis_pTrue_gTrue â–‚â–â–â–‚â–â–â–â–ˆâ–â–
wandb:                                 Train loss â–ˆâ–â–â–â–â–â–â–â–â–
wandb: 
wandb: Run summary:
wandb:                                      Epoch 9
wandb:  Test loss t(0,0)_r(0,0)_combi_pTrue_gTrue 0.0
wandb:   Test loss t(0,0)_r(0,0)_full_pTrue_gTrue 0.0
wandb:   Test loss t(0,0)_r(0,0)_semi_pTrue_gTrue 0.0
wandb: Test loss t(0,0)_r(0,0)_tennis_pTrue_gTrue 0.0
wandb:                                 Train loss 0.0
wandb: 
wandb: ðŸš€ View run decent-fog-873 at: https://wandb.ai/nreints/ThesisFinal2/runs/aech5cn1
wandb: Synced 6 W&B file(s), 0 media file(s), 3 artifact file(s) and 1 other file(s)
wandb: Find logs at: ./wandb/run-20230709_174305-aech5cn1/logs
wandb: - Waiting for wandb.init()...wandb: \ Waiting for wandb.init()...wandb: wandb version 0.15.5 is available!  To upgrade, please run:
wandb:  $ pip install wandb --upgrade
wandb: Tracking run with wandb version 0.14.0
wandb: Run data is saved locally in /gpfs/home2/nreints/MScThesis/code/wandb/run-20230709_175008-40ykpao6
wandb: Run `wandb offline` to turn off syncing.
wandb: Syncing run fast-flower-887
wandb: â­ï¸ View project at https://wandb.ai/nreints/ThesisFinal2
wandb: ðŸš€ View run at https://wandb.ai/nreints/ThesisFinal2/runs/40ykpao6
wandb: Waiting for W&B process to finish... (success).
wandb: 
wandb: Run history:
wandb:                                      Epoch â–â–‚â–ƒâ–ƒâ–„â–…â–†â–†â–‡â–ˆ
wandb:  Test loss t(0,0)_r(0,0)_combi_pTrue_gTrue â–ˆâ–‚â–‚â–…â–â–â–â–‚â–â–
wandb:   Test loss t(0,0)_r(0,0)_full_pTrue_gTrue â–ˆâ–‚â–‚â–‚â–â–â–â–‚â–â–
wandb:   Test loss t(0,0)_r(0,0)_semi_pTrue_gTrue â–ˆâ–‚â–‚â–‡â–â–â–â–ƒâ–â–
wandb: Test loss t(0,0)_r(0,0)_tennis_pTrue_gTrue â–ˆâ–‚â–‚â–‡â–â–â–â–ƒâ–â–
wandb:                                 Train loss â–ˆâ–â–â–â–â–â–â–â–â–
wandb: 
wandb: Run summary:
wandb:                                      Epoch 9
wandb:  Test loss t(0,0)_r(0,0)_combi_pTrue_gTrue 0.0
wandb:   Test loss t(0,0)_r(0,0)_full_pTrue_gTrue 0.0
wandb:   Test loss t(0,0)_r(0,0)_semi_pTrue_gTrue 0.0
wandb: Test loss t(0,0)_r(0,0)_tennis_pTrue_gTrue 0.0
wandb:                                 Train loss 0.0
wandb: 
wandb: ðŸš€ View run fast-flower-887 at: https://wandb.ai/nreints/ThesisFinal2/runs/40ykpao6
wandb: Synced 6 W&B file(s), 0 media file(s), 3 artifact file(s) and 1 other file(s)
wandb: Find logs at: ./wandb/run-20230709_175008-40ykpao6/logs
wandb: - Waiting for wandb.init()...wandb: \ Waiting for wandb.init()...wandb: wandb version 0.15.5 is available!  To upgrade, please run:
wandb:  $ pip install wandb --upgrade
wandb: Tracking run with wandb version 0.14.0
wandb: Run data is saved locally in /gpfs/home2/nreints/MScThesis/code/wandb/run-20230709_175710-32n197o4
wandb: Run `wandb offline` to turn off syncing.
wandb: Syncing run peachy-capybara-908
wandb: â­ï¸ View project at https://wandb.ai/nreints/ThesisFinal2
wandb: ðŸš€ View run at https://wandb.ai/nreints/ThesisFinal2/runs/32n197o4
	 Logging train Loss: 9.321e-07 [MSELoss(): t(0,0)_r(0,0)_combi_pTrue_gTrue]
	 Logging test loss: 1.522e-07 [MSELoss(): t(0,0)_r(0,0)_combi_pTrue_gTrue]
	 Logging test loss: 4.06e-08 [MSELoss(): t(0,0)_r(0,0)_full_pTrue_gTrue]
	 Logging test loss: 2.832e-07 [MSELoss(): t(0,0)_r(0,0)_tennis_pTrue_gTrue]
	 Logging test loss: 2.545e-07 [MSELoss(): t(0,0)_r(0,0)_semi_pTrue_gTrue]
		--> Epoch time; 30.76061701774597
Epoch 9/9
	 Logging train Loss: 8.681e-07 [MSELoss(): t(0,0)_r(0,0)_combi_pTrue_gTrue]
	 Logging test loss: 4.43e-08 [MSELoss(): t(0,0)_r(0,0)_combi_pTrue_gTrue]
	 Logging test loss: 2.37e-08 [MSELoss(): t(0,0)_r(0,0)_full_pTrue_gTrue]
	 Logging test loss: 7.68e-08 [MSELoss(): t(0,0)_r(0,0)_tennis_pTrue_gTrue]
	 Logging test loss: 6.24e-08 [MSELoss(): t(0,0)_r(0,0)_semi_pTrue_gTrue]
		--> Epoch time; 30.87368369102478
Saved model in  trained_models/gru/data_t(0,0)_r(0,0)_combi_pTrue_gTrue/'quat_1'_'False'.pth
It took  423.15529561042786  seconds.
----- ITERATION 9/10 ------
Number of train simulations:  1920
Number of test simulations:  480
The dataloader for data/data_t(0,0)_r(0,0)_combi_pTrue_gTrue took 49.94740319252014 seconds.
-- Finished Train Dataloader --
The dataloader for data/data_t(0,0)_r(0,0)_combi_pTrue_gTrue took 12.497040510177612 seconds.
The dataloader for data/data_t(0,0)_r(0,0)_full_pTrue_gTrue took 12.948267936706543 seconds.
The dataloader for data/data_t(0,0)_r(0,0)_tennis_pTrue_gTrue took 12.97778582572937 seconds.
The dataloader for data/data_t(0,0)_r(0,0)_semi_pTrue_gTrue took 12.974526405334473 seconds.
-- Finished Test Dataloader(s) --
GRU(
  (rnn): GRU(7, 96, batch_first=True)
  (fc): Linear(in_features=96, out_features=7, bias=True)
)
Datatype: quat_1
-- Started Training --
Epoch 0/9
	 Logging train Loss: 0.0001813428 [MSELoss(): t(0,0)_r(0,0)_combi_pTrue_gTrue]
	 Logging test loss: 4.044e-06 [MSELoss(): t(0,0)_r(0,0)_combi_pTrue_gTrue]
	 Logging test loss: 2.6426e-06 [MSELoss(): t(0,0)_r(0,0)_full_pTrue_gTrue]
	 Logging test loss: 4.7469e-06 [MSELoss(): t(0,0)_r(0,0)_tennis_pTrue_gTrue]
	 Logging test loss: 4.6964e-06 [MSELoss(): t(0,0)_r(0,0)_semi_pTrue_gTrue]
		--> Epoch time; 30.69683003425598
Epoch 1/9
	 Logging train Loss: 1.4087e-06 [MSELoss(): t(0,0)_r(0,0)_combi_pTrue_gTrue]
	 Logging test loss: 6.592e-07 [MSELoss(): t(0,0)_r(0,0)_combi_pTrue_gTrue]
	 Logging test loss: 3.961e-07 [MSELoss(): t(0,0)_r(0,0)_full_pTrue_gTrue]
	 Logging test loss: 8.134e-07 [MSELoss(): t(0,0)_r(0,0)_tennis_pTrue_gTrue]
	 Logging test loss: 7.942e-07 [MSELoss(): t(0,0)_r(0,0)_semi_pTrue_gTrue]
		--> Epoch time; 30.809561014175415
Epoch 2/9
	 Logging train Loss: 1.9734e-06 [MSELoss(): t(0,0)_r(0,0)_combi_pTrue_gTrue]
	 Logging test loss: 4.508e-07 [MSELoss(): t(0,0)_r(0,0)_combi_pTrue_gTrue]
	 Logging test loss: 2.88e-07 [MSELoss(): t(0,0)_r(0,0)_full_pTrue_gTrue]
	 Logging test loss: 5.418e-07 [MSELoss(): t(0,0)_r(0,0)_tennis_pTrue_gTrue]
	 Logging test loss: 5.339e-07 [MSELoss(): t(0,0)_r(0,0)_semi_pTrue_gTrue]
		--> Epoch time; 30.728501558303833
Epoch 3/9
	 Logging train Loss: 1.5808e-06 [MSELoss(): t(0,0)_r(0,0)_combi_pTrue_gTrue]
	 Logging test loss: 2.326e-06 [MSELoss(): t(0,0)_r(0,0)_combi_pTrue_gTrue]
	 Logging test loss: 3.951e-07 [MSELoss(): t(0,0)_r(0,0)_full_pTrue_gTrue]
	 Logging test loss: 4.0583e-06 [MSELoss(): t(0,0)_r(0,0)_tennis_pTrue_gTrue]
	 Logging test loss: 3.7093e-06 [MSELoss(): t(0,0)_r(0,0)_semi_pTrue_gTrue]
		--> Epoch time; 30.81184434890747
Epoch 4/9
	 Logging train Loss: 1.6505e-06 [MSELoss(): t(0,0)_r(0,0)_combi_pTrue_gTrue]
	 Logging test loss: 2.061e-07 [MSELoss(): t(0,0)_r(0,0)_combi_pTrue_gTrue]
	 Logging test loss: 1.189e-07 [MSELoss(): t(0,0)_r(0,0)_full_pTrue_gTrue]
	 Logging test loss: 2.564e-07 [MSELoss(): t(0,0)_r(0,0)_tennis_pTrue_gTrue]
	 Logging test loss: 2.527e-07 [MSELoss(): t(0,0)_r(0,0)_semi_pTrue_gTrue]
		--> Epoch time; 30.83104705810547
Epoch 5/9
	 Logging train Loss: 1.3133e-06 [MSELoss(): t(0,0)_r(0,0)_combi_pTrue_gTrue]
	 Logging test loss: 1.122e-07 [MSELoss(): t(0,0)_r(0,0)_combi_pTrue_gTrue]
	 Logging test loss: 5.84e-08 [MSELoss(): t(0,0)_r(0,0)_full_pTrue_gTrue]
	 Logging test loss: 1.426e-07 [MSELoss(): t(0,0)_r(0,0)_tennis_pTrue_gTrue]
	 Logging test loss: 1.381e-07 [MSELoss(): t(0,0)_r(0,0)_semi_pTrue_gTrue]
		--> Epoch time; 30.63033175468445
Epoch 6/9
	 Logging train Loss: 1.018e-06 [MSELoss(): t(0,0)_r(0,0)_combi_pTrue_gTrue]
	 Logging test loss: 7.8e-08 [MSELoss(): t(0,0)_r(0,0)_combi_pTrue_gTrue]
	 Logging test loss: 3.09e-08 [MSELoss(): t(0,0)_r(0,0)_full_pTrue_gTrue]
	 Logging test loss: 1.083e-07 [MSELoss(): t(0,0)_r(0,0)_tennis_pTrue_gTrue]
	 Logging test loss: 1.004e-07 [MSELoss(): t(0,0)_r(0,0)_semi_pTrue_gTrue]
		--> Epoch time; 30.813535928726196
Epoch 7/9
	 Logging train Loss: 6.579e-07 [MSELoss(): t(0,0)_r(0,0)_combi_pTrue_gTrue]
	 Logging test loss: 8.393e-07 [MSELoss(): t(0,0)_r(0,0)_combi_pTrue_gTrue]
	 Logging test loss: 2.394e-07 [MSELoss(): t(0,0)_r(0,0)_full_pTrue_gTrue]
	 Logging test loss: 1.3615e-06 [MSELoss(): t(0,0)_r(0,0)_tennis_pTrue_gTrue]
	 Logging test loss: 1.355e-06 [MSELoss(): t(0,0)_r(0,0)_semi_pTrue_gTrue]
		--> Epoch time; 30.634067058563232
Epoch 8/9
	 Logging train Loss: 7.117e-07 [MSELoss(): t(0,0)_r(0,0)_combi_pTrue_gTrue]
	 Logging test loss: 8.71e-08 [MSELoss(): t(0,0)_r(0,0)_combi_pTrue_gTrue]
	 Logging test loss: 2.78e-08 [MSELoss(): t(0,0)_r(0,0)_full_pTrue_gTrue]
	 Logging test loss: 1.315e-07 [MSELoss(): t(0,0)_r(0,0)_tennis_pTrue_gTrue]
	 Logging test loss: 1.205e-07 [MSELoss(): t(0,0)_r(0,0)_semi_pTrue_gTrue]
		--> Epoch time; 31.08396863937378
Epoch 9/9
	 Logging train Loss: 7.454e-07 [MSELoss(): t(0,0)_r(0,0)_combi_pTrue_gTrue]
	 Logging test loss: 5.96e-08 [MSELoss(): t(0,0)_r(0,0)_combi_pTrue_gTrue]
	 Logging test loss: 2.2e-08 [MSELoss(): t(0,0)_r(0,0)_full_pTrue_gTrue]
	 Logging test loss: 8.58e-08 [MSELoss(): t(0,0)_r(0,0)_tennis_pTrue_gTrue]
	 Logging test loss: 7.52e-08 [MSELoss(): t(0,0)_r(0,0)_semi_pTrue_gTrue]
		--> Epoch time; 30.642122745513916
Saved model in  trained_models/gru/data_t(0,0)_r(0,0)_combi_pTrue_gTrue/'quat_1'_'False'.pth
It took  421.97168731689453  seconds.
----- ITERATION 10/10 ------
Number of train simulations:  1920
Number of test simulations:  480
The dataloader for data/data_t(0,0)_r(0,0)_combi_pTrue_gTrue took 50.195674896240234 seconds.
-- Finished Train Dataloader --
The dataloader for data/data_t(0,0)_r(0,0)_combi_pTrue_gTrue took 12.48190712928772 seconds.
The dataloader for data/data_t(0,0)_r(0,0)_full_pTrue_gTrue took 12.949397802352905 seconds.
The dataloader for data/data_t(0,0)_r(0,0)_tennis_pTrue_gTrue took 12.930099725723267 seconds.
The dataloader for data/data_t(0,0)_r(0,0)_semi_pTrue_gTrue took 12.97947096824646 seconds.
-- Finished Test Dataloader(s) --
GRU(
  (rnn): GRU(7, 96, batch_first=True)
  (fc): Linear(in_features=96, out_features=7, bias=True)
)
Datatype: quat_1
-- Started Training --
Epoch 0/9
	 Logging train Loss: 0.0001452397 [MSELoss(): t(0,0)_r(0,0)_combi_pTrue_gTrue]
	 Logging test loss: 1.8737e-06 [MSELoss(): t(0,0)_r(0,0)_combi_pTrue_gTrue]
	 Logging test loss: 2.0367e-06 [MSELoss(): t(0,0)_r(0,0)_full_pTrue_gTrue]
	 Logging test loss: 4.0426e-06 [MSELoss(): t(0,0)_r(0,0)_tennis_pTrue_gTrue]
	 Logging test loss: 3.4218e-06 [MSELoss(): t(0,0)_r(0,0)_semi_pTrue_gTrue]
		--> Epoch time; 30.655925989151
Epoch 1/9
	 Logging train Loss: 1.1928e-06 [MSELoss(): t(0,0)_r(0,0)_combi_pTrue_gTrue]
	 Logging test loss: 4.177e-07 [MSELoss(): t(0,0)_r(0,0)_combi_pTrue_gTrue]
	 Logging test loss: 4.398e-07 [MSELoss(): t(0,0)_r(0,0)_full_pTrue_gTrue]
	 Logging test loss: 8.684e-07 [MSELoss(): t(0,0)_r(0,0)_tennis_pTrue_gTrue]
	 Logging test loss: 7.431e-07 [MSELoss(): t(0,0)_r(0,0)_semi_pTrue_gTrue]
		--> Epoch time; 30.79441213607788
Epoch 2/9
	 Logging train Loss: 1.1946e-06 [MSELoss(): t(0,0)_r(0,0)_combi_pTrue_gTrue]
	 Logging test loss: 7.768e-07 [MSELoss(): t(0,0)_r(0,0)_combi_pTrue_gTrue]
	 Logging test loss: 3.335e-07 [MSELoss(): t(0,0)_r(0,0)_full_pTrue_gTrue]
	 Logging test loss: 1.617e-06 [MSELoss(): t(0,0)_r(0,0)_tennis_pTrue_gTrue]
	 Logging test loss: 1.4454e-06 [MSELoss(): t(0,0)_r(0,0)_semi_pTrue_gTrue]
wandb: Waiting for W&B process to finish... (success).
wandb: 
wandb: Run history:
wandb:                                      Epoch â–â–‚â–ƒâ–ƒâ–„â–…â–†â–†â–‡â–ˆ
wandb:  Test loss t(0,0)_r(0,0)_combi_pTrue_gTrue â–†â–‚â–ƒâ–ˆâ–â–â–ˆâ–†â–â–
wandb:   Test loss t(0,0)_r(0,0)_full_pTrue_gTrue â–ˆâ–‚â–‚â–‚â–â–â–‚â–ƒâ–â–
wandb:   Test loss t(0,0)_r(0,0)_semi_pTrue_gTrue â–†â–‚â–ƒâ–‡â–â–â–ˆâ–†â–â–
wandb: Test loss t(0,0)_r(0,0)_tennis_pTrue_gTrue â–†â–‚â–ƒâ–ˆâ–â–â–ˆâ–†â–â–
wandb:                                 Train loss â–ˆâ–â–â–â–â–â–â–â–â–
wandb: 
wandb: Run summary:
wandb:                                      Epoch 9
wandb:  Test loss t(0,0)_r(0,0)_combi_pTrue_gTrue 0.0
wandb:   Test loss t(0,0)_r(0,0)_full_pTrue_gTrue 0.0
wandb:   Test loss t(0,0)_r(0,0)_semi_pTrue_gTrue 0.0
wandb: Test loss t(0,0)_r(0,0)_tennis_pTrue_gTrue 0.0
wandb:                                 Train loss 0.0
wandb: 
wandb: ðŸš€ View run peachy-capybara-908 at: https://wandb.ai/nreints/ThesisFinal2/runs/32n197o4
wandb: Synced 6 W&B file(s), 0 media file(s), 3 artifact file(s) and 1 other file(s)
wandb: Find logs at: ./wandb/run-20230709_175710-32n197o4/logs
		--> Epoch time; 30.661004543304443
Epoch 3/9
	 Logging train Loss: 1.4811e-06 [MSELoss(): t(0,0)_r(0,0)_combi_pTrue_gTrue]
	 Logging test loss: 2.5066e-06 [MSELoss(): t(0,0)_r(0,0)_combi_pTrue_gTrue]
	 Logging test loss: 3.074e-07 [MSELoss(): t(0,0)_r(0,0)_full_pTrue_gTrue]
	 Logging test loss: 5.1742e-06 [MSELoss(): t(0,0)_r(0,0)_tennis_pTrue_gTrue]
	 Logging test loss: 4.7371e-06 [MSELoss(): t(0,0)_r(0,0)_semi_pTrue_gTrue]
		--> Epoch time; 30.80641460418701
Epoch 4/9
	 Logging train Loss: 1.6413e-06 [MSELoss(): t(0,0)_r(0,0)_combi_pTrue_gTrue]
	 Logging test loss: 1.186e-07 [MSELoss(): t(0,0)_r(0,0)_combi_pTrue_gTrue]
	 Logging test loss: 1.073e-07 [MSELoss(): t(0,0)_r(0,0)_full_pTrue_gTrue]
	 Logging test loss: 2.427e-07 [MSELoss(): t(0,0)_r(0,0)_tennis_pTrue_gTrue]
	 Logging test loss: 2.006e-07 [MSELoss(): t(0,0)_r(0,0)_semi_pTrue_gTrue]
		--> Epoch time; 30.787030935287476
Epoch 5/9
	 Logging train Loss: 1.0882e-06 [MSELoss(): t(0,0)_r(0,0)_combi_pTrue_gTrue]
	 Logging test loss: 8.02e-08 [MSELoss(): t(0,0)_r(0,0)_combi_pTrue_gTrue]
	 Logging test loss: 5.49e-08 [MSELoss(): t(0,0)_r(0,0)_full_pTrue_gTrue]
	 Logging test loss: 1.644e-07 [MSELoss(): t(0,0)_r(0,0)_tennis_pTrue_gTrue]
	 Logging test loss: 1.308e-07 [MSELoss(): t(0,0)_r(0,0)_semi_pTrue_gTrue]
		--> Epoch time; 31.020203590393066
Epoch 6/9
	 Logging train Loss: 1.0856e-06 [MSELoss(): t(0,0)_r(0,0)_combi_pTrue_gTrue]
	 Logging test loss: 2.6142e-06 [MSELoss(): t(0,0)_r(0,0)_combi_pTrue_gTrue]
	 Logging test loss: 2.786e-07 [MSELoss(): t(0,0)_r(0,0)_full_pTrue_gTrue]
	 Logging test loss: 5.3934e-06 [MSELoss(): t(0,0)_r(0,0)_tennis_pTrue_gTrue]
	 Logging test loss: 5.1828e-06 [MSELoss(): t(0,0)_r(0,0)_semi_pTrue_gTrue]
		--> Epoch time; 30.715312004089355
Epoch 7/9
	 Logging train Loss: 9.421e-07 [MSELoss(): t(0,0)_r(0,0)_combi_pTrue_gTrue]
	 Logging test loss: 1.939e-06 [MSELoss(): t(0,0)_r(0,0)_combi_pTrue_gTrue]
	 Logging test loss: 4.815e-07 [MSELoss(): t(0,0)_r(0,0)_full_pTrue_gTrue]
	 Logging test loss: 3.6403e-06 [MSELoss(): t(0,0)_r(0,0)_tennis_pTrue_gTrue]
	 Logging test loss: 3.4801e-06 [MSELoss(): t(0,0)_r(0,0)_semi_pTrue_gTrue]
		--> Epoch time; 30.87812042236328
Epoch 8/9
	 Logging train Loss: 6.26e-07 [MSELoss(): t(0,0)_r(0,0)_combi_pTrue_gTrue]
	 Logging test loss: 1.762e-07 [MSELoss(): t(0,0)_r(0,0)_combi_pTrue_gTrue]
	 Logging test loss: 6.83e-08 [MSELoss(): t(0,0)_r(0,0)_full_pTrue_gTrue]
	 Logging test loss: 3.275e-07 [MSELoss(): t(0,0)_r(0,0)_tennis_pTrue_gTrue]
	 Logging test loss: 2.93e-07 [MSELoss(): t(0,0)_r(0,0)_semi_pTrue_gTrue]
		--> Epoch time; 30.671884536743164
Epoch 9/9
	 Logging train Loss: 6.261e-07 [MSELoss(): t(0,0)_r(0,0)_combi_pTrue_gTrue]
	 Logging test loss: 4.27e-08 [MSELoss(): t(0,0)_r(0,0)_combi_pTrue_gTrue]
	 Logging test loss: 2.36e-08 [MSELoss(): t(0,0)_r(0,0)_full_pTrue_gTrue]
	 Logging test loss: 8.11e-08 [MSELoss(): t(0,0)_r(0,0)_tennis_pTrue_gTrue]
	 Logging test loss: 6.29e-08 [MSELoss(): t(0,0)_r(0,0)_semi_pTrue_gTrue]
		--> Epoch time; 30.634953260421753
Saved model in  trained_models/gru/data_t(0,0)_r(0,0)_combi_pTrue_gTrue/'quat_1'_'False'.pth
It took  420.0507092475891  seconds.

JOB STATISTICS
==============
Job ID: 3037737
Array Job ID: 3037727_38
Cluster: snellius
User/Group: nreints/nreints
State: RUNNING
Nodes: 1
Cores per node: 18
CPU Utilized: 00:00:00
CPU Efficiency: 0.00% of 21:13:12 core-walltime
Job Wall-clock time: 01:10:44
Memory Utilized: 0.00 MB (estimated maximum)
Memory Efficiency: 0.00% of 0.00 MB (0.00 MB/node)
WARNING: Efficiency statistics may be misleading for RUNNING jobs.
