wandb: Currently logged in as: nreints. Use `wandb login --relogin` to force relogin
wandb: Tracking run with wandb version 0.14.0
wandb: Run data is saved locally in /gpfs/home2/nreints/MScThesis/code/wandb/run-20230329_124006-zkik7vrz
wandb: Run `wandb offline` to turn off syncing.
wandb: Syncing run avid-sky-464
wandb: ⭐️ View project at https://wandb.ai/nreints/test
wandb: 🚀 View run at https://wandb.ai/nreints/test/runs/zkik7vrz
slurmstepd: error: Detected 1 oom-kill event(s) in StepId=2514528.0. Some of your processes may have been killed by the cgroup out-of-memory handler.
srun: error: gcn30: task 0: Out Of Memory
srun: launch/slurm: _step_signal: Terminating StepId=2514528.0

JOB STATISTICS
==============
Job ID: 2514528
Array Job ID: 2514525_2
Cluster: snellius
User/Group: nreints/nreints
State: FAILED (exit code 1)
Nodes: 1
Cores per node: 18
CPU Utilized: 00:11:03
CPU Efficiency: 20.81% of 00:53:06 core-walltime
Job Wall-clock time: 00:02:57
Memory Utilized: 24.43 GB
Memory Efficiency: 78.17% of 31.25 GB
