wandb: Currently logged in as: nreints. Use `wandb login --relogin` to force relogin
wandb: wandb version 0.15.4 is available!  To upgrade, please run:
wandb:  $ pip install wandb --upgrade
wandb: Tracking run with wandb version 0.14.0
wandb: Run data is saved locally in /gpfs/home2/nreints/MScThesis/code/wandb/run-20230628_170551-fm7ecy0g
wandb: Run `wandb offline` to turn off syncing.
wandb: Syncing run lilac-paper-1
wandb: ⭐️ View project at https://wandb.ai/nreints/ThesisFinal2
wandb: 🚀 View run at https://wandb.ai/nreints/ThesisFinal2/runs/fm7ecy0g
wandb: Waiting for W&B process to finish... (failed 1). Press Control-C to abort syncing.
wandb: 🚀 View run lilac-paper-1 at: https://wandb.ai/nreints/ThesisFinal2/runs/fm7ecy0g
wandb: Synced 6 W&B file(s), 0 media file(s), 0 artifact file(s) and 1 other file(s)
wandb: Find logs at: ./wandb/run-20230628_170551-fm7ecy0g/logs
Training on dataset: data_t(0,0)_r(5,20)_combi_pNone_gNone
Testing on 5 datasets: ['data_t(0,0)_r(5,20)_tennis_pNone_gNone', 'data_t(0,0)_r(5,20)_semi_pNone_gNone', 'data_t(0,0)_r(5,20)_full_pNone_gNone', 'data_t(0,0)_r(5,20)_none_pNone_gNone', 'data_t(0,0)_r(5,20)_combi_pNone_gNone']
Focussing on identity: False
Using extra input: False
Using fr-fr as reference point.
----- ITERATION 1/10 ------
Number of train simulations:  1920
Number of test simulations:  480
The dataloader for data/data_t(0,0)_r(5,20)_combi_pNone_gNone took 52.27615761756897 seconds.
-- Finished Train Dataloader --
The dataloader for data/data_t(0,0)_r(5,20)_tennis_pNone_gNone took 13.260154962539673 seconds.
The dataloader for data/data_t(0,0)_r(5,20)_semi_pNone_gNone took 13.260685682296753 seconds.
The dataloader for data/data_t(0,0)_r(5,20)_full_pNone_gNone took 13.102600336074829 seconds.
The dataloader for data/data_t(0,0)_r(5,20)_none_pNone_gNone took 13.241162300109863 seconds.
The dataloader for data/data_t(0,0)_r(5,20)_combi_pNone_gNone took 13.2614107131958 seconds.
-- Finished Test Dataloader(s) --
GRU(
  (rnn): GRU(12, 96, batch_first=True)
  (fc): Linear(in_features=96, out_features=12, bias=True)
)
Datatype: rot_mat_1
-- Started Training --
Traceback (most recent call last):
  File "/gpfs/home2/nreints/MScThesis/code/gru.py", line 293, in <module>
    model = model_pipeline(
  File "/gpfs/home2/nreints/MScThesis/code/utils.py", line 338, in model_pipeline
    train_fn(
  File "/gpfs/home2/nreints/MScThesis/code/gru.py", line 144, in train_model
    _, _, preds = model(data_inputs)  # Shape: [batch, frames, n_data]
  File "/home/nreints/.conda/envs/thesis/lib/python3.10/site-packages/torch/nn/modules/module.py", line 1212, in _call_impl
    result = forward_call(*input, **kwargs)
  File "/gpfs/home2/nreints/MScThesis/code/gru.py", line 93, in forward
    x = self.fc(x)
  File "/home/nreints/.conda/envs/thesis/lib/python3.10/site-packages/torch/nn/modules/module.py", line 1194, in _call_impl
    return forward_call(*input, **kwargs)
  File "/home/nreints/.conda/envs/thesis/lib/python3.10/site-packages/torch/nn/modules/linear.py", line 114, in forward
    return F.linear(input, self.weight, self.bias)
RuntimeError: Deterministic behavior was enabled with either `torch.use_deterministic_algorithms(True)` or `at::Context::setDeterministicAlgorithms(true)`, but this operation is not deterministic because it uses CuBLAS and you have CUDA >= 10.2. To enable deterministic behavior in this case, you must set an environment variable before running your PyTorch application: CUBLAS_WORKSPACE_CONFIG=:4096:8 or CUBLAS_WORKSPACE_CONFIG=:16:8. For more information, go to https://docs.nvidia.com/cuda/cublas/index.html#cublasApi_reproducibility
srun: error: gcn64: task 0: Exited with exit code 1
srun: launch/slurm: _step_signal: Terminating StepId=2982939.0

JOB STATISTICS
==============
Job ID: 2982939
Array Job ID: 2982931_8
Cluster: snellius
User/Group: nreints/nreints
State: RUNNING
Nodes: 1
Cores per node: 18
CPU Utilized: 00:02:07
CPU Efficiency: 4.80% of 00:44:06 core-walltime
Job Wall-clock time: 00:02:27
Memory Utilized: 6.22 GB
Memory Efficiency: 0.00% of 0.00 MB
WARNING: Efficiency statistics may be misleading for RUNNING jobs.
