wandb: Currently logged in as: nreints. Use `wandb login --relogin` to force relogin
wandb: wandb version 0.15.5 is available!  To upgrade, please run:
wandb:  $ pip install wandb --upgrade
wandb: Tracking run with wandb version 0.14.0
wandb: Run data is saved locally in /gpfs/home2/nreints/MScThesis/code/wandb/run-20230709_180026-bc0sofcl
wandb: Run `wandb offline` to turn off syncing.
wandb: Syncing run devoted-sponge-916
wandb: â­ï¸ View project at https://wandb.ai/nreints/ThesisFinal2
wandb: ðŸš€ View run at https://wandb.ai/nreints/ThesisFinal2/runs/bc0sofcl
wandb: Waiting for W&B process to finish... (success).
wandb: 
wandb: Run history:
wandb:                                      Epoch â–â–‚â–ƒâ–ƒâ–„â–…â–†â–†â–‡â–ˆ
wandb:  Test loss t(0,0)_r(0,0)_combi_pTrue_gTrue â–â–â–â–ˆâ–â–â–â–â–â–
wandb:   Test loss t(0,0)_r(0,0)_full_pTrue_gTrue â–‚â–â–â–ˆâ–â–â–â–â–â–
wandb:   Test loss t(0,0)_r(0,0)_semi_pTrue_gTrue â–â–â–â–ˆâ–â–â–â–â–â–
wandb: Test loss t(0,0)_r(0,0)_tennis_pTrue_gTrue â–â–â–â–ˆâ–â–â–â–â–â–
wandb:                                 Train loss â–ˆâ–â–â–â–â–â–â–â–â–
wandb: 
wandb: Run summary:
wandb:                                      Epoch 9
wandb:  Test loss t(0,0)_r(0,0)_combi_pTrue_gTrue 0.0
wandb:   Test loss t(0,0)_r(0,0)_full_pTrue_gTrue 0.0
wandb:   Test loss t(0,0)_r(0,0)_semi_pTrue_gTrue 0.0
wandb: Test loss t(0,0)_r(0,0)_tennis_pTrue_gTrue 0.0
wandb:                                 Train loss 0.0
wandb: 
wandb: ðŸš€ View run devoted-sponge-916 at: https://wandb.ai/nreints/ThesisFinal2/runs/bc0sofcl
wandb: Synced 6 W&B file(s), 0 media file(s), 3 artifact file(s) and 1 other file(s)
wandb: Find logs at: ./wandb/run-20230709_180026-bc0sofcl/logs
wandb: - Waiting for wandb.init()...wandb: \ Waiting for wandb.init()...wandb: wandb version 0.15.5 is available!  To upgrade, please run:
wandb:  $ pip install wandb --upgrade
wandb: Tracking run with wandb version 0.14.0
wandb: Run data is saved locally in /gpfs/home2/nreints/MScThesis/code/wandb/run-20230709_180750-9dbwwmv8
wandb: Run `wandb offline` to turn off syncing.
wandb: Syncing run kind-firebrand-937
wandb: â­ï¸ View project at https://wandb.ai/nreints/ThesisFinal2
wandb: ðŸš€ View run at https://wandb.ai/nreints/ThesisFinal2/runs/9dbwwmv8
Training on dataset: data_t(0,0)_r(0,0)_combi_pTrue_gTrue
Testing on 4 datasets: ['data_t(0,0)_r(0,0)_tennis_pTrue_gTrue', 'data_t(0,0)_r(0,0)_combi_pTrue_gTrue', 'data_t(0,0)_r(0,0)_full_pTrue_gTrue', 'data_t(0,0)_r(0,0)_semi_pTrue_gTrue']
Focussing on identity: False
Using extra input: True
Using fr-fr as reference point.
----- ITERATION 1/10 ------
Number of train simulations:  1920
Number of test simulations:  480
The dataloader for data/data_t(0,0)_r(0,0)_combi_pTrue_gTrue took 60.41534781455994 seconds.
-- Finished Train Dataloader --
The dataloader for data/data_t(0,0)_r(0,0)_tennis_pTrue_gTrue took 15.117867231369019 seconds.
The dataloader for data/data_t(0,0)_r(0,0)_combi_pTrue_gTrue took 15.275480270385742 seconds.
The dataloader for data/data_t(0,0)_r(0,0)_full_pTrue_gTrue took 15.30846095085144 seconds.
The dataloader for data/data_t(0,0)_r(0,0)_semi_pTrue_gTrue took 15.31616735458374 seconds.
-- Finished Test Dataloader(s) --
GRU(
  (rnn): GRU(7, 96, batch_first=True)
  (pre_hidden_lin_layer): Sequential(
    (0): Linear(in_features=3, out_features=96, bias=True)
    (1): ReLU()
    (2): Linear(in_features=96, out_features=96, bias=True)
    (3): ReLU()
  )
  (fc): Linear(in_features=96, out_features=7, bias=True)
)
Datatype: log_quat_1
-- Started Training --
Epoch 0/9
	 Logging train Loss: 0.0004365278 [MSELoss(): t(0,0)_r(0,0)_combi_pTrue_gTrue]
	 Logging test loss: 4.749e-06 [MSELoss(): t(0,0)_r(0,0)_tennis_pTrue_gTrue]
	 Logging test loss: 2.9061e-06 [MSELoss(): t(0,0)_r(0,0)_combi_pTrue_gTrue]
	 Logging test loss: 2.6351e-06 [MSELoss(): t(0,0)_r(0,0)_full_pTrue_gTrue]
	 Logging test loss: 3.193e-06 [MSELoss(): t(0,0)_r(0,0)_semi_pTrue_gTrue]
		--> Epoch time; 32.158156394958496
Epoch 1/9
	 Logging train Loss: 1.8539e-06 [MSELoss(): t(0,0)_r(0,0)_combi_pTrue_gTrue]
	 Logging test loss: 1.21815e-05 [MSELoss(): t(0,0)_r(0,0)_tennis_pTrue_gTrue]
	 Logging test loss: 3.0813e-06 [MSELoss(): t(0,0)_r(0,0)_combi_pTrue_gTrue]
	 Logging test loss: 4.989e-07 [MSELoss(): t(0,0)_r(0,0)_full_pTrue_gTrue]
	 Logging test loss: 2.0122e-06 [MSELoss(): t(0,0)_r(0,0)_semi_pTrue_gTrue]
		--> Epoch time; 30.985552549362183
Epoch 2/9
	 Logging train Loss: 5.9482e-06 [MSELoss(): t(0,0)_r(0,0)_combi_pTrue_gTrue]
	 Logging test loss: 6.0591e-06 [MSELoss(): t(0,0)_r(0,0)_tennis_pTrue_gTrue]
	 Logging test loss: 2.1637e-06 [MSELoss(): t(0,0)_r(0,0)_combi_pTrue_gTrue]
	 Logging test loss: 5.155e-07 [MSELoss(): t(0,0)_r(0,0)_full_pTrue_gTrue]
	 Logging test loss: 2.8218e-06 [MSELoss(): t(0,0)_r(0,0)_semi_pTrue_gTrue]
		--> Epoch time; 30.771471977233887
Epoch 3/9
	 Logging train Loss: 1.7088e-05 [MSELoss(): t(0,0)_r(0,0)_combi_pTrue_gTrue]
	 Logging test loss: 0.002565104 [MSELoss(): t(0,0)_r(0,0)_tennis_pTrue_gTrue]
	 Logging test loss: 0.0007436454 [MSELoss(): t(0,0)_r(0,0)_combi_pTrue_gTrue]
	 Logging test loss: 3.4924e-05 [MSELoss(): t(0,0)_r(0,0)_full_pTrue_gTrue]
	 Logging test loss: 0.00076071 [MSELoss(): t(0,0)_r(0,0)_semi_pTrue_gTrue]
		--> Epoch time; 30.59796166419983
Epoch 4/9
	 Logging train Loss: 8.2609e-06 [MSELoss(): t(0,0)_r(0,0)_combi_pTrue_gTrue]
	 Logging test loss: 7.485e-07 [MSELoss(): t(0,0)_r(0,0)_tennis_pTrue_gTrue]
	 Logging test loss: 4.179e-07 [MSELoss(): t(0,0)_r(0,0)_combi_pTrue_gTrue]
	 Logging test loss: 2.94e-07 [MSELoss(): t(0,0)_r(0,0)_full_pTrue_gTrue]
	 Logging test loss: 4.771e-07 [MSELoss(): t(0,0)_r(0,0)_semi_pTrue_gTrue]
		--> Epoch time; 30.695096254348755
Epoch 5/9
	 Logging train Loss: 1.8765e-06 [MSELoss(): t(0,0)_r(0,0)_combi_pTrue_gTrue]
	 Logging test loss: 4.583e-07 [MSELoss(): t(0,0)_r(0,0)_tennis_pTrue_gTrue]
	 Logging test loss: 2.908e-07 [MSELoss(): t(0,0)_r(0,0)_combi_pTrue_gTrue]
	 Logging test loss: 2.44e-07 [MSELoss(): t(0,0)_r(0,0)_full_pTrue_gTrue]
	 Logging test loss: 3.375e-07 [MSELoss(): t(0,0)_r(0,0)_semi_pTrue_gTrue]
		--> Epoch time; 30.69887113571167
Epoch 6/9
	 Logging train Loss: 3.7337e-06 [MSELoss(): t(0,0)_r(0,0)_combi_pTrue_gTrue]
	 Logging test loss: 3.575e-07 [MSELoss(): t(0,0)_r(0,0)_tennis_pTrue_gTrue]
	 Logging test loss: 2.245e-07 [MSELoss(): t(0,0)_r(0,0)_combi_pTrue_gTrue]
	 Logging test loss: 1.689e-07 [MSELoss(): t(0,0)_r(0,0)_full_pTrue_gTrue]
	 Logging test loss: 2.624e-07 [MSELoss(): t(0,0)_r(0,0)_semi_pTrue_gTrue]
		--> Epoch time; 30.648839950561523
Epoch 7/9
	 Logging train Loss: 2.1375e-06 [MSELoss(): t(0,0)_r(0,0)_combi_pTrue_gTrue]
	 Logging test loss: 6.951e-07 [MSELoss(): t(0,0)_r(0,0)_tennis_pTrue_gTrue]
	 Logging test loss: 3.048e-07 [MSELoss(): t(0,0)_r(0,0)_combi_pTrue_gTrue]
	 Logging test loss: 1.036e-07 [MSELoss(): t(0,0)_r(0,0)_full_pTrue_gTrue]
	 Logging test loss: 3.968e-07 [MSELoss(): t(0,0)_r(0,0)_semi_pTrue_gTrue]
		--> Epoch time; 30.556618213653564
Epoch 8/9
	 Logging train Loss: 1.9182e-06 [MSELoss(): t(0,0)_r(0,0)_combi_pTrue_gTrue]
	 Logging test loss: 2.3139e-06 [MSELoss(): t(0,0)_r(0,0)_tennis_pTrue_gTrue]
	 Logging test loss: 7.184e-07 [MSELoss(): t(0,0)_r(0,0)_combi_pTrue_gTrue]
	 Logging test loss: 7.06e-08 [MSELoss(): t(0,0)_r(0,0)_full_pTrue_gTrue]
	 Logging test loss: 8.181e-07 [MSELoss(): t(0,0)_r(0,0)_semi_pTrue_gTrue]
		--> Epoch time; 30.616999626159668
Epoch 9/9
	 Logging train Loss: 1.7127e-06 [MSELoss(): t(0,0)_r(0,0)_combi_pTrue_gTrue]
	 Logging test loss: 3.287e-07 [MSELoss(): t(0,0)_r(0,0)_tennis_pTrue_gTrue]
	 Logging test loss: 1.614e-07 [MSELoss(): t(0,0)_r(0,0)_combi_pTrue_gTrue]
	 Logging test loss: 3.73e-08 [MSELoss(): t(0,0)_r(0,0)_full_pTrue_gTrue]
	 Logging test loss: 2.245e-07 [MSELoss(): t(0,0)_r(0,0)_semi_pTrue_gTrue]
		--> Epoch time; 30.866345643997192
Saved model in  trained_models/gru/data_t(0,0)_r(0,0)_combi_pTrue_gTrue/'log_quat_1'_'True'.pth
It took  445.0965642929077  seconds.
----- ITERATION 2/10 ------
Number of train simulations:  1920
Number of test simulations:  480
The dataloader for data/data_t(0,0)_r(0,0)_combi_pTrue_gTrue took 55.79514932632446 seconds.
-- Finished Train Dataloader --
The dataloader for data/data_t(0,0)_r(0,0)_tennis_pTrue_gTrue took 14.197183847427368 seconds.
The dataloader for data/data_t(0,0)_r(0,0)_combi_pTrue_gTrue took 13.953366041183472 seconds.
The dataloader for data/data_t(0,0)_r(0,0)_full_pTrue_gTrue took 14.12282419204712 seconds.
The dataloader for data/data_t(0,0)_r(0,0)_semi_pTrue_gTrue took 14.103665590286255 seconds.
-- Finished Test Dataloader(s) --
GRU(
  (rnn): GRU(7, 96, batch_first=True)
  (pre_hidden_lin_layer): Sequential(
    (0): Linear(in_features=3, out_features=96, bias=True)
    (1): ReLU()
    (2): Linear(in_features=96, out_features=96, bias=True)
    (3): ReLU()
  )
  (fc): Linear(in_features=96, out_features=7, bias=True)
)
Datatype: log_quat_1
-- Started Training --
Epoch 0/9
	 Logging train Loss: 0.0003647568 [MSELoss(): t(0,0)_r(0,0)_combi_pTrue_gTrue]
	 Logging test loss: 9.235e-06 [MSELoss(): t(0,0)_r(0,0)_tennis_pTrue_gTrue]
	 Logging test loss: 5.7391e-06 [MSELoss(): t(0,0)_r(0,0)_combi_pTrue_gTrue]
	 Logging test loss: 5.2545e-06 [MSELoss(): t(0,0)_r(0,0)_full_pTrue_gTrue]
	 Logging test loss: 6.4294e-06 [MSELoss(): t(0,0)_r(0,0)_semi_pTrue_gTrue]
		--> Epoch time; 30.801533699035645
Epoch 1/9
	 Logging train Loss: 5.0802e-06 [MSELoss(): t(0,0)_r(0,0)_combi_pTrue_gTrue]
	 Logging test loss: 1.6886e-06 [MSELoss(): t(0,0)_r(0,0)_tennis_pTrue_gTrue]
	 Logging test loss: 9.886e-07 [MSELoss(): t(0,0)_r(0,0)_combi_pTrue_gTrue]
	 Logging test loss: 6.238e-07 [MSELoss(): t(0,0)_r(0,0)_full_pTrue_gTrue]
	 Logging test loss: 1.1597e-06 [MSELoss(): t(0,0)_r(0,0)_semi_pTrue_gTrue]
		--> Epoch time; 30.926738739013672
Epoch 2/9
	 Logging train Loss: 5.56e-06 [MSELoss(): t(0,0)_r(0,0)_combi_pTrue_gTrue]
	 Logging test loss: 1.3005e-06 [MSELoss(): t(0,0)_r(0,0)_tennis_pTrue_gTrue]
	 Logging test loss: 7.064e-07 [MSELoss(): t(0,0)_r(0,0)_combi_pTrue_gTrue]
	 Logging test loss: 4.758e-07 [MSELoss(): t(0,0)_r(0,0)_full_pTrue_gTrue]
	 Logging test loss: 7.771e-07 [MSELoss(): t(0,0)_r(0,0)_semi_pTrue_gTrue]
		--> Epoch time; 30.720587015151978
Epoch 3/9
	 Logging train Loss: 2.5201e-06 [MSELoss(): t(0,0)_r(0,0)_combi_pTrue_gTrue]
	 Logging test loss: 2.8312e-06 [MSELoss(): t(0,0)_r(0,0)_tennis_pTrue_gTrue]
wandb: Waiting for W&B process to finish... (success).
wandb: 
wandb: Run history:
wandb:                                      Epoch â–â–‚â–ƒâ–ƒâ–„â–…â–†â–†â–‡â–ˆ
wandb:  Test loss t(0,0)_r(0,0)_combi_pTrue_gTrue â–ƒâ–â–â–â–ˆâ–â–â–â–ƒâ–
wandb:   Test loss t(0,0)_r(0,0)_full_pTrue_gTrue â–ˆâ–‚â–‚â–â–‚â–â–â–â–â–
wandb:   Test loss t(0,0)_r(0,0)_semi_pTrue_gTrue â–„â–â–â–â–ˆâ–â–â–â–ƒâ–
wandb: Test loss t(0,0)_r(0,0)_tennis_pTrue_gTrue â–ƒâ–â–â–â–ˆâ–â–â–â–ƒâ–
wandb:                                 Train loss â–ˆâ–â–â–â–â–â–â–â–â–
wandb: 
wandb: Run summary:
wandb:                                      Epoch 9
wandb:  Test loss t(0,0)_r(0,0)_combi_pTrue_gTrue 0.0
wandb:   Test loss t(0,0)_r(0,0)_full_pTrue_gTrue 0.0
wandb:   Test loss t(0,0)_r(0,0)_semi_pTrue_gTrue 0.0
wandb: Test loss t(0,0)_r(0,0)_tennis_pTrue_gTrue 0.0
wandb:                                 Train loss 0.0
wandb: 
wandb: ðŸš€ View run kind-firebrand-937 at: https://wandb.ai/nreints/ThesisFinal2/runs/9dbwwmv8
wandb: Synced 6 W&B file(s), 0 media file(s), 3 artifact file(s) and 1 other file(s)
wandb: Find logs at: ./wandb/run-20230709_180750-9dbwwmv8/logs
wandb: - Waiting for wandb.init()...wandb: \ Waiting for wandb.init()...wandb: wandb version 0.15.5 is available!  To upgrade, please run:
wandb:  $ pip install wandb --upgrade
wandb: Tracking run with wandb version 0.14.0
wandb: Run data is saved locally in /gpfs/home2/nreints/MScThesis/code/wandb/run-20230709_181504-4olfuyv3
wandb: Run `wandb offline` to turn off syncing.
wandb: Syncing run visionary-totem-955
wandb: â­ï¸ View project at https://wandb.ai/nreints/ThesisFinal2
wandb: ðŸš€ View run at https://wandb.ai/nreints/ThesisFinal2/runs/4olfuyv3
	 Logging test loss: 1.1477e-06 [MSELoss(): t(0,0)_r(0,0)_combi_pTrue_gTrue]
	 Logging test loss: 4.021e-07 [MSELoss(): t(0,0)_r(0,0)_full_pTrue_gTrue]
	 Logging test loss: 9.975e-07 [MSELoss(): t(0,0)_r(0,0)_semi_pTrue_gTrue]
		--> Epoch time; 30.83047080039978
Epoch 4/9
	 Logging train Loss: 3.9342e-06 [MSELoss(): t(0,0)_r(0,0)_combi_pTrue_gTrue]
	 Logging test loss: 3.71009e-05 [MSELoss(): t(0,0)_r(0,0)_tennis_pTrue_gTrue]
	 Logging test loss: 1.56991e-05 [MSELoss(): t(0,0)_r(0,0)_combi_pTrue_gTrue]
	 Logging test loss: 9.387e-07 [MSELoss(): t(0,0)_r(0,0)_full_pTrue_gTrue]
	 Logging test loss: 1.74946e-05 [MSELoss(): t(0,0)_r(0,0)_semi_pTrue_gTrue]
		--> Epoch time; 30.686174154281616
Epoch 5/9
	 Logging train Loss: 3.0728e-06 [MSELoss(): t(0,0)_r(0,0)_combi_pTrue_gTrue]
	 Logging test loss: 4.696e-07 [MSELoss(): t(0,0)_r(0,0)_tennis_pTrue_gTrue]
	 Logging test loss: 3.117e-07 [MSELoss(): t(0,0)_r(0,0)_combi_pTrue_gTrue]
	 Logging test loss: 2.622e-07 [MSELoss(): t(0,0)_r(0,0)_full_pTrue_gTrue]
	 Logging test loss: 3.611e-07 [MSELoss(): t(0,0)_r(0,0)_semi_pTrue_gTrue]
		--> Epoch time; 30.721797466278076
Epoch 6/9
	 Logging train Loss: 2.5422e-06 [MSELoss(): t(0,0)_r(0,0)_combi_pTrue_gTrue]
	 Logging test loss: 3.835e-07 [MSELoss(): t(0,0)_r(0,0)_tennis_pTrue_gTrue]
	 Logging test loss: 2.432e-07 [MSELoss(): t(0,0)_r(0,0)_combi_pTrue_gTrue]
	 Logging test loss: 1.838e-07 [MSELoss(): t(0,0)_r(0,0)_full_pTrue_gTrue]
	 Logging test loss: 2.806e-07 [MSELoss(): t(0,0)_r(0,0)_semi_pTrue_gTrue]
		--> Epoch time; 30.700743198394775
Epoch 7/9
	 Logging train Loss: 1.7266e-06 [MSELoss(): t(0,0)_r(0,0)_combi_pTrue_gTrue]
	 Logging test loss: 5.94e-07 [MSELoss(): t(0,0)_r(0,0)_tennis_pTrue_gTrue]
	 Logging test loss: 3.165e-07 [MSELoss(): t(0,0)_r(0,0)_combi_pTrue_gTrue]
	 Logging test loss: 1.241e-07 [MSELoss(): t(0,0)_r(0,0)_full_pTrue_gTrue]
	 Logging test loss: 4.295e-07 [MSELoss(): t(0,0)_r(0,0)_semi_pTrue_gTrue]
		--> Epoch time; 30.77490997314453
Epoch 8/9
	 Logging train Loss: 1.7107e-06 [MSELoss(): t(0,0)_r(0,0)_combi_pTrue_gTrue]
	 Logging test loss: 1.05727e-05 [MSELoss(): t(0,0)_r(0,0)_tennis_pTrue_gTrue]
	 Logging test loss: 4.2958e-06 [MSELoss(): t(0,0)_r(0,0)_combi_pTrue_gTrue]
	 Logging test loss: 3.01e-07 [MSELoss(): t(0,0)_r(0,0)_full_pTrue_gTrue]
	 Logging test loss: 4.9053e-06 [MSELoss(): t(0,0)_r(0,0)_semi_pTrue_gTrue]
		--> Epoch time; 30.71786141395569
Epoch 9/9
	 Logging train Loss: 1.2888e-06 [MSELoss(): t(0,0)_r(0,0)_combi_pTrue_gTrue]
	 Logging test loss: 1.4284e-06 [MSELoss(): t(0,0)_r(0,0)_tennis_pTrue_gTrue]
	 Logging test loss: 7.169e-07 [MSELoss(): t(0,0)_r(0,0)_combi_pTrue_gTrue]
	 Logging test loss: 8.43e-08 [MSELoss(): t(0,0)_r(0,0)_full_pTrue_gTrue]
	 Logging test loss: 1.0622e-06 [MSELoss(): t(0,0)_r(0,0)_semi_pTrue_gTrue]
		--> Epoch time; 30.683558702468872
Saved model in  trained_models/gru/data_t(0,0)_r(0,0)_combi_pTrue_gTrue/'log_quat_1'_'True'.pth
It took  433.3786344528198  seconds.
----- ITERATION 3/10 ------
Number of train simulations:  1920
Number of test simulations:  480
The dataloader for data/data_t(0,0)_r(0,0)_combi_pTrue_gTrue took 54.87977862358093 seconds.
-- Finished Train Dataloader --
The dataloader for data/data_t(0,0)_r(0,0)_tennis_pTrue_gTrue took 14.075142621994019 seconds.
The dataloader for data/data_t(0,0)_r(0,0)_combi_pTrue_gTrue took 13.856986284255981 seconds.
The dataloader for data/data_t(0,0)_r(0,0)_full_pTrue_gTrue took 14.075199365615845 seconds.
The dataloader for data/data_t(0,0)_r(0,0)_semi_pTrue_gTrue took 14.062142848968506 seconds.
-- Finished Test Dataloader(s) --
GRU(
  (rnn): GRU(7, 96, batch_first=True)
  (pre_hidden_lin_layer): Sequential(
    (0): Linear(in_features=3, out_features=96, bias=True)
    (1): ReLU()
    (2): Linear(in_features=96, out_features=96, bias=True)
    (3): ReLU()
  )
  (fc): Linear(in_features=96, out_features=7, bias=True)
)
Datatype: log_quat_1
-- Started Training --
Epoch 0/9
	 Logging train Loss: 0.0019358646 [MSELoss(): t(0,0)_r(0,0)_combi_pTrue_gTrue]
	 Logging test loss: 1.83651e-05 [MSELoss(): t(0,0)_r(0,0)_tennis_pTrue_gTrue]
	 Logging test loss: 1.43333e-05 [MSELoss(): t(0,0)_r(0,0)_combi_pTrue_gTrue]
	 Logging test loss: 8.7458e-06 [MSELoss(): t(0,0)_r(0,0)_full_pTrue_gTrue]
	 Logging test loss: 1.63293e-05 [MSELoss(): t(0,0)_r(0,0)_semi_pTrue_gTrue]
		--> Epoch time; 30.620661735534668
Epoch 1/9
	 Logging train Loss: 6.6969e-06 [MSELoss(): t(0,0)_r(0,0)_combi_pTrue_gTrue]
	 Logging test loss: 7.9524e-06 [MSELoss(): t(0,0)_r(0,0)_tennis_pTrue_gTrue]
	 Logging test loss: 6.1222e-06 [MSELoss(): t(0,0)_r(0,0)_combi_pTrue_gTrue]
	 Logging test loss: 3.8929e-06 [MSELoss(): t(0,0)_r(0,0)_full_pTrue_gTrue]
	 Logging test loss: 6.9471e-06 [MSELoss(): t(0,0)_r(0,0)_semi_pTrue_gTrue]
		--> Epoch time; 30.90932273864746
Epoch 2/9
	 Logging train Loss: 2.3563e-06 [MSELoss(): t(0,0)_r(0,0)_combi_pTrue_gTrue]
	 Logging test loss: 2.4099e-06 [MSELoss(): t(0,0)_r(0,0)_tennis_pTrue_gTrue]
	 Logging test loss: 1.4086e-06 [MSELoss(): t(0,0)_r(0,0)_combi_pTrue_gTrue]
	 Logging test loss: 7.295e-07 [MSELoss(): t(0,0)_r(0,0)_full_pTrue_gTrue]
	 Logging test loss: 1.7056e-06 [MSELoss(): t(0,0)_r(0,0)_semi_pTrue_gTrue]
		--> Epoch time; 30.782461166381836
Epoch 3/9
	 Logging train Loss: 4.1558e-06 [MSELoss(): t(0,0)_r(0,0)_combi_pTrue_gTrue]
	 Logging test loss: 1.3476e-06 [MSELoss(): t(0,0)_r(0,0)_tennis_pTrue_gTrue]
	 Logging test loss: 8.844e-07 [MSELoss(): t(0,0)_r(0,0)_combi_pTrue_gTrue]
	 Logging test loss: 4.932e-07 [MSELoss(): t(0,0)_r(0,0)_full_pTrue_gTrue]
	 Logging test loss: 1.0635e-06 [MSELoss(): t(0,0)_r(0,0)_semi_pTrue_gTrue]
		--> Epoch time; 30.7611243724823
Epoch 4/9
	 Logging train Loss: 8.2753e-06 [MSELoss(): t(0,0)_r(0,0)_combi_pTrue_gTrue]
	 Logging test loss: 1.0222e-06 [MSELoss(): t(0,0)_r(0,0)_tennis_pTrue_gTrue]
	 Logging test loss: 7.49e-07 [MSELoss(): t(0,0)_r(0,0)_combi_pTrue_gTrue]
	 Logging test loss: 4.229e-07 [MSELoss(): t(0,0)_r(0,0)_full_pTrue_gTrue]
	 Logging test loss: 8.95e-07 [MSELoss(): t(0,0)_r(0,0)_semi_pTrue_gTrue]
		--> Epoch time; 30.66277527809143
Epoch 5/9
	 Logging train Loss: 1.5347e-06 [MSELoss(): t(0,0)_r(0,0)_combi_pTrue_gTrue]
	 Logging test loss: 8.685e-07 [MSELoss(): t(0,0)_r(0,0)_tennis_pTrue_gTrue]
	 Logging test loss: 6.448e-07 [MSELoss(): t(0,0)_r(0,0)_combi_pTrue_gTrue]
	 Logging test loss: 3.662e-07 [MSELoss(): t(0,0)_r(0,0)_full_pTrue_gTrue]
	 Logging test loss: 7.669e-07 [MSELoss(): t(0,0)_r(0,0)_semi_pTrue_gTrue]
		--> Epoch time; 30.592254400253296
Epoch 6/9
	 Logging train Loss: 4.5268e-06 [MSELoss(): t(0,0)_r(0,0)_combi_pTrue_gTrue]
	 Logging test loss: 9.26882e-05 [MSELoss(): t(0,0)_r(0,0)_tennis_pTrue_gTrue]
	 Logging test loss: 2.32326e-05 [MSELoss(): t(0,0)_r(0,0)_combi_pTrue_gTrue]
	 Logging test loss: 1.9028e-06 [MSELoss(): t(0,0)_r(0,0)_full_pTrue_gTrue]
	 Logging test loss: 2.59519e-05 [MSELoss(): t(0,0)_r(0,0)_semi_pTrue_gTrue]
		--> Epoch time; 30.769675970077515
Epoch 7/9
	 Logging train Loss: 2.4631e-06 [MSELoss(): t(0,0)_r(0,0)_combi_pTrue_gTrue]
	 Logging test loss: 1.4914e-06 [MSELoss(): t(0,0)_r(0,0)_tennis_pTrue_gTrue]
	 Logging test loss: 6.127e-07 [MSELoss(): t(0,0)_r(0,0)_combi_pTrue_gTrue]
	 Logging test loss: 2.604e-07 [MSELoss(): t(0,0)_r(0,0)_full_pTrue_gTrue]
	 Logging test loss: 6.86e-07 [MSELoss(): t(0,0)_r(0,0)_semi_pTrue_gTrue]
		--> Epoch time; 30.83531165122986
Epoch 8/9
	 Logging train Loss: 2.9412e-06 [MSELoss(): t(0,0)_r(0,0)_combi_pTrue_gTrue]
	 Logging test loss: 5.664e-07 [MSELoss(): t(0,0)_r(0,0)_tennis_pTrue_gTrue]
	 Logging test loss: 3.988e-07 [MSELoss(): t(0,0)_r(0,0)_combi_pTrue_gTrue]
	 Logging test loss: 2.049e-07 [MSELoss(): t(0,0)_r(0,0)_full_pTrue_gTrue]
	 Logging test loss: 4.644e-07 [MSELoss(): t(0,0)_r(0,0)_semi_pTrue_gTrue]
		--> Epoch time; 30.66516876220703
Epoch 9/9
	 Logging train Loss: 2.8886e-06 [MSELoss(): t(0,0)_r(0,0)_combi_pTrue_gTrue]
	 Logging test loss: 1.5561e-06 [MSELoss(): t(0,0)_r(0,0)_tennis_pTrue_gTrue]
	 Logging test loss: 6.222e-07 [MSELoss(): t(0,0)_r(0,0)_combi_pTrue_gTrue]
	 Logging test loss: 2.501e-07 [MSELoss(): t(0,0)_r(0,0)_full_pTrue_gTrue]
wandb: Waiting for W&B process to finish... (success).
wandb: 
wandb: Run history:
wandb:                                      Epoch â–â–‚â–ƒâ–ƒâ–„â–…â–†â–†â–‡â–ˆ
wandb:  Test loss t(0,0)_r(0,0)_combi_pTrue_gTrue â–…â–ƒâ–â–â–â–â–ˆâ–â–â–
wandb:   Test loss t(0,0)_r(0,0)_full_pTrue_gTrue â–ˆâ–„â–â–â–â–â–‚â–â–â–
wandb:   Test loss t(0,0)_r(0,0)_semi_pTrue_gTrue â–…â–ƒâ–â–â–â–â–ˆâ–â–â–
wandb: Test loss t(0,0)_r(0,0)_tennis_pTrue_gTrue â–‚â–‚â–â–â–â–â–ˆâ–â–â–
wandb:                                 Train loss â–ˆâ–â–â–â–â–â–â–â–â–
wandb: 
wandb: Run summary:
wandb:                                      Epoch 9
wandb:  Test loss t(0,0)_r(0,0)_combi_pTrue_gTrue 0.0
wandb:   Test loss t(0,0)_r(0,0)_full_pTrue_gTrue 0.0
wandb:   Test loss t(0,0)_r(0,0)_semi_pTrue_gTrue 0.0
wandb: Test loss t(0,0)_r(0,0)_tennis_pTrue_gTrue 0.0
wandb:                                 Train loss 0.0
wandb: 
wandb: ðŸš€ View run visionary-totem-955 at: https://wandb.ai/nreints/ThesisFinal2/runs/4olfuyv3
wandb: Synced 6 W&B file(s), 0 media file(s), 3 artifact file(s) and 1 other file(s)
wandb: Find logs at: ./wandb/run-20230709_181504-4olfuyv3/logs
wandb: - Waiting for wandb.init()...wandb: \ Waiting for wandb.init()...wandb: wandb version 0.15.5 is available!  To upgrade, please run:
wandb:  $ pip install wandb --upgrade
wandb: Tracking run with wandb version 0.14.0
wandb: Run data is saved locally in /gpfs/home2/nreints/MScThesis/code/wandb/run-20230709_182215-ph2uzw6g
wandb: Run `wandb offline` to turn off syncing.
wandb: Syncing run driven-jazz-973
wandb: â­ï¸ View project at https://wandb.ai/nreints/ThesisFinal2
wandb: ðŸš€ View run at https://wandb.ai/nreints/ThesisFinal2/runs/ph2uzw6g
wandb: Waiting for W&B process to finish... (success).
wandb: 
wandb: Run history:
wandb:                                      Epoch â–â–‚â–ƒâ–ƒâ–„â–…â–†â–†â–‡â–ˆ
wandb:  Test loss t(0,0)_r(0,0)_combi_pTrue_gTrue â–‚â–â–ˆâ–â–â–…â–â–â–â–
wandb:   Test loss t(0,0)_r(0,0)_full_pTrue_gTrue â–ˆâ–‚â–ƒâ–‚â–â–„â–â–â–â–
wandb:   Test loss t(0,0)_r(0,0)_semi_pTrue_gTrue â–‚â–â–ˆâ–â–â–†â–â–â–â–
wandb: Test loss t(0,0)_r(0,0)_tennis_pTrue_gTrue â–â–â–ˆâ–â–â–„â–â–â–â–
wandb:                                 Train loss â–ˆâ–â–â–â–â–â–â–â–â–
wandb: 
wandb: Run summary:
wandb:                                      Epoch 9
wandb:  Test loss t(0,0)_r(0,0)_combi_pTrue_gTrue 0.0
wandb:   Test loss t(0,0)_r(0,0)_full_pTrue_gTrue 0.0
wandb:   Test loss t(0,0)_r(0,0)_semi_pTrue_gTrue 0.0
wandb: Test loss t(0,0)_r(0,0)_tennis_pTrue_gTrue 0.0
wandb:                                 Train loss 0.0
wandb: 
wandb: ðŸš€ View run driven-jazz-973 at: https://wandb.ai/nreints/ThesisFinal2/runs/ph2uzw6g
wandb: Synced 6 W&B file(s), 0 media file(s), 3 artifact file(s) and 1 other file(s)
wandb: Find logs at: ./wandb/run-20230709_182215-ph2uzw6g/logs
wandb: - Waiting for wandb.init()...wandb: \ Waiting for wandb.init()...wandb: wandb version 0.15.5 is available!  To upgrade, please run:
wandb:  $ pip install wandb --upgrade
wandb: Tracking run with wandb version 0.14.0
wandb: Run data is saved locally in /gpfs/home2/nreints/MScThesis/code/wandb/run-20230709_182924-vtbvw3e7
wandb: Run `wandb offline` to turn off syncing.
wandb: Syncing run peachy-smoke-992
wandb: â­ï¸ View project at https://wandb.ai/nreints/ThesisFinal2
wandb: ðŸš€ View run at https://wandb.ai/nreints/ThesisFinal2/runs/vtbvw3e7
	 Logging test loss: 7.051e-07 [MSELoss(): t(0,0)_r(0,0)_semi_pTrue_gTrue]
		--> Epoch time; 30.675854921340942
Saved model in  trained_models/gru/data_t(0,0)_r(0,0)_combi_pTrue_gTrue/'log_quat_1'_'True'.pth
It took  431.1024377346039  seconds.
----- ITERATION 4/10 ------
Number of train simulations:  1920
Number of test simulations:  480
The dataloader for data/data_t(0,0)_r(0,0)_combi_pTrue_gTrue took 54.54164171218872 seconds.
-- Finished Train Dataloader --
The dataloader for data/data_t(0,0)_r(0,0)_tennis_pTrue_gTrue took 13.999569416046143 seconds.
The dataloader for data/data_t(0,0)_r(0,0)_combi_pTrue_gTrue took 13.701792240142822 seconds.
The dataloader for data/data_t(0,0)_r(0,0)_full_pTrue_gTrue took 13.974963903427124 seconds.
The dataloader for data/data_t(0,0)_r(0,0)_semi_pTrue_gTrue took 13.962780475616455 seconds.
-- Finished Test Dataloader(s) --
GRU(
  (rnn): GRU(7, 96, batch_first=True)
  (pre_hidden_lin_layer): Sequential(
    (0): Linear(in_features=3, out_features=96, bias=True)
    (1): ReLU()
    (2): Linear(in_features=96, out_features=96, bias=True)
    (3): ReLU()
  )
  (fc): Linear(in_features=96, out_features=7, bias=True)
)
Datatype: log_quat_1
-- Started Training --
Epoch 0/9
	 Logging train Loss: 0.000231816 [MSELoss(): t(0,0)_r(0,0)_combi_pTrue_gTrue]
	 Logging test loss: 1.03304e-05 [MSELoss(): t(0,0)_r(0,0)_tennis_pTrue_gTrue]
	 Logging test loss: 5.299e-06 [MSELoss(): t(0,0)_r(0,0)_combi_pTrue_gTrue]
	 Logging test loss: 3.6143e-06 [MSELoss(): t(0,0)_r(0,0)_full_pTrue_gTrue]
	 Logging test loss: 5.4705e-06 [MSELoss(): t(0,0)_r(0,0)_semi_pTrue_gTrue]
		--> Epoch time; 30.906440258026123
Epoch 1/9
	 Logging train Loss: 1.17295e-05 [MSELoss(): t(0,0)_r(0,0)_combi_pTrue_gTrue]
	 Logging test loss: 1.4686e-06 [MSELoss(): t(0,0)_r(0,0)_tennis_pTrue_gTrue]
	 Logging test loss: 8.283e-07 [MSELoss(): t(0,0)_r(0,0)_combi_pTrue_gTrue]
	 Logging test loss: 5.576e-07 [MSELoss(): t(0,0)_r(0,0)_full_pTrue_gTrue]
	 Logging test loss: 1.0563e-06 [MSELoss(): t(0,0)_r(0,0)_semi_pTrue_gTrue]
		--> Epoch time; 30.431028127670288
Epoch 2/9
	 Logging train Loss: 1.7357e-06 [MSELoss(): t(0,0)_r(0,0)_combi_pTrue_gTrue]
	 Logging test loss: 0.0001699971 [MSELoss(): t(0,0)_r(0,0)_tennis_pTrue_gTrue]
	 Logging test loss: 6.16011e-05 [MSELoss(): t(0,0)_r(0,0)_combi_pTrue_gTrue]
	 Logging test loss: 9.326e-07 [MSELoss(): t(0,0)_r(0,0)_full_pTrue_gTrue]
	 Logging test loss: 4.20666e-05 [MSELoss(): t(0,0)_r(0,0)_semi_pTrue_gTrue]
		--> Epoch time; 30.58997344970703
Epoch 3/9
	 Logging train Loss: 5.8723e-06 [MSELoss(): t(0,0)_r(0,0)_combi_pTrue_gTrue]
	 Logging test loss: 4.2857e-06 [MSELoss(): t(0,0)_r(0,0)_tennis_pTrue_gTrue]
	 Logging test loss: 1.6857e-06 [MSELoss(): t(0,0)_r(0,0)_combi_pTrue_gTrue]
	 Logging test loss: 3.849e-07 [MSELoss(): t(0,0)_r(0,0)_full_pTrue_gTrue]
	 Logging test loss: 1.4162e-06 [MSELoss(): t(0,0)_r(0,0)_semi_pTrue_gTrue]
		--> Epoch time; 30.806665182113647
Epoch 4/9
	 Logging train Loss: 5.4148e-06 [MSELoss(): t(0,0)_r(0,0)_combi_pTrue_gTrue]
	 Logging test loss: 4.988e-07 [MSELoss(): t(0,0)_r(0,0)_tennis_pTrue_gTrue]
	 Logging test loss: 3.194e-07 [MSELoss(): t(0,0)_r(0,0)_combi_pTrue_gTrue]
	 Logging test loss: 2.793e-07 [MSELoss(): t(0,0)_r(0,0)_full_pTrue_gTrue]
	 Logging test loss: 4.358e-07 [MSELoss(): t(0,0)_r(0,0)_semi_pTrue_gTrue]
		--> Epoch time; 30.63308048248291
Epoch 5/9
	 Logging train Loss: 3.1911e-06 [MSELoss(): t(0,0)_r(0,0)_combi_pTrue_gTrue]
	 Logging test loss: 8.48523e-05 [MSELoss(): t(0,0)_r(0,0)_tennis_pTrue_gTrue]
	 Logging test loss: 3.34793e-05 [MSELoss(): t(0,0)_r(0,0)_combi_pTrue_gTrue]
	 Logging test loss: 1.7689e-06 [MSELoss(): t(0,0)_r(0,0)_full_pTrue_gTrue]
	 Logging test loss: 3.20197e-05 [MSELoss(): t(0,0)_r(0,0)_semi_pTrue_gTrue]
		--> Epoch time; 30.82704782485962
Epoch 6/9
	 Logging train Loss: 3.059e-06 [MSELoss(): t(0,0)_r(0,0)_combi_pTrue_gTrue]
	 Logging test loss: 2.958e-07 [MSELoss(): t(0,0)_r(0,0)_tennis_pTrue_gTrue]
	 Logging test loss: 1.674e-07 [MSELoss(): t(0,0)_r(0,0)_combi_pTrue_gTrue]
	 Logging test loss: 1.039e-07 [MSELoss(): t(0,0)_r(0,0)_full_pTrue_gTrue]
	 Logging test loss: 2.269e-07 [MSELoss(): t(0,0)_r(0,0)_semi_pTrue_gTrue]
		--> Epoch time; 30.74177122116089
Epoch 7/9
	 Logging train Loss: 1.7793e-06 [MSELoss(): t(0,0)_r(0,0)_combi_pTrue_gTrue]
	 Logging test loss: 9.074e-07 [MSELoss(): t(0,0)_r(0,0)_tennis_pTrue_gTrue]
	 Logging test loss: 3.475e-07 [MSELoss(): t(0,0)_r(0,0)_combi_pTrue_gTrue]
	 Logging test loss: 5.92e-08 [MSELoss(): t(0,0)_r(0,0)_full_pTrue_gTrue]
	 Logging test loss: 2.674e-07 [MSELoss(): t(0,0)_r(0,0)_semi_pTrue_gTrue]
		--> Epoch time; 30.22022557258606
Epoch 8/9
	 Logging train Loss: 1.8804e-06 [MSELoss(): t(0,0)_r(0,0)_combi_pTrue_gTrue]
	 Logging test loss: 4.0584e-06 [MSELoss(): t(0,0)_r(0,0)_tennis_pTrue_gTrue]
	 Logging test loss: 1.572e-06 [MSELoss(): t(0,0)_r(0,0)_combi_pTrue_gTrue]
	 Logging test loss: 7.6e-08 [MSELoss(): t(0,0)_r(0,0)_full_pTrue_gTrue]
	 Logging test loss: 1.6299e-06 [MSELoss(): t(0,0)_r(0,0)_semi_pTrue_gTrue]
		--> Epoch time; 30.24384307861328
Epoch 9/9
	 Logging train Loss: 1.3454e-06 [MSELoss(): t(0,0)_r(0,0)_combi_pTrue_gTrue]
	 Logging test loss: 2.7713e-06 [MSELoss(): t(0,0)_r(0,0)_tennis_pTrue_gTrue]
	 Logging test loss: 1.0582e-06 [MSELoss(): t(0,0)_r(0,0)_combi_pTrue_gTrue]
	 Logging test loss: 4.65e-08 [MSELoss(): t(0,0)_r(0,0)_full_pTrue_gTrue]
	 Logging test loss: 7.639e-07 [MSELoss(): t(0,0)_r(0,0)_semi_pTrue_gTrue]
		--> Epoch time; 30.28925371170044
Saved model in  trained_models/gru/data_t(0,0)_r(0,0)_combi_pTrue_gTrue/'log_quat_1'_'True'.pth
It took  429.05523133277893  seconds.
----- ITERATION 5/10 ------
Number of train simulations:  1920
Number of test simulations:  480
The dataloader for data/data_t(0,0)_r(0,0)_combi_pTrue_gTrue took 55.263246297836304 seconds.
-- Finished Train Dataloader --
The dataloader for data/data_t(0,0)_r(0,0)_tennis_pTrue_gTrue took 13.979415893554688 seconds.
The dataloader for data/data_t(0,0)_r(0,0)_combi_pTrue_gTrue took 13.940042972564697 seconds.
The dataloader for data/data_t(0,0)_r(0,0)_full_pTrue_gTrue took 13.98415732383728 seconds.
The dataloader for data/data_t(0,0)_r(0,0)_semi_pTrue_gTrue took 13.988363265991211 seconds.
-- Finished Test Dataloader(s) --
GRU(
  (rnn): GRU(7, 96, batch_first=True)
  (pre_hidden_lin_layer): Sequential(
    (0): Linear(in_features=3, out_features=96, bias=True)
    (1): ReLU()
    (2): Linear(in_features=96, out_features=96, bias=True)
    (3): ReLU()
  )
  (fc): Linear(in_features=96, out_features=7, bias=True)
)
Datatype: log_quat_1
-- Started Training --
Epoch 0/9
	 Logging train Loss: 0.0005394784 [MSELoss(): t(0,0)_r(0,0)_combi_pTrue_gTrue]
	 Logging test loss: 7.1861e-06 [MSELoss(): t(0,0)_r(0,0)_tennis_pTrue_gTrue]
	 Logging test loss: 5.6936e-06 [MSELoss(): t(0,0)_r(0,0)_combi_pTrue_gTrue]
	 Logging test loss: 4.695e-06 [MSELoss(): t(0,0)_r(0,0)_full_pTrue_gTrue]
	 Logging test loss: 7.9806e-06 [MSELoss(): t(0,0)_r(0,0)_semi_pTrue_gTrue]
		--> Epoch time; 30.093182802200317
Epoch 1/9
	 Logging train Loss: 2.5115e-06 [MSELoss(): t(0,0)_r(0,0)_combi_pTrue_gTrue]
	 Logging test loss: 2.9736e-06 [MSELoss(): t(0,0)_r(0,0)_tennis_pTrue_gTrue]
	 Logging test loss: 1.5007e-06 [MSELoss(): t(0,0)_r(0,0)_combi_pTrue_gTrue]
	 Logging test loss: 6.152e-07 [MSELoss(): t(0,0)_r(0,0)_full_pTrue_gTrue]
	 Logging test loss: 1.7582e-06 [MSELoss(): t(0,0)_r(0,0)_semi_pTrue_gTrue]
		--> Epoch time; 30.43523144721985
Epoch 2/9
	 Logging train Loss: 3.0586e-06 [MSELoss(): t(0,0)_r(0,0)_combi_pTrue_gTrue]
	 Logging test loss: 1.07539e-05 [MSELoss(): t(0,0)_r(0,0)_tennis_pTrue_gTrue]
	 Logging test loss: 3.7958e-06 [MSELoss(): t(0,0)_r(0,0)_combi_pTrue_gTrue]
	 Logging test loss: 4.242e-07 [MSELoss(): t(0,0)_r(0,0)_full_pTrue_gTrue]
	 Logging test loss: 2.7592e-06 [MSELoss(): t(0,0)_r(0,0)_semi_pTrue_gTrue]
		--> Epoch time; 30.08824872970581
Epoch 3/9
	 Logging train Loss: 5.1008e-06 [MSELoss(): t(0,0)_r(0,0)_combi_pTrue_gTrue]
	 Logging test loss: 0.0003551302 [MSELoss(): t(0,0)_r(0,0)_tennis_pTrue_gTrue]
	 Logging test loss: 0.0001099395 [MSELoss(): t(0,0)_r(0,0)_combi_pTrue_gTrue]
wandb: Waiting for W&B process to finish... (success).
wandb: 
wandb: Run history:
wandb:                                      Epoch â–â–‚â–ƒâ–ƒâ–„â–…â–†â–†â–‡â–ˆ
wandb:  Test loss t(0,0)_r(0,0)_combi_pTrue_gTrue â–â–â–â–ˆâ–â–â–â–â–â–
wandb:   Test loss t(0,0)_r(0,0)_full_pTrue_gTrue â–ˆâ–‚â–‚â–ƒâ–â–â–â–â–â–
wandb:   Test loss t(0,0)_r(0,0)_semi_pTrue_gTrue â–‚â–â–â–ˆâ–â–â–â–â–â–
wandb: Test loss t(0,0)_r(0,0)_tennis_pTrue_gTrue â–â–â–â–ˆâ–â–â–â–â–â–
wandb:                                 Train loss â–ˆâ–â–â–â–â–â–â–â–â–
wandb: 
wandb: Run summary:
wandb:                                      Epoch 9
wandb:  Test loss t(0,0)_r(0,0)_combi_pTrue_gTrue 0.0
wandb:   Test loss t(0,0)_r(0,0)_full_pTrue_gTrue 0.0
wandb:   Test loss t(0,0)_r(0,0)_semi_pTrue_gTrue 0.0
wandb: Test loss t(0,0)_r(0,0)_tennis_pTrue_gTrue 0.0
wandb:                                 Train loss 0.0
wandb: 
wandb: ðŸš€ View run peachy-smoke-992 at: https://wandb.ai/nreints/ThesisFinal2/runs/vtbvw3e7
wandb: Synced 6 W&B file(s), 0 media file(s), 3 artifact file(s) and 1 other file(s)
wandb: Find logs at: ./wandb/run-20230709_182924-vtbvw3e7/logs
wandb: - Waiting for wandb.init()...wandb: \ Waiting for wandb.init()...wandb: wandb version 0.15.5 is available!  To upgrade, please run:
wandb:  $ pip install wandb --upgrade
wandb: Tracking run with wandb version 0.14.0
wandb: Run data is saved locally in /gpfs/home2/nreints/MScThesis/code/wandb/run-20230709_183630-g1mvqh8j
wandb: Run `wandb offline` to turn off syncing.
wandb: Syncing run daily-dust-1011
wandb: â­ï¸ View project at https://wandb.ai/nreints/ThesisFinal2
wandb: ðŸš€ View run at https://wandb.ai/nreints/ThesisFinal2/runs/g1mvqh8j
	 Logging test loss: 1.5385e-06 [MSELoss(): t(0,0)_r(0,0)_full_pTrue_gTrue]
	 Logging test loss: 7.7196e-05 [MSELoss(): t(0,0)_r(0,0)_semi_pTrue_gTrue]
		--> Epoch time; 30.32256841659546
Epoch 4/9
	 Logging train Loss: 5.1465e-06 [MSELoss(): t(0,0)_r(0,0)_combi_pTrue_gTrue]
	 Logging test loss: 5.215e-07 [MSELoss(): t(0,0)_r(0,0)_tennis_pTrue_gTrue]
	 Logging test loss: 3.46e-07 [MSELoss(): t(0,0)_r(0,0)_combi_pTrue_gTrue]
	 Logging test loss: 2.41e-07 [MSELoss(): t(0,0)_r(0,0)_full_pTrue_gTrue]
	 Logging test loss: 5.008e-07 [MSELoss(): t(0,0)_r(0,0)_semi_pTrue_gTrue]
		--> Epoch time; 30.251364946365356
Epoch 5/9
	 Logging train Loss: 2.0051e-06 [MSELoss(): t(0,0)_r(0,0)_combi_pTrue_gTrue]
	 Logging test loss: 8.807e-07 [MSELoss(): t(0,0)_r(0,0)_tennis_pTrue_gTrue]
	 Logging test loss: 3.948e-07 [MSELoss(): t(0,0)_r(0,0)_combi_pTrue_gTrue]
	 Logging test loss: 1.517e-07 [MSELoss(): t(0,0)_r(0,0)_full_pTrue_gTrue]
	 Logging test loss: 4.966e-07 [MSELoss(): t(0,0)_r(0,0)_semi_pTrue_gTrue]
		--> Epoch time; 30.39837670326233
Epoch 6/9
	 Logging train Loss: 1.7297e-06 [MSELoss(): t(0,0)_r(0,0)_combi_pTrue_gTrue]
	 Logging test loss: 2.368e-07 [MSELoss(): t(0,0)_r(0,0)_tennis_pTrue_gTrue]
	 Logging test loss: 1.441e-07 [MSELoss(): t(0,0)_r(0,0)_combi_pTrue_gTrue]
	 Logging test loss: 7.4e-08 [MSELoss(): t(0,0)_r(0,0)_full_pTrue_gTrue]
	 Logging test loss: 2.192e-07 [MSELoss(): t(0,0)_r(0,0)_semi_pTrue_gTrue]
		--> Epoch time; 30.225326776504517
Epoch 7/9
	 Logging train Loss: 2.5587e-06 [MSELoss(): t(0,0)_r(0,0)_combi_pTrue_gTrue]
	 Logging test loss: 1.6979e-06 [MSELoss(): t(0,0)_r(0,0)_tennis_pTrue_gTrue]
	 Logging test loss: 6.802e-07 [MSELoss(): t(0,0)_r(0,0)_combi_pTrue_gTrue]
	 Logging test loss: 7.53e-08 [MSELoss(): t(0,0)_r(0,0)_full_pTrue_gTrue]
	 Logging test loss: 5.896e-07 [MSELoss(): t(0,0)_r(0,0)_semi_pTrue_gTrue]
		--> Epoch time; 30.320924043655396
Epoch 8/9
	 Logging train Loss: 1.7921e-06 [MSELoss(): t(0,0)_r(0,0)_combi_pTrue_gTrue]
	 Logging test loss: 1.633e-07 [MSELoss(): t(0,0)_r(0,0)_tennis_pTrue_gTrue]
	 Logging test loss: 9.1e-08 [MSELoss(): t(0,0)_r(0,0)_combi_pTrue_gTrue]
	 Logging test loss: 2.9e-08 [MSELoss(): t(0,0)_r(0,0)_full_pTrue_gTrue]
	 Logging test loss: 1.389e-07 [MSELoss(): t(0,0)_r(0,0)_semi_pTrue_gTrue]
		--> Epoch time; 30.53221297264099
Epoch 9/9
	 Logging train Loss: 1.1863e-06 [MSELoss(): t(0,0)_r(0,0)_combi_pTrue_gTrue]
	 Logging test loss: 2.033e-07 [MSELoss(): t(0,0)_r(0,0)_tennis_pTrue_gTrue]
	 Logging test loss: 1.079e-07 [MSELoss(): t(0,0)_r(0,0)_combi_pTrue_gTrue]
	 Logging test loss: 2.86e-08 [MSELoss(): t(0,0)_r(0,0)_full_pTrue_gTrue]
	 Logging test loss: 1.647e-07 [MSELoss(): t(0,0)_r(0,0)_semi_pTrue_gTrue]
		--> Epoch time; 30.355882167816162
Saved model in  trained_models/gru/data_t(0,0)_r(0,0)_combi_pTrue_gTrue/'log_quat_1'_'True'.pth
It took  426.01508474349976  seconds.
----- ITERATION 6/10 ------
Number of train simulations:  1920
Number of test simulations:  480
The dataloader for data/data_t(0,0)_r(0,0)_combi_pTrue_gTrue took 53.54477024078369 seconds.
-- Finished Train Dataloader --
The dataloader for data/data_t(0,0)_r(0,0)_tennis_pTrue_gTrue took 13.899168252944946 seconds.
The dataloader for data/data_t(0,0)_r(0,0)_combi_pTrue_gTrue took 13.60306715965271 seconds.
The dataloader for data/data_t(0,0)_r(0,0)_full_pTrue_gTrue took 13.938982725143433 seconds.
The dataloader for data/data_t(0,0)_r(0,0)_semi_pTrue_gTrue took 14.007076025009155 seconds.
-- Finished Test Dataloader(s) --
GRU(
  (rnn): GRU(7, 96, batch_first=True)
  (pre_hidden_lin_layer): Sequential(
    (0): Linear(in_features=3, out_features=96, bias=True)
    (1): ReLU()
    (2): Linear(in_features=96, out_features=96, bias=True)
    (3): ReLU()
  )
  (fc): Linear(in_features=96, out_features=7, bias=True)
)
Datatype: log_quat_1
-- Started Training --
Epoch 0/9
	 Logging train Loss: 0.0002017087 [MSELoss(): t(0,0)_r(0,0)_combi_pTrue_gTrue]
	 Logging test loss: 0.0002621821 [MSELoss(): t(0,0)_r(0,0)_tennis_pTrue_gTrue]
	 Logging test loss: 7.77065e-05 [MSELoss(): t(0,0)_r(0,0)_combi_pTrue_gTrue]
	 Logging test loss: 5.2723e-06 [MSELoss(): t(0,0)_r(0,0)_full_pTrue_gTrue]
	 Logging test loss: 3.12001e-05 [MSELoss(): t(0,0)_r(0,0)_semi_pTrue_gTrue]
		--> Epoch time; 30.01401996612549
Epoch 1/9
	 Logging train Loss: 6.2875e-06 [MSELoss(): t(0,0)_r(0,0)_combi_pTrue_gTrue]
	 Logging test loss: 1.3706e-06 [MSELoss(): t(0,0)_r(0,0)_tennis_pTrue_gTrue]
	 Logging test loss: 9.601e-07 [MSELoss(): t(0,0)_r(0,0)_combi_pTrue_gTrue]
	 Logging test loss: 7.428e-07 [MSELoss(): t(0,0)_r(0,0)_full_pTrue_gTrue]
	 Logging test loss: 1.2411e-06 [MSELoss(): t(0,0)_r(0,0)_semi_pTrue_gTrue]
		--> Epoch time; 30.351592540740967
Epoch 2/9
	 Logging train Loss: 3.3844e-06 [MSELoss(): t(0,0)_r(0,0)_combi_pTrue_gTrue]
	 Logging test loss: 1.4905e-06 [MSELoss(): t(0,0)_r(0,0)_tennis_pTrue_gTrue]
	 Logging test loss: 8.637e-07 [MSELoss(): t(0,0)_r(0,0)_combi_pTrue_gTrue]
	 Logging test loss: 4.892e-07 [MSELoss(): t(0,0)_r(0,0)_full_pTrue_gTrue]
	 Logging test loss: 1.1025e-06 [MSELoss(): t(0,0)_r(0,0)_semi_pTrue_gTrue]
		--> Epoch time; 30.25723099708557
Epoch 3/9
	 Logging train Loss: 5.1572e-06 [MSELoss(): t(0,0)_r(0,0)_combi_pTrue_gTrue]
	 Logging test loss: 7.397e-07 [MSELoss(): t(0,0)_r(0,0)_tennis_pTrue_gTrue]
	 Logging test loss: 5.16e-07 [MSELoss(): t(0,0)_r(0,0)_combi_pTrue_gTrue]
	 Logging test loss: 4.133e-07 [MSELoss(): t(0,0)_r(0,0)_full_pTrue_gTrue]
	 Logging test loss: 6.469e-07 [MSELoss(): t(0,0)_r(0,0)_semi_pTrue_gTrue]
		--> Epoch time; 30.107436656951904
Epoch 4/9
	 Logging train Loss: 1.579e-06 [MSELoss(): t(0,0)_r(0,0)_combi_pTrue_gTrue]
	 Logging test loss: 7.4501e-06 [MSELoss(): t(0,0)_r(0,0)_tennis_pTrue_gTrue]
	 Logging test loss: 2.7023e-06 [MSELoss(): t(0,0)_r(0,0)_combi_pTrue_gTrue]
	 Logging test loss: 3.911e-07 [MSELoss(): t(0,0)_r(0,0)_full_pTrue_gTrue]
	 Logging test loss: 2.4058e-06 [MSELoss(): t(0,0)_r(0,0)_semi_pTrue_gTrue]
		--> Epoch time; 30.254701614379883
Epoch 5/9
	 Logging train Loss: 2.9794e-06 [MSELoss(): t(0,0)_r(0,0)_combi_pTrue_gTrue]
	 Logging test loss: 1.3556e-06 [MSELoss(): t(0,0)_r(0,0)_tennis_pTrue_gTrue]
	 Logging test loss: 6.148e-07 [MSELoss(): t(0,0)_r(0,0)_combi_pTrue_gTrue]
	 Logging test loss: 2.471e-07 [MSELoss(): t(0,0)_r(0,0)_full_pTrue_gTrue]
	 Logging test loss: 6.982e-07 [MSELoss(): t(0,0)_r(0,0)_semi_pTrue_gTrue]
		--> Epoch time; 30.254965782165527
Epoch 6/9
	 Logging train Loss: 2.3916e-06 [MSELoss(): t(0,0)_r(0,0)_combi_pTrue_gTrue]
	 Logging test loss: 4.492e-07 [MSELoss(): t(0,0)_r(0,0)_tennis_pTrue_gTrue]
	 Logging test loss: 2.844e-07 [MSELoss(): t(0,0)_r(0,0)_combi_pTrue_gTrue]
	 Logging test loss: 1.728e-07 [MSELoss(): t(0,0)_r(0,0)_full_pTrue_gTrue]
	 Logging test loss: 3.807e-07 [MSELoss(): t(0,0)_r(0,0)_semi_pTrue_gTrue]
		--> Epoch time; 30.33924412727356
Epoch 7/9
	 Logging train Loss: 1.4793e-06 [MSELoss(): t(0,0)_r(0,0)_combi_pTrue_gTrue]
	 Logging test loss: 4.111e-07 [MSELoss(): t(0,0)_r(0,0)_tennis_pTrue_gTrue]
	 Logging test loss: 2.327e-07 [MSELoss(): t(0,0)_r(0,0)_combi_pTrue_gTrue]
	 Logging test loss: 1.086e-07 [MSELoss(): t(0,0)_r(0,0)_full_pTrue_gTrue]
	 Logging test loss: 3.139e-07 [MSELoss(): t(0,0)_r(0,0)_semi_pTrue_gTrue]
		--> Epoch time; 30.211647748947144
Epoch 8/9
	 Logging train Loss: 1.227e-06 [MSELoss(): t(0,0)_r(0,0)_combi_pTrue_gTrue]
	 Logging test loss: 6.554e-07 [MSELoss(): t(0,0)_r(0,0)_tennis_pTrue_gTrue]
	 Logging test loss: 3.182e-07 [MSELoss(): t(0,0)_r(0,0)_combi_pTrue_gTrue]
	 Logging test loss: 7.09e-08 [MSELoss(): t(0,0)_r(0,0)_full_pTrue_gTrue]
	 Logging test loss: 4.392e-07 [MSELoss(): t(0,0)_r(0,0)_semi_pTrue_gTrue]
		--> Epoch time; 30.52259922027588
Epoch 9/9
	 Logging train Loss: 1.2517e-06 [MSELoss(): t(0,0)_r(0,0)_combi_pTrue_gTrue]
	 Logging test loss: 4.858e-07 [MSELoss(): t(0,0)_r(0,0)_tennis_pTrue_gTrue]
	 Logging test loss: 2.69e-07 [MSELoss(): t(0,0)_r(0,0)_combi_pTrue_gTrue]
	 Logging test loss: 5.67e-08 [MSELoss(): t(0,0)_r(0,0)_full_pTrue_gTrue]
	 Logging test loss: 4.027e-07 [MSELoss(): t(0,0)_r(0,0)_semi_pTrue_gTrue]
		--> Epoch time; 30.36046075820923
wandb: Waiting for W&B process to finish... (success).
wandb: 
wandb: Run history:
wandb:                                      Epoch â–â–‚â–ƒâ–ƒâ–„â–…â–†â–†â–‡â–ˆ
wandb:  Test loss t(0,0)_r(0,0)_combi_pTrue_gTrue â–ˆâ–â–â–â–â–â–â–â–â–
wandb:   Test loss t(0,0)_r(0,0)_full_pTrue_gTrue â–ˆâ–‚â–‚â–â–â–â–â–â–â–
wandb:   Test loss t(0,0)_r(0,0)_semi_pTrue_gTrue â–ˆâ–â–â–â–â–â–â–â–â–
wandb: Test loss t(0,0)_r(0,0)_tennis_pTrue_gTrue â–ˆâ–â–â–â–â–â–â–â–â–
wandb:                                 Train loss â–ˆâ–â–â–â–â–â–â–â–â–
wandb: 
wandb: Run summary:
wandb:                                      Epoch 9
wandb:  Test loss t(0,0)_r(0,0)_combi_pTrue_gTrue 0.0
wandb:   Test loss t(0,0)_r(0,0)_full_pTrue_gTrue 0.0
wandb:   Test loss t(0,0)_r(0,0)_semi_pTrue_gTrue 0.0
wandb: Test loss t(0,0)_r(0,0)_tennis_pTrue_gTrue 0.0
wandb:                                 Train loss 0.0
wandb: 
wandb: ðŸš€ View run daily-dust-1011 at: https://wandb.ai/nreints/ThesisFinal2/runs/g1mvqh8j
wandb: Synced 6 W&B file(s), 0 media file(s), 3 artifact file(s) and 1 other file(s)
wandb: Find logs at: ./wandb/run-20230709_183630-g1mvqh8j/logs
wandb: - Waiting for wandb.init()...wandb: \ Waiting for wandb.init()...wandb: wandb version 0.15.5 is available!  To upgrade, please run:
wandb:  $ pip install wandb --upgrade
wandb: Tracking run with wandb version 0.14.0
wandb: Run data is saved locally in /gpfs/home2/nreints/MScThesis/code/wandb/run-20230709_184338-60w1nv0y
wandb: Run `wandb offline` to turn off syncing.
wandb: Syncing run desert-sky-1030
wandb: â­ï¸ View project at https://wandb.ai/nreints/ThesisFinal2
wandb: ðŸš€ View run at https://wandb.ai/nreints/ThesisFinal2/runs/60w1nv0y
wandb: Waiting for W&B process to finish... (success).
wandb: 
wandb: Run history:
wandb:                                      Epoch â–â–‚â–ƒâ–ƒâ–„â–…â–†â–†â–‡â–ˆ
wandb:  Test loss t(0,0)_r(0,0)_combi_pTrue_gTrue â–„â–â–â–â–â–â–ˆâ–ƒâ–„â–„
wandb:   Test loss t(0,0)_r(0,0)_full_pTrue_gTrue â–ˆâ–‚â–â–â–â–â–‚â–â–â–
wandb:   Test loss t(0,0)_r(0,0)_semi_pTrue_gTrue â–„â–â–â–â–â–â–ˆâ–‚â–„â–ƒ
wandb: Test loss t(0,0)_r(0,0)_tennis_pTrue_gTrue â–ƒâ–â–â–â–â–â–ˆâ–ƒâ–„â–„
wandb:                                 Train loss â–ˆâ–â–â–â–â–â–â–â–â–
wandb: 
wandb: Run summary:
wandb:                                      Epoch 9
wandb:  Test loss t(0,0)_r(0,0)_combi_pTrue_gTrue 0.0
wandb:   Test loss t(0,0)_r(0,0)_full_pTrue_gTrue 0.0
wandb:   Test loss t(0,0)_r(0,0)_semi_pTrue_gTrue 0.0
wandb: Test loss t(0,0)_r(0,0)_tennis_pTrue_gTrue 1e-05
wandb:                                 Train loss 0.0
wandb: 
wandb: ðŸš€ View run desert-sky-1030 at: https://wandb.ai/nreints/ThesisFinal2/runs/60w1nv0y
wandb: Synced 6 W&B file(s), 0 media file(s), 3 artifact file(s) and 1 other file(s)
wandb: Find logs at: ./wandb/run-20230709_184338-60w1nv0y/logs
wandb: - Waiting for wandb.init()...wandb: \ Waiting for wandb.init()...wandb: wandb version 0.15.5 is available!  To upgrade, please run:
wandb:  $ pip install wandb --upgrade
wandb: Tracking run with wandb version 0.14.0
wandb: Run data is saved locally in /gpfs/home2/nreints/MScThesis/code/wandb/run-20230709_185100-1v4fub2k
wandb: Run `wandb offline` to turn off syncing.
wandb: Syncing run celestial-disco-1043
wandb: â­ï¸ View project at https://wandb.ai/nreints/ThesisFinal2
wandb: ðŸš€ View run at https://wandb.ai/nreints/ThesisFinal2/runs/1v4fub2k
Saved model in  trained_models/gru/data_t(0,0)_r(0,0)_combi_pTrue_gTrue/'log_quat_1'_'True'.pth
It took  428.0478444099426  seconds.
----- ITERATION 7/10 ------
Number of train simulations:  1920
Number of test simulations:  480
The dataloader for data/data_t(0,0)_r(0,0)_combi_pTrue_gTrue took 55.37980341911316 seconds.
-- Finished Train Dataloader --
The dataloader for data/data_t(0,0)_r(0,0)_tennis_pTrue_gTrue took 13.994100332260132 seconds.
The dataloader for data/data_t(0,0)_r(0,0)_combi_pTrue_gTrue took 13.917068719863892 seconds.
The dataloader for data/data_t(0,0)_r(0,0)_full_pTrue_gTrue took 13.98296308517456 seconds.
The dataloader for data/data_t(0,0)_r(0,0)_semi_pTrue_gTrue took 13.958329200744629 seconds.
-- Finished Test Dataloader(s) --
GRU(
  (rnn): GRU(7, 96, batch_first=True)
  (pre_hidden_lin_layer): Sequential(
    (0): Linear(in_features=3, out_features=96, bias=True)
    (1): ReLU()
    (2): Linear(in_features=96, out_features=96, bias=True)
    (3): ReLU()
  )
  (fc): Linear(in_features=96, out_features=7, bias=True)
)
Datatype: log_quat_1
-- Started Training --
Epoch 0/9
	 Logging train Loss: 0.0003333226 [MSELoss(): t(0,0)_r(0,0)_combi_pTrue_gTrue]
	 Logging test loss: 5.4967e-06 [MSELoss(): t(0,0)_r(0,0)_tennis_pTrue_gTrue]
	 Logging test loss: 4.0728e-06 [MSELoss(): t(0,0)_r(0,0)_combi_pTrue_gTrue]
	 Logging test loss: 3.9067e-06 [MSELoss(): t(0,0)_r(0,0)_full_pTrue_gTrue]
	 Logging test loss: 6.2261e-06 [MSELoss(): t(0,0)_r(0,0)_semi_pTrue_gTrue]
		--> Epoch time; 30.141913890838623
Epoch 1/9
	 Logging train Loss: 4.8836e-06 [MSELoss(): t(0,0)_r(0,0)_combi_pTrue_gTrue]
	 Logging test loss: 1.1739e-06 [MSELoss(): t(0,0)_r(0,0)_tennis_pTrue_gTrue]
	 Logging test loss: 7.308e-07 [MSELoss(): t(0,0)_r(0,0)_combi_pTrue_gTrue]
	 Logging test loss: 5.556e-07 [MSELoss(): t(0,0)_r(0,0)_full_pTrue_gTrue]
	 Logging test loss: 1.1943e-06 [MSELoss(): t(0,0)_r(0,0)_semi_pTrue_gTrue]
		--> Epoch time; 30.23466444015503
Epoch 2/9
	 Logging train Loss: 3.6576e-06 [MSELoss(): t(0,0)_r(0,0)_combi_pTrue_gTrue]
	 Logging test loss: 7.203e-07 [MSELoss(): t(0,0)_r(0,0)_tennis_pTrue_gTrue]
	 Logging test loss: 4.964e-07 [MSELoss(): t(0,0)_r(0,0)_combi_pTrue_gTrue]
	 Logging test loss: 4.238e-07 [MSELoss(): t(0,0)_r(0,0)_full_pTrue_gTrue]
	 Logging test loss: 7.825e-07 [MSELoss(): t(0,0)_r(0,0)_semi_pTrue_gTrue]
		--> Epoch time; 30.122578859329224
Epoch 3/9
	 Logging train Loss: 2.8098e-06 [MSELoss(): t(0,0)_r(0,0)_combi_pTrue_gTrue]
	 Logging test loss: 5.257e-07 [MSELoss(): t(0,0)_r(0,0)_tennis_pTrue_gTrue]
	 Logging test loss: 3.826e-07 [MSELoss(): t(0,0)_r(0,0)_combi_pTrue_gTrue]
	 Logging test loss: 3.428e-07 [MSELoss(): t(0,0)_r(0,0)_full_pTrue_gTrue]
	 Logging test loss: 5.91e-07 [MSELoss(): t(0,0)_r(0,0)_semi_pTrue_gTrue]
		--> Epoch time; 29.97842001914978
Epoch 4/9
	 Logging train Loss: 3.2957e-06 [MSELoss(): t(0,0)_r(0,0)_combi_pTrue_gTrue]
	 Logging test loss: 4.17e-07 [MSELoss(): t(0,0)_r(0,0)_tennis_pTrue_gTrue]
	 Logging test loss: 3.07e-07 [MSELoss(): t(0,0)_r(0,0)_combi_pTrue_gTrue]
	 Logging test loss: 2.641e-07 [MSELoss(): t(0,0)_r(0,0)_full_pTrue_gTrue]
	 Logging test loss: 4.762e-07 [MSELoss(): t(0,0)_r(0,0)_semi_pTrue_gTrue]
		--> Epoch time; 30.18454360961914
Epoch 5/9
	 Logging train Loss: 2.8528e-06 [MSELoss(): t(0,0)_r(0,0)_combi_pTrue_gTrue]
	 Logging test loss: 7.397e-07 [MSELoss(): t(0,0)_r(0,0)_tennis_pTrue_gTrue]
	 Logging test loss: 4.063e-07 [MSELoss(): t(0,0)_r(0,0)_combi_pTrue_gTrue]
	 Logging test loss: 2.126e-07 [MSELoss(): t(0,0)_r(0,0)_full_pTrue_gTrue]
	 Logging test loss: 6.703e-07 [MSELoss(): t(0,0)_r(0,0)_semi_pTrue_gTrue]
		--> Epoch time; 30.372796297073364
Epoch 6/9
	 Logging train Loss: 2.3888e-06 [MSELoss(): t(0,0)_r(0,0)_combi_pTrue_gTrue]
	 Logging test loss: 1.98994e-05 [MSELoss(): t(0,0)_r(0,0)_tennis_pTrue_gTrue]
	 Logging test loss: 8.4001e-06 [MSELoss(): t(0,0)_r(0,0)_combi_pTrue_gTrue]
	 Logging test loss: 5.723e-07 [MSELoss(): t(0,0)_r(0,0)_full_pTrue_gTrue]
	 Logging test loss: 1.48987e-05 [MSELoss(): t(0,0)_r(0,0)_semi_pTrue_gTrue]
		--> Epoch time; 30.227866411209106
Epoch 7/9
	 Logging train Loss: 1.9351e-06 [MSELoss(): t(0,0)_r(0,0)_combi_pTrue_gTrue]
	 Logging test loss: 5.9009e-06 [MSELoss(): t(0,0)_r(0,0)_tennis_pTrue_gTrue]
	 Logging test loss: 2.0455e-06 [MSELoss(): t(0,0)_r(0,0)_combi_pTrue_gTrue]
	 Logging test loss: 2.288e-07 [MSELoss(): t(0,0)_r(0,0)_full_pTrue_gTrue]
	 Logging test loss: 2.6629e-06 [MSELoss(): t(0,0)_r(0,0)_semi_pTrue_gTrue]
		--> Epoch time; 30.281085968017578
Epoch 8/9
	 Logging train Loss: 1.7974e-06 [MSELoss(): t(0,0)_r(0,0)_combi_pTrue_gTrue]
	 Logging test loss: 8.7256e-06 [MSELoss(): t(0,0)_r(0,0)_tennis_pTrue_gTrue]
	 Logging test loss: 3.6094e-06 [MSELoss(): t(0,0)_r(0,0)_combi_pTrue_gTrue]
	 Logging test loss: 2.611e-07 [MSELoss(): t(0,0)_r(0,0)_full_pTrue_gTrue]
	 Logging test loss: 6.1063e-06 [MSELoss(): t(0,0)_r(0,0)_semi_pTrue_gTrue]
		--> Epoch time; 30.179022073745728
Epoch 9/9
	 Logging train Loss: 1.9648e-06 [MSELoss(): t(0,0)_r(0,0)_combi_pTrue_gTrue]
	 Logging test loss: 9.108e-06 [MSELoss(): t(0,0)_r(0,0)_tennis_pTrue_gTrue]
	 Logging test loss: 3.3523e-06 [MSELoss(): t(0,0)_r(0,0)_combi_pTrue_gTrue]
	 Logging test loss: 3.794e-07 [MSELoss(): t(0,0)_r(0,0)_full_pTrue_gTrue]
	 Logging test loss: 4.8665e-06 [MSELoss(): t(0,0)_r(0,0)_semi_pTrue_gTrue]
		--> Epoch time; 29.940783739089966
Saved model in  trained_models/gru/data_t(0,0)_r(0,0)_combi_pTrue_gTrue/'log_quat_1'_'True'.pth
It took  442.16472458839417  seconds.
----- ITERATION 8/10 ------
Number of train simulations:  1920
Number of test simulations:  480
The dataloader for data/data_t(0,0)_r(0,0)_combi_pTrue_gTrue took 53.40803384780884 seconds.
-- Finished Train Dataloader --
The dataloader for data/data_t(0,0)_r(0,0)_tennis_pTrue_gTrue took 13.873335838317871 seconds.
The dataloader for data/data_t(0,0)_r(0,0)_combi_pTrue_gTrue took 13.653153419494629 seconds.
The dataloader for data/data_t(0,0)_r(0,0)_full_pTrue_gTrue took 13.93034815788269 seconds.
The dataloader for data/data_t(0,0)_r(0,0)_semi_pTrue_gTrue took 13.905131816864014 seconds.
-- Finished Test Dataloader(s) --
GRU(
  (rnn): GRU(7, 96, batch_first=True)
  (pre_hidden_lin_layer): Sequential(
    (0): Linear(in_features=3, out_features=96, bias=True)
    (1): ReLU()
    (2): Linear(in_features=96, out_features=96, bias=True)
    (3): ReLU()
  )
  (fc): Linear(in_features=96, out_features=7, bias=True)
)
Datatype: log_quat_1
-- Started Training --
Epoch 0/9
	 Logging train Loss: 0.0003044723 [MSELoss(): t(0,0)_r(0,0)_combi_pTrue_gTrue]
	 Logging test loss: 5.2312e-05 [MSELoss(): t(0,0)_r(0,0)_tennis_pTrue_gTrue]
	 Logging test loss: 1.64441e-05 [MSELoss(): t(0,0)_r(0,0)_combi_pTrue_gTrue]
	 Logging test loss: 5.5651e-06 [MSELoss(): t(0,0)_r(0,0)_full_pTrue_gTrue]
	 Logging test loss: 1.04338e-05 [MSELoss(): t(0,0)_r(0,0)_semi_pTrue_gTrue]
		--> Epoch time; 29.9818754196167
Epoch 1/9
	 Logging train Loss: 1.0571e-05 [MSELoss(): t(0,0)_r(0,0)_combi_pTrue_gTrue]
	 Logging test loss: 2.2903e-06 [MSELoss(): t(0,0)_r(0,0)_tennis_pTrue_gTrue]
	 Logging test loss: 1.0289e-06 [MSELoss(): t(0,0)_r(0,0)_combi_pTrue_gTrue]
	 Logging test loss: 5.851e-07 [MSELoss(): t(0,0)_r(0,0)_full_pTrue_gTrue]
	 Logging test loss: 1.1629e-06 [MSELoss(): t(0,0)_r(0,0)_semi_pTrue_gTrue]
		--> Epoch time; 30.19549322128296
Epoch 2/9
	 Logging train Loss: 5.154e-06 [MSELoss(): t(0,0)_r(0,0)_combi_pTrue_gTrue]
	 Logging test loss: 3.6714e-06 [MSELoss(): t(0,0)_r(0,0)_tennis_pTrue_gTrue]
	 Logging test loss: 1.2198e-06 [MSELoss(): t(0,0)_r(0,0)_combi_pTrue_gTrue]
	 Logging test loss: 3.901e-07 [MSELoss(): t(0,0)_r(0,0)_full_pTrue_gTrue]
	 Logging test loss: 1.0108e-06 [MSELoss(): t(0,0)_r(0,0)_semi_pTrue_gTrue]
		--> Epoch time; 29.938347339630127
Epoch 3/9
	 Logging train Loss: 6.2006e-06 [MSELoss(): t(0,0)_r(0,0)_combi_pTrue_gTrue]
	 Logging test loss: 6.677e-07 [MSELoss(): t(0,0)_r(0,0)_tennis_pTrue_gTrue]
	 Logging test loss: 4.071e-07 [MSELoss(): t(0,0)_r(0,0)_combi_pTrue_gTrue]
	 Logging test loss: 3.092e-07 [MSELoss(): t(0,0)_r(0,0)_full_pTrue_gTrue]
	 Logging test loss: 5.082e-07 [MSELoss(): t(0,0)_r(0,0)_semi_pTrue_gTrue]
wandb: Waiting for W&B process to finish... (success).
wandb: 
wandb: Run history:
wandb:                                      Epoch â–â–‚â–ƒâ–ƒâ–„â–…â–†â–†â–‡â–ˆ
wandb:  Test loss t(0,0)_r(0,0)_combi_pTrue_gTrue â–ˆâ–â–â–â–‚â–â–â–â–ƒâ–
wandb:   Test loss t(0,0)_r(0,0)_full_pTrue_gTrue â–ˆâ–‚â–â–â–â–â–â–â–â–
wandb:   Test loss t(0,0)_r(0,0)_semi_pTrue_gTrue â–ˆâ–‚â–‚â–â–‚â–â–‚â–â–‡â–
wandb: Test loss t(0,0)_r(0,0)_tennis_pTrue_gTrue â–ˆâ–â–â–â–‚â–â–â–â–ƒâ–
wandb:                                 Train loss â–ˆâ–â–â–â–â–â–â–â–â–
wandb: 
wandb: Run summary:
wandb:                                      Epoch 9
wandb:  Test loss t(0,0)_r(0,0)_combi_pTrue_gTrue 0.0
wandb:   Test loss t(0,0)_r(0,0)_full_pTrue_gTrue 0.0
wandb:   Test loss t(0,0)_r(0,0)_semi_pTrue_gTrue 0.0
wandb: Test loss t(0,0)_r(0,0)_tennis_pTrue_gTrue 0.0
wandb:                                 Train loss 0.0
wandb: 
wandb: ðŸš€ View run celestial-disco-1043 at: https://wandb.ai/nreints/ThesisFinal2/runs/1v4fub2k
wandb: Synced 6 W&B file(s), 0 media file(s), 3 artifact file(s) and 1 other file(s)
wandb: Find logs at: ./wandb/run-20230709_185100-1v4fub2k/logs
wandb: - Waiting for wandb.init()...wandb: \ Waiting for wandb.init()...wandb: wandb version 0.15.5 is available!  To upgrade, please run:
wandb:  $ pip install wandb --upgrade
wandb: Tracking run with wandb version 0.14.0
wandb: Run data is saved locally in /gpfs/home2/nreints/MScThesis/code/wandb/run-20230709_185804-wnjeqh4r
wandb: Run `wandb offline` to turn off syncing.
wandb: Syncing run balmy-resonance-1059
wandb: â­ï¸ View project at https://wandb.ai/nreints/ThesisFinal2
wandb: ðŸš€ View run at https://wandb.ai/nreints/ThesisFinal2/runs/wnjeqh4r
wandb: Waiting for W&B process to finish... (success).
wandb: 
wandb: Run history:
wandb:                                      Epoch â–â–‚â–ƒâ–ƒâ–„â–…â–†â–†â–‡â–ˆ
wandb:  Test loss t(0,0)_r(0,0)_combi_pTrue_gTrue â–ˆâ–‚â–‚â–â–‡â–‚â–â–ˆâ–â–
wandb:   Test loss t(0,0)_r(0,0)_full_pTrue_gTrue â–ˆâ–‚â–‚â–â–‚â–â–â–â–â–
wandb:   Test loss t(0,0)_r(0,0)_semi_pTrue_gTrue â–ˆâ–‚â–‚â–â–‡â–‚â–â–ˆâ–â–
wandb: Test loss t(0,0)_r(0,0)_tennis_pTrue_gTrue â–…â–‚â–â–â–‡â–‚â–â–ˆâ–â–
wandb:                                 Train loss â–ˆâ–â–â–â–â–â–â–â–â–
wandb: 
wandb: Run summary:
wandb:                                      Epoch 9
wandb:  Test loss t(0,0)_r(0,0)_combi_pTrue_gTrue 0.0
wandb:   Test loss t(0,0)_r(0,0)_full_pTrue_gTrue 0.0
wandb:   Test loss t(0,0)_r(0,0)_semi_pTrue_gTrue 0.0
wandb: Test loss t(0,0)_r(0,0)_tennis_pTrue_gTrue 0.0
wandb:                                 Train loss 0.0
wandb: 
wandb: ðŸš€ View run balmy-resonance-1059 at: https://wandb.ai/nreints/ThesisFinal2/runs/wnjeqh4r
wandb: Synced 6 W&B file(s), 0 media file(s), 3 artifact file(s) and 1 other file(s)
wandb: Find logs at: ./wandb/run-20230709_185804-wnjeqh4r/logs
		--> Epoch time; 30.164753675460815
Epoch 4/9
	 Logging train Loss: 3.7205e-06 [MSELoss(): t(0,0)_r(0,0)_combi_pTrue_gTrue]
	 Logging test loss: 7.1324e-06 [MSELoss(): t(0,0)_r(0,0)_tennis_pTrue_gTrue]
	 Logging test loss: 2.326e-06 [MSELoss(): t(0,0)_r(0,0)_combi_pTrue_gTrue]
	 Logging test loss: 2.714e-07 [MSELoss(): t(0,0)_r(0,0)_full_pTrue_gTrue]
	 Logging test loss: 2.0017e-06 [MSELoss(): t(0,0)_r(0,0)_semi_pTrue_gTrue]
		--> Epoch time; 29.936925172805786
Epoch 5/9
	 Logging train Loss: 3.1296e-06 [MSELoss(): t(0,0)_r(0,0)_combi_pTrue_gTrue]
	 Logging test loss: 3.846e-07 [MSELoss(): t(0,0)_r(0,0)_tennis_pTrue_gTrue]
	 Logging test loss: 2.219e-07 [MSELoss(): t(0,0)_r(0,0)_combi_pTrue_gTrue]
	 Logging test loss: 1.467e-07 [MSELoss(): t(0,0)_r(0,0)_full_pTrue_gTrue]
	 Logging test loss: 2.846e-07 [MSELoss(): t(0,0)_r(0,0)_semi_pTrue_gTrue]
		--> Epoch time; 30.48265838623047
Epoch 6/9
	 Logging train Loss: 3.9653e-06 [MSELoss(): t(0,0)_r(0,0)_combi_pTrue_gTrue]
	 Logging test loss: 1.3388e-06 [MSELoss(): t(0,0)_r(0,0)_tennis_pTrue_gTrue]
	 Logging test loss: 6.361e-07 [MSELoss(): t(0,0)_r(0,0)_combi_pTrue_gTrue]
	 Logging test loss: 1.286e-07 [MSELoss(): t(0,0)_r(0,0)_full_pTrue_gTrue]
	 Logging test loss: 9.995e-07 [MSELoss(): t(0,0)_r(0,0)_semi_pTrue_gTrue]
		--> Epoch time; 30.254676580429077
Epoch 7/9
	 Logging train Loss: 6.056e-07 [MSELoss(): t(0,0)_r(0,0)_combi_pTrue_gTrue]
	 Logging test loss: 7.137e-07 [MSELoss(): t(0,0)_r(0,0)_tennis_pTrue_gTrue]
	 Logging test loss: 2.846e-07 [MSELoss(): t(0,0)_r(0,0)_combi_pTrue_gTrue]
	 Logging test loss: 5.44e-08 [MSELoss(): t(0,0)_r(0,0)_full_pTrue_gTrue]
	 Logging test loss: 3.785e-07 [MSELoss(): t(0,0)_r(0,0)_semi_pTrue_gTrue]
		--> Epoch time; 30.451957941055298
Epoch 8/9
	 Logging train Loss: 1.8776e-06 [MSELoss(): t(0,0)_r(0,0)_combi_pTrue_gTrue]
	 Logging test loss: 1.43099e-05 [MSELoss(): t(0,0)_r(0,0)_tennis_pTrue_gTrue]
	 Logging test loss: 5.7193e-06 [MSELoss(): t(0,0)_r(0,0)_combi_pTrue_gTrue]
	 Logging test loss: 3.253e-07 [MSELoss(): t(0,0)_r(0,0)_full_pTrue_gTrue]
	 Logging test loss: 9.188e-06 [MSELoss(): t(0,0)_r(0,0)_semi_pTrue_gTrue]
		--> Epoch time; 30.51530122756958
Epoch 9/9
	 Logging train Loss: 1.0746e-06 [MSELoss(): t(0,0)_r(0,0)_combi_pTrue_gTrue]
	 Logging test loss: 2.646e-07 [MSELoss(): t(0,0)_r(0,0)_tennis_pTrue_gTrue]
	 Logging test loss: 1.102e-07 [MSELoss(): t(0,0)_r(0,0)_combi_pTrue_gTrue]
	 Logging test loss: 3.08e-08 [MSELoss(): t(0,0)_r(0,0)_full_pTrue_gTrue]
	 Logging test loss: 1.402e-07 [MSELoss(): t(0,0)_r(0,0)_semi_pTrue_gTrue]
		--> Epoch time; 30.39781165122986
Saved model in  trained_models/gru/data_t(0,0)_r(0,0)_combi_pTrue_gTrue/'log_quat_1'_'True'.pth
It took  424.148065328598  seconds.
----- ITERATION 9/10 ------
Number of train simulations:  1920
Number of test simulations:  480
The dataloader for data/data_t(0,0)_r(0,0)_combi_pTrue_gTrue took 53.99655294418335 seconds.
-- Finished Train Dataloader --
The dataloader for data/data_t(0,0)_r(0,0)_tennis_pTrue_gTrue took 13.800446510314941 seconds.
The dataloader for data/data_t(0,0)_r(0,0)_combi_pTrue_gTrue took 13.56879997253418 seconds.
The dataloader for data/data_t(0,0)_r(0,0)_full_pTrue_gTrue took 13.797074317932129 seconds.
The dataloader for data/data_t(0,0)_r(0,0)_semi_pTrue_gTrue took 13.730537176132202 seconds.
-- Finished Test Dataloader(s) --
GRU(
  (rnn): GRU(7, 96, batch_first=True)
  (pre_hidden_lin_layer): Sequential(
    (0): Linear(in_features=3, out_features=96, bias=True)
    (1): ReLU()
    (2): Linear(in_features=96, out_features=96, bias=True)
    (3): ReLU()
  )
  (fc): Linear(in_features=96, out_features=7, bias=True)
)
Datatype: log_quat_1
-- Started Training --
Epoch 0/9
	 Logging train Loss: 0.0002649787 [MSELoss(): t(0,0)_r(0,0)_combi_pTrue_gTrue]
	 Logging test loss: 8.7666e-06 [MSELoss(): t(0,0)_r(0,0)_tennis_pTrue_gTrue]
	 Logging test loss: 6.7929e-06 [MSELoss(): t(0,0)_r(0,0)_combi_pTrue_gTrue]
	 Logging test loss: 4.3627e-06 [MSELoss(): t(0,0)_r(0,0)_full_pTrue_gTrue]
	 Logging test loss: 7.6947e-06 [MSELoss(): t(0,0)_r(0,0)_semi_pTrue_gTrue]
		--> Epoch time; 30.30756950378418
Epoch 1/9
	 Logging train Loss: 5.4712e-06 [MSELoss(): t(0,0)_r(0,0)_combi_pTrue_gTrue]
	 Logging test loss: 1.8322e-06 [MSELoss(): t(0,0)_r(0,0)_tennis_pTrue_gTrue]
	 Logging test loss: 1.1656e-06 [MSELoss(): t(0,0)_r(0,0)_combi_pTrue_gTrue]
	 Logging test loss: 5.029e-07 [MSELoss(): t(0,0)_r(0,0)_full_pTrue_gTrue]
	 Logging test loss: 1.2746e-06 [MSELoss(): t(0,0)_r(0,0)_semi_pTrue_gTrue]
		--> Epoch time; 30.382575273513794
Epoch 2/9
	 Logging train Loss: 3.3941e-06 [MSELoss(): t(0,0)_r(0,0)_combi_pTrue_gTrue]
	 Logging test loss: 1.2656e-06 [MSELoss(): t(0,0)_r(0,0)_tennis_pTrue_gTrue]
	 Logging test loss: 7.864e-07 [MSELoss(): t(0,0)_r(0,0)_combi_pTrue_gTrue]
	 Logging test loss: 3.461e-07 [MSELoss(): t(0,0)_r(0,0)_full_pTrue_gTrue]
	 Logging test loss: 8.353e-07 [MSELoss(): t(0,0)_r(0,0)_semi_pTrue_gTrue]
		--> Epoch time; 30.155230045318604
Epoch 3/9
	 Logging train Loss: 3.9547e-06 [MSELoss(): t(0,0)_r(0,0)_combi_pTrue_gTrue]
	 Logging test loss: 6.971e-07 [MSELoss(): t(0,0)_r(0,0)_tennis_pTrue_gTrue]
	 Logging test loss: 4.558e-07 [MSELoss(): t(0,0)_r(0,0)_combi_pTrue_gTrue]
	 Logging test loss: 2.363e-07 [MSELoss(): t(0,0)_r(0,0)_full_pTrue_gTrue]
	 Logging test loss: 5.067e-07 [MSELoss(): t(0,0)_r(0,0)_semi_pTrue_gTrue]
		--> Epoch time; 30.36516809463501
Epoch 4/9
	 Logging train Loss: 1.941e-06 [MSELoss(): t(0,0)_r(0,0)_combi_pTrue_gTrue]
	 Logging test loss: 1.35319e-05 [MSELoss(): t(0,0)_r(0,0)_tennis_pTrue_gTrue]
	 Logging test loss: 6.4675e-06 [MSELoss(): t(0,0)_r(0,0)_combi_pTrue_gTrue]
	 Logging test loss: 7.102e-07 [MSELoss(): t(0,0)_r(0,0)_full_pTrue_gTrue]
	 Logging test loss: 6.6337e-06 [MSELoss(): t(0,0)_r(0,0)_semi_pTrue_gTrue]
		--> Epoch time; 29.970328330993652
Epoch 5/9
	 Logging train Loss: 1.7805e-06 [MSELoss(): t(0,0)_r(0,0)_combi_pTrue_gTrue]
	 Logging test loss: 1.759e-06 [MSELoss(): t(0,0)_r(0,0)_tennis_pTrue_gTrue]
	 Logging test loss: 7.669e-07 [MSELoss(): t(0,0)_r(0,0)_combi_pTrue_gTrue]
	 Logging test loss: 8.5e-08 [MSELoss(): t(0,0)_r(0,0)_full_pTrue_gTrue]
	 Logging test loss: 8.589e-07 [MSELoss(): t(0,0)_r(0,0)_semi_pTrue_gTrue]
		--> Epoch time; 30.316492795944214
Epoch 6/9
	 Logging train Loss: 4.018e-06 [MSELoss(): t(0,0)_r(0,0)_combi_pTrue_gTrue]
	 Logging test loss: 2.806e-07 [MSELoss(): t(0,0)_r(0,0)_tennis_pTrue_gTrue]
	 Logging test loss: 1.723e-07 [MSELoss(): t(0,0)_r(0,0)_combi_pTrue_gTrue]
	 Logging test loss: 4.08e-08 [MSELoss(): t(0,0)_r(0,0)_full_pTrue_gTrue]
	 Logging test loss: 2.213e-07 [MSELoss(): t(0,0)_r(0,0)_semi_pTrue_gTrue]
		--> Epoch time; 30.039862155914307
Epoch 7/9
	 Logging train Loss: 7.753e-07 [MSELoss(): t(0,0)_r(0,0)_combi_pTrue_gTrue]
	 Logging test loss: 1.56788e-05 [MSELoss(): t(0,0)_r(0,0)_tennis_pTrue_gTrue]
	 Logging test loss: 7.1913e-06 [MSELoss(): t(0,0)_r(0,0)_combi_pTrue_gTrue]
	 Logging test loss: 3.044e-07 [MSELoss(): t(0,0)_r(0,0)_full_pTrue_gTrue]
	 Logging test loss: 8.2175e-06 [MSELoss(): t(0,0)_r(0,0)_semi_pTrue_gTrue]
		--> Epoch time; 30.039209365844727
Epoch 8/9
	 Logging train Loss: 9.178e-07 [MSELoss(): t(0,0)_r(0,0)_combi_pTrue_gTrue]
	 Logging test loss: 2.954e-07 [MSELoss(): t(0,0)_r(0,0)_tennis_pTrue_gTrue]
	 Logging test loss: 1.655e-07 [MSELoss(): t(0,0)_r(0,0)_combi_pTrue_gTrue]
	 Logging test loss: 3.28e-08 [MSELoss(): t(0,0)_r(0,0)_full_pTrue_gTrue]
	 Logging test loss: 2.006e-07 [MSELoss(): t(0,0)_r(0,0)_semi_pTrue_gTrue]
		--> Epoch time; 30.16476035118103
Epoch 9/9
	 Logging train Loss: 1.1653e-06 [MSELoss(): t(0,0)_r(0,0)_combi_pTrue_gTrue]
	 Logging test loss: 7.729e-07 [MSELoss(): t(0,0)_r(0,0)_tennis_pTrue_gTrue]
	 Logging test loss: 3.988e-07 [MSELoss(): t(0,0)_r(0,0)_combi_pTrue_gTrue]
	 Logging test loss: 3.54e-08 [MSELoss(): t(0,0)_r(0,0)_full_pTrue_gTrue]
	 Logging test loss: 4.416e-07 [MSELoss(): t(0,0)_r(0,0)_semi_pTrue_gTrue]
		--> Epoch time; 30.242387056350708
Saved model in  trained_models/gru/data_t(0,0)_r(0,0)_combi_pTrue_gTrue/'log_quat_1'_'True'.pth
It took  422.07066893577576  seconds.
----- ITERATION 10/10 ------
Number of train simulations:  1920
wandb: - Waiting for wandb.init()...wandb: \ Waiting for wandb.init()...wandb: wandb version 0.15.5 is available!  To upgrade, please run:
wandb:  $ pip install wandb --upgrade
wandb: Tracking run with wandb version 0.14.0
wandb: Run data is saved locally in /gpfs/home2/nreints/MScThesis/code/wandb/run-20230709_190506-wmwhlxak
wandb: Run `wandb offline` to turn off syncing.
wandb: Syncing run ethereal-energy-1075
wandb: â­ï¸ View project at https://wandb.ai/nreints/ThesisFinal2
wandb: ðŸš€ View run at https://wandb.ai/nreints/ThesisFinal2/runs/wmwhlxak
wandb: Waiting for W&B process to finish... (success).
wandb: 
wandb: Run history:
wandb:                                      Epoch â–â–‚â–ƒâ–ƒâ–„â–…â–†â–†â–‡â–ˆ
wandb:  Test loss t(0,0)_r(0,0)_combi_pTrue_gTrue â–„â–‚â–‚â–‚â–‡â–â–ˆâ–â–â–‚
wandb:   Test loss t(0,0)_r(0,0)_full_pTrue_gTrue â–ˆâ–‚â–‚â–‚â–‚â–â–‚â–â–â–
wandb:   Test loss t(0,0)_r(0,0)_semi_pTrue_gTrue â–…â–‚â–‚â–‚â–ˆâ–‚â–ˆâ–â–â–‚
wandb: Test loss t(0,0)_r(0,0)_tennis_pTrue_gTrue â–ƒâ–â–‚â–â–…â–â–ˆâ–â–â–
wandb:                                 Train loss â–ˆâ–â–â–â–â–â–â–â–â–
wandb: 
wandb: Run summary:
wandb:                                      Epoch 9
wandb:  Test loss t(0,0)_r(0,0)_combi_pTrue_gTrue 0.0
wandb:   Test loss t(0,0)_r(0,0)_full_pTrue_gTrue 0.0
wandb:   Test loss t(0,0)_r(0,0)_semi_pTrue_gTrue 0.0
wandb: Test loss t(0,0)_r(0,0)_tennis_pTrue_gTrue 0.0
wandb:                                 Train loss 0.0
wandb: 
wandb: ðŸš€ View run ethereal-energy-1075 at: https://wandb.ai/nreints/ThesisFinal2/runs/wmwhlxak
wandb: Synced 6 W&B file(s), 0 media file(s), 3 artifact file(s) and 1 other file(s)
wandb: Find logs at: ./wandb/run-20230709_190506-wmwhlxak/logs
Number of test simulations:  480
The dataloader for data/data_t(0,0)_r(0,0)_combi_pTrue_gTrue took 53.47982597351074 seconds.
-- Finished Train Dataloader --
The dataloader for data/data_t(0,0)_r(0,0)_tennis_pTrue_gTrue took 13.857621192932129 seconds.
The dataloader for data/data_t(0,0)_r(0,0)_combi_pTrue_gTrue took 13.479312419891357 seconds.
The dataloader for data/data_t(0,0)_r(0,0)_full_pTrue_gTrue took 13.81711745262146 seconds.
The dataloader for data/data_t(0,0)_r(0,0)_semi_pTrue_gTrue took 13.789225101470947 seconds.
-- Finished Test Dataloader(s) --
GRU(
  (rnn): GRU(7, 96, batch_first=True)
  (pre_hidden_lin_layer): Sequential(
    (0): Linear(in_features=3, out_features=96, bias=True)
    (1): ReLU()
    (2): Linear(in_features=96, out_features=96, bias=True)
    (3): ReLU()
  )
  (fc): Linear(in_features=96, out_features=7, bias=True)
)
Datatype: log_quat_1
-- Started Training --
Epoch 0/9
	 Logging train Loss: 0.0003047829 [MSELoss(): t(0,0)_r(0,0)_combi_pTrue_gTrue]
	 Logging test loss: 8.7329e-06 [MSELoss(): t(0,0)_r(0,0)_tennis_pTrue_gTrue]
	 Logging test loss: 3.0509e-06 [MSELoss(): t(0,0)_r(0,0)_combi_pTrue_gTrue]
	 Logging test loss: 2.7735e-06 [MSELoss(): t(0,0)_r(0,0)_full_pTrue_gTrue]
	 Logging test loss: 5.372e-06 [MSELoss(): t(0,0)_r(0,0)_semi_pTrue_gTrue]
		--> Epoch time; 30.117128133773804
Epoch 1/9
	 Logging train Loss: 1.03123e-05 [MSELoss(): t(0,0)_r(0,0)_combi_pTrue_gTrue]
	 Logging test loss: 1.9653e-06 [MSELoss(): t(0,0)_r(0,0)_tennis_pTrue_gTrue]
	 Logging test loss: 7.141e-07 [MSELoss(): t(0,0)_r(0,0)_combi_pTrue_gTrue]
	 Logging test loss: 5.183e-07 [MSELoss(): t(0,0)_r(0,0)_full_pTrue_gTrue]
	 Logging test loss: 1.1871e-06 [MSELoss(): t(0,0)_r(0,0)_semi_pTrue_gTrue]
		--> Epoch time; 29.875711679458618
Epoch 2/9
	 Logging train Loss: 3.4721e-06 [MSELoss(): t(0,0)_r(0,0)_combi_pTrue_gTrue]
	 Logging test loss: 6.4487e-06 [MSELoss(): t(0,0)_r(0,0)_tennis_pTrue_gTrue]
	 Logging test loss: 1.46e-06 [MSELoss(): t(0,0)_r(0,0)_combi_pTrue_gTrue]
	 Logging test loss: 4.514e-07 [MSELoss(): t(0,0)_r(0,0)_full_pTrue_gTrue]
	 Logging test loss: 1.6948e-06 [MSELoss(): t(0,0)_r(0,0)_semi_pTrue_gTrue]
		--> Epoch time; 29.971298217773438
Epoch 3/9
	 Logging train Loss: 5.447e-06 [MSELoss(): t(0,0)_r(0,0)_combi_pTrue_gTrue]
	 Logging test loss: 2.3965e-06 [MSELoss(): t(0,0)_r(0,0)_tennis_pTrue_gTrue]
	 Logging test loss: 7.231e-07 [MSELoss(): t(0,0)_r(0,0)_combi_pTrue_gTrue]
	 Logging test loss: 4.049e-07 [MSELoss(): t(0,0)_r(0,0)_full_pTrue_gTrue]
	 Logging test loss: 1.0733e-06 [MSELoss(): t(0,0)_r(0,0)_semi_pTrue_gTrue]
		--> Epoch time; 30.094232082366943
Epoch 4/9
	 Logging train Loss: 3.4704e-06 [MSELoss(): t(0,0)_r(0,0)_combi_pTrue_gTrue]
	 Logging test loss: 2.00153e-05 [MSELoss(): t(0,0)_r(0,0)_tennis_pTrue_gTrue]
	 Logging test loss: 6.4567e-06 [MSELoss(): t(0,0)_r(0,0)_combi_pTrue_gTrue]
	 Logging test loss: 5.621e-07 [MSELoss(): t(0,0)_r(0,0)_full_pTrue_gTrue]
	 Logging test loss: 9.3844e-06 [MSELoss(): t(0,0)_r(0,0)_semi_pTrue_gTrue]
		--> Epoch time; 30.2893648147583
Epoch 5/9
	 Logging train Loss: 3.0338e-06 [MSELoss(): t(0,0)_r(0,0)_combi_pTrue_gTrue]
	 Logging test loss: 2.0044e-06 [MSELoss(): t(0,0)_r(0,0)_tennis_pTrue_gTrue]
	 Logging test loss: 6.499e-07 [MSELoss(): t(0,0)_r(0,0)_combi_pTrue_gTrue]
	 Logging test loss: 2.244e-07 [MSELoss(): t(0,0)_r(0,0)_full_pTrue_gTrue]
	 Logging test loss: 9.501e-07 [MSELoss(): t(0,0)_r(0,0)_semi_pTrue_gTrue]
		--> Epoch time; 30.10858178138733
Epoch 6/9
	 Logging train Loss: 3.0913e-06 [MSELoss(): t(0,0)_r(0,0)_combi_pTrue_gTrue]
	 Logging test loss: 3.78911e-05 [MSELoss(): t(0,0)_r(0,0)_tennis_pTrue_gTrue]
	 Logging test loss: 7.8594e-06 [MSELoss(): t(0,0)_r(0,0)_combi_pTrue_gTrue]
	 Logging test loss: 4.325e-07 [MSELoss(): t(0,0)_r(0,0)_full_pTrue_gTrue]
	 Logging test loss: 8.9022e-06 [MSELoss(): t(0,0)_r(0,0)_semi_pTrue_gTrue]
		--> Epoch time; 29.940494537353516
Epoch 7/9
	 Logging train Loss: 1.1072e-06 [MSELoss(): t(0,0)_r(0,0)_combi_pTrue_gTrue]
	 Logging test loss: 1.3482e-06 [MSELoss(): t(0,0)_r(0,0)_tennis_pTrue_gTrue]
	 Logging test loss: 3.28e-07 [MSELoss(): t(0,0)_r(0,0)_combi_pTrue_gTrue]
	 Logging test loss: 7.75e-08 [MSELoss(): t(0,0)_r(0,0)_full_pTrue_gTrue]
	 Logging test loss: 4.089e-07 [MSELoss(): t(0,0)_r(0,0)_semi_pTrue_gTrue]
		--> Epoch time; 30.14114212989807
Epoch 8/9
	 Logging train Loss: 1.5484e-06 [MSELoss(): t(0,0)_r(0,0)_combi_pTrue_gTrue]
	 Logging test loss: 3.524e-07 [MSELoss(): t(0,0)_r(0,0)_tennis_pTrue_gTrue]
	 Logging test loss: 1.463e-07 [MSELoss(): t(0,0)_r(0,0)_combi_pTrue_gTrue]
	 Logging test loss: 5.22e-08 [MSELoss(): t(0,0)_r(0,0)_full_pTrue_gTrue]
	 Logging test loss: 2.402e-07 [MSELoss(): t(0,0)_r(0,0)_semi_pTrue_gTrue]
		--> Epoch time; 29.96881890296936
Epoch 9/9
	 Logging train Loss: 1.4305e-06 [MSELoss(): t(0,0)_r(0,0)_combi_pTrue_gTrue]
	 Logging test loss: 2.3671e-06 [MSELoss(): t(0,0)_r(0,0)_tennis_pTrue_gTrue]
	 Logging test loss: 8.59e-07 [MSELoss(): t(0,0)_r(0,0)_combi_pTrue_gTrue]
	 Logging test loss: 7.99e-08 [MSELoss(): t(0,0)_r(0,0)_full_pTrue_gTrue]
	 Logging test loss: 1.3851e-06 [MSELoss(): t(0,0)_r(0,0)_semi_pTrue_gTrue]
		--> Epoch time; 30.208390712738037
Saved model in  trained_models/gru/data_t(0,0)_r(0,0)_combi_pTrue_gTrue/'log_quat_1'_'True'.pth
It took  422.018718957901  seconds.

JOB STATISTICS
==============
Job ID: 3037964
Array Job ID: 3037875_28
Cluster: snellius
User/Group: nreints/nreints
State: COMPLETED (exit code 0)
Nodes: 1
Cores per node: 18
CPU Utilized: 01:18:22
CPU Efficiency: 6.05% of 21:36:00 core-walltime
Job Wall-clock time: 01:12:00
Memory Utilized: 7.72 GB
Memory Efficiency: 0.00% of 0.00 MB
