wandb: Currently logged in as: nreints. Use `wandb login --relogin` to force relogin
wandb: wandb version 0.15.5 is available!  To upgrade, please run:
wandb:  $ pip install wandb --upgrade
wandb: Tracking run with wandb version 0.14.0
wandb: Run data is saved locally in /gpfs/home2/nreints/MScThesis/code/wandb/run-20230716_125116-9n5569po
wandb: Run `wandb offline` to turn off syncing.
wandb: Syncing run dandy-dream-27
wandb: â­ï¸ View project at https://wandb.ai/nreints/ThesisFinal2Grav%2Bcoll
wandb: ðŸš€ View run at https://wandb.ai/nreints/ThesisFinal2Grav%2Bcoll/runs/9n5569po
wandb: Waiting for W&B process to finish... (success).
wandb: 
wandb: Run history:
wandb:                                       Epoch â–â–‚â–ƒâ–ƒâ–„â–…â–†â–†â–‡â–ˆ
wandb:  Test loss t(0,0)_r(5,20)_combi_pTrue_gTrue â–ˆâ–ƒâ–ƒâ–‚â–…â–â–â–â–â–
wandb:   Test loss t(0,0)_r(5,20)_full_pTrue_gTrue â–‡â–ƒâ–‚â–‚â–ˆâ–â–â–â–‚â–‚
wandb:   Test loss t(0,0)_r(5,20)_semi_pTrue_gTrue â–ˆâ–…â–…â–„â–†â–„â–ƒâ–‚â–‚â–
wandb: Test loss t(0,0)_r(5,20)_tennis_pTrue_gTrue â–ˆâ–ƒâ–ƒâ–‚â–‡â–â–â–â–‚â–
wandb:                                  Train loss â–ˆâ–â–â–â–â–â–â–â–â–
wandb: 
wandb: Run summary:
wandb:                                       Epoch 9
wandb:  Test loss t(0,0)_r(5,20)_combi_pTrue_gTrue 1e-05
wandb:   Test loss t(0,0)_r(5,20)_full_pTrue_gTrue 0.0
wandb:   Test loss t(0,0)_r(5,20)_semi_pTrue_gTrue 0.00103
wandb: Test loss t(0,0)_r(5,20)_tennis_pTrue_gTrue 1e-05
wandb:                                  Train loss 0.0
wandb: 
wandb: ðŸš€ View run dandy-dream-27 at: https://wandb.ai/nreints/ThesisFinal2Grav%2Bcoll/runs/9n5569po
wandb: Synced 6 W&B file(s), 0 media file(s), 3 artifact file(s) and 1 other file(s)
wandb: Find logs at: ./wandb/run-20230716_125116-9n5569po/logs
wandb: - Waiting for wandb.init()...wandb: \ Waiting for wandb.init()...wandb: wandb version 0.15.5 is available!  To upgrade, please run:
wandb:  $ pip install wandb --upgrade
wandb: Tracking run with wandb version 0.14.0
wandb: Run data is saved locally in /gpfs/home2/nreints/MScThesis/code/wandb/run-20230716_125824-q1r1ks7a
wandb: Run `wandb offline` to turn off syncing.
wandb: Syncing run decent-grass-49
wandb: â­ï¸ View project at https://wandb.ai/nreints/ThesisFinal2Grav%2Bcoll
wandb: ðŸš€ View run at https://wandb.ai/nreints/ThesisFinal2Grav%2Bcoll/runs/q1r1ks7a
Training on dataset: data_t(0,0)_r(5,20)_combi_pTrue_gTrue
Testing on 4 datasets: ['data_t(0,0)_r(5,20)_combi_pTrue_gTrue', 'data_t(0,0)_r(5,20)_semi_pTrue_gTrue', 'data_t(0,0)_r(5,20)_full_pTrue_gTrue', 'data_t(0,0)_r(5,20)_tennis_pTrue_gTrue']
Focussing on identity: True
Using extra input: False
Using fr-fr as reference point.
----- ITERATION 1/10 ------
Number of train simulations:  1920
Number of test simulations:  480
The dataloader for data/data_t(0,0)_r(5,20)_combi_pTrue_gTrue took 51.82534956932068 seconds.
-- Finished Train Dataloader --
The dataloader for data/data_t(0,0)_r(5,20)_combi_pTrue_gTrue took 13.165904760360718 seconds.
The dataloader for data/data_t(0,0)_r(5,20)_semi_pTrue_gTrue took 13.079159021377563 seconds.
The dataloader for data/data_t(0,0)_r(5,20)_full_pTrue_gTrue took 12.922072649002075 seconds.
The dataloader for data/data_t(0,0)_r(5,20)_tennis_pTrue_gTrue took 12.348769664764404 seconds.
-- Finished Test Dataloader(s) --
GRU(
  (rnn): GRU(7, 96, batch_first=True)
  (fc): Linear(in_features=96, out_features=7, bias=True)
)
Datatype: quat_1
-- Started Training --
Epoch 0/9
	 Logging train Loss: 0.0005715367 [MSELoss(): t(0,0)_r(5,20)_combi_pTrue_gTrue]
	 Logging test loss: 3.30885e-05 [MSELoss(): t(0,0)_r(5,20)_combi_pTrue_gTrue]
	 Logging test loss: 0.0012070552 [MSELoss(): t(0,0)_r(5,20)_semi_pTrue_gTrue]
	 Logging test loss: 7.494e-07 [MSELoss(): t(0,0)_r(5,20)_full_pTrue_gTrue]
	 Logging test loss: 3.3993e-05 [MSELoss(): t(0,0)_r(5,20)_tennis_pTrue_gTrue]
		--> Epoch time; 32.01247000694275
Epoch 1/9
	 Logging train Loss: 2.37701e-05 [MSELoss(): t(0,0)_r(5,20)_combi_pTrue_gTrue]
	 Logging test loss: 1.39902e-05 [MSELoss(): t(0,0)_r(5,20)_combi_pTrue_gTrue]
	 Logging test loss: 0.0011354248 [MSELoss(): t(0,0)_r(5,20)_semi_pTrue_gTrue]
	 Logging test loss: 2.398e-07 [MSELoss(): t(0,0)_r(5,20)_full_pTrue_gTrue]
	 Logging test loss: 1.11792e-05 [MSELoss(): t(0,0)_r(5,20)_tennis_pTrue_gTrue]
		--> Epoch time; 30.98318862915039
Epoch 2/9
	 Logging train Loss: 1.55077e-05 [MSELoss(): t(0,0)_r(5,20)_combi_pTrue_gTrue]
	 Logging test loss: 1.16919e-05 [MSELoss(): t(0,0)_r(5,20)_combi_pTrue_gTrue]
	 Logging test loss: 0.0011220241 [MSELoss(): t(0,0)_r(5,20)_semi_pTrue_gTrue]
	 Logging test loss: 2.302e-07 [MSELoss(): t(0,0)_r(5,20)_full_pTrue_gTrue]
	 Logging test loss: 9.9842e-06 [MSELoss(): t(0,0)_r(5,20)_tennis_pTrue_gTrue]
		--> Epoch time; 30.91327953338623
Epoch 3/9
	 Logging train Loss: 1.2378e-05 [MSELoss(): t(0,0)_r(5,20)_combi_pTrue_gTrue]
	 Logging test loss: 9.8334e-06 [MSELoss(): t(0,0)_r(5,20)_combi_pTrue_gTrue]
	 Logging test loss: 0.0011190545 [MSELoss(): t(0,0)_r(5,20)_semi_pTrue_gTrue]
	 Logging test loss: 1.909e-07 [MSELoss(): t(0,0)_r(5,20)_full_pTrue_gTrue]
	 Logging test loss: 7.7852e-06 [MSELoss(): t(0,0)_r(5,20)_tennis_pTrue_gTrue]
		--> Epoch time; 30.863226175308228
Epoch 4/9
	 Logging train Loss: 9.5531e-06 [MSELoss(): t(0,0)_r(5,20)_combi_pTrue_gTrue]
	 Logging test loss: 2.00462e-05 [MSELoss(): t(0,0)_r(5,20)_combi_pTrue_gTrue]
	 Logging test loss: 0.0011662177 [MSELoss(): t(0,0)_r(5,20)_semi_pTrue_gTrue]
	 Logging test loss: 8.144e-07 [MSELoss(): t(0,0)_r(5,20)_full_pTrue_gTrue]
	 Logging test loss: 2.86831e-05 [MSELoss(): t(0,0)_r(5,20)_tennis_pTrue_gTrue]
		--> Epoch time; 30.920820236206055
Epoch 5/9
	 Logging train Loss: 7.4574e-06 [MSELoss(): t(0,0)_r(5,20)_combi_pTrue_gTrue]
	 Logging test loss: 6.4492e-06 [MSELoss(): t(0,0)_r(5,20)_combi_pTrue_gTrue]
	 Logging test loss: 0.0010980401 [MSELoss(): t(0,0)_r(5,20)_semi_pTrue_gTrue]
	 Logging test loss: 7.6e-08 [MSELoss(): t(0,0)_r(5,20)_full_pTrue_gTrue]
	 Logging test loss: 3.0137e-06 [MSELoss(): t(0,0)_r(5,20)_tennis_pTrue_gTrue]
		--> Epoch time; 31.135855197906494
Epoch 6/9
	 Logging train Loss: 5.7693e-06 [MSELoss(): t(0,0)_r(5,20)_combi_pTrue_gTrue]
	 Logging test loss: 6.5002e-06 [MSELoss(): t(0,0)_r(5,20)_combi_pTrue_gTrue]
	 Logging test loss: 0.0010825752 [MSELoss(): t(0,0)_r(5,20)_semi_pTrue_gTrue]
	 Logging test loss: 1.163e-07 [MSELoss(): t(0,0)_r(5,20)_full_pTrue_gTrue]
	 Logging test loss: 4.0658e-06 [MSELoss(): t(0,0)_r(5,20)_tennis_pTrue_gTrue]
		--> Epoch time; 31.108497142791748
Epoch 7/9
	 Logging train Loss: 5.0888e-06 [MSELoss(): t(0,0)_r(5,20)_combi_pTrue_gTrue]
	 Logging test loss: 5.7743e-06 [MSELoss(): t(0,0)_r(5,20)_combi_pTrue_gTrue]
	 Logging test loss: 0.0010661731 [MSELoss(): t(0,0)_r(5,20)_semi_pTrue_gTrue]
	 Logging test loss: 8.64e-08 [MSELoss(): t(0,0)_r(5,20)_full_pTrue_gTrue]
	 Logging test loss: 3.3118e-06 [MSELoss(): t(0,0)_r(5,20)_tennis_pTrue_gTrue]
		--> Epoch time; 30.906622409820557
Epoch 8/9
	 Logging train Loss: 3.8984e-06 [MSELoss(): t(0,0)_r(5,20)_combi_pTrue_gTrue]
	 Logging test loss: 7.421e-06 [MSELoss(): t(0,0)_r(5,20)_combi_pTrue_gTrue]
	 Logging test loss: 0.0010496167 [MSELoss(): t(0,0)_r(5,20)_semi_pTrue_gTrue]
	 Logging test loss: 2.075e-07 [MSELoss(): t(0,0)_r(5,20)_full_pTrue_gTrue]
	 Logging test loss: 7.7498e-06 [MSELoss(): t(0,0)_r(5,20)_tennis_pTrue_gTrue]
		--> Epoch time; 30.526296615600586
Epoch 9/9
	 Logging train Loss: 3.6655e-06 [MSELoss(): t(0,0)_r(5,20)_combi_pTrue_gTrue]
	 Logging test loss: 5.753e-06 [MSELoss(): t(0,0)_r(5,20)_combi_pTrue_gTrue]
	 Logging test loss: 0.0010324141 [MSELoss(): t(0,0)_r(5,20)_semi_pTrue_gTrue]
	 Logging test loss: 1.367e-07 [MSELoss(): t(0,0)_r(5,20)_full_pTrue_gTrue]
	 Logging test loss: 5.0224e-06 [MSELoss(): t(0,0)_r(5,20)_tennis_pTrue_gTrue]
		--> Epoch time; 30.684707164764404
Saved model in  trained_models/gru/data_t(0,0)_r(5,20)_combi_pTrue_gTrue/'quat_1'_'False'.pth
It took  429.24276661872864  seconds.
----- ITERATION 2/10 ------
Number of train simulations:  1920
Number of test simulations:  480
The dataloader for data/data_t(0,0)_r(5,20)_combi_pTrue_gTrue took 50.64850425720215 seconds.
-- Finished Train Dataloader --
The dataloader for data/data_t(0,0)_r(5,20)_combi_pTrue_gTrue took 12.659950494766235 seconds.
The dataloader for data/data_t(0,0)_r(5,20)_semi_pTrue_gTrue took 13.172417402267456 seconds.
The dataloader for data/data_t(0,0)_r(5,20)_full_pTrue_gTrue took 12.86104440689087 seconds.
The dataloader for data/data_t(0,0)_r(5,20)_tennis_pTrue_gTrue took 12.869444608688354 seconds.
-- Finished Test Dataloader(s) --
GRU(
  (rnn): GRU(7, 96, batch_first=True)
  (fc): Linear(in_features=96, out_features=7, bias=True)
)
Datatype: quat_1
-- Started Training --
Epoch 0/9
	 Logging train Loss: 0.0004465477 [MSELoss(): t(0,0)_r(5,20)_combi_pTrue_gTrue]
	 Logging test loss: 5.0997e-05 [MSELoss(): t(0,0)_r(5,20)_combi_pTrue_gTrue]
	 Logging test loss: 0.0012299613 [MSELoss(): t(0,0)_r(5,20)_semi_pTrue_gTrue]
	 Logging test loss: 8.599e-07 [MSELoss(): t(0,0)_r(5,20)_full_pTrue_gTrue]
	 Logging test loss: 3.42724e-05 [MSELoss(): t(0,0)_r(5,20)_tennis_pTrue_gTrue]
		--> Epoch time; 31.53303027153015
Epoch 1/9
	 Logging train Loss: 1.91626e-05 [MSELoss(): t(0,0)_r(5,20)_combi_pTrue_gTrue]
	 Logging test loss: 2.3255e-05 [MSELoss(): t(0,0)_r(5,20)_combi_pTrue_gTrue]
	 Logging test loss: 0.001233057 [MSELoss(): t(0,0)_r(5,20)_semi_pTrue_gTrue]
	 Logging test loss: 3.07e-07 [MSELoss(): t(0,0)_r(5,20)_full_pTrue_gTrue]
	 Logging test loss: 1.23667e-05 [MSELoss(): t(0,0)_r(5,20)_tennis_pTrue_gTrue]
		--> Epoch time; 31.6150324344635
Epoch 2/9
	 Logging train Loss: 1.36623e-05 [MSELoss(): t(0,0)_r(5,20)_combi_pTrue_gTrue]
	 Logging test loss: 1.9789e-05 [MSELoss(): t(0,0)_r(5,20)_combi_pTrue_gTrue]
	 Logging test loss: 0.0012184905 [MSELoss(): t(0,0)_r(5,20)_semi_pTrue_gTrue]
	 Logging test loss: 3.59e-07 [MSELoss(): t(0,0)_r(5,20)_full_pTrue_gTrue]
	 Logging test loss: 1.42276e-05 [MSELoss(): t(0,0)_r(5,20)_tennis_pTrue_gTrue]
		--> Epoch time; 31.467485427856445
Epoch 3/9
	 Logging train Loss: 1.15473e-05 [MSELoss(): t(0,0)_r(5,20)_combi_pTrue_gTrue]
	 Logging test loss: 1.31362e-05 [MSELoss(): t(0,0)_r(5,20)_combi_pTrue_gTrue]
	 Logging test loss: 0.0012207329 [MSELoss(): t(0,0)_r(5,20)_semi_pTrue_gTrue]
	 Logging test loss: 1.61e-07 [MSELoss(): t(0,0)_r(5,20)_full_pTrue_gTrue]
	 Logging test loss: 6.4972e-06 [MSELoss(): t(0,0)_r(5,20)_tennis_pTrue_gTrue]
		--> Epoch time; 31.465214252471924
Epoch 4/9
wandb: Waiting for W&B process to finish... (success).
wandb: 
wandb: Run history:
wandb:                                       Epoch â–â–‚â–ƒâ–ƒâ–„â–…â–†â–†â–‡â–ˆ
wandb:  Test loss t(0,0)_r(5,20)_combi_pTrue_gTrue â–ˆâ–„â–ƒâ–‚â–‚â–‚â–â–â–â–
wandb:   Test loss t(0,0)_r(5,20)_full_pTrue_gTrue â–ˆâ–ƒâ–„â–‚â–ƒâ–‚â–â–â–‚â–
wandb:   Test loss t(0,0)_r(5,20)_semi_pTrue_gTrue â–ˆâ–ˆâ–ˆâ–ˆâ–‡â–„â–‚â–â–â–
wandb: Test loss t(0,0)_r(5,20)_tennis_pTrue_gTrue â–ˆâ–ƒâ–„â–‚â–ƒâ–‚â–â–â–â–
wandb:                                  Train loss â–ˆâ–â–â–â–â–â–â–â–â–
wandb: 
wandb: Run summary:
wandb:                                       Epoch 9
wandb:  Test loss t(0,0)_r(5,20)_combi_pTrue_gTrue 0.0
wandb:   Test loss t(0,0)_r(5,20)_full_pTrue_gTrue 0.0
wandb:   Test loss t(0,0)_r(5,20)_semi_pTrue_gTrue 0.00098
wandb: Test loss t(0,0)_r(5,20)_tennis_pTrue_gTrue 0.0
wandb:                                  Train loss 0.0
wandb: 
wandb: ðŸš€ View run decent-grass-49 at: https://wandb.ai/nreints/ThesisFinal2Grav%2Bcoll/runs/q1r1ks7a
wandb: Synced 7 W&B file(s), 0 media file(s), 4 artifact file(s) and 1 other file(s)
wandb: Find logs at: ./wandb/run-20230716_125824-q1r1ks7a/logs
wandb: - Waiting for wandb.init()...wandb: \ Waiting for wandb.init()...wandb: wandb version 0.15.5 is available!  To upgrade, please run:
wandb:  $ pip install wandb --upgrade
wandb: Tracking run with wandb version 0.14.0
wandb: Run data is saved locally in /gpfs/home2/nreints/MScThesis/code/wandb/run-20230716_130531-hthr8w98
wandb: Run `wandb offline` to turn off syncing.
wandb: Syncing run rose-microwave-88
wandb: â­ï¸ View project at https://wandb.ai/nreints/ThesisFinal2Grav%2Bcoll
wandb: ðŸš€ View run at https://wandb.ai/nreints/ThesisFinal2Grav%2Bcoll/runs/hthr8w98
wandb: Waiting for W&B process to finish... (success).
wandb: 
wandb: Run history:
wandb:                                       Epoch â–â–‚â–ƒâ–ƒâ–„â–…â–†â–†â–‡â–ˆ
wandb:  Test loss t(0,0)_r(5,20)_combi_pTrue_gTrue â–ˆâ–„â–ƒâ–‚â–ƒâ–‚â–‚â–‚â–â–
wandb:   Test loss t(0,0)_r(5,20)_full_pTrue_gTrue â–ˆâ–ƒâ–‚â–‚â–ƒâ–‚â–ƒâ–„â–â–‚
wandb:   Test loss t(0,0)_r(5,20)_semi_pTrue_gTrue â–ˆâ–„â–ƒâ–ƒâ–ƒâ–ƒâ–ƒâ–‚â–â–
wandb: Test loss t(0,0)_r(5,20)_tennis_pTrue_gTrue â–ˆâ–ƒâ–‚â–‚â–„â–‚â–ƒâ–„â–â–‚
wandb:                                  Train loss â–ˆâ–â–â–â–â–â–â–â–â–
wandb: 
wandb: Run summary:
wandb:                                       Epoch 9
wandb:  Test loss t(0,0)_r(5,20)_combi_pTrue_gTrue 1e-05
wandb:   Test loss t(0,0)_r(5,20)_full_pTrue_gTrue 0.0
wandb:   Test loss t(0,0)_r(5,20)_semi_pTrue_gTrue 0.00048
wandb: Test loss t(0,0)_r(5,20)_tennis_pTrue_gTrue 0.0
wandb:                                  Train loss 0.0
wandb: 
wandb: ðŸš€ View run rose-microwave-88 at: https://wandb.ai/nreints/ThesisFinal2Grav%2Bcoll/runs/hthr8w98
wandb: Synced 7 W&B file(s), 0 media file(s), 4 artifact file(s) and 1 other file(s)
wandb: Find logs at: ./wandb/run-20230716_130531-hthr8w98/logs
wandb: - Waiting for wandb.init()...wandb: \ Waiting for wandb.init()...wandb: wandb version 0.15.5 is available!  To upgrade, please run:
wandb:  $ pip install wandb --upgrade
wandb: Tracking run with wandb version 0.14.0
wandb: Run data is saved locally in /gpfs/home2/nreints/MScThesis/code/wandb/run-20230716_131239-re6foln0
wandb: Run `wandb offline` to turn off syncing.
wandb: Syncing run frosty-totem-119
wandb: â­ï¸ View project at https://wandb.ai/nreints/ThesisFinal2Grav%2Bcoll
wandb: ðŸš€ View run at https://wandb.ai/nreints/ThesisFinal2Grav%2Bcoll/runs/re6foln0
	 Logging train Loss: 9.9571e-06 [MSELoss(): t(0,0)_r(5,20)_combi_pTrue_gTrue]
	 Logging test loss: 1.33973e-05 [MSELoss(): t(0,0)_r(5,20)_combi_pTrue_gTrue]
	 Logging test loss: 0.0011934376 [MSELoss(): t(0,0)_r(5,20)_semi_pTrue_gTrue]
	 Logging test loss: 3.293e-07 [MSELoss(): t(0,0)_r(5,20)_full_pTrue_gTrue]
	 Logging test loss: 1.24303e-05 [MSELoss(): t(0,0)_r(5,20)_tennis_pTrue_gTrue]
		--> Epoch time; 31.258764266967773
Epoch 5/9
	 Logging train Loss: 7.5544e-06 [MSELoss(): t(0,0)_r(5,20)_combi_pTrue_gTrue]
	 Logging test loss: 8.1128e-06 [MSELoss(): t(0,0)_r(5,20)_combi_pTrue_gTrue]
	 Logging test loss: 0.0010952289 [MSELoss(): t(0,0)_r(5,20)_semi_pTrue_gTrue]
	 Logging test loss: 1.732e-07 [MSELoss(): t(0,0)_r(5,20)_full_pTrue_gTrue]
	 Logging test loss: 6.9177e-06 [MSELoss(): t(0,0)_r(5,20)_tennis_pTrue_gTrue]
		--> Epoch time; 31.52052092552185
Epoch 6/9
	 Logging train Loss: 5.8401e-06 [MSELoss(): t(0,0)_r(5,20)_combi_pTrue_gTrue]
	 Logging test loss: 5.5078e-06 [MSELoss(): t(0,0)_r(5,20)_combi_pTrue_gTrue]
	 Logging test loss: 0.0010202057 [MSELoss(): t(0,0)_r(5,20)_semi_pTrue_gTrue]
	 Logging test loss: 8.54e-08 [MSELoss(): t(0,0)_r(5,20)_full_pTrue_gTrue]
	 Logging test loss: 3.6595e-06 [MSELoss(): t(0,0)_r(5,20)_tennis_pTrue_gTrue]
		--> Epoch time; 31.34882664680481
Epoch 7/9
	 Logging train Loss: 5.0576e-06 [MSELoss(): t(0,0)_r(5,20)_combi_pTrue_gTrue]
	 Logging test loss: 4.497e-06 [MSELoss(): t(0,0)_r(5,20)_combi_pTrue_gTrue]
	 Logging test loss: 0.0010007491 [MSELoss(): t(0,0)_r(5,20)_semi_pTrue_gTrue]
	 Logging test loss: 4.77e-08 [MSELoss(): t(0,0)_r(5,20)_full_pTrue_gTrue]
	 Logging test loss: 2.158e-06 [MSELoss(): t(0,0)_r(5,20)_tennis_pTrue_gTrue]
		--> Epoch time; 31.198867082595825
Epoch 8/9
	 Logging train Loss: 4.1164e-06 [MSELoss(): t(0,0)_r(5,20)_combi_pTrue_gTrue]
	 Logging test loss: 4.619e-06 [MSELoss(): t(0,0)_r(5,20)_combi_pTrue_gTrue]
	 Logging test loss: 0.000991856 [MSELoss(): t(0,0)_r(5,20)_semi_pTrue_gTrue]
	 Logging test loss: 1.156e-07 [MSELoss(): t(0,0)_r(5,20)_full_pTrue_gTrue]
	 Logging test loss: 3.1831e-06 [MSELoss(): t(0,0)_r(5,20)_tennis_pTrue_gTrue]
		--> Epoch time; 30.835455656051636
Epoch 9/9
	 Logging train Loss: 3.9117e-06 [MSELoss(): t(0,0)_r(5,20)_combi_pTrue_gTrue]
	 Logging test loss: 4.1977e-06 [MSELoss(): t(0,0)_r(5,20)_combi_pTrue_gTrue]
	 Logging test loss: 0.0009844396 [MSELoss(): t(0,0)_r(5,20)_semi_pTrue_gTrue]
	 Logging test loss: 7.35e-08 [MSELoss(): t(0,0)_r(5,20)_full_pTrue_gTrue]
	 Logging test loss: 2.9938e-06 [MSELoss(): t(0,0)_r(5,20)_tennis_pTrue_gTrue]
		--> Epoch time; 31.153737783432007
Saved model in  trained_models/gru/data_t(0,0)_r(5,20)_combi_pTrue_gTrue/'quat_1'_'False'.pth
It took  427.00521898269653  seconds.
----- ITERATION 3/10 ------
Number of train simulations:  1920
Number of test simulations:  480
The dataloader for data/data_t(0,0)_r(5,20)_combi_pTrue_gTrue took 49.54091024398804 seconds.
-- Finished Train Dataloader --
The dataloader for data/data_t(0,0)_r(5,20)_combi_pTrue_gTrue took 12.522503852844238 seconds.
The dataloader for data/data_t(0,0)_r(5,20)_semi_pTrue_gTrue took 12.757759809494019 seconds.
The dataloader for data/data_t(0,0)_r(5,20)_full_pTrue_gTrue took 12.733034133911133 seconds.
The dataloader for data/data_t(0,0)_r(5,20)_tennis_pTrue_gTrue took 12.802373170852661 seconds.
-- Finished Test Dataloader(s) --
GRU(
  (rnn): GRU(7, 96, batch_first=True)
  (fc): Linear(in_features=96, out_features=7, bias=True)
)
Datatype: quat_1
-- Started Training --
Epoch 0/9
	 Logging train Loss: 0.0004323826 [MSELoss(): t(0,0)_r(5,20)_combi_pTrue_gTrue]
	 Logging test loss: 4.08269e-05 [MSELoss(): t(0,0)_r(5,20)_combi_pTrue_gTrue]
	 Logging test loss: 0.0006344334 [MSELoss(): t(0,0)_r(5,20)_semi_pTrue_gTrue]
	 Logging test loss: 1.1036e-06 [MSELoss(): t(0,0)_r(5,20)_full_pTrue_gTrue]
	 Logging test loss: 3.21271e-05 [MSELoss(): t(0,0)_r(5,20)_tennis_pTrue_gTrue]
		--> Epoch time; 31.415455102920532
Epoch 1/9
	 Logging train Loss: 2.29113e-05 [MSELoss(): t(0,0)_r(5,20)_combi_pTrue_gTrue]
	 Logging test loss: 1.92521e-05 [MSELoss(): t(0,0)_r(5,20)_combi_pTrue_gTrue]
	 Logging test loss: 0.0005521022 [MSELoss(): t(0,0)_r(5,20)_semi_pTrue_gTrue]
	 Logging test loss: 3.147e-07 [MSELoss(): t(0,0)_r(5,20)_full_pTrue_gTrue]
	 Logging test loss: 1.14781e-05 [MSELoss(): t(0,0)_r(5,20)_tennis_pTrue_gTrue]
		--> Epoch time; 31.40544819831848
Epoch 2/9
	 Logging train Loss: 1.55102e-05 [MSELoss(): t(0,0)_r(5,20)_combi_pTrue_gTrue]
	 Logging test loss: 1.38899e-05 [MSELoss(): t(0,0)_r(5,20)_combi_pTrue_gTrue]
	 Logging test loss: 0.0005309457 [MSELoss(): t(0,0)_r(5,20)_semi_pTrue_gTrue]
	 Logging test loss: 2.078e-07 [MSELoss(): t(0,0)_r(5,20)_full_pTrue_gTrue]
	 Logging test loss: 7.5801e-06 [MSELoss(): t(0,0)_r(5,20)_tennis_pTrue_gTrue]
		--> Epoch time; 31.53004002571106
Epoch 3/9
	 Logging train Loss: 1.19678e-05 [MSELoss(): t(0,0)_r(5,20)_combi_pTrue_gTrue]
	 Logging test loss: 1.11723e-05 [MSELoss(): t(0,0)_r(5,20)_combi_pTrue_gTrue]
	 Logging test loss: 0.0005183019 [MSELoss(): t(0,0)_r(5,20)_semi_pTrue_gTrue]
	 Logging test loss: 1.768e-07 [MSELoss(): t(0,0)_r(5,20)_full_pTrue_gTrue]
	 Logging test loss: 6.8678e-06 [MSELoss(): t(0,0)_r(5,20)_tennis_pTrue_gTrue]
		--> Epoch time; 31.34964632987976
Epoch 4/9
	 Logging train Loss: 9.5816e-06 [MSELoss(): t(0,0)_r(5,20)_combi_pTrue_gTrue]
	 Logging test loss: 1.20179e-05 [MSELoss(): t(0,0)_r(5,20)_combi_pTrue_gTrue]
	 Logging test loss: 0.0005282569 [MSELoss(): t(0,0)_r(5,20)_semi_pTrue_gTrue]
	 Logging test loss: 3.676e-07 [MSELoss(): t(0,0)_r(5,20)_full_pTrue_gTrue]
	 Logging test loss: 1.30058e-05 [MSELoss(): t(0,0)_r(5,20)_tennis_pTrue_gTrue]
		--> Epoch time; 31.161640167236328
Epoch 5/9
	 Logging train Loss: 7.2738e-06 [MSELoss(): t(0,0)_r(5,20)_combi_pTrue_gTrue]
	 Logging test loss: 7.514e-06 [MSELoss(): t(0,0)_r(5,20)_combi_pTrue_gTrue]
	 Logging test loss: 0.0005216861 [MSELoss(): t(0,0)_r(5,20)_semi_pTrue_gTrue]
	 Logging test loss: 1.917e-07 [MSELoss(): t(0,0)_r(5,20)_full_pTrue_gTrue]
	 Logging test loss: 6.5843e-06 [MSELoss(): t(0,0)_r(5,20)_tennis_pTrue_gTrue]
		--> Epoch time; 31.380561351776123
Epoch 6/9
	 Logging train Loss: 5.5125e-06 [MSELoss(): t(0,0)_r(5,20)_combi_pTrue_gTrue]
	 Logging test loss: 8.9294e-06 [MSELoss(): t(0,0)_r(5,20)_combi_pTrue_gTrue]
	 Logging test loss: 0.0005213415 [MSELoss(): t(0,0)_r(5,20)_semi_pTrue_gTrue]
	 Logging test loss: 3.458e-07 [MSELoss(): t(0,0)_r(5,20)_full_pTrue_gTrue]
	 Logging test loss: 1.0879e-05 [MSELoss(): t(0,0)_r(5,20)_tennis_pTrue_gTrue]
		--> Epoch time; 31.517250776290894
Epoch 7/9
	 Logging train Loss: 4.7192e-06 [MSELoss(): t(0,0)_r(5,20)_combi_pTrue_gTrue]
	 Logging test loss: 1.01495e-05 [MSELoss(): t(0,0)_r(5,20)_combi_pTrue_gTrue]
	 Logging test loss: 0.0005057676 [MSELoss(): t(0,0)_r(5,20)_semi_pTrue_gTrue]
	 Logging test loss: 4.928e-07 [MSELoss(): t(0,0)_r(5,20)_full_pTrue_gTrue]
	 Logging test loss: 1.34112e-05 [MSELoss(): t(0,0)_r(5,20)_tennis_pTrue_gTrue]
		--> Epoch time; 31.36762237548828
Epoch 8/9
	 Logging train Loss: 4.2932e-06 [MSELoss(): t(0,0)_r(5,20)_combi_pTrue_gTrue]
	 Logging test loss: 3.9422e-06 [MSELoss(): t(0,0)_r(5,20)_combi_pTrue_gTrue]
	 Logging test loss: 0.0004807989 [MSELoss(): t(0,0)_r(5,20)_semi_pTrue_gTrue]
	 Logging test loss: 5.32e-08 [MSELoss(): t(0,0)_r(5,20)_full_pTrue_gTrue]
	 Logging test loss: 1.9884e-06 [MSELoss(): t(0,0)_r(5,20)_tennis_pTrue_gTrue]
		--> Epoch time; 31.1269953250885
Epoch 9/9
	 Logging train Loss: 3.6176e-06 [MSELoss(): t(0,0)_r(5,20)_combi_pTrue_gTrue]
	 Logging test loss: 5.0513e-06 [MSELoss(): t(0,0)_r(5,20)_combi_pTrue_gTrue]
	 Logging test loss: 0.0004756165 [MSELoss(): t(0,0)_r(5,20)_semi_pTrue_gTrue]
	 Logging test loss: 2.133e-07 [MSELoss(): t(0,0)_r(5,20)_full_pTrue_gTrue]
	 Logging test loss: 4.4174e-06 [MSELoss(): t(0,0)_r(5,20)_tennis_pTrue_gTrue]
		--> Epoch time; 30.87655210494995
Saved model in  trained_models/gru/data_t(0,0)_r(5,20)_combi_pTrue_gTrue/'quat_1'_'False'.pth
It took  427.3442759513855  seconds.
----- ITERATION 4/10 ------
Number of train simulations:  1920
Number of test simulations:  480
wandb: Waiting for W&B process to finish... (success).
wandb: 
wandb: Run history:
wandb:                                       Epoch â–â–‚â–ƒâ–ƒâ–„â–…â–†â–†â–‡â–ˆ
wandb:  Test loss t(0,0)_r(5,20)_combi_pTrue_gTrue â–ˆâ–„â–ƒâ–ƒâ–‚â–â–‚â–â–â–
wandb:   Test loss t(0,0)_r(5,20)_full_pTrue_gTrue â–ˆâ–ƒâ–ƒâ–‚â–‚â–â–ƒâ–â–â–‚
wandb:   Test loss t(0,0)_r(5,20)_semi_pTrue_gTrue â–ˆâ–‡â–†â–†â–…â–„â–ƒâ–‚â–â–
wandb: Test loss t(0,0)_r(5,20)_tennis_pTrue_gTrue â–ˆâ–ƒâ–ƒâ–ƒâ–‚â–â–ƒâ–â–â–‚
wandb:                                  Train loss â–ˆâ–â–â–â–â–â–â–â–â–
wandb: 
wandb: Run summary:
wandb:                                       Epoch 9
wandb:  Test loss t(0,0)_r(5,20)_combi_pTrue_gTrue 0.0
wandb:   Test loss t(0,0)_r(5,20)_full_pTrue_gTrue 0.0
wandb:   Test loss t(0,0)_r(5,20)_semi_pTrue_gTrue 0.00105
wandb: Test loss t(0,0)_r(5,20)_tennis_pTrue_gTrue 0.0
wandb:                                  Train loss 0.0
wandb: 
wandb: ðŸš€ View run frosty-totem-119 at: https://wandb.ai/nreints/ThesisFinal2Grav%2Bcoll/runs/re6foln0
wandb: Synced 7 W&B file(s), 0 media file(s), 4 artifact file(s) and 1 other file(s)
wandb: Find logs at: ./wandb/run-20230716_131239-re6foln0/logs
wandb: - Waiting for wandb.init()...wandb: \ Waiting for wandb.init()...wandb: wandb version 0.15.5 is available!  To upgrade, please run:
wandb:  $ pip install wandb --upgrade
wandb: Tracking run with wandb version 0.14.0
wandb: Run data is saved locally in /gpfs/home2/nreints/MScThesis/code/wandb/run-20230716_131946-72bqnz06
wandb: Run `wandb offline` to turn off syncing.
wandb: Syncing run astral-sky-157
wandb: â­ï¸ View project at https://wandb.ai/nreints/ThesisFinal2Grav%2Bcoll
wandb: ðŸš€ View run at https://wandb.ai/nreints/ThesisFinal2Grav%2Bcoll/runs/72bqnz06
The dataloader for data/data_t(0,0)_r(5,20)_combi_pTrue_gTrue took 50.07686376571655 seconds.
-- Finished Train Dataloader --
The dataloader for data/data_t(0,0)_r(5,20)_combi_pTrue_gTrue took 12.585668563842773 seconds.
The dataloader for data/data_t(0,0)_r(5,20)_semi_pTrue_gTrue took 12.804648399353027 seconds.
The dataloader for data/data_t(0,0)_r(5,20)_full_pTrue_gTrue took 12.818929433822632 seconds.
The dataloader for data/data_t(0,0)_r(5,20)_tennis_pTrue_gTrue took 12.772888660430908 seconds.
-- Finished Test Dataloader(s) --
GRU(
  (rnn): GRU(7, 96, batch_first=True)
  (fc): Linear(in_features=96, out_features=7, bias=True)
)
Datatype: quat_1
-- Started Training --
Epoch 0/9
	 Logging train Loss: 0.0004369714 [MSELoss(): t(0,0)_r(5,20)_combi_pTrue_gTrue]
	 Logging test loss: 3.59698e-05 [MSELoss(): t(0,0)_r(5,20)_combi_pTrue_gTrue]
	 Logging test loss: 0.0012675379 [MSELoss(): t(0,0)_r(5,20)_semi_pTrue_gTrue]
	 Logging test loss: 1.1191e-06 [MSELoss(): t(0,0)_r(5,20)_full_pTrue_gTrue]
	 Logging test loss: 3.1813e-05 [MSELoss(): t(0,0)_r(5,20)_tennis_pTrue_gTrue]
		--> Epoch time; 31.493616580963135
Epoch 1/9
	 Logging train Loss: 2.32791e-05 [MSELoss(): t(0,0)_r(5,20)_combi_pTrue_gTrue]
	 Logging test loss: 1.60044e-05 [MSELoss(): t(0,0)_r(5,20)_combi_pTrue_gTrue]
	 Logging test loss: 0.0012241043 [MSELoss(): t(0,0)_r(5,20)_semi_pTrue_gTrue]
	 Logging test loss: 2.838e-07 [MSELoss(): t(0,0)_r(5,20)_full_pTrue_gTrue]
	 Logging test loss: 9.6477e-06 [MSELoss(): t(0,0)_r(5,20)_tennis_pTrue_gTrue]
		--> Epoch time; 31.135515213012695
Epoch 2/9
	 Logging train Loss: 1.74321e-05 [MSELoss(): t(0,0)_r(5,20)_combi_pTrue_gTrue]
	 Logging test loss: 1.40776e-05 [MSELoss(): t(0,0)_r(5,20)_combi_pTrue_gTrue]
	 Logging test loss: 0.0012163174 [MSELoss(): t(0,0)_r(5,20)_semi_pTrue_gTrue]
	 Logging test loss: 3.31e-07 [MSELoss(): t(0,0)_r(5,20)_full_pTrue_gTrue]
	 Logging test loss: 1.14328e-05 [MSELoss(): t(0,0)_r(5,20)_tennis_pTrue_gTrue]
		--> Epoch time; 31.379310131072998
Epoch 3/9
	 Logging train Loss: 1.40942e-05 [MSELoss(): t(0,0)_r(5,20)_combi_pTrue_gTrue]
	 Logging test loss: 1.03849e-05 [MSELoss(): t(0,0)_r(5,20)_combi_pTrue_gTrue]
	 Logging test loss: 0.0011983945 [MSELoss(): t(0,0)_r(5,20)_semi_pTrue_gTrue]
	 Logging test loss: 2.433e-07 [MSELoss(): t(0,0)_r(5,20)_full_pTrue_gTrue]
	 Logging test loss: 8.5386e-06 [MSELoss(): t(0,0)_r(5,20)_tennis_pTrue_gTrue]
		--> Epoch time; 31.366257429122925
Epoch 4/9
	 Logging train Loss: 1.1117e-05 [MSELoss(): t(0,0)_r(5,20)_combi_pTrue_gTrue]
	 Logging test loss: 7.5858e-06 [MSELoss(): t(0,0)_r(5,20)_combi_pTrue_gTrue]
	 Logging test loss: 0.0011780859 [MSELoss(): t(0,0)_r(5,20)_semi_pTrue_gTrue]
	 Logging test loss: 1.925e-07 [MSELoss(): t(0,0)_r(5,20)_full_pTrue_gTrue]
	 Logging test loss: 6.5575e-06 [MSELoss(): t(0,0)_r(5,20)_tennis_pTrue_gTrue]
		--> Epoch time; 31.39390778541565
Epoch 5/9
	 Logging train Loss: 8.4428e-06 [MSELoss(): t(0,0)_r(5,20)_combi_pTrue_gTrue]
	 Logging test loss: 4.1346e-06 [MSELoss(): t(0,0)_r(5,20)_combi_pTrue_gTrue]
	 Logging test loss: 0.0011406292 [MSELoss(): t(0,0)_r(5,20)_semi_pTrue_gTrue]
	 Logging test loss: 7.07e-08 [MSELoss(): t(0,0)_r(5,20)_full_pTrue_gTrue]
	 Logging test loss: 2.6008e-06 [MSELoss(): t(0,0)_r(5,20)_tennis_pTrue_gTrue]
		--> Epoch time; 31.199420928955078
Epoch 6/9
	 Logging train Loss: 6.1968e-06 [MSELoss(): t(0,0)_r(5,20)_combi_pTrue_gTrue]
	 Logging test loss: 7.3862e-06 [MSELoss(): t(0,0)_r(5,20)_combi_pTrue_gTrue]
	 Logging test loss: 0.0010965634 [MSELoss(): t(0,0)_r(5,20)_semi_pTrue_gTrue]
	 Logging test loss: 2.889e-07 [MSELoss(): t(0,0)_r(5,20)_full_pTrue_gTrue]
	 Logging test loss: 9.8925e-06 [MSELoss(): t(0,0)_r(5,20)_tennis_pTrue_gTrue]
		--> Epoch time; 31.16499161720276
Epoch 7/9
	 Logging train Loss: 5.0562e-06 [MSELoss(): t(0,0)_r(5,20)_combi_pTrue_gTrue]
	 Logging test loss: 3.4566e-06 [MSELoss(): t(0,0)_r(5,20)_combi_pTrue_gTrue]
	 Logging test loss: 0.0010856265 [MSELoss(): t(0,0)_r(5,20)_semi_pTrue_gTrue]
	 Logging test loss: 8.48e-08 [MSELoss(): t(0,0)_r(5,20)_full_pTrue_gTrue]
	 Logging test loss: 3.0215e-06 [MSELoss(): t(0,0)_r(5,20)_tennis_pTrue_gTrue]
		--> Epoch time; 31.439780950546265
Epoch 8/9
	 Logging train Loss: 4.3814e-06 [MSELoss(): t(0,0)_r(5,20)_combi_pTrue_gTrue]
	 Logging test loss: 2.658e-06 [MSELoss(): t(0,0)_r(5,20)_combi_pTrue_gTrue]
	 Logging test loss: 0.0010582973 [MSELoss(): t(0,0)_r(5,20)_semi_pTrue_gTrue]
	 Logging test loss: 5.16e-08 [MSELoss(): t(0,0)_r(5,20)_full_pTrue_gTrue]
	 Logging test loss: 1.9247e-06 [MSELoss(): t(0,0)_r(5,20)_tennis_pTrue_gTrue]
		--> Epoch time; 31.13924813270569
Epoch 9/9
	 Logging train Loss: 3.9358e-06 [MSELoss(): t(0,0)_r(5,20)_combi_pTrue_gTrue]
	 Logging test loss: 4.0309e-06 [MSELoss(): t(0,0)_r(5,20)_combi_pTrue_gTrue]
	 Logging test loss: 0.0010473565 [MSELoss(): t(0,0)_r(5,20)_semi_pTrue_gTrue]
	 Logging test loss: 1.64e-07 [MSELoss(): t(0,0)_r(5,20)_full_pTrue_gTrue]
	 Logging test loss: 4.8801e-06 [MSELoss(): t(0,0)_r(5,20)_tennis_pTrue_gTrue]
		--> Epoch time; 30.826784372329712
Saved model in  trained_models/gru/data_t(0,0)_r(5,20)_combi_pTrue_gTrue/'quat_1'_'False'.pth
It took  427.00223183631897  seconds.
----- ITERATION 5/10 ------
Number of train simulations:  1920
Number of test simulations:  480
The dataloader for data/data_t(0,0)_r(5,20)_combi_pTrue_gTrue took 49.627084493637085 seconds.
-- Finished Train Dataloader --
The dataloader for data/data_t(0,0)_r(5,20)_combi_pTrue_gTrue took 12.608092546463013 seconds.
The dataloader for data/data_t(0,0)_r(5,20)_semi_pTrue_gTrue took 12.7009916305542 seconds.
The dataloader for data/data_t(0,0)_r(5,20)_full_pTrue_gTrue took 12.676846265792847 seconds.
The dataloader for data/data_t(0,0)_r(5,20)_tennis_pTrue_gTrue took 12.718624114990234 seconds.
-- Finished Test Dataloader(s) --
GRU(
  (rnn): GRU(7, 96, batch_first=True)
  (fc): Linear(in_features=96, out_features=7, bias=True)
)
Datatype: quat_1
-- Started Training --
Epoch 0/9
	 Logging train Loss: 0.0005488876 [MSELoss(): t(0,0)_r(5,20)_combi_pTrue_gTrue]
	 Logging test loss: 3.41694e-05 [MSELoss(): t(0,0)_r(5,20)_combi_pTrue_gTrue]
	 Logging test loss: 0.0010735194 [MSELoss(): t(0,0)_r(5,20)_semi_pTrue_gTrue]
	 Logging test loss: 1.1811e-06 [MSELoss(): t(0,0)_r(5,20)_full_pTrue_gTrue]
	 Logging test loss: 3.59725e-05 [MSELoss(): t(0,0)_r(5,20)_tennis_pTrue_gTrue]
		--> Epoch time; 31.691603899002075
Epoch 1/9
	 Logging train Loss: 2.38692e-05 [MSELoss(): t(0,0)_r(5,20)_combi_pTrue_gTrue]
	 Logging test loss: 1.44694e-05 [MSELoss(): t(0,0)_r(5,20)_combi_pTrue_gTrue]
	 Logging test loss: 0.0010737436 [MSELoss(): t(0,0)_r(5,20)_semi_pTrue_gTrue]
	 Logging test loss: 3.004e-07 [MSELoss(): t(0,0)_r(5,20)_full_pTrue_gTrue]
	 Logging test loss: 1.14442e-05 [MSELoss(): t(0,0)_r(5,20)_tennis_pTrue_gTrue]
		--> Epoch time; 31.266626119613647
Epoch 2/9
	 Logging train Loss: 1.65498e-05 [MSELoss(): t(0,0)_r(5,20)_combi_pTrue_gTrue]
	 Logging test loss: 1.05456e-05 [MSELoss(): t(0,0)_r(5,20)_combi_pTrue_gTrue]
	 Logging test loss: 0.0010058002 [MSELoss(): t(0,0)_r(5,20)_semi_pTrue_gTrue]
	 Logging test loss: 2.113e-07 [MSELoss(): t(0,0)_r(5,20)_full_pTrue_gTrue]
	 Logging test loss: 8.2419e-06 [MSELoss(): t(0,0)_r(5,20)_tennis_pTrue_gTrue]
		--> Epoch time; 31.613130807876587
Epoch 3/9
	 Logging train Loss: 1.3666e-05 [MSELoss(): t(0,0)_r(5,20)_combi_pTrue_gTrue]
	 Logging test loss: 1.01609e-05 [MSELoss(): t(0,0)_r(5,20)_combi_pTrue_gTrue]
	 Logging test loss: 0.0010092236 [MSELoss(): t(0,0)_r(5,20)_semi_pTrue_gTrue]
	 Logging test loss: 3.521e-07 [MSELoss(): t(0,0)_r(5,20)_full_pTrue_gTrue]
	 Logging test loss: 1.09002e-05 [MSELoss(): t(0,0)_r(5,20)_tennis_pTrue_gTrue]
		--> Epoch time; 31.529976844787598
Epoch 4/9
	 Logging train Loss: 1.11702e-05 [MSELoss(): t(0,0)_r(5,20)_combi_pTrue_gTrue]
	 Logging test loss: 7.2681e-06 [MSELoss(): t(0,0)_r(5,20)_combi_pTrue_gTrue]
	 Logging test loss: 0.0009681789 [MSELoss(): t(0,0)_r(5,20)_semi_pTrue_gTrue]
	 Logging test loss: 2.69e-07 [MSELoss(): t(0,0)_r(5,20)_full_pTrue_gTrue]
	 Logging test loss: 8.9528e-06 [MSELoss(): t(0,0)_r(5,20)_tennis_pTrue_gTrue]
		--> Epoch time; 31.62701106071472
Epoch 5/9
wandb: Waiting for W&B process to finish... (success).
wandb: 
wandb: Run history:
wandb:                                       Epoch â–â–‚â–ƒâ–ƒâ–„â–…â–†â–†â–‡â–ˆ
wandb:  Test loss t(0,0)_r(5,20)_combi_pTrue_gTrue â–ˆâ–„â–ƒâ–ƒâ–‚â–â–â–‚â–‚â–
wandb:   Test loss t(0,0)_r(5,20)_full_pTrue_gTrue â–ˆâ–‚â–‚â–ƒâ–‚â–â–â–ƒâ–ƒâ–
wandb:   Test loss t(0,0)_r(5,20)_semi_pTrue_gTrue â–ˆâ–ˆâ–†â–†â–„â–ƒâ–‚â–‚â–„â–
wandb: Test loss t(0,0)_r(5,20)_tennis_pTrue_gTrue â–ˆâ–ƒâ–‚â–ƒâ–‚â–‚â–â–ƒâ–‚â–
wandb:                                  Train loss â–ˆâ–â–â–â–â–â–â–â–â–
wandb: 
wandb: Run summary:
wandb:                                       Epoch 9
wandb:  Test loss t(0,0)_r(5,20)_combi_pTrue_gTrue 0.0
wandb:   Test loss t(0,0)_r(5,20)_full_pTrue_gTrue 0.0
wandb:   Test loss t(0,0)_r(5,20)_semi_pTrue_gTrue 0.00088
wandb: Test loss t(0,0)_r(5,20)_tennis_pTrue_gTrue 0.0
wandb:                                  Train loss 0.0
wandb: 
wandb: ðŸš€ View run astral-sky-157 at: https://wandb.ai/nreints/ThesisFinal2Grav%2Bcoll/runs/72bqnz06
wandb: Synced 7 W&B file(s), 0 media file(s), 4 artifact file(s) and 1 other file(s)
wandb: Find logs at: ./wandb/run-20230716_131946-72bqnz06/logs
wandb: - Waiting for wandb.init()...wandb: \ Waiting for wandb.init()...wandb: wandb version 0.15.5 is available!  To upgrade, please run:
wandb:  $ pip install wandb --upgrade
wandb: Tracking run with wandb version 0.14.0
wandb: Run data is saved locally in /gpfs/home2/nreints/MScThesis/code/wandb/run-20230716_132652-zs2q4ujp
wandb: Run `wandb offline` to turn off syncing.
wandb: Syncing run lively-fire-193
wandb: â­ï¸ View project at https://wandb.ai/nreints/ThesisFinal2Grav%2Bcoll
wandb: ðŸš€ View run at https://wandb.ai/nreints/ThesisFinal2Grav%2Bcoll/runs/zs2q4ujp
wandb: Waiting for W&B process to finish... (success).
wandb: 
wandb: Run history:
wandb:                                       Epoch â–â–‚â–ƒâ–ƒâ–„â–…â–†â–†â–‡â–ˆ
wandb:  Test loss t(0,0)_r(5,20)_combi_pTrue_gTrue â–ˆâ–ƒâ–‚â–ƒâ–‚â–‚â–â–â–‚â–
wandb:   Test loss t(0,0)_r(5,20)_full_pTrue_gTrue â–ˆâ–‚â–‚â–ƒâ–â–‚â–â–â–‚â–
wandb:   Test loss t(0,0)_r(5,20)_semi_pTrue_gTrue â–ˆâ–ƒâ–…â–‚â–ƒâ–â–â–â–‚â–
wandb: Test loss t(0,0)_r(5,20)_tennis_pTrue_gTrue â–ˆâ–‚â–‚â–ƒâ–â–â–â–â–ƒâ–
wandb:                                  Train loss â–ˆâ–â–â–â–â–â–â–â–â–
wandb: 
wandb: Run summary:
wandb:                                       Epoch 9
wandb:  Test loss t(0,0)_r(5,20)_combi_pTrue_gTrue 0.0
wandb:   Test loss t(0,0)_r(5,20)_full_pTrue_gTrue 0.0
wandb:   Test loss t(0,0)_r(5,20)_semi_pTrue_gTrue 0.00069
wandb: Test loss t(0,0)_r(5,20)_tennis_pTrue_gTrue 0.0
wandb:                                  Train loss 0.0
wandb: 
wandb: ðŸš€ View run lively-fire-193 at: https://wandb.ai/nreints/ThesisFinal2Grav%2Bcoll/runs/zs2q4ujp
wandb: Synced 7 W&B file(s), 0 media file(s), 4 artifact file(s) and 1 other file(s)
wandb: Find logs at: ./wandb/run-20230716_132652-zs2q4ujp/logs
wandb: - Waiting for wandb.init()...wandb: \ Waiting for wandb.init()...wandb: wandb version 0.15.5 is available!  To upgrade, please run:
wandb:  $ pip install wandb --upgrade
wandb: Tracking run with wandb version 0.14.0
wandb: Run data is saved locally in /gpfs/home2/nreints/MScThesis/code/wandb/run-20230716_133358-ob4265l3
wandb: Run `wandb offline` to turn off syncing.
wandb: Syncing run whole-feather-225
wandb: â­ï¸ View project at https://wandb.ai/nreints/ThesisFinal2Grav%2Bcoll
wandb: ðŸš€ View run at https://wandb.ai/nreints/ThesisFinal2Grav%2Bcoll/runs/ob4265l3
	 Logging train Loss: 8.4482e-06 [MSELoss(): t(0,0)_r(5,20)_combi_pTrue_gTrue]
	 Logging test loss: 4.2986e-06 [MSELoss(): t(0,0)_r(5,20)_combi_pTrue_gTrue]
	 Logging test loss: 0.0009323778 [MSELoss(): t(0,0)_r(5,20)_semi_pTrue_gTrue]
	 Logging test loss: 1.509e-07 [MSELoss(): t(0,0)_r(5,20)_full_pTrue_gTrue]
	 Logging test loss: 5.2433e-06 [MSELoss(): t(0,0)_r(5,20)_tennis_pTrue_gTrue]
		--> Epoch time; 31.504417181015015
Epoch 6/9
	 Logging train Loss: 6.04e-06 [MSELoss(): t(0,0)_r(5,20)_combi_pTrue_gTrue]
	 Logging test loss: 3.4888e-06 [MSELoss(): t(0,0)_r(5,20)_combi_pTrue_gTrue]
	 Logging test loss: 0.0009191454 [MSELoss(): t(0,0)_r(5,20)_semi_pTrue_gTrue]
	 Logging test loss: 1.204e-07 [MSELoss(): t(0,0)_r(5,20)_full_pTrue_gTrue]
	 Logging test loss: 4.1863e-06 [MSELoss(): t(0,0)_r(5,20)_tennis_pTrue_gTrue]
		--> Epoch time; 31.387731075286865
Epoch 7/9
	 Logging train Loss: 5.3779e-06 [MSELoss(): t(0,0)_r(5,20)_combi_pTrue_gTrue]
	 Logging test loss: 6.9819e-06 [MSELoss(): t(0,0)_r(5,20)_combi_pTrue_gTrue]
	 Logging test loss: 0.0009056078 [MSELoss(): t(0,0)_r(5,20)_semi_pTrue_gTrue]
	 Logging test loss: 3.751e-07 [MSELoss(): t(0,0)_r(5,20)_full_pTrue_gTrue]
	 Logging test loss: 1.10528e-05 [MSELoss(): t(0,0)_r(5,20)_tennis_pTrue_gTrue]
		--> Epoch time; 31.47145700454712
Epoch 8/9
	 Logging train Loss: 4.4545e-06 [MSELoss(): t(0,0)_r(5,20)_combi_pTrue_gTrue]
	 Logging test loss: 4.8994e-06 [MSELoss(): t(0,0)_r(5,20)_combi_pTrue_gTrue]
	 Logging test loss: 0.0009658776 [MSELoss(): t(0,0)_r(5,20)_semi_pTrue_gTrue]
	 Logging test loss: 3.508e-07 [MSELoss(): t(0,0)_r(5,20)_full_pTrue_gTrue]
	 Logging test loss: 7.405e-06 [MSELoss(): t(0,0)_r(5,20)_tennis_pTrue_gTrue]
		--> Epoch time; 30.98993968963623
Epoch 9/9
	 Logging train Loss: 4.1448e-06 [MSELoss(): t(0,0)_r(5,20)_combi_pTrue_gTrue]
	 Logging test loss: 2.2881e-06 [MSELoss(): t(0,0)_r(5,20)_combi_pTrue_gTrue]
	 Logging test loss: 0.0008814358 [MSELoss(): t(0,0)_r(5,20)_semi_pTrue_gTrue]
	 Logging test loss: 7.6e-08 [MSELoss(): t(0,0)_r(5,20)_full_pTrue_gTrue]
	 Logging test loss: 2.5562e-06 [MSELoss(): t(0,0)_r(5,20)_tennis_pTrue_gTrue]
		--> Epoch time; 31.120901107788086
Saved model in  trained_models/gru/data_t(0,0)_r(5,20)_combi_pTrue_gTrue/'quat_1'_'False'.pth
It took  426.2559790611267  seconds.
----- ITERATION 6/10 ------
Number of train simulations:  1920
Number of test simulations:  480
The dataloader for data/data_t(0,0)_r(5,20)_combi_pTrue_gTrue took 49.48717904090881 seconds.
-- Finished Train Dataloader --
The dataloader for data/data_t(0,0)_r(5,20)_combi_pTrue_gTrue took 12.492915868759155 seconds.
The dataloader for data/data_t(0,0)_r(5,20)_semi_pTrue_gTrue took 12.675097703933716 seconds.
The dataloader for data/data_t(0,0)_r(5,20)_full_pTrue_gTrue took 12.698809623718262 seconds.
The dataloader for data/data_t(0,0)_r(5,20)_tennis_pTrue_gTrue took 12.770609378814697 seconds.
-- Finished Test Dataloader(s) --
GRU(
  (rnn): GRU(7, 96, batch_first=True)
  (fc): Linear(in_features=96, out_features=7, bias=True)
)
Datatype: quat_1
-- Started Training --
Epoch 0/9
	 Logging train Loss: 0.001440884 [MSELoss(): t(0,0)_r(5,20)_combi_pTrue_gTrue]
	 Logging test loss: 7.50761e-05 [MSELoss(): t(0,0)_r(5,20)_combi_pTrue_gTrue]
	 Logging test loss: 0.0008185895 [MSELoss(): t(0,0)_r(5,20)_semi_pTrue_gTrue]
	 Logging test loss: 2.5607e-06 [MSELoss(): t(0,0)_r(5,20)_full_pTrue_gTrue]
	 Logging test loss: 7.78441e-05 [MSELoss(): t(0,0)_r(5,20)_tennis_pTrue_gTrue]
		--> Epoch time; 31.274117469787598
Epoch 1/9
	 Logging train Loss: 3.50623e-05 [MSELoss(): t(0,0)_r(5,20)_combi_pTrue_gTrue]
	 Logging test loss: 2.68007e-05 [MSELoss(): t(0,0)_r(5,20)_combi_pTrue_gTrue]
	 Logging test loss: 0.0007094941 [MSELoss(): t(0,0)_r(5,20)_semi_pTrue_gTrue]
	 Logging test loss: 3.476e-07 [MSELoss(): t(0,0)_r(5,20)_full_pTrue_gTrue]
	 Logging test loss: 1.48081e-05 [MSELoss(): t(0,0)_r(5,20)_tennis_pTrue_gTrue]
		--> Epoch time; 31.413354873657227
Epoch 2/9
	 Logging train Loss: 1.58877e-05 [MSELoss(): t(0,0)_r(5,20)_combi_pTrue_gTrue]
	 Logging test loss: 1.96766e-05 [MSELoss(): t(0,0)_r(5,20)_combi_pTrue_gTrue]
	 Logging test loss: 0.0007680933 [MSELoss(): t(0,0)_r(5,20)_semi_pTrue_gTrue]
	 Logging test loss: 3.36e-07 [MSELoss(): t(0,0)_r(5,20)_full_pTrue_gTrue]
	 Logging test loss: 1.27822e-05 [MSELoss(): t(0,0)_r(5,20)_tennis_pTrue_gTrue]
		--> Epoch time; 31.560482263565063
Epoch 3/9
	 Logging train Loss: 1.27784e-05 [MSELoss(): t(0,0)_r(5,20)_combi_pTrue_gTrue]
	 Logging test loss: 2.44068e-05 [MSELoss(): t(0,0)_r(5,20)_combi_pTrue_gTrue]
	 Logging test loss: 0.0007080097 [MSELoss(): t(0,0)_r(5,20)_semi_pTrue_gTrue]
	 Logging test loss: 7.697e-07 [MSELoss(): t(0,0)_r(5,20)_full_pTrue_gTrue]
	 Logging test loss: 2.81784e-05 [MSELoss(): t(0,0)_r(5,20)_tennis_pTrue_gTrue]
		--> Epoch time; 31.229583501815796
Epoch 4/9
	 Logging train Loss: 1.15255e-05 [MSELoss(): t(0,0)_r(5,20)_combi_pTrue_gTrue]
	 Logging test loss: 1.20763e-05 [MSELoss(): t(0,0)_r(5,20)_combi_pTrue_gTrue]
	 Logging test loss: 0.0007173201 [MSELoss(): t(0,0)_r(5,20)_semi_pTrue_gTrue]
	 Logging test loss: 1.2e-07 [MSELoss(): t(0,0)_r(5,20)_full_pTrue_gTrue]
	 Logging test loss: 5.5173e-06 [MSELoss(): t(0,0)_r(5,20)_tennis_pTrue_gTrue]
		--> Epoch time; 31.419368267059326
Epoch 5/9
	 Logging train Loss: 9.8255e-06 [MSELoss(): t(0,0)_r(5,20)_combi_pTrue_gTrue]
	 Logging test loss: 1.08747e-05 [MSELoss(): t(0,0)_r(5,20)_combi_pTrue_gTrue]
	 Logging test loss: 0.000684729 [MSELoss(): t(0,0)_r(5,20)_semi_pTrue_gTrue]
	 Logging test loss: 2.679e-07 [MSELoss(): t(0,0)_r(5,20)_full_pTrue_gTrue]
	 Logging test loss: 7.2192e-06 [MSELoss(): t(0,0)_r(5,20)_tennis_pTrue_gTrue]
		--> Epoch time; 31.466500520706177
Epoch 6/9
	 Logging train Loss: 8.2393e-06 [MSELoss(): t(0,0)_r(5,20)_combi_pTrue_gTrue]
	 Logging test loss: 6.6973e-06 [MSELoss(): t(0,0)_r(5,20)_combi_pTrue_gTrue]
	 Logging test loss: 0.0006791824 [MSELoss(): t(0,0)_r(5,20)_semi_pTrue_gTrue]
	 Logging test loss: 1.182e-07 [MSELoss(): t(0,0)_r(5,20)_full_pTrue_gTrue]
	 Logging test loss: 3.2977e-06 [MSELoss(): t(0,0)_r(5,20)_tennis_pTrue_gTrue]
		--> Epoch time; 31.027985095977783
Epoch 7/9
	 Logging train Loss: 6.6837e-06 [MSELoss(): t(0,0)_r(5,20)_combi_pTrue_gTrue]
	 Logging test loss: 5.097e-06 [MSELoss(): t(0,0)_r(5,20)_combi_pTrue_gTrue]
	 Logging test loss: 0.0006805122 [MSELoss(): t(0,0)_r(5,20)_semi_pTrue_gTrue]
	 Logging test loss: 7.46e-08 [MSELoss(): t(0,0)_r(5,20)_full_pTrue_gTrue]
	 Logging test loss: 2.7779e-06 [MSELoss(): t(0,0)_r(5,20)_tennis_pTrue_gTrue]
		--> Epoch time; 31.55199098587036
Epoch 8/9
	 Logging train Loss: 5.3091e-06 [MSELoss(): t(0,0)_r(5,20)_combi_pTrue_gTrue]
	 Logging test loss: 1.23111e-05 [MSELoss(): t(0,0)_r(5,20)_combi_pTrue_gTrue]
	 Logging test loss: 0.0007003185 [MSELoss(): t(0,0)_r(5,20)_semi_pTrue_gTrue]
	 Logging test loss: 5.478e-07 [MSELoss(): t(0,0)_r(5,20)_full_pTrue_gTrue]
	 Logging test loss: 1.97893e-05 [MSELoss(): t(0,0)_r(5,20)_tennis_pTrue_gTrue]
		--> Epoch time; 31.06827473640442
Epoch 9/9
	 Logging train Loss: 4.4848e-06 [MSELoss(): t(0,0)_r(5,20)_combi_pTrue_gTrue]
	 Logging test loss: 4.9164e-06 [MSELoss(): t(0,0)_r(5,20)_combi_pTrue_gTrue]
	 Logging test loss: 0.0006882656 [MSELoss(): t(0,0)_r(5,20)_semi_pTrue_gTrue]
	 Logging test loss: 1.782e-07 [MSELoss(): t(0,0)_r(5,20)_full_pTrue_gTrue]
	 Logging test loss: 4.9073e-06 [MSELoss(): t(0,0)_r(5,20)_tennis_pTrue_gTrue]
		--> Epoch time; 31.031275749206543
Saved model in  trained_models/gru/data_t(0,0)_r(5,20)_combi_pTrue_gTrue/'quat_1'_'False'.pth
It took  426.10708928108215  seconds.
----- ITERATION 7/10 ------
Number of train simulations:  1920
Number of test simulations:  480
The dataloader for data/data_t(0,0)_r(5,20)_combi_pTrue_gTrue took 50.580907344818115 seconds.
-- Finished Train Dataloader --
The dataloader for data/data_t(0,0)_r(5,20)_combi_pTrue_gTrue took 12.6724853515625 seconds.
The dataloader for data/data_t(0,0)_r(5,20)_semi_pTrue_gTrue took 12.744937658309937 seconds.
The dataloader for data/data_t(0,0)_r(5,20)_full_pTrue_gTrue took 12.726349353790283 seconds.
wandb: Waiting for W&B process to finish... (success).
wandb: 
wandb: Run history:
wandb:                                       Epoch â–â–‚â–ƒâ–ƒâ–„â–…â–†â–†â–‡â–ˆ
wandb:  Test loss t(0,0)_r(5,20)_combi_pTrue_gTrue â–ˆâ–„â–ƒâ–‚â–‚â–ƒâ–â–â–â–
wandb:   Test loss t(0,0)_r(5,20)_full_pTrue_gTrue â–‡â–…â–ƒâ–â–‚â–ˆâ–â–‚â–â–‚
wandb:   Test loss t(0,0)_r(5,20)_semi_pTrue_gTrue â–ˆâ–„â–ƒâ–ƒâ–‚â–‚â–â–ƒâ–â–
wandb: Test loss t(0,0)_r(5,20)_tennis_pTrue_gTrue â–ˆâ–ƒâ–ƒâ–â–‚â–…â–â–‚â–â–
wandb:                                  Train loss â–ˆâ–â–â–â–â–â–â–â–â–
wandb: 
wandb: Run summary:
wandb:                                       Epoch 9
wandb:  Test loss t(0,0)_r(5,20)_combi_pTrue_gTrue 0.0
wandb:   Test loss t(0,0)_r(5,20)_full_pTrue_gTrue 0.0
wandb:   Test loss t(0,0)_r(5,20)_semi_pTrue_gTrue 0.00023
wandb: Test loss t(0,0)_r(5,20)_tennis_pTrue_gTrue 0.0
wandb:                                  Train loss 0.0
wandb: 
wandb: ðŸš€ View run whole-feather-225 at: https://wandb.ai/nreints/ThesisFinal2Grav%2Bcoll/runs/ob4265l3
wandb: Synced 7 W&B file(s), 0 media file(s), 4 artifact file(s) and 1 other file(s)
wandb: Find logs at: ./wandb/run-20230716_133358-ob4265l3/logs
wandb: - Waiting for wandb.init()...wandb: \ Waiting for wandb.init()...wandb: wandb version 0.15.5 is available!  To upgrade, please run:
wandb:  $ pip install wandb --upgrade
wandb: Tracking run with wandb version 0.14.0
wandb: Run data is saved locally in /gpfs/home2/nreints/MScThesis/code/wandb/run-20230716_134105-1e0bs7vl
wandb: Run `wandb offline` to turn off syncing.
wandb: Syncing run solar-sun-264
wandb: â­ï¸ View project at https://wandb.ai/nreints/ThesisFinal2Grav%2Bcoll
wandb: ðŸš€ View run at https://wandb.ai/nreints/ThesisFinal2Grav%2Bcoll/runs/1e0bs7vl
The dataloader for data/data_t(0,0)_r(5,20)_tennis_pTrue_gTrue took 12.703623056411743 seconds.
-- Finished Test Dataloader(s) --
GRU(
  (rnn): GRU(7, 96, batch_first=True)
  (fc): Linear(in_features=96, out_features=7, bias=True)
)
Datatype: quat_1
-- Started Training --
Epoch 0/9
	 Logging train Loss: 0.0005341906 [MSELoss(): t(0,0)_r(5,20)_combi_pTrue_gTrue]
	 Logging test loss: 3.4496e-05 [MSELoss(): t(0,0)_r(5,20)_combi_pTrue_gTrue]
	 Logging test loss: 0.0003568361 [MSELoss(): t(0,0)_r(5,20)_semi_pTrue_gTrue]
	 Logging test loss: 5.682e-07 [MSELoss(): t(0,0)_r(5,20)_full_pTrue_gTrue]
	 Logging test loss: 3.1749e-05 [MSELoss(): t(0,0)_r(5,20)_tennis_pTrue_gTrue]
		--> Epoch time; 31.36103844642639
Epoch 1/9
	 Logging train Loss: 2.51603e-05 [MSELoss(): t(0,0)_r(5,20)_combi_pTrue_gTrue]
	 Logging test loss: 1.56248e-05 [MSELoss(): t(0,0)_r(5,20)_combi_pTrue_gTrue]
	 Logging test loss: 0.000286825 [MSELoss(): t(0,0)_r(5,20)_semi_pTrue_gTrue]
	 Logging test loss: 4.285e-07 [MSELoss(): t(0,0)_r(5,20)_full_pTrue_gTrue]
	 Logging test loss: 1.27701e-05 [MSELoss(): t(0,0)_r(5,20)_tennis_pTrue_gTrue]
		--> Epoch time; 31.367709636688232
Epoch 2/9
	 Logging train Loss: 1.55688e-05 [MSELoss(): t(0,0)_r(5,20)_combi_pTrue_gTrue]
	 Logging test loss: 1.33725e-05 [MSELoss(): t(0,0)_r(5,20)_combi_pTrue_gTrue]
	 Logging test loss: 0.0002717004 [MSELoss(): t(0,0)_r(5,20)_semi_pTrue_gTrue]
	 Logging test loss: 2.911e-07 [MSELoss(): t(0,0)_r(5,20)_full_pTrue_gTrue]
	 Logging test loss: 1.17776e-05 [MSELoss(): t(0,0)_r(5,20)_tennis_pTrue_gTrue]
		--> Epoch time; 31.43096947669983
Epoch 3/9
	 Logging train Loss: 1.24495e-05 [MSELoss(): t(0,0)_r(5,20)_combi_pTrue_gTrue]
	 Logging test loss: 8.0579e-06 [MSELoss(): t(0,0)_r(5,20)_combi_pTrue_gTrue]
	 Logging test loss: 0.000255286 [MSELoss(): t(0,0)_r(5,20)_semi_pTrue_gTrue]
	 Logging test loss: 9.79e-08 [MSELoss(): t(0,0)_r(5,20)_full_pTrue_gTrue]
	 Logging test loss: 4.6089e-06 [MSELoss(): t(0,0)_r(5,20)_tennis_pTrue_gTrue]
		--> Epoch time; 31.40191674232483
Epoch 4/9
	 Logging train Loss: 1.02957e-05 [MSELoss(): t(0,0)_r(5,20)_combi_pTrue_gTrue]
	 Logging test loss: 7.9537e-06 [MSELoss(): t(0,0)_r(5,20)_combi_pTrue_gTrue]
	 Logging test loss: 0.0002441528 [MSELoss(): t(0,0)_r(5,20)_semi_pTrue_gTrue]
	 Logging test loss: 1.859e-07 [MSELoss(): t(0,0)_r(5,20)_full_pTrue_gTrue]
	 Logging test loss: 6.2045e-06 [MSELoss(): t(0,0)_r(5,20)_tennis_pTrue_gTrue]
		--> Epoch time; 31.258033275604248
Epoch 5/9
	 Logging train Loss: 7.8586e-06 [MSELoss(): t(0,0)_r(5,20)_combi_pTrue_gTrue]
	 Logging test loss: 1.4556e-05 [MSELoss(): t(0,0)_r(5,20)_combi_pTrue_gTrue]
	 Logging test loss: 0.000248753 [MSELoss(): t(0,0)_r(5,20)_semi_pTrue_gTrue]
	 Logging test loss: 6.959e-07 [MSELoss(): t(0,0)_r(5,20)_full_pTrue_gTrue]
	 Logging test loss: 2.01999e-05 [MSELoss(): t(0,0)_r(5,20)_tennis_pTrue_gTrue]
		--> Epoch time; 31.73087978363037
Epoch 6/9
	 Logging train Loss: 5.7178e-06 [MSELoss(): t(0,0)_r(5,20)_combi_pTrue_gTrue]
	 Logging test loss: 5.0799e-06 [MSELoss(): t(0,0)_r(5,20)_combi_pTrue_gTrue]
	 Logging test loss: 0.0002287569 [MSELoss(): t(0,0)_r(5,20)_semi_pTrue_gTrue]
	 Logging test loss: 1.002e-07 [MSELoss(): t(0,0)_r(5,20)_full_pTrue_gTrue]
	 Logging test loss: 3.5976e-06 [MSELoss(): t(0,0)_r(5,20)_tennis_pTrue_gTrue]
		--> Epoch time; 31.64343762397766
Epoch 7/9
	 Logging train Loss: 4.9541e-06 [MSELoss(): t(0,0)_r(5,20)_combi_pTrue_gTrue]
	 Logging test loss: 6.188e-06 [MSELoss(): t(0,0)_r(5,20)_combi_pTrue_gTrue]
	 Logging test loss: 0.0002601899 [MSELoss(): t(0,0)_r(5,20)_semi_pTrue_gTrue]
	 Logging test loss: 2.041e-07 [MSELoss(): t(0,0)_r(5,20)_full_pTrue_gTrue]
	 Logging test loss: 6.3327e-06 [MSELoss(): t(0,0)_r(5,20)_tennis_pTrue_gTrue]
		--> Epoch time; 31.43960475921631
Epoch 8/9
	 Logging train Loss: 4.3102e-06 [MSELoss(): t(0,0)_r(5,20)_combi_pTrue_gTrue]
	 Logging test loss: 4.0651e-06 [MSELoss(): t(0,0)_r(5,20)_combi_pTrue_gTrue]
	 Logging test loss: 0.0002266382 [MSELoss(): t(0,0)_r(5,20)_semi_pTrue_gTrue]
	 Logging test loss: 8.75e-08 [MSELoss(): t(0,0)_r(5,20)_full_pTrue_gTrue]
	 Logging test loss: 3.0052e-06 [MSELoss(): t(0,0)_r(5,20)_tennis_pTrue_gTrue]
		--> Epoch time; 31.3152334690094
Epoch 9/9
	 Logging train Loss: 3.7937e-06 [MSELoss(): t(0,0)_r(5,20)_combi_pTrue_gTrue]
	 Logging test loss: 4.547e-06 [MSELoss(): t(0,0)_r(5,20)_combi_pTrue_gTrue]
	 Logging test loss: 0.0002286521 [MSELoss(): t(0,0)_r(5,20)_semi_pTrue_gTrue]
	 Logging test loss: 1.342e-07 [MSELoss(): t(0,0)_r(5,20)_full_pTrue_gTrue]
	 Logging test loss: 4.2377e-06 [MSELoss(): t(0,0)_r(5,20)_tennis_pTrue_gTrue]
		--> Epoch time; 30.91362738609314
Saved model in  trained_models/gru/data_t(0,0)_r(5,20)_combi_pTrue_gTrue/'quat_1'_'False'.pth
It took  427.11073875427246  seconds.
----- ITERATION 8/10 ------
Number of train simulations:  1920
Number of test simulations:  480
The dataloader for data/data_t(0,0)_r(5,20)_combi_pTrue_gTrue took 50.78530216217041 seconds.
-- Finished Train Dataloader --
The dataloader for data/data_t(0,0)_r(5,20)_combi_pTrue_gTrue took 12.727163076400757 seconds.
The dataloader for data/data_t(0,0)_r(5,20)_semi_pTrue_gTrue took 12.735248804092407 seconds.
The dataloader for data/data_t(0,0)_r(5,20)_full_pTrue_gTrue took 12.757316589355469 seconds.
The dataloader for data/data_t(0,0)_r(5,20)_tennis_pTrue_gTrue took 12.76192045211792 seconds.
-- Finished Test Dataloader(s) --
GRU(
  (rnn): GRU(7, 96, batch_first=True)
  (fc): Linear(in_features=96, out_features=7, bias=True)
)
Datatype: quat_1
-- Started Training --
Epoch 0/9
	 Logging train Loss: 0.0006018812 [MSELoss(): t(0,0)_r(5,20)_combi_pTrue_gTrue]
	 Logging test loss: 4.06526e-05 [MSELoss(): t(0,0)_r(5,20)_combi_pTrue_gTrue]
	 Logging test loss: 0.0019722302 [MSELoss(): t(0,0)_r(5,20)_semi_pTrue_gTrue]
	 Logging test loss: 6.03e-07 [MSELoss(): t(0,0)_r(5,20)_full_pTrue_gTrue]
	 Logging test loss: 2.82006e-05 [MSELoss(): t(0,0)_r(5,20)_tennis_pTrue_gTrue]
		--> Epoch time; 31.38415002822876
Epoch 1/9
	 Logging train Loss: 2.29349e-05 [MSELoss(): t(0,0)_r(5,20)_combi_pTrue_gTrue]
	 Logging test loss: 1.62668e-05 [MSELoss(): t(0,0)_r(5,20)_combi_pTrue_gTrue]
	 Logging test loss: 0.001811908 [MSELoss(): t(0,0)_r(5,20)_semi_pTrue_gTrue]
	 Logging test loss: 1.863e-07 [MSELoss(): t(0,0)_r(5,20)_full_pTrue_gTrue]
	 Logging test loss: 8.106e-06 [MSELoss(): t(0,0)_r(5,20)_tennis_pTrue_gTrue]
		--> Epoch time; 31.73116636276245
Epoch 2/9
	 Logging train Loss: 1.41175e-05 [MSELoss(): t(0,0)_r(5,20)_combi_pTrue_gTrue]
	 Logging test loss: 1.31344e-05 [MSELoss(): t(0,0)_r(5,20)_combi_pTrue_gTrue]
	 Logging test loss: 0.0017931045 [MSELoss(): t(0,0)_r(5,20)_semi_pTrue_gTrue]
	 Logging test loss: 2.161e-07 [MSELoss(): t(0,0)_r(5,20)_full_pTrue_gTrue]
	 Logging test loss: 6.506e-06 [MSELoss(): t(0,0)_r(5,20)_tennis_pTrue_gTrue]
		--> Epoch time; 31.435994148254395
Epoch 3/9
	 Logging train Loss: 1.17579e-05 [MSELoss(): t(0,0)_r(5,20)_combi_pTrue_gTrue]
	 Logging test loss: 1.01994e-05 [MSELoss(): t(0,0)_r(5,20)_combi_pTrue_gTrue]
	 Logging test loss: 0.0017385816 [MSELoss(): t(0,0)_r(5,20)_semi_pTrue_gTrue]
	 Logging test loss: 1.624e-07 [MSELoss(): t(0,0)_r(5,20)_full_pTrue_gTrue]
	 Logging test loss: 6.2105e-06 [MSELoss(): t(0,0)_r(5,20)_tennis_pTrue_gTrue]
		--> Epoch time; 31.592499017715454
Epoch 4/9
	 Logging train Loss: 9.7971e-06 [MSELoss(): t(0,0)_r(5,20)_combi_pTrue_gTrue]
	 Logging test loss: 8.3337e-06 [MSELoss(): t(0,0)_r(5,20)_combi_pTrue_gTrue]
	 Logging test loss: 0.0017097485 [MSELoss(): t(0,0)_r(5,20)_semi_pTrue_gTrue]
	 Logging test loss: 1.415e-07 [MSELoss(): t(0,0)_r(5,20)_full_pTrue_gTrue]
	 Logging test loss: 5.2742e-06 [MSELoss(): t(0,0)_r(5,20)_tennis_pTrue_gTrue]
		--> Epoch time; 31.32141613960266
Epoch 5/9
	 Logging train Loss: 7.3775e-06 [MSELoss(): t(0,0)_r(5,20)_combi_pTrue_gTrue]
	 Logging test loss: 8.8756e-06 [MSELoss(): t(0,0)_r(5,20)_combi_pTrue_gTrue]
	 Logging test loss: 0.0016553944 [MSELoss(): t(0,0)_r(5,20)_semi_pTrue_gTrue]
	 Logging test loss: 5.025e-07 [MSELoss(): t(0,0)_r(5,20)_full_pTrue_gTrue]
	 Logging test loss: 8.7588e-06 [MSELoss(): t(0,0)_r(5,20)_tennis_pTrue_gTrue]
		--> Epoch time; 31.59865713119507
wandb: Waiting for W&B process to finish... (success).
wandb: ERROR Error while calling W&B API: An internal error occurred. Please contact support. (<Response [500]>)
wandb: 
wandb: Run history:
wandb:                                       Epoch â–â–‚â–ƒâ–ƒâ–„â–…â–†â–†â–‡â–ˆ
wandb:  Test loss t(0,0)_r(5,20)_combi_pTrue_gTrue â–ˆâ–ƒâ–ƒâ–‚â–‚â–‚â–â–‚â–â–
wandb:   Test loss t(0,0)_r(5,20)_full_pTrue_gTrue â–ˆâ–ƒâ–ƒâ–‚â–‚â–‡â–â–„â–â–
wandb:   Test loss t(0,0)_r(5,20)_semi_pTrue_gTrue â–ˆâ–†â–…â–„â–„â–ƒâ–‚â–‚â–â–
wandb: Test loss t(0,0)_r(5,20)_tennis_pTrue_gTrue â–ˆâ–ƒâ–‚â–‚â–‚â–ƒâ–â–ƒâ–â–
wandb:                                  Train loss â–ˆâ–â–â–â–â–â–â–â–â–
wandb: 
wandb: Run summary:
wandb:                                       Epoch 9
wandb:  Test loss t(0,0)_r(5,20)_combi_pTrue_gTrue 0.0
wandb:   Test loss t(0,0)_r(5,20)_full_pTrue_gTrue 0.0
wandb:   Test loss t(0,0)_r(5,20)_semi_pTrue_gTrue 0.00152
wandb: Test loss t(0,0)_r(5,20)_tennis_pTrue_gTrue 0.0
wandb:                                  Train loss 0.0
wandb: 
wandb: ðŸš€ View run solar-sun-264 at: https://wandb.ai/nreints/ThesisFinal2Grav%2Bcoll/runs/1e0bs7vl
wandb: Synced 7 W&B file(s), 0 media file(s), 4 artifact file(s) and 1 other file(s)
wandb: Find logs at: ./wandb/run-20230716_134105-1e0bs7vl/logs
wandb: - Waiting for wandb.init()...wandb: \ Waiting for wandb.init()...wandb: | Waiting for wandb.init()...wandb: wandb version 0.15.5 is available!  To upgrade, please run:
wandb:  $ pip install wandb --upgrade
wandb: Tracking run with wandb version 0.14.0
wandb: Run data is saved locally in /gpfs/home2/nreints/MScThesis/code/wandb/run-20230716_134816-hoqmux4u
wandb: Run `wandb offline` to turn off syncing.
wandb: Syncing run pious-tree-297
wandb: â­ï¸ View project at https://wandb.ai/nreints/ThesisFinal2Grav%2Bcoll
wandb: ðŸš€ View run at https://wandb.ai/nreints/ThesisFinal2Grav%2Bcoll/runs/hoqmux4u
wandb: Waiting for W&B process to finish... (success).
wandb: 
wandb: Run history:
wandb:                                       Epoch â–â–‚â–ƒâ–ƒâ–„â–…â–†â–†â–‡â–ˆ
wandb:  Test loss t(0,0)_r(5,20)_combi_pTrue_gTrue â–ˆâ–„â–ƒâ–ƒâ–…â–â–â–â–â–
wandb:   Test loss t(0,0)_r(5,20)_full_pTrue_gTrue â–ˆâ–ƒâ–‚â–‚â–†â–â–â–â–â–
wandb:   Test loss t(0,0)_r(5,20)_semi_pTrue_gTrue â–ˆâ–†â–†â–…â–…â–‚â–‚â–â–â–
wandb: Test loss t(0,0)_r(5,20)_tennis_pTrue_gTrue â–ˆâ–ƒâ–ƒâ–ƒâ–†â–â–â–â–â–
wandb:                                  Train loss â–ˆâ–â–â–â–â–â–â–â–â–
wandb: 
wandb: Run summary:
wandb:                                       Epoch 9
wandb:  Test loss t(0,0)_r(5,20)_combi_pTrue_gTrue 0.0
wandb:   Test loss t(0,0)_r(5,20)_full_pTrue_gTrue 0.0
wandb:   Test loss t(0,0)_r(5,20)_semi_pTrue_gTrue 0.00055
wandb: Test loss t(0,0)_r(5,20)_tennis_pTrue_gTrue 0.0
wandb:                                  Train loss 0.0
wandb: 
wandb: ðŸš€ View run pious-tree-297 at: https://wandb.ai/nreints/ThesisFinal2Grav%2Bcoll/runs/hoqmux4u
wandb: Synced 7 W&B file(s), 0 media file(s), 4 artifact file(s) and 1 other file(s)
wandb: Find logs at: ./wandb/run-20230716_134816-hoqmux4u/logs
wandb: - Waiting for wandb.init()...wandb: \ Waiting for wandb.init()...wandb: wandb version 0.15.5 is available!  To upgrade, please run:
wandb:  $ pip install wandb --upgrade
wandb: Tracking run with wandb version 0.14.0
wandb: Run data is saved locally in /gpfs/home2/nreints/MScThesis/code/wandb/run-20230716_135525-yt9c8mcw
wandb: Run `wandb offline` to turn off syncing.
wandb: Syncing run apricot-dawn-332
wandb: â­ï¸ View project at https://wandb.ai/nreints/ThesisFinal2Grav%2Bcoll
wandb: ðŸš€ View run at https://wandb.ai/nreints/ThesisFinal2Grav%2Bcoll/runs/yt9c8mcw
Epoch 6/9
	 Logging train Loss: 5.9603e-06 [MSELoss(): t(0,0)_r(5,20)_combi_pTrue_gTrue]
	 Logging test loss: 5.1592e-06 [MSELoss(): t(0,0)_r(5,20)_combi_pTrue_gTrue]
	 Logging test loss: 0.001609633 [MSELoss(): t(0,0)_r(5,20)_semi_pTrue_gTrue]
	 Logging test loss: 6.48e-08 [MSELoss(): t(0,0)_r(5,20)_full_pTrue_gTrue]
	 Logging test loss: 2.5877e-06 [MSELoss(): t(0,0)_r(5,20)_tennis_pTrue_gTrue]
		--> Epoch time; 31.588818311691284
Epoch 7/9
	 Logging train Loss: 4.9376e-06 [MSELoss(): t(0,0)_r(5,20)_combi_pTrue_gTrue]
	 Logging test loss: 7.4214e-06 [MSELoss(): t(0,0)_r(5,20)_combi_pTrue_gTrue]
	 Logging test loss: 0.0015691288 [MSELoss(): t(0,0)_r(5,20)_semi_pTrue_gTrue]
	 Logging test loss: 3.142e-07 [MSELoss(): t(0,0)_r(5,20)_full_pTrue_gTrue]
	 Logging test loss: 8.7671e-06 [MSELoss(): t(0,0)_r(5,20)_tennis_pTrue_gTrue]
		--> Epoch time; 31.5099196434021
Epoch 8/9
	 Logging train Loss: 4.3504e-06 [MSELoss(): t(0,0)_r(5,20)_combi_pTrue_gTrue]
	 Logging test loss: 4.5837e-06 [MSELoss(): t(0,0)_r(5,20)_combi_pTrue_gTrue]
	 Logging test loss: 0.0015437596 [MSELoss(): t(0,0)_r(5,20)_semi_pTrue_gTrue]
	 Logging test loss: 7.8e-08 [MSELoss(): t(0,0)_r(5,20)_full_pTrue_gTrue]
	 Logging test loss: 2.9923e-06 [MSELoss(): t(0,0)_r(5,20)_tennis_pTrue_gTrue]
		--> Epoch time; 31.15847873687744
Epoch 9/9
	 Logging train Loss: 4.0265e-06 [MSELoss(): t(0,0)_r(5,20)_combi_pTrue_gTrue]
	 Logging test loss: 4.3356e-06 [MSELoss(): t(0,0)_r(5,20)_combi_pTrue_gTrue]
	 Logging test loss: 0.0015167275 [MSELoss(): t(0,0)_r(5,20)_semi_pTrue_gTrue]
	 Logging test loss: 9.26e-08 [MSELoss(): t(0,0)_r(5,20)_full_pTrue_gTrue]
	 Logging test loss: 3.2569e-06 [MSELoss(): t(0,0)_r(5,20)_tennis_pTrue_gTrue]
		--> Epoch time; 30.740201234817505
Saved model in  trained_models/gru/data_t(0,0)_r(5,20)_combi_pTrue_gTrue/'quat_1'_'False'.pth
It took  431.2365198135376  seconds.
----- ITERATION 9/10 ------
Number of train simulations:  1920
Number of test simulations:  480
The dataloader for data/data_t(0,0)_r(5,20)_combi_pTrue_gTrue took 50.823665142059326 seconds.
-- Finished Train Dataloader --
The dataloader for data/data_t(0,0)_r(5,20)_combi_pTrue_gTrue took 12.713313579559326 seconds.
The dataloader for data/data_t(0,0)_r(5,20)_semi_pTrue_gTrue took 12.72281527519226 seconds.
The dataloader for data/data_t(0,0)_r(5,20)_full_pTrue_gTrue took 12.725682973861694 seconds.
The dataloader for data/data_t(0,0)_r(5,20)_tennis_pTrue_gTrue took 12.691011190414429 seconds.
-- Finished Test Dataloader(s) --
GRU(
  (rnn): GRU(7, 96, batch_first=True)
  (fc): Linear(in_features=96, out_features=7, bias=True)
)
Datatype: quat_1
-- Started Training --
Epoch 0/9
	 Logging train Loss: 0.0004660788 [MSELoss(): t(0,0)_r(5,20)_combi_pTrue_gTrue]
	 Logging test loss: 2.07656e-05 [MSELoss(): t(0,0)_r(5,20)_combi_pTrue_gTrue]
	 Logging test loss: 0.0006797783 [MSELoss(): t(0,0)_r(5,20)_semi_pTrue_gTrue]
	 Logging test loss: 6.85e-07 [MSELoss(): t(0,0)_r(5,20)_full_pTrue_gTrue]
	 Logging test loss: 2.41176e-05 [MSELoss(): t(0,0)_r(5,20)_tennis_pTrue_gTrue]
		--> Epoch time; 31.334306240081787
Epoch 1/9
	 Logging train Loss: 2.42302e-05 [MSELoss(): t(0,0)_r(5,20)_combi_pTrue_gTrue]
	 Logging test loss: 1.01042e-05 [MSELoss(): t(0,0)_r(5,20)_combi_pTrue_gTrue]
	 Logging test loss: 0.0006443455 [MSELoss(): t(0,0)_r(5,20)_semi_pTrue_gTrue]
	 Logging test loss: 2.612e-07 [MSELoss(): t(0,0)_r(5,20)_full_pTrue_gTrue]
	 Logging test loss: 9.9685e-06 [MSELoss(): t(0,0)_r(5,20)_tennis_pTrue_gTrue]
		--> Epoch time; 31.29612445831299
Epoch 2/9
	 Logging train Loss: 1.81461e-05 [MSELoss(): t(0,0)_r(5,20)_combi_pTrue_gTrue]
	 Logging test loss: 7.8586e-06 [MSELoss(): t(0,0)_r(5,20)_combi_pTrue_gTrue]
	 Logging test loss: 0.0006454249 [MSELoss(): t(0,0)_r(5,20)_semi_pTrue_gTrue]
	 Logging test loss: 1.941e-07 [MSELoss(): t(0,0)_r(5,20)_full_pTrue_gTrue]
	 Logging test loss: 8.2722e-06 [MSELoss(): t(0,0)_r(5,20)_tennis_pTrue_gTrue]
		--> Epoch time; 31.47713828086853
Epoch 3/9
	 Logging train Loss: 1.47758e-05 [MSELoss(): t(0,0)_r(5,20)_combi_pTrue_gTrue]
	 Logging test loss: 6.6213e-06 [MSELoss(): t(0,0)_r(5,20)_combi_pTrue_gTrue]
	 Logging test loss: 0.0006151507 [MSELoss(): t(0,0)_r(5,20)_semi_pTrue_gTrue]
	 Logging test loss: 2.051e-07 [MSELoss(): t(0,0)_r(5,20)_full_pTrue_gTrue]
	 Logging test loss: 7.8939e-06 [MSELoss(): t(0,0)_r(5,20)_tennis_pTrue_gTrue]
		--> Epoch time; 31.355935096740723
Epoch 4/9
	 Logging train Loss: 1.10706e-05 [MSELoss(): t(0,0)_r(5,20)_combi_pTrue_gTrue]
	 Logging test loss: 1.16062e-05 [MSELoss(): t(0,0)_r(5,20)_combi_pTrue_gTrue]
	 Logging test loss: 0.0006231634 [MSELoss(): t(0,0)_r(5,20)_semi_pTrue_gTrue]
	 Logging test loss: 5.069e-07 [MSELoss(): t(0,0)_r(5,20)_full_pTrue_gTrue]
	 Logging test loss: 1.87474e-05 [MSELoss(): t(0,0)_r(5,20)_tennis_pTrue_gTrue]
		--> Epoch time; 31.465744972229004
Epoch 5/9
	 Logging train Loss: 7.5384e-06 [MSELoss(): t(0,0)_r(5,20)_combi_pTrue_gTrue]
	 Logging test loss: 2.4414e-06 [MSELoss(): t(0,0)_r(5,20)_combi_pTrue_gTrue]
	 Logging test loss: 0.0005736213 [MSELoss(): t(0,0)_r(5,20)_semi_pTrue_gTrue]
	 Logging test loss: 7.83e-08 [MSELoss(): t(0,0)_r(5,20)_full_pTrue_gTrue]
	 Logging test loss: 3.055e-06 [MSELoss(): t(0,0)_r(5,20)_tennis_pTrue_gTrue]
		--> Epoch time; 31.40049147605896
Epoch 6/9
	 Logging train Loss: 5.9868e-06 [MSELoss(): t(0,0)_r(5,20)_combi_pTrue_gTrue]
	 Logging test loss: 2.0221e-06 [MSELoss(): t(0,0)_r(5,20)_combi_pTrue_gTrue]
	 Logging test loss: 0.0005633318 [MSELoss(): t(0,0)_r(5,20)_semi_pTrue_gTrue]
	 Logging test loss: 8.03e-08 [MSELoss(): t(0,0)_r(5,20)_full_pTrue_gTrue]
	 Logging test loss: 2.4379e-06 [MSELoss(): t(0,0)_r(5,20)_tennis_pTrue_gTrue]
		--> Epoch time; 31.28833317756653
Epoch 7/9
	 Logging train Loss: 5.1863e-06 [MSELoss(): t(0,0)_r(5,20)_combi_pTrue_gTrue]
	 Logging test loss: 2.2443e-06 [MSELoss(): t(0,0)_r(5,20)_combi_pTrue_gTrue]
	 Logging test loss: 0.0005569797 [MSELoss(): t(0,0)_r(5,20)_semi_pTrue_gTrue]
	 Logging test loss: 7.95e-08 [MSELoss(): t(0,0)_r(5,20)_full_pTrue_gTrue]
	 Logging test loss: 2.9394e-06 [MSELoss(): t(0,0)_r(5,20)_tennis_pTrue_gTrue]
		--> Epoch time; 31.538659811019897
Epoch 8/9
	 Logging train Loss: 4.2759e-06 [MSELoss(): t(0,0)_r(5,20)_combi_pTrue_gTrue]
	 Logging test loss: 2.193e-06 [MSELoss(): t(0,0)_r(5,20)_combi_pTrue_gTrue]
	 Logging test loss: 0.0005512505 [MSELoss(): t(0,0)_r(5,20)_semi_pTrue_gTrue]
	 Logging test loss: 9.72e-08 [MSELoss(): t(0,0)_r(5,20)_full_pTrue_gTrue]
	 Logging test loss: 2.9912e-06 [MSELoss(): t(0,0)_r(5,20)_tennis_pTrue_gTrue]
		--> Epoch time; 31.11255669593811
Epoch 9/9
	 Logging train Loss: 4.1598e-06 [MSELoss(): t(0,0)_r(5,20)_combi_pTrue_gTrue]
	 Logging test loss: 1.8741e-06 [MSELoss(): t(0,0)_r(5,20)_combi_pTrue_gTrue]
	 Logging test loss: 0.0005490099 [MSELoss(): t(0,0)_r(5,20)_semi_pTrue_gTrue]
	 Logging test loss: 7.85e-08 [MSELoss(): t(0,0)_r(5,20)_full_pTrue_gTrue]
	 Logging test loss: 2.4367e-06 [MSELoss(): t(0,0)_r(5,20)_tennis_pTrue_gTrue]
		--> Epoch time; 30.980437517166138
Saved model in  trained_models/gru/data_t(0,0)_r(5,20)_combi_pTrue_gTrue/'quat_1'_'False'.pth
It took  428.9820728302002  seconds.
----- ITERATION 10/10 ------
Number of train simulations:  1920
Number of test simulations:  480
The dataloader for data/data_t(0,0)_r(5,20)_combi_pTrue_gTrue took 49.70589542388916 seconds.
-- Finished Train Dataloader --
The dataloader for data/data_t(0,0)_r(5,20)_combi_pTrue_gTrue took 12.532212257385254 seconds.
The dataloader for data/data_t(0,0)_r(5,20)_semi_pTrue_gTrue took 12.71748399734497 seconds.
The dataloader for data/data_t(0,0)_r(5,20)_full_pTrue_gTrue took 12.734005451202393 seconds.
The dataloader for data/data_t(0,0)_r(5,20)_tennis_pTrue_gTrue took 12.68992304801941 seconds.
-- Finished Test Dataloader(s) --
GRU(
  (rnn): GRU(7, 96, batch_first=True)
  (fc): Linear(in_features=96, out_features=7, bias=True)
)
Datatype: quat_1
-- Started Training --
Epoch 0/9
	 Logging train Loss: 0.000391619 [MSELoss(): t(0,0)_r(5,20)_combi_pTrue_gTrue]
	 Logging test loss: 3.11252e-05 [MSELoss(): t(0,0)_r(5,20)_combi_pTrue_gTrue]
	 Logging test loss: 0.0001928338 [MSELoss(): t(0,0)_r(5,20)_semi_pTrue_gTrue]
wandb: Waiting for W&B process to finish... (success).
wandb: 
wandb: Run history:
wandb:                                       Epoch â–â–‚â–ƒâ–ƒâ–„â–…â–†â–†â–‡â–ˆ
wandb:  Test loss t(0,0)_r(5,20)_combi_pTrue_gTrue â–ˆâ–…â–„â–„â–‚â–â–â–‚â–â–
wandb:   Test loss t(0,0)_r(5,20)_full_pTrue_gTrue â–ˆâ–…â–„â–…â–‚â–â–â–ƒâ–â–
wandb:   Test loss t(0,0)_r(5,20)_semi_pTrue_gTrue â–ˆâ–…â–„â–„â–ƒâ–‚â–‚â–‚â–â–
wandb: Test loss t(0,0)_r(5,20)_tennis_pTrue_gTrue â–ˆâ–…â–ƒâ–„â–‚â–â–â–‚â–â–
wandb:                                  Train loss â–ˆâ–â–â–â–â–â–â–â–â–
wandb: 
wandb: Run summary:
wandb:                                       Epoch 9
wandb:  Test loss t(0,0)_r(5,20)_combi_pTrue_gTrue 1e-05
wandb:   Test loss t(0,0)_r(5,20)_full_pTrue_gTrue 0.0
wandb:   Test loss t(0,0)_r(5,20)_semi_pTrue_gTrue 5e-05
wandb: Test loss t(0,0)_r(5,20)_tennis_pTrue_gTrue 0.0
wandb:                                  Train loss 0.0
wandb: 
wandb: ðŸš€ View run apricot-dawn-332 at: https://wandb.ai/nreints/ThesisFinal2Grav%2Bcoll/runs/yt9c8mcw
wandb: Synced 7 W&B file(s), 0 media file(s), 4 artifact file(s) and 1 other file(s)
wandb: Find logs at: ./wandb/run-20230716_135525-yt9c8mcw/logs
	 Logging test loss: 7.461e-07 [MSELoss(): t(0,0)_r(5,20)_full_pTrue_gTrue]
	 Logging test loss: 3.21447e-05 [MSELoss(): t(0,0)_r(5,20)_tennis_pTrue_gTrue]
		--> Epoch time; 31.22598361968994
Epoch 1/9
	 Logging train Loss: 2.32477e-05 [MSELoss(): t(0,0)_r(5,20)_combi_pTrue_gTrue]
	 Logging test loss: 2.08167e-05 [MSELoss(): t(0,0)_r(5,20)_combi_pTrue_gTrue]
	 Logging test loss: 0.0001370996 [MSELoss(): t(0,0)_r(5,20)_semi_pTrue_gTrue]
	 Logging test loss: 4.917e-07 [MSELoss(): t(0,0)_r(5,20)_full_pTrue_gTrue]
	 Logging test loss: 2.04768e-05 [MSELoss(): t(0,0)_r(5,20)_tennis_pTrue_gTrue]
		--> Epoch time; 31.45175576210022
Epoch 2/9
	 Logging train Loss: 1.67917e-05 [MSELoss(): t(0,0)_r(5,20)_combi_pTrue_gTrue]
	 Logging test loss: 1.52204e-05 [MSELoss(): t(0,0)_r(5,20)_combi_pTrue_gTrue]
	 Logging test loss: 0.0001149726 [MSELoss(): t(0,0)_r(5,20)_semi_pTrue_gTrue]
	 Logging test loss: 3.302e-07 [MSELoss(): t(0,0)_r(5,20)_full_pTrue_gTrue]
	 Logging test loss: 1.32122e-05 [MSELoss(): t(0,0)_r(5,20)_tennis_pTrue_gTrue]
		--> Epoch time; 31.307562351226807
Epoch 3/9
	 Logging train Loss: 1.26723e-05 [MSELoss(): t(0,0)_r(5,20)_combi_pTrue_gTrue]
	 Logging test loss: 1.58834e-05 [MSELoss(): t(0,0)_r(5,20)_combi_pTrue_gTrue]
	 Logging test loss: 0.0001049095 [MSELoss(): t(0,0)_r(5,20)_semi_pTrue_gTrue]
	 Logging test loss: 4.328e-07 [MSELoss(): t(0,0)_r(5,20)_full_pTrue_gTrue]
	 Logging test loss: 1.70011e-05 [MSELoss(): t(0,0)_r(5,20)_tennis_pTrue_gTrue]
		--> Epoch time; 31.35497236251831
Epoch 4/9
	 Logging train Loss: 8.7804e-06 [MSELoss(): t(0,0)_r(5,20)_combi_pTrue_gTrue]
	 Logging test loss: 8.9606e-06 [MSELoss(): t(0,0)_r(5,20)_combi_pTrue_gTrue]
	 Logging test loss: 7.92332e-05 [MSELoss(): t(0,0)_r(5,20)_semi_pTrue_gTrue]
	 Logging test loss: 1.368e-07 [MSELoss(): t(0,0)_r(5,20)_full_pTrue_gTrue]
	 Logging test loss: 5.2126e-06 [MSELoss(): t(0,0)_r(5,20)_tennis_pTrue_gTrue]
		--> Epoch time; 31.295288562774658
Epoch 5/9
	 Logging train Loss: 6.5548e-06 [MSELoss(): t(0,0)_r(5,20)_combi_pTrue_gTrue]
	 Logging test loss: 7.3029e-06 [MSELoss(): t(0,0)_r(5,20)_combi_pTrue_gTrue]
	 Logging test loss: 7.08246e-05 [MSELoss(): t(0,0)_r(5,20)_semi_pTrue_gTrue]
	 Logging test loss: 6.67e-08 [MSELoss(): t(0,0)_r(5,20)_full_pTrue_gTrue]
	 Logging test loss: 2.7069e-06 [MSELoss(): t(0,0)_r(5,20)_tennis_pTrue_gTrue]
		--> Epoch time; 31.565340280532837
Epoch 6/9
	 Logging train Loss: 4.7517e-06 [MSELoss(): t(0,0)_r(5,20)_combi_pTrue_gTrue]
	 Logging test loss: 7.196e-06 [MSELoss(): t(0,0)_r(5,20)_combi_pTrue_gTrue]
	 Logging test loss: 6.2922e-05 [MSELoss(): t(0,0)_r(5,20)_semi_pTrue_gTrue]
	 Logging test loss: 8.37e-08 [MSELoss(): t(0,0)_r(5,20)_full_pTrue_gTrue]
	 Logging test loss: 3.1878e-06 [MSELoss(): t(0,0)_r(5,20)_tennis_pTrue_gTrue]
		--> Epoch time; 31.252339839935303
Epoch 7/9
	 Logging train Loss: 4.2752e-06 [MSELoss(): t(0,0)_r(5,20)_combi_pTrue_gTrue]
	 Logging test loss: 8.7747e-06 [MSELoss(): t(0,0)_r(5,20)_combi_pTrue_gTrue]
	 Logging test loss: 6.05186e-05 [MSELoss(): t(0,0)_r(5,20)_semi_pTrue_gTrue]
	 Logging test loss: 2.616e-07 [MSELoss(): t(0,0)_r(5,20)_full_pTrue_gTrue]
	 Logging test loss: 7.0324e-06 [MSELoss(): t(0,0)_r(5,20)_tennis_pTrue_gTrue]
		--> Epoch time; 31.459399223327637
Epoch 8/9
	 Logging train Loss: 3.6749e-06 [MSELoss(): t(0,0)_r(5,20)_combi_pTrue_gTrue]
	 Logging test loss: 6.2461e-06 [MSELoss(): t(0,0)_r(5,20)_combi_pTrue_gTrue]
	 Logging test loss: 5.12055e-05 [MSELoss(): t(0,0)_r(5,20)_semi_pTrue_gTrue]
	 Logging test loss: 1.13e-07 [MSELoss(): t(0,0)_r(5,20)_full_pTrue_gTrue]
	 Logging test loss: 3.4082e-06 [MSELoss(): t(0,0)_r(5,20)_tennis_pTrue_gTrue]
		--> Epoch time; 31.10759997367859
Epoch 9/9
	 Logging train Loss: 3.4077e-06 [MSELoss(): t(0,0)_r(5,20)_combi_pTrue_gTrue]
	 Logging test loss: 5.5391e-06 [MSELoss(): t(0,0)_r(5,20)_combi_pTrue_gTrue]
	 Logging test loss: 4.60118e-05 [MSELoss(): t(0,0)_r(5,20)_semi_pTrue_gTrue]
	 Logging test loss: 7.29e-08 [MSELoss(): t(0,0)_r(5,20)_full_pTrue_gTrue]
	 Logging test loss: 2.8737e-06 [MSELoss(): t(0,0)_r(5,20)_tennis_pTrue_gTrue]
		--> Epoch time; 30.950260400772095
Saved model in  trained_models/gru/data_t(0,0)_r(5,20)_combi_pTrue_gTrue/'quat_1'_'False'.pth
It took  426.1689987182617  seconds.

JOB STATISTICS
==============
Job ID: 3081673
Array Job ID: 3081615_59
Cluster: snellius
User/Group: nreints/nreints
State: RUNNING
Nodes: 1
Cores per node: 18
CPU Utilized: 01:18:26
CPU Efficiency: 6.09% of 21:27:18 core-walltime
Job Wall-clock time: 01:11:31
Memory Utilized: 8.13 GB
Memory Efficiency: 0.00% of 0.00 MB
WARNING: Efficiency statistics may be misleading for RUNNING jobs.
