wandb: Currently logged in as: nreints. Use `wandb login --relogin` to force relogin
wandb: wandb version 0.15.5 is available!  To upgrade, please run:
wandb:  $ pip install wandb --upgrade
wandb: Tracking run with wandb version 0.14.0
wandb: Run data is saved locally in /gpfs/home2/nreints/MScThesis/code/wandb/run-20230710_190454-oyie4k70
wandb: Run `wandb offline` to turn off syncing.
wandb: Syncing run fragrant-waterfall-1393
wandb: â­ï¸ View project at https://wandb.ai/nreints/ThesisFinal2
wandb: ðŸš€ View run at https://wandb.ai/nreints/ThesisFinal2/runs/oyie4k70
wandb: Waiting for W&B process to finish... (success).
wandb: 
wandb: Run history:
wandb:                                       Epoch â–â–‚â–ƒâ–ƒâ–„â–…â–†â–†â–‡â–ˆ
wandb:   Test loss t(0,0)_r(0,0)_combi_pNone_gTrue â–ˆâ–‚â–â–â–â–â–â–â–â–
wandb:   Test loss t(0,0)_r(0,0)_combi_pTrue_gTrue â–ˆâ–‚â–â–â–â–â–â–â–â–
wandb: Test loss t(5,20)_r(5,20)_combi_pNone_gNone â–ˆâ–‚â–â–â–â–â–â–â–â–
wandb:   Test loss tennis_pNone_gNone_tennisEffect â–ˆâ–‚â–‚â–â–â–â–â–â–â–
wandb:                                  Train loss â–ˆâ–â–â–â–â–â–â–â–â–
wandb: 
wandb: Run summary:
wandb:                                       Epoch 9
wandb:   Test loss t(0,0)_r(0,0)_combi_pNone_gTrue 0.0
wandb:   Test loss t(0,0)_r(0,0)_combi_pTrue_gTrue 0.0
wandb: Test loss t(5,20)_r(5,20)_combi_pNone_gNone 0.0
wandb:   Test loss tennis_pNone_gNone_tennisEffect 2e-05
wandb:                                  Train loss 0.0
wandb: 
wandb: ðŸš€ View run fragrant-waterfall-1393 at: https://wandb.ai/nreints/ThesisFinal2/runs/oyie4k70
wandb: Synced 7 W&B file(s), 0 media file(s), 4 artifact file(s) and 1 other file(s)
wandb: Find logs at: ./wandb/run-20230710_190454-oyie4k70/logs
wandb: - Waiting for wandb.init()...wandb: \ Waiting for wandb.init()...wandb: | Waiting for wandb.init()...wandb: wandb version 0.15.5 is available!  To upgrade, please run:
wandb:  $ pip install wandb --upgrade
wandb: Tracking run with wandb version 0.14.0
wandb: Run data is saved locally in /gpfs/home2/nreints/MScThesis/code/wandb/run-20230710_191325-v0y5b3gd
wandb: Run `wandb offline` to turn off syncing.
wandb: Syncing run genial-durian-1400
wandb: â­ï¸ View project at https://wandb.ai/nreints/ThesisFinal2
wandb: ðŸš€ View run at https://wandb.ai/nreints/ThesisFinal2/runs/v0y5b3gd
Training on dataset: data_t(5,20)_r(5,20)_combi_pNone_gNone
Testing on 4 datasets: ['data_t(0,0)_r(0,0)_combi_pNone_gTrue', 'data_tennis_pNone_gNone_tennisEffect', 'data_t(5,20)_r(5,20)_combi_pNone_gNone', 'data_t(0,0)_r(0,0)_combi_pTrue_gTrue']
Focussing on identity: False
Using extra input: True
Using fr-fr as reference point.
----- ITERATION 1/10 ------
Number of train simulations:  1920
Number of test simulations:  480
The dataloader for data/data_t(5,20)_r(5,20)_combi_pNone_gNone took 59.75124645233154 seconds.
-- Finished Train Dataloader --
The dataloader for data/data_t(0,0)_r(0,0)_combi_pNone_gTrue took 14.890669345855713 seconds.
The dataloader for data/data_tennis_pNone_gNone_tennisEffect took 15.137922286987305 seconds.
The dataloader for data/data_t(5,20)_r(5,20)_combi_pNone_gNone took 14.462543487548828 seconds.
The dataloader for data/data_t(0,0)_r(0,0)_combi_pTrue_gTrue took 15.197693109512329 seconds.
-- Finished Test Dataloader(s) --
GRU(
  (rnn): GRU(6, 96, batch_first=True)
  (pre_hidden_lin_layer): Sequential(
    (0): Linear(in_features=3, out_features=96, bias=True)
    (1): ReLU()
    (2): Linear(in_features=96, out_features=96, bias=True)
    (3): ReLU()
  )
  (fc): Linear(in_features=96, out_features=6, bias=True)
)
Datatype: log_dualQ_1
-- Started Training --
Epoch 0/9
	 Logging train Loss: 0.0008786845 [MSELoss(): t(5,20)_r(5,20)_combi_pNone_gNone]
	 Logging test loss: 0.0003557579 [MSELoss(): t(0,0)_r(0,0)_combi_pNone_gTrue]
	 Logging test loss: 0.000449286 [MSELoss(): tennis_pNone_gNone_tennisEffect]
	 Logging test loss: 6.58075e-05 [MSELoss(): t(5,20)_r(5,20)_combi_pNone_gNone]
	 Logging test loss: 0.0002962775 [MSELoss(): t(0,0)_r(0,0)_combi_pTrue_gTrue]
		--> Epoch time; 38.395050287246704
Epoch 1/9
	 Logging train Loss: 3.39412e-05 [MSELoss(): t(5,20)_r(5,20)_combi_pNone_gNone]
	 Logging test loss: 6.02746e-05 [MSELoss(): t(0,0)_r(0,0)_combi_pNone_gTrue]
	 Logging test loss: 0.0001041951 [MSELoss(): tennis_pNone_gNone_tennisEffect]
	 Logging test loss: 1.44792e-05 [MSELoss(): t(5,20)_r(5,20)_combi_pNone_gNone]
	 Logging test loss: 5.00196e-05 [MSELoss(): t(0,0)_r(0,0)_combi_pTrue_gTrue]
		--> Epoch time; 37.48239183425903
Epoch 2/9
	 Logging train Loss: 1.07925e-05 [MSELoss(): t(5,20)_r(5,20)_combi_pNone_gNone]
	 Logging test loss: 2.32012e-05 [MSELoss(): t(0,0)_r(0,0)_combi_pNone_gTrue]
	 Logging test loss: 5.48789e-05 [MSELoss(): tennis_pNone_gNone_tennisEffect]
	 Logging test loss: 6.135e-06 [MSELoss(): t(5,20)_r(5,20)_combi_pNone_gNone]
	 Logging test loss: 2.05609e-05 [MSELoss(): t(0,0)_r(0,0)_combi_pTrue_gTrue]
		--> Epoch time; 37.21623158454895
Epoch 3/9
	 Logging train Loss: 7.6928e-06 [MSELoss(): t(5,20)_r(5,20)_combi_pNone_gNone]
	 Logging test loss: 1.6192e-05 [MSELoss(): t(0,0)_r(0,0)_combi_pNone_gTrue]
	 Logging test loss: 4.36098e-05 [MSELoss(): tennis_pNone_gNone_tennisEffect]
	 Logging test loss: 4.9462e-06 [MSELoss(): t(5,20)_r(5,20)_combi_pNone_gNone]
	 Logging test loss: 1.44334e-05 [MSELoss(): t(0,0)_r(0,0)_combi_pTrue_gTrue]
		--> Epoch time; 37.18466305732727
Epoch 4/9
	 Logging train Loss: 7.4753e-06 [MSELoss(): t(5,20)_r(5,20)_combi_pNone_gNone]
	 Logging test loss: 1.32734e-05 [MSELoss(): t(0,0)_r(0,0)_combi_pNone_gTrue]
	 Logging test loss: 4.13119e-05 [MSELoss(): tennis_pNone_gNone_tennisEffect]
	 Logging test loss: 5.0765e-06 [MSELoss(): t(5,20)_r(5,20)_combi_pNone_gNone]
	 Logging test loss: 1.1945e-05 [MSELoss(): t(0,0)_r(0,0)_combi_pTrue_gTrue]
		--> Epoch time; 37.341891050338745
Epoch 5/9
	 Logging train Loss: 6.5557e-06 [MSELoss(): t(5,20)_r(5,20)_combi_pNone_gNone]
	 Logging test loss: 8.6298e-06 [MSELoss(): t(0,0)_r(0,0)_combi_pNone_gTrue]
	 Logging test loss: 3.42245e-05 [MSELoss(): tennis_pNone_gNone_tennisEffect]
	 Logging test loss: 3.9754e-06 [MSELoss(): t(5,20)_r(5,20)_combi_pNone_gNone]
	 Logging test loss: 7.7457e-06 [MSELoss(): t(0,0)_r(0,0)_combi_pTrue_gTrue]
		--> Epoch time; 37.09825611114502
Epoch 6/9
	 Logging train Loss: 5.4458e-06 [MSELoss(): t(5,20)_r(5,20)_combi_pNone_gNone]
	 Logging test loss: 7.5624e-06 [MSELoss(): t(0,0)_r(0,0)_combi_pNone_gTrue]
	 Logging test loss: 3.42875e-05 [MSELoss(): tennis_pNone_gNone_tennisEffect]
	 Logging test loss: 5.3039e-06 [MSELoss(): t(5,20)_r(5,20)_combi_pNone_gNone]
	 Logging test loss: 6.8756e-06 [MSELoss(): t(0,0)_r(0,0)_combi_pTrue_gTrue]
		--> Epoch time; 37.38178753852844
Epoch 7/9
	 Logging train Loss: 5.0445e-06 [MSELoss(): t(5,20)_r(5,20)_combi_pNone_gNone]
	 Logging test loss: 6.4474e-06 [MSELoss(): t(0,0)_r(0,0)_combi_pNone_gTrue]
	 Logging test loss: 3.30867e-05 [MSELoss(): tennis_pNone_gNone_tennisEffect]
	 Logging test loss: 5.8651e-06 [MSELoss(): t(5,20)_r(5,20)_combi_pNone_gNone]
	 Logging test loss: 6.193e-06 [MSELoss(): t(0,0)_r(0,0)_combi_pTrue_gTrue]
		--> Epoch time; 37.315096378326416
Epoch 8/9
	 Logging train Loss: 4.4438e-06 [MSELoss(): t(5,20)_r(5,20)_combi_pNone_gNone]
	 Logging test loss: 2.6023e-06 [MSELoss(): t(0,0)_r(0,0)_combi_pNone_gTrue]
	 Logging test loss: 2.49894e-05 [MSELoss(): tennis_pNone_gNone_tennisEffect]
	 Logging test loss: 3.3273e-06 [MSELoss(): t(5,20)_r(5,20)_combi_pNone_gNone]
	 Logging test loss: 2.4143e-06 [MSELoss(): t(0,0)_r(0,0)_combi_pTrue_gTrue]
		--> Epoch time; 37.3836784362793
Epoch 9/9
	 Logging train Loss: 3.9316e-06 [MSELoss(): t(5,20)_r(5,20)_combi_pNone_gNone]
	 Logging test loss: 2.8613e-06 [MSELoss(): t(0,0)_r(0,0)_combi_pNone_gTrue]
	 Logging test loss: 2.32854e-05 [MSELoss(): tennis_pNone_gNone_tennisEffect]
	 Logging test loss: 3.0937e-06 [MSELoss(): t(5,20)_r(5,20)_combi_pNone_gNone]
	 Logging test loss: 2.6999e-06 [MSELoss(): t(0,0)_r(0,0)_combi_pTrue_gTrue]
		--> Epoch time; 37.3156795501709
Saved model in  trained_models/gru/data_t(5,20)_r(5,20)_combi_pNone_gNone/'log_dualQ_1'_'True'.pth
It took  511.39476466178894  seconds.
----- ITERATION 2/10 ------
Number of train simulations:  1920
Number of test simulations:  480
The dataloader for data/data_t(5,20)_r(5,20)_combi_pNone_gNone took 52.75152540206909 seconds.
-- Finished Train Dataloader --
The dataloader for data/data_t(0,0)_r(0,0)_combi_pNone_gTrue took 13.194284915924072 seconds.
The dataloader for data/data_tennis_pNone_gNone_tennisEffect took 13.207158327102661 seconds.
The dataloader for data/data_t(5,20)_r(5,20)_combi_pNone_gNone took 13.222843647003174 seconds.
The dataloader for data/data_t(0,0)_r(0,0)_combi_pTrue_gTrue took 13.177701711654663 seconds.
-- Finished Test Dataloader(s) --
GRU(
  (rnn): GRU(6, 96, batch_first=True)
  (pre_hidden_lin_layer): Sequential(
    (0): Linear(in_features=3, out_features=96, bias=True)
    (1): ReLU()
    (2): Linear(in_features=96, out_features=96, bias=True)
    (3): ReLU()
  )
  (fc): Linear(in_features=96, out_features=6, bias=True)
)
Datatype: log_dualQ_1
-- Started Training --
Epoch 0/9
	 Logging train Loss: 0.0008082297 [MSELoss(): t(5,20)_r(5,20)_combi_pNone_gNone]
	 Logging test loss: 0.0004432113 [MSELoss(): t(0,0)_r(0,0)_combi_pNone_gTrue]
	 Logging test loss: 0.0005297537 [MSELoss(): tennis_pNone_gNone_tennisEffect]
	 Logging test loss: 6.81098e-05 [MSELoss(): t(5,20)_r(5,20)_combi_pNone_gNone]
	 Logging test loss: 0.0003780483 [MSELoss(): t(0,0)_r(0,0)_combi_pTrue_gTrue]
		--> Epoch time; 37.37040710449219
Epoch 1/9
	 Logging train Loss: 3.43664e-05 [MSELoss(): t(5,20)_r(5,20)_combi_pNone_gNone]
	 Logging test loss: 9.83992e-05 [MSELoss(): t(0,0)_r(0,0)_combi_pNone_gTrue]
	 Logging test loss: 0.0001351398 [MSELoss(): tennis_pNone_gNone_tennisEffect]
	 Logging test loss: 1.26196e-05 [MSELoss(): t(5,20)_r(5,20)_combi_pNone_gNone]
	 Logging test loss: 8.23291e-05 [MSELoss(): t(0,0)_r(0,0)_combi_pTrue_gTrue]
		--> Epoch time; 37.419909954071045
Epoch 2/9
	 Logging train Loss: 1.33977e-05 [MSELoss(): t(5,20)_r(5,20)_combi_pNone_gNone]
	 Logging test loss: 1.66685e-05 [MSELoss(): t(0,0)_r(0,0)_combi_pNone_gTrue]
	 Logging test loss: 5.86682e-05 [MSELoss(): tennis_pNone_gNone_tennisEffect]
	 Logging test loss: 5.8342e-06 [MSELoss(): t(5,20)_r(5,20)_combi_pNone_gNone]
	 Logging test loss: 1.46302e-05 [MSELoss(): t(0,0)_r(0,0)_combi_pTrue_gTrue]
		--> Epoch time; 37.158453941345215
Epoch 3/9
wandb: Waiting for W&B process to finish... (success).
wandb: 
wandb: Run history:
wandb:                                       Epoch â–â–‚â–ƒâ–ƒâ–„â–…â–†â–†â–‡â–ˆ
wandb:   Test loss t(0,0)_r(0,0)_combi_pNone_gTrue â–ˆâ–ƒâ–â–â–â–â–â–â–â–
wandb:   Test loss t(0,0)_r(0,0)_combi_pTrue_gTrue â–ˆâ–‚â–â–â–â–â–â–â–â–
wandb: Test loss t(5,20)_r(5,20)_combi_pNone_gNone â–ˆâ–‚â–â–â–â–â–â–â–â–‚
wandb:   Test loss tennis_pNone_gNone_tennisEffect â–ˆâ–‚â–â–â–â–â–â–â–â–
wandb:                                  Train loss â–ˆâ–â–â–â–â–â–â–â–â–
wandb: 
wandb: Run summary:
wandb:                                       Epoch 9
wandb:   Test loss t(0,0)_r(0,0)_combi_pNone_gTrue 1e-05
wandb:   Test loss t(0,0)_r(0,0)_combi_pTrue_gTrue 1e-05
wandb: Test loss t(5,20)_r(5,20)_combi_pNone_gNone 1e-05
wandb:   Test loss tennis_pNone_gNone_tennisEffect 4e-05
wandb:                                  Train loss 0.0
wandb: 
wandb: ðŸš€ View run genial-durian-1400 at: https://wandb.ai/nreints/ThesisFinal2/runs/v0y5b3gd
wandb: Synced 7 W&B file(s), 0 media file(s), 4 artifact file(s) and 1 other file(s)
wandb: Find logs at: ./wandb/run-20230710_191325-v0y5b3gd/logs
wandb: - Waiting for wandb.init()...wandb: \ Waiting for wandb.init()...wandb: wandb version 0.15.5 is available!  To upgrade, please run:
wandb:  $ pip install wandb --upgrade
wandb: Tracking run with wandb version 0.14.0
wandb: Run data is saved locally in /gpfs/home2/nreints/MScThesis/code/wandb/run-20230710_192141-k0stznug
wandb: Run `wandb offline` to turn off syncing.
wandb: Syncing run splendid-hill-1408
wandb: â­ï¸ View project at https://wandb.ai/nreints/ThesisFinal2
wandb: ðŸš€ View run at https://wandb.ai/nreints/ThesisFinal2/runs/k0stznug
	 Logging train Loss: 9.0104e-06 [MSELoss(): t(5,20)_r(5,20)_combi_pNone_gNone]
	 Logging test loss: 1.21404e-05 [MSELoss(): t(0,0)_r(0,0)_combi_pNone_gTrue]
	 Logging test loss: 5.28129e-05 [MSELoss(): tennis_pNone_gNone_tennisEffect]
	 Logging test loss: 5.6159e-06 [MSELoss(): t(5,20)_r(5,20)_combi_pNone_gNone]
	 Logging test loss: 1.07194e-05 [MSELoss(): t(0,0)_r(0,0)_combi_pTrue_gTrue]
		--> Epoch time; 37.2590765953064
Epoch 4/9
	 Logging train Loss: 8.6925e-06 [MSELoss(): t(5,20)_r(5,20)_combi_pNone_gNone]
	 Logging test loss: 1.0471e-05 [MSELoss(): t(0,0)_r(0,0)_combi_pNone_gTrue]
	 Logging test loss: 4.80107e-05 [MSELoss(): tennis_pNone_gNone_tennisEffect]
	 Logging test loss: 5.4531e-06 [MSELoss(): t(5,20)_r(5,20)_combi_pNone_gNone]
	 Logging test loss: 9.4869e-06 [MSELoss(): t(0,0)_r(0,0)_combi_pTrue_gTrue]
		--> Epoch time; 37.33865690231323
Epoch 5/9
	 Logging train Loss: 7.7687e-06 [MSELoss(): t(5,20)_r(5,20)_combi_pNone_gNone]
	 Logging test loss: 8.3248e-06 [MSELoss(): t(0,0)_r(0,0)_combi_pNone_gTrue]
	 Logging test loss: 4.51871e-05 [MSELoss(): tennis_pNone_gNone_tennisEffect]
	 Logging test loss: 5.6656e-06 [MSELoss(): t(5,20)_r(5,20)_combi_pNone_gNone]
	 Logging test loss: 7.8507e-06 [MSELoss(): t(0,0)_r(0,0)_combi_pTrue_gTrue]
		--> Epoch time; 37.19319987297058
Epoch 6/9
	 Logging train Loss: 6.8616e-06 [MSELoss(): t(5,20)_r(5,20)_combi_pNone_gNone]
	 Logging test loss: 5.6751e-06 [MSELoss(): t(0,0)_r(0,0)_combi_pNone_gTrue]
	 Logging test loss: 3.68194e-05 [MSELoss(): tennis_pNone_gNone_tennisEffect]
	 Logging test loss: 4.0868e-06 [MSELoss(): t(5,20)_r(5,20)_combi_pNone_gNone]
	 Logging test loss: 5.1817e-06 [MSELoss(): t(0,0)_r(0,0)_combi_pTrue_gTrue]
		--> Epoch time; 37.20231080055237
Epoch 7/9
	 Logging train Loss: 5.6468e-06 [MSELoss(): t(5,20)_r(5,20)_combi_pNone_gNone]
	 Logging test loss: 3.9017e-06 [MSELoss(): t(0,0)_r(0,0)_combi_pNone_gTrue]
	 Logging test loss: 3.32753e-05 [MSELoss(): tennis_pNone_gNone_tennisEffect]
	 Logging test loss: 3.6087e-06 [MSELoss(): t(5,20)_r(5,20)_combi_pNone_gNone]
	 Logging test loss: 3.5366e-06 [MSELoss(): t(0,0)_r(0,0)_combi_pTrue_gTrue]
		--> Epoch time; 37.19010901451111
Epoch 8/9
	 Logging train Loss: 5.0759e-06 [MSELoss(): t(5,20)_r(5,20)_combi_pNone_gNone]
	 Logging test loss: 4.4654e-06 [MSELoss(): t(0,0)_r(0,0)_combi_pNone_gTrue]
	 Logging test loss: 3.12593e-05 [MSELoss(): tennis_pNone_gNone_tennisEffect]
	 Logging test loss: 4.2735e-06 [MSELoss(): t(5,20)_r(5,20)_combi_pNone_gNone]
	 Logging test loss: 4.2878e-06 [MSELoss(): t(0,0)_r(0,0)_combi_pTrue_gTrue]
		--> Epoch time; 36.93395805358887
Epoch 9/9
	 Logging train Loss: 4.7505e-06 [MSELoss(): t(5,20)_r(5,20)_combi_pNone_gNone]
	 Logging test loss: 8.909e-06 [MSELoss(): t(0,0)_r(0,0)_combi_pNone_gTrue]
	 Logging test loss: 4.01192e-05 [MSELoss(): tennis_pNone_gNone_tennisEffect]
	 Logging test loss: 9.8442e-06 [MSELoss(): t(5,20)_r(5,20)_combi_pNone_gNone]
	 Logging test loss: 9.2505e-06 [MSELoss(): t(0,0)_r(0,0)_combi_pTrue_gTrue]
		--> Epoch time; 37.37893033027649
Saved model in  trained_models/gru/data_t(5,20)_r(5,20)_combi_pNone_gNone/'log_dualQ_1'_'True'.pth
It took  496.15342831611633  seconds.
----- ITERATION 3/10 ------
Number of train simulations:  1920
Number of test simulations:  480
The dataloader for data/data_t(5,20)_r(5,20)_combi_pNone_gNone took 53.8543062210083 seconds.
-- Finished Train Dataloader --
The dataloader for data/data_t(0,0)_r(0,0)_combi_pNone_gTrue took 13.178041696548462 seconds.
The dataloader for data/data_tennis_pNone_gNone_tennisEffect took 13.115641355514526 seconds.
The dataloader for data/data_t(5,20)_r(5,20)_combi_pNone_gNone took 13.176114082336426 seconds.
The dataloader for data/data_t(0,0)_r(0,0)_combi_pTrue_gTrue took 13.119990348815918 seconds.
-- Finished Test Dataloader(s) --
GRU(
  (rnn): GRU(6, 96, batch_first=True)
  (pre_hidden_lin_layer): Sequential(
    (0): Linear(in_features=3, out_features=96, bias=True)
    (1): ReLU()
    (2): Linear(in_features=96, out_features=96, bias=True)
    (3): ReLU()
  )
  (fc): Linear(in_features=96, out_features=6, bias=True)
)
Datatype: log_dualQ_1
-- Started Training --
Epoch 0/9
	 Logging train Loss: 0.0010565552 [MSELoss(): t(5,20)_r(5,20)_combi_pNone_gNone]
	 Logging test loss: 0.0003593973 [MSELoss(): t(0,0)_r(0,0)_combi_pNone_gTrue]
	 Logging test loss: 0.0005050016 [MSELoss(): tennis_pNone_gNone_tennisEffect]
	 Logging test loss: 6.61654e-05 [MSELoss(): t(5,20)_r(5,20)_combi_pNone_gNone]
	 Logging test loss: 0.0003054086 [MSELoss(): t(0,0)_r(0,0)_combi_pTrue_gTrue]
		--> Epoch time; 37.086265325546265
Epoch 1/9
	 Logging train Loss: 3.19955e-05 [MSELoss(): t(5,20)_r(5,20)_combi_pNone_gNone]
	 Logging test loss: 4.47837e-05 [MSELoss(): t(0,0)_r(0,0)_combi_pNone_gTrue]
	 Logging test loss: 0.0001023734 [MSELoss(): tennis_pNone_gNone_tennisEffect]
	 Logging test loss: 1.21852e-05 [MSELoss(): t(5,20)_r(5,20)_combi_pNone_gNone]
	 Logging test loss: 3.64379e-05 [MSELoss(): t(0,0)_r(0,0)_combi_pTrue_gTrue]
		--> Epoch time; 37.68177151679993
Epoch 2/9
	 Logging train Loss: 1.08054e-05 [MSELoss(): t(5,20)_r(5,20)_combi_pNone_gNone]
	 Logging test loss: 1.57301e-05 [MSELoss(): t(0,0)_r(0,0)_combi_pNone_gTrue]
	 Logging test loss: 6.78631e-05 [MSELoss(): tennis_pNone_gNone_tennisEffect]
	 Logging test loss: 8.9143e-06 [MSELoss(): t(5,20)_r(5,20)_combi_pNone_gNone]
	 Logging test loss: 1.36576e-05 [MSELoss(): t(0,0)_r(0,0)_combi_pTrue_gTrue]
		--> Epoch time; 37.34658718109131
Epoch 3/9
	 Logging train Loss: 1.10388e-05 [MSELoss(): t(5,20)_r(5,20)_combi_pNone_gNone]
	 Logging test loss: 1.91435e-05 [MSELoss(): t(0,0)_r(0,0)_combi_pNone_gTrue]
	 Logging test loss: 7.32018e-05 [MSELoss(): tennis_pNone_gNone_tennisEffect]
	 Logging test loss: 1.70266e-05 [MSELoss(): t(5,20)_r(5,20)_combi_pNone_gNone]
	 Logging test loss: 1.73077e-05 [MSELoss(): t(0,0)_r(0,0)_combi_pTrue_gTrue]
		--> Epoch time; 37.1729052066803
Epoch 4/9
	 Logging train Loss: 7.8497e-06 [MSELoss(): t(5,20)_r(5,20)_combi_pNone_gNone]
	 Logging test loss: 1.34707e-05 [MSELoss(): t(0,0)_r(0,0)_combi_pNone_gTrue]
	 Logging test loss: 5.92127e-05 [MSELoss(): tennis_pNone_gNone_tennisEffect]
	 Logging test loss: 1.0916e-05 [MSELoss(): t(5,20)_r(5,20)_combi_pNone_gNone]
	 Logging test loss: 1.21556e-05 [MSELoss(): t(0,0)_r(0,0)_combi_pTrue_gTrue]
		--> Epoch time; 37.29707217216492
Epoch 5/9
	 Logging train Loss: 7.1631e-06 [MSELoss(): t(5,20)_r(5,20)_combi_pNone_gNone]
	 Logging test loss: 1.41354e-05 [MSELoss(): t(0,0)_r(0,0)_combi_pNone_gTrue]
	 Logging test loss: 6.76052e-05 [MSELoss(): tennis_pNone_gNone_tennisEffect]
	 Logging test loss: 1.45134e-05 [MSELoss(): t(5,20)_r(5,20)_combi_pNone_gNone]
	 Logging test loss: 1.37161e-05 [MSELoss(): t(0,0)_r(0,0)_combi_pTrue_gTrue]
		--> Epoch time; 37.37828469276428
Epoch 6/9
	 Logging train Loss: 6.5297e-06 [MSELoss(): t(5,20)_r(5,20)_combi_pNone_gNone]
	 Logging test loss: 6.3717e-06 [MSELoss(): t(0,0)_r(0,0)_combi_pNone_gTrue]
	 Logging test loss: 4.09796e-05 [MSELoss(): tennis_pNone_gNone_tennisEffect]
	 Logging test loss: 6.2104e-06 [MSELoss(): t(5,20)_r(5,20)_combi_pNone_gNone]
	 Logging test loss: 5.6231e-06 [MSELoss(): t(0,0)_r(0,0)_combi_pTrue_gTrue]
		--> Epoch time; 37.368961572647095
Epoch 7/9
	 Logging train Loss: 5.7728e-06 [MSELoss(): t(5,20)_r(5,20)_combi_pNone_gNone]
	 Logging test loss: 4.3345e-06 [MSELoss(): t(0,0)_r(0,0)_combi_pNone_gTrue]
	 Logging test loss: 3.31112e-05 [MSELoss(): tennis_pNone_gNone_tennisEffect]
	 Logging test loss: 4.2243e-06 [MSELoss(): t(5,20)_r(5,20)_combi_pNone_gNone]
	 Logging test loss: 3.8102e-06 [MSELoss(): t(0,0)_r(0,0)_combi_pTrue_gTrue]
		--> Epoch time; 37.624966859817505
Epoch 8/9
	 Logging train Loss: 5.1449e-06 [MSELoss(): t(5,20)_r(5,20)_combi_pNone_gNone]
	 Logging test loss: 9.7807e-06 [MSELoss(): t(0,0)_r(0,0)_combi_pNone_gTrue]
	 Logging test loss: 4.89952e-05 [MSELoss(): tennis_pNone_gNone_tennisEffect]
	 Logging test loss: 1.30766e-05 [MSELoss(): t(5,20)_r(5,20)_combi_pNone_gNone]
	 Logging test loss: 1.0156e-05 [MSELoss(): t(0,0)_r(0,0)_combi_pTrue_gTrue]
		--> Epoch time; 37.6495361328125
Epoch 9/9
wandb: Waiting for W&B process to finish... (success).
wandb: 
wandb: Run history:
wandb:                                       Epoch â–â–‚â–ƒâ–ƒâ–„â–…â–†â–†â–‡â–ˆ
wandb:   Test loss t(0,0)_r(0,0)_combi_pNone_gTrue â–ˆâ–‚â–â–â–â–â–â–â–â–
wandb:   Test loss t(0,0)_r(0,0)_combi_pTrue_gTrue â–ˆâ–‚â–â–â–â–â–â–â–â–
wandb: Test loss t(5,20)_r(5,20)_combi_pNone_gNone â–ˆâ–‚â–‚â–‚â–‚â–‚â–â–â–‚â–
wandb:   Test loss tennis_pNone_gNone_tennisEffect â–ˆâ–‚â–‚â–‚â–â–‚â–â–â–â–
wandb:                                  Train loss â–ˆâ–â–â–â–â–â–â–â–â–
wandb: 
wandb: Run summary:
wandb:                                       Epoch 9
wandb:   Test loss t(0,0)_r(0,0)_combi_pNone_gTrue 0.0
wandb:   Test loss t(0,0)_r(0,0)_combi_pTrue_gTrue 0.0
wandb: Test loss t(5,20)_r(5,20)_combi_pNone_gNone 1e-05
wandb:   Test loss tennis_pNone_gNone_tennisEffect 3e-05
wandb:                                  Train loss 0.0
wandb: 
wandb: ðŸš€ View run splendid-hill-1408 at: https://wandb.ai/nreints/ThesisFinal2/runs/k0stznug
wandb: Synced 7 W&B file(s), 0 media file(s), 4 artifact file(s) and 1 other file(s)
wandb: Find logs at: ./wandb/run-20230710_192141-k0stznug/logs
wandb: - Waiting for wandb.init()...wandb: \ Waiting for wandb.init()...wandb: wandb version 0.15.5 is available!  To upgrade, please run:
wandb:  $ pip install wandb --upgrade
wandb: Tracking run with wandb version 0.14.0
wandb: Run data is saved locally in /gpfs/home2/nreints/MScThesis/code/wandb/run-20230710_192954-gnvplmwo
wandb: Run `wandb offline` to turn off syncing.
wandb: Syncing run splendid-deluge-1417
wandb: â­ï¸ View project at https://wandb.ai/nreints/ThesisFinal2
wandb: ðŸš€ View run at https://wandb.ai/nreints/ThesisFinal2/runs/gnvplmwo
wandb: Waiting for W&B process to finish... (success).
wandb: 
wandb: Run history:
wandb:                                       Epoch â–â–‚â–ƒâ–ƒâ–„â–…â–†â–†â–‡â–ˆ
wandb:   Test loss t(0,0)_r(0,0)_combi_pNone_gTrue â–ˆâ–‚â–â–â–‚â–â–â–â–â–
wandb:   Test loss t(0,0)_r(0,0)_combi_pTrue_gTrue â–ˆâ–‚â–â–â–‚â–â–â–â–â–
wandb: Test loss t(5,20)_r(5,20)_combi_pNone_gNone â–ˆâ–ƒâ–‚â–‚â–ƒâ–â–â–â–â–
wandb:   Test loss tennis_pNone_gNone_tennisEffect â–ˆâ–ƒâ–‚â–‚â–‚â–â–â–â–â–
wandb:                                  Train loss â–ˆâ–â–â–â–â–â–â–â–â–
wandb: 
wandb: Run summary:
wandb:                                       Epoch 9
wandb:   Test loss t(0,0)_r(0,0)_combi_pNone_gTrue 0.0
wandb:   Test loss t(0,0)_r(0,0)_combi_pTrue_gTrue 0.0
wandb: Test loss t(5,20)_r(5,20)_combi_pNone_gNone 0.0
wandb:   Test loss tennis_pNone_gNone_tennisEffect 3e-05
wandb:                                  Train loss 1e-05
wandb: 
wandb: ðŸš€ View run splendid-deluge-1417 at: https://wandb.ai/nreints/ThesisFinal2/runs/gnvplmwo
wandb: Synced 7 W&B file(s), 0 media file(s), 4 artifact file(s) and 1 other file(s)
wandb: Find logs at: ./wandb/run-20230710_192954-gnvplmwo/logs
wandb: - Waiting for wandb.init()...wandb: \ Waiting for wandb.init()...wandb: wandb version 0.15.5 is available!  To upgrade, please run:
wandb:  $ pip install wandb --upgrade
wandb: Tracking run with wandb version 0.14.0
wandb: Run data is saved locally in /gpfs/home2/nreints/MScThesis/code/wandb/run-20230710_193805-j9vqufs5
wandb: Run `wandb offline` to turn off syncing.
wandb: Syncing run lyric-smoke-1425
wandb: â­ï¸ View project at https://wandb.ai/nreints/ThesisFinal2
wandb: ðŸš€ View run at https://wandb.ai/nreints/ThesisFinal2/runs/j9vqufs5
	 Logging train Loss: 4.456e-06 [MSELoss(): t(5,20)_r(5,20)_combi_pNone_gNone]
	 Logging test loss: 3.7568e-06 [MSELoss(): t(0,0)_r(0,0)_combi_pNone_gTrue]
	 Logging test loss: 3.13925e-05 [MSELoss(): tennis_pNone_gNone_tennisEffect]
	 Logging test loss: 5.5894e-06 [MSELoss(): t(5,20)_r(5,20)_combi_pNone_gNone]
	 Logging test loss: 3.5095e-06 [MSELoss(): t(0,0)_r(0,0)_combi_pTrue_gTrue]
		--> Epoch time; 37.30912637710571
Saved model in  trained_models/gru/data_t(5,20)_r(5,20)_combi_pNone_gNone/'log_dualQ_1'_'True'.pth
It took  493.1619257926941  seconds.
----- ITERATION 4/10 ------
Number of train simulations:  1920
Number of test simulations:  480
The dataloader for data/data_t(5,20)_r(5,20)_combi_pNone_gNone took 52.76335787773132 seconds.
-- Finished Train Dataloader --
The dataloader for data/data_t(0,0)_r(0,0)_combi_pNone_gTrue took 13.135101079940796 seconds.
The dataloader for data/data_tennis_pNone_gNone_tennisEffect took 13.131983280181885 seconds.
The dataloader for data/data_t(5,20)_r(5,20)_combi_pNone_gNone took 13.138379335403442 seconds.
The dataloader for data/data_t(0,0)_r(0,0)_combi_pTrue_gTrue took 13.136993885040283 seconds.
-- Finished Test Dataloader(s) --
GRU(
  (rnn): GRU(6, 96, batch_first=True)
  (pre_hidden_lin_layer): Sequential(
    (0): Linear(in_features=3, out_features=96, bias=True)
    (1): ReLU()
    (2): Linear(in_features=96, out_features=96, bias=True)
    (3): ReLU()
  )
  (fc): Linear(in_features=96, out_features=6, bias=True)
)
Datatype: log_dualQ_1
-- Started Training --
Epoch 0/9
	 Logging train Loss: 0.0010749839 [MSELoss(): t(5,20)_r(5,20)_combi_pNone_gNone]
	 Logging test loss: 0.0004602678 [MSELoss(): t(0,0)_r(0,0)_combi_pNone_gTrue]
	 Logging test loss: 0.000622923 [MSELoss(): tennis_pNone_gNone_tennisEffect]
	 Logging test loss: 8.4761e-05 [MSELoss(): t(5,20)_r(5,20)_combi_pNone_gNone]
	 Logging test loss: 0.0004038057 [MSELoss(): t(0,0)_r(0,0)_combi_pTrue_gTrue]
		--> Epoch time; 37.22316312789917
Epoch 1/9
	 Logging train Loss: 4.73377e-05 [MSELoss(): t(5,20)_r(5,20)_combi_pNone_gNone]
	 Logging test loss: 9.7882e-05 [MSELoss(): t(0,0)_r(0,0)_combi_pNone_gTrue]
	 Logging test loss: 0.0001983424 [MSELoss(): tennis_pNone_gNone_tennisEffect]
	 Logging test loss: 2.86672e-05 [MSELoss(): t(5,20)_r(5,20)_combi_pNone_gNone]
	 Logging test loss: 8.55286e-05 [MSELoss(): t(0,0)_r(0,0)_combi_pTrue_gTrue]
		--> Epoch time; 37.14902687072754
Epoch 2/9
	 Logging train Loss: 1.75422e-05 [MSELoss(): t(5,20)_r(5,20)_combi_pNone_gNone]
	 Logging test loss: 2.69876e-05 [MSELoss(): t(0,0)_r(0,0)_combi_pNone_gTrue]
	 Logging test loss: 8.41696e-05 [MSELoss(): tennis_pNone_gNone_tennisEffect]
	 Logging test loss: 1.08883e-05 [MSELoss(): t(5,20)_r(5,20)_combi_pNone_gNone]
	 Logging test loss: 2.4517e-05 [MSELoss(): t(0,0)_r(0,0)_combi_pTrue_gTrue]
		--> Epoch time; 37.391878843307495
Epoch 3/9
	 Logging train Loss: 1.32065e-05 [MSELoss(): t(5,20)_r(5,20)_combi_pNone_gNone]
	 Logging test loss: 2.49128e-05 [MSELoss(): t(0,0)_r(0,0)_combi_pNone_gTrue]
	 Logging test loss: 7.82998e-05 [MSELoss(): tennis_pNone_gNone_tennisEffect]
	 Logging test loss: 1.13232e-05 [MSELoss(): t(5,20)_r(5,20)_combi_pNone_gNone]
	 Logging test loss: 2.44419e-05 [MSELoss(): t(0,0)_r(0,0)_combi_pTrue_gTrue]
		--> Epoch time; 37.007558822631836
Epoch 4/9
	 Logging train Loss: 1.08317e-05 [MSELoss(): t(5,20)_r(5,20)_combi_pNone_gNone]
	 Logging test loss: 3.67971e-05 [MSELoss(): t(0,0)_r(0,0)_combi_pNone_gTrue]
	 Logging test loss: 0.0001083133 [MSELoss(): tennis_pNone_gNone_tennisEffect]
	 Logging test loss: 2.33567e-05 [MSELoss(): t(5,20)_r(5,20)_combi_pNone_gNone]
	 Logging test loss: 3.84259e-05 [MSELoss(): t(0,0)_r(0,0)_combi_pTrue_gTrue]
		--> Epoch time; 37.236168384552
Epoch 5/9
	 Logging train Loss: 7.6808e-06 [MSELoss(): t(5,20)_r(5,20)_combi_pNone_gNone]
	 Logging test loss: 1.22008e-05 [MSELoss(): t(0,0)_r(0,0)_combi_pNone_gTrue]
	 Logging test loss: 4.58849e-05 [MSELoss(): tennis_pNone_gNone_tennisEffect]
	 Logging test loss: 6.4026e-06 [MSELoss(): t(5,20)_r(5,20)_combi_pNone_gNone]
	 Logging test loss: 1.12001e-05 [MSELoss(): t(0,0)_r(0,0)_combi_pTrue_gTrue]
		--> Epoch time; 37.462255239486694
Epoch 6/9
	 Logging train Loss: 7.9246e-06 [MSELoss(): t(5,20)_r(5,20)_combi_pNone_gNone]
	 Logging test loss: 7.7378e-06 [MSELoss(): t(0,0)_r(0,0)_combi_pNone_gTrue]
	 Logging test loss: 3.83647e-05 [MSELoss(): tennis_pNone_gNone_tennisEffect]
	 Logging test loss: 4.3806e-06 [MSELoss(): t(5,20)_r(5,20)_combi_pNone_gNone]
	 Logging test loss: 7.0637e-06 [MSELoss(): t(0,0)_r(0,0)_combi_pTrue_gTrue]
		--> Epoch time; 37.4422721862793
Epoch 7/9
	 Logging train Loss: 6.5303e-06 [MSELoss(): t(5,20)_r(5,20)_combi_pNone_gNone]
	 Logging test loss: 7.4989e-06 [MSELoss(): t(0,0)_r(0,0)_combi_pNone_gTrue]
	 Logging test loss: 3.81331e-05 [MSELoss(): tennis_pNone_gNone_tennisEffect]
	 Logging test loss: 5.6388e-06 [MSELoss(): t(5,20)_r(5,20)_combi_pNone_gNone]
	 Logging test loss: 7.1172e-06 [MSELoss(): t(0,0)_r(0,0)_combi_pTrue_gTrue]
		--> Epoch time; 37.318115234375
Epoch 8/9
	 Logging train Loss: 5.3249e-06 [MSELoss(): t(5,20)_r(5,20)_combi_pNone_gNone]
	 Logging test loss: 7.0809e-06 [MSELoss(): t(0,0)_r(0,0)_combi_pNone_gTrue]
	 Logging test loss: 3.34213e-05 [MSELoss(): tennis_pNone_gNone_tennisEffect]
	 Logging test loss: 5.3862e-06 [MSELoss(): t(5,20)_r(5,20)_combi_pNone_gNone]
	 Logging test loss: 6.7742e-06 [MSELoss(): t(0,0)_r(0,0)_combi_pTrue_gTrue]
		--> Epoch time; 37.0895721912384
Epoch 9/9
	 Logging train Loss: 5.0721e-06 [MSELoss(): t(5,20)_r(5,20)_combi_pNone_gNone]
	 Logging test loss: 3.2742e-06 [MSELoss(): t(0,0)_r(0,0)_combi_pNone_gTrue]
	 Logging test loss: 2.72506e-05 [MSELoss(): tennis_pNone_gNone_tennisEffect]
	 Logging test loss: 3.5625e-06 [MSELoss(): t(5,20)_r(5,20)_combi_pNone_gNone]
	 Logging test loss: 3.1243e-06 [MSELoss(): t(0,0)_r(0,0)_combi_pTrue_gTrue]
		--> Epoch time; 37.521573305130005
Saved model in  trained_models/gru/data_t(5,20)_r(5,20)_combi_pNone_gNone/'log_dualQ_1'_'True'.pth
It took  491.0918412208557  seconds.
----- ITERATION 5/10 ------
Number of train simulations:  1920
Number of test simulations:  480
The dataloader for data/data_t(5,20)_r(5,20)_combi_pNone_gNone took 53.524110078811646 seconds.
-- Finished Train Dataloader --
The dataloader for data/data_t(0,0)_r(0,0)_combi_pNone_gTrue took 13.260531425476074 seconds.
The dataloader for data/data_tennis_pNone_gNone_tennisEffect took 13.1676766872406 seconds.
The dataloader for data/data_t(5,20)_r(5,20)_combi_pNone_gNone took 13.223835229873657 seconds.
The dataloader for data/data_t(0,0)_r(0,0)_combi_pTrue_gTrue took 13.181984424591064 seconds.
-- Finished Test Dataloader(s) --
GRU(
  (rnn): GRU(6, 96, batch_first=True)
  (pre_hidden_lin_layer): Sequential(
    (0): Linear(in_features=3, out_features=96, bias=True)
    (1): ReLU()
    (2): Linear(in_features=96, out_features=96, bias=True)
    (3): ReLU()
  )
  (fc): Linear(in_features=96, out_features=6, bias=True)
)
Datatype: log_dualQ_1
-- Started Training --
Epoch 0/9
	 Logging train Loss: 0.0014456584 [MSELoss(): t(5,20)_r(5,20)_combi_pNone_gNone]
	 Logging test loss: 0.0003520634 [MSELoss(): t(0,0)_r(0,0)_combi_pNone_gTrue]
	 Logging test loss: 0.0005359642 [MSELoss(): tennis_pNone_gNone_tennisEffect]
	 Logging test loss: 7.98422e-05 [MSELoss(): t(5,20)_r(5,20)_combi_pNone_gNone]
	 Logging test loss: 0.0003059319 [MSELoss(): t(0,0)_r(0,0)_combi_pTrue_gTrue]
		--> Epoch time; 37.15538573265076
Epoch 1/9
	 Logging train Loss: 4.07747e-05 [MSELoss(): t(5,20)_r(5,20)_combi_pNone_gNone]
	 Logging test loss: 2.8522e-05 [MSELoss(): t(0,0)_r(0,0)_combi_pNone_gTrue]
	 Logging test loss: 0.0001186399 [MSELoss(): tennis_pNone_gNone_tennisEffect]
	 Logging test loss: 1.67986e-05 [MSELoss(): t(5,20)_r(5,20)_combi_pNone_gNone]
	 Logging test loss: 2.5425e-05 [MSELoss(): t(0,0)_r(0,0)_combi_pTrue_gTrue]
		--> Epoch time; 37.560789346694946
Epoch 2/9
	 Logging train Loss: 1.33899e-05 [MSELoss(): t(5,20)_r(5,20)_combi_pNone_gNone]
	 Logging test loss: 2.00462e-05 [MSELoss(): t(0,0)_r(0,0)_combi_pNone_gTrue]
	 Logging test loss: 7.00759e-05 [MSELoss(): tennis_pNone_gNone_tennisEffect]
wandb: Waiting for W&B process to finish... (success).
wandb: 
wandb: Run history:
wandb:                                       Epoch â–â–‚â–ƒâ–ƒâ–„â–…â–†â–†â–‡â–ˆ
wandb:   Test loss t(0,0)_r(0,0)_combi_pNone_gTrue â–ˆâ–‚â–â–â–â–â–â–â–â–
wandb:   Test loss t(0,0)_r(0,0)_combi_pTrue_gTrue â–ˆâ–‚â–â–â–â–â–â–â–â–
wandb: Test loss t(5,20)_r(5,20)_combi_pNone_gNone â–ˆâ–‚â–‚â–â–â–â–â–â–â–
wandb:   Test loss tennis_pNone_gNone_tennisEffect â–ˆâ–‚â–‚â–â–â–â–â–â–â–
wandb:                                  Train loss â–ˆâ–â–â–â–â–â–â–â–â–
wandb: 
wandb: Run summary:
wandb:                                       Epoch 9
wandb:   Test loss t(0,0)_r(0,0)_combi_pNone_gTrue 0.0
wandb:   Test loss t(0,0)_r(0,0)_combi_pTrue_gTrue 0.0
wandb: Test loss t(5,20)_r(5,20)_combi_pNone_gNone 0.0
wandb:   Test loss tennis_pNone_gNone_tennisEffect 2e-05
wandb:                                  Train loss 1e-05
wandb: 
wandb: ðŸš€ View run lyric-smoke-1425 at: https://wandb.ai/nreints/ThesisFinal2/runs/j9vqufs5
wandb: Synced 7 W&B file(s), 0 media file(s), 4 artifact file(s) and 1 other file(s)
wandb: Find logs at: ./wandb/run-20230710_193805-j9vqufs5/logs
wandb: - Waiting for wandb.init()...wandb: \ Waiting for wandb.init()...wandb: | Waiting for wandb.init()...wandb: wandb version 0.15.5 is available!  To upgrade, please run:
wandb:  $ pip install wandb --upgrade
wandb: Tracking run with wandb version 0.14.0
wandb: Run data is saved locally in /gpfs/home2/nreints/MScThesis/code/wandb/run-20230710_194620-fnfk0tb0
wandb: Run `wandb offline` to turn off syncing.
wandb: Syncing run lively-pine-1433
wandb: â­ï¸ View project at https://wandb.ai/nreints/ThesisFinal2
wandb: ðŸš€ View run at https://wandb.ai/nreints/ThesisFinal2/runs/fnfk0tb0
	 Logging test loss: 1.08559e-05 [MSELoss(): t(5,20)_r(5,20)_combi_pNone_gNone]
	 Logging test loss: 1.84486e-05 [MSELoss(): t(0,0)_r(0,0)_combi_pTrue_gTrue]
		--> Epoch time; 37.289045095443726
Epoch 3/9
	 Logging train Loss: 1.12501e-05 [MSELoss(): t(5,20)_r(5,20)_combi_pNone_gNone]
	 Logging test loss: 1.05752e-05 [MSELoss(): t(0,0)_r(0,0)_combi_pNone_gTrue]
	 Logging test loss: 4.59371e-05 [MSELoss(): tennis_pNone_gNone_tennisEffect]
	 Logging test loss: 5.2643e-06 [MSELoss(): t(5,20)_r(5,20)_combi_pNone_gNone]
	 Logging test loss: 9.4096e-06 [MSELoss(): t(0,0)_r(0,0)_combi_pTrue_gTrue]
		--> Epoch time; 37.36116576194763
Epoch 4/9
	 Logging train Loss: 9.5257e-06 [MSELoss(): t(5,20)_r(5,20)_combi_pNone_gNone]
	 Logging test loss: 1.07804e-05 [MSELoss(): t(0,0)_r(0,0)_combi_pNone_gTrue]
	 Logging test loss: 4.63923e-05 [MSELoss(): tennis_pNone_gNone_tennisEffect]
	 Logging test loss: 7.0625e-06 [MSELoss(): t(5,20)_r(5,20)_combi_pNone_gNone]
	 Logging test loss: 1.02584e-05 [MSELoss(): t(0,0)_r(0,0)_combi_pTrue_gTrue]
		--> Epoch time; 37.221919536590576
Epoch 5/9
	 Logging train Loss: 8.8864e-06 [MSELoss(): t(5,20)_r(5,20)_combi_pNone_gNone]
	 Logging test loss: 6.0262e-06 [MSELoss(): t(0,0)_r(0,0)_combi_pNone_gTrue]
	 Logging test loss: 3.82119e-05 [MSELoss(): tennis_pNone_gNone_tennisEffect]
	 Logging test loss: 5.3614e-06 [MSELoss(): t(5,20)_r(5,20)_combi_pNone_gNone]
	 Logging test loss: 5.6908e-06 [MSELoss(): t(0,0)_r(0,0)_combi_pTrue_gTrue]
		--> Epoch time; 37.46762418746948
Epoch 6/9
	 Logging train Loss: 7.6e-06 [MSELoss(): t(5,20)_r(5,20)_combi_pNone_gNone]
	 Logging test loss: 5.0335e-06 [MSELoss(): t(0,0)_r(0,0)_combi_pNone_gTrue]
	 Logging test loss: 3.40644e-05 [MSELoss(): tennis_pNone_gNone_tennisEffect]
	 Logging test loss: 4.207e-06 [MSELoss(): t(5,20)_r(5,20)_combi_pNone_gNone]
	 Logging test loss: 4.7215e-06 [MSELoss(): t(0,0)_r(0,0)_combi_pTrue_gTrue]
		--> Epoch time; 37.31752276420593
Epoch 7/9
	 Logging train Loss: 6.9407e-06 [MSELoss(): t(5,20)_r(5,20)_combi_pNone_gNone]
	 Logging test loss: 4.5365e-06 [MSELoss(): t(0,0)_r(0,0)_combi_pNone_gTrue]
	 Logging test loss: 3.37691e-05 [MSELoss(): tennis_pNone_gNone_tennisEffect]
	 Logging test loss: 4.7901e-06 [MSELoss(): t(5,20)_r(5,20)_combi_pNone_gNone]
	 Logging test loss: 4.4288e-06 [MSELoss(): t(0,0)_r(0,0)_combi_pTrue_gTrue]
		--> Epoch time; 37.62028980255127
Epoch 8/9
	 Logging train Loss: 5.4317e-06 [MSELoss(): t(5,20)_r(5,20)_combi_pNone_gNone]
	 Logging test loss: 4.0374e-06 [MSELoss(): t(0,0)_r(0,0)_combi_pNone_gTrue]
	 Logging test loss: 3.09363e-05 [MSELoss(): tennis_pNone_gNone_tennisEffect]
	 Logging test loss: 4.733e-06 [MSELoss(): t(5,20)_r(5,20)_combi_pNone_gNone]
	 Logging test loss: 3.832e-06 [MSELoss(): t(0,0)_r(0,0)_combi_pTrue_gTrue]
		--> Epoch time; 37.50222873687744
Epoch 9/9
	 Logging train Loss: 5.0448e-06 [MSELoss(): t(5,20)_r(5,20)_combi_pNone_gNone]
	 Logging test loss: 1.431e-06 [MSELoss(): t(0,0)_r(0,0)_combi_pNone_gTrue]
	 Logging test loss: 2.458e-05 [MSELoss(): tennis_pNone_gNone_tennisEffect]
	 Logging test loss: 3.0199e-06 [MSELoss(): t(5,20)_r(5,20)_combi_pNone_gNone]
	 Logging test loss: 1.3345e-06 [MSELoss(): t(0,0)_r(0,0)_combi_pTrue_gTrue]
		--> Epoch time; 37.3556923866272
Saved model in  trained_models/gru/data_t(5,20)_r(5,20)_combi_pNone_gNone/'log_dualQ_1'_'True'.pth
It took  494.39840865135193  seconds.
----- ITERATION 6/10 ------
Number of train simulations:  1920
Number of test simulations:  480
The dataloader for data/data_t(5,20)_r(5,20)_combi_pNone_gNone took 53.09382343292236 seconds.
-- Finished Train Dataloader --
The dataloader for data/data_t(0,0)_r(0,0)_combi_pNone_gTrue took 13.244924545288086 seconds.
The dataloader for data/data_tennis_pNone_gNone_tennisEffect took 13.179215669631958 seconds.
The dataloader for data/data_t(5,20)_r(5,20)_combi_pNone_gNone took 13.22631287574768 seconds.
The dataloader for data/data_t(0,0)_r(0,0)_combi_pTrue_gTrue took 13.150416612625122 seconds.
-- Finished Test Dataloader(s) --
GRU(
  (rnn): GRU(6, 96, batch_first=True)
  (pre_hidden_lin_layer): Sequential(
    (0): Linear(in_features=3, out_features=96, bias=True)
    (1): ReLU()
    (2): Linear(in_features=96, out_features=96, bias=True)
    (3): ReLU()
  )
  (fc): Linear(in_features=96, out_features=6, bias=True)
)
Datatype: log_dualQ_1
-- Started Training --
Epoch 0/9
	 Logging train Loss: 0.0010692448 [MSELoss(): t(5,20)_r(5,20)_combi_pNone_gNone]
	 Logging test loss: 0.000374499 [MSELoss(): t(0,0)_r(0,0)_combi_pNone_gTrue]
	 Logging test loss: 0.0005614799 [MSELoss(): tennis_pNone_gNone_tennisEffect]
	 Logging test loss: 8.34959e-05 [MSELoss(): t(5,20)_r(5,20)_combi_pNone_gNone]
	 Logging test loss: 0.0003319924 [MSELoss(): t(0,0)_r(0,0)_combi_pTrue_gTrue]
		--> Epoch time; 37.197274923324585
Epoch 1/9
	 Logging train Loss: 4.56407e-05 [MSELoss(): t(5,20)_r(5,20)_combi_pNone_gNone]
	 Logging test loss: 3.4697e-05 [MSELoss(): t(0,0)_r(0,0)_combi_pNone_gTrue]
	 Logging test loss: 0.0001426219 [MSELoss(): tennis_pNone_gNone_tennisEffect]
	 Logging test loss: 2.51634e-05 [MSELoss(): t(5,20)_r(5,20)_combi_pNone_gNone]
	 Logging test loss: 3.16633e-05 [MSELoss(): t(0,0)_r(0,0)_combi_pTrue_gTrue]
		--> Epoch time; 37.517218828201294
Epoch 2/9
	 Logging train Loss: 1.28047e-05 [MSELoss(): t(5,20)_r(5,20)_combi_pNone_gNone]
	 Logging test loss: 1.71706e-05 [MSELoss(): t(0,0)_r(0,0)_combi_pNone_gTrue]
	 Logging test loss: 6.9893e-05 [MSELoss(): tennis_pNone_gNone_tennisEffect]
	 Logging test loss: 1.14744e-05 [MSELoss(): t(5,20)_r(5,20)_combi_pNone_gNone]
	 Logging test loss: 1.53618e-05 [MSELoss(): t(0,0)_r(0,0)_combi_pTrue_gTrue]
		--> Epoch time; 37.192553758621216
Epoch 3/9
	 Logging train Loss: 9.7466e-06 [MSELoss(): t(5,20)_r(5,20)_combi_pNone_gNone]
	 Logging test loss: 1.48229e-05 [MSELoss(): t(0,0)_r(0,0)_combi_pNone_gTrue]
	 Logging test loss: 6.23206e-05 [MSELoss(): tennis_pNone_gNone_tennisEffect]
	 Logging test loss: 1.09164e-05 [MSELoss(): t(5,20)_r(5,20)_combi_pNone_gNone]
	 Logging test loss: 1.43677e-05 [MSELoss(): t(0,0)_r(0,0)_combi_pTrue_gTrue]
		--> Epoch time; 37.10408020019531
Epoch 4/9
	 Logging train Loss: 8.7513e-06 [MSELoss(): t(5,20)_r(5,20)_combi_pNone_gNone]
	 Logging test loss: 6.7301e-06 [MSELoss(): t(0,0)_r(0,0)_combi_pNone_gTrue]
	 Logging test loss: 4.06536e-05 [MSELoss(): tennis_pNone_gNone_tennisEffect]
	 Logging test loss: 5.9024e-06 [MSELoss(): t(5,20)_r(5,20)_combi_pNone_gNone]
	 Logging test loss: 6.0075e-06 [MSELoss(): t(0,0)_r(0,0)_combi_pTrue_gTrue]
		--> Epoch time; 37.13539123535156
Epoch 5/9
	 Logging train Loss: 7.0223e-06 [MSELoss(): t(5,20)_r(5,20)_combi_pNone_gNone]
	 Logging test loss: 4.5807e-06 [MSELoss(): t(0,0)_r(0,0)_combi_pNone_gTrue]
	 Logging test loss: 3.6639e-05 [MSELoss(): tennis_pNone_gNone_tennisEffect]
	 Logging test loss: 4.6157e-06 [MSELoss(): t(5,20)_r(5,20)_combi_pNone_gNone]
	 Logging test loss: 4.1054e-06 [MSELoss(): t(0,0)_r(0,0)_combi_pTrue_gTrue]
		--> Epoch time; 37.59005379676819
Epoch 6/9
	 Logging train Loss: 6.3108e-06 [MSELoss(): t(5,20)_r(5,20)_combi_pNone_gNone]
	 Logging test loss: 4.3016e-06 [MSELoss(): t(0,0)_r(0,0)_combi_pNone_gTrue]
	 Logging test loss: 3.46828e-05 [MSELoss(): tennis_pNone_gNone_tennisEffect]
	 Logging test loss: 5.2231e-06 [MSELoss(): t(5,20)_r(5,20)_combi_pNone_gNone]
	 Logging test loss: 4.1815e-06 [MSELoss(): t(0,0)_r(0,0)_combi_pTrue_gTrue]
		--> Epoch time; 37.3715980052948
Epoch 7/9
	 Logging train Loss: 5.4643e-06 [MSELoss(): t(5,20)_r(5,20)_combi_pNone_gNone]
	 Logging test loss: 6.4155e-06 [MSELoss(): t(0,0)_r(0,0)_combi_pNone_gTrue]
	 Logging test loss: 3.95892e-05 [MSELoss(): tennis_pNone_gNone_tennisEffect]
	 Logging test loss: 8.6591e-06 [MSELoss(): t(5,20)_r(5,20)_combi_pNone_gNone]
	 Logging test loss: 6.9391e-06 [MSELoss(): t(0,0)_r(0,0)_combi_pTrue_gTrue]
		--> Epoch time; 37.30678033828735
Epoch 8/9
	 Logging train Loss: 5.0623e-06 [MSELoss(): t(5,20)_r(5,20)_combi_pNone_gNone]
	 Logging test loss: 5.9387e-06 [MSELoss(): t(0,0)_r(0,0)_combi_pNone_gTrue]
	 Logging test loss: 3.56385e-05 [MSELoss(): tennis_pNone_gNone_tennisEffect]
wandb: Waiting for W&B process to finish... (success).
wandb: 
wandb: Run history:
wandb:                                       Epoch â–â–‚â–ƒâ–ƒâ–„â–…â–†â–†â–‡â–ˆ
wandb:   Test loss t(0,0)_r(0,0)_combi_pNone_gTrue â–ˆâ–‚â–â–â–â–â–â–â–â–
wandb:   Test loss t(0,0)_r(0,0)_combi_pTrue_gTrue â–ˆâ–‚â–â–â–â–â–â–â–â–
wandb: Test loss t(5,20)_r(5,20)_combi_pNone_gNone â–ˆâ–ƒâ–‚â–‚â–â–â–â–â–â–
wandb:   Test loss tennis_pNone_gNone_tennisEffect â–ˆâ–ƒâ–‚â–â–â–â–â–â–â–
wandb:                                  Train loss â–ˆâ–â–â–â–â–â–â–â–â–
wandb: 
wandb: Run summary:
wandb:                                       Epoch 9
wandb:   Test loss t(0,0)_r(0,0)_combi_pNone_gTrue 0.0
wandb:   Test loss t(0,0)_r(0,0)_combi_pTrue_gTrue 0.0
wandb: Test loss t(5,20)_r(5,20)_combi_pNone_gNone 0.0
wandb:   Test loss tennis_pNone_gNone_tennisEffect 2e-05
wandb:                                  Train loss 0.0
wandb: 
wandb: ðŸš€ View run lively-pine-1433 at: https://wandb.ai/nreints/ThesisFinal2/runs/fnfk0tb0
wandb: Synced 7 W&B file(s), 0 media file(s), 4 artifact file(s) and 1 other file(s)
wandb: Find logs at: ./wandb/run-20230710_194620-fnfk0tb0/logs
wandb: - Waiting for wandb.init()...wandb: \ Waiting for wandb.init()...wandb: wandb version 0.15.5 is available!  To upgrade, please run:
wandb:  $ pip install wandb --upgrade
wandb: Tracking run with wandb version 0.14.0
wandb: Run data is saved locally in /gpfs/home2/nreints/MScThesis/code/wandb/run-20230710_195437-8x81a822
wandb: Run `wandb offline` to turn off syncing.
wandb: Syncing run worldly-dream-1441
wandb: â­ï¸ View project at https://wandb.ai/nreints/ThesisFinal2
wandb: ðŸš€ View run at https://wandb.ai/nreints/ThesisFinal2/runs/8x81a822
wandb: Waiting for W&B process to finish... (success).
wandb: 
wandb: Run history:
wandb:                                       Epoch â–â–‚â–ƒâ–ƒâ–„â–…â–†â–†â–‡â–ˆ
wandb:   Test loss t(0,0)_r(0,0)_combi_pNone_gTrue â–ˆâ–‚â–â–â–â–â–â–â–â–
wandb:   Test loss t(0,0)_r(0,0)_combi_pTrue_gTrue â–ˆâ–‚â–â–â–â–â–â–â–â–
wandb: Test loss t(5,20)_r(5,20)_combi_pNone_gNone â–ˆâ–‚â–â–‚â–â–â–â–â–â–
wandb:   Test loss tennis_pNone_gNone_tennisEffect â–ˆâ–‚â–â–‚â–â–â–â–â–â–
wandb:                                  Train loss â–ˆâ–â–â–â–â–â–â–â–â–
wandb: 
wandb: Run summary:
wandb:                                       Epoch 9
wandb:   Test loss t(0,0)_r(0,0)_combi_pNone_gTrue 0.0
wandb:   Test loss t(0,0)_r(0,0)_combi_pTrue_gTrue 0.0
wandb: Test loss t(5,20)_r(5,20)_combi_pNone_gNone 0.0
wandb:   Test loss tennis_pNone_gNone_tennisEffect 3e-05
wandb:                                  Train loss 0.0
wandb: 
wandb: ðŸš€ View run worldly-dream-1441 at: https://wandb.ai/nreints/ThesisFinal2/runs/8x81a822
wandb: Synced 7 W&B file(s), 0 media file(s), 4 artifact file(s) and 1 other file(s)
wandb: Find logs at: ./wandb/run-20230710_195437-8x81a822/logs
wandb: - Waiting for wandb.init()...wandb: \ Waiting for wandb.init()...wandb: wandb version 0.15.5 is available!  To upgrade, please run:
wandb:  $ pip install wandb --upgrade
wandb: Tracking run with wandb version 0.14.0
wandb: Run data is saved locally in /gpfs/home2/nreints/MScThesis/code/wandb/run-20230710_200250-0ewdoke1
wandb: Run `wandb offline` to turn off syncing.
wandb: Syncing run vague-sound-1451
wandb: â­ï¸ View project at https://wandb.ai/nreints/ThesisFinal2
wandb: ðŸš€ View run at https://wandb.ai/nreints/ThesisFinal2/runs/0ewdoke1
	 Logging test loss: 8.1287e-06 [MSELoss(): t(5,20)_r(5,20)_combi_pNone_gNone]
	 Logging test loss: 6.1313e-06 [MSELoss(): t(0,0)_r(0,0)_combi_pTrue_gTrue]
		--> Epoch time; 37.786442279815674
Epoch 9/9
	 Logging train Loss: 4.5411e-06 [MSELoss(): t(5,20)_r(5,20)_combi_pNone_gNone]
	 Logging test loss: 1.3626e-06 [MSELoss(): t(0,0)_r(0,0)_combi_pNone_gTrue]
	 Logging test loss: 2.41838e-05 [MSELoss(): tennis_pNone_gNone_tennisEffect]
	 Logging test loss: 3.2956e-06 [MSELoss(): t(5,20)_r(5,20)_combi_pNone_gNone]
	 Logging test loss: 1.3355e-06 [MSELoss(): t(0,0)_r(0,0)_combi_pTrue_gTrue]
		--> Epoch time; 37.193740129470825
Saved model in  trained_models/gru/data_t(5,20)_r(5,20)_combi_pNone_gNone/'log_dualQ_1'_'True'.pth
It took  497.9666759967804  seconds.
----- ITERATION 7/10 ------
Number of train simulations:  1920
Number of test simulations:  480
The dataloader for data/data_t(5,20)_r(5,20)_combi_pNone_gNone took 53.174004554748535 seconds.
-- Finished Train Dataloader --
The dataloader for data/data_t(0,0)_r(0,0)_combi_pNone_gTrue took 13.256529569625854 seconds.
The dataloader for data/data_tennis_pNone_gNone_tennisEffect took 13.177501201629639 seconds.
The dataloader for data/data_t(5,20)_r(5,20)_combi_pNone_gNone took 13.168673515319824 seconds.
The dataloader for data/data_t(0,0)_r(0,0)_combi_pTrue_gTrue took 13.237616300582886 seconds.
-- Finished Test Dataloader(s) --
GRU(
  (rnn): GRU(6, 96, batch_first=True)
  (pre_hidden_lin_layer): Sequential(
    (0): Linear(in_features=3, out_features=96, bias=True)
    (1): ReLU()
    (2): Linear(in_features=96, out_features=96, bias=True)
    (3): ReLU()
  )
  (fc): Linear(in_features=96, out_features=6, bias=True)
)
Datatype: log_dualQ_1
-- Started Training --
Epoch 0/9
	 Logging train Loss: 0.0008081954 [MSELoss(): t(5,20)_r(5,20)_combi_pNone_gNone]
	 Logging test loss: 0.0003135758 [MSELoss(): t(0,0)_r(0,0)_combi_pNone_gTrue]
	 Logging test loss: 0.0005168966 [MSELoss(): tennis_pNone_gNone_tennisEffect]
	 Logging test loss: 7.14982e-05 [MSELoss(): t(5,20)_r(5,20)_combi_pNone_gNone]
	 Logging test loss: 0.0002763813 [MSELoss(): t(0,0)_r(0,0)_combi_pTrue_gTrue]
		--> Epoch time; 37.17918133735657
Epoch 1/9
	 Logging train Loss: 3.38572e-05 [MSELoss(): t(5,20)_r(5,20)_combi_pNone_gNone]
	 Logging test loss: 3.09302e-05 [MSELoss(): t(0,0)_r(0,0)_combi_pNone_gTrue]
	 Logging test loss: 0.0001177519 [MSELoss(): tennis_pNone_gNone_tennisEffect]
	 Logging test loss: 1.62208e-05 [MSELoss(): t(5,20)_r(5,20)_combi_pNone_gNone]
	 Logging test loss: 2.71418e-05 [MSELoss(): t(0,0)_r(0,0)_combi_pTrue_gTrue]
		--> Epoch time; 37.56014347076416
Epoch 2/9
	 Logging train Loss: 1.314e-05 [MSELoss(): t(5,20)_r(5,20)_combi_pNone_gNone]
	 Logging test loss: 1.97799e-05 [MSELoss(): t(0,0)_r(0,0)_combi_pNone_gTrue]
	 Logging test loss: 6.12729e-05 [MSELoss(): tennis_pNone_gNone_tennisEffect]
	 Logging test loss: 7.0143e-06 [MSELoss(): t(5,20)_r(5,20)_combi_pNone_gNone]
	 Logging test loss: 1.69684e-05 [MSELoss(): t(0,0)_r(0,0)_combi_pTrue_gTrue]
		--> Epoch time; 37.400475025177
Epoch 3/9
	 Logging train Loss: 7.8843e-06 [MSELoss(): t(5,20)_r(5,20)_combi_pNone_gNone]
	 Logging test loss: 2.39607e-05 [MSELoss(): t(0,0)_r(0,0)_combi_pNone_gTrue]
	 Logging test loss: 7.48253e-05 [MSELoss(): tennis_pNone_gNone_tennisEffect]
	 Logging test loss: 1.31162e-05 [MSELoss(): t(5,20)_r(5,20)_combi_pNone_gNone]
	 Logging test loss: 1.95162e-05 [MSELoss(): t(0,0)_r(0,0)_combi_pTrue_gTrue]
		--> Epoch time; 37.365681171417236
Epoch 4/9
	 Logging train Loss: 8.0283e-06 [MSELoss(): t(5,20)_r(5,20)_combi_pNone_gNone]
	 Logging test loss: 1.06563e-05 [MSELoss(): t(0,0)_r(0,0)_combi_pNone_gTrue]
	 Logging test loss: 4.29969e-05 [MSELoss(): tennis_pNone_gNone_tennisEffect]
	 Logging test loss: 6.7008e-06 [MSELoss(): t(5,20)_r(5,20)_combi_pNone_gNone]
	 Logging test loss: 9.3976e-06 [MSELoss(): t(0,0)_r(0,0)_combi_pTrue_gTrue]
		--> Epoch time; 37.094696044921875
Epoch 5/9
	 Logging train Loss: 8.8914e-06 [MSELoss(): t(5,20)_r(5,20)_combi_pNone_gNone]
	 Logging test loss: 7.4602e-06 [MSELoss(): t(0,0)_r(0,0)_combi_pNone_gTrue]
	 Logging test loss: 3.71742e-05 [MSELoss(): tennis_pNone_gNone_tennisEffect]
	 Logging test loss: 4.5501e-06 [MSELoss(): t(5,20)_r(5,20)_combi_pNone_gNone]
	 Logging test loss: 6.4913e-06 [MSELoss(): t(0,0)_r(0,0)_combi_pTrue_gTrue]
		--> Epoch time; 37.59751319885254
Epoch 6/9
	 Logging train Loss: 6.0818e-06 [MSELoss(): t(5,20)_r(5,20)_combi_pNone_gNone]
	 Logging test loss: 7.8493e-06 [MSELoss(): t(0,0)_r(0,0)_combi_pNone_gTrue]
	 Logging test loss: 4.46248e-05 [MSELoss(): tennis_pNone_gNone_tennisEffect]
	 Logging test loss: 7.4289e-06 [MSELoss(): t(5,20)_r(5,20)_combi_pNone_gNone]
	 Logging test loss: 6.2781e-06 [MSELoss(): t(0,0)_r(0,0)_combi_pTrue_gTrue]
		--> Epoch time; 37.46329092979431
Epoch 7/9
	 Logging train Loss: 5.4468e-06 [MSELoss(): t(5,20)_r(5,20)_combi_pNone_gNone]
	 Logging test loss: 5.079e-06 [MSELoss(): t(0,0)_r(0,0)_combi_pNone_gTrue]
	 Logging test loss: 3.28988e-05 [MSELoss(): tennis_pNone_gNone_tennisEffect]
	 Logging test loss: 5.1142e-06 [MSELoss(): t(5,20)_r(5,20)_combi_pNone_gNone]
	 Logging test loss: 4.5684e-06 [MSELoss(): t(0,0)_r(0,0)_combi_pTrue_gTrue]
		--> Epoch time; 37.50905251502991
Epoch 8/9
	 Logging train Loss: 4.7312e-06 [MSELoss(): t(5,20)_r(5,20)_combi_pNone_gNone]
	 Logging test loss: 3.3971e-06 [MSELoss(): t(0,0)_r(0,0)_combi_pNone_gTrue]
	 Logging test loss: 2.80584e-05 [MSELoss(): tennis_pNone_gNone_tennisEffect]
	 Logging test loss: 4.0294e-06 [MSELoss(): t(5,20)_r(5,20)_combi_pNone_gNone]
	 Logging test loss: 2.9934e-06 [MSELoss(): t(0,0)_r(0,0)_combi_pTrue_gTrue]
		--> Epoch time; 37.33922362327576
Epoch 9/9
	 Logging train Loss: 4.3793e-06 [MSELoss(): t(5,20)_r(5,20)_combi_pNone_gNone]
	 Logging test loss: 3.3906e-06 [MSELoss(): t(0,0)_r(0,0)_combi_pNone_gTrue]
	 Logging test loss: 2.65329e-05 [MSELoss(): tennis_pNone_gNone_tennisEffect]
	 Logging test loss: 4.7037e-06 [MSELoss(): t(5,20)_r(5,20)_combi_pNone_gNone]
	 Logging test loss: 2.9679e-06 [MSELoss(): t(0,0)_r(0,0)_combi_pTrue_gTrue]
		--> Epoch time; 36.946385622024536
Saved model in  trained_models/gru/data_t(5,20)_r(5,20)_combi_pNone_gNone/'log_dualQ_1'_'True'.pth
It took  492.2476530075073  seconds.
----- ITERATION 8/10 ------
Number of train simulations:  1920
Number of test simulations:  480
The dataloader for data/data_t(5,20)_r(5,20)_combi_pNone_gNone took 53.05403232574463 seconds.
-- Finished Train Dataloader --
The dataloader for data/data_t(0,0)_r(0,0)_combi_pNone_gTrue took 13.463700532913208 seconds.
The dataloader for data/data_tennis_pNone_gNone_tennisEffect took 13.32230019569397 seconds.
The dataloader for data/data_t(5,20)_r(5,20)_combi_pNone_gNone took 13.378767490386963 seconds.
The dataloader for data/data_t(0,0)_r(0,0)_combi_pTrue_gTrue took 13.47177505493164 seconds.
-- Finished Test Dataloader(s) --
GRU(
  (rnn): GRU(6, 96, batch_first=True)
  (pre_hidden_lin_layer): Sequential(
    (0): Linear(in_features=3, out_features=96, bias=True)
    (1): ReLU()
    (2): Linear(in_features=96, out_features=96, bias=True)
    (3): ReLU()
  )
  (fc): Linear(in_features=96, out_features=6, bias=True)
)
Datatype: log_dualQ_1
-- Started Training --
Epoch 0/9
	 Logging train Loss: 0.0012070535 [MSELoss(): t(5,20)_r(5,20)_combi_pNone_gNone]
	 Logging test loss: 0.0003942701 [MSELoss(): t(0,0)_r(0,0)_combi_pNone_gTrue]
	 Logging test loss: 0.0005410656 [MSELoss(): tennis_pNone_gNone_tennisEffect]
	 Logging test loss: 8.06172e-05 [MSELoss(): t(5,20)_r(5,20)_combi_pNone_gNone]
	 Logging test loss: 0.0003427149 [MSELoss(): t(0,0)_r(0,0)_combi_pTrue_gTrue]
		--> Epoch time; 37.325907707214355
Epoch 1/9
	 Logging train Loss: 4.41509e-05 [MSELoss(): t(5,20)_r(5,20)_combi_pNone_gNone]
	 Logging test loss: 9.31567e-05 [MSELoss(): t(0,0)_r(0,0)_combi_pNone_gTrue]
	 Logging test loss: 0.0001461367 [MSELoss(): tennis_pNone_gNone_tennisEffect]
	 Logging test loss: 1.96803e-05 [MSELoss(): t(5,20)_r(5,20)_combi_pNone_gNone]
	 Logging test loss: 7.77928e-05 [MSELoss(): t(0,0)_r(0,0)_combi_pTrue_gTrue]
		--> Epoch time; 37.34940958023071
Epoch 2/9
wandb: Waiting for W&B process to finish... (success).
wandb: 
wandb: Run history:
wandb:                                       Epoch â–â–‚â–ƒâ–ƒâ–„â–…â–†â–†â–‡â–ˆ
wandb:   Test loss t(0,0)_r(0,0)_combi_pNone_gTrue â–ˆâ–ƒâ–â–â–â–â–â–â–â–
wandb:   Test loss t(0,0)_r(0,0)_combi_pTrue_gTrue â–ˆâ–ƒâ–â–â–â–â–â–â–â–
wandb: Test loss t(5,20)_r(5,20)_combi_pNone_gNone â–ˆâ–‚â–â–â–â–â–â–â–â–
wandb:   Test loss tennis_pNone_gNone_tennisEffect â–ˆâ–ƒâ–â–â–â–â–â–â–â–
wandb:                                  Train loss â–ˆâ–â–â–â–â–â–â–â–â–
wandb: 
wandb: Run summary:
wandb:                                       Epoch 9
wandb:   Test loss t(0,0)_r(0,0)_combi_pNone_gTrue 0.0
wandb:   Test loss t(0,0)_r(0,0)_combi_pTrue_gTrue 0.0
wandb: Test loss t(5,20)_r(5,20)_combi_pNone_gNone 0.0
wandb:   Test loss tennis_pNone_gNone_tennisEffect 2e-05
wandb:                                  Train loss 0.0
wandb: 
wandb: ðŸš€ View run vague-sound-1451 at: https://wandb.ai/nreints/ThesisFinal2/runs/0ewdoke1
wandb: Synced 7 W&B file(s), 0 media file(s), 4 artifact file(s) and 1 other file(s)
wandb: Find logs at: ./wandb/run-20230710_200250-0ewdoke1/logs
wandb: - Waiting for wandb.init()...wandb: \ Waiting for wandb.init()...wandb: wandb version 0.15.5 is available!  To upgrade, please run:
wandb:  $ pip install wandb --upgrade
wandb: Tracking run with wandb version 0.14.0
wandb: Run data is saved locally in /gpfs/home2/nreints/MScThesis/code/wandb/run-20230710_201109-2x8xsfjf
wandb: Run `wandb offline` to turn off syncing.
wandb: Syncing run hardy-bee-1459
wandb: â­ï¸ View project at https://wandb.ai/nreints/ThesisFinal2
wandb: ðŸš€ View run at https://wandb.ai/nreints/ThesisFinal2/runs/2x8xsfjf
	 Logging train Loss: 1.20874e-05 [MSELoss(): t(5,20)_r(5,20)_combi_pNone_gNone]
	 Logging test loss: 1.90837e-05 [MSELoss(): t(0,0)_r(0,0)_combi_pNone_gTrue]
	 Logging test loss: 5.66601e-05 [MSELoss(): tennis_pNone_gNone_tennisEffect]
	 Logging test loss: 7.365e-06 [MSELoss(): t(5,20)_r(5,20)_combi_pNone_gNone]
	 Logging test loss: 1.66023e-05 [MSELoss(): t(0,0)_r(0,0)_combi_pTrue_gTrue]
		--> Epoch time; 37.22697448730469
Epoch 3/9
	 Logging train Loss: 9.2487e-06 [MSELoss(): t(5,20)_r(5,20)_combi_pNone_gNone]
	 Logging test loss: 1.38014e-05 [MSELoss(): t(0,0)_r(0,0)_combi_pNone_gTrue]
	 Logging test loss: 4.71829e-05 [MSELoss(): tennis_pNone_gNone_tennisEffect]
	 Logging test loss: 5.8455e-06 [MSELoss(): t(5,20)_r(5,20)_combi_pNone_gNone]
	 Logging test loss: 1.21293e-05 [MSELoss(): t(0,0)_r(0,0)_combi_pTrue_gTrue]
		--> Epoch time; 37.26057195663452
Epoch 4/9
	 Logging train Loss: 8.8063e-06 [MSELoss(): t(5,20)_r(5,20)_combi_pNone_gNone]
	 Logging test loss: 1.07493e-05 [MSELoss(): t(0,0)_r(0,0)_combi_pNone_gTrue]
	 Logging test loss: 4.50782e-05 [MSELoss(): tennis_pNone_gNone_tennisEffect]
	 Logging test loss: 6.6822e-06 [MSELoss(): t(5,20)_r(5,20)_combi_pNone_gNone]
	 Logging test loss: 9.3886e-06 [MSELoss(): t(0,0)_r(0,0)_combi_pTrue_gTrue]
		--> Epoch time; 37.363059520721436
Epoch 5/9
	 Logging train Loss: 6.5233e-06 [MSELoss(): t(5,20)_r(5,20)_combi_pNone_gNone]
	 Logging test loss: 6.2726e-06 [MSELoss(): t(0,0)_r(0,0)_combi_pNone_gTrue]
	 Logging test loss: 3.41812e-05 [MSELoss(): tennis_pNone_gNone_tennisEffect]
	 Logging test loss: 3.9431e-06 [MSELoss(): t(5,20)_r(5,20)_combi_pNone_gNone]
	 Logging test loss: 5.5298e-06 [MSELoss(): t(0,0)_r(0,0)_combi_pTrue_gTrue]
		--> Epoch time; 37.75661277770996
Epoch 6/9
	 Logging train Loss: 6.1769e-06 [MSELoss(): t(5,20)_r(5,20)_combi_pNone_gNone]
	 Logging test loss: 4.3054e-06 [MSELoss(): t(0,0)_r(0,0)_combi_pNone_gTrue]
	 Logging test loss: 3.06545e-05 [MSELoss(): tennis_pNone_gNone_tennisEffect]
	 Logging test loss: 3.9649e-06 [MSELoss(): t(5,20)_r(5,20)_combi_pNone_gNone]
	 Logging test loss: 3.8304e-06 [MSELoss(): t(0,0)_r(0,0)_combi_pTrue_gTrue]
		--> Epoch time; 37.631969690322876
Epoch 7/9
	 Logging train Loss: 5.3559e-06 [MSELoss(): t(5,20)_r(5,20)_combi_pNone_gNone]
	 Logging test loss: 4.691e-06 [MSELoss(): t(0,0)_r(0,0)_combi_pNone_gTrue]
	 Logging test loss: 3.12261e-05 [MSELoss(): tennis_pNone_gNone_tennisEffect]
	 Logging test loss: 5.5966e-06 [MSELoss(): t(5,20)_r(5,20)_combi_pNone_gNone]
	 Logging test loss: 4.3003e-06 [MSELoss(): t(0,0)_r(0,0)_combi_pTrue_gTrue]
		--> Epoch time; 37.582886934280396
Epoch 8/9
	 Logging train Loss: 4.8677e-06 [MSELoss(): t(5,20)_r(5,20)_combi_pNone_gNone]
	 Logging test loss: 3.3258e-06 [MSELoss(): t(0,0)_r(0,0)_combi_pNone_gTrue]
	 Logging test loss: 2.78024e-05 [MSELoss(): tennis_pNone_gNone_tennisEffect]
	 Logging test loss: 5.3163e-06 [MSELoss(): t(5,20)_r(5,20)_combi_pNone_gNone]
	 Logging test loss: 3.1528e-06 [MSELoss(): t(0,0)_r(0,0)_combi_pTrue_gTrue]
		--> Epoch time; 37.386608600616455
Epoch 9/9
	 Logging train Loss: 4.2389e-06 [MSELoss(): t(5,20)_r(5,20)_combi_pNone_gNone]
	 Logging test loss: 1.8527e-06 [MSELoss(): t(0,0)_r(0,0)_combi_pNone_gTrue]
	 Logging test loss: 2.3716e-05 [MSELoss(): tennis_pNone_gNone_tennisEffect]
	 Logging test loss: 3.574e-06 [MSELoss(): t(5,20)_r(5,20)_combi_pNone_gNone]
	 Logging test loss: 1.6653e-06 [MSELoss(): t(0,0)_r(0,0)_combi_pTrue_gTrue]
		--> Epoch time; 37.290674686431885
Saved model in  trained_models/gru/data_t(5,20)_r(5,20)_combi_pNone_gNone/'log_dualQ_1'_'True'.pth
It took  499.50859570503235  seconds.
----- ITERATION 9/10 ------
Number of train simulations:  1920
Number of test simulations:  480
The dataloader for data/data_t(5,20)_r(5,20)_combi_pNone_gNone took 52.89043736457825 seconds.
-- Finished Train Dataloader --
The dataloader for data/data_t(0,0)_r(0,0)_combi_pNone_gTrue took 13.501373052597046 seconds.
The dataloader for data/data_tennis_pNone_gNone_tennisEffect took 13.520196437835693 seconds.
The dataloader for data/data_t(5,20)_r(5,20)_combi_pNone_gNone took 13.504295825958252 seconds.
The dataloader for data/data_t(0,0)_r(0,0)_combi_pTrue_gTrue took 13.585319995880127 seconds.
-- Finished Test Dataloader(s) --
GRU(
  (rnn): GRU(6, 96, batch_first=True)
  (pre_hidden_lin_layer): Sequential(
    (0): Linear(in_features=3, out_features=96, bias=True)
    (1): ReLU()
    (2): Linear(in_features=96, out_features=96, bias=True)
    (3): ReLU()
  )
  (fc): Linear(in_features=96, out_features=6, bias=True)
)
Datatype: log_dualQ_1
-- Started Training --
Epoch 0/9
	 Logging train Loss: 0.0009822313 [MSELoss(): t(5,20)_r(5,20)_combi_pNone_gNone]
	 Logging test loss: 0.0003862261 [MSELoss(): t(0,0)_r(0,0)_combi_pNone_gTrue]
	 Logging test loss: 0.0005589536 [MSELoss(): tennis_pNone_gNone_tennisEffect]
	 Logging test loss: 7.73854e-05 [MSELoss(): t(5,20)_r(5,20)_combi_pNone_gNone]
	 Logging test loss: 0.0003344431 [MSELoss(): t(0,0)_r(0,0)_combi_pTrue_gTrue]
		--> Epoch time; 37.362478494644165
Epoch 1/9
	 Logging train Loss: 3.40431e-05 [MSELoss(): t(5,20)_r(5,20)_combi_pNone_gNone]
	 Logging test loss: 3.66041e-05 [MSELoss(): t(0,0)_r(0,0)_combi_pNone_gTrue]
	 Logging test loss: 0.0001115914 [MSELoss(): tennis_pNone_gNone_tennisEffect]
	 Logging test loss: 1.66027e-05 [MSELoss(): t(5,20)_r(5,20)_combi_pNone_gNone]
	 Logging test loss: 3.04896e-05 [MSELoss(): t(0,0)_r(0,0)_combi_pTrue_gTrue]
		--> Epoch time; 37.405731439590454
Epoch 2/9
	 Logging train Loss: 1.09104e-05 [MSELoss(): t(5,20)_r(5,20)_combi_pNone_gNone]
	 Logging test loss: 1.91796e-05 [MSELoss(): t(0,0)_r(0,0)_combi_pNone_gTrue]
	 Logging test loss: 7.10316e-05 [MSELoss(): tennis_pNone_gNone_tennisEffect]
	 Logging test loss: 1.15314e-05 [MSELoss(): t(5,20)_r(5,20)_combi_pNone_gNone]
	 Logging test loss: 1.92982e-05 [MSELoss(): t(0,0)_r(0,0)_combi_pTrue_gTrue]
		--> Epoch time; 37.40830159187317
Epoch 3/9
	 Logging train Loss: 8.1219e-06 [MSELoss(): t(5,20)_r(5,20)_combi_pNone_gNone]
	 Logging test loss: 1.26253e-05 [MSELoss(): t(0,0)_r(0,0)_combi_pNone_gTrue]
	 Logging test loss: 5.01761e-05 [MSELoss(): tennis_pNone_gNone_tennisEffect]
	 Logging test loss: 6.9176e-06 [MSELoss(): t(5,20)_r(5,20)_combi_pNone_gNone]
	 Logging test loss: 1.12977e-05 [MSELoss(): t(0,0)_r(0,0)_combi_pTrue_gTrue]
		--> Epoch time; 37.49324822425842
Epoch 4/9
	 Logging train Loss: 7.3422e-06 [MSELoss(): t(5,20)_r(5,20)_combi_pNone_gNone]
	 Logging test loss: 9.0068e-06 [MSELoss(): t(0,0)_r(0,0)_combi_pNone_gTrue]
	 Logging test loss: 4.25583e-05 [MSELoss(): tennis_pNone_gNone_tennisEffect]
	 Logging test loss: 5.132e-06 [MSELoss(): t(5,20)_r(5,20)_combi_pNone_gNone]
	 Logging test loss: 7.876e-06 [MSELoss(): t(0,0)_r(0,0)_combi_pTrue_gTrue]
		--> Epoch time; 37.38191270828247
Epoch 5/9
	 Logging train Loss: 6.7244e-06 [MSELoss(): t(5,20)_r(5,20)_combi_pNone_gNone]
	 Logging test loss: 5.7299e-06 [MSELoss(): t(0,0)_r(0,0)_combi_pNone_gTrue]
	 Logging test loss: 3.65067e-05 [MSELoss(): tennis_pNone_gNone_tennisEffect]
	 Logging test loss: 4.2189e-06 [MSELoss(): t(5,20)_r(5,20)_combi_pNone_gNone]
	 Logging test loss: 4.8773e-06 [MSELoss(): t(0,0)_r(0,0)_combi_pTrue_gTrue]
		--> Epoch time; 37.568007946014404
Epoch 6/9
	 Logging train Loss: 5.9056e-06 [MSELoss(): t(5,20)_r(5,20)_combi_pNone_gNone]
	 Logging test loss: 3.9632e-06 [MSELoss(): t(0,0)_r(0,0)_combi_pNone_gTrue]
	 Logging test loss: 3.31437e-05 [MSELoss(): tennis_pNone_gNone_tennisEffect]
	 Logging test loss: 4.0984e-06 [MSELoss(): t(5,20)_r(5,20)_combi_pNone_gNone]
	 Logging test loss: 3.4835e-06 [MSELoss(): t(0,0)_r(0,0)_combi_pTrue_gTrue]
		--> Epoch time; 37.197813510894775
Epoch 7/9
	 Logging train Loss: 5.3245e-06 [MSELoss(): t(5,20)_r(5,20)_combi_pNone_gNone]
	 Logging test loss: 3.732e-06 [MSELoss(): t(0,0)_r(0,0)_combi_pNone_gTrue]
	 Logging test loss: 3.33146e-05 [MSELoss(): tennis_pNone_gNone_tennisEffect]
	 Logging test loss: 4.7957e-06 [MSELoss(): t(5,20)_r(5,20)_combi_pNone_gNone]
	 Logging test loss: 3.9386e-06 [MSELoss(): t(0,0)_r(0,0)_combi_pTrue_gTrue]
		--> Epoch time; 37.43417429924011
Epoch 8/9
wandb: Waiting for W&B process to finish... (success).
wandb: 
wandb: Run history:
wandb:                                       Epoch â–â–‚â–ƒâ–ƒâ–„â–…â–†â–†â–‡â–ˆ
wandb:   Test loss t(0,0)_r(0,0)_combi_pNone_gTrue â–ˆâ–‚â–â–â–â–â–â–â–â–
wandb:   Test loss t(0,0)_r(0,0)_combi_pTrue_gTrue â–ˆâ–‚â–â–â–â–â–â–â–â–
wandb: Test loss t(5,20)_r(5,20)_combi_pNone_gNone â–ˆâ–‚â–‚â–â–â–â–â–â–â–
wandb:   Test loss tennis_pNone_gNone_tennisEffect â–ˆâ–‚â–‚â–â–â–â–â–â–â–
wandb:                                  Train loss â–ˆâ–â–â–â–â–â–â–â–â–
wandb: 
wandb: Run summary:
wandb:                                       Epoch 9
wandb:   Test loss t(0,0)_r(0,0)_combi_pNone_gTrue 0.0
wandb:   Test loss t(0,0)_r(0,0)_combi_pTrue_gTrue 0.0
wandb: Test loss t(5,20)_r(5,20)_combi_pNone_gNone 1e-05
wandb:   Test loss tennis_pNone_gNone_tennisEffect 3e-05
wandb:                                  Train loss 0.0
wandb: 
wandb: ðŸš€ View run hardy-bee-1459 at: https://wandb.ai/nreints/ThesisFinal2/runs/2x8xsfjf
wandb: Synced 7 W&B file(s), 0 media file(s), 4 artifact file(s) and 1 other file(s)
wandb: Find logs at: ./wandb/run-20230710_201109-2x8xsfjf/logs
wandb: - Waiting for wandb.init()...wandb: \ Waiting for wandb.init()...wandb: wandb version 0.15.5 is available!  To upgrade, please run:
wandb:  $ pip install wandb --upgrade
wandb: Tracking run with wandb version 0.14.0
wandb: Run data is saved locally in /gpfs/home2/nreints/MScThesis/code/wandb/run-20230710_201926-hz5rvzc0
wandb: Run `wandb offline` to turn off syncing.
wandb: Syncing run fresh-dream-1461
wandb: â­ï¸ View project at https://wandb.ai/nreints/ThesisFinal2
wandb: ðŸš€ View run at https://wandb.ai/nreints/ThesisFinal2/runs/hz5rvzc0
wandb: Waiting for W&B process to finish... (success).
wandb: 
wandb: Run history:
wandb:                                       Epoch â–â–‚â–ƒâ–ƒâ–„â–…â–†â–†â–‡â–ˆ
wandb:   Test loss t(0,0)_r(0,0)_combi_pNone_gTrue â–ˆâ–‚â–â–â–‚â–â–â–â–â–
wandb:   Test loss t(0,0)_r(0,0)_combi_pTrue_gTrue â–ˆâ–‚â–â–â–‚â–â–â–â–â–
wandb: Test loss t(5,20)_r(5,20)_combi_pNone_gNone â–ˆâ–‚â–â–‚â–ƒâ–â–â–â–â–
wandb:   Test loss tennis_pNone_gNone_tennisEffect â–ˆâ–‚â–‚â–â–‚â–â–â–â–â–
wandb:                                  Train loss â–ˆâ–â–â–â–â–â–â–â–â–
wandb: 
wandb: Run summary:
wandb:                                       Epoch 9
wandb:   Test loss t(0,0)_r(0,0)_combi_pNone_gTrue 0.0
wandb:   Test loss t(0,0)_r(0,0)_combi_pTrue_gTrue 0.0
wandb: Test loss t(5,20)_r(5,20)_combi_pNone_gNone 0.0
wandb:   Test loss tennis_pNone_gNone_tennisEffect 3e-05
wandb:                                  Train loss 0.0
wandb: 
wandb: ðŸš€ View run fresh-dream-1461 at: https://wandb.ai/nreints/ThesisFinal2/runs/hz5rvzc0
wandb: Synced 7 W&B file(s), 0 media file(s), 4 artifact file(s) and 1 other file(s)
wandb: Find logs at: ./wandb/run-20230710_201926-hz5rvzc0/logs
	 Logging train Loss: 4.653e-06 [MSELoss(): t(5,20)_r(5,20)_combi_pNone_gNone]
	 Logging test loss: 2.4473e-06 [MSELoss(): t(0,0)_r(0,0)_combi_pNone_gTrue]
	 Logging test loss: 2.85126e-05 [MSELoss(): tennis_pNone_gNone_tennisEffect]
	 Logging test loss: 3.8096e-06 [MSELoss(): t(5,20)_r(5,20)_combi_pNone_gNone]
	 Logging test loss: 2.2262e-06 [MSELoss(): t(0,0)_r(0,0)_combi_pTrue_gTrue]
		--> Epoch time; 37.24931812286377
Epoch 9/9
	 Logging train Loss: 4.367e-06 [MSELoss(): t(5,20)_r(5,20)_combi_pNone_gNone]
	 Logging test loss: 4.2688e-06 [MSELoss(): t(0,0)_r(0,0)_combi_pNone_gTrue]
	 Logging test loss: 3.24503e-05 [MSELoss(): tennis_pNone_gNone_tennisEffect]
	 Logging test loss: 6.369e-06 [MSELoss(): t(5,20)_r(5,20)_combi_pNone_gNone]
	 Logging test loss: 4.5925e-06 [MSELoss(): t(0,0)_r(0,0)_combi_pTrue_gTrue]
		--> Epoch time; 37.386537075042725
Saved model in  trained_models/gru/data_t(5,20)_r(5,20)_combi_pNone_gNone/'log_dualQ_1'_'True'.pth
It took  497.24186873435974  seconds.
----- ITERATION 10/10 ------
Number of train simulations:  1920
Number of test simulations:  480
The dataloader for data/data_t(5,20)_r(5,20)_combi_pNone_gNone took 53.45865273475647 seconds.
-- Finished Train Dataloader --
The dataloader for data/data_t(0,0)_r(0,0)_combi_pNone_gTrue took 13.59731149673462 seconds.
The dataloader for data/data_tennis_pNone_gNone_tennisEffect took 13.490722179412842 seconds.
The dataloader for data/data_t(5,20)_r(5,20)_combi_pNone_gNone took 13.586001873016357 seconds.
The dataloader for data/data_t(0,0)_r(0,0)_combi_pTrue_gTrue took 13.531296730041504 seconds.
-- Finished Test Dataloader(s) --
GRU(
  (rnn): GRU(6, 96, batch_first=True)
  (pre_hidden_lin_layer): Sequential(
    (0): Linear(in_features=3, out_features=96, bias=True)
    (1): ReLU()
    (2): Linear(in_features=96, out_features=96, bias=True)
    (3): ReLU()
  )
  (fc): Linear(in_features=96, out_features=6, bias=True)
)
Datatype: log_dualQ_1
-- Started Training --
Epoch 0/9
	 Logging train Loss: 0.0008730142 [MSELoss(): t(5,20)_r(5,20)_combi_pNone_gNone]
	 Logging test loss: 0.0003875241 [MSELoss(): t(0,0)_r(0,0)_combi_pNone_gTrue]
	 Logging test loss: 0.0005554663 [MSELoss(): tennis_pNone_gNone_tennisEffect]
	 Logging test loss: 7.22839e-05 [MSELoss(): t(5,20)_r(5,20)_combi_pNone_gNone]
	 Logging test loss: 0.0003424444 [MSELoss(): t(0,0)_r(0,0)_combi_pTrue_gTrue]
		--> Epoch time; 37.52226996421814
Epoch 1/9
	 Logging train Loss: 3.59053e-05 [MSELoss(): t(5,20)_r(5,20)_combi_pNone_gNone]
	 Logging test loss: 3.82453e-05 [MSELoss(): t(0,0)_r(0,0)_combi_pNone_gTrue]
	 Logging test loss: 0.0001141425 [MSELoss(): tennis_pNone_gNone_tennisEffect]
	 Logging test loss: 1.36962e-05 [MSELoss(): t(5,20)_r(5,20)_combi_pNone_gNone]
	 Logging test loss: 3.45156e-05 [MSELoss(): t(0,0)_r(0,0)_combi_pTrue_gTrue]
		--> Epoch time; 36.9206817150116
Epoch 2/9
	 Logging train Loss: 1.18716e-05 [MSELoss(): t(5,20)_r(5,20)_combi_pNone_gNone]
	 Logging test loss: 2.05481e-05 [MSELoss(): t(0,0)_r(0,0)_combi_pNone_gTrue]
	 Logging test loss: 6.69111e-05 [MSELoss(): tennis_pNone_gNone_tennisEffect]
	 Logging test loss: 7.9463e-06 [MSELoss(): t(5,20)_r(5,20)_combi_pNone_gNone]
	 Logging test loss: 1.81022e-05 [MSELoss(): t(0,0)_r(0,0)_combi_pTrue_gTrue]
		--> Epoch time; 37.227415323257446
Epoch 3/9
	 Logging train Loss: 8.5964e-06 [MSELoss(): t(5,20)_r(5,20)_combi_pNone_gNone]
	 Logging test loss: 1.99505e-05 [MSELoss(): t(0,0)_r(0,0)_combi_pNone_gTrue]
	 Logging test loss: 5.95929e-05 [MSELoss(): tennis_pNone_gNone_tennisEffect]
	 Logging test loss: 9.2919e-06 [MSELoss(): t(5,20)_r(5,20)_combi_pNone_gNone]
	 Logging test loss: 1.7493e-05 [MSELoss(): t(0,0)_r(0,0)_combi_pTrue_gTrue]
		--> Epoch time; 37.00531554222107
Epoch 4/9
	 Logging train Loss: 7.558e-06 [MSELoss(): t(5,20)_r(5,20)_combi_pNone_gNone]
	 Logging test loss: 3.84297e-05 [MSELoss(): t(0,0)_r(0,0)_combi_pNone_gTrue]
	 Logging test loss: 0.0001093838 [MSELoss(): tennis_pNone_gNone_tennisEffect]
	 Logging test loss: 2.74273e-05 [MSELoss(): t(5,20)_r(5,20)_combi_pNone_gNone]
	 Logging test loss: 3.34511e-05 [MSELoss(): t(0,0)_r(0,0)_combi_pTrue_gTrue]
		--> Epoch time; 37.09518599510193
Epoch 5/9
	 Logging train Loss: 6.706e-06 [MSELoss(): t(5,20)_r(5,20)_combi_pNone_gNone]
	 Logging test loss: 1.12604e-05 [MSELoss(): t(0,0)_r(0,0)_combi_pNone_gTrue]
	 Logging test loss: 4.56395e-05 [MSELoss(): tennis_pNone_gNone_tennisEffect]
	 Logging test loss: 6.381e-06 [MSELoss(): t(5,20)_r(5,20)_combi_pNone_gNone]
	 Logging test loss: 9.3863e-06 [MSELoss(): t(0,0)_r(0,0)_combi_pTrue_gTrue]
		--> Epoch time; 37.18242788314819
Epoch 6/9
	 Logging train Loss: 5.699e-06 [MSELoss(): t(5,20)_r(5,20)_combi_pNone_gNone]
	 Logging test loss: 6.9916e-06 [MSELoss(): t(0,0)_r(0,0)_combi_pNone_gTrue]
	 Logging test loss: 3.47394e-05 [MSELoss(): tennis_pNone_gNone_tennisEffect]
	 Logging test loss: 4.1026e-06 [MSELoss(): t(5,20)_r(5,20)_combi_pNone_gNone]
	 Logging test loss: 6.4369e-06 [MSELoss(): t(0,0)_r(0,0)_combi_pTrue_gTrue]
		--> Epoch time; 37.01719331741333
Epoch 7/9
	 Logging train Loss: 5.186e-06 [MSELoss(): t(5,20)_r(5,20)_combi_pNone_gNone]
	 Logging test loss: 4.8806e-06 [MSELoss(): t(0,0)_r(0,0)_combi_pNone_gTrue]
	 Logging test loss: 3.07382e-05 [MSELoss(): tennis_pNone_gNone_tennisEffect]
	 Logging test loss: 3.7975e-06 [MSELoss(): t(5,20)_r(5,20)_combi_pNone_gNone]
	 Logging test loss: 4.1866e-06 [MSELoss(): t(0,0)_r(0,0)_combi_pTrue_gTrue]
		--> Epoch time; 37.269232511520386
Epoch 8/9
	 Logging train Loss: 4.4553e-06 [MSELoss(): t(5,20)_r(5,20)_combi_pNone_gNone]
	 Logging test loss: 4.53e-06 [MSELoss(): t(0,0)_r(0,0)_combi_pNone_gTrue]
	 Logging test loss: 3.11273e-05 [MSELoss(): tennis_pNone_gNone_tennisEffect]
	 Logging test loss: 5.107e-06 [MSELoss(): t(5,20)_r(5,20)_combi_pNone_gNone]
	 Logging test loss: 3.8331e-06 [MSELoss(): t(0,0)_r(0,0)_combi_pTrue_gTrue]
		--> Epoch time; 36.95793676376343
Epoch 9/9
	 Logging train Loss: 4.2001e-06 [MSELoss(): t(5,20)_r(5,20)_combi_pNone_gNone]
	 Logging test loss: 3.3245e-06 [MSELoss(): t(0,0)_r(0,0)_combi_pNone_gTrue]
	 Logging test loss: 2.61675e-05 [MSELoss(): tennis_pNone_gNone_tennisEffect]
	 Logging test loss: 3.9019e-06 [MSELoss(): t(5,20)_r(5,20)_combi_pNone_gNone]
	 Logging test loss: 3.0998e-06 [MSELoss(): t(0,0)_r(0,0)_combi_pTrue_gTrue]
		--> Epoch time; 37.02951526641846
Saved model in  trained_models/gru/data_t(5,20)_r(5,20)_combi_pNone_gNone/'log_dualQ_1'_'True'.pth
It took  492.4546687602997  seconds.

JOB STATISTICS
==============
Job ID: 3044174
Array Job ID: 3044169_60
Cluster: snellius
User/Group: nreints/nreints
State: COMPLETED (exit code 0)
Nodes: 1
Cores per node: 18
CPU Utilized: 01:30:26
CPU Efficiency: 6.05% of 1-00:55:48 core-walltime
Job Wall-clock time: 01:23:06
Memory Utilized: 7.57 GB
Memory Efficiency: 0.00% of 0.00 MB
