/gpfs/home2/nreints/MScThesis/code/gru.py:583: DeprecationWarning: Sampling from a set deprecated
since Python 3.9 and will be removed in a subsequent version.
  train_sims = set(random.sample(sims_train, int(0.8 * n_sims_train_total)))
wandb: Currently logged in as: nreints. Use `wandb login --relogin` to force relogin
wandb: Tracking run with wandb version 0.14.0
wandb: Run data is saved locally in /gpfs/home2/nreints/MScThesis/code/wandb/run-20230329_100837-lu306gbv
wandb: Run `wandb offline` to turn off syncing.
wandb: Syncing run volcanic-universe-459
wandb: â­ï¸ View project at https://wandb.ai/nreints/test
wandb: ðŸš€ View run at https://wandb.ai/nreints/test/runs/lu306gbv
/home/nreints/.conda/envs/thesis/lib/python3.10/site-packages/torch/nn/init.py:405: UserWarning: Initializing zero-element tensors is a no-op
  warnings.warn("Initializing zero-element tensors is a no-op")
wandb: Waiting for W&B process to finish... (success).
wandb: 
wandb: Run history:
wandb:                                                  Epoch â–â–‚â–ƒâ–ƒâ–„â–…â–†â–†â–‡â–ˆ
wandb: Test loss t(0, 0)_r(5, 20)_full_pNone_gNone, MSELoss() â–ˆâ–†â–‚â–â–â–â–â–â–â–â–
wandb:                                             Train loss â–ˆâ–†â–…â–â–â–â–â–â–â–
wandb: 
wandb: Run summary:
wandb:                                                  Epoch 9
wandb: Test loss t(0, 0)_r(5, 20)_full_pNone_gNone, MSELoss() 0.04806
wandb:                                             Train loss 0.0714
wandb: 
wandb: ðŸš€ View run volcanic-universe-459 at: https://wandb.ai/nreints/test/runs/lu306gbv
wandb: Synced 6 W&B file(s), 0 media file(s), 0 artifact file(s) and 1 other file(s)
wandb: Find logs at: ./wandb/run-20230329_100837-lu306gbv/logs
Running for data type: quat
----- ITERATION 1/2 ------
Number of train simulations: 160
Number of test simulations: 40
-- Finished Train Dataloader --
-- Finished Test Dataloader(s) --
GRU(
  (rnn): GRU(7, 96, batch_first=True)
  (pre_hidden_lin_layer): Sequential(
    (0): Linear(in_features=0, out_features=96, bias=True)
  )
  (fc): Linear(in_features=96, out_features=7, bias=True)
)
-- Started Training --
Epoch 0
	 Logging train Loss: 14.014305013 (MSELoss(): data_t(0, 0)_r(5, 20)_full_pNone_gNone)
	 Logging test loss: 8.982592582702637 (MSELoss(): t(0, 0)_r(5, 20)_full_pNone_gNone)
     --> Epoch time; 4.335726022720337
Epoch 1
	 Logging train Loss: 9.8572192383 (MSELoss(): data_t(0, 0)_r(5, 20)_full_pNone_gNone)
	 Logging test loss: 6.985048770904541 (MSELoss(): t(0, 0)_r(5, 20)_full_pNone_gNone)
     --> Epoch time; 4.1694512367248535
Epoch 2
	 Logging train Loss: 7.8356917318 (MSELoss(): data_t(0, 0)_r(5, 20)_full_pNone_gNone)
	 Logging test loss: 1.2835994958877563 (MSELoss(): t(0, 0)_r(5, 20)_full_pNone_gNone)
     --> Epoch time; 4.07955265045166
Epoch 3
	 Logging train Loss: 0.6804610697 (MSELoss(): data_t(0, 0)_r(5, 20)_full_pNone_gNone)
	 Logging test loss: 0.15444400906562805 (MSELoss(): t(0, 0)_r(5, 20)_full_pNone_gNone)
     --> Epoch time; 4.084259986877441
Epoch 4
	 Logging train Loss: 0.1624409739 (MSELoss(): data_t(0, 0)_r(5, 20)_full_pNone_gNone)
	 Logging test loss: 0.09700016677379608 (MSELoss(): t(0, 0)_r(5, 20)_full_pNone_gNone)
     --> Epoch time; 4.083209753036499
Epoch 5
	 Logging train Loss: 0.1184254074 (MSELoss(): data_t(0, 0)_r(5, 20)_full_pNone_gNone)
	 Logging test loss: 0.07487902790307999 (MSELoss(): t(0, 0)_r(5, 20)_full_pNone_gNone)
     --> Epoch time; 4.227671146392822
Epoch 6
	 Logging train Loss: 0.0964131737 (MSELoss(): data_t(0, 0)_r(5, 20)_full_pNone_gNone)
	 Logging test loss: 0.06260932981967926 (MSELoss(): t(0, 0)_r(5, 20)_full_pNone_gNone)
     --> Epoch time; 4.086966276168823
Epoch 7
	 Logging train Loss: 0.084078064 (MSELoss(): data_t(0, 0)_r(5, 20)_full_pNone_gNone)
	 Logging test loss: 0.055439554154872894 (MSELoss(): t(0, 0)_r(5, 20)_full_pNone_gNone)
     --> Epoch time; 4.106283664703369
Epoch 8
	 Logging train Loss: 0.0765094757 (MSELoss(): data_t(0, 0)_r(5, 20)_full_pNone_gNone)
	 Logging test loss: 0.0516490712761879 (MSELoss(): t(0, 0)_r(5, 20)_full_pNone_gNone)
     --> Epoch time; 4.107889890670776
Epoch 9
	 Logging train Loss: 0.071399498 (MSELoss(): data_t(0, 0)_r(5, 20)_full_pNone_gNone)
	 Logging test loss: 0.04809412732720375 (MSELoss(): t(0, 0)_r(5, 20)_full_pNone_gNone)
     --> Epoch time; 4.117573976516724
	 Logging test loss: 0.048057831823825836 (MSELoss(): t(0, 0)_r(5, 20)_full_pNone_gNone)
It took  55.41328048706055  seconds.
Traceback (most recent call last):
  File "/gpfs/home2/nreints/MScThesis/code/gru.py", line 642, in <module>
    torch.save(
  File "/home/nreints/.conda/envs/thesis/lib/python3.10/site-packages/torch/serialization.py", line 422, in save
    with _open_zipfile_writer(f) as opened_zipfile:
  File "/home/nreints/.conda/envs/thesis/lib/python3.10/site-packages/torch/serialization.py", line 309, in _open_zipfile_writer
    return container(name_or_buffer)
  File "/home/nreints/.conda/envs/thesis/lib/python3.10/site-packages/torch/serialization.py", line 287, in __init__
    super(_open_zipfile_writer_file, self).__init__(torch._C.PyTorchFileWriter(str(name)))
RuntimeError: Parent directory models/gru does not exist.
srun: error: gcn30: task 0: Exited with exit code 1
srun: launch/slurm: _step_signal: Terminating StepId=2512264.0

JOB STATISTICS
==============
Job ID: 2512264
Array Job ID: 2512261_3
Cluster: snellius
User/Group: nreints/nreints
State: FAILED (exit code 1)
Nodes: 1
Cores per node: 18
CPU Utilized: 00:10:00
CPU Efficiency: 46.30% of 00:21:36 core-walltime
Job Wall-clock time: 00:01:12
Memory Utilized: 2.95 GB
Memory Efficiency: 9.44% of 31.25 GB
