/gpfs/home2/nreints/MScThesis/code/gru.py:582: DeprecationWarning: Sampling from a set deprecated
since Python 3.9 and will be removed in a subsequent version.
  train_sims = set(random.sample(sims_train, int(0.8 * n_sims_train_total)))
wandb: Currently logged in as: nreints. Use `wandb login --relogin` to force relogin
wandb: Tracking run with wandb version 0.14.0
wandb: Run data is saved locally in /gpfs/home2/nreints/MScThesis/code/wandb/run-20230328_174736-pkga0553
wandb: Run `wandb offline` to turn off syncing.
wandb: Syncing run vital-capybara-435
wandb: ⭐️ View project at https://wandb.ai/nreints/test
wandb: 🚀 View run at https://wandb.ai/nreints/test/runs/pkga0553
slurmstepd: error: Detected 1 oom-kill event(s) in StepId=2511250.0. Some of your processes may have been killed by the cgroup out-of-memory handler.
srun: error: gcn34: task 0: Out Of Memory
srun: launch/slurm: _step_signal: Terminating StepId=2511250.0

JOB STATISTICS
==============
Job ID: 2511250
Array Job ID: 2511216_34
Cluster: snellius
User/Group: nreints/nreints
State: FAILED (exit code 1)
Nodes: 1
Cores per node: 18
CPU Utilized: 00:11:07
CPU Efficiency: 16.84% of 01:06:00 core-walltime
Job Wall-clock time: 00:03:40
Memory Utilized: 16.94 GB
Memory Efficiency: 57.83% of 29.30 GB
