wandb: Currently logged in as: nreints. Use `wandb login --relogin` to force relogin
wandb: wandb version 0.15.5 is available!  To upgrade, please run:
wandb:  $ pip install wandb --upgrade
wandb: Tracking run with wandb version 0.14.0
wandb: Run data is saved locally in /gpfs/home2/nreints/MScThesis/code/wandb/run-20230709_172831-xq1vsvzp
wandb: Run `wandb offline` to turn off syncing.
wandb: Syncing run smooth-snowflake-832
wandb: â­ï¸ View project at https://wandb.ai/nreints/ThesisFinal2
wandb: ðŸš€ View run at https://wandb.ai/nreints/ThesisFinal2/runs/xq1vsvzp
wandb: Waiting for W&B process to finish... (success).
wandb: 
wandb: Run history:
wandb:                                      Epoch â–â–‚â–ƒâ–ƒâ–„â–…â–†â–†â–‡â–ˆ
wandb:  Test loss t(0,0)_r(0,0)_combi_pTrue_gTrue â–ˆâ–†â–…â–„â–ƒâ–‚â–‚â–‚â–â–
wandb:   Test loss t(0,0)_r(0,0)_full_pTrue_gTrue â–ˆâ–ƒâ–‚â–‚â–â–â–‚â–â–â–
wandb:   Test loss t(0,0)_r(0,0)_semi_pTrue_gTrue â–ˆâ–…â–„â–ƒâ–ƒâ–‚â–‚â–‚â–â–
wandb: Test loss t(0,0)_r(0,0)_tennis_pTrue_gTrue â–ˆâ–†â–…â–„â–ƒâ–ƒâ–ƒâ–â–â–
wandb:                                 Train loss â–ˆâ–â–â–â–â–â–â–â–â–
wandb: 
wandb: Run summary:
wandb:                                      Epoch 9
wandb:  Test loss t(0,0)_r(0,0)_combi_pTrue_gTrue 0.00056
wandb:   Test loss t(0,0)_r(0,0)_full_pTrue_gTrue 2e-05
wandb:   Test loss t(0,0)_r(0,0)_semi_pTrue_gTrue 0.00088
wandb: Test loss t(0,0)_r(0,0)_tennis_pTrue_gTrue 0.0016
wandb:                                 Train loss 7e-05
wandb: 
wandb: ðŸš€ View run smooth-snowflake-832 at: https://wandb.ai/nreints/ThesisFinal2/runs/xq1vsvzp
wandb: Synced 6 W&B file(s), 0 media file(s), 3 artifact file(s) and 1 other file(s)
wandb: Find logs at: ./wandb/run-20230709_172831-xq1vsvzp/logs
wandb: - Waiting for wandb.init()...wandb: \ Waiting for wandb.init()...wandb: wandb version 0.15.5 is available!  To upgrade, please run:
wandb:  $ pip install wandb --upgrade
wandb: Tracking run with wandb version 0.14.0
wandb: Run data is saved locally in /gpfs/home2/nreints/MScThesis/code/wandb/run-20230709_174139-fhtvkdx6
wandb: Run `wandb offline` to turn off syncing.
wandb: Syncing run pleasant-sound-867
wandb: â­ï¸ View project at https://wandb.ai/nreints/ThesisFinal2
wandb: ðŸš€ View run at https://wandb.ai/nreints/ThesisFinal2/runs/fhtvkdx6
Training on dataset: data_t(0,0)_r(0,0)_combi_pTrue_gTrue
Testing on 4 datasets: ['data_t(0,0)_r(0,0)_tennis_pTrue_gTrue', 'data_t(0,0)_r(0,0)_full_pTrue_gTrue', 'data_t(0,0)_r(0,0)_combi_pTrue_gTrue', 'data_t(0,0)_r(0,0)_semi_pTrue_gTrue']
Focussing on identity: False
Using extra input: True
Using start-fr as reference point.
----- ITERATION 1/10 ------
Number of train simulations:  1920
Number of test simulations:  480
The dataloader for data/data_t(0,0)_r(0,0)_combi_pTrue_gTrue took 88.24922227859497 seconds.
-- Finished Train Dataloader --
The dataloader for data/data_t(0,0)_r(0,0)_tennis_pTrue_gTrue took 22.00228261947632 seconds.
The dataloader for data/data_t(0,0)_r(0,0)_full_pTrue_gTrue took 22.016945600509644 seconds.
The dataloader for data/data_t(0,0)_r(0,0)_combi_pTrue_gTrue took 22.624107122421265 seconds.
The dataloader for data/data_t(0,0)_r(0,0)_semi_pTrue_gTrue took 22.37479519844055 seconds.
-- Finished Test Dataloader(s) --
GRU(
  (rnn): GRU(12, 96, batch_first=True)
  (pre_hidden_lin_layer): Sequential(
    (0): Linear(in_features=3, out_features=96, bias=True)
    (1): ReLU()
    (2): Linear(in_features=96, out_features=96, bias=True)
    (3): ReLU()
  )
  (fc): Linear(in_features=96, out_features=12, bias=True)
)
Datatype: rot_mat
-- Started Training --
Epoch 0/9
	 Logging train Loss: 0.0971218422 [MSELoss(): t(0,0)_r(0,0)_combi_pTrue_gTrue]
	 Logging test loss: 0.0064905188 [MSELoss(): t(0,0)_r(0,0)_tennis_pTrue_gTrue]
	 Logging test loss: 0.0001798807 [MSELoss(): t(0,0)_r(0,0)_full_pTrue_gTrue]
	 Logging test loss: 0.0038197767 [MSELoss(): t(0,0)_r(0,0)_combi_pTrue_gTrue]
	 Logging test loss: 0.0027759811 [MSELoss(): t(0,0)_r(0,0)_semi_pTrue_gTrue]
		--> Epoch time; 59.77391576766968
Epoch 1/9
	 Logging train Loss: 0.0006446562 [MSELoss(): t(0,0)_r(0,0)_combi_pTrue_gTrue]
	 Logging test loss: 0.0047587762 [MSELoss(): t(0,0)_r(0,0)_tennis_pTrue_gTrue]
	 Logging test loss: 7.17881e-05 [MSELoss(): t(0,0)_r(0,0)_full_pTrue_gTrue]
	 Logging test loss: 0.0028433136 [MSELoss(): t(0,0)_r(0,0)_combi_pTrue_gTrue]
	 Logging test loss: 0.0018472038 [MSELoss(): t(0,0)_r(0,0)_semi_pTrue_gTrue]
		--> Epoch time; 60.11878275871277
Epoch 2/9
	 Logging train Loss: 0.0002937072 [MSELoss(): t(0,0)_r(0,0)_combi_pTrue_gTrue]
	 Logging test loss: 0.0042594844 [MSELoss(): t(0,0)_r(0,0)_tennis_pTrue_gTrue]
	 Logging test loss: 4.55828e-05 [MSELoss(): t(0,0)_r(0,0)_full_pTrue_gTrue]
	 Logging test loss: 0.0023159496 [MSELoss(): t(0,0)_r(0,0)_combi_pTrue_gTrue]
	 Logging test loss: 0.0017127407 [MSELoss(): t(0,0)_r(0,0)_semi_pTrue_gTrue]
		--> Epoch time; 59.86209297180176
Epoch 3/9
	 Logging train Loss: 0.00017826 [MSELoss(): t(0,0)_r(0,0)_combi_pTrue_gTrue]
	 Logging test loss: 0.0037727896 [MSELoss(): t(0,0)_r(0,0)_tennis_pTrue_gTrue]
	 Logging test loss: 3.97972e-05 [MSELoss(): t(0,0)_r(0,0)_full_pTrue_gTrue]
	 Logging test loss: 0.0019203295 [MSELoss(): t(0,0)_r(0,0)_combi_pTrue_gTrue]
	 Logging test loss: 0.0015282481 [MSELoss(): t(0,0)_r(0,0)_semi_pTrue_gTrue]
		--> Epoch time; 59.58554720878601
Epoch 4/9
	 Logging train Loss: 0.0001370541 [MSELoss(): t(0,0)_r(0,0)_combi_pTrue_gTrue]
	 Logging test loss: 0.003063183 [MSELoss(): t(0,0)_r(0,0)_tennis_pTrue_gTrue]
	 Logging test loss: 2.11566e-05 [MSELoss(): t(0,0)_r(0,0)_full_pTrue_gTrue]
	 Logging test loss: 0.0014648717 [MSELoss(): t(0,0)_r(0,0)_combi_pTrue_gTrue]
	 Logging test loss: 0.0013287863 [MSELoss(): t(0,0)_r(0,0)_semi_pTrue_gTrue]
		--> Epoch time; 59.953495025634766
Epoch 5/9
	 Logging train Loss: 0.0001017276 [MSELoss(): t(0,0)_r(0,0)_combi_pTrue_gTrue]
	 Logging test loss: 0.0027737988 [MSELoss(): t(0,0)_r(0,0)_tennis_pTrue_gTrue]
	 Logging test loss: 1.84648e-05 [MSELoss(): t(0,0)_r(0,0)_full_pTrue_gTrue]
	 Logging test loss: 0.0011425533 [MSELoss(): t(0,0)_r(0,0)_combi_pTrue_gTrue]
	 Logging test loss: 0.0012760004 [MSELoss(): t(0,0)_r(0,0)_semi_pTrue_gTrue]
		--> Epoch time; 60.17061996459961
Epoch 6/9
	 Logging train Loss: 8.32748e-05 [MSELoss(): t(0,0)_r(0,0)_combi_pTrue_gTrue]
	 Logging test loss: 0.0028754445 [MSELoss(): t(0,0)_r(0,0)_tennis_pTrue_gTrue]
	 Logging test loss: 4.23536e-05 [MSELoss(): t(0,0)_r(0,0)_full_pTrue_gTrue]
	 Logging test loss: 0.0010187795 [MSELoss(): t(0,0)_r(0,0)_combi_pTrue_gTrue]
	 Logging test loss: 0.0012159753 [MSELoss(): t(0,0)_r(0,0)_semi_pTrue_gTrue]
		--> Epoch time; 59.835901975631714
Epoch 7/9
	 Logging train Loss: 7.33753e-05 [MSELoss(): t(0,0)_r(0,0)_combi_pTrue_gTrue]
	 Logging test loss: 0.0019100379 [MSELoss(): t(0,0)_r(0,0)_tennis_pTrue_gTrue]
	 Logging test loss: 2.15453e-05 [MSELoss(): t(0,0)_r(0,0)_full_pTrue_gTrue]
	 Logging test loss: 0.0008162482 [MSELoss(): t(0,0)_r(0,0)_combi_pTrue_gTrue]
	 Logging test loss: 0.0010428801 [MSELoss(): t(0,0)_r(0,0)_semi_pTrue_gTrue]
		--> Epoch time; 59.71966004371643
Epoch 8/9
	 Logging train Loss: 8.46729e-05 [MSELoss(): t(0,0)_r(0,0)_combi_pTrue_gTrue]
	 Logging test loss: 0.0016168441 [MSELoss(): t(0,0)_r(0,0)_tennis_pTrue_gTrue]
	 Logging test loss: 2.06273e-05 [MSELoss(): t(0,0)_r(0,0)_full_pTrue_gTrue]
	 Logging test loss: 0.0006332872 [MSELoss(): t(0,0)_r(0,0)_combi_pTrue_gTrue]
	 Logging test loss: 0.0009887161 [MSELoss(): t(0,0)_r(0,0)_semi_pTrue_gTrue]
		--> Epoch time; 59.37242674827576
Epoch 9/9
	 Logging train Loss: 6.97506e-05 [MSELoss(): t(0,0)_r(0,0)_combi_pTrue_gTrue]
	 Logging test loss: 0.0016023141 [MSELoss(): t(0,0)_r(0,0)_tennis_pTrue_gTrue]
	 Logging test loss: 1.75184e-05 [MSELoss(): t(0,0)_r(0,0)_full_pTrue_gTrue]
	 Logging test loss: 0.0005645273 [MSELoss(): t(0,0)_r(0,0)_combi_pTrue_gTrue]
	 Logging test loss: 0.0008819481 [MSELoss(): t(0,0)_r(0,0)_semi_pTrue_gTrue]
		--> Epoch time; 59.48605680465698
Saved model in  trained_models/gru/data_t(0,0)_r(0,0)_combi_pTrue_gTrue/'rot_mat'_'True'.pth
It took  789.3154442310333  seconds.
----- ITERATION 2/10 ------
Number of train simulations:  1920
Number of test simulations:  480
The dataloader for data/data_t(0,0)_r(0,0)_combi_pTrue_gTrue took 87.26388764381409 seconds.
-- Finished Train Dataloader --
The dataloader for data/data_t(0,0)_r(0,0)_tennis_pTrue_gTrue took 21.97183322906494 seconds.
The dataloader for data/data_t(0,0)_r(0,0)_full_pTrue_gTrue took 22.00838327407837 seconds.
The dataloader for data/data_t(0,0)_r(0,0)_combi_pTrue_gTrue took 21.795455932617188 seconds.
The dataloader for data/data_t(0,0)_r(0,0)_semi_pTrue_gTrue took 22.02407932281494 seconds.
-- Finished Test Dataloader(s) --
GRU(
  (rnn): GRU(12, 96, batch_first=True)
  (pre_hidden_lin_layer): Sequential(
    (0): Linear(in_features=3, out_features=96, bias=True)
    (1): ReLU()
    (2): Linear(in_features=96, out_features=96, bias=True)
    (3): ReLU()
  )
  (fc): Linear(in_features=96, out_features=12, bias=True)
)
Datatype: rot_mat
-- Started Training --
Epoch 0/9
	 Logging train Loss: 0.0770004541 [MSELoss(): t(0,0)_r(0,0)_combi_pTrue_gTrue]
	 Logging test loss: 0.018810045 [MSELoss(): t(0,0)_r(0,0)_tennis_pTrue_gTrue]
	 Logging test loss: 0.0001923572 [MSELoss(): t(0,0)_r(0,0)_full_pTrue_gTrue]
	 Logging test loss: 0.0040305466 [MSELoss(): t(0,0)_r(0,0)_combi_pTrue_gTrue]
	 Logging test loss: 0.004759755 [MSELoss(): t(0,0)_r(0,0)_semi_pTrue_gTrue]
		--> Epoch time; 60.11101746559143
Epoch 1/9
	 Logging train Loss: 0.0007586998 [MSELoss(): t(0,0)_r(0,0)_combi_pTrue_gTrue]
	 Logging test loss: 0.0148701975 [MSELoss(): t(0,0)_r(0,0)_tennis_pTrue_gTrue]
	 Logging test loss: 8.29235e-05 [MSELoss(): t(0,0)_r(0,0)_full_pTrue_gTrue]
	 Logging test loss: 0.0018150025 [MSELoss(): t(0,0)_r(0,0)_combi_pTrue_gTrue]
	 Logging test loss: 0.0029007995 [MSELoss(): t(0,0)_r(0,0)_semi_pTrue_gTrue]
		--> Epoch time; 60.435131788253784
Epoch 2/9
	 Logging train Loss: 0.0002856406 [MSELoss(): t(0,0)_r(0,0)_combi_pTrue_gTrue]
	 Logging test loss: 0.0110936016 [MSELoss(): t(0,0)_r(0,0)_tennis_pTrue_gTrue]
	 Logging test loss: 4.847e-05 [MSELoss(): t(0,0)_r(0,0)_full_pTrue_gTrue]
	 Logging test loss: 0.0017924425 [MSELoss(): t(0,0)_r(0,0)_combi_pTrue_gTrue]
	 Logging test loss: 0.0026592708 [MSELoss(): t(0,0)_r(0,0)_semi_pTrue_gTrue]
		--> Epoch time; 60.14936304092407
Epoch 3/9
wandb: Waiting for W&B process to finish... (success).
wandb: 
wandb: Run history:
wandb:                                      Epoch â–â–‚â–ƒâ–ƒâ–„â–…â–†â–†â–‡â–ˆ
wandb:  Test loss t(0,0)_r(0,0)_combi_pTrue_gTrue â–ˆâ–ƒâ–ƒâ–ƒâ–‚â–‚â–â–â–â–
wandb:   Test loss t(0,0)_r(0,0)_full_pTrue_gTrue â–ˆâ–„â–‚â–‚â–‚â–â–â–â–â–…
wandb:   Test loss t(0,0)_r(0,0)_semi_pTrue_gTrue â–ˆâ–„â–„â–ƒâ–ƒâ–‚â–‚â–â–‚â–
wandb: Test loss t(0,0)_r(0,0)_tennis_pTrue_gTrue â–ˆâ–†â–„â–„â–ƒâ–ƒâ–‚â–‚â–â–
wandb:                                 Train loss â–ˆâ–â–â–â–â–â–â–â–â–
wandb: 
wandb: Run summary:
wandb:                                      Epoch 9
wandb:  Test loss t(0,0)_r(0,0)_combi_pTrue_gTrue 0.00086
wandb:   Test loss t(0,0)_r(0,0)_full_pTrue_gTrue 0.00012
wandb:   Test loss t(0,0)_r(0,0)_semi_pTrue_gTrue 0.0011
wandb: Test loss t(0,0)_r(0,0)_tennis_pTrue_gTrue 0.00516
wandb:                                 Train loss 8e-05
wandb: 
wandb: ðŸš€ View run pleasant-sound-867 at: https://wandb.ai/nreints/ThesisFinal2/runs/fhtvkdx6
wandb: Synced 6 W&B file(s), 0 media file(s), 3 artifact file(s) and 1 other file(s)
wandb: Find logs at: ./wandb/run-20230709_174139-fhtvkdx6/logs
wandb: - Waiting for wandb.init()...wandb: \ Waiting for wandb.init()...wandb: wandb version 0.15.5 is available!  To upgrade, please run:
wandb:  $ pip install wandb --upgrade
wandb: Tracking run with wandb version 0.14.0
wandb: Run data is saved locally in /gpfs/home2/nreints/MScThesis/code/wandb/run-20230709_175445-aiy6xw0a
wandb: Run `wandb offline` to turn off syncing.
wandb: Syncing run avid-wildflower-904
wandb: â­ï¸ View project at https://wandb.ai/nreints/ThesisFinal2
wandb: ðŸš€ View run at https://wandb.ai/nreints/ThesisFinal2/runs/aiy6xw0a
	 Logging train Loss: 0.0001815041 [MSELoss(): t(0,0)_r(0,0)_combi_pTrue_gTrue]
	 Logging test loss: 0.0102956742 [MSELoss(): t(0,0)_r(0,0)_tennis_pTrue_gTrue]
	 Logging test loss: 4.24876e-05 [MSELoss(): t(0,0)_r(0,0)_full_pTrue_gTrue]
	 Logging test loss: 0.0015125285 [MSELoss(): t(0,0)_r(0,0)_combi_pTrue_gTrue]
	 Logging test loss: 0.0022355267 [MSELoss(): t(0,0)_r(0,0)_semi_pTrue_gTrue]
		--> Epoch time; 60.024587869644165
Epoch 4/9
	 Logging train Loss: 0.0001189684 [MSELoss(): t(0,0)_r(0,0)_combi_pTrue_gTrue]
	 Logging test loss: 0.0091940537 [MSELoss(): t(0,0)_r(0,0)_tennis_pTrue_gTrue]
	 Logging test loss: 3.05917e-05 [MSELoss(): t(0,0)_r(0,0)_full_pTrue_gTrue]
	 Logging test loss: 0.0011322541 [MSELoss(): t(0,0)_r(0,0)_combi_pTrue_gTrue]
	 Logging test loss: 0.0019223442 [MSELoss(): t(0,0)_r(0,0)_semi_pTrue_gTrue]
		--> Epoch time; 59.811580419540405
Epoch 5/9
	 Logging train Loss: 8.22798e-05 [MSELoss(): t(0,0)_r(0,0)_combi_pTrue_gTrue]
	 Logging test loss: 0.0084839109 [MSELoss(): t(0,0)_r(0,0)_tennis_pTrue_gTrue]
	 Logging test loss: 2.23776e-05 [MSELoss(): t(0,0)_r(0,0)_full_pTrue_gTrue]
	 Logging test loss: 0.0010733326 [MSELoss(): t(0,0)_r(0,0)_combi_pTrue_gTrue]
	 Logging test loss: 0.0016975447 [MSELoss(): t(0,0)_r(0,0)_semi_pTrue_gTrue]
		--> Epoch time; 59.76041793823242
Epoch 6/9
	 Logging train Loss: 8.69663e-05 [MSELoss(): t(0,0)_r(0,0)_combi_pTrue_gTrue]
	 Logging test loss: 0.0070032887 [MSELoss(): t(0,0)_r(0,0)_tennis_pTrue_gTrue]
	 Logging test loss: 2.04486e-05 [MSELoss(): t(0,0)_r(0,0)_full_pTrue_gTrue]
	 Logging test loss: 0.0008906698 [MSELoss(): t(0,0)_r(0,0)_combi_pTrue_gTrue]
	 Logging test loss: 0.0014750742 [MSELoss(): t(0,0)_r(0,0)_semi_pTrue_gTrue]
		--> Epoch time; 59.57327485084534
Epoch 7/9
	 Logging train Loss: 8.18492e-05 [MSELoss(): t(0,0)_r(0,0)_combi_pTrue_gTrue]
	 Logging test loss: 0.0064512361 [MSELoss(): t(0,0)_r(0,0)_tennis_pTrue_gTrue]
	 Logging test loss: 1.45897e-05 [MSELoss(): t(0,0)_r(0,0)_full_pTrue_gTrue]
	 Logging test loss: 0.000791246 [MSELoss(): t(0,0)_r(0,0)_combi_pTrue_gTrue]
	 Logging test loss: 0.0013016291 [MSELoss(): t(0,0)_r(0,0)_semi_pTrue_gTrue]
		--> Epoch time; 59.711413621902466
Epoch 8/9
	 Logging train Loss: 7.28495e-05 [MSELoss(): t(0,0)_r(0,0)_combi_pTrue_gTrue]
	 Logging test loss: 0.0061023748 [MSELoss(): t(0,0)_r(0,0)_tennis_pTrue_gTrue]
	 Logging test loss: 1.47863e-05 [MSELoss(): t(0,0)_r(0,0)_full_pTrue_gTrue]
	 Logging test loss: 0.0010044874 [MSELoss(): t(0,0)_r(0,0)_combi_pTrue_gTrue]
	 Logging test loss: 0.0013951591 [MSELoss(): t(0,0)_r(0,0)_semi_pTrue_gTrue]
		--> Epoch time; 59.64595150947571
Epoch 9/9
	 Logging train Loss: 7.77937e-05 [MSELoss(): t(0,0)_r(0,0)_combi_pTrue_gTrue]
	 Logging test loss: 0.0051573729 [MSELoss(): t(0,0)_r(0,0)_tennis_pTrue_gTrue]
	 Logging test loss: 0.0001167867 [MSELoss(): t(0,0)_r(0,0)_full_pTrue_gTrue]
	 Logging test loss: 0.0008631453 [MSELoss(): t(0,0)_r(0,0)_combi_pTrue_gTrue]
	 Logging test loss: 0.0011043196 [MSELoss(): t(0,0)_r(0,0)_semi_pTrue_gTrue]
		--> Epoch time; 60.0274543762207
Saved model in  trained_models/gru/data_t(0,0)_r(0,0)_combi_pTrue_gTrue/'rot_mat'_'True'.pth
It took  786.1175682544708  seconds.
----- ITERATION 3/10 ------
Number of train simulations:  1920
Number of test simulations:  480
The dataloader for data/data_t(0,0)_r(0,0)_combi_pTrue_gTrue took 86.7646415233612 seconds.
-- Finished Train Dataloader --
The dataloader for data/data_t(0,0)_r(0,0)_tennis_pTrue_gTrue took 21.96576237678528 seconds.
The dataloader for data/data_t(0,0)_r(0,0)_full_pTrue_gTrue took 21.90497350692749 seconds.
The dataloader for data/data_t(0,0)_r(0,0)_combi_pTrue_gTrue took 21.756728410720825 seconds.
The dataloader for data/data_t(0,0)_r(0,0)_semi_pTrue_gTrue took 21.947638511657715 seconds.
-- Finished Test Dataloader(s) --
GRU(
  (rnn): GRU(12, 96, batch_first=True)
  (pre_hidden_lin_layer): Sequential(
    (0): Linear(in_features=3, out_features=96, bias=True)
    (1): ReLU()
    (2): Linear(in_features=96, out_features=96, bias=True)
    (3): ReLU()
  )
  (fc): Linear(in_features=96, out_features=12, bias=True)
)
Datatype: rot_mat
-- Started Training --
Epoch 0/9
	 Logging train Loss: 0.081659168 [MSELoss(): t(0,0)_r(0,0)_combi_pTrue_gTrue]
	 Logging test loss: 0.0643184185 [MSELoss(): t(0,0)_r(0,0)_tennis_pTrue_gTrue]
	 Logging test loss: 0.0002068092 [MSELoss(): t(0,0)_r(0,0)_full_pTrue_gTrue]
	 Logging test loss: 0.0816321447 [MSELoss(): t(0,0)_r(0,0)_combi_pTrue_gTrue]
	 Logging test loss: 0.0802914128 [MSELoss(): t(0,0)_r(0,0)_semi_pTrue_gTrue]
		--> Epoch time; 60.0826461315155
Epoch 1/9
	 Logging train Loss: 0.0006772139 [MSELoss(): t(0,0)_r(0,0)_combi_pTrue_gTrue]
	 Logging test loss: 0.0411397181 [MSELoss(): t(0,0)_r(0,0)_tennis_pTrue_gTrue]
	 Logging test loss: 7.0911e-05 [MSELoss(): t(0,0)_r(0,0)_full_pTrue_gTrue]
	 Logging test loss: 0.0556120947 [MSELoss(): t(0,0)_r(0,0)_combi_pTrue_gTrue]
	 Logging test loss: 0.0552553497 [MSELoss(): t(0,0)_r(0,0)_semi_pTrue_gTrue]
		--> Epoch time; 60.0172917842865
Epoch 2/9
	 Logging train Loss: 0.0002553579 [MSELoss(): t(0,0)_r(0,0)_combi_pTrue_gTrue]
	 Logging test loss: 0.033043649 [MSELoss(): t(0,0)_r(0,0)_tennis_pTrue_gTrue]
	 Logging test loss: 4.09924e-05 [MSELoss(): t(0,0)_r(0,0)_full_pTrue_gTrue]
	 Logging test loss: 0.0455045402 [MSELoss(): t(0,0)_r(0,0)_combi_pTrue_gTrue]
	 Logging test loss: 0.045333378 [MSELoss(): t(0,0)_r(0,0)_semi_pTrue_gTrue]
		--> Epoch time; 59.68557357788086
Epoch 3/9
	 Logging train Loss: 0.0001423198 [MSELoss(): t(0,0)_r(0,0)_combi_pTrue_gTrue]
	 Logging test loss: 0.0238522422 [MSELoss(): t(0,0)_r(0,0)_tennis_pTrue_gTrue]
	 Logging test loss: 2.88547e-05 [MSELoss(): t(0,0)_r(0,0)_full_pTrue_gTrue]
	 Logging test loss: 0.0393024497 [MSELoss(): t(0,0)_r(0,0)_combi_pTrue_gTrue]
	 Logging test loss: 0.0393336788 [MSELoss(): t(0,0)_r(0,0)_semi_pTrue_gTrue]
		--> Epoch time; 59.614362716674805
Epoch 4/9
	 Logging train Loss: 0.0001059724 [MSELoss(): t(0,0)_r(0,0)_combi_pTrue_gTrue]
	 Logging test loss: 0.0169595219 [MSELoss(): t(0,0)_r(0,0)_tennis_pTrue_gTrue]
	 Logging test loss: 2.34236e-05 [MSELoss(): t(0,0)_r(0,0)_full_pTrue_gTrue]
	 Logging test loss: 0.0360704176 [MSELoss(): t(0,0)_r(0,0)_combi_pTrue_gTrue]
	 Logging test loss: 0.0360496826 [MSELoss(): t(0,0)_r(0,0)_semi_pTrue_gTrue]
		--> Epoch time; 59.39182209968567
Epoch 5/9
	 Logging train Loss: 7.44187e-05 [MSELoss(): t(0,0)_r(0,0)_combi_pTrue_gTrue]
	 Logging test loss: 0.0135127027 [MSELoss(): t(0,0)_r(0,0)_tennis_pTrue_gTrue]
	 Logging test loss: 1.73738e-05 [MSELoss(): t(0,0)_r(0,0)_full_pTrue_gTrue]
	 Logging test loss: 0.0351162814 [MSELoss(): t(0,0)_r(0,0)_combi_pTrue_gTrue]
	 Logging test loss: 0.0344073065 [MSELoss(): t(0,0)_r(0,0)_semi_pTrue_gTrue]
		--> Epoch time; 59.06270718574524
Epoch 6/9
	 Logging train Loss: 5.48184e-05 [MSELoss(): t(0,0)_r(0,0)_combi_pTrue_gTrue]
	 Logging test loss: 0.0119014625 [MSELoss(): t(0,0)_r(0,0)_tennis_pTrue_gTrue]
	 Logging test loss: 2.10044e-05 [MSELoss(): t(0,0)_r(0,0)_full_pTrue_gTrue]
	 Logging test loss: 0.0330223031 [MSELoss(): t(0,0)_r(0,0)_combi_pTrue_gTrue]
	 Logging test loss: 0.0330141298 [MSELoss(): t(0,0)_r(0,0)_semi_pTrue_gTrue]
		--> Epoch time; 59.18033242225647
Epoch 7/9
	 Logging train Loss: 5.0809e-05 [MSELoss(): t(0,0)_r(0,0)_combi_pTrue_gTrue]
	 Logging test loss: 0.0105071263 [MSELoss(): t(0,0)_r(0,0)_tennis_pTrue_gTrue]
	 Logging test loss: 2.78514e-05 [MSELoss(): t(0,0)_r(0,0)_full_pTrue_gTrue]
	 Logging test loss: 0.0319907516 [MSELoss(): t(0,0)_r(0,0)_combi_pTrue_gTrue]
	 Logging test loss: 0.0318758413 [MSELoss(): t(0,0)_r(0,0)_semi_pTrue_gTrue]
		--> Epoch time; 58.90909790992737
Epoch 8/9
	 Logging train Loss: 5.10117e-05 [MSELoss(): t(0,0)_r(0,0)_combi_pTrue_gTrue]
	 Logging test loss: 0.0095751313 [MSELoss(): t(0,0)_r(0,0)_tennis_pTrue_gTrue]
	 Logging test loss: 2.43735e-05 [MSELoss(): t(0,0)_r(0,0)_full_pTrue_gTrue]
	 Logging test loss: 0.0312516093 [MSELoss(): t(0,0)_r(0,0)_combi_pTrue_gTrue]
	 Logging test loss: 0.0310324319 [MSELoss(): t(0,0)_r(0,0)_semi_pTrue_gTrue]
		--> Epoch time; 59.146849632263184
Epoch 9/9
wandb: Waiting for W&B process to finish... (success).
wandb: 
wandb: Run history:
wandb:                                      Epoch â–â–‚â–ƒâ–ƒâ–„â–…â–†â–†â–‡â–ˆ
wandb:  Test loss t(0,0)_r(0,0)_combi_pTrue_gTrue â–ˆâ–„â–ƒâ–‚â–‚â–‚â–â–â–â–
wandb:   Test loss t(0,0)_r(0,0)_full_pTrue_gTrue â–ˆâ–ƒâ–‚â–‚â–â–â–â–â–â–
wandb:   Test loss t(0,0)_r(0,0)_semi_pTrue_gTrue â–ˆâ–…â–ƒâ–‚â–‚â–‚â–â–â–â–
wandb: Test loss t(0,0)_r(0,0)_tennis_pTrue_gTrue â–ˆâ–…â–„â–ƒâ–‚â–‚â–â–â–â–
wandb:                                 Train loss â–ˆâ–â–â–â–â–â–â–â–â–
wandb: 
wandb: Run summary:
wandb:                                      Epoch 9
wandb:  Test loss t(0,0)_r(0,0)_combi_pTrue_gTrue 0.03099
wandb:   Test loss t(0,0)_r(0,0)_full_pTrue_gTrue 2e-05
wandb:   Test loss t(0,0)_r(0,0)_semi_pTrue_gTrue 0.02986
wandb: Test loss t(0,0)_r(0,0)_tennis_pTrue_gTrue 0.00926
wandb:                                 Train loss 5e-05
wandb: 
wandb: ðŸš€ View run avid-wildflower-904 at: https://wandb.ai/nreints/ThesisFinal2/runs/aiy6xw0a
wandb: Synced 6 W&B file(s), 0 media file(s), 3 artifact file(s) and 1 other file(s)
wandb: Find logs at: ./wandb/run-20230709_175445-aiy6xw0a/logs
wandb: - Waiting for wandb.init()...wandb: \ Waiting for wandb.init()...wandb: wandb version 0.15.5 is available!  To upgrade, please run:
wandb:  $ pip install wandb --upgrade
wandb: Tracking run with wandb version 0.14.0
wandb: Run data is saved locally in /gpfs/home2/nreints/MScThesis/code/wandb/run-20230709_180744-hvp3622q
wandb: Run `wandb offline` to turn off syncing.
wandb: Syncing run different-frost-936
wandb: â­ï¸ View project at https://wandb.ai/nreints/ThesisFinal2
wandb: ðŸš€ View run at https://wandb.ai/nreints/ThesisFinal2/runs/hvp3622q
wandb: Waiting for W&B process to finish... (success).
wandb: 
wandb: Run history:
wandb:                                      Epoch â–â–‚â–ƒâ–ƒâ–„â–…â–†â–†â–‡â–ˆ
wandb:  Test loss t(0,0)_r(0,0)_combi_pTrue_gTrue â–ˆâ–‡â–†â–…â–„â–„â–ƒâ–‚â–â–
wandb:   Test loss t(0,0)_r(0,0)_full_pTrue_gTrue â–ˆâ–ƒâ–ƒâ–‚â–‚â–‚â–â–â–â–
wandb:   Test loss t(0,0)_r(0,0)_semi_pTrue_gTrue â–ˆâ–ƒâ–ƒâ–ƒâ–‚â–‚â–‚â–â–â–
wandb: Test loss t(0,0)_r(0,0)_tennis_pTrue_gTrue â–ˆâ–‡â–‡â–†â–„â–„â–‚â–‚â–â–
wandb:                                 Train loss â–ˆâ–â–â–â–â–â–â–â–â–
wandb: 
wandb: Run summary:
wandb:                                      Epoch 9
wandb:  Test loss t(0,0)_r(0,0)_combi_pTrue_gTrue 0.0008
wandb:   Test loss t(0,0)_r(0,0)_full_pTrue_gTrue 2e-05
wandb:   Test loss t(0,0)_r(0,0)_semi_pTrue_gTrue 0.00137
wandb: Test loss t(0,0)_r(0,0)_tennis_pTrue_gTrue 0.00869
wandb:                                 Train loss 6e-05
wandb: 
wandb: ðŸš€ View run different-frost-936 at: https://wandb.ai/nreints/ThesisFinal2/runs/hvp3622q
wandb: Synced 6 W&B file(s), 0 media file(s), 3 artifact file(s) and 1 other file(s)
wandb: Find logs at: ./wandb/run-20230709_180744-hvp3622q/logs
wandb: - Waiting for wandb.init()...wandb: \ Waiting for wandb.init()...wandb: wandb version 0.15.5 is available!  To upgrade, please run:
wandb:  $ pip install wandb --upgrade
wandb: Tracking run with wandb version 0.14.0
wandb: Run data is saved locally in /gpfs/home2/nreints/MScThesis/code/wandb/run-20230709_182043-yw4xi6ol
wandb: Run `wandb offline` to turn off syncing.
wandb: Syncing run colorful-vortex-970
wandb: â­ï¸ View project at https://wandb.ai/nreints/ThesisFinal2
wandb: ðŸš€ View run at https://wandb.ai/nreints/ThesisFinal2/runs/yw4xi6ol
	 Logging train Loss: 4.99249e-05 [MSELoss(): t(0,0)_r(0,0)_combi_pTrue_gTrue]
	 Logging test loss: 0.0092587164 [MSELoss(): t(0,0)_r(0,0)_tennis_pTrue_gTrue]
	 Logging test loss: 1.50324e-05 [MSELoss(): t(0,0)_r(0,0)_full_pTrue_gTrue]
	 Logging test loss: 0.0309881289 [MSELoss(): t(0,0)_r(0,0)_combi_pTrue_gTrue]
	 Logging test loss: 0.0298624039 [MSELoss(): t(0,0)_r(0,0)_semi_pTrue_gTrue]
		--> Epoch time; 58.69400119781494
Saved model in  trained_models/gru/data_t(0,0)_r(0,0)_combi_pTrue_gTrue/'rot_mat'_'True'.pth
It took  779.156415939331  seconds.
----- ITERATION 4/10 ------
Number of train simulations:  1920
Number of test simulations:  480
The dataloader for data/data_t(0,0)_r(0,0)_combi_pTrue_gTrue took 86.92426609992981 seconds.
-- Finished Train Dataloader --
The dataloader for data/data_t(0,0)_r(0,0)_tennis_pTrue_gTrue took 21.89593768119812 seconds.
The dataloader for data/data_t(0,0)_r(0,0)_full_pTrue_gTrue took 21.872841119766235 seconds.
The dataloader for data/data_t(0,0)_r(0,0)_combi_pTrue_gTrue took 21.777550220489502 seconds.
The dataloader for data/data_t(0,0)_r(0,0)_semi_pTrue_gTrue took 21.8213894367218 seconds.
-- Finished Test Dataloader(s) --
GRU(
  (rnn): GRU(12, 96, batch_first=True)
  (pre_hidden_lin_layer): Sequential(
    (0): Linear(in_features=3, out_features=96, bias=True)
    (1): ReLU()
    (2): Linear(in_features=96, out_features=96, bias=True)
    (3): ReLU()
  )
  (fc): Linear(in_features=96, out_features=12, bias=True)
)
Datatype: rot_mat
-- Started Training --
Epoch 0/9
	 Logging train Loss: 0.0898510292 [MSELoss(): t(0,0)_r(0,0)_combi_pTrue_gTrue]
	 Logging test loss: 0.0175796691 [MSELoss(): t(0,0)_r(0,0)_tennis_pTrue_gTrue]
	 Logging test loss: 0.0001665347 [MSELoss(): t(0,0)_r(0,0)_full_pTrue_gTrue]
	 Logging test loss: 0.0026090925 [MSELoss(): t(0,0)_r(0,0)_combi_pTrue_gTrue]
	 Logging test loss: 0.0077729332 [MSELoss(): t(0,0)_r(0,0)_semi_pTrue_gTrue]
		--> Epoch time; 60.08264183998108
Epoch 1/9
	 Logging train Loss: 0.0008766332 [MSELoss(): t(0,0)_r(0,0)_combi_pTrue_gTrue]
	 Logging test loss: 0.0169422142 [MSELoss(): t(0,0)_r(0,0)_tennis_pTrue_gTrue]
	 Logging test loss: 5.46328e-05 [MSELoss(): t(0,0)_r(0,0)_full_pTrue_gTrue]
	 Logging test loss: 0.0023549933 [MSELoss(): t(0,0)_r(0,0)_combi_pTrue_gTrue]
	 Logging test loss: 0.003235071 [MSELoss(): t(0,0)_r(0,0)_semi_pTrue_gTrue]
		--> Epoch time; 60.128066062927246
Epoch 2/9
	 Logging train Loss: 0.000363403 [MSELoss(): t(0,0)_r(0,0)_combi_pTrue_gTrue]
	 Logging test loss: 0.0167497043 [MSELoss(): t(0,0)_r(0,0)_tennis_pTrue_gTrue]
	 Logging test loss: 4.6856e-05 [MSELoss(): t(0,0)_r(0,0)_full_pTrue_gTrue]
	 Logging test loss: 0.0020021801 [MSELoss(): t(0,0)_r(0,0)_combi_pTrue_gTrue]
	 Logging test loss: 0.0031027433 [MSELoss(): t(0,0)_r(0,0)_semi_pTrue_gTrue]
		--> Epoch time; 59.76524639129639
Epoch 3/9
	 Logging train Loss: 0.0002072339 [MSELoss(): t(0,0)_r(0,0)_combi_pTrue_gTrue]
	 Logging test loss: 0.0147875324 [MSELoss(): t(0,0)_r(0,0)_tennis_pTrue_gTrue]
	 Logging test loss: 2.539e-05 [MSELoss(): t(0,0)_r(0,0)_full_pTrue_gTrue]
	 Logging test loss: 0.0019002163 [MSELoss(): t(0,0)_r(0,0)_combi_pTrue_gTrue]
	 Logging test loss: 0.0032231354 [MSELoss(): t(0,0)_r(0,0)_semi_pTrue_gTrue]
		--> Epoch time; 59.27860379219055
Epoch 4/9
	 Logging train Loss: 0.0001395249 [MSELoss(): t(0,0)_r(0,0)_combi_pTrue_gTrue]
	 Logging test loss: 0.0124805123 [MSELoss(): t(0,0)_r(0,0)_tennis_pTrue_gTrue]
	 Logging test loss: 2.19828e-05 [MSELoss(): t(0,0)_r(0,0)_full_pTrue_gTrue]
	 Logging test loss: 0.00156133 [MSELoss(): t(0,0)_r(0,0)_combi_pTrue_gTrue]
	 Logging test loss: 0.0026655234 [MSELoss(): t(0,0)_r(0,0)_semi_pTrue_gTrue]
		--> Epoch time; 59.28730750083923
Epoch 5/9
	 Logging train Loss: 0.0001029803 [MSELoss(): t(0,0)_r(0,0)_combi_pTrue_gTrue]
	 Logging test loss: 0.0119030299 [MSELoss(): t(0,0)_r(0,0)_tennis_pTrue_gTrue]
	 Logging test loss: 3.05192e-05 [MSELoss(): t(0,0)_r(0,0)_full_pTrue_gTrue]
	 Logging test loss: 0.001497426 [MSELoss(): t(0,0)_r(0,0)_combi_pTrue_gTrue]
	 Logging test loss: 0.0026940329 [MSELoss(): t(0,0)_r(0,0)_semi_pTrue_gTrue]
		--> Epoch time; 58.593740940093994
Epoch 6/9
	 Logging train Loss: 8.10981e-05 [MSELoss(): t(0,0)_r(0,0)_combi_pTrue_gTrue]
	 Logging test loss: 0.0102785984 [MSELoss(): t(0,0)_r(0,0)_tennis_pTrue_gTrue]
	 Logging test loss: 1.60346e-05 [MSELoss(): t(0,0)_r(0,0)_full_pTrue_gTrue]
	 Logging test loss: 0.0012091864 [MSELoss(): t(0,0)_r(0,0)_combi_pTrue_gTrue]
	 Logging test loss: 0.0019385805 [MSELoss(): t(0,0)_r(0,0)_semi_pTrue_gTrue]
		--> Epoch time; 58.95092487335205
Epoch 7/9
	 Logging train Loss: 0.0001086261 [MSELoss(): t(0,0)_r(0,0)_combi_pTrue_gTrue]
	 Logging test loss: 0.0096820397 [MSELoss(): t(0,0)_r(0,0)_tennis_pTrue_gTrue]
	 Logging test loss: 8.8086e-06 [MSELoss(): t(0,0)_r(0,0)_full_pTrue_gTrue]
	 Logging test loss: 0.0009862868 [MSELoss(): t(0,0)_r(0,0)_combi_pTrue_gTrue]
	 Logging test loss: 0.0016364024 [MSELoss(): t(0,0)_r(0,0)_semi_pTrue_gTrue]
		--> Epoch time; 58.603185415267944
Epoch 8/9
	 Logging train Loss: 9.09785e-05 [MSELoss(): t(0,0)_r(0,0)_combi_pTrue_gTrue]
	 Logging test loss: 0.0087177902 [MSELoss(): t(0,0)_r(0,0)_tennis_pTrue_gTrue]
	 Logging test loss: 1.93844e-05 [MSELoss(): t(0,0)_r(0,0)_full_pTrue_gTrue]
	 Logging test loss: 0.0008291241 [MSELoss(): t(0,0)_r(0,0)_combi_pTrue_gTrue]
	 Logging test loss: 0.0015584739 [MSELoss(): t(0,0)_r(0,0)_semi_pTrue_gTrue]
		--> Epoch time; 58.83023929595947
Epoch 9/9
	 Logging train Loss: 6.19048e-05 [MSELoss(): t(0,0)_r(0,0)_combi_pTrue_gTrue]
	 Logging test loss: 0.0086939922 [MSELoss(): t(0,0)_r(0,0)_tennis_pTrue_gTrue]
	 Logging test loss: 1.53208e-05 [MSELoss(): t(0,0)_r(0,0)_full_pTrue_gTrue]
	 Logging test loss: 0.0008013223 [MSELoss(): t(0,0)_r(0,0)_combi_pTrue_gTrue]
	 Logging test loss: 0.0013729428 [MSELoss(): t(0,0)_r(0,0)_semi_pTrue_gTrue]
		--> Epoch time; 58.69936919212341
Saved model in  trained_models/gru/data_t(0,0)_r(0,0)_combi_pTrue_gTrue/'rot_mat'_'True'.pth
It took  778.3112626075745  seconds.
----- ITERATION 5/10 ------
Number of train simulations:  1920
Number of test simulations:  480
The dataloader for data/data_t(0,0)_r(0,0)_combi_pTrue_gTrue took 86.69622683525085 seconds.
-- Finished Train Dataloader --
The dataloader for data/data_t(0,0)_r(0,0)_tennis_pTrue_gTrue took 21.85746479034424 seconds.
The dataloader for data/data_t(0,0)_r(0,0)_full_pTrue_gTrue took 21.74044942855835 seconds.
The dataloader for data/data_t(0,0)_r(0,0)_combi_pTrue_gTrue took 21.762067794799805 seconds.
The dataloader for data/data_t(0,0)_r(0,0)_semi_pTrue_gTrue took 21.884313821792603 seconds.
-- Finished Test Dataloader(s) --
GRU(
  (rnn): GRU(12, 96, batch_first=True)
  (pre_hidden_lin_layer): Sequential(
    (0): Linear(in_features=3, out_features=96, bias=True)
    (1): ReLU()
    (2): Linear(in_features=96, out_features=96, bias=True)
    (3): ReLU()
  )
  (fc): Linear(in_features=96, out_features=12, bias=True)
)
Datatype: rot_mat
-- Started Training --
Epoch 0/9
	 Logging train Loss: 0.1121226624 [MSELoss(): t(0,0)_r(0,0)_combi_pTrue_gTrue]
	 Logging test loss: 0.0057978206 [MSELoss(): t(0,0)_r(0,0)_tennis_pTrue_gTrue]
	 Logging test loss: 0.0001593081 [MSELoss(): t(0,0)_r(0,0)_full_pTrue_gTrue]
	 Logging test loss: 0.0101896916 [MSELoss(): t(0,0)_r(0,0)_combi_pTrue_gTrue]
	 Logging test loss: 0.0242314693 [MSELoss(): t(0,0)_r(0,0)_semi_pTrue_gTrue]
		--> Epoch time; 59.59425115585327
Epoch 1/9
	 Logging train Loss: 0.0007853452 [MSELoss(): t(0,0)_r(0,0)_combi_pTrue_gTrue]
	 Logging test loss: 0.0046469802 [MSELoss(): t(0,0)_r(0,0)_tennis_pTrue_gTrue]
	 Logging test loss: 5.28455e-05 [MSELoss(): t(0,0)_r(0,0)_full_pTrue_gTrue]
	 Logging test loss: 0.0079927826 [MSELoss(): t(0,0)_r(0,0)_combi_pTrue_gTrue]
	 Logging test loss: 0.0142580615 [MSELoss(): t(0,0)_r(0,0)_semi_pTrue_gTrue]
		--> Epoch time; 58.82616209983826
Epoch 2/9
	 Logging train Loss: 0.000314517 [MSELoss(): t(0,0)_r(0,0)_combi_pTrue_gTrue]
	 Logging test loss: 0.0038028322 [MSELoss(): t(0,0)_r(0,0)_tennis_pTrue_gTrue]
	 Logging test loss: 3.84128e-05 [MSELoss(): t(0,0)_r(0,0)_full_pTrue_gTrue]
wandb: Waiting for W&B process to finish... (success).
wandb: 
wandb: Run history:
wandb:                                      Epoch â–â–‚â–ƒâ–ƒâ–„â–…â–†â–†â–‡â–ˆ
wandb:  Test loss t(0,0)_r(0,0)_combi_pTrue_gTrue â–ˆâ–†â–„â–‚â–‚â–â–‚â–â–‚â–‚
wandb:   Test loss t(0,0)_r(0,0)_full_pTrue_gTrue â–ˆâ–ƒâ–‚â–‚â–â–â–â–â–‚â–
wandb:   Test loss t(0,0)_r(0,0)_semi_pTrue_gTrue â–ˆâ–„â–‚â–‚â–‚â–â–â–â–‚â–
wandb: Test loss t(0,0)_r(0,0)_tennis_pTrue_gTrue â–ˆâ–†â–…â–ƒâ–‚â–‚â–‚â–â–â–
wandb:                                 Train loss â–ˆâ–â–â–â–â–â–â–â–â–
wandb: 
wandb: Run summary:
wandb:                                      Epoch 9
wandb:  Test loss t(0,0)_r(0,0)_combi_pTrue_gTrue 0.00439
wandb:   Test loss t(0,0)_r(0,0)_full_pTrue_gTrue 1e-05
wandb:   Test loss t(0,0)_r(0,0)_semi_pTrue_gTrue 0.00865
wandb: Test loss t(0,0)_r(0,0)_tennis_pTrue_gTrue 0.00107
wandb:                                 Train loss 8e-05
wandb: 
wandb: ðŸš€ View run colorful-vortex-970 at: https://wandb.ai/nreints/ThesisFinal2/runs/yw4xi6ol
wandb: Synced 6 W&B file(s), 0 media file(s), 3 artifact file(s) and 1 other file(s)
wandb: Find logs at: ./wandb/run-20230709_182043-yw4xi6ol/logs
wandb: - Waiting for wandb.init()...wandb: \ Waiting for wandb.init()...wandb: wandb version 0.15.5 is available!  To upgrade, please run:
wandb:  $ pip install wandb --upgrade
wandb: Tracking run with wandb version 0.14.0
wandb: Run data is saved locally in /gpfs/home2/nreints/MScThesis/code/wandb/run-20230709_183336-kilohzun
wandb: Run `wandb offline` to turn off syncing.
wandb: Syncing run fearless-frog-1002
wandb: â­ï¸ View project at https://wandb.ai/nreints/ThesisFinal2
wandb: ðŸš€ View run at https://wandb.ai/nreints/ThesisFinal2/runs/kilohzun
	 Logging test loss: 0.0060963458 [MSELoss(): t(0,0)_r(0,0)_combi_pTrue_gTrue]
	 Logging test loss: 0.0111664329 [MSELoss(): t(0,0)_r(0,0)_semi_pTrue_gTrue]
		--> Epoch time; 58.44554615020752
Epoch 3/9
	 Logging train Loss: 0.0001616937 [MSELoss(): t(0,0)_r(0,0)_combi_pTrue_gTrue]
	 Logging test loss: 0.0025091807 [MSELoss(): t(0,0)_r(0,0)_tennis_pTrue_gTrue]
	 Logging test loss: 3.07686e-05 [MSELoss(): t(0,0)_r(0,0)_full_pTrue_gTrue]
	 Logging test loss: 0.0051311404 [MSELoss(): t(0,0)_r(0,0)_combi_pTrue_gTrue]
	 Logging test loss: 0.0097691827 [MSELoss(): t(0,0)_r(0,0)_semi_pTrue_gTrue]
		--> Epoch time; 59.00097179412842
Epoch 4/9
	 Logging train Loss: 0.0001329138 [MSELoss(): t(0,0)_r(0,0)_combi_pTrue_gTrue]
	 Logging test loss: 0.0017751895 [MSELoss(): t(0,0)_r(0,0)_tennis_pTrue_gTrue]
	 Logging test loss: 1.98735e-05 [MSELoss(): t(0,0)_r(0,0)_full_pTrue_gTrue]
	 Logging test loss: 0.0047285543 [MSELoss(): t(0,0)_r(0,0)_combi_pTrue_gTrue]
	 Logging test loss: 0.0095335664 [MSELoss(): t(0,0)_r(0,0)_semi_pTrue_gTrue]
		--> Epoch time; 59.36833143234253
Epoch 5/9
	 Logging train Loss: 9.43058e-05 [MSELoss(): t(0,0)_r(0,0)_combi_pTrue_gTrue]
	 Logging test loss: 0.001515282 [MSELoss(): t(0,0)_r(0,0)_tennis_pTrue_gTrue]
	 Logging test loss: 1.95535e-05 [MSELoss(): t(0,0)_r(0,0)_full_pTrue_gTrue]
	 Logging test loss: 0.0041264924 [MSELoss(): t(0,0)_r(0,0)_combi_pTrue_gTrue]
	 Logging test loss: 0.0089439368 [MSELoss(): t(0,0)_r(0,0)_semi_pTrue_gTrue]
		--> Epoch time; 59.34183478355408
Epoch 6/9
	 Logging train Loss: 8.17533e-05 [MSELoss(): t(0,0)_r(0,0)_combi_pTrue_gTrue]
	 Logging test loss: 0.0016389032 [MSELoss(): t(0,0)_r(0,0)_tennis_pTrue_gTrue]
	 Logging test loss: 1.46091e-05 [MSELoss(): t(0,0)_r(0,0)_full_pTrue_gTrue]
	 Logging test loss: 0.0043890243 [MSELoss(): t(0,0)_r(0,0)_combi_pTrue_gTrue]
	 Logging test loss: 0.0090025738 [MSELoss(): t(0,0)_r(0,0)_semi_pTrue_gTrue]
		--> Epoch time; 58.60180711746216
Epoch 7/9
	 Logging train Loss: 8.5968e-05 [MSELoss(): t(0,0)_r(0,0)_combi_pTrue_gTrue]
	 Logging test loss: 0.001188966 [MSELoss(): t(0,0)_r(0,0)_tennis_pTrue_gTrue]
	 Logging test loss: 1.26009e-05 [MSELoss(): t(0,0)_r(0,0)_full_pTrue_gTrue]
	 Logging test loss: 0.0038025398 [MSELoss(): t(0,0)_r(0,0)_combi_pTrue_gTrue]
	 Logging test loss: 0.0081392135 [MSELoss(): t(0,0)_r(0,0)_semi_pTrue_gTrue]
		--> Epoch time; 58.2276885509491
Epoch 8/9
	 Logging train Loss: 7.63467e-05 [MSELoss(): t(0,0)_r(0,0)_combi_pTrue_gTrue]
	 Logging test loss: 0.0012798662 [MSELoss(): t(0,0)_r(0,0)_tennis_pTrue_gTrue]
	 Logging test loss: 2.50711e-05 [MSELoss(): t(0,0)_r(0,0)_full_pTrue_gTrue]
	 Logging test loss: 0.0051369118 [MSELoss(): t(0,0)_r(0,0)_combi_pTrue_gTrue]
	 Logging test loss: 0.0096658356 [MSELoss(): t(0,0)_r(0,0)_semi_pTrue_gTrue]
		--> Epoch time; 58.06430983543396
Epoch 9/9
	 Logging train Loss: 7.68986e-05 [MSELoss(): t(0,0)_r(0,0)_combi_pTrue_gTrue]
	 Logging test loss: 0.0010745719 [MSELoss(): t(0,0)_r(0,0)_tennis_pTrue_gTrue]
	 Logging test loss: 1.11577e-05 [MSELoss(): t(0,0)_r(0,0)_full_pTrue_gTrue]
	 Logging test loss: 0.0043906486 [MSELoss(): t(0,0)_r(0,0)_combi_pTrue_gTrue]
	 Logging test loss: 0.0086493483 [MSELoss(): t(0,0)_r(0,0)_semi_pTrue_gTrue]
		--> Epoch time; 57.558297872543335
Saved model in  trained_models/gru/data_t(0,0)_r(0,0)_combi_pTrue_gTrue/'rot_mat'_'True'.pth
It took  773.265038728714  seconds.
----- ITERATION 6/10 ------
Number of train simulations:  1920
Number of test simulations:  480
The dataloader for data/data_t(0,0)_r(0,0)_combi_pTrue_gTrue took 86.53826832771301 seconds.
-- Finished Train Dataloader --
The dataloader for data/data_t(0,0)_r(0,0)_tennis_pTrue_gTrue took 21.785703897476196 seconds.
The dataloader for data/data_t(0,0)_r(0,0)_full_pTrue_gTrue took 21.76532506942749 seconds.
The dataloader for data/data_t(0,0)_r(0,0)_combi_pTrue_gTrue took 21.72415542602539 seconds.
The dataloader for data/data_t(0,0)_r(0,0)_semi_pTrue_gTrue took 21.82668948173523 seconds.
-- Finished Test Dataloader(s) --
GRU(
  (rnn): GRU(12, 96, batch_first=True)
  (pre_hidden_lin_layer): Sequential(
    (0): Linear(in_features=3, out_features=96, bias=True)
    (1): ReLU()
    (2): Linear(in_features=96, out_features=96, bias=True)
    (3): ReLU()
  )
  (fc): Linear(in_features=96, out_features=12, bias=True)
)
Datatype: rot_mat
-- Started Training --
Epoch 0/9
	 Logging train Loss: 0.0700500533 [MSELoss(): t(0,0)_r(0,0)_combi_pTrue_gTrue]
	 Logging test loss: 0.0077714748 [MSELoss(): t(0,0)_r(0,0)_tennis_pTrue_gTrue]
	 Logging test loss: 0.0001920591 [MSELoss(): t(0,0)_r(0,0)_full_pTrue_gTrue]
	 Logging test loss: 0.0037861115 [MSELoss(): t(0,0)_r(0,0)_combi_pTrue_gTrue]
	 Logging test loss: 0.0112739969 [MSELoss(): t(0,0)_r(0,0)_semi_pTrue_gTrue]
		--> Epoch time; 59.7493212223053
Epoch 1/9
	 Logging train Loss: 0.0007641902 [MSELoss(): t(0,0)_r(0,0)_combi_pTrue_gTrue]
	 Logging test loss: 0.0055370657 [MSELoss(): t(0,0)_r(0,0)_tennis_pTrue_gTrue]
	 Logging test loss: 7.33207e-05 [MSELoss(): t(0,0)_r(0,0)_full_pTrue_gTrue]
	 Logging test loss: 0.0020953685 [MSELoss(): t(0,0)_r(0,0)_combi_pTrue_gTrue]
	 Logging test loss: 0.0112237073 [MSELoss(): t(0,0)_r(0,0)_semi_pTrue_gTrue]
		--> Epoch time; 59.31304383277893
Epoch 2/9
	 Logging train Loss: 0.0003004718 [MSELoss(): t(0,0)_r(0,0)_combi_pTrue_gTrue]
	 Logging test loss: 0.0057519921 [MSELoss(): t(0,0)_r(0,0)_tennis_pTrue_gTrue]
	 Logging test loss: 4.78509e-05 [MSELoss(): t(0,0)_r(0,0)_full_pTrue_gTrue]
	 Logging test loss: 0.0017377589 [MSELoss(): t(0,0)_r(0,0)_combi_pTrue_gTrue]
	 Logging test loss: 0.0111694308 [MSELoss(): t(0,0)_r(0,0)_semi_pTrue_gTrue]
		--> Epoch time; 59.2437527179718
Epoch 3/9
	 Logging train Loss: 0.0001633949 [MSELoss(): t(0,0)_r(0,0)_combi_pTrue_gTrue]
	 Logging test loss: 0.0052351053 [MSELoss(): t(0,0)_r(0,0)_tennis_pTrue_gTrue]
	 Logging test loss: 2.60166e-05 [MSELoss(): t(0,0)_r(0,0)_full_pTrue_gTrue]
	 Logging test loss: 0.0015925383 [MSELoss(): t(0,0)_r(0,0)_combi_pTrue_gTrue]
	 Logging test loss: 0.0097175315 [MSELoss(): t(0,0)_r(0,0)_semi_pTrue_gTrue]
		--> Epoch time; 59.62040305137634
Epoch 4/9
	 Logging train Loss: 0.0001317583 [MSELoss(): t(0,0)_r(0,0)_combi_pTrue_gTrue]
	 Logging test loss: 0.0051108319 [MSELoss(): t(0,0)_r(0,0)_tennis_pTrue_gTrue]
	 Logging test loss: 1.86545e-05 [MSELoss(): t(0,0)_r(0,0)_full_pTrue_gTrue]
	 Logging test loss: 0.0016597543 [MSELoss(): t(0,0)_r(0,0)_combi_pTrue_gTrue]
	 Logging test loss: 0.0078329928 [MSELoss(): t(0,0)_r(0,0)_semi_pTrue_gTrue]
		--> Epoch time; 59.47304677963257
Epoch 5/9
	 Logging train Loss: 0.0001023631 [MSELoss(): t(0,0)_r(0,0)_combi_pTrue_gTrue]
	 Logging test loss: 0.0046486128 [MSELoss(): t(0,0)_r(0,0)_tennis_pTrue_gTrue]
	 Logging test loss: 1.51644e-05 [MSELoss(): t(0,0)_r(0,0)_full_pTrue_gTrue]
	 Logging test loss: 0.0015860503 [MSELoss(): t(0,0)_r(0,0)_combi_pTrue_gTrue]
	 Logging test loss: 0.0070363162 [MSELoss(): t(0,0)_r(0,0)_semi_pTrue_gTrue]
		--> Epoch time; 59.750977754592896
Epoch 6/9
	 Logging train Loss: 8.76238e-05 [MSELoss(): t(0,0)_r(0,0)_combi_pTrue_gTrue]
	 Logging test loss: 0.0044513978 [MSELoss(): t(0,0)_r(0,0)_tennis_pTrue_gTrue]
	 Logging test loss: 2.01623e-05 [MSELoss(): t(0,0)_r(0,0)_full_pTrue_gTrue]
	 Logging test loss: 0.001479048 [MSELoss(): t(0,0)_r(0,0)_combi_pTrue_gTrue]
	 Logging test loss: 0.005581873 [MSELoss(): t(0,0)_r(0,0)_semi_pTrue_gTrue]
		--> Epoch time; 59.37952136993408
Epoch 7/9
	 Logging train Loss: 7.18743e-05 [MSELoss(): t(0,0)_r(0,0)_combi_pTrue_gTrue]
	 Logging test loss: 0.0038237509 [MSELoss(): t(0,0)_r(0,0)_tennis_pTrue_gTrue]
	 Logging test loss: 1.21673e-05 [MSELoss(): t(0,0)_r(0,0)_full_pTrue_gTrue]
	 Logging test loss: 0.001325051 [MSELoss(): t(0,0)_r(0,0)_combi_pTrue_gTrue]
	 Logging test loss: 0.0050294078 [MSELoss(): t(0,0)_r(0,0)_semi_pTrue_gTrue]
		--> Epoch time; 59.58262252807617
Epoch 8/9
	 Logging train Loss: 9.91143e-05 [MSELoss(): t(0,0)_r(0,0)_combi_pTrue_gTrue]
	 Logging test loss: 0.0038834237 [MSELoss(): t(0,0)_r(0,0)_tennis_pTrue_gTrue]
	 Logging test loss: 2.10071e-05 [MSELoss(): t(0,0)_r(0,0)_full_pTrue_gTrue]
wandb: Waiting for W&B process to finish... (success).
wandb: 
wandb: Run history:
wandb:                                      Epoch â–â–‚â–ƒâ–ƒâ–„â–…â–†â–†â–‡â–ˆ
wandb:  Test loss t(0,0)_r(0,0)_combi_pTrue_gTrue â–ˆâ–„â–ƒâ–‚â–‚â–‚â–‚â–‚â–‚â–
wandb:   Test loss t(0,0)_r(0,0)_full_pTrue_gTrue â–ˆâ–ƒâ–‚â–‚â–â–â–â–â–â–
wandb:   Test loss t(0,0)_r(0,0)_semi_pTrue_gTrue â–ˆâ–ˆâ–ˆâ–‡â–…â–„â–ƒâ–‚â–â–
wandb: Test loss t(0,0)_r(0,0)_tennis_pTrue_gTrue â–ˆâ–„â–…â–„â–„â–ƒâ–ƒâ–‚â–‚â–
wandb:                                 Train loss â–ˆâ–â–â–â–â–â–â–â–â–
wandb: 
wandb: Run summary:
wandb:                                      Epoch 9
wandb:  Test loss t(0,0)_r(0,0)_combi_pTrue_gTrue 0.00108
wandb:   Test loss t(0,0)_r(0,0)_full_pTrue_gTrue 2e-05
wandb:   Test loss t(0,0)_r(0,0)_semi_pTrue_gTrue 0.0039
wandb: Test loss t(0,0)_r(0,0)_tennis_pTrue_gTrue 0.00339
wandb:                                 Train loss 6e-05
wandb: 
wandb: ðŸš€ View run fearless-frog-1002 at: https://wandb.ai/nreints/ThesisFinal2/runs/kilohzun
wandb: Synced 6 W&B file(s), 0 media file(s), 1 artifact file(s) and 1 other file(s)
wandb: Find logs at: ./wandb/run-20230709_183336-kilohzun/logs
wandb: - Waiting for wandb.init()...wandb: \ Waiting for wandb.init()...wandb: wandb version 0.15.5 is available!  To upgrade, please run:
wandb:  $ pip install wandb --upgrade
wandb: Tracking run with wandb version 0.14.0
wandb: Run data is saved locally in /gpfs/home2/nreints/MScThesis/code/wandb/run-20230709_184634-3lpdjz35
wandb: Run `wandb offline` to turn off syncing.
wandb: Syncing run quiet-brook-1038
wandb: â­ï¸ View project at https://wandb.ai/nreints/ThesisFinal2
wandb: ðŸš€ View run at https://wandb.ai/nreints/ThesisFinal2/runs/3lpdjz35
wandb: Waiting for W&B process to finish... (success).
wandb: 
wandb: Run history:
wandb:                                      Epoch â–â–‚â–ƒâ–ƒâ–„â–…â–†â–†â–‡â–ˆ
wandb:  Test loss t(0,0)_r(0,0)_combi_pTrue_gTrue â–ˆâ–‡â–…â–„â–ƒâ–‚â–â–‚â–â–
wandb:   Test loss t(0,0)_r(0,0)_full_pTrue_gTrue â–ˆâ–„â–‚â–â–â–â–â–‚â–â–‚
wandb:   Test loss t(0,0)_r(0,0)_semi_pTrue_gTrue â–ˆâ–…â–…â–…â–ƒâ–‚â–‚â–‚â–â–
wandb: Test loss t(0,0)_r(0,0)_tennis_pTrue_gTrue â–ˆâ–‚â–â–â–â–â–â–â–â–
wandb:                                 Train loss â–ˆâ–â–â–â–â–â–â–â–â–
wandb: 
wandb: Run summary:
wandb:                                      Epoch 9
wandb:  Test loss t(0,0)_r(0,0)_combi_pTrue_gTrue 0.00021
wandb:   Test loss t(0,0)_r(0,0)_full_pTrue_gTrue 2e-05
wandb:   Test loss t(0,0)_r(0,0)_semi_pTrue_gTrue 0.00492
wandb: Test loss t(0,0)_r(0,0)_tennis_pTrue_gTrue 0.00113
wandb:                                 Train loss 7e-05
wandb: 
wandb: ðŸš€ View run quiet-brook-1038 at: https://wandb.ai/nreints/ThesisFinal2/runs/3lpdjz35
wandb: Synced 6 W&B file(s), 0 media file(s), 1 artifact file(s) and 1 other file(s)
wandb: Find logs at: ./wandb/run-20230709_184634-3lpdjz35/logs
wandb: - Waiting for wandb.init()...wandb: \ Waiting for wandb.init()...wandb: wandb version 0.15.5 is available!  To upgrade, please run:
wandb:  $ pip install wandb --upgrade
wandb: Tracking run with wandb version 0.14.0
wandb: Run data is saved locally in /gpfs/home2/nreints/MScThesis/code/wandb/run-20230709_185930-2xcqngup
wandb: Run `wandb offline` to turn off syncing.
wandb: Syncing run stoic-voice-1065
wandb: â­ï¸ View project at https://wandb.ai/nreints/ThesisFinal2
wandb: ðŸš€ View run at https://wandb.ai/nreints/ThesisFinal2/runs/2xcqngup
	 Logging test loss: 0.0013582145 [MSELoss(): t(0,0)_r(0,0)_combi_pTrue_gTrue]
	 Logging test loss: 0.0042242692 [MSELoss(): t(0,0)_r(0,0)_semi_pTrue_gTrue]
		--> Epoch time; 59.188974142074585
Epoch 9/9
	 Logging train Loss: 5.71255e-05 [MSELoss(): t(0,0)_r(0,0)_combi_pTrue_gTrue]
	 Logging test loss: 0.0033886936 [MSELoss(): t(0,0)_r(0,0)_tennis_pTrue_gTrue]
	 Logging test loss: 1.87452e-05 [MSELoss(): t(0,0)_r(0,0)_full_pTrue_gTrue]
	 Logging test loss: 0.0010849147 [MSELoss(): t(0,0)_r(0,0)_combi_pTrue_gTrue]
	 Logging test loss: 0.0038998774 [MSELoss(): t(0,0)_r(0,0)_semi_pTrue_gTrue]
		--> Epoch time; 58.877787828445435
Saved model in  trained_models/gru/data_t(0,0)_r(0,0)_combi_pTrue_gTrue/'rot_mat'_'True'.pth
It took  778.2132103443146  seconds.
----- ITERATION 7/10 ------
Number of train simulations:  1920
Number of test simulations:  480
The dataloader for data/data_t(0,0)_r(0,0)_combi_pTrue_gTrue took 86.65728211402893 seconds.
-- Finished Train Dataloader --
The dataloader for data/data_t(0,0)_r(0,0)_tennis_pTrue_gTrue took 21.743877172470093 seconds.
The dataloader for data/data_t(0,0)_r(0,0)_full_pTrue_gTrue took 21.681196689605713 seconds.
The dataloader for data/data_t(0,0)_r(0,0)_combi_pTrue_gTrue took 21.75029444694519 seconds.
The dataloader for data/data_t(0,0)_r(0,0)_semi_pTrue_gTrue took 21.807349920272827 seconds.
-- Finished Test Dataloader(s) --
GRU(
  (rnn): GRU(12, 96, batch_first=True)
  (pre_hidden_lin_layer): Sequential(
    (0): Linear(in_features=3, out_features=96, bias=True)
    (1): ReLU()
    (2): Linear(in_features=96, out_features=96, bias=True)
    (3): ReLU()
  )
  (fc): Linear(in_features=96, out_features=12, bias=True)
)
Datatype: rot_mat
-- Started Training --
Epoch 0/9
	 Logging train Loss: 0.0710936412 [MSELoss(): t(0,0)_r(0,0)_combi_pTrue_gTrue]
	 Logging test loss: 0.0160423666 [MSELoss(): t(0,0)_r(0,0)_tennis_pTrue_gTrue]
	 Logging test loss: 0.0001537259 [MSELoss(): t(0,0)_r(0,0)_full_pTrue_gTrue]
	 Logging test loss: 0.0008046986 [MSELoss(): t(0,0)_r(0,0)_combi_pTrue_gTrue]
	 Logging test loss: 0.0131677045 [MSELoss(): t(0,0)_r(0,0)_semi_pTrue_gTrue]
		--> Epoch time; 59.564345359802246
Epoch 1/9
	 Logging train Loss: 0.0007412825 [MSELoss(): t(0,0)_r(0,0)_combi_pTrue_gTrue]
	 Logging test loss: 0.0027928939 [MSELoss(): t(0,0)_r(0,0)_tennis_pTrue_gTrue]
	 Logging test loss: 7.06948e-05 [MSELoss(): t(0,0)_r(0,0)_full_pTrue_gTrue]
	 Logging test loss: 0.0007148748 [MSELoss(): t(0,0)_r(0,0)_combi_pTrue_gTrue]
	 Logging test loss: 0.0093817972 [MSELoss(): t(0,0)_r(0,0)_semi_pTrue_gTrue]
		--> Epoch time; 59.33897805213928
Epoch 2/9
	 Logging train Loss: 0.00028247 [MSELoss(): t(0,0)_r(0,0)_combi_pTrue_gTrue]
	 Logging test loss: 0.0015391251 [MSELoss(): t(0,0)_r(0,0)_tennis_pTrue_gTrue]
	 Logging test loss: 3.52785e-05 [MSELoss(): t(0,0)_r(0,0)_full_pTrue_gTrue]
	 Logging test loss: 0.0005050461 [MSELoss(): t(0,0)_r(0,0)_combi_pTrue_gTrue]
	 Logging test loss: 0.0099877575 [MSELoss(): t(0,0)_r(0,0)_semi_pTrue_gTrue]
		--> Epoch time; 59.123634576797485
Epoch 3/9
	 Logging train Loss: 0.0001725837 [MSELoss(): t(0,0)_r(0,0)_combi_pTrue_gTrue]
	 Logging test loss: 0.0012155182 [MSELoss(): t(0,0)_r(0,0)_tennis_pTrue_gTrue]
	 Logging test loss: 2.19246e-05 [MSELoss(): t(0,0)_r(0,0)_full_pTrue_gTrue]
	 Logging test loss: 0.0004158345 [MSELoss(): t(0,0)_r(0,0)_combi_pTrue_gTrue]
	 Logging test loss: 0.0090651903 [MSELoss(): t(0,0)_r(0,0)_semi_pTrue_gTrue]
		--> Epoch time; 58.87735867500305
Epoch 4/9
	 Logging train Loss: 0.000113381 [MSELoss(): t(0,0)_r(0,0)_combi_pTrue_gTrue]
	 Logging test loss: 0.0013449616 [MSELoss(): t(0,0)_r(0,0)_tennis_pTrue_gTrue]
	 Logging test loss: 2.01973e-05 [MSELoss(): t(0,0)_r(0,0)_full_pTrue_gTrue]
	 Logging test loss: 0.0003572648 [MSELoss(): t(0,0)_r(0,0)_combi_pTrue_gTrue]
	 Logging test loss: 0.0073764157 [MSELoss(): t(0,0)_r(0,0)_semi_pTrue_gTrue]
		--> Epoch time; 58.72732710838318
Epoch 5/9
	 Logging train Loss: 0.0001058404 [MSELoss(): t(0,0)_r(0,0)_combi_pTrue_gTrue]
	 Logging test loss: 0.0012704801 [MSELoss(): t(0,0)_r(0,0)_tennis_pTrue_gTrue]
	 Logging test loss: 1.60219e-05 [MSELoss(): t(0,0)_r(0,0)_full_pTrue_gTrue]
	 Logging test loss: 0.0002992706 [MSELoss(): t(0,0)_r(0,0)_combi_pTrue_gTrue]
	 Logging test loss: 0.0062234304 [MSELoss(): t(0,0)_r(0,0)_semi_pTrue_gTrue]
		--> Epoch time; 58.710697889328
Epoch 6/9
	 Logging train Loss: 8.80393e-05 [MSELoss(): t(0,0)_r(0,0)_combi_pTrue_gTrue]
	 Logging test loss: 0.0013582184 [MSELoss(): t(0,0)_r(0,0)_tennis_pTrue_gTrue]
	 Logging test loss: 1.34021e-05 [MSELoss(): t(0,0)_r(0,0)_full_pTrue_gTrue]
	 Logging test loss: 0.0002271724 [MSELoss(): t(0,0)_r(0,0)_combi_pTrue_gTrue]
	 Logging test loss: 0.0056169219 [MSELoss(): t(0,0)_r(0,0)_semi_pTrue_gTrue]
		--> Epoch time; 58.753281593322754
Epoch 7/9
	 Logging train Loss: 7.3618e-05 [MSELoss(): t(0,0)_r(0,0)_combi_pTrue_gTrue]
	 Logging test loss: 0.0011609504 [MSELoss(): t(0,0)_r(0,0)_tennis_pTrue_gTrue]
	 Logging test loss: 2.87647e-05 [MSELoss(): t(0,0)_r(0,0)_full_pTrue_gTrue]
	 Logging test loss: 0.0003034041 [MSELoss(): t(0,0)_r(0,0)_combi_pTrue_gTrue]
	 Logging test loss: 0.0050730091 [MSELoss(): t(0,0)_r(0,0)_semi_pTrue_gTrue]
		--> Epoch time; 58.35716438293457
Epoch 8/9
	 Logging train Loss: 8.41208e-05 [MSELoss(): t(0,0)_r(0,0)_combi_pTrue_gTrue]
	 Logging test loss: 0.0011228424 [MSELoss(): t(0,0)_r(0,0)_tennis_pTrue_gTrue]
	 Logging test loss: 1.80342e-05 [MSELoss(): t(0,0)_r(0,0)_full_pTrue_gTrue]
	 Logging test loss: 0.0001952166 [MSELoss(): t(0,0)_r(0,0)_combi_pTrue_gTrue]
	 Logging test loss: 0.0043789865 [MSELoss(): t(0,0)_r(0,0)_semi_pTrue_gTrue]
		--> Epoch time; 58.363518476486206
Epoch 9/9
	 Logging train Loss: 7.18289e-05 [MSELoss(): t(0,0)_r(0,0)_combi_pTrue_gTrue]
	 Logging test loss: 0.0011298201 [MSELoss(): t(0,0)_r(0,0)_tennis_pTrue_gTrue]
	 Logging test loss: 2.48676e-05 [MSELoss(): t(0,0)_r(0,0)_full_pTrue_gTrue]
	 Logging test loss: 0.0002124091 [MSELoss(): t(0,0)_r(0,0)_combi_pTrue_gTrue]
	 Logging test loss: 0.0049221301 [MSELoss(): t(0,0)_r(0,0)_semi_pTrue_gTrue]
		--> Epoch time; 58.29367518424988
Saved model in  trained_models/gru/data_t(0,0)_r(0,0)_combi_pTrue_gTrue/'rot_mat'_'True'.pth
It took  776.1293716430664  seconds.
----- ITERATION 8/10 ------
Number of train simulations:  1920
Number of test simulations:  480
The dataloader for data/data_t(0,0)_r(0,0)_combi_pTrue_gTrue took 86.97040605545044 seconds.
-- Finished Train Dataloader --
The dataloader for data/data_t(0,0)_r(0,0)_tennis_pTrue_gTrue took 21.628777980804443 seconds.
The dataloader for data/data_t(0,0)_r(0,0)_full_pTrue_gTrue took 21.629066705703735 seconds.
The dataloader for data/data_t(0,0)_r(0,0)_combi_pTrue_gTrue took 21.724005937576294 seconds.
The dataloader for data/data_t(0,0)_r(0,0)_semi_pTrue_gTrue took 21.66710877418518 seconds.
-- Finished Test Dataloader(s) --
GRU(
  (rnn): GRU(12, 96, batch_first=True)
  (pre_hidden_lin_layer): Sequential(
    (0): Linear(in_features=3, out_features=96, bias=True)
    (1): ReLU()
    (2): Linear(in_features=96, out_features=96, bias=True)
    (3): ReLU()
  )
  (fc): Linear(in_features=96, out_features=12, bias=True)
)
Datatype: rot_mat
-- Started Training --
Epoch 0/9
	 Logging train Loss: 0.0701771304 [MSELoss(): t(0,0)_r(0,0)_combi_pTrue_gTrue]
	 Logging test loss: 0.0188491847 [MSELoss(): t(0,0)_r(0,0)_tennis_pTrue_gTrue]
	 Logging test loss: 0.0001417254 [MSELoss(): t(0,0)_r(0,0)_full_pTrue_gTrue]
	 Logging test loss: 0.0036350391 [MSELoss(): t(0,0)_r(0,0)_combi_pTrue_gTrue]
	 Logging test loss: 0.0063325493 [MSELoss(): t(0,0)_r(0,0)_semi_pTrue_gTrue]
		--> Epoch time; 59.15483784675598
Epoch 1/9
	 Logging train Loss: 0.0006415212 [MSELoss(): t(0,0)_r(0,0)_combi_pTrue_gTrue]
	 Logging test loss: 0.0174891874 [MSELoss(): t(0,0)_r(0,0)_tennis_pTrue_gTrue]
	 Logging test loss: 5.32141e-05 [MSELoss(): t(0,0)_r(0,0)_full_pTrue_gTrue]
	 Logging test loss: 0.0031371852 [MSELoss(): t(0,0)_r(0,0)_combi_pTrue_gTrue]
	 Logging test loss: 0.0044030803 [MSELoss(): t(0,0)_r(0,0)_semi_pTrue_gTrue]
		--> Epoch time; 59.68312406539917
Epoch 2/9
wandb: Waiting for W&B process to finish... (success).
wandb: 
wandb: Run history:
wandb:                                      Epoch â–â–‚â–ƒâ–ƒâ–„â–…â–†â–†â–‡â–ˆ
wandb:  Test loss t(0,0)_r(0,0)_combi_pTrue_gTrue â–ˆâ–†â–†â–‡â–„â–…â–ƒâ–ƒâ–â–
wandb:   Test loss t(0,0)_r(0,0)_full_pTrue_gTrue â–ˆâ–ƒâ–‚â–â–â–â–â–â–â–ƒ
wandb:   Test loss t(0,0)_r(0,0)_semi_pTrue_gTrue â–ˆâ–…â–„â–„â–ƒâ–‚â–‚â–â–â–
wandb: Test loss t(0,0)_r(0,0)_tennis_pTrue_gTrue â–ˆâ–‡â–„â–ƒâ–ƒâ–‚â–‚â–â–â–‚
wandb:                                 Train loss â–ˆâ–â–â–â–â–â–â–â–â–
wandb: 
wandb: Run summary:
wandb:                                      Epoch 9
wandb:  Test loss t(0,0)_r(0,0)_combi_pTrue_gTrue 0.00194
wandb:   Test loss t(0,0)_r(0,0)_full_pTrue_gTrue 4e-05
wandb:   Test loss t(0,0)_r(0,0)_semi_pTrue_gTrue 0.00206
wandb: Test loss t(0,0)_r(0,0)_tennis_pTrue_gTrue 0.01189
wandb:                                 Train loss 7e-05
wandb: 
wandb: ðŸš€ View run stoic-voice-1065 at: https://wandb.ai/nreints/ThesisFinal2/runs/2xcqngup
wandb: Synced 6 W&B file(s), 0 media file(s), 1 artifact file(s) and 1 other file(s)
wandb: Find logs at: ./wandb/run-20230709_185930-2xcqngup/logs
wandb: - Waiting for wandb.init()...wandb: \ Waiting for wandb.init()...wandb: wandb version 0.15.5 is available!  To upgrade, please run:
wandb:  $ pip install wandb --upgrade
wandb: Tracking run with wandb version 0.14.0
wandb: Run data is saved locally in /gpfs/home2/nreints/MScThesis/code/wandb/run-20230709_191228-8p7klb29
wandb: Run `wandb offline` to turn off syncing.
wandb: Syncing run lucky-dragon-1090
wandb: â­ï¸ View project at https://wandb.ai/nreints/ThesisFinal2
wandb: ðŸš€ View run at https://wandb.ai/nreints/ThesisFinal2/runs/8p7klb29
	 Logging train Loss: 0.0002488648 [MSELoss(): t(0,0)_r(0,0)_combi_pTrue_gTrue]
	 Logging test loss: 0.0145874517 [MSELoss(): t(0,0)_r(0,0)_tennis_pTrue_gTrue]
	 Logging test loss: 3.45187e-05 [MSELoss(): t(0,0)_r(0,0)_full_pTrue_gTrue]
	 Logging test loss: 0.0031140915 [MSELoss(): t(0,0)_r(0,0)_combi_pTrue_gTrue]
	 Logging test loss: 0.0037353397 [MSELoss(): t(0,0)_r(0,0)_semi_pTrue_gTrue]
		--> Epoch time; 59.311463594436646
Epoch 3/9
	 Logging train Loss: 0.0001522773 [MSELoss(): t(0,0)_r(0,0)_combi_pTrue_gTrue]
	 Logging test loss: 0.0134093454 [MSELoss(): t(0,0)_r(0,0)_tennis_pTrue_gTrue]
	 Logging test loss: 2.2436e-05 [MSELoss(): t(0,0)_r(0,0)_full_pTrue_gTrue]
	 Logging test loss: 0.0032904586 [MSELoss(): t(0,0)_r(0,0)_combi_pTrue_gTrue]
	 Logging test loss: 0.0036180241 [MSELoss(): t(0,0)_r(0,0)_semi_pTrue_gTrue]
		--> Epoch time; 59.59918022155762
Epoch 4/9
	 Logging train Loss: 0.0001037143 [MSELoss(): t(0,0)_r(0,0)_combi_pTrue_gTrue]
	 Logging test loss: 0.0128855743 [MSELoss(): t(0,0)_r(0,0)_tennis_pTrue_gTrue]
	 Logging test loss: 1.78633e-05 [MSELoss(): t(0,0)_r(0,0)_full_pTrue_gTrue]
	 Logging test loss: 0.0027640548 [MSELoss(): t(0,0)_r(0,0)_combi_pTrue_gTrue]
	 Logging test loss: 0.0030358112 [MSELoss(): t(0,0)_r(0,0)_semi_pTrue_gTrue]
		--> Epoch time; 59.052061557769775
Epoch 5/9
	 Logging train Loss: 0.0001203016 [MSELoss(): t(0,0)_r(0,0)_combi_pTrue_gTrue]
	 Logging test loss: 0.0120722046 [MSELoss(): t(0,0)_r(0,0)_tennis_pTrue_gTrue]
	 Logging test loss: 1.51683e-05 [MSELoss(): t(0,0)_r(0,0)_full_pTrue_gTrue]
	 Logging test loss: 0.0028444706 [MSELoss(): t(0,0)_r(0,0)_combi_pTrue_gTrue]
	 Logging test loss: 0.0024640302 [MSELoss(): t(0,0)_r(0,0)_semi_pTrue_gTrue]
		--> Epoch time; 59.27025866508484
Epoch 6/9
	 Logging train Loss: 7.14229e-05 [MSELoss(): t(0,0)_r(0,0)_combi_pTrue_gTrue]
	 Logging test loss: 0.0117871193 [MSELoss(): t(0,0)_r(0,0)_tennis_pTrue_gTrue]
	 Logging test loss: 1.42763e-05 [MSELoss(): t(0,0)_r(0,0)_full_pTrue_gTrue]
	 Logging test loss: 0.0024056418 [MSELoss(): t(0,0)_r(0,0)_combi_pTrue_gTrue]
	 Logging test loss: 0.0025207433 [MSELoss(): t(0,0)_r(0,0)_semi_pTrue_gTrue]
		--> Epoch time; 59.05805802345276
Epoch 7/9
	 Logging train Loss: 6.48988e-05 [MSELoss(): t(0,0)_r(0,0)_combi_pTrue_gTrue]
	 Logging test loss: 0.0114255305 [MSELoss(): t(0,0)_r(0,0)_tennis_pTrue_gTrue]
	 Logging test loss: 1.61382e-05 [MSELoss(): t(0,0)_r(0,0)_full_pTrue_gTrue]
	 Logging test loss: 0.0023216871 [MSELoss(): t(0,0)_r(0,0)_combi_pTrue_gTrue]
	 Logging test loss: 0.0023608452 [MSELoss(): t(0,0)_r(0,0)_semi_pTrue_gTrue]
		--> Epoch time; 58.96542835235596
Epoch 8/9
	 Logging train Loss: 7.88511e-05 [MSELoss(): t(0,0)_r(0,0)_combi_pTrue_gTrue]
	 Logging test loss: 0.011062881 [MSELoss(): t(0,0)_r(0,0)_tennis_pTrue_gTrue]
	 Logging test loss: 1.35742e-05 [MSELoss(): t(0,0)_r(0,0)_full_pTrue_gTrue]
	 Logging test loss: 0.0019990178 [MSELoss(): t(0,0)_r(0,0)_combi_pTrue_gTrue]
	 Logging test loss: 0.0021657848 [MSELoss(): t(0,0)_r(0,0)_semi_pTrue_gTrue]
		--> Epoch time; 59.03936409950256
Epoch 9/9
	 Logging train Loss: 7.45016e-05 [MSELoss(): t(0,0)_r(0,0)_combi_pTrue_gTrue]
	 Logging test loss: 0.0118862493 [MSELoss(): t(0,0)_r(0,0)_tennis_pTrue_gTrue]
	 Logging test loss: 4.15193e-05 [MSELoss(): t(0,0)_r(0,0)_full_pTrue_gTrue]
	 Logging test loss: 0.0019364487 [MSELoss(): t(0,0)_r(0,0)_combi_pTrue_gTrue]
	 Logging test loss: 0.0020580357 [MSELoss(): t(0,0)_r(0,0)_semi_pTrue_gTrue]
		--> Epoch time; 59.28647518157959
Saved model in  trained_models/gru/data_t(0,0)_r(0,0)_combi_pTrue_gTrue/'rot_mat'_'True'.pth
It took  778.1473875045776  seconds.
----- ITERATION 9/10 ------
Number of train simulations:  1920
Number of test simulations:  480
The dataloader for data/data_t(0,0)_r(0,0)_combi_pTrue_gTrue took 86.88704681396484 seconds.
-- Finished Train Dataloader --
The dataloader for data/data_t(0,0)_r(0,0)_tennis_pTrue_gTrue took 21.78801465034485 seconds.
The dataloader for data/data_t(0,0)_r(0,0)_full_pTrue_gTrue took 21.64651131629944 seconds.
The dataloader for data/data_t(0,0)_r(0,0)_combi_pTrue_gTrue took 21.679779767990112 seconds.
The dataloader for data/data_t(0,0)_r(0,0)_semi_pTrue_gTrue took 21.5814266204834 seconds.
-- Finished Test Dataloader(s) --
GRU(
  (rnn): GRU(12, 96, batch_first=True)
  (pre_hidden_lin_layer): Sequential(
    (0): Linear(in_features=3, out_features=96, bias=True)
    (1): ReLU()
    (2): Linear(in_features=96, out_features=96, bias=True)
    (3): ReLU()
  )
  (fc): Linear(in_features=96, out_features=12, bias=True)
)
Datatype: rot_mat
-- Started Training --
Epoch 0/9
	 Logging train Loss: 0.0499032065 [MSELoss(): t(0,0)_r(0,0)_combi_pTrue_gTrue]
	 Logging test loss: 0.055323258 [MSELoss(): t(0,0)_r(0,0)_tennis_pTrue_gTrue]
	 Logging test loss: 0.0001305737 [MSELoss(): t(0,0)_r(0,0)_full_pTrue_gTrue]
	 Logging test loss: 0.0591754764 [MSELoss(): t(0,0)_r(0,0)_combi_pTrue_gTrue]
	 Logging test loss: 0.0621285737 [MSELoss(): t(0,0)_r(0,0)_semi_pTrue_gTrue]
		--> Epoch time; 59.386799573898315
Epoch 1/9
	 Logging train Loss: 0.0004706384 [MSELoss(): t(0,0)_r(0,0)_combi_pTrue_gTrue]
	 Logging test loss: 0.0443452299 [MSELoss(): t(0,0)_r(0,0)_tennis_pTrue_gTrue]
	 Logging test loss: 5.24893e-05 [MSELoss(): t(0,0)_r(0,0)_full_pTrue_gTrue]
	 Logging test loss: 0.0400872082 [MSELoss(): t(0,0)_r(0,0)_combi_pTrue_gTrue]
	 Logging test loss: 0.0419330522 [MSELoss(): t(0,0)_r(0,0)_semi_pTrue_gTrue]
		--> Epoch time; 59.776031494140625
Epoch 2/9
	 Logging train Loss: 0.0001935203 [MSELoss(): t(0,0)_r(0,0)_combi_pTrue_gTrue]
	 Logging test loss: 0.0322255306 [MSELoss(): t(0,0)_r(0,0)_tennis_pTrue_gTrue]
	 Logging test loss: 3.28216e-05 [MSELoss(): t(0,0)_r(0,0)_full_pTrue_gTrue]
	 Logging test loss: 0.0330666155 [MSELoss(): t(0,0)_r(0,0)_combi_pTrue_gTrue]
	 Logging test loss: 0.0357375406 [MSELoss(): t(0,0)_r(0,0)_semi_pTrue_gTrue]
		--> Epoch time; 58.464760541915894
Epoch 3/9
	 Logging train Loss: 0.0001044822 [MSELoss(): t(0,0)_r(0,0)_combi_pTrue_gTrue]
	 Logging test loss: 0.0266376138 [MSELoss(): t(0,0)_r(0,0)_tennis_pTrue_gTrue]
	 Logging test loss: 2.12134e-05 [MSELoss(): t(0,0)_r(0,0)_full_pTrue_gTrue]
	 Logging test loss: 0.0291179251 [MSELoss(): t(0,0)_r(0,0)_combi_pTrue_gTrue]
	 Logging test loss: 0.0319805779 [MSELoss(): t(0,0)_r(0,0)_semi_pTrue_gTrue]
		--> Epoch time; 57.84030508995056
Epoch 4/9
	 Logging train Loss: 8.18547e-05 [MSELoss(): t(0,0)_r(0,0)_combi_pTrue_gTrue]
	 Logging test loss: 0.0195930451 [MSELoss(): t(0,0)_r(0,0)_tennis_pTrue_gTrue]
	 Logging test loss: 2.00617e-05 [MSELoss(): t(0,0)_r(0,0)_full_pTrue_gTrue]
	 Logging test loss: 0.0264510196 [MSELoss(): t(0,0)_r(0,0)_combi_pTrue_gTrue]
	 Logging test loss: 0.0299034733 [MSELoss(): t(0,0)_r(0,0)_semi_pTrue_gTrue]
		--> Epoch time; 57.54610633850098
Epoch 5/9
	 Logging train Loss: 7.11149e-05 [MSELoss(): t(0,0)_r(0,0)_combi_pTrue_gTrue]
	 Logging test loss: 0.0166225471 [MSELoss(): t(0,0)_r(0,0)_tennis_pTrue_gTrue]
	 Logging test loss: 1.87596e-05 [MSELoss(): t(0,0)_r(0,0)_full_pTrue_gTrue]
	 Logging test loss: 0.0249754768 [MSELoss(): t(0,0)_r(0,0)_combi_pTrue_gTrue]
	 Logging test loss: 0.0266949683 [MSELoss(): t(0,0)_r(0,0)_semi_pTrue_gTrue]
		--> Epoch time; 57.689735651016235
Epoch 6/9
	 Logging train Loss: 5.83972e-05 [MSELoss(): t(0,0)_r(0,0)_combi_pTrue_gTrue]
	 Logging test loss: 0.0116387978 [MSELoss(): t(0,0)_r(0,0)_tennis_pTrue_gTrue]
	 Logging test loss: 1.53424e-05 [MSELoss(): t(0,0)_r(0,0)_full_pTrue_gTrue]
	 Logging test loss: 0.0208796188 [MSELoss(): t(0,0)_r(0,0)_combi_pTrue_gTrue]
	 Logging test loss: 0.0233563632 [MSELoss(): t(0,0)_r(0,0)_semi_pTrue_gTrue]
		--> Epoch time; 57.44531440734863
Epoch 7/9
	 Logging train Loss: 4.56527e-05 [MSELoss(): t(0,0)_r(0,0)_combi_pTrue_gTrue]
	 Logging test loss: 0.0124119772 [MSELoss(): t(0,0)_r(0,0)_tennis_pTrue_gTrue]
	 Logging test loss: 1.31716e-05 [MSELoss(): t(0,0)_r(0,0)_full_pTrue_gTrue]
	 Logging test loss: 0.0204390585 [MSELoss(): t(0,0)_r(0,0)_combi_pTrue_gTrue]
	 Logging test loss: 0.0226288941 [MSELoss(): t(0,0)_r(0,0)_semi_pTrue_gTrue]
		--> Epoch time; 57.668142318725586
Epoch 8/9
wandb: Waiting for W&B process to finish... (success).
wandb: 
wandb: Run history:
wandb:                                      Epoch â–â–‚â–ƒâ–ƒâ–„â–…â–†â–†â–‡â–ˆ
wandb:  Test loss t(0,0)_r(0,0)_combi_pTrue_gTrue â–ˆâ–…â–„â–ƒâ–‚â–‚â–â–â–â–
wandb:   Test loss t(0,0)_r(0,0)_full_pTrue_gTrue â–ˆâ–ƒâ–‚â–‚â–‚â–â–â–â–â–‚
wandb:   Test loss t(0,0)_r(0,0)_semi_pTrue_gTrue â–ˆâ–…â–„â–ƒâ–ƒâ–‚â–‚â–â–â–
wandb: Test loss t(0,0)_r(0,0)_tennis_pTrue_gTrue â–ˆâ–†â–…â–„â–ƒâ–‚â–‚â–‚â–â–
wandb:                                 Train loss â–ˆâ–â–â–â–â–â–â–â–â–
wandb: 
wandb: Run summary:
wandb:                                      Epoch 9
wandb:  Test loss t(0,0)_r(0,0)_combi_pTrue_gTrue 0.01879
wandb:   Test loss t(0,0)_r(0,0)_full_pTrue_gTrue 2e-05
wandb:   Test loss t(0,0)_r(0,0)_semi_pTrue_gTrue 0.0203
wandb: Test loss t(0,0)_r(0,0)_tennis_pTrue_gTrue 0.00898
wandb:                                 Train loss 4e-05
wandb: 
wandb: ðŸš€ View run lucky-dragon-1090 at: https://wandb.ai/nreints/ThesisFinal2/runs/8p7klb29
wandb: Synced 6 W&B file(s), 0 media file(s), 1 artifact file(s) and 1 other file(s)
wandb: Find logs at: ./wandb/run-20230709_191228-8p7klb29/logs
wandb: - Waiting for wandb.init()...wandb: \ Waiting for wandb.init()...wandb: wandb version 0.15.5 is available!  To upgrade, please run:
wandb:  $ pip install wandb --upgrade
wandb: Tracking run with wandb version 0.14.0
wandb: Run data is saved locally in /gpfs/home2/nreints/MScThesis/code/wandb/run-20230709_192515-hl2defak
wandb: Run `wandb offline` to turn off syncing.
wandb: Syncing run twilight-breeze-1110
wandb: â­ï¸ View project at https://wandb.ai/nreints/ThesisFinal2
wandb: ðŸš€ View run at https://wandb.ai/nreints/ThesisFinal2/runs/hl2defak
wandb: Waiting for W&B process to finish... (success).
wandb: 
wandb: Run history:
wandb:                                      Epoch â–â–‚â–ƒâ–ƒâ–„â–…â–†â–†â–‡â–ˆ
wandb:  Test loss t(0,0)_r(0,0)_combi_pTrue_gTrue â–ˆâ–ƒâ–‚â–‚â–‚â–‚â–â–â–â–
wandb:   Test loss t(0,0)_r(0,0)_full_pTrue_gTrue â–ˆâ–ƒâ–ƒâ–‚â–‚â–‚â–â–â–‚â–
wandb:   Test loss t(0,0)_r(0,0)_semi_pTrue_gTrue â–ˆâ–„â–„â–ƒâ–‚â–‚â–â–â–â–
wandb: Test loss t(0,0)_r(0,0)_tennis_pTrue_gTrue â–ˆâ–…â–„â–ƒâ–ƒâ–‚â–‚â–â–â–
wandb:                                 Train loss â–ˆâ–â–â–â–â–â–â–â–â–
wandb: 
wandb: Run summary:
wandb:                                      Epoch 9
wandb:  Test loss t(0,0)_r(0,0)_combi_pTrue_gTrue 8e-05
wandb:   Test loss t(0,0)_r(0,0)_full_pTrue_gTrue 1e-05
wandb:   Test loss t(0,0)_r(0,0)_semi_pTrue_gTrue 0.0007
wandb: Test loss t(0,0)_r(0,0)_tennis_pTrue_gTrue 0.00901
wandb:                                 Train loss 7e-05
wandb: 
wandb: ðŸš€ View run twilight-breeze-1110 at: https://wandb.ai/nreints/ThesisFinal2/runs/hl2defak
wandb: Synced 6 W&B file(s), 0 media file(s), 1 artifact file(s) and 1 other file(s)
wandb: Find logs at: ./wandb/run-20230709_192515-hl2defak/logs
	 Logging train Loss: 5.54133e-05 [MSELoss(): t(0,0)_r(0,0)_combi_pTrue_gTrue]
	 Logging test loss: 0.0078402888 [MSELoss(): t(0,0)_r(0,0)_tennis_pTrue_gTrue]
	 Logging test loss: 1.11897e-05 [MSELoss(): t(0,0)_r(0,0)_full_pTrue_gTrue]
	 Logging test loss: 0.0184987504 [MSELoss(): t(0,0)_r(0,0)_combi_pTrue_gTrue]
	 Logging test loss: 0.0208592955 [MSELoss(): t(0,0)_r(0,0)_semi_pTrue_gTrue]
		--> Epoch time; 58.00663876533508
Epoch 9/9
	 Logging train Loss: 3.59103e-05 [MSELoss(): t(0,0)_r(0,0)_combi_pTrue_gTrue]
	 Logging test loss: 0.0089846738 [MSELoss(): t(0,0)_r(0,0)_tennis_pTrue_gTrue]
	 Logging test loss: 2.49112e-05 [MSELoss(): t(0,0)_r(0,0)_full_pTrue_gTrue]
	 Logging test loss: 0.0187878795 [MSELoss(): t(0,0)_r(0,0)_combi_pTrue_gTrue]
	 Logging test loss: 0.0203024205 [MSELoss(): t(0,0)_r(0,0)_semi_pTrue_gTrue]
		--> Epoch time; 57.84058666229248
Saved model in  trained_models/gru/data_t(0,0)_r(0,0)_combi_pTrue_gTrue/'rot_mat'_'True'.pth
It took  766.2194793224335  seconds.
----- ITERATION 10/10 ------
Number of train simulations:  1920
Number of test simulations:  480
The dataloader for data/data_t(0,0)_r(0,0)_combi_pTrue_gTrue took 86.87073254585266 seconds.
-- Finished Train Dataloader --
The dataloader for data/data_t(0,0)_r(0,0)_tennis_pTrue_gTrue took 21.48897624015808 seconds.
The dataloader for data/data_t(0,0)_r(0,0)_full_pTrue_gTrue took 21.16810393333435 seconds.
The dataloader for data/data_t(0,0)_r(0,0)_combi_pTrue_gTrue took 21.718335390090942 seconds.
The dataloader for data/data_t(0,0)_r(0,0)_semi_pTrue_gTrue took 21.635034799575806 seconds.
-- Finished Test Dataloader(s) --
GRU(
  (rnn): GRU(12, 96, batch_first=True)
  (pre_hidden_lin_layer): Sequential(
    (0): Linear(in_features=3, out_features=96, bias=True)
    (1): ReLU()
    (2): Linear(in_features=96, out_features=96, bias=True)
    (3): ReLU()
  )
  (fc): Linear(in_features=96, out_features=12, bias=True)
)
Datatype: rot_mat
-- Started Training --
Epoch 0/9
	 Logging train Loss: 0.1192491874 [MSELoss(): t(0,0)_r(0,0)_combi_pTrue_gTrue]
	 Logging test loss: 0.0333414376 [MSELoss(): t(0,0)_r(0,0)_tennis_pTrue_gTrue]
	 Logging test loss: 0.0001913304 [MSELoss(): t(0,0)_r(0,0)_full_pTrue_gTrue]
	 Logging test loss: 0.0008432397 [MSELoss(): t(0,0)_r(0,0)_combi_pTrue_gTrue]
	 Logging test loss: 0.003363532 [MSELoss(): t(0,0)_r(0,0)_semi_pTrue_gTrue]
		--> Epoch time; 59.56310057640076
Epoch 1/9
	 Logging train Loss: 0.0009579327 [MSELoss(): t(0,0)_r(0,0)_combi_pTrue_gTrue]
	 Logging test loss: 0.0226650462 [MSELoss(): t(0,0)_r(0,0)_tennis_pTrue_gTrue]
	 Logging test loss: 7.01204e-05 [MSELoss(): t(0,0)_r(0,0)_full_pTrue_gTrue]
	 Logging test loss: 0.0003190612 [MSELoss(): t(0,0)_r(0,0)_combi_pTrue_gTrue]
	 Logging test loss: 0.0018856546 [MSELoss(): t(0,0)_r(0,0)_semi_pTrue_gTrue]
		--> Epoch time; 59.44004201889038
Epoch 2/9
	 Logging train Loss: 0.0003875946 [MSELoss(): t(0,0)_r(0,0)_combi_pTrue_gTrue]
	 Logging test loss: 0.0181390308 [MSELoss(): t(0,0)_r(0,0)_tennis_pTrue_gTrue]
	 Logging test loss: 5.08638e-05 [MSELoss(): t(0,0)_r(0,0)_full_pTrue_gTrue]
	 Logging test loss: 0.0002386096 [MSELoss(): t(0,0)_r(0,0)_combi_pTrue_gTrue]
	 Logging test loss: 0.0016529126 [MSELoss(): t(0,0)_r(0,0)_semi_pTrue_gTrue]
		--> Epoch time; 59.55676603317261
Epoch 3/9
	 Logging train Loss: 0.0002306237 [MSELoss(): t(0,0)_r(0,0)_combi_pTrue_gTrue]
	 Logging test loss: 0.0164617393 [MSELoss(): t(0,0)_r(0,0)_tennis_pTrue_gTrue]
	 Logging test loss: 3.67368e-05 [MSELoss(): t(0,0)_r(0,0)_full_pTrue_gTrue]
	 Logging test loss: 0.0002006028 [MSELoss(): t(0,0)_r(0,0)_combi_pTrue_gTrue]
	 Logging test loss: 0.0013713643 [MSELoss(): t(0,0)_r(0,0)_semi_pTrue_gTrue]
		--> Epoch time; 59.542795181274414
Epoch 4/9
	 Logging train Loss: 0.0001430149 [MSELoss(): t(0,0)_r(0,0)_combi_pTrue_gTrue]
	 Logging test loss: 0.0142442575 [MSELoss(): t(0,0)_r(0,0)_tennis_pTrue_gTrue]
	 Logging test loss: 2.28829e-05 [MSELoss(): t(0,0)_r(0,0)_full_pTrue_gTrue]
	 Logging test loss: 0.0001416854 [MSELoss(): t(0,0)_r(0,0)_combi_pTrue_gTrue]
	 Logging test loss: 0.0011615431 [MSELoss(): t(0,0)_r(0,0)_semi_pTrue_gTrue]
		--> Epoch time; 59.609354734420776
Epoch 5/9
	 Logging train Loss: 0.0001121893 [MSELoss(): t(0,0)_r(0,0)_combi_pTrue_gTrue]
	 Logging test loss: 0.0140946284 [MSELoss(): t(0,0)_r(0,0)_tennis_pTrue_gTrue]
	 Logging test loss: 2.83867e-05 [MSELoss(): t(0,0)_r(0,0)_full_pTrue_gTrue]
	 Logging test loss: 0.0001633322 [MSELoss(): t(0,0)_r(0,0)_combi_pTrue_gTrue]
	 Logging test loss: 0.0010375683 [MSELoss(): t(0,0)_r(0,0)_semi_pTrue_gTrue]
		--> Epoch time; 59.46700954437256
Epoch 6/9
	 Logging train Loss: 9.9391e-05 [MSELoss(): t(0,0)_r(0,0)_combi_pTrue_gTrue]
	 Logging test loss: 0.0114323767 [MSELoss(): t(0,0)_r(0,0)_tennis_pTrue_gTrue]
	 Logging test loss: 1.57426e-05 [MSELoss(): t(0,0)_r(0,0)_full_pTrue_gTrue]
	 Logging test loss: 0.0001077031 [MSELoss(): t(0,0)_r(0,0)_combi_pTrue_gTrue]
	 Logging test loss: 0.000812926 [MSELoss(): t(0,0)_r(0,0)_semi_pTrue_gTrue]
		--> Epoch time; 59.34187459945679
Epoch 7/9
	 Logging train Loss: 8.60649e-05 [MSELoss(): t(0,0)_r(0,0)_combi_pTrue_gTrue]
	 Logging test loss: 0.0103016747 [MSELoss(): t(0,0)_r(0,0)_tennis_pTrue_gTrue]
	 Logging test loss: 1.41369e-05 [MSELoss(): t(0,0)_r(0,0)_full_pTrue_gTrue]
	 Logging test loss: 9.83644e-05 [MSELoss(): t(0,0)_r(0,0)_combi_pTrue_gTrue]
	 Logging test loss: 0.0007842541 [MSELoss(): t(0,0)_r(0,0)_semi_pTrue_gTrue]
		--> Epoch time; 59.373412132263184
Epoch 8/9
	 Logging train Loss: 8.74035e-05 [MSELoss(): t(0,0)_r(0,0)_combi_pTrue_gTrue]
	 Logging test loss: 0.0093935784 [MSELoss(): t(0,0)_r(0,0)_tennis_pTrue_gTrue]
	 Logging test loss: 4.27013e-05 [MSELoss(): t(0,0)_r(0,0)_full_pTrue_gTrue]
	 Logging test loss: 0.0001149897 [MSELoss(): t(0,0)_r(0,0)_combi_pTrue_gTrue]
	 Logging test loss: 0.0006751574 [MSELoss(): t(0,0)_r(0,0)_semi_pTrue_gTrue]
		--> Epoch time; 59.00322461128235
Epoch 9/9
	 Logging train Loss: 6.6339e-05 [MSELoss(): t(0,0)_r(0,0)_combi_pTrue_gTrue]
	 Logging test loss: 0.0090081217 [MSELoss(): t(0,0)_r(0,0)_tennis_pTrue_gTrue]
	 Logging test loss: 9.5819e-06 [MSELoss(): t(0,0)_r(0,0)_full_pTrue_gTrue]
	 Logging test loss: 7.81253e-05 [MSELoss(): t(0,0)_r(0,0)_combi_pTrue_gTrue]
	 Logging test loss: 0.0006955113 [MSELoss(): t(0,0)_r(0,0)_semi_pTrue_gTrue]
		--> Epoch time; 58.76623034477234
Saved model in  trained_models/gru/data_t(0,0)_r(0,0)_combi_pTrue_gTrue/'rot_mat'_'True'.pth
It took  775.5670802593231  seconds.

JOB STATISTICS
==============
Job ID: 3037876
Array Job ID: 3037875_23
Cluster: snellius
User/Group: nreints/nreints
State: COMPLETED (exit code 0)
Nodes: 1
Cores per node: 18
CPU Utilized: 02:18:17
CPU Efficiency: 5.91% of 1-15:00:54 core-walltime
Job Wall-clock time: 02:10:03
Memory Utilized: 8.59 GB
Memory Efficiency: 0.00% of 0.00 MB
