wandb: Currently logged in as: nreints. Use `wandb login --relogin` to force relogin
wandb: wandb version 0.15.5 is available!  To upgrade, please run:
wandb:  $ pip install wandb --upgrade
wandb: Tracking run with wandb version 0.14.0
wandb: Run data is saved locally in /gpfs/home2/nreints/MScThesis/code/wandb/run-20230711_120903-ajcygmye
wandb: Run `wandb offline` to turn off syncing.
wandb: Syncing run frosty-armadillo-7
wandb: â­ï¸ View project at https://wandb.ai/nreints/ThesisFinal2Gen
wandb: ðŸš€ View run at https://wandb.ai/nreints/ThesisFinal2Gen/runs/ajcygmye
wandb: Waiting for W&B process to finish... (success).
wandb: 
wandb: Run history:
wandb:                                       Epoch â–â–‚â–ƒâ–ƒâ–„â–…â–†â–†â–‡â–ˆ
wandb:   Test loss t(0,0)_r(0,0)_combi_pNone_gTrue â–ˆâ–‚â–â–â–â–â–â–â–â–
wandb:   Test loss t(0,0)_r(0,0)_combi_pTrue_gTrue â–ˆâ–‚â–â–â–â–â–â–â–â–
wandb: Test loss t(5,20)_r(5,20)_combi_pNone_gNone â–ˆâ–‚â–â–â–â–â–â–â–â–
wandb:   Test loss tennis_pNone_gNone_tennisEffect â–ˆâ–‚â–â–â–â–â–â–â–â–
wandb:                                  Train loss â–ˆâ–â–â–â–â–â–â–â–â–
wandb: 
wandb: Run summary:
wandb:                                       Epoch 9
wandb:   Test loss t(0,0)_r(0,0)_combi_pNone_gTrue 0.0
wandb:   Test loss t(0,0)_r(0,0)_combi_pTrue_gTrue 0.0
wandb: Test loss t(5,20)_r(5,20)_combi_pNone_gNone 0.0
wandb:   Test loss tennis_pNone_gNone_tennisEffect 2e-05
wandb:                                  Train loss 0.0
wandb: 
wandb: ðŸš€ View run frosty-armadillo-7 at: https://wandb.ai/nreints/ThesisFinal2Gen/runs/ajcygmye
wandb: Synced 7 W&B file(s), 0 media file(s), 4 artifact file(s) and 1 other file(s)
wandb: Find logs at: ./wandb/run-20230711_120903-ajcygmye/logs
wandb: - Waiting for wandb.init()...wandb: \ Waiting for wandb.init()...wandb: wandb version 0.15.5 is available!  To upgrade, please run:
wandb:  $ pip install wandb --upgrade
wandb: Tracking run with wandb version 0.14.0
wandb: Run data is saved locally in /gpfs/home2/nreints/MScThesis/code/wandb/run-20230711_121701-1ugjuu7n
wandb: Run `wandb offline` to turn off syncing.
wandb: Syncing run giddy-sponge-17
wandb: â­ï¸ View project at https://wandb.ai/nreints/ThesisFinal2Gen
wandb: ðŸš€ View run at https://wandb.ai/nreints/ThesisFinal2Gen/runs/1ugjuu7n
Training on dataset: data_t(5,20)_r(5,20)_combi_pNone_gNone
Testing on 4 datasets: ['data_t(5,20)_r(5,20)_combi_pNone_gNone', 'data_t(0,0)_r(0,0)_combi_pTrue_gTrue', 'data_t(0,0)_r(0,0)_combi_pNone_gTrue', 'data_tennis_pNone_gNone_tennisEffect']
Focussing on identity: False
Using extra input: False
Using fr-fr as reference point.
----- ITERATION 1/10 ------
Number of train simulations:  1920
Number of test simulations:  480
The dataloader for data/data_t(5,20)_r(5,20)_combi_pNone_gNone took 52.39911413192749 seconds.
-- Finished Train Dataloader --
The dataloader for data/data_t(5,20)_r(5,20)_combi_pNone_gNone took 13.197026014328003 seconds.
The dataloader for data/data_t(0,0)_r(0,0)_combi_pTrue_gTrue took 12.91077995300293 seconds.
The dataloader for data/data_t(0,0)_r(0,0)_combi_pNone_gTrue took 12.973393678665161 seconds.
The dataloader for data/data_tennis_pNone_gNone_tennisEffect took 13.01447868347168 seconds.
-- Finished Test Dataloader(s) --
GRU(
  (rnn): GRU(6, 96, batch_first=True)
  (fc): Linear(in_features=96, out_features=6, bias=True)
)
Datatype: log_dualQ_1
-- Started Training --
Epoch 0/9
	 Logging train Loss: 0.0008440924 [MSELoss(): t(5,20)_r(5,20)_combi_pNone_gNone]
	 Logging test loss: 5.04712e-05 [MSELoss(): t(5,20)_r(5,20)_combi_pNone_gNone]
	 Logging test loss: 0.0001606114 [MSELoss(): t(0,0)_r(0,0)_combi_pTrue_gTrue]
	 Logging test loss: 0.0001933342 [MSELoss(): t(0,0)_r(0,0)_combi_pNone_gTrue]
	 Logging test loss: 0.0003579763 [MSELoss(): tennis_pNone_gNone_tennisEffect]
		--> Epoch time; 37.124173641204834
Epoch 1/9
	 Logging train Loss: 1.89309e-05 [MSELoss(): t(5,20)_r(5,20)_combi_pNone_gNone]
	 Logging test loss: 6.6518e-06 [MSELoss(): t(5,20)_r(5,20)_combi_pNone_gNone]
	 Logging test loss: 1.94495e-05 [MSELoss(): t(0,0)_r(0,0)_combi_pTrue_gTrue]
	 Logging test loss: 2.25908e-05 [MSELoss(): t(0,0)_r(0,0)_combi_pNone_gTrue]
	 Logging test loss: 5.89309e-05 [MSELoss(): tennis_pNone_gNone_tennisEffect]
		--> Epoch time; 35.472206592559814
Epoch 2/9
	 Logging train Loss: 5.632e-06 [MSELoss(): t(5,20)_r(5,20)_combi_pNone_gNone]
	 Logging test loss: 4.2445e-06 [MSELoss(): t(5,20)_r(5,20)_combi_pNone_gNone]
	 Logging test loss: 1.14724e-05 [MSELoss(): t(0,0)_r(0,0)_combi_pTrue_gTrue]
	 Logging test loss: 1.33627e-05 [MSELoss(): t(0,0)_r(0,0)_combi_pNone_gTrue]
	 Logging test loss: 4.15772e-05 [MSELoss(): tennis_pNone_gNone_tennisEffect]
		--> Epoch time; 35.366634368896484
Epoch 3/9
	 Logging train Loss: 5.0677e-06 [MSELoss(): t(5,20)_r(5,20)_combi_pNone_gNone]
	 Logging test loss: 3.7882e-06 [MSELoss(): t(5,20)_r(5,20)_combi_pNone_gNone]
	 Logging test loss: 7.1915e-06 [MSELoss(): t(0,0)_r(0,0)_combi_pTrue_gTrue]
	 Logging test loss: 8.2706e-06 [MSELoss(): t(0,0)_r(0,0)_combi_pNone_gTrue]
	 Logging test loss: 3.61e-05 [MSELoss(): tennis_pNone_gNone_tennisEffect]
		--> Epoch time; 35.267457008361816
Epoch 4/9
	 Logging train Loss: 4.8238e-06 [MSELoss(): t(5,20)_r(5,20)_combi_pNone_gNone]
	 Logging test loss: 3.4954e-06 [MSELoss(): t(5,20)_r(5,20)_combi_pNone_gNone]
	 Logging test loss: 4.2112e-06 [MSELoss(): t(0,0)_r(0,0)_combi_pTrue_gTrue]
	 Logging test loss: 4.7598e-06 [MSELoss(): t(0,0)_r(0,0)_combi_pNone_gTrue]
	 Logging test loss: 3.21302e-05 [MSELoss(): tennis_pNone_gNone_tennisEffect]
		--> Epoch time; 35.54486155509949
Epoch 5/9
	 Logging train Loss: 4.9112e-06 [MSELoss(): t(5,20)_r(5,20)_combi_pNone_gNone]
	 Logging test loss: 3.0016e-06 [MSELoss(): t(5,20)_r(5,20)_combi_pNone_gNone]
	 Logging test loss: 2.4017e-06 [MSELoss(): t(0,0)_r(0,0)_combi_pTrue_gTrue]
	 Logging test loss: 2.6871e-06 [MSELoss(): t(0,0)_r(0,0)_combi_pNone_gTrue]
	 Logging test loss: 2.89291e-05 [MSELoss(): tennis_pNone_gNone_tennisEffect]
		--> Epoch time; 35.43678021430969
Epoch 6/9
	 Logging train Loss: 4.6545e-06 [MSELoss(): t(5,20)_r(5,20)_combi_pNone_gNone]
	 Logging test loss: 4.3117e-06 [MSELoss(): t(5,20)_r(5,20)_combi_pNone_gNone]
	 Logging test loss: 3.2882e-06 [MSELoss(): t(0,0)_r(0,0)_combi_pTrue_gTrue]
	 Logging test loss: 3.4841e-06 [MSELoss(): t(0,0)_r(0,0)_combi_pNone_gTrue]
	 Logging test loss: 2.96404e-05 [MSELoss(): tennis_pNone_gNone_tennisEffect]
		--> Epoch time; 36.28428554534912
Epoch 7/9
	 Logging train Loss: 4.3794e-06 [MSELoss(): t(5,20)_r(5,20)_combi_pNone_gNone]
	 Logging test loss: 3.1584e-06 [MSELoss(): t(5,20)_r(5,20)_combi_pNone_gNone]
	 Logging test loss: 1.4563e-06 [MSELoss(): t(0,0)_r(0,0)_combi_pTrue_gTrue]
	 Logging test loss: 1.5272e-06 [MSELoss(): t(0,0)_r(0,0)_combi_pNone_gTrue]
	 Logging test loss: 2.5012e-05 [MSELoss(): tennis_pNone_gNone_tennisEffect]
		--> Epoch time; 35.768012046813965
Epoch 8/9
	 Logging train Loss: 3.9619e-06 [MSELoss(): t(5,20)_r(5,20)_combi_pNone_gNone]
	 Logging test loss: 2.6109e-06 [MSELoss(): t(5,20)_r(5,20)_combi_pNone_gNone]
	 Logging test loss: 8.535e-07 [MSELoss(): t(0,0)_r(0,0)_combi_pTrue_gTrue]
	 Logging test loss: 8.419e-07 [MSELoss(): t(0,0)_r(0,0)_combi_pNone_gTrue]
	 Logging test loss: 2.20999e-05 [MSELoss(): tennis_pNone_gNone_tennisEffect]
		--> Epoch time; 35.36847949028015
Epoch 9/9
	 Logging train Loss: 3.7111e-06 [MSELoss(): t(5,20)_r(5,20)_combi_pNone_gNone]
	 Logging test loss: 2.6424e-06 [MSELoss(): t(5,20)_r(5,20)_combi_pNone_gNone]
	 Logging test loss: 1.1162e-06 [MSELoss(): t(0,0)_r(0,0)_combi_pTrue_gTrue]
	 Logging test loss: 1.1442e-06 [MSELoss(): t(0,0)_r(0,0)_combi_pNone_gTrue]
	 Logging test loss: 2.05193e-05 [MSELoss(): tennis_pNone_gNone_tennisEffect]
		--> Epoch time; 35.32545447349548
Saved model in  trained_models/gru/data_t(5,20)_r(5,20)_combi_pNone_gNone/'log_dualQ_1'_'False'.pth
It took  479.22763419151306  seconds.
----- ITERATION 2/10 ------
Number of train simulations:  1920
Number of test simulations:  480
The dataloader for data/data_t(5,20)_r(5,20)_combi_pNone_gNone took 47.65766215324402 seconds.
-- Finished Train Dataloader --
The dataloader for data/data_t(5,20)_r(5,20)_combi_pNone_gNone took 11.937327861785889 seconds.
The dataloader for data/data_t(0,0)_r(0,0)_combi_pTrue_gTrue took 12.12860369682312 seconds.
The dataloader for data/data_t(0,0)_r(0,0)_combi_pNone_gTrue took 12.332887887954712 seconds.
The dataloader for data/data_tennis_pNone_gNone_tennisEffect took 12.108665227890015 seconds.
-- Finished Test Dataloader(s) --
GRU(
  (rnn): GRU(6, 96, batch_first=True)
  (fc): Linear(in_features=96, out_features=6, bias=True)
)
Datatype: log_dualQ_1
-- Started Training --
Epoch 0/9
	 Logging train Loss: 0.0006616324 [MSELoss(): t(5,20)_r(5,20)_combi_pNone_gNone]
	 Logging test loss: 5.20194e-05 [MSELoss(): t(5,20)_r(5,20)_combi_pNone_gNone]
	 Logging test loss: 0.0002850878 [MSELoss(): t(0,0)_r(0,0)_combi_pTrue_gTrue]
	 Logging test loss: 0.000322262 [MSELoss(): t(0,0)_r(0,0)_combi_pNone_gTrue]
	 Logging test loss: 0.0004280551 [MSELoss(): tennis_pNone_gNone_tennisEffect]
		--> Epoch time; 35.84288215637207
Epoch 1/9
	 Logging train Loss: 2.18446e-05 [MSELoss(): t(5,20)_r(5,20)_combi_pNone_gNone]
	 Logging test loss: 6.7714e-06 [MSELoss(): t(5,20)_r(5,20)_combi_pNone_gNone]
	 Logging test loss: 2.44203e-05 [MSELoss(): t(0,0)_r(0,0)_combi_pTrue_gTrue]
	 Logging test loss: 2.7167e-05 [MSELoss(): t(0,0)_r(0,0)_combi_pNone_gTrue]
	 Logging test loss: 5.64478e-05 [MSELoss(): tennis_pNone_gNone_tennisEffect]
		--> Epoch time; 35.570138454437256
Epoch 2/9
	 Logging train Loss: 6.6651e-06 [MSELoss(): t(5,20)_r(5,20)_combi_pNone_gNone]
	 Logging test loss: 6.7503e-06 [MSELoss(): t(5,20)_r(5,20)_combi_pNone_gNone]
	 Logging test loss: 1.66307e-05 [MSELoss(): t(0,0)_r(0,0)_combi_pTrue_gTrue]
	 Logging test loss: 1.83108e-05 [MSELoss(): t(0,0)_r(0,0)_combi_pNone_gTrue]
	 Logging test loss: 4.80118e-05 [MSELoss(): tennis_pNone_gNone_tennisEffect]
		--> Epoch time; 35.93274736404419
Epoch 3/9
	 Logging train Loss: 6.1708e-06 [MSELoss(): t(5,20)_r(5,20)_combi_pNone_gNone]
	 Logging test loss: 3.7501e-06 [MSELoss(): t(5,20)_r(5,20)_combi_pNone_gNone]
	 Logging test loss: 1.00905e-05 [MSELoss(): t(0,0)_r(0,0)_combi_pTrue_gTrue]
	 Logging test loss: 1.11492e-05 [MSELoss(): t(0,0)_r(0,0)_combi_pNone_gTrue]
	 Logging test loss: 3.71156e-05 [MSELoss(): tennis_pNone_gNone_tennisEffect]
		--> Epoch time; 36.028969287872314
Epoch 4/9
wandb: Waiting for W&B process to finish... (success).
wandb: 
wandb: Run history:
wandb:                                       Epoch â–â–‚â–ƒâ–ƒâ–„â–…â–†â–†â–‡â–ˆ
wandb:   Test loss t(0,0)_r(0,0)_combi_pNone_gTrue â–ˆâ–‚â–â–â–â–â–â–â–â–
wandb:   Test loss t(0,0)_r(0,0)_combi_pTrue_gTrue â–ˆâ–‚â–â–â–â–â–â–â–â–
wandb: Test loss t(5,20)_r(5,20)_combi_pNone_gNone â–ˆâ–‚â–‚â–â–â–â–â–â–â–
wandb:   Test loss tennis_pNone_gNone_tennisEffect â–ˆâ–‚â–â–â–â–â–â–â–â–
wandb:                                  Train loss â–ˆâ–â–â–â–â–â–â–â–â–
wandb: 
wandb: Run summary:
wandb:                                       Epoch 9
wandb:   Test loss t(0,0)_r(0,0)_combi_pNone_gTrue 0.0
wandb:   Test loss t(0,0)_r(0,0)_combi_pTrue_gTrue 0.0
wandb: Test loss t(5,20)_r(5,20)_combi_pNone_gNone 0.0
wandb:   Test loss tennis_pNone_gNone_tennisEffect 2e-05
wandb:                                  Train loss 0.0
wandb: 
wandb: ðŸš€ View run giddy-sponge-17 at: https://wandb.ai/nreints/ThesisFinal2Gen/runs/1ugjuu7n
wandb: Synced 7 W&B file(s), 0 media file(s), 4 artifact file(s) and 1 other file(s)
wandb: Find logs at: ./wandb/run-20230711_121701-1ugjuu7n/logs
wandb: - Waiting for wandb.init()...wandb: \ Waiting for wandb.init()...wandb: wandb version 0.15.5 is available!  To upgrade, please run:
wandb:  $ pip install wandb --upgrade
wandb: Tracking run with wandb version 0.14.0
wandb: Run data is saved locally in /gpfs/home2/nreints/MScThesis/code/wandb/run-20230711_122447-87tba5tl
wandb: Run `wandb offline` to turn off syncing.
wandb: Syncing run polar-blaze-28
wandb: â­ï¸ View project at https://wandb.ai/nreints/ThesisFinal2Gen
wandb: ðŸš€ View run at https://wandb.ai/nreints/ThesisFinal2Gen/runs/87tba5tl
wandb: Waiting for W&B process to finish... (success).
wandb: 
wandb: Run history:
wandb:                                       Epoch â–â–‚â–ƒâ–ƒâ–„â–…â–†â–†â–‡â–ˆ
wandb:   Test loss t(0,0)_r(0,0)_combi_pNone_gTrue â–ˆâ–ƒâ–â–â–â–â–â–â–â–
wandb:   Test loss t(0,0)_r(0,0)_combi_pTrue_gTrue â–ˆâ–ƒâ–â–â–â–â–â–â–â–
wandb: Test loss t(5,20)_r(5,20)_combi_pNone_gNone â–ˆâ–‚â–â–â–â–â–â–â–â–
wandb:   Test loss tennis_pNone_gNone_tennisEffect â–ˆâ–‚â–â–â–â–â–â–â–â–
wandb:                                  Train loss â–ˆâ–â–â–â–â–â–â–â–â–
wandb: 
wandb: Run summary:
wandb:                                       Epoch 9
wandb:   Test loss t(0,0)_r(0,0)_combi_pNone_gTrue 0.0
wandb:   Test loss t(0,0)_r(0,0)_combi_pTrue_gTrue 0.0
wandb: Test loss t(5,20)_r(5,20)_combi_pNone_gNone 1e-05
wandb:   Test loss tennis_pNone_gNone_tennisEffect 3e-05
wandb:                                  Train loss 0.0
wandb: 
wandb: ðŸš€ View run polar-blaze-28 at: https://wandb.ai/nreints/ThesisFinal2Gen/runs/87tba5tl
wandb: Synced 7 W&B file(s), 0 media file(s), 4 artifact file(s) and 1 other file(s)
wandb: Find logs at: ./wandb/run-20230711_122447-87tba5tl/logs
wandb: - Waiting for wandb.init()...wandb: \ Waiting for wandb.init()...wandb: wandb version 0.15.5 is available!  To upgrade, please run:
wandb:  $ pip install wandb --upgrade
wandb: Tracking run with wandb version 0.14.0
wandb: Run data is saved locally in /gpfs/home2/nreints/MScThesis/code/wandb/run-20230711_123230-0i8jb91e
wandb: Run `wandb offline` to turn off syncing.
wandb: Syncing run comfy-sky-38
wandb: â­ï¸ View project at https://wandb.ai/nreints/ThesisFinal2Gen
wandb: ðŸš€ View run at https://wandb.ai/nreints/ThesisFinal2Gen/runs/0i8jb91e
	 Logging train Loss: 5.7866e-06 [MSELoss(): t(5,20)_r(5,20)_combi_pNone_gNone]
	 Logging test loss: 6.2118e-06 [MSELoss(): t(5,20)_r(5,20)_combi_pNone_gNone]
	 Logging test loss: 9.5334e-06 [MSELoss(): t(0,0)_r(0,0)_combi_pTrue_gTrue]
	 Logging test loss: 1.01745e-05 [MSELoss(): t(0,0)_r(0,0)_combi_pNone_gTrue]
	 Logging test loss: 3.86623e-05 [MSELoss(): tennis_pNone_gNone_tennisEffect]
		--> Epoch time; 35.808664321899414
Epoch 5/9
	 Logging train Loss: 5.5767e-06 [MSELoss(): t(5,20)_r(5,20)_combi_pNone_gNone]
	 Logging test loss: 4.5419e-06 [MSELoss(): t(5,20)_r(5,20)_combi_pNone_gNone]
	 Logging test loss: 6.6076e-06 [MSELoss(): t(0,0)_r(0,0)_combi_pTrue_gTrue]
	 Logging test loss: 6.8927e-06 [MSELoss(): t(0,0)_r(0,0)_combi_pNone_gTrue]
	 Logging test loss: 3.35839e-05 [MSELoss(): tennis_pNone_gNone_tennisEffect]
		--> Epoch time; 35.61203598976135
Epoch 6/9
	 Logging train Loss: 5.0572e-06 [MSELoss(): t(5,20)_r(5,20)_combi_pNone_gNone]
	 Logging test loss: 4.1294e-06 [MSELoss(): t(5,20)_r(5,20)_combi_pNone_gNone]
	 Logging test loss: 4.8687e-06 [MSELoss(): t(0,0)_r(0,0)_combi_pTrue_gTrue]
	 Logging test loss: 4.9409e-06 [MSELoss(): t(0,0)_r(0,0)_combi_pNone_gTrue]
	 Logging test loss: 2.95919e-05 [MSELoss(): tennis_pNone_gNone_tennisEffect]
		--> Epoch time; 35.38462257385254
Epoch 7/9
	 Logging train Loss: 4.2881e-06 [MSELoss(): t(5,20)_r(5,20)_combi_pNone_gNone]
	 Logging test loss: 2.7479e-06 [MSELoss(): t(5,20)_r(5,20)_combi_pNone_gNone]
	 Logging test loss: 2.3587e-06 [MSELoss(): t(0,0)_r(0,0)_combi_pTrue_gTrue]
	 Logging test loss: 2.5348e-06 [MSELoss(): t(0,0)_r(0,0)_combi_pNone_gTrue]
	 Logging test loss: 2.47908e-05 [MSELoss(): tennis_pNone_gNone_tennisEffect]
		--> Epoch time; 35.54740238189697
Epoch 8/9
	 Logging train Loss: 4.1457e-06 [MSELoss(): t(5,20)_r(5,20)_combi_pNone_gNone]
	 Logging test loss: 2.9291e-06 [MSELoss(): t(5,20)_r(5,20)_combi_pNone_gNone]
	 Logging test loss: 2.3209e-06 [MSELoss(): t(0,0)_r(0,0)_combi_pTrue_gTrue]
	 Logging test loss: 2.4307e-06 [MSELoss(): t(0,0)_r(0,0)_combi_pNone_gTrue]
	 Logging test loss: 2.29671e-05 [MSELoss(): tennis_pNone_gNone_tennisEffect]
		--> Epoch time; 35.48406505584717
Epoch 9/9
	 Logging train Loss: 3.5352e-06 [MSELoss(): t(5,20)_r(5,20)_combi_pNone_gNone]
	 Logging test loss: 3.1787e-06 [MSELoss(): t(5,20)_r(5,20)_combi_pNone_gNone]
	 Logging test loss: 2.4968e-06 [MSELoss(): t(0,0)_r(0,0)_combi_pTrue_gTrue]
	 Logging test loss: 2.336e-06 [MSELoss(): t(0,0)_r(0,0)_combi_pNone_gTrue]
	 Logging test loss: 2.14787e-05 [MSELoss(): tennis_pNone_gNone_tennisEffect]
		--> Epoch time; 35.61283779144287
Saved model in  trained_models/gru/data_t(5,20)_r(5,20)_combi_pNone_gNone/'log_dualQ_1'_'False'.pth
It took  465.99998784065247  seconds.
----- ITERATION 3/10 ------
Number of train simulations:  1920
Number of test simulations:  480
The dataloader for data/data_t(5,20)_r(5,20)_combi_pNone_gNone took 45.18103337287903 seconds.
-- Finished Train Dataloader --
The dataloader for data/data_t(5,20)_r(5,20)_combi_pNone_gNone took 11.2924964427948 seconds.
The dataloader for data/data_t(0,0)_r(0,0)_combi_pTrue_gTrue took 11.90798544883728 seconds.
The dataloader for data/data_t(0,0)_r(0,0)_combi_pNone_gTrue took 11.970900297164917 seconds.
The dataloader for data/data_tennis_pNone_gNone_tennisEffect took 11.918910503387451 seconds.
-- Finished Test Dataloader(s) --
GRU(
  (rnn): GRU(6, 96, batch_first=True)
  (fc): Linear(in_features=96, out_features=6, bias=True)
)
Datatype: log_dualQ_1
-- Started Training --
Epoch 0/9
	 Logging train Loss: 0.0008544775 [MSELoss(): t(5,20)_r(5,20)_combi_pNone_gNone]
	 Logging test loss: 5.93297e-05 [MSELoss(): t(5,20)_r(5,20)_combi_pNone_gNone]
	 Logging test loss: 0.000402628 [MSELoss(): t(0,0)_r(0,0)_combi_pTrue_gTrue]
	 Logging test loss: 0.0004661863 [MSELoss(): t(0,0)_r(0,0)_combi_pNone_gTrue]
	 Logging test loss: 0.0005516406 [MSELoss(): tennis_pNone_gNone_tennisEffect]
		--> Epoch time; 35.38258171081543
Epoch 1/9
	 Logging train Loss: 2.81092e-05 [MSELoss(): t(5,20)_r(5,20)_combi_pNone_gNone]
	 Logging test loss: 1.14452e-05 [MSELoss(): t(5,20)_r(5,20)_combi_pNone_gNone]
	 Logging test loss: 0.0001071968 [MSELoss(): t(0,0)_r(0,0)_combi_pTrue_gTrue]
	 Logging test loss: 0.0001235431 [MSELoss(): t(0,0)_r(0,0)_combi_pNone_gTrue]
	 Logging test loss: 0.0001358585 [MSELoss(): tennis_pNone_gNone_tennisEffect]
		--> Epoch time; 35.529791831970215
Epoch 2/9
	 Logging train Loss: 7.1998e-06 [MSELoss(): t(5,20)_r(5,20)_combi_pNone_gNone]
	 Logging test loss: 6.1107e-06 [MSELoss(): t(5,20)_r(5,20)_combi_pNone_gNone]
	 Logging test loss: 1.50268e-05 [MSELoss(): t(0,0)_r(0,0)_combi_pTrue_gTrue]
	 Logging test loss: 1.71806e-05 [MSELoss(): t(0,0)_r(0,0)_combi_pNone_gTrue]
	 Logging test loss: 4.81091e-05 [MSELoss(): tennis_pNone_gNone_tennisEffect]
		--> Epoch time; 35.253363370895386
Epoch 3/9
	 Logging train Loss: 5.9765e-06 [MSELoss(): t(5,20)_r(5,20)_combi_pNone_gNone]
	 Logging test loss: 5.8214e-06 [MSELoss(): t(5,20)_r(5,20)_combi_pNone_gNone]
	 Logging test loss: 1.1521e-05 [MSELoss(): t(0,0)_r(0,0)_combi_pTrue_gTrue]
	 Logging test loss: 1.28323e-05 [MSELoss(): t(0,0)_r(0,0)_combi_pNone_gTrue]
	 Logging test loss: 4.38e-05 [MSELoss(): tennis_pNone_gNone_tennisEffect]
		--> Epoch time; 35.574230432510376
Epoch 4/9
	 Logging train Loss: 5.428e-06 [MSELoss(): t(5,20)_r(5,20)_combi_pNone_gNone]
	 Logging test loss: 5.7694e-06 [MSELoss(): t(5,20)_r(5,20)_combi_pNone_gNone]
	 Logging test loss: 8.6104e-06 [MSELoss(): t(0,0)_r(0,0)_combi_pTrue_gTrue]
	 Logging test loss: 9.7471e-06 [MSELoss(): t(0,0)_r(0,0)_combi_pNone_gTrue]
	 Logging test loss: 3.99923e-05 [MSELoss(): tennis_pNone_gNone_tennisEffect]
		--> Epoch time; 35.298518896102905
Epoch 5/9
	 Logging train Loss: 5.1292e-06 [MSELoss(): t(5,20)_r(5,20)_combi_pNone_gNone]
	 Logging test loss: 5.1744e-06 [MSELoss(): t(5,20)_r(5,20)_combi_pNone_gNone]
	 Logging test loss: 6.2147e-06 [MSELoss(): t(0,0)_r(0,0)_combi_pTrue_gTrue]
	 Logging test loss: 6.895e-06 [MSELoss(): t(0,0)_r(0,0)_combi_pNone_gTrue]
	 Logging test loss: 3.62589e-05 [MSELoss(): tennis_pNone_gNone_tennisEffect]
		--> Epoch time; 35.74398589134216
Epoch 6/9
	 Logging train Loss: 4.7793e-06 [MSELoss(): t(5,20)_r(5,20)_combi_pNone_gNone]
	 Logging test loss: 4.0588e-06 [MSELoss(): t(5,20)_r(5,20)_combi_pNone_gNone]
	 Logging test loss: 4.1378e-06 [MSELoss(): t(0,0)_r(0,0)_combi_pTrue_gTrue]
	 Logging test loss: 4.4804e-06 [MSELoss(): t(0,0)_r(0,0)_combi_pNone_gTrue]
	 Logging test loss: 3.1523e-05 [MSELoss(): tennis_pNone_gNone_tennisEffect]
		--> Epoch time; 36.35529565811157
Epoch 7/9
	 Logging train Loss: 4.3563e-06 [MSELoss(): t(5,20)_r(5,20)_combi_pNone_gNone]
	 Logging test loss: 3.3785e-06 [MSELoss(): t(5,20)_r(5,20)_combi_pNone_gNone]
	 Logging test loss: 2.8797e-06 [MSELoss(): t(0,0)_r(0,0)_combi_pTrue_gTrue]
	 Logging test loss: 3.0835e-06 [MSELoss(): t(0,0)_r(0,0)_combi_pNone_gTrue]
	 Logging test loss: 2.84707e-05 [MSELoss(): tennis_pNone_gNone_tennisEffect]
		--> Epoch time; 35.90840744972229
Epoch 8/9
	 Logging train Loss: 4.1074e-06 [MSELoss(): t(5,20)_r(5,20)_combi_pNone_gNone]
	 Logging test loss: 6.1509e-06 [MSELoss(): t(5,20)_r(5,20)_combi_pNone_gNone]
	 Logging test loss: 4.2731e-06 [MSELoss(): t(0,0)_r(0,0)_combi_pTrue_gTrue]
	 Logging test loss: 4.1389e-06 [MSELoss(): t(0,0)_r(0,0)_combi_pNone_gTrue]
	 Logging test loss: 3.0135e-05 [MSELoss(): tennis_pNone_gNone_tennisEffect]
		--> Epoch time; 35.62804055213928
Epoch 9/9
	 Logging train Loss: 3.5012e-06 [MSELoss(): t(5,20)_r(5,20)_combi_pNone_gNone]
	 Logging test loss: 5.653e-06 [MSELoss(): t(5,20)_r(5,20)_combi_pNone_gNone]
	 Logging test loss: 4.6647e-06 [MSELoss(): t(0,0)_r(0,0)_combi_pTrue_gTrue]
	 Logging test loss: 4.3942e-06 [MSELoss(): t(0,0)_r(0,0)_combi_pNone_gTrue]
	 Logging test loss: 2.85455e-05 [MSELoss(): tennis_pNone_gNone_tennisEffect]
		--> Epoch time; 35.7920458316803
Saved model in  trained_models/gru/data_t(5,20)_r(5,20)_combi_pNone_gNone/'log_dualQ_1'_'False'.pth
It took  463.09915232658386  seconds.
----- ITERATION 4/10 ------
Number of train simulations:  1920
Number of test simulations:  480
wandb: Waiting for W&B process to finish... (success).
wandb: 
wandb: Run history:
wandb:                                       Epoch â–â–‚â–ƒâ–ƒâ–„â–…â–†â–†â–‡â–ˆ
wandb:   Test loss t(0,0)_r(0,0)_combi_pNone_gTrue â–ˆâ–‚â–â–â–â–â–â–â–â–
wandb:   Test loss t(0,0)_r(0,0)_combi_pTrue_gTrue â–ˆâ–‚â–â–â–â–â–â–â–â–
wandb: Test loss t(5,20)_r(5,20)_combi_pNone_gNone â–ˆâ–‚â–â–â–â–â–â–â–â–
wandb:   Test loss tennis_pNone_gNone_tennisEffect â–ˆâ–‚â–â–â–â–â–â–â–â–
wandb:                                  Train loss â–ˆâ–â–â–â–â–â–â–â–â–
wandb: 
wandb: Run summary:
wandb:                                       Epoch 9
wandb:   Test loss t(0,0)_r(0,0)_combi_pNone_gTrue 0.0
wandb:   Test loss t(0,0)_r(0,0)_combi_pTrue_gTrue 0.0
wandb: Test loss t(5,20)_r(5,20)_combi_pNone_gNone 0.0
wandb:   Test loss tennis_pNone_gNone_tennisEffect 2e-05
wandb:                                  Train loss 0.0
wandb: 
wandb: ðŸš€ View run comfy-sky-38 at: https://wandb.ai/nreints/ThesisFinal2Gen/runs/0i8jb91e
wandb: Synced 7 W&B file(s), 0 media file(s), 4 artifact file(s) and 1 other file(s)
wandb: Find logs at: ./wandb/run-20230711_123230-0i8jb91e/logs
wandb: - Waiting for wandb.init()...wandb: \ Waiting for wandb.init()...wandb: wandb version 0.15.5 is available!  To upgrade, please run:
wandb:  $ pip install wandb --upgrade
wandb: Tracking run with wandb version 0.14.0
wandb: Run data is saved locally in /gpfs/home2/nreints/MScThesis/code/wandb/run-20230711_124017-wzgcnct4
wandb: Run `wandb offline` to turn off syncing.
wandb: Syncing run generous-paper-48
wandb: â­ï¸ View project at https://wandb.ai/nreints/ThesisFinal2Gen
wandb: ðŸš€ View run at https://wandb.ai/nreints/ThesisFinal2Gen/runs/wzgcnct4
The dataloader for data/data_t(5,20)_r(5,20)_combi_pNone_gNone took 46.50246238708496 seconds.
-- Finished Train Dataloader --
The dataloader for data/data_t(5,20)_r(5,20)_combi_pNone_gNone took 11.755235195159912 seconds.
The dataloader for data/data_t(0,0)_r(0,0)_combi_pTrue_gTrue took 11.947439432144165 seconds.
The dataloader for data/data_t(0,0)_r(0,0)_combi_pNone_gTrue took 11.941100835800171 seconds.
The dataloader for data/data_tennis_pNone_gNone_tennisEffect took 11.919190406799316 seconds.
-- Finished Test Dataloader(s) --
GRU(
  (rnn): GRU(6, 96, batch_first=True)
  (fc): Linear(in_features=96, out_features=6, bias=True)
)
Datatype: log_dualQ_1
-- Started Training --
Epoch 0/9
	 Logging train Loss: 0.000830585 [MSELoss(): t(5,20)_r(5,20)_combi_pNone_gNone]
	 Logging test loss: 6.03039e-05 [MSELoss(): t(5,20)_r(5,20)_combi_pNone_gNone]
	 Logging test loss: 0.0002324945 [MSELoss(): t(0,0)_r(0,0)_combi_pTrue_gTrue]
	 Logging test loss: 0.0002569145 [MSELoss(): t(0,0)_r(0,0)_combi_pNone_gTrue]
	 Logging test loss: 0.0004625843 [MSELoss(): tennis_pNone_gNone_tennisEffect]
		--> Epoch time; 35.70148682594299
Epoch 1/9
	 Logging train Loss: 2.32006e-05 [MSELoss(): t(5,20)_r(5,20)_combi_pNone_gNone]
	 Logging test loss: 6.936e-06 [MSELoss(): t(5,20)_r(5,20)_combi_pNone_gNone]
	 Logging test loss: 2.43555e-05 [MSELoss(): t(0,0)_r(0,0)_combi_pTrue_gTrue]
	 Logging test loss: 2.58744e-05 [MSELoss(): t(0,0)_r(0,0)_combi_pNone_gTrue]
	 Logging test loss: 6.07355e-05 [MSELoss(): tennis_pNone_gNone_tennisEffect]
		--> Epoch time; 35.48904991149902
Epoch 2/9
	 Logging train Loss: 5.6702e-06 [MSELoss(): t(5,20)_r(5,20)_combi_pNone_gNone]
	 Logging test loss: 5.0659e-06 [MSELoss(): t(5,20)_r(5,20)_combi_pNone_gNone]
	 Logging test loss: 1.50357e-05 [MSELoss(): t(0,0)_r(0,0)_combi_pTrue_gTrue]
	 Logging test loss: 1.61955e-05 [MSELoss(): t(0,0)_r(0,0)_combi_pNone_gTrue]
	 Logging test loss: 4.51734e-05 [MSELoss(): tennis_pNone_gNone_tennisEffect]
		--> Epoch time; 35.75163722038269
Epoch 3/9
	 Logging train Loss: 5.3641e-06 [MSELoss(): t(5,20)_r(5,20)_combi_pNone_gNone]
	 Logging test loss: 4.8686e-06 [MSELoss(): t(5,20)_r(5,20)_combi_pNone_gNone]
	 Logging test loss: 1.07007e-05 [MSELoss(): t(0,0)_r(0,0)_combi_pTrue_gTrue]
	 Logging test loss: 1.14443e-05 [MSELoss(): t(0,0)_r(0,0)_combi_pNone_gTrue]
	 Logging test loss: 4.03711e-05 [MSELoss(): tennis_pNone_gNone_tennisEffect]
		--> Epoch time; 36.00282168388367
Epoch 4/9
	 Logging train Loss: 4.9091e-06 [MSELoss(): t(5,20)_r(5,20)_combi_pNone_gNone]
	 Logging test loss: 4.8433e-06 [MSELoss(): t(5,20)_r(5,20)_combi_pNone_gNone]
	 Logging test loss: 7.2566e-06 [MSELoss(): t(0,0)_r(0,0)_combi_pTrue_gTrue]
	 Logging test loss: 7.6089e-06 [MSELoss(): t(0,0)_r(0,0)_combi_pNone_gTrue]
	 Logging test loss: 3.6534e-05 [MSELoss(): tennis_pNone_gNone_tennisEffect]
		--> Epoch time; 35.95035409927368
Epoch 5/9
	 Logging train Loss: 4.6917e-06 [MSELoss(): t(5,20)_r(5,20)_combi_pNone_gNone]
	 Logging test loss: 3.9174e-06 [MSELoss(): t(5,20)_r(5,20)_combi_pNone_gNone]
	 Logging test loss: 4.5442e-06 [MSELoss(): t(0,0)_r(0,0)_combi_pTrue_gTrue]
	 Logging test loss: 4.7646e-06 [MSELoss(): t(0,0)_r(0,0)_combi_pNone_gTrue]
	 Logging test loss: 3.19003e-05 [MSELoss(): tennis_pNone_gNone_tennisEffect]
		--> Epoch time; 35.77498126029968
Epoch 6/9
	 Logging train Loss: 4.8331e-06 [MSELoss(): t(5,20)_r(5,20)_combi_pNone_gNone]
	 Logging test loss: 4.7627e-06 [MSELoss(): t(5,20)_r(5,20)_combi_pNone_gNone]
	 Logging test loss: 4.1923e-06 [MSELoss(): t(0,0)_r(0,0)_combi_pTrue_gTrue]
	 Logging test loss: 4.1727e-06 [MSELoss(): t(0,0)_r(0,0)_combi_pNone_gTrue]
	 Logging test loss: 3.12219e-05 [MSELoss(): tennis_pNone_gNone_tennisEffect]
		--> Epoch time; 35.41717529296875
Epoch 7/9
	 Logging train Loss: 4.1322e-06 [MSELoss(): t(5,20)_r(5,20)_combi_pNone_gNone]
	 Logging test loss: 3.3546e-06 [MSELoss(): t(5,20)_r(5,20)_combi_pNone_gNone]
	 Logging test loss: 2.0987e-06 [MSELoss(): t(0,0)_r(0,0)_combi_pTrue_gTrue]
	 Logging test loss: 2.1653e-06 [MSELoss(): t(0,0)_r(0,0)_combi_pNone_gTrue]
	 Logging test loss: 2.61482e-05 [MSELoss(): tennis_pNone_gNone_tennisEffect]
		--> Epoch time; 35.77091431617737
Epoch 8/9
	 Logging train Loss: 3.8288e-06 [MSELoss(): t(5,20)_r(5,20)_combi_pNone_gNone]
	 Logging test loss: 2.6449e-06 [MSELoss(): t(5,20)_r(5,20)_combi_pNone_gNone]
	 Logging test loss: 1.2967e-06 [MSELoss(): t(0,0)_r(0,0)_combi_pTrue_gTrue]
	 Logging test loss: 1.3407e-06 [MSELoss(): t(0,0)_r(0,0)_combi_pNone_gTrue]
	 Logging test loss: 2.29142e-05 [MSELoss(): tennis_pNone_gNone_tennisEffect]
		--> Epoch time; 35.716811656951904
Epoch 9/9
	 Logging train Loss: 3.6772e-06 [MSELoss(): t(5,20)_r(5,20)_combi_pNone_gNone]
	 Logging test loss: 2.1494e-06 [MSELoss(): t(5,20)_r(5,20)_combi_pNone_gNone]
	 Logging test loss: 7.402e-07 [MSELoss(): t(0,0)_r(0,0)_combi_pTrue_gTrue]
	 Logging test loss: 7.917e-07 [MSELoss(): t(0,0)_r(0,0)_combi_pNone_gTrue]
	 Logging test loss: 1.99225e-05 [MSELoss(): tennis_pNone_gNone_tennisEffect]
		--> Epoch time; 35.92423152923584
Saved model in  trained_models/gru/data_t(5,20)_r(5,20)_combi_pNone_gNone/'log_dualQ_1'_'False'.pth
It took  467.15057373046875  seconds.
----- ITERATION 5/10 ------
Number of train simulations:  1920
Number of test simulations:  480
The dataloader for data/data_t(5,20)_r(5,20)_combi_pNone_gNone took 45.87956428527832 seconds.
-- Finished Train Dataloader --
The dataloader for data/data_t(5,20)_r(5,20)_combi_pNone_gNone took 11.471329689025879 seconds.
The dataloader for data/data_t(0,0)_r(0,0)_combi_pTrue_gTrue took 11.937304973602295 seconds.
The dataloader for data/data_t(0,0)_r(0,0)_combi_pNone_gTrue took 11.9286048412323 seconds.
The dataloader for data/data_tennis_pNone_gNone_tennisEffect took 11.949602603912354 seconds.
-- Finished Test Dataloader(s) --
GRU(
  (rnn): GRU(6, 96, batch_first=True)
  (fc): Linear(in_features=96, out_features=6, bias=True)
)
Datatype: log_dualQ_1
-- Started Training --
Epoch 0/9
	 Logging train Loss: 0.0005242961 [MSELoss(): t(5,20)_r(5,20)_combi_pNone_gNone]
	 Logging test loss: 4.00522e-05 [MSELoss(): t(5,20)_r(5,20)_combi_pNone_gNone]
	 Logging test loss: 0.0002046424 [MSELoss(): t(0,0)_r(0,0)_combi_pTrue_gTrue]
	 Logging test loss: 0.0002199389 [MSELoss(): t(0,0)_r(0,0)_combi_pNone_gTrue]
	 Logging test loss: 0.0003050068 [MSELoss(): tennis_pNone_gNone_tennisEffect]
		--> Epoch time; 35.8471097946167
Epoch 1/9
	 Logging train Loss: 1.40311e-05 [MSELoss(): t(5,20)_r(5,20)_combi_pNone_gNone]
	 Logging test loss: 7.7835e-06 [MSELoss(): t(5,20)_r(5,20)_combi_pNone_gNone]
	 Logging test loss: 2.00056e-05 [MSELoss(): t(0,0)_r(0,0)_combi_pTrue_gTrue]
	 Logging test loss: 2.17215e-05 [MSELoss(): t(0,0)_r(0,0)_combi_pNone_gTrue]
	 Logging test loss: 5.11901e-05 [MSELoss(): tennis_pNone_gNone_tennisEffect]
		--> Epoch time; 35.62638998031616
Epoch 2/9
	 Logging train Loss: 5.5562e-06 [MSELoss(): t(5,20)_r(5,20)_combi_pNone_gNone]
	 Logging test loss: 4.7452e-06 [MSELoss(): t(5,20)_r(5,20)_combi_pNone_gNone]
	 Logging test loss: 1.11881e-05 [MSELoss(): t(0,0)_r(0,0)_combi_pTrue_gTrue]
	 Logging test loss: 1.24285e-05 [MSELoss(): t(0,0)_r(0,0)_combi_pNone_gTrue]
	 Logging test loss: 3.90666e-05 [MSELoss(): tennis_pNone_gNone_tennisEffect]
		--> Epoch time; 35.49046087265015
Epoch 3/9
	 Logging train Loss: 5.599e-06 [MSELoss(): t(5,20)_r(5,20)_combi_pNone_gNone]
	 Logging test loss: 6.0863e-06 [MSELoss(): t(5,20)_r(5,20)_combi_pNone_gNone]
	 Logging test loss: 9.3805e-06 [MSELoss(): t(0,0)_r(0,0)_combi_pTrue_gTrue]
	 Logging test loss: 1.03682e-05 [MSELoss(): t(0,0)_r(0,0)_combi_pNone_gTrue]
	 Logging test loss: 3.91669e-05 [MSELoss(): tennis_pNone_gNone_tennisEffect]
		--> Epoch time; 35.361236810684204
Epoch 4/9
	 Logging train Loss: 4.9799e-06 [MSELoss(): t(5,20)_r(5,20)_combi_pNone_gNone]
	 Logging test loss: 7.1976e-06 [MSELoss(): t(5,20)_r(5,20)_combi_pNone_gNone]
	 Logging test loss: 7.9137e-06 [MSELoss(): t(0,0)_r(0,0)_combi_pTrue_gTrue]
	 Logging test loss: 8.5917e-06 [MSELoss(): t(0,0)_r(0,0)_combi_pNone_gTrue]
	 Logging test loss: 3.80903e-05 [MSELoss(): tennis_pNone_gNone_tennisEffect]
		--> Epoch time; 35.621288776397705
wandb: Waiting for W&B process to finish... (success).
wandb: 
wandb: Run history:
wandb:                                       Epoch â–â–‚â–ƒâ–ƒâ–„â–…â–†â–†â–‡â–ˆ
wandb:   Test loss t(0,0)_r(0,0)_combi_pNone_gTrue â–ˆâ–‚â–â–â–â–â–â–â–â–
wandb:   Test loss t(0,0)_r(0,0)_combi_pTrue_gTrue â–ˆâ–‚â–â–â–â–â–â–â–â–
wandb: Test loss t(5,20)_r(5,20)_combi_pNone_gNone â–ˆâ–‚â–‚â–‚â–‚â–â–â–â–â–
wandb:   Test loss tennis_pNone_gNone_tennisEffect â–ˆâ–‚â–‚â–‚â–‚â–â–â–â–â–
wandb:                                  Train loss â–ˆâ–â–â–â–â–â–â–â–â–
wandb: 
wandb: Run summary:
wandb:                                       Epoch 9
wandb:   Test loss t(0,0)_r(0,0)_combi_pNone_gTrue 0.0
wandb:   Test loss t(0,0)_r(0,0)_combi_pTrue_gTrue 0.0
wandb: Test loss t(5,20)_r(5,20)_combi_pNone_gNone 0.0
wandb:   Test loss tennis_pNone_gNone_tennisEffect 2e-05
wandb:                                  Train loss 0.0
wandb: 
wandb: ðŸš€ View run generous-paper-48 at: https://wandb.ai/nreints/ThesisFinal2Gen/runs/wzgcnct4
wandb: Synced 7 W&B file(s), 0 media file(s), 4 artifact file(s) and 1 other file(s)
wandb: Find logs at: ./wandb/run-20230711_124017-wzgcnct4/logs
wandb: - Waiting for wandb.init()...wandb: \ Waiting for wandb.init()...wandb: wandb version 0.15.5 is available!  To upgrade, please run:
wandb:  $ pip install wandb --upgrade
wandb: Tracking run with wandb version 0.14.0
wandb: Run data is saved locally in /gpfs/home2/nreints/MScThesis/code/wandb/run-20230711_124802-6yk22gc1
wandb: Run `wandb offline` to turn off syncing.
wandb: Syncing run dauntless-shape-59
wandb: â­ï¸ View project at https://wandb.ai/nreints/ThesisFinal2Gen
wandb: ðŸš€ View run at https://wandb.ai/nreints/ThesisFinal2Gen/runs/6yk22gc1
wandb: Waiting for W&B process to finish... (success).
wandb: 
wandb: Run history:
wandb:                                       Epoch â–â–‚â–ƒâ–ƒâ–„â–…â–†â–†â–‡â–ˆ
wandb:   Test loss t(0,0)_r(0,0)_combi_pNone_gTrue â–ˆâ–‚â–â–â–â–â–â–â–â–
wandb:   Test loss t(0,0)_r(0,0)_combi_pTrue_gTrue â–ˆâ–‚â–â–â–â–â–â–â–â–
wandb: Test loss t(5,20)_r(5,20)_combi_pNone_gNone â–ˆâ–‚â–‚â–â–â–â–â–â–â–
wandb:   Test loss tennis_pNone_gNone_tennisEffect â–ˆâ–‚â–â–â–â–â–â–â–â–
wandb:                                  Train loss â–ˆâ–â–â–â–â–â–â–â–â–
wandb: 
wandb: Run summary:
wandb:                                       Epoch 9
wandb:   Test loss t(0,0)_r(0,0)_combi_pNone_gTrue 0.0
wandb:   Test loss t(0,0)_r(0,0)_combi_pTrue_gTrue 0.0
wandb: Test loss t(5,20)_r(5,20)_combi_pNone_gNone 0.0
wandb:   Test loss tennis_pNone_gNone_tennisEffect 2e-05
wandb:                                  Train loss 0.0
wandb: 
wandb: ðŸš€ View run dauntless-shape-59 at: https://wandb.ai/nreints/ThesisFinal2Gen/runs/6yk22gc1
wandb: Synced 7 W&B file(s), 0 media file(s), 4 artifact file(s) and 1 other file(s)
wandb: Find logs at: ./wandb/run-20230711_124802-6yk22gc1/logs
wandb: - Waiting for wandb.init()...wandb: \ Waiting for wandb.init()...wandb: wandb version 0.15.5 is available!  To upgrade, please run:
wandb:  $ pip install wandb --upgrade
wandb: Tracking run with wandb version 0.14.0
wandb: Run data is saved locally in /gpfs/home2/nreints/MScThesis/code/wandb/run-20230711_125552-0j9j91at
wandb: Run `wandb offline` to turn off syncing.
wandb: Syncing run hearty-snowball-69
wandb: â­ï¸ View project at https://wandb.ai/nreints/ThesisFinal2Gen
wandb: ðŸš€ View run at https://wandb.ai/nreints/ThesisFinal2Gen/runs/0j9j91at
Epoch 5/9
	 Logging train Loss: 4.6614e-06 [MSELoss(): t(5,20)_r(5,20)_combi_pNone_gNone]
	 Logging test loss: 3.0548e-06 [MSELoss(): t(5,20)_r(5,20)_combi_pNone_gNone]
	 Logging test loss: 2.7371e-06 [MSELoss(): t(0,0)_r(0,0)_combi_pTrue_gTrue]
	 Logging test loss: 2.9389e-06 [MSELoss(): t(0,0)_r(0,0)_combi_pNone_gTrue]
	 Logging test loss: 2.69882e-05 [MSELoss(): tennis_pNone_gNone_tennisEffect]
		--> Epoch time; 36.4306857585907
Epoch 6/9
	 Logging train Loss: 4.3683e-06 [MSELoss(): t(5,20)_r(5,20)_combi_pNone_gNone]
	 Logging test loss: 3.7728e-06 [MSELoss(): t(5,20)_r(5,20)_combi_pNone_gNone]
	 Logging test loss: 2.8713e-06 [MSELoss(): t(0,0)_r(0,0)_combi_pTrue_gTrue]
	 Logging test loss: 2.976e-06 [MSELoss(): t(0,0)_r(0,0)_combi_pNone_gTrue]
	 Logging test loss: 2.61758e-05 [MSELoss(): tennis_pNone_gNone_tennisEffect]
		--> Epoch time; 36.05010962486267
Epoch 7/9
	 Logging train Loss: 3.941e-06 [MSELoss(): t(5,20)_r(5,20)_combi_pNone_gNone]
	 Logging test loss: 3.1422e-06 [MSELoss(): t(5,20)_r(5,20)_combi_pNone_gNone]
	 Logging test loss: 1.7826e-06 [MSELoss(): t(0,0)_r(0,0)_combi_pTrue_gTrue]
	 Logging test loss: 1.8992e-06 [MSELoss(): t(0,0)_r(0,0)_combi_pNone_gTrue]
	 Logging test loss: 2.31603e-05 [MSELoss(): tennis_pNone_gNone_tennisEffect]
		--> Epoch time; 35.653531551361084
Epoch 8/9
	 Logging train Loss: 3.4718e-06 [MSELoss(): t(5,20)_r(5,20)_combi_pNone_gNone]
	 Logging test loss: 2.4883e-06 [MSELoss(): t(5,20)_r(5,20)_combi_pNone_gNone]
	 Logging test loss: 9.505e-07 [MSELoss(): t(0,0)_r(0,0)_combi_pTrue_gTrue]
	 Logging test loss: 1.0369e-06 [MSELoss(): t(0,0)_r(0,0)_combi_pNone_gTrue]
	 Logging test loss: 1.94534e-05 [MSELoss(): tennis_pNone_gNone_tennisEffect]
		--> Epoch time; 35.402862310409546
Epoch 9/9
	 Logging train Loss: 3.1238e-06 [MSELoss(): t(5,20)_r(5,20)_combi_pNone_gNone]
	 Logging test loss: 1.9016e-06 [MSELoss(): t(5,20)_r(5,20)_combi_pNone_gNone]
	 Logging test loss: 5.277e-07 [MSELoss(): t(0,0)_r(0,0)_combi_pTrue_gTrue]
	 Logging test loss: 5.68e-07 [MSELoss(): t(0,0)_r(0,0)_combi_pNone_gTrue]
	 Logging test loss: 1.62668e-05 [MSELoss(): tennis_pNone_gNone_tennisEffect]
		--> Epoch time; 35.49326777458191
Saved model in  trained_models/gru/data_t(5,20)_r(5,20)_combi_pNone_gNone/'log_dualQ_1'_'False'.pth
It took  465.0878703594208  seconds.
----- ITERATION 6/10 ------
Number of train simulations:  1920
Number of test simulations:  480
The dataloader for data/data_t(5,20)_r(5,20)_combi_pNone_gNone took 45.65028929710388 seconds.
-- Finished Train Dataloader --
The dataloader for data/data_t(5,20)_r(5,20)_combi_pNone_gNone took 11.449811935424805 seconds.
The dataloader for data/data_t(0,0)_r(0,0)_combi_pTrue_gTrue took 11.898083448410034 seconds.
The dataloader for data/data_t(0,0)_r(0,0)_combi_pNone_gTrue took 11.92910623550415 seconds.
The dataloader for data/data_tennis_pNone_gNone_tennisEffect took 12.000211715698242 seconds.
-- Finished Test Dataloader(s) --
GRU(
  (rnn): GRU(6, 96, batch_first=True)
  (fc): Linear(in_features=96, out_features=6, bias=True)
)
Datatype: log_dualQ_1
-- Started Training --
Epoch 0/9
	 Logging train Loss: 0.0009146184 [MSELoss(): t(5,20)_r(5,20)_combi_pNone_gNone]
	 Logging test loss: 6.80702e-05 [MSELoss(): t(5,20)_r(5,20)_combi_pNone_gNone]
	 Logging test loss: 0.000372041 [MSELoss(): t(0,0)_r(0,0)_combi_pTrue_gTrue]
	 Logging test loss: 0.0004203969 [MSELoss(): t(0,0)_r(0,0)_combi_pNone_gTrue]
	 Logging test loss: 0.0005342816 [MSELoss(): tennis_pNone_gNone_tennisEffect]
		--> Epoch time; 35.725745677948
Epoch 1/9
	 Logging train Loss: 2.97658e-05 [MSELoss(): t(5,20)_r(5,20)_combi_pNone_gNone]
	 Logging test loss: 9.99e-06 [MSELoss(): t(5,20)_r(5,20)_combi_pNone_gNone]
	 Logging test loss: 6.1177e-05 [MSELoss(): t(0,0)_r(0,0)_combi_pTrue_gTrue]
	 Logging test loss: 6.80165e-05 [MSELoss(): t(0,0)_r(0,0)_combi_pNone_gTrue]
	 Logging test loss: 9.08583e-05 [MSELoss(): tennis_pNone_gNone_tennisEffect]
		--> Epoch time; 35.852214097976685
Epoch 2/9
	 Logging train Loss: 6.6926e-06 [MSELoss(): t(5,20)_r(5,20)_combi_pNone_gNone]
	 Logging test loss: 7.8283e-06 [MSELoss(): t(5,20)_r(5,20)_combi_pNone_gNone]
	 Logging test loss: 1.86505e-05 [MSELoss(): t(0,0)_r(0,0)_combi_pTrue_gTrue]
	 Logging test loss: 2.08242e-05 [MSELoss(): t(0,0)_r(0,0)_combi_pNone_gTrue]
	 Logging test loss: 4.94768e-05 [MSELoss(): tennis_pNone_gNone_tennisEffect]
		--> Epoch time; 35.75595450401306
Epoch 3/9
	 Logging train Loss: 5.8491e-06 [MSELoss(): t(5,20)_r(5,20)_combi_pNone_gNone]
	 Logging test loss: 4.6365e-06 [MSELoss(): t(5,20)_r(5,20)_combi_pNone_gNone]
	 Logging test loss: 1.25088e-05 [MSELoss(): t(0,0)_r(0,0)_combi_pTrue_gTrue]
	 Logging test loss: 1.40084e-05 [MSELoss(): t(0,0)_r(0,0)_combi_pNone_gTrue]
	 Logging test loss: 4.04453e-05 [MSELoss(): tennis_pNone_gNone_tennisEffect]
		--> Epoch time; 35.48520064353943
Epoch 4/9
	 Logging train Loss: 5.5108e-06 [MSELoss(): t(5,20)_r(5,20)_combi_pNone_gNone]
	 Logging test loss: 4.1324e-06 [MSELoss(): t(5,20)_r(5,20)_combi_pNone_gNone]
	 Logging test loss: 8.916e-06 [MSELoss(): t(0,0)_r(0,0)_combi_pTrue_gTrue]
	 Logging test loss: 9.9378e-06 [MSELoss(): t(0,0)_r(0,0)_combi_pNone_gTrue]
	 Logging test loss: 3.61897e-05 [MSELoss(): tennis_pNone_gNone_tennisEffect]
		--> Epoch time; 35.51241493225098
Epoch 5/9
	 Logging train Loss: 4.9773e-06 [MSELoss(): t(5,20)_r(5,20)_combi_pNone_gNone]
	 Logging test loss: 3.6739e-06 [MSELoss(): t(5,20)_r(5,20)_combi_pNone_gNone]
	 Logging test loss: 6.0566e-06 [MSELoss(): t(0,0)_r(0,0)_combi_pTrue_gTrue]
	 Logging test loss: 6.6806e-06 [MSELoss(): t(0,0)_r(0,0)_combi_pNone_gTrue]
	 Logging test loss: 3.23707e-05 [MSELoss(): tennis_pNone_gNone_tennisEffect]
		--> Epoch time; 35.72760796546936
Epoch 6/9
	 Logging train Loss: 5.0065e-06 [MSELoss(): t(5,20)_r(5,20)_combi_pNone_gNone]
	 Logging test loss: 4.9772e-06 [MSELoss(): t(5,20)_r(5,20)_combi_pNone_gNone]
	 Logging test loss: 5.1932e-06 [MSELoss(): t(0,0)_r(0,0)_combi_pTrue_gTrue]
	 Logging test loss: 5.4179e-06 [MSELoss(): t(0,0)_r(0,0)_combi_pNone_gTrue]
	 Logging test loss: 3.16933e-05 [MSELoss(): tennis_pNone_gNone_tennisEffect]
		--> Epoch time; 35.575562715530396
Epoch 7/9
	 Logging train Loss: 4.4015e-06 [MSELoss(): t(5,20)_r(5,20)_combi_pNone_gNone]
	 Logging test loss: 4.1162e-06 [MSELoss(): t(5,20)_r(5,20)_combi_pNone_gNone]
	 Logging test loss: 3.7612e-06 [MSELoss(): t(0,0)_r(0,0)_combi_pTrue_gTrue]
	 Logging test loss: 3.78e-06 [MSELoss(): t(0,0)_r(0,0)_combi_pNone_gTrue]
	 Logging test loss: 2.86884e-05 [MSELoss(): tennis_pNone_gNone_tennisEffect]
		--> Epoch time; 35.98125624656677
Epoch 8/9
	 Logging train Loss: 3.9314e-06 [MSELoss(): t(5,20)_r(5,20)_combi_pNone_gNone]
	 Logging test loss: 6.3091e-06 [MSELoss(): t(5,20)_r(5,20)_combi_pNone_gNone]
	 Logging test loss: 4.9975e-06 [MSELoss(): t(0,0)_r(0,0)_combi_pTrue_gTrue]
	 Logging test loss: 4.9776e-06 [MSELoss(): t(0,0)_r(0,0)_combi_pNone_gTrue]
	 Logging test loss: 3.15288e-05 [MSELoss(): tennis_pNone_gNone_tennisEffect]
		--> Epoch time; 35.879788637161255
Epoch 9/9
	 Logging train Loss: 3.702e-06 [MSELoss(): t(5,20)_r(5,20)_combi_pNone_gNone]
	 Logging test loss: 2.4974e-06 [MSELoss(): t(5,20)_r(5,20)_combi_pNone_gNone]
	 Logging test loss: 1.2741e-06 [MSELoss(): t(0,0)_r(0,0)_combi_pTrue_gTrue]
	 Logging test loss: 1.307e-06 [MSELoss(): t(0,0)_r(0,0)_combi_pNone_gTrue]
	 Logging test loss: 2.12791e-05 [MSELoss(): tennis_pNone_gNone_tennisEffect]
		--> Epoch time; 35.7529718875885
Saved model in  trained_models/gru/data_t(5,20)_r(5,20)_combi_pNone_gNone/'log_dualQ_1'_'False'.pth
It took  470.20583176612854  seconds.
----- ITERATION 7/10 ------
Number of train simulations:  1920
Number of test simulations:  480
The dataloader for data/data_t(5,20)_r(5,20)_combi_pNone_gNone took 45.71195602416992 seconds.
-- Finished Train Dataloader --
The dataloader for data/data_t(5,20)_r(5,20)_combi_pNone_gNone took 11.506165027618408 seconds.
The dataloader for data/data_t(0,0)_r(0,0)_combi_pTrue_gTrue took 11.832011938095093 seconds.
The dataloader for data/data_t(0,0)_r(0,0)_combi_pNone_gTrue took 11.875409364700317 seconds.
wandb: Waiting for W&B process to finish... (success).
wandb: 
wandb: Run history:
wandb:                                       Epoch â–â–‚â–ƒâ–ƒâ–„â–…â–†â–†â–‡â–ˆ
wandb:   Test loss t(0,0)_r(0,0)_combi_pNone_gTrue â–ˆâ–‚â–‚â–â–â–â–â–â–â–
wandb:   Test loss t(0,0)_r(0,0)_combi_pTrue_gTrue â–ˆâ–‚â–‚â–â–â–â–â–â–â–
wandb: Test loss t(5,20)_r(5,20)_combi_pNone_gNone â–ˆâ–‚â–â–â–â–â–‚â–â–â–
wandb:   Test loss tennis_pNone_gNone_tennisEffect â–ˆâ–‚â–‚â–‚â–‚â–â–â–â–â–
wandb:                                  Train loss â–ˆâ–â–â–â–â–â–â–â–â–
wandb: 
wandb: Run summary:
wandb:                                       Epoch 9
wandb:   Test loss t(0,0)_r(0,0)_combi_pNone_gTrue 0.0
wandb:   Test loss t(0,0)_r(0,0)_combi_pTrue_gTrue 0.0
wandb: Test loss t(5,20)_r(5,20)_combi_pNone_gNone 0.0
wandb:   Test loss tennis_pNone_gNone_tennisEffect 2e-05
wandb:                                  Train loss 0.0
wandb: 
wandb: ðŸš€ View run hearty-snowball-69 at: https://wandb.ai/nreints/ThesisFinal2Gen/runs/0j9j91at
wandb: Synced 7 W&B file(s), 0 media file(s), 4 artifact file(s) and 1 other file(s)
wandb: Find logs at: ./wandb/run-20230711_125552-0j9j91at/logs
wandb: - Waiting for wandb.init()...wandb: \ Waiting for wandb.init()...wandb: wandb version 0.15.5 is available!  To upgrade, please run:
wandb:  $ pip install wandb --upgrade
wandb: Tracking run with wandb version 0.14.0
wandb: Run data is saved locally in /gpfs/home2/nreints/MScThesis/code/wandb/run-20230711_130337-k0ekrymv
wandb: Run `wandb offline` to turn off syncing.
wandb: Syncing run mild-planet-80
wandb: â­ï¸ View project at https://wandb.ai/nreints/ThesisFinal2Gen
wandb: ðŸš€ View run at https://wandb.ai/nreints/ThesisFinal2Gen/runs/k0ekrymv
The dataloader for data/data_tennis_pNone_gNone_tennisEffect took 11.845365047454834 seconds.
-- Finished Test Dataloader(s) --
GRU(
  (rnn): GRU(6, 96, batch_first=True)
  (fc): Linear(in_features=96, out_features=6, bias=True)
)
Datatype: log_dualQ_1
-- Started Training --
Epoch 0/9
	 Logging train Loss: 0.0004225448 [MSELoss(): t(5,20)_r(5,20)_combi_pNone_gNone]
	 Logging test loss: 2.61667e-05 [MSELoss(): t(5,20)_r(5,20)_combi_pNone_gNone]
	 Logging test loss: 0.0001076897 [MSELoss(): t(0,0)_r(0,0)_combi_pTrue_gTrue]
	 Logging test loss: 0.0001100828 [MSELoss(): t(0,0)_r(0,0)_combi_pNone_gTrue]
	 Logging test loss: 0.0001683544 [MSELoss(): tennis_pNone_gNone_tennisEffect]
		--> Epoch time; 35.85052800178528
Epoch 1/9
	 Logging train Loss: 1.18032e-05 [MSELoss(): t(5,20)_r(5,20)_combi_pNone_gNone]
	 Logging test loss: 6.9169e-06 [MSELoss(): t(5,20)_r(5,20)_combi_pNone_gNone]
	 Logging test loss: 1.82088e-05 [MSELoss(): t(0,0)_r(0,0)_combi_pTrue_gTrue]
	 Logging test loss: 2.01157e-05 [MSELoss(): t(0,0)_r(0,0)_combi_pNone_gTrue]
	 Logging test loss: 4.74962e-05 [MSELoss(): tennis_pNone_gNone_tennisEffect]
		--> Epoch time; 35.660072565078735
Epoch 2/9
	 Logging train Loss: 6.8707e-06 [MSELoss(): t(5,20)_r(5,20)_combi_pNone_gNone]
	 Logging test loss: 4.2352e-06 [MSELoss(): t(5,20)_r(5,20)_combi_pNone_gNone]
	 Logging test loss: 1.06393e-05 [MSELoss(): t(0,0)_r(0,0)_combi_pTrue_gTrue]
	 Logging test loss: 1.16819e-05 [MSELoss(): t(0,0)_r(0,0)_combi_pNone_gTrue]
	 Logging test loss: 3.76298e-05 [MSELoss(): tennis_pNone_gNone_tennisEffect]
		--> Epoch time; 35.6571409702301
Epoch 3/9
	 Logging train Loss: 6.2692e-06 [MSELoss(): t(5,20)_r(5,20)_combi_pNone_gNone]
	 Logging test loss: 3.9421e-06 [MSELoss(): t(5,20)_r(5,20)_combi_pNone_gNone]
	 Logging test loss: 7.5975e-06 [MSELoss(): t(0,0)_r(0,0)_combi_pTrue_gTrue]
	 Logging test loss: 8.335e-06 [MSELoss(): t(0,0)_r(0,0)_combi_pNone_gTrue]
	 Logging test loss: 3.43206e-05 [MSELoss(): tennis_pNone_gNone_tennisEffect]
		--> Epoch time; 35.70567560195923
Epoch 4/9
	 Logging train Loss: 5.7947e-06 [MSELoss(): t(5,20)_r(5,20)_combi_pNone_gNone]
	 Logging test loss: 4.0497e-06 [MSELoss(): t(5,20)_r(5,20)_combi_pNone_gNone]
	 Logging test loss: 5.2324e-06 [MSELoss(): t(0,0)_r(0,0)_combi_pTrue_gTrue]
	 Logging test loss: 5.7407e-06 [MSELoss(): t(0,0)_r(0,0)_combi_pNone_gTrue]
	 Logging test loss: 3.14512e-05 [MSELoss(): tennis_pNone_gNone_tennisEffect]
		--> Epoch time; 35.60119843482971
Epoch 5/9
	 Logging train Loss: 4.7241e-06 [MSELoss(): t(5,20)_r(5,20)_combi_pNone_gNone]
	 Logging test loss: 3.1196e-06 [MSELoss(): t(5,20)_r(5,20)_combi_pNone_gNone]
	 Logging test loss: 2.9174e-06 [MSELoss(): t(0,0)_r(0,0)_combi_pTrue_gTrue]
	 Logging test loss: 3.1805e-06 [MSELoss(): t(0,0)_r(0,0)_combi_pNone_gTrue]
	 Logging test loss: 2.71809e-05 [MSELoss(): tennis_pNone_gNone_tennisEffect]
		--> Epoch time; 36.00485682487488
Epoch 6/9
	 Logging train Loss: 4.2845e-06 [MSELoss(): t(5,20)_r(5,20)_combi_pNone_gNone]
	 Logging test loss: 5.0808e-06 [MSELoss(): t(5,20)_r(5,20)_combi_pNone_gNone]
	 Logging test loss: 3.3585e-06 [MSELoss(): t(0,0)_r(0,0)_combi_pTrue_gTrue]
	 Logging test loss: 3.6409e-06 [MSELoss(): t(0,0)_r(0,0)_combi_pNone_gTrue]
	 Logging test loss: 2.84296e-05 [MSELoss(): tennis_pNone_gNone_tennisEffect]
		--> Epoch time; 36.40335655212402
Epoch 7/9
	 Logging train Loss: 4.2609e-06 [MSELoss(): t(5,20)_r(5,20)_combi_pNone_gNone]
	 Logging test loss: 3.5366e-06 [MSELoss(): t(5,20)_r(5,20)_combi_pNone_gNone]
	 Logging test loss: 2.189e-06 [MSELoss(): t(0,0)_r(0,0)_combi_pTrue_gTrue]
	 Logging test loss: 2.2186e-06 [MSELoss(): t(0,0)_r(0,0)_combi_pNone_gTrue]
	 Logging test loss: 2.38509e-05 [MSELoss(): tennis_pNone_gNone_tennisEffect]
		--> Epoch time; 35.833301305770874
Epoch 8/9
	 Logging train Loss: 3.4046e-06 [MSELoss(): t(5,20)_r(5,20)_combi_pNone_gNone]
	 Logging test loss: 3.9287e-06 [MSELoss(): t(5,20)_r(5,20)_combi_pNone_gNone]
	 Logging test loss: 2.4384e-06 [MSELoss(): t(0,0)_r(0,0)_combi_pTrue_gTrue]
	 Logging test loss: 2.6341e-06 [MSELoss(): t(0,0)_r(0,0)_combi_pNone_gTrue]
	 Logging test loss: 2.31945e-05 [MSELoss(): tennis_pNone_gNone_tennisEffect]
		--> Epoch time; 35.75826716423035
Epoch 9/9
	 Logging train Loss: 3.2175e-06 [MSELoss(): t(5,20)_r(5,20)_combi_pNone_gNone]
	 Logging test loss: 3.1102e-06 [MSELoss(): t(5,20)_r(5,20)_combi_pNone_gNone]
	 Logging test loss: 1.5536e-06 [MSELoss(): t(0,0)_r(0,0)_combi_pTrue_gTrue]
	 Logging test loss: 1.6338e-06 [MSELoss(): t(0,0)_r(0,0)_combi_pNone_gTrue]
	 Logging test loss: 1.94102e-05 [MSELoss(): tennis_pNone_gNone_tennisEffect]
		--> Epoch time; 35.54226803779602
Saved model in  trained_models/gru/data_t(5,20)_r(5,20)_combi_pNone_gNone/'log_dualQ_1'_'False'.pth
It took  464.09692430496216  seconds.
----- ITERATION 8/10 ------
Number of train simulations:  1920
Number of test simulations:  480
The dataloader for data/data_t(5,20)_r(5,20)_combi_pNone_gNone took 45.82700824737549 seconds.
-- Finished Train Dataloader --
The dataloader for data/data_t(5,20)_r(5,20)_combi_pNone_gNone took 11.501269817352295 seconds.
The dataloader for data/data_t(0,0)_r(0,0)_combi_pTrue_gTrue took 11.893027305603027 seconds.
The dataloader for data/data_t(0,0)_r(0,0)_combi_pNone_gTrue took 11.893935918807983 seconds.
The dataloader for data/data_tennis_pNone_gNone_tennisEffect took 11.90837550163269 seconds.
-- Finished Test Dataloader(s) --
GRU(
  (rnn): GRU(6, 96, batch_first=True)
  (fc): Linear(in_features=96, out_features=6, bias=True)
)
Datatype: log_dualQ_1
-- Started Training --
Epoch 0/9
	 Logging train Loss: 0.0005481553 [MSELoss(): t(5,20)_r(5,20)_combi_pNone_gNone]
	 Logging test loss: 3.61535e-05 [MSELoss(): t(5,20)_r(5,20)_combi_pNone_gNone]
	 Logging test loss: 0.0001692236 [MSELoss(): t(0,0)_r(0,0)_combi_pTrue_gTrue]
	 Logging test loss: 0.0001851475 [MSELoss(): t(0,0)_r(0,0)_combi_pNone_gTrue]
	 Logging test loss: 0.0002829648 [MSELoss(): tennis_pNone_gNone_tennisEffect]
		--> Epoch time; 35.62206697463989
Epoch 1/9
	 Logging train Loss: 1.30126e-05 [MSELoss(): t(5,20)_r(5,20)_combi_pNone_gNone]
	 Logging test loss: 5.8583e-06 [MSELoss(): t(5,20)_r(5,20)_combi_pNone_gNone]
	 Logging test loss: 1.81775e-05 [MSELoss(): t(0,0)_r(0,0)_combi_pTrue_gTrue]
	 Logging test loss: 2.05116e-05 [MSELoss(): t(0,0)_r(0,0)_combi_pNone_gTrue]
	 Logging test loss: 4.6607e-05 [MSELoss(): tennis_pNone_gNone_tennisEffect]
		--> Epoch time; 35.82986307144165
Epoch 2/9
	 Logging train Loss: 5.765e-06 [MSELoss(): t(5,20)_r(5,20)_combi_pNone_gNone]
	 Logging test loss: 7.0824e-06 [MSELoss(): t(5,20)_r(5,20)_combi_pNone_gNone]
	 Logging test loss: 1.43307e-05 [MSELoss(): t(0,0)_r(0,0)_combi_pTrue_gTrue]
	 Logging test loss: 1.55476e-05 [MSELoss(): t(0,0)_r(0,0)_combi_pNone_gTrue]
	 Logging test loss: 4.26338e-05 [MSELoss(): tennis_pNone_gNone_tennisEffect]
		--> Epoch time; 35.88355994224548
Epoch 3/9
	 Logging train Loss: 5.3424e-06 [MSELoss(): t(5,20)_r(5,20)_combi_pNone_gNone]
	 Logging test loss: 4.8536e-06 [MSELoss(): t(5,20)_r(5,20)_combi_pNone_gNone]
	 Logging test loss: 8.5287e-06 [MSELoss(): t(0,0)_r(0,0)_combi_pTrue_gTrue]
	 Logging test loss: 9.2987e-06 [MSELoss(): t(0,0)_r(0,0)_combi_pNone_gTrue]
	 Logging test loss: 3.46484e-05 [MSELoss(): tennis_pNone_gNone_tennisEffect]
		--> Epoch time; 35.756465911865234
Epoch 4/9
	 Logging train Loss: 5.2618e-06 [MSELoss(): t(5,20)_r(5,20)_combi_pNone_gNone]
	 Logging test loss: 3.7218e-06 [MSELoss(): t(5,20)_r(5,20)_combi_pNone_gNone]
	 Logging test loss: 4.9332e-06 [MSELoss(): t(0,0)_r(0,0)_combi_pTrue_gTrue]
	 Logging test loss: 5.3367e-06 [MSELoss(): t(0,0)_r(0,0)_combi_pNone_gTrue]
	 Logging test loss: 2.98354e-05 [MSELoss(): tennis_pNone_gNone_tennisEffect]
		--> Epoch time; 35.72287678718567
Epoch 5/9
	 Logging train Loss: 4.5933e-06 [MSELoss(): t(5,20)_r(5,20)_combi_pNone_gNone]
	 Logging test loss: 5.2644e-06 [MSELoss(): t(5,20)_r(5,20)_combi_pNone_gNone]
	 Logging test loss: 4.9446e-06 [MSELoss(): t(0,0)_r(0,0)_combi_pTrue_gTrue]
	 Logging test loss: 5.0342e-06 [MSELoss(): t(0,0)_r(0,0)_combi_pNone_gTrue]
	 Logging test loss: 3.02225e-05 [MSELoss(): tennis_pNone_gNone_tennisEffect]
wandb: Waiting for W&B process to finish... (success).
wandb: 
wandb: Run history:
wandb:                                       Epoch â–â–‚â–ƒâ–ƒâ–„â–…â–†â–†â–‡â–ˆ
wandb:   Test loss t(0,0)_r(0,0)_combi_pNone_gTrue â–ˆâ–‚â–‚â–â–â–â–â–â–â–
wandb:   Test loss t(0,0)_r(0,0)_combi_pTrue_gTrue â–ˆâ–‚â–‚â–â–â–â–â–â–â–
wandb: Test loss t(5,20)_r(5,20)_combi_pNone_gNone â–ˆâ–‚â–‚â–â–â–‚â–â–â–â–
wandb:   Test loss tennis_pNone_gNone_tennisEffect â–ˆâ–‚â–‚â–â–â–â–â–â–â–
wandb:                                  Train loss â–ˆâ–â–â–â–â–â–â–â–â–
wandb: 
wandb: Run summary:
wandb:                                       Epoch 9
wandb:   Test loss t(0,0)_r(0,0)_combi_pNone_gTrue 0.0
wandb:   Test loss t(0,0)_r(0,0)_combi_pTrue_gTrue 0.0
wandb: Test loss t(5,20)_r(5,20)_combi_pNone_gNone 0.0
wandb:   Test loss tennis_pNone_gNone_tennisEffect 2e-05
wandb:                                  Train loss 0.0
wandb: 
wandb: ðŸš€ View run mild-planet-80 at: https://wandb.ai/nreints/ThesisFinal2Gen/runs/k0ekrymv
wandb: Synced 7 W&B file(s), 0 media file(s), 4 artifact file(s) and 1 other file(s)
wandb: Find logs at: ./wandb/run-20230711_130337-k0ekrymv/logs
wandb: - Waiting for wandb.init()...wandb: \ Waiting for wandb.init()...wandb: wandb version 0.15.5 is available!  To upgrade, please run:
wandb:  $ pip install wandb --upgrade
wandb: Tracking run with wandb version 0.14.0
wandb: Run data is saved locally in /gpfs/home2/nreints/MScThesis/code/wandb/run-20230711_131119-6bfn4d5c
wandb: Run `wandb offline` to turn off syncing.
wandb: Syncing run dulcet-cherry-91
wandb: â­ï¸ View project at https://wandb.ai/nreints/ThesisFinal2Gen
wandb: ðŸš€ View run at https://wandb.ai/nreints/ThesisFinal2Gen/runs/6bfn4d5c
wandb: Waiting for W&B process to finish... (success).
wandb: 
wandb: Run history:
wandb:                                       Epoch â–â–‚â–ƒâ–ƒâ–„â–…â–†â–†â–‡â–ˆ
wandb:   Test loss t(0,0)_r(0,0)_combi_pNone_gTrue â–ˆâ–‚â–â–â–â–â–â–â–â–
wandb:   Test loss t(0,0)_r(0,0)_combi_pTrue_gTrue â–ˆâ–‚â–â–â–â–â–â–â–â–
wandb: Test loss t(5,20)_r(5,20)_combi_pNone_gNone â–ˆâ–‚â–â–â–â–â–â–â–â–
wandb:   Test loss tennis_pNone_gNone_tennisEffect â–ˆâ–‚â–â–â–â–â–â–â–â–
wandb:                                  Train loss â–ˆâ–â–â–â–â–â–â–â–â–
wandb: 
wandb: Run summary:
wandb:                                       Epoch 9
wandb:   Test loss t(0,0)_r(0,0)_combi_pNone_gTrue 0.0
wandb:   Test loss t(0,0)_r(0,0)_combi_pTrue_gTrue 0.0
wandb: Test loss t(5,20)_r(5,20)_combi_pNone_gNone 0.0
wandb:   Test loss tennis_pNone_gNone_tennisEffect 3e-05
wandb:                                  Train loss 0.0
wandb: 
wandb: ðŸš€ View run dulcet-cherry-91 at: https://wandb.ai/nreints/ThesisFinal2Gen/runs/6bfn4d5c
wandb: Synced 7 W&B file(s), 0 media file(s), 4 artifact file(s) and 1 other file(s)
wandb: Find logs at: ./wandb/run-20230711_131119-6bfn4d5c/logs
wandb: - Waiting for wandb.init()...wandb: \ Waiting for wandb.init()...wandb: wandb version 0.15.5 is available!  To upgrade, please run:
wandb:  $ pip install wandb --upgrade
wandb: Tracking run with wandb version 0.14.0
wandb: Run data is saved locally in /gpfs/home2/nreints/MScThesis/code/wandb/run-20230711_131903-o5l665up
wandb: Run `wandb offline` to turn off syncing.
wandb: Syncing run rosy-serenity-99
wandb: â­ï¸ View project at https://wandb.ai/nreints/ThesisFinal2Gen
wandb: ðŸš€ View run at https://wandb.ai/nreints/ThesisFinal2Gen/runs/o5l665up
		--> Epoch time; 35.86376667022705
Epoch 6/9
	 Logging train Loss: 4.4337e-06 [MSELoss(): t(5,20)_r(5,20)_combi_pNone_gNone]
	 Logging test loss: 3.75e-06 [MSELoss(): t(5,20)_r(5,20)_combi_pNone_gNone]
	 Logging test loss: 2.8335e-06 [MSELoss(): t(0,0)_r(0,0)_combi_pTrue_gTrue]
	 Logging test loss: 2.8612e-06 [MSELoss(): t(0,0)_r(0,0)_combi_pNone_gTrue]
	 Logging test loss: 2.56597e-05 [MSELoss(): tennis_pNone_gNone_tennisEffect]
		--> Epoch time; 35.94668221473694
Epoch 7/9
	 Logging train Loss: 3.7636e-06 [MSELoss(): t(5,20)_r(5,20)_combi_pNone_gNone]
	 Logging test loss: 2.4551e-06 [MSELoss(): t(5,20)_r(5,20)_combi_pNone_gNone]
	 Logging test loss: 9.889e-07 [MSELoss(): t(0,0)_r(0,0)_combi_pTrue_gTrue]
	 Logging test loss: 1.0563e-06 [MSELoss(): t(0,0)_r(0,0)_combi_pNone_gTrue]
	 Logging test loss: 2.11385e-05 [MSELoss(): tennis_pNone_gNone_tennisEffect]
		--> Epoch time; 35.60044741630554
Epoch 8/9
	 Logging train Loss: 3.55e-06 [MSELoss(): t(5,20)_r(5,20)_combi_pNone_gNone]
	 Logging test loss: 3.116e-06 [MSELoss(): t(5,20)_r(5,20)_combi_pNone_gNone]
	 Logging test loss: 1.5593e-06 [MSELoss(): t(0,0)_r(0,0)_combi_pTrue_gTrue]
	 Logging test loss: 1.585e-06 [MSELoss(): t(0,0)_r(0,0)_combi_pNone_gTrue]
	 Logging test loss: 2.01072e-05 [MSELoss(): tennis_pNone_gNone_tennisEffect]
		--> Epoch time; 35.570892572402954
Epoch 9/9
	 Logging train Loss: 3.3302e-06 [MSELoss(): t(5,20)_r(5,20)_combi_pNone_gNone]
	 Logging test loss: 2.7274e-06 [MSELoss(): t(5,20)_r(5,20)_combi_pNone_gNone]
	 Logging test loss: 1.1357e-06 [MSELoss(): t(0,0)_r(0,0)_combi_pTrue_gTrue]
	 Logging test loss: 1.2037e-06 [MSELoss(): t(0,0)_r(0,0)_combi_pNone_gTrue]
	 Logging test loss: 1.78745e-05 [MSELoss(): tennis_pNone_gNone_tennisEffect]
		--> Epoch time; 35.49427127838135
Saved model in  trained_models/gru/data_t(5,20)_r(5,20)_combi_pNone_gNone/'log_dualQ_1'_'False'.pth
It took  462.0606052875519  seconds.
----- ITERATION 9/10 ------
Number of train simulations:  1920
Number of test simulations:  480
The dataloader for data/data_t(5,20)_r(5,20)_combi_pNone_gNone took 45.67900323867798 seconds.
-- Finished Train Dataloader --
The dataloader for data/data_t(5,20)_r(5,20)_combi_pNone_gNone took 11.488048076629639 seconds.
The dataloader for data/data_t(0,0)_r(0,0)_combi_pTrue_gTrue took 11.802219867706299 seconds.
The dataloader for data/data_t(0,0)_r(0,0)_combi_pNone_gTrue took 11.774598121643066 seconds.
The dataloader for data/data_tennis_pNone_gNone_tennisEffect took 11.876869678497314 seconds.
-- Finished Test Dataloader(s) --
GRU(
  (rnn): GRU(6, 96, batch_first=True)
  (fc): Linear(in_features=96, out_features=6, bias=True)
)
Datatype: log_dualQ_1
-- Started Training --
Epoch 0/9
	 Logging train Loss: 0.000934655 [MSELoss(): t(5,20)_r(5,20)_combi_pNone_gNone]
	 Logging test loss: 7.74327e-05 [MSELoss(): t(5,20)_r(5,20)_combi_pNone_gNone]
	 Logging test loss: 0.0003774235 [MSELoss(): t(0,0)_r(0,0)_combi_pTrue_gTrue]
	 Logging test loss: 0.0004156372 [MSELoss(): t(0,0)_r(0,0)_combi_pNone_gTrue]
	 Logging test loss: 0.0006287613 [MSELoss(): tennis_pNone_gNone_tennisEffect]
		--> Epoch time; 35.67283797264099
Epoch 1/9
	 Logging train Loss: 3.13846e-05 [MSELoss(): t(5,20)_r(5,20)_combi_pNone_gNone]
	 Logging test loss: 1.1515e-05 [MSELoss(): t(5,20)_r(5,20)_combi_pNone_gNone]
	 Logging test loss: 6.43813e-05 [MSELoss(): t(0,0)_r(0,0)_combi_pTrue_gTrue]
	 Logging test loss: 6.61969e-05 [MSELoss(): t(0,0)_r(0,0)_combi_pNone_gTrue]
	 Logging test loss: 0.000108677 [MSELoss(): tennis_pNone_gNone_tennisEffect]
		--> Epoch time; 35.57379937171936
Epoch 2/9
	 Logging train Loss: 6.7182e-06 [MSELoss(): t(5,20)_r(5,20)_combi_pNone_gNone]
	 Logging test loss: 5.591e-06 [MSELoss(): t(5,20)_r(5,20)_combi_pNone_gNone]
	 Logging test loss: 1.58989e-05 [MSELoss(): t(0,0)_r(0,0)_combi_pTrue_gTrue]
	 Logging test loss: 1.73276e-05 [MSELoss(): t(0,0)_r(0,0)_combi_pNone_gTrue]
	 Logging test loss: 4.78603e-05 [MSELoss(): tennis_pNone_gNone_tennisEffect]
		--> Epoch time; 35.83830261230469
Epoch 3/9
	 Logging train Loss: 4.9301e-06 [MSELoss(): t(5,20)_r(5,20)_combi_pNone_gNone]
	 Logging test loss: 5.1377e-06 [MSELoss(): t(5,20)_r(5,20)_combi_pNone_gNone]
	 Logging test loss: 1.11684e-05 [MSELoss(): t(0,0)_r(0,0)_combi_pTrue_gTrue]
	 Logging test loss: 1.19643e-05 [MSELoss(): t(0,0)_r(0,0)_combi_pNone_gTrue]
	 Logging test loss: 4.24007e-05 [MSELoss(): tennis_pNone_gNone_tennisEffect]
		--> Epoch time; 36.11508750915527
Epoch 4/9
	 Logging train Loss: 5.0902e-06 [MSELoss(): t(5,20)_r(5,20)_combi_pNone_gNone]
	 Logging test loss: 4.8982e-06 [MSELoss(): t(5,20)_r(5,20)_combi_pNone_gNone]
	 Logging test loss: 7.7946e-06 [MSELoss(): t(0,0)_r(0,0)_combi_pTrue_gTrue]
	 Logging test loss: 8.2504e-06 [MSELoss(): t(0,0)_r(0,0)_combi_pNone_gTrue]
	 Logging test loss: 3.79904e-05 [MSELoss(): tennis_pNone_gNone_tennisEffect]
		--> Epoch time; 35.76456069946289
Epoch 5/9
	 Logging train Loss: 5.1096e-06 [MSELoss(): t(5,20)_r(5,20)_combi_pNone_gNone]
	 Logging test loss: 5.0591e-06 [MSELoss(): t(5,20)_r(5,20)_combi_pNone_gNone]
	 Logging test loss: 5.9897e-06 [MSELoss(): t(0,0)_r(0,0)_combi_pTrue_gTrue]
	 Logging test loss: 6.2051e-06 [MSELoss(): t(0,0)_r(0,0)_combi_pNone_gTrue]
	 Logging test loss: 3.61962e-05 [MSELoss(): tennis_pNone_gNone_tennisEffect]
		--> Epoch time; 36.416823387145996
Epoch 6/9
	 Logging train Loss: 4.7274e-06 [MSELoss(): t(5,20)_r(5,20)_combi_pNone_gNone]
	 Logging test loss: 3.4839e-06 [MSELoss(): t(5,20)_r(5,20)_combi_pNone_gNone]
	 Logging test loss: 2.7722e-06 [MSELoss(): t(0,0)_r(0,0)_combi_pTrue_gTrue]
	 Logging test loss: 2.8423e-06 [MSELoss(): t(0,0)_r(0,0)_combi_pNone_gTrue]
	 Logging test loss: 2.98443e-05 [MSELoss(): tennis_pNone_gNone_tennisEffect]
		--> Epoch time; 35.70870590209961
Epoch 7/9
	 Logging train Loss: 4.2153e-06 [MSELoss(): t(5,20)_r(5,20)_combi_pNone_gNone]
	 Logging test loss: 3.6506e-06 [MSELoss(): t(5,20)_r(5,20)_combi_pNone_gNone]
	 Logging test loss: 2.328e-06 [MSELoss(): t(0,0)_r(0,0)_combi_pTrue_gTrue]
	 Logging test loss: 2.2863e-06 [MSELoss(): t(0,0)_r(0,0)_combi_pNone_gTrue]
	 Logging test loss: 2.80481e-05 [MSELoss(): tennis_pNone_gNone_tennisEffect]
		--> Epoch time; 35.6223361492157
Epoch 8/9
	 Logging train Loss: 3.8772e-06 [MSELoss(): t(5,20)_r(5,20)_combi_pNone_gNone]
	 Logging test loss: 3.8299e-06 [MSELoss(): t(5,20)_r(5,20)_combi_pNone_gNone]
	 Logging test loss: 2.0955e-06 [MSELoss(): t(0,0)_r(0,0)_combi_pTrue_gTrue]
	 Logging test loss: 2.1419e-06 [MSELoss(): t(0,0)_r(0,0)_combi_pNone_gTrue]
	 Logging test loss: 2.62642e-05 [MSELoss(): tennis_pNone_gNone_tennisEffect]
		--> Epoch time; 36.02751636505127
Epoch 9/9
	 Logging train Loss: 3.6525e-06 [MSELoss(): t(5,20)_r(5,20)_combi_pNone_gNone]
	 Logging test loss: 4.7036e-06 [MSELoss(): t(5,20)_r(5,20)_combi_pNone_gNone]
	 Logging test loss: 3.1616e-06 [MSELoss(): t(0,0)_r(0,0)_combi_pTrue_gTrue]
	 Logging test loss: 3.2165e-06 [MSELoss(): t(0,0)_r(0,0)_combi_pNone_gTrue]
	 Logging test loss: 2.61405e-05 [MSELoss(): tennis_pNone_gNone_tennisEffect]
		--> Epoch time; 35.89917612075806
Saved model in  trained_models/gru/data_t(5,20)_r(5,20)_combi_pNone_gNone/'log_dualQ_1'_'False'.pth
It took  464.07660603523254  seconds.
----- ITERATION 10/10 ------
Number of train simulations:  1920
Number of test simulations:  480
The dataloader for data/data_t(5,20)_r(5,20)_combi_pNone_gNone took 45.99046874046326 seconds.
-- Finished Train Dataloader --
The dataloader for data/data_t(5,20)_r(5,20)_combi_pNone_gNone took 11.519959688186646 seconds.
The dataloader for data/data_t(0,0)_r(0,0)_combi_pTrue_gTrue took 11.780317544937134 seconds.
The dataloader for data/data_t(0,0)_r(0,0)_combi_pNone_gTrue took 11.830038785934448 seconds.
The dataloader for data/data_tennis_pNone_gNone_tennisEffect took 11.822084188461304 seconds.
-- Finished Test Dataloader(s) --
GRU(
  (rnn): GRU(6, 96, batch_first=True)
  (fc): Linear(in_features=96, out_features=6, bias=True)
)
Datatype: log_dualQ_1
-- Started Training --
Epoch 0/9
	 Logging train Loss: 0.0010407728 [MSELoss(): t(5,20)_r(5,20)_combi_pNone_gNone]
	 Logging test loss: 6.78685e-05 [MSELoss(): t(5,20)_r(5,20)_combi_pNone_gNone]
wandb: Waiting for W&B process to finish... (success).
wandb: 
wandb: Run history:
wandb:                                       Epoch â–â–‚â–ƒâ–ƒâ–„â–…â–†â–†â–‡â–ˆ
wandb:   Test loss t(0,0)_r(0,0)_combi_pNone_gTrue â–ˆâ–‚â–â–â–â–â–â–â–â–
wandb:   Test loss t(0,0)_r(0,0)_combi_pTrue_gTrue â–ˆâ–‚â–â–â–â–â–â–â–â–
wandb: Test loss t(5,20)_r(5,20)_combi_pNone_gNone â–ˆâ–â–â–â–â–â–â–â–â–
wandb:   Test loss tennis_pNone_gNone_tennisEffect â–ˆâ–‚â–â–â–â–â–â–â–â–
wandb:                                  Train loss â–ˆâ–â–â–â–â–â–â–â–â–
wandb: 
wandb: Run summary:
wandb:                                       Epoch 9
wandb:   Test loss t(0,0)_r(0,0)_combi_pNone_gTrue 0.0
wandb:   Test loss t(0,0)_r(0,0)_combi_pTrue_gTrue 0.0
wandb: Test loss t(5,20)_r(5,20)_combi_pNone_gNone 0.0
wandb:   Test loss tennis_pNone_gNone_tennisEffect 2e-05
wandb:                                  Train loss 0.0
wandb: 
wandb: ðŸš€ View run rosy-serenity-99 at: https://wandb.ai/nreints/ThesisFinal2Gen/runs/o5l665up
wandb: Synced 7 W&B file(s), 0 media file(s), 4 artifact file(s) and 1 other file(s)
wandb: Find logs at: ./wandb/run-20230711_131903-o5l665up/logs
	 Logging test loss: 0.0003225616 [MSELoss(): t(0,0)_r(0,0)_combi_pTrue_gTrue]
	 Logging test loss: 0.0003654849 [MSELoss(): t(0,0)_r(0,0)_combi_pNone_gTrue]
	 Logging test loss: 0.0005234867 [MSELoss(): tennis_pNone_gNone_tennisEffect]
		--> Epoch time; 35.59088730812073
Epoch 1/9
	 Logging train Loss: 2.9266e-05 [MSELoss(): t(5,20)_r(5,20)_combi_pNone_gNone]
	 Logging test loss: 7.0601e-06 [MSELoss(): t(5,20)_r(5,20)_combi_pNone_gNone]
	 Logging test loss: 3.38125e-05 [MSELoss(): t(0,0)_r(0,0)_combi_pTrue_gTrue]
	 Logging test loss: 3.7615e-05 [MSELoss(): t(0,0)_r(0,0)_combi_pNone_gTrue]
	 Logging test loss: 6.85521e-05 [MSELoss(): tennis_pNone_gNone_tennisEffect]
		--> Epoch time; 35.71611404418945
Epoch 2/9
	 Logging train Loss: 5.5168e-06 [MSELoss(): t(5,20)_r(5,20)_combi_pNone_gNone]
	 Logging test loss: 4.5078e-06 [MSELoss(): t(5,20)_r(5,20)_combi_pNone_gNone]
	 Logging test loss: 1.72572e-05 [MSELoss(): t(0,0)_r(0,0)_combi_pTrue_gTrue]
	 Logging test loss: 1.95542e-05 [MSELoss(): t(0,0)_r(0,0)_combi_pNone_gTrue]
	 Logging test loss: 4.59307e-05 [MSELoss(): tennis_pNone_gNone_tennisEffect]
		--> Epoch time; 35.94222712516785
Epoch 3/9
	 Logging train Loss: 4.6276e-06 [MSELoss(): t(5,20)_r(5,20)_combi_pNone_gNone]
	 Logging test loss: 4.3295e-06 [MSELoss(): t(5,20)_r(5,20)_combi_pNone_gNone]
	 Logging test loss: 1.20574e-05 [MSELoss(): t(0,0)_r(0,0)_combi_pTrue_gTrue]
	 Logging test loss: 1.35634e-05 [MSELoss(): t(0,0)_r(0,0)_combi_pNone_gTrue]
	 Logging test loss: 4.04909e-05 [MSELoss(): tennis_pNone_gNone_tennisEffect]
		--> Epoch time; 35.89202666282654
Epoch 4/9
	 Logging train Loss: 4.5018e-06 [MSELoss(): t(5,20)_r(5,20)_combi_pNone_gNone]
	 Logging test loss: 4.3652e-06 [MSELoss(): t(5,20)_r(5,20)_combi_pNone_gNone]
	 Logging test loss: 8.7882e-06 [MSELoss(): t(0,0)_r(0,0)_combi_pTrue_gTrue]
	 Logging test loss: 9.6553e-06 [MSELoss(): t(0,0)_r(0,0)_combi_pNone_gTrue]
	 Logging test loss: 3.72804e-05 [MSELoss(): tennis_pNone_gNone_tennisEffect]
		--> Epoch time; 35.46132230758667
Epoch 5/9
	 Logging train Loss: 4.5055e-06 [MSELoss(): t(5,20)_r(5,20)_combi_pNone_gNone]
	 Logging test loss: 3.7904e-06 [MSELoss(): t(5,20)_r(5,20)_combi_pNone_gNone]
	 Logging test loss: 5.2449e-06 [MSELoss(): t(0,0)_r(0,0)_combi_pTrue_gTrue]
	 Logging test loss: 5.734e-06 [MSELoss(): t(0,0)_r(0,0)_combi_pNone_gTrue]
	 Logging test loss: 3.24744e-05 [MSELoss(): tennis_pNone_gNone_tennisEffect]
		--> Epoch time; 35.968201637268066
Epoch 6/9
	 Logging train Loss: 4.4607e-06 [MSELoss(): t(5,20)_r(5,20)_combi_pNone_gNone]
	 Logging test loss: 4.8584e-06 [MSELoss(): t(5,20)_r(5,20)_combi_pNone_gNone]
	 Logging test loss: 4.9709e-06 [MSELoss(): t(0,0)_r(0,0)_combi_pTrue_gTrue]
	 Logging test loss: 5.1172e-06 [MSELoss(): t(0,0)_r(0,0)_combi_pNone_gTrue]
	 Logging test loss: 3.14475e-05 [MSELoss(): tennis_pNone_gNone_tennisEffect]
		--> Epoch time; 35.81355834007263
Epoch 7/9
	 Logging train Loss: 4.0839e-06 [MSELoss(): t(5,20)_r(5,20)_combi_pNone_gNone]
	 Logging test loss: 2.5885e-06 [MSELoss(): t(5,20)_r(5,20)_combi_pNone_gNone]
	 Logging test loss: 1.7879e-06 [MSELoss(): t(0,0)_r(0,0)_combi_pTrue_gTrue]
	 Logging test loss: 1.9199e-06 [MSELoss(): t(0,0)_r(0,0)_combi_pNone_gTrue]
	 Logging test loss: 2.50404e-05 [MSELoss(): tennis_pNone_gNone_tennisEffect]
		--> Epoch time; 35.66340947151184
Epoch 8/9
	 Logging train Loss: 3.7398e-06 [MSELoss(): t(5,20)_r(5,20)_combi_pNone_gNone]
	 Logging test loss: 4.6962e-06 [MSELoss(): t(5,20)_r(5,20)_combi_pNone_gNone]
	 Logging test loss: 3.3077e-06 [MSELoss(): t(0,0)_r(0,0)_combi_pTrue_gTrue]
	 Logging test loss: 3.4357e-06 [MSELoss(): t(0,0)_r(0,0)_combi_pNone_gTrue]
	 Logging test loss: 2.70991e-05 [MSELoss(): tennis_pNone_gNone_tennisEffect]
		--> Epoch time; 35.809778928756714
Epoch 9/9
	 Logging train Loss: 3.5365e-06 [MSELoss(): t(5,20)_r(5,20)_combi_pNone_gNone]
	 Logging test loss: 2.8828e-06 [MSELoss(): t(5,20)_r(5,20)_combi_pNone_gNone]
	 Logging test loss: 1.4731e-06 [MSELoss(): t(0,0)_r(0,0)_combi_pTrue_gTrue]
	 Logging test loss: 1.5018e-06 [MSELoss(): t(0,0)_r(0,0)_combi_pNone_gTrue]
	 Logging test loss: 2.11019e-05 [MSELoss(): tennis_pNone_gNone_tennisEffect]
		--> Epoch time; 35.88000512123108
Saved model in  trained_models/gru/data_t(5,20)_r(5,20)_combi_pNone_gNone/'log_dualQ_1'_'False'.pth
It took  464.05894565582275  seconds.

JOB STATISTICS
==============
Job ID: 3046750
Array Job ID: 3046745_55
Cluster: snellius
User/Group: nreints/nreints
State: RUNNING
Nodes: 1
Cores per node: 18
CPU Utilized: 00:00:00
CPU Efficiency: 0.00% of 23:24:54 core-walltime
Job Wall-clock time: 01:18:03
Memory Utilized: 0.00 MB (estimated maximum)
Memory Efficiency: 0.00% of 0.00 MB (0.00 MB/node)
WARNING: Efficiency statistics may be misleading for RUNNING jobs.
