wandb: Currently logged in as: nreints. Use `wandb login --relogin` to force relogin
wandb: wandb version 0.15.5 is available!  To upgrade, please run:
wandb:  $ pip install wandb --upgrade
wandb: Tracking run with wandb version 0.14.0
wandb: Run data is saved locally in /gpfs/home2/nreints/MScThesis/code/wandb/run-20230709_165343-h6sq3iy3
wandb: Run `wandb offline` to turn off syncing.
wandb: Syncing run scarlet-bee-747
wandb: â­ï¸ View project at https://wandb.ai/nreints/ThesisFinal2
wandb: ðŸš€ View run at https://wandb.ai/nreints/ThesisFinal2/runs/h6sq3iy3
wandb: Waiting for W&B process to finish... (success).
wandb: 
wandb: Run history:
wandb:                                      Epoch â–â–‚â–ƒâ–ƒâ–„â–…â–†â–†â–‡â–ˆ
wandb:  Test loss t(0,0)_r(0,0)_combi_pTrue_gTrue â–ˆâ–†â–„â–‚â–‚â–â–â–‚â–ƒâ–ˆ
wandb:   Test loss t(0,0)_r(0,0)_full_pTrue_gTrue â–ˆâ–†â–…â–ƒâ–â–â–â–â–â–‚
wandb:   Test loss t(0,0)_r(0,0)_semi_pTrue_gTrue â–…â–„â–ƒâ–‚â–‚â–â–â–‚â–ƒâ–ˆ
wandb: Test loss t(0,0)_r(0,0)_tennis_pTrue_gTrue â–†â–„â–ƒâ–‚â–‚â–â–â–‚â–ƒâ–ˆ
wandb:                                 Train loss â–ˆâ–â–â–â–â–â–â–â–â–
wandb: 
wandb: Run summary:
wandb:                                      Epoch 9
wandb:  Test loss t(0,0)_r(0,0)_combi_pTrue_gTrue 1e-05
wandb:   Test loss t(0,0)_r(0,0)_full_pTrue_gTrue 0.0
wandb:   Test loss t(0,0)_r(0,0)_semi_pTrue_gTrue 2e-05
wandb: Test loss t(0,0)_r(0,0)_tennis_pTrue_gTrue 3e-05
wandb:                                 Train loss 0.0
wandb: 
wandb: ðŸš€ View run scarlet-bee-747 at: https://wandb.ai/nreints/ThesisFinal2/runs/h6sq3iy3
wandb: Synced 6 W&B file(s), 0 media file(s), 3 artifact file(s) and 1 other file(s)
wandb: Find logs at: ./wandb/run-20230709_165343-h6sq3iy3/logs
wandb: - Waiting for wandb.init()...wandb: \ Waiting for wandb.init()...wandb: wandb version 0.15.5 is available!  To upgrade, please run:
wandb:  $ pip install wandb --upgrade
wandb: Tracking run with wandb version 0.14.0
wandb: Run data is saved locally in /gpfs/home2/nreints/MScThesis/code/wandb/run-20230709_170538-68xfpnhr
wandb: Run `wandb offline` to turn off syncing.
wandb: Syncing run avid-durian-778
wandb: â­ï¸ View project at https://wandb.ai/nreints/ThesisFinal2
wandb: ðŸš€ View run at https://wandb.ai/nreints/ThesisFinal2/runs/68xfpnhr
Training on dataset: data_t(0,0)_r(0,0)_combi_pTrue_gTrue
Testing on 4 datasets: ['data_t(0,0)_r(0,0)_full_pTrue_gTrue', 'data_t(0,0)_r(0,0)_tennis_pTrue_gTrue', 'data_t(0,0)_r(0,0)_semi_pTrue_gTrue', 'data_t(0,0)_r(0,0)_combi_pTrue_gTrue']
Focussing on identity: False
Using extra input: False
Using fr-fr as reference point.
----- ITERATION 1/10 ------
Number of train simulations:  1920
Number of test simulations:  480
The dataloader for data/data_t(0,0)_r(0,0)_combi_pTrue_gTrue took 52.38801050186157 seconds.
-- Finished Train Dataloader --
The dataloader for data/data_t(0,0)_r(0,0)_full_pTrue_gTrue took 13.217165470123291 seconds.
The dataloader for data/data_t(0,0)_r(0,0)_tennis_pTrue_gTrue took 12.879850625991821 seconds.
The dataloader for data/data_t(0,0)_r(0,0)_semi_pTrue_gTrue took 13.009054899215698 seconds.
The dataloader for data/data_t(0,0)_r(0,0)_combi_pTrue_gTrue took 12.820916414260864 seconds.
-- Finished Test Dataloader(s) --
GRU(
  (rnn): GRU(12, 96, batch_first=True)
  (fc): Linear(in_features=96, out_features=12, bias=True)
)
Datatype: rot_mat_1
-- Started Training --
Epoch 0/9
	 Logging train Loss: 0.0156137524 [MSELoss(): t(0,0)_r(0,0)_combi_pTrue_gTrue]
	 Logging test loss: 1.20136e-05 [MSELoss(): t(0,0)_r(0,0)_full_pTrue_gTrue]
	 Logging test loss: 1.77302e-05 [MSELoss(): t(0,0)_r(0,0)_tennis_pTrue_gTrue]
	 Logging test loss: 1.56173e-05 [MSELoss(): t(0,0)_r(0,0)_semi_pTrue_gTrue]
	 Logging test loss: 1.3456e-05 [MSELoss(): t(0,0)_r(0,0)_combi_pTrue_gTrue]
		--> Epoch time; 59.6315016746521
Epoch 1/9
	 Logging train Loss: 1.2842e-05 [MSELoss(): t(0,0)_r(0,0)_combi_pTrue_gTrue]
	 Logging test loss: 9.1884e-06 [MSELoss(): t(0,0)_r(0,0)_full_pTrue_gTrue]
	 Logging test loss: 1.18976e-05 [MSELoss(): t(0,0)_r(0,0)_tennis_pTrue_gTrue]
	 Logging test loss: 1.03395e-05 [MSELoss(): t(0,0)_r(0,0)_semi_pTrue_gTrue]
	 Logging test loss: 9.4431e-06 [MSELoss(): t(0,0)_r(0,0)_combi_pTrue_gTrue]
		--> Epoch time; 59.448458433151245
Epoch 2/9
	 Logging train Loss: 9.2301e-06 [MSELoss(): t(0,0)_r(0,0)_combi_pTrue_gTrue]
	 Logging test loss: 6.8065e-06 [MSELoss(): t(0,0)_r(0,0)_full_pTrue_gTrue]
	 Logging test loss: 8.3298e-06 [MSELoss(): t(0,0)_r(0,0)_tennis_pTrue_gTrue]
	 Logging test loss: 7.303e-06 [MSELoss(): t(0,0)_r(0,0)_semi_pTrue_gTrue]
	 Logging test loss: 6.509e-06 [MSELoss(): t(0,0)_r(0,0)_combi_pTrue_gTrue]
		--> Epoch time; 59.9758837223053
Epoch 3/9
	 Logging train Loss: 5.7198e-06 [MSELoss(): t(0,0)_r(0,0)_combi_pTrue_gTrue]
	 Logging test loss: 3.2433e-06 [MSELoss(): t(0,0)_r(0,0)_full_pTrue_gTrue]
	 Logging test loss: 4.2256e-06 [MSELoss(): t(0,0)_r(0,0)_tennis_pTrue_gTrue]
	 Logging test loss: 3.5923e-06 [MSELoss(): t(0,0)_r(0,0)_semi_pTrue_gTrue]
	 Logging test loss: 3.2865e-06 [MSELoss(): t(0,0)_r(0,0)_combi_pTrue_gTrue]
		--> Epoch time; 59.60337519645691
Epoch 4/9
	 Logging train Loss: 2.8327e-06 [MSELoss(): t(0,0)_r(0,0)_combi_pTrue_gTrue]
	 Logging test loss: 9.084e-07 [MSELoss(): t(0,0)_r(0,0)_full_pTrue_gTrue]
	 Logging test loss: 3.685e-06 [MSELoss(): t(0,0)_r(0,0)_tennis_pTrue_gTrue]
	 Logging test loss: 3.2059e-06 [MSELoss(): t(0,0)_r(0,0)_semi_pTrue_gTrue]
	 Logging test loss: 2.1525e-06 [MSELoss(): t(0,0)_r(0,0)_combi_pTrue_gTrue]
		--> Epoch time; 59.78600311279297
Epoch 5/9
	 Logging train Loss: 3.96e-06 [MSELoss(): t(0,0)_r(0,0)_combi_pTrue_gTrue]
	 Logging test loss: 4.702e-07 [MSELoss(): t(0,0)_r(0,0)_full_pTrue_gTrue]
	 Logging test loss: 8.708e-07 [MSELoss(): t(0,0)_r(0,0)_tennis_pTrue_gTrue]
	 Logging test loss: 6.963e-07 [MSELoss(): t(0,0)_r(0,0)_semi_pTrue_gTrue]
	 Logging test loss: 6.167e-07 [MSELoss(): t(0,0)_r(0,0)_combi_pTrue_gTrue]
		--> Epoch time; 60.04159951210022
Epoch 6/9
	 Logging train Loss: 6.8638e-06 [MSELoss(): t(0,0)_r(0,0)_combi_pTrue_gTrue]
	 Logging test loss: 4.63e-07 [MSELoss(): t(0,0)_r(0,0)_full_pTrue_gTrue]
	 Logging test loss: 1.5121e-06 [MSELoss(): t(0,0)_r(0,0)_tennis_pTrue_gTrue]
	 Logging test loss: 1.3133e-06 [MSELoss(): t(0,0)_r(0,0)_semi_pTrue_gTrue]
	 Logging test loss: 9.217e-07 [MSELoss(): t(0,0)_r(0,0)_combi_pTrue_gTrue]
		--> Epoch time; 59.46742081642151
Epoch 7/9
	 Logging train Loss: 4.8649e-06 [MSELoss(): t(0,0)_r(0,0)_combi_pTrue_gTrue]
	 Logging test loss: 5.285e-07 [MSELoss(): t(0,0)_r(0,0)_full_pTrue_gTrue]
	 Logging test loss: 3.2883e-06 [MSELoss(): t(0,0)_r(0,0)_tennis_pTrue_gTrue]
	 Logging test loss: 2.9464e-06 [MSELoss(): t(0,0)_r(0,0)_semi_pTrue_gTrue]
	 Logging test loss: 1.8525e-06 [MSELoss(): t(0,0)_r(0,0)_combi_pTrue_gTrue]
		--> Epoch time; 59.508660554885864
Epoch 8/9
	 Logging train Loss: 5.092e-06 [MSELoss(): t(0,0)_r(0,0)_combi_pTrue_gTrue]
	 Logging test loss: 8.869e-07 [MSELoss(): t(0,0)_r(0,0)_full_pTrue_gTrue]
	 Logging test loss: 7.3144e-06 [MSELoss(): t(0,0)_r(0,0)_tennis_pTrue_gTrue]
	 Logging test loss: 6.6083e-06 [MSELoss(): t(0,0)_r(0,0)_semi_pTrue_gTrue]
	 Logging test loss: 4.0122e-06 [MSELoss(): t(0,0)_r(0,0)_combi_pTrue_gTrue]
		--> Epoch time; 59.27724742889404
Epoch 9/9
	 Logging train Loss: 4.045e-06 [MSELoss(): t(0,0)_r(0,0)_combi_pTrue_gTrue]
	 Logging test loss: 1.7125e-06 [MSELoss(): t(0,0)_r(0,0)_full_pTrue_gTrue]
	 Logging test loss: 2.61565e-05 [MSELoss(): t(0,0)_r(0,0)_tennis_pTrue_gTrue]
	 Logging test loss: 2.39473e-05 [MSELoss(): t(0,0)_r(0,0)_semi_pTrue_gTrue]
	 Logging test loss: 1.33466e-05 [MSELoss(): t(0,0)_r(0,0)_combi_pTrue_gTrue]
		--> Epoch time; 59.73497533798218
Saved model in  trained_models/gru/data_t(0,0)_r(0,0)_combi_pTrue_gTrue/'rot_mat_1'_'False'.pth
It took  716.3661971092224  seconds.
----- ITERATION 2/10 ------
Number of train simulations:  1920
Number of test simulations:  480
The dataloader for data/data_t(0,0)_r(0,0)_combi_pTrue_gTrue took 51.942960023880005 seconds.
-- Finished Train Dataloader --
The dataloader for data/data_t(0,0)_r(0,0)_full_pTrue_gTrue took 13.024282932281494 seconds.
The dataloader for data/data_t(0,0)_r(0,0)_tennis_pTrue_gTrue took 13.014420986175537 seconds.
The dataloader for data/data_t(0,0)_r(0,0)_semi_pTrue_gTrue took 13.040620803833008 seconds.
The dataloader for data/data_t(0,0)_r(0,0)_combi_pTrue_gTrue took 12.973901510238647 seconds.
-- Finished Test Dataloader(s) --
GRU(
  (rnn): GRU(12, 96, batch_first=True)
  (fc): Linear(in_features=96, out_features=12, bias=True)
)
Datatype: rot_mat_1
-- Started Training --
Epoch 0/9
	 Logging train Loss: 0.0085778357 [MSELoss(): t(0,0)_r(0,0)_combi_pTrue_gTrue]
	 Logging test loss: 1.07329e-05 [MSELoss(): t(0,0)_r(0,0)_full_pTrue_gTrue]
	 Logging test loss: 1.70102e-05 [MSELoss(): t(0,0)_r(0,0)_tennis_pTrue_gTrue]
	 Logging test loss: 1.33035e-05 [MSELoss(): t(0,0)_r(0,0)_semi_pTrue_gTrue]
	 Logging test loss: 1.16019e-05 [MSELoss(): t(0,0)_r(0,0)_combi_pTrue_gTrue]
		--> Epoch time; 60.64181971549988
Epoch 1/9
	 Logging train Loss: 9.6906e-06 [MSELoss(): t(0,0)_r(0,0)_combi_pTrue_gTrue]
	 Logging test loss: 6.4566e-06 [MSELoss(): t(0,0)_r(0,0)_full_pTrue_gTrue]
	 Logging test loss: 9.91e-06 [MSELoss(): t(0,0)_r(0,0)_tennis_pTrue_gTrue]
	 Logging test loss: 7.6376e-06 [MSELoss(): t(0,0)_r(0,0)_semi_pTrue_gTrue]
	 Logging test loss: 6.856e-06 [MSELoss(): t(0,0)_r(0,0)_combi_pTrue_gTrue]
		--> Epoch time; 60.935134172439575
Epoch 2/9
	 Logging train Loss: 4.6921e-06 [MSELoss(): t(0,0)_r(0,0)_combi_pTrue_gTrue]
	 Logging test loss: 1.9068e-06 [MSELoss(): t(0,0)_r(0,0)_full_pTrue_gTrue]
	 Logging test loss: 3.2485e-06 [MSELoss(): t(0,0)_r(0,0)_tennis_pTrue_gTrue]
	 Logging test loss: 2.5336e-06 [MSELoss(): t(0,0)_r(0,0)_semi_pTrue_gTrue]
	 Logging test loss: 2.1952e-06 [MSELoss(): t(0,0)_r(0,0)_combi_pTrue_gTrue]
		--> Epoch time; 60.98988580703735
Epoch 3/9
	 Logging train Loss: 1.3416e-06 [MSELoss(): t(0,0)_r(0,0)_combi_pTrue_gTrue]
	 Logging test loss: 6.698e-07 [MSELoss(): t(0,0)_r(0,0)_full_pTrue_gTrue]
	 Logging test loss: 1.3834e-06 [MSELoss(): t(0,0)_r(0,0)_tennis_pTrue_gTrue]
	 Logging test loss: 1.058e-06 [MSELoss(): t(0,0)_r(0,0)_semi_pTrue_gTrue]
	 Logging test loss: 8.893e-07 [MSELoss(): t(0,0)_r(0,0)_combi_pTrue_gTrue]
		--> Epoch time; 60.42094421386719
Epoch 4/9
	 Logging train Loss: 8.82e-07 [MSELoss(): t(0,0)_r(0,0)_combi_pTrue_gTrue]
wandb: Waiting for W&B process to finish... (success).
wandb: 
wandb: Run history:
wandb:                                      Epoch â–â–‚â–ƒâ–ƒâ–„â–…â–†â–†â–‡â–ˆ
wandb:  Test loss t(0,0)_r(0,0)_combi_pTrue_gTrue â–„â–ƒâ–‚â–â–â–ˆâ–â–â–â–
wandb:   Test loss t(0,0)_r(0,0)_full_pTrue_gTrue â–ˆâ–…â–‚â–â–â–ƒâ–â–â–â–
wandb:   Test loss t(0,0)_r(0,0)_semi_pTrue_gTrue â–ƒâ–‚â–â–â–â–ˆâ–â–â–â–
wandb: Test loss t(0,0)_r(0,0)_tennis_pTrue_gTrue â–ƒâ–‚â–â–â–â–ˆâ–â–â–â–
wandb:                                 Train loss â–ˆâ–â–â–â–â–â–â–â–â–
wandb: 
wandb: Run summary:
wandb:                                      Epoch 9
wandb:  Test loss t(0,0)_r(0,0)_combi_pTrue_gTrue 0.0
wandb:   Test loss t(0,0)_r(0,0)_full_pTrue_gTrue 0.0
wandb:   Test loss t(0,0)_r(0,0)_semi_pTrue_gTrue 0.0
wandb: Test loss t(0,0)_r(0,0)_tennis_pTrue_gTrue 0.0
wandb:                                 Train loss 0.0
wandb: 
wandb: ðŸš€ View run avid-durian-778 at: https://wandb.ai/nreints/ThesisFinal2/runs/68xfpnhr
wandb: Synced 6 W&B file(s), 0 media file(s), 3 artifact file(s) and 1 other file(s)
wandb: Find logs at: ./wandb/run-20230709_170538-68xfpnhr/logs
wandb: - Waiting for wandb.init()...wandb: \ Waiting for wandb.init()...wandb: wandb version 0.15.5 is available!  To upgrade, please run:
wandb:  $ pip install wandb --upgrade
wandb: Tracking run with wandb version 0.14.0
wandb: Run data is saved locally in /gpfs/home2/nreints/MScThesis/code/wandb/run-20230709_171743-0oxpbowm
wandb: Run `wandb offline` to turn off syncing.
wandb: Syncing run happy-butterfly-808
wandb: â­ï¸ View project at https://wandb.ai/nreints/ThesisFinal2
wandb: ðŸš€ View run at https://wandb.ai/nreints/ThesisFinal2/runs/0oxpbowm
wandb: Waiting for W&B process to finish... (success).
wandb: 
wandb: Run history:
wandb:                                      Epoch â–â–‚â–ƒâ–ƒâ–„â–…â–†â–†â–‡â–ˆ
wandb:  Test loss t(0,0)_r(0,0)_combi_pTrue_gTrue â–ˆâ–†â–…â–…â–ƒâ–‚â–â–â–â–
wandb:   Test loss t(0,0)_r(0,0)_full_pTrue_gTrue â–ˆâ–‡â–‡â–†â–„â–‚â–â–â–â–
wandb:   Test loss t(0,0)_r(0,0)_semi_pTrue_gTrue â–ˆâ–…â–…â–„â–ƒâ–‚â–â–â–â–
wandb: Test loss t(0,0)_r(0,0)_tennis_pTrue_gTrue â–ˆâ–…â–…â–„â–ƒâ–‚â–â–â–â–
wandb:                                 Train loss â–ˆâ–â–â–â–â–â–â–â–â–
wandb: 
wandb: Run summary:
wandb:                                      Epoch 9
wandb:  Test loss t(0,0)_r(0,0)_combi_pTrue_gTrue 0.0
wandb:   Test loss t(0,0)_r(0,0)_full_pTrue_gTrue 0.0
wandb:   Test loss t(0,0)_r(0,0)_semi_pTrue_gTrue 0.0
wandb: Test loss t(0,0)_r(0,0)_tennis_pTrue_gTrue 0.0
wandb:                                 Train loss 0.0
wandb: 
wandb: ðŸš€ View run happy-butterfly-808 at: https://wandb.ai/nreints/ThesisFinal2/runs/0oxpbowm
wandb: Synced 6 W&B file(s), 0 media file(s), 3 artifact file(s) and 1 other file(s)
wandb: Find logs at: ./wandb/run-20230709_171743-0oxpbowm/logs
wandb: - Waiting for wandb.init()...wandb: \ Waiting for wandb.init()...wandb: wandb version 0.15.5 is available!  To upgrade, please run:
wandb:  $ pip install wandb --upgrade
wandb: Tracking run with wandb version 0.14.0
wandb: Run data is saved locally in /gpfs/home2/nreints/MScThesis/code/wandb/run-20230709_172939-6an29d2q
wandb: Run `wandb offline` to turn off syncing.
wandb: Syncing run cerulean-jazz-838
wandb: â­ï¸ View project at https://wandb.ai/nreints/ThesisFinal2
wandb: ðŸš€ View run at https://wandb.ai/nreints/ThesisFinal2/runs/6an29d2q
	 Logging test loss: 6.569e-07 [MSELoss(): t(0,0)_r(0,0)_full_pTrue_gTrue]
	 Logging test loss: 1.1498e-06 [MSELoss(): t(0,0)_r(0,0)_tennis_pTrue_gTrue]
	 Logging test loss: 8.977e-07 [MSELoss(): t(0,0)_r(0,0)_semi_pTrue_gTrue]
	 Logging test loss: 7.935e-07 [MSELoss(): t(0,0)_r(0,0)_combi_pTrue_gTrue]
		--> Epoch time; 60.679765462875366
Epoch 5/9
	 Logging train Loss: 2.2806e-06 [MSELoss(): t(0,0)_r(0,0)_combi_pTrue_gTrue]
	 Logging test loss: 2.6135e-06 [MSELoss(): t(0,0)_r(0,0)_full_pTrue_gTrue]
	 Logging test loss: 4.97575e-05 [MSELoss(): t(0,0)_r(0,0)_tennis_pTrue_gTrue]
	 Logging test loss: 4.20766e-05 [MSELoss(): t(0,0)_r(0,0)_semi_pTrue_gTrue]
	 Logging test loss: 2.61295e-05 [MSELoss(): t(0,0)_r(0,0)_combi_pTrue_gTrue]
		--> Epoch time; 60.74984359741211
Epoch 6/9
	 Logging train Loss: 5.2438e-06 [MSELoss(): t(0,0)_r(0,0)_combi_pTrue_gTrue]
	 Logging test loss: 4.891e-07 [MSELoss(): t(0,0)_r(0,0)_full_pTrue_gTrue]
	 Logging test loss: 7.191e-07 [MSELoss(): t(0,0)_r(0,0)_tennis_pTrue_gTrue]
	 Logging test loss: 5.836e-07 [MSELoss(): t(0,0)_r(0,0)_semi_pTrue_gTrue]
	 Logging test loss: 5.278e-07 [MSELoss(): t(0,0)_r(0,0)_combi_pTrue_gTrue]
		--> Epoch time; 60.42182683944702
Epoch 7/9
	 Logging train Loss: 4.6271e-06 [MSELoss(): t(0,0)_r(0,0)_combi_pTrue_gTrue]
	 Logging test loss: 2.868e-07 [MSELoss(): t(0,0)_r(0,0)_full_pTrue_gTrue]
	 Logging test loss: 4.56e-07 [MSELoss(): t(0,0)_r(0,0)_tennis_pTrue_gTrue]
	 Logging test loss: 3.57e-07 [MSELoss(): t(0,0)_r(0,0)_semi_pTrue_gTrue]
	 Logging test loss: 3.127e-07 [MSELoss(): t(0,0)_r(0,0)_combi_pTrue_gTrue]
		--> Epoch time; 61.153743267059326
Epoch 8/9
	 Logging train Loss: 3.6079e-06 [MSELoss(): t(0,0)_r(0,0)_combi_pTrue_gTrue]
	 Logging test loss: 2.275e-07 [MSELoss(): t(0,0)_r(0,0)_full_pTrue_gTrue]
	 Logging test loss: 3.83e-07 [MSELoss(): t(0,0)_r(0,0)_tennis_pTrue_gTrue]
	 Logging test loss: 3.079e-07 [MSELoss(): t(0,0)_r(0,0)_semi_pTrue_gTrue]
	 Logging test loss: 2.603e-07 [MSELoss(): t(0,0)_r(0,0)_combi_pTrue_gTrue]
		--> Epoch time; 61.240341901779175
Epoch 9/9
	 Logging train Loss: 4.4155e-06 [MSELoss(): t(0,0)_r(0,0)_combi_pTrue_gTrue]
	 Logging test loss: 1.542e-07 [MSELoss(): t(0,0)_r(0,0)_full_pTrue_gTrue]
	 Logging test loss: 2.648e-07 [MSELoss(): t(0,0)_r(0,0)_tennis_pTrue_gTrue]
	 Logging test loss: 2.127e-07 [MSELoss(): t(0,0)_r(0,0)_semi_pTrue_gTrue]
	 Logging test loss: 1.793e-07 [MSELoss(): t(0,0)_r(0,0)_combi_pTrue_gTrue]
		--> Epoch time; 60.95203137397766
Saved model in  trained_models/gru/data_t(0,0)_r(0,0)_combi_pTrue_gTrue/'rot_mat_1'_'False'.pth
It took  725.0029873847961  seconds.
----- ITERATION 3/10 ------
Number of train simulations:  1920
Number of test simulations:  480
The dataloader for data/data_t(0,0)_r(0,0)_combi_pTrue_gTrue took 51.990813970565796 seconds.
-- Finished Train Dataloader --
The dataloader for data/data_t(0,0)_r(0,0)_full_pTrue_gTrue took 13.052484035491943 seconds.
The dataloader for data/data_t(0,0)_r(0,0)_tennis_pTrue_gTrue took 13.005476474761963 seconds.
The dataloader for data/data_t(0,0)_r(0,0)_semi_pTrue_gTrue took 12.970408916473389 seconds.
The dataloader for data/data_t(0,0)_r(0,0)_combi_pTrue_gTrue took 12.904363870620728 seconds.
-- Finished Test Dataloader(s) --
GRU(
  (rnn): GRU(12, 96, batch_first=True)
  (fc): Linear(in_features=96, out_features=12, bias=True)
)
Datatype: rot_mat_1
-- Started Training --
Epoch 0/9
	 Logging train Loss: 0.0153932981 [MSELoss(): t(0,0)_r(0,0)_combi_pTrue_gTrue]
	 Logging test loss: 1.20499e-05 [MSELoss(): t(0,0)_r(0,0)_full_pTrue_gTrue]
	 Logging test loss: 3.41221e-05 [MSELoss(): t(0,0)_r(0,0)_tennis_pTrue_gTrue]
	 Logging test loss: 3.34297e-05 [MSELoss(): t(0,0)_r(0,0)_semi_pTrue_gTrue]
	 Logging test loss: 2.55353e-05 [MSELoss(): t(0,0)_r(0,0)_combi_pTrue_gTrue]
		--> Epoch time; 58.367891788482666
Epoch 1/9
	 Logging train Loss: 1.44621e-05 [MSELoss(): t(0,0)_r(0,0)_combi_pTrue_gTrue]
	 Logging test loss: 1.08764e-05 [MSELoss(): t(0,0)_r(0,0)_full_pTrue_gTrue]
	 Logging test loss: 2.19e-05 [MSELoss(): t(0,0)_r(0,0)_tennis_pTrue_gTrue]
	 Logging test loss: 2.16077e-05 [MSELoss(): t(0,0)_r(0,0)_semi_pTrue_gTrue]
	 Logging test loss: 1.87206e-05 [MSELoss(): t(0,0)_r(0,0)_combi_pTrue_gTrue]
		--> Epoch time; 60.65870809555054
Epoch 2/9
	 Logging train Loss: 1.10453e-05 [MSELoss(): t(0,0)_r(0,0)_combi_pTrue_gTrue]
	 Logging test loss: 9.6496e-06 [MSELoss(): t(0,0)_r(0,0)_full_pTrue_gTrue]
	 Logging test loss: 1.81742e-05 [MSELoss(): t(0,0)_r(0,0)_tennis_pTrue_gTrue]
	 Logging test loss: 1.76868e-05 [MSELoss(): t(0,0)_r(0,0)_semi_pTrue_gTrue]
	 Logging test loss: 1.61275e-05 [MSELoss(): t(0,0)_r(0,0)_combi_pTrue_gTrue]
		--> Epoch time; 60.57328820228577
Epoch 3/9
	 Logging train Loss: 9.318e-06 [MSELoss(): t(0,0)_r(0,0)_combi_pTrue_gTrue]
	 Logging test loss: 8.5587e-06 [MSELoss(): t(0,0)_r(0,0)_full_pTrue_gTrue]
	 Logging test loss: 1.48584e-05 [MSELoss(): t(0,0)_r(0,0)_tennis_pTrue_gTrue]
	 Logging test loss: 1.47002e-05 [MSELoss(): t(0,0)_r(0,0)_semi_pTrue_gTrue]
	 Logging test loss: 1.30135e-05 [MSELoss(): t(0,0)_r(0,0)_combi_pTrue_gTrue]
		--> Epoch time; 60.54134726524353
Epoch 4/9
	 Logging train Loss: 7.2169e-06 [MSELoss(): t(0,0)_r(0,0)_combi_pTrue_gTrue]
	 Logging test loss: 5.8058e-06 [MSELoss(): t(0,0)_r(0,0)_full_pTrue_gTrue]
	 Logging test loss: 1.0402e-05 [MSELoss(): t(0,0)_r(0,0)_tennis_pTrue_gTrue]
	 Logging test loss: 1.01286e-05 [MSELoss(): t(0,0)_r(0,0)_semi_pTrue_gTrue]
	 Logging test loss: 9.2561e-06 [MSELoss(): t(0,0)_r(0,0)_combi_pTrue_gTrue]
		--> Epoch time; 58.94440507888794
Epoch 5/9
	 Logging train Loss: 4.3037e-06 [MSELoss(): t(0,0)_r(0,0)_combi_pTrue_gTrue]
	 Logging test loss: 2.5628e-06 [MSELoss(): t(0,0)_r(0,0)_full_pTrue_gTrue]
	 Logging test loss: 4.6874e-06 [MSELoss(): t(0,0)_r(0,0)_tennis_pTrue_gTrue]
	 Logging test loss: 4.5681e-06 [MSELoss(): t(0,0)_r(0,0)_semi_pTrue_gTrue]
	 Logging test loss: 4.0896e-06 [MSELoss(): t(0,0)_r(0,0)_combi_pTrue_gTrue]
		--> Epoch time; 60.229384660720825
Epoch 6/9
	 Logging train Loss: 2.3216e-06 [MSELoss(): t(0,0)_r(0,0)_combi_pTrue_gTrue]
	 Logging test loss: 6.274e-07 [MSELoss(): t(0,0)_r(0,0)_full_pTrue_gTrue]
	 Logging test loss: 2.7284e-06 [MSELoss(): t(0,0)_r(0,0)_tennis_pTrue_gTrue]
	 Logging test loss: 2.6393e-06 [MSELoss(): t(0,0)_r(0,0)_semi_pTrue_gTrue]
	 Logging test loss: 1.8002e-06 [MSELoss(): t(0,0)_r(0,0)_combi_pTrue_gTrue]
		--> Epoch time; 60.05116367340088
Epoch 7/9
	 Logging train Loss: 4.4714e-06 [MSELoss(): t(0,0)_r(0,0)_combi_pTrue_gTrue]
	 Logging test loss: 3.779e-07 [MSELoss(): t(0,0)_r(0,0)_full_pTrue_gTrue]
	 Logging test loss: 7.889e-07 [MSELoss(): t(0,0)_r(0,0)_tennis_pTrue_gTrue]
	 Logging test loss: 7.533e-07 [MSELoss(): t(0,0)_r(0,0)_semi_pTrue_gTrue]
	 Logging test loss: 6.595e-07 [MSELoss(): t(0,0)_r(0,0)_combi_pTrue_gTrue]
		--> Epoch time; 59.4873833656311
Epoch 8/9
	 Logging train Loss: 5.0154e-06 [MSELoss(): t(0,0)_r(0,0)_combi_pTrue_gTrue]
	 Logging test loss: 4.501e-07 [MSELoss(): t(0,0)_r(0,0)_full_pTrue_gTrue]
	 Logging test loss: 2.5089e-06 [MSELoss(): t(0,0)_r(0,0)_tennis_pTrue_gTrue]
	 Logging test loss: 2.4129e-06 [MSELoss(): t(0,0)_r(0,0)_semi_pTrue_gTrue]
	 Logging test loss: 1.5285e-06 [MSELoss(): t(0,0)_r(0,0)_combi_pTrue_gTrue]
		--> Epoch time; 59.7628378868103
Epoch 9/9
	 Logging train Loss: 3.1113e-06 [MSELoss(): t(0,0)_r(0,0)_combi_pTrue_gTrue]
	 Logging test loss: 2.905e-07 [MSELoss(): t(0,0)_r(0,0)_full_pTrue_gTrue]
	 Logging test loss: 5.46e-07 [MSELoss(): t(0,0)_r(0,0)_tennis_pTrue_gTrue]
	 Logging test loss: 5.258e-07 [MSELoss(): t(0,0)_r(0,0)_semi_pTrue_gTrue]
	 Logging test loss: 4.656e-07 [MSELoss(): t(0,0)_r(0,0)_combi_pTrue_gTrue]
		--> Epoch time; 59.89541673660278
Saved model in  trained_models/gru/data_t(0,0)_r(0,0)_combi_pTrue_gTrue/'rot_mat_1'_'False'.pth
It took  716.0530436038971  seconds.
----- ITERATION 4/10 ------
Number of train simulations:  1920
Number of test simulations:  480
The dataloader for data/data_t(0,0)_r(0,0)_combi_pTrue_gTrue took 51.07928729057312 seconds.
-- Finished Train Dataloader --
The dataloader for data/data_t(0,0)_r(0,0)_full_pTrue_gTrue took 12.876489639282227 seconds.
wandb: Waiting for W&B process to finish... (success).
wandb: 
wandb: Run history:
wandb:                                      Epoch â–â–‚â–ƒâ–ƒâ–„â–…â–†â–†â–‡â–ˆ
wandb:  Test loss t(0,0)_r(0,0)_combi_pTrue_gTrue â–ˆâ–†â–„â–‚â–â–â–â–â–â–
wandb:   Test loss t(0,0)_r(0,0)_full_pTrue_gTrue â–ˆâ–†â–„â–‚â–â–â–â–â–â–
wandb:   Test loss t(0,0)_r(0,0)_semi_pTrue_gTrue â–ˆâ–…â–„â–‚â–â–â–â–â–â–
wandb: Test loss t(0,0)_r(0,0)_tennis_pTrue_gTrue â–ˆâ–…â–ƒâ–‚â–â–â–â–â–â–
wandb:                                 Train loss â–ˆâ–â–â–â–â–â–â–â–â–
wandb: 
wandb: Run summary:
wandb:                                      Epoch 9
wandb:  Test loss t(0,0)_r(0,0)_combi_pTrue_gTrue 0.0
wandb:   Test loss t(0,0)_r(0,0)_full_pTrue_gTrue 0.0
wandb:   Test loss t(0,0)_r(0,0)_semi_pTrue_gTrue 0.0
wandb: Test loss t(0,0)_r(0,0)_tennis_pTrue_gTrue 0.0
wandb:                                 Train loss 1e-05
wandb: 
wandb: ðŸš€ View run cerulean-jazz-838 at: https://wandb.ai/nreints/ThesisFinal2/runs/6an29d2q
wandb: Synced 6 W&B file(s), 0 media file(s), 3 artifact file(s) and 1 other file(s)
wandb: Find logs at: ./wandb/run-20230709_172939-6an29d2q/logs
wandb: - Waiting for wandb.init()...wandb: \ Waiting for wandb.init()...wandb: wandb version 0.15.5 is available!  To upgrade, please run:
wandb:  $ pip install wandb --upgrade
wandb: Tracking run with wandb version 0.14.0
wandb: Run data is saved locally in /gpfs/home2/nreints/MScThesis/code/wandb/run-20230709_174121-axn0dvs4
wandb: Run `wandb offline` to turn off syncing.
wandb: Syncing run clear-dust-866
wandb: â­ï¸ View project at https://wandb.ai/nreints/ThesisFinal2
wandb: ðŸš€ View run at https://wandb.ai/nreints/ThesisFinal2/runs/axn0dvs4
The dataloader for data/data_t(0,0)_r(0,0)_tennis_pTrue_gTrue took 13.158721923828125 seconds.
The dataloader for data/data_t(0,0)_r(0,0)_semi_pTrue_gTrue took 12.824804067611694 seconds.
The dataloader for data/data_t(0,0)_r(0,0)_combi_pTrue_gTrue took 12.8664870262146 seconds.
-- Finished Test Dataloader(s) --
GRU(
  (rnn): GRU(12, 96, batch_first=True)
  (fc): Linear(in_features=96, out_features=12, bias=True)
)
Datatype: rot_mat_1
-- Started Training --
Epoch 0/9
	 Logging train Loss: 0.0277337171 [MSELoss(): t(0,0)_r(0,0)_combi_pTrue_gTrue]
	 Logging test loss: 1.21393e-05 [MSELoss(): t(0,0)_r(0,0)_full_pTrue_gTrue]
	 Logging test loss: 2.24528e-05 [MSELoss(): t(0,0)_r(0,0)_tennis_pTrue_gTrue]
	 Logging test loss: 2.43885e-05 [MSELoss(): t(0,0)_r(0,0)_semi_pTrue_gTrue]
	 Logging test loss: 1.55003e-05 [MSELoss(): t(0,0)_r(0,0)_combi_pTrue_gTrue]
		--> Epoch time; 57.59258031845093
Epoch 1/9
	 Logging train Loss: 1.44755e-05 [MSELoss(): t(0,0)_r(0,0)_combi_pTrue_gTrue]
	 Logging test loss: 9.3738e-06 [MSELoss(): t(0,0)_r(0,0)_full_pTrue_gTrue]
	 Logging test loss: 1.32284e-05 [MSELoss(): t(0,0)_r(0,0)_tennis_pTrue_gTrue]
	 Logging test loss: 1.51581e-05 [MSELoss(): t(0,0)_r(0,0)_semi_pTrue_gTrue]
	 Logging test loss: 1.00847e-05 [MSELoss(): t(0,0)_r(0,0)_combi_pTrue_gTrue]
		--> Epoch time; 58.73270225524902
Epoch 2/9
	 Logging train Loss: 9.6258e-06 [MSELoss(): t(0,0)_r(0,0)_combi_pTrue_gTrue]
	 Logging test loss: 6.0213e-06 [MSELoss(): t(0,0)_r(0,0)_full_pTrue_gTrue]
	 Logging test loss: 8.2801e-06 [MSELoss(): t(0,0)_r(0,0)_tennis_pTrue_gTrue]
	 Logging test loss: 9.4155e-06 [MSELoss(): t(0,0)_r(0,0)_semi_pTrue_gTrue]
	 Logging test loss: 6.7404e-06 [MSELoss(): t(0,0)_r(0,0)_combi_pTrue_gTrue]
		--> Epoch time; 58.661542654037476
Epoch 3/9
	 Logging train Loss: 5.3597e-06 [MSELoss(): t(0,0)_r(0,0)_combi_pTrue_gTrue]
	 Logging test loss: 2.5518e-06 [MSELoss(): t(0,0)_r(0,0)_full_pTrue_gTrue]
	 Logging test loss: 3.792e-06 [MSELoss(): t(0,0)_r(0,0)_tennis_pTrue_gTrue]
	 Logging test loss: 4.1366e-06 [MSELoss(): t(0,0)_r(0,0)_semi_pTrue_gTrue]
	 Logging test loss: 2.7888e-06 [MSELoss(): t(0,0)_r(0,0)_combi_pTrue_gTrue]
		--> Epoch time; 58.637540102005005
Epoch 4/9
	 Logging train Loss: 1.9674e-06 [MSELoss(): t(0,0)_r(0,0)_combi_pTrue_gTrue]
	 Logging test loss: 6.979e-07 [MSELoss(): t(0,0)_r(0,0)_full_pTrue_gTrue]
	 Logging test loss: 1.5307e-06 [MSELoss(): t(0,0)_r(0,0)_tennis_pTrue_gTrue]
	 Logging test loss: 1.4669e-06 [MSELoss(): t(0,0)_r(0,0)_semi_pTrue_gTrue]
	 Logging test loss: 1.0068e-06 [MSELoss(): t(0,0)_r(0,0)_combi_pTrue_gTrue]
		--> Epoch time; 58.72525477409363
Epoch 5/9
	 Logging train Loss: 1.1197e-06 [MSELoss(): t(0,0)_r(0,0)_combi_pTrue_gTrue]
	 Logging test loss: 8.411e-07 [MSELoss(): t(0,0)_r(0,0)_full_pTrue_gTrue]
	 Logging test loss: 1.3905e-06 [MSELoss(): t(0,0)_r(0,0)_tennis_pTrue_gTrue]
	 Logging test loss: 1.3644e-06 [MSELoss(): t(0,0)_r(0,0)_semi_pTrue_gTrue]
	 Logging test loss: 1.0253e-06 [MSELoss(): t(0,0)_r(0,0)_combi_pTrue_gTrue]
		--> Epoch time; 58.90647840499878
Epoch 6/9
	 Logging train Loss: 2.9508e-06 [MSELoss(): t(0,0)_r(0,0)_combi_pTrue_gTrue]
	 Logging test loss: 6.061e-07 [MSELoss(): t(0,0)_r(0,0)_full_pTrue_gTrue]
	 Logging test loss: 1.2596e-06 [MSELoss(): t(0,0)_r(0,0)_tennis_pTrue_gTrue]
	 Logging test loss: 1.2628e-06 [MSELoss(): t(0,0)_r(0,0)_semi_pTrue_gTrue]
	 Logging test loss: 8.673e-07 [MSELoss(): t(0,0)_r(0,0)_combi_pTrue_gTrue]
		--> Epoch time; 59.04573440551758
Epoch 7/9
	 Logging train Loss: 5.7519e-06 [MSELoss(): t(0,0)_r(0,0)_combi_pTrue_gTrue]
	 Logging test loss: 4.974e-07 [MSELoss(): t(0,0)_r(0,0)_full_pTrue_gTrue]
	 Logging test loss: 7.608e-07 [MSELoss(): t(0,0)_r(0,0)_tennis_pTrue_gTrue]
	 Logging test loss: 7.961e-07 [MSELoss(): t(0,0)_r(0,0)_semi_pTrue_gTrue]
	 Logging test loss: 5.625e-07 [MSELoss(): t(0,0)_r(0,0)_combi_pTrue_gTrue]
		--> Epoch time; 59.34927940368652
Epoch 8/9
	 Logging train Loss: 3.6858e-06 [MSELoss(): t(0,0)_r(0,0)_combi_pTrue_gTrue]
	 Logging test loss: 3.085e-07 [MSELoss(): t(0,0)_r(0,0)_full_pTrue_gTrue]
	 Logging test loss: 4.34e-07 [MSELoss(): t(0,0)_r(0,0)_tennis_pTrue_gTrue]
	 Logging test loss: 4.741e-07 [MSELoss(): t(0,0)_r(0,0)_semi_pTrue_gTrue]
	 Logging test loss: 3.189e-07 [MSELoss(): t(0,0)_r(0,0)_combi_pTrue_gTrue]
		--> Epoch time; 59.09890532493591
Epoch 9/9
	 Logging train Loss: 6.0055e-06 [MSELoss(): t(0,0)_r(0,0)_combi_pTrue_gTrue]
	 Logging test loss: 3.276e-07 [MSELoss(): t(0,0)_r(0,0)_full_pTrue_gTrue]
	 Logging test loss: 4.199e-07 [MSELoss(): t(0,0)_r(0,0)_tennis_pTrue_gTrue]
	 Logging test loss: 4.548e-07 [MSELoss(): t(0,0)_r(0,0)_semi_pTrue_gTrue]
	 Logging test loss: 3.349e-07 [MSELoss(): t(0,0)_r(0,0)_combi_pTrue_gTrue]
		--> Epoch time; 58.76170635223389
Saved model in  trained_models/gru/data_t(0,0)_r(0,0)_combi_pTrue_gTrue/'rot_mat_1'_'False'.pth
It took  702.0844144821167  seconds.
----- ITERATION 5/10 ------
Number of train simulations:  1920
Number of test simulations:  480
The dataloader for data/data_t(0,0)_r(0,0)_combi_pTrue_gTrue took 51.95773935317993 seconds.
-- Finished Train Dataloader --
The dataloader for data/data_t(0,0)_r(0,0)_full_pTrue_gTrue took 13.022795915603638 seconds.
The dataloader for data/data_t(0,0)_r(0,0)_tennis_pTrue_gTrue took 12.969350576400757 seconds.
The dataloader for data/data_t(0,0)_r(0,0)_semi_pTrue_gTrue took 12.977356910705566 seconds.
The dataloader for data/data_t(0,0)_r(0,0)_combi_pTrue_gTrue took 12.779441595077515 seconds.
-- Finished Test Dataloader(s) --
GRU(
  (rnn): GRU(12, 96, batch_first=True)
  (fc): Linear(in_features=96, out_features=12, bias=True)
)
Datatype: rot_mat_1
-- Started Training --
Epoch 0/9
	 Logging train Loss: 0.0329835042 [MSELoss(): t(0,0)_r(0,0)_combi_pTrue_gTrue]
	 Logging test loss: 1.31015e-05 [MSELoss(): t(0,0)_r(0,0)_full_pTrue_gTrue]
	 Logging test loss: 2.42701e-05 [MSELoss(): t(0,0)_r(0,0)_tennis_pTrue_gTrue]
	 Logging test loss: 2.79884e-05 [MSELoss(): t(0,0)_r(0,0)_semi_pTrue_gTrue]
	 Logging test loss: 1.79419e-05 [MSELoss(): t(0,0)_r(0,0)_combi_pTrue_gTrue]
		--> Epoch time; 61.20516586303711
Epoch 1/9
	 Logging train Loss: 1.32284e-05 [MSELoss(): t(0,0)_r(0,0)_combi_pTrue_gTrue]
	 Logging test loss: 8.8849e-06 [MSELoss(): t(0,0)_r(0,0)_full_pTrue_gTrue]
	 Logging test loss: 1.27212e-05 [MSELoss(): t(0,0)_r(0,0)_tennis_pTrue_gTrue]
	 Logging test loss: 1.54678e-05 [MSELoss(): t(0,0)_r(0,0)_semi_pTrue_gTrue]
	 Logging test loss: 1.0319e-05 [MSELoss(): t(0,0)_r(0,0)_combi_pTrue_gTrue]
		--> Epoch time; 61.01998209953308
Epoch 2/9
	 Logging train Loss: 7.8704e-06 [MSELoss(): t(0,0)_r(0,0)_combi_pTrue_gTrue]
	 Logging test loss: 4.599e-06 [MSELoss(): t(0,0)_r(0,0)_full_pTrue_gTrue]
	 Logging test loss: 6.7313e-06 [MSELoss(): t(0,0)_r(0,0)_tennis_pTrue_gTrue]
	 Logging test loss: 8.2866e-06 [MSELoss(): t(0,0)_r(0,0)_semi_pTrue_gTrue]
	 Logging test loss: 5.5522e-06 [MSELoss(): t(0,0)_r(0,0)_combi_pTrue_gTrue]
		--> Epoch time; 60.80187964439392
Epoch 3/9
	 Logging train Loss: 3.6561e-06 [MSELoss(): t(0,0)_r(0,0)_combi_pTrue_gTrue]
	 Logging test loss: 1.249e-06 [MSELoss(): t(0,0)_r(0,0)_full_pTrue_gTrue]
	 Logging test loss: 2.6219e-06 [MSELoss(): t(0,0)_r(0,0)_tennis_pTrue_gTrue]
	 Logging test loss: 3.1664e-06 [MSELoss(): t(0,0)_r(0,0)_semi_pTrue_gTrue]
	 Logging test loss: 2.0857e-06 [MSELoss(): t(0,0)_r(0,0)_combi_pTrue_gTrue]
		--> Epoch time; 61.19786834716797
Epoch 4/9
	 Logging train Loss: 6.6085e-06 [MSELoss(): t(0,0)_r(0,0)_combi_pTrue_gTrue]
	 Logging test loss: 3.0917e-06 [MSELoss(): t(0,0)_r(0,0)_full_pTrue_gTrue]
	 Logging test loss: 1.99522e-05 [MSELoss(): t(0,0)_r(0,0)_tennis_pTrue_gTrue]
	 Logging test loss: 1.89362e-05 [MSELoss(): t(0,0)_r(0,0)_semi_pTrue_gTrue]
	 Logging test loss: 1.09277e-05 [MSELoss(): t(0,0)_r(0,0)_combi_pTrue_gTrue]
		--> Epoch time; 60.38801550865173
Epoch 5/9
	 Logging train Loss: 3.8945e-06 [MSELoss(): t(0,0)_r(0,0)_combi_pTrue_gTrue]
	 Logging test loss: 5.575e-07 [MSELoss(): t(0,0)_r(0,0)_full_pTrue_gTrue]
	 Logging test loss: 1.2182e-06 [MSELoss(): t(0,0)_r(0,0)_tennis_pTrue_gTrue]
	 Logging test loss: 1.404e-06 [MSELoss(): t(0,0)_r(0,0)_semi_pTrue_gTrue]
wandb: Waiting for W&B process to finish... (success).
wandb: 
wandb: Run history:
wandb:                                      Epoch â–â–‚â–ƒâ–ƒâ–„â–…â–†â–†â–‡â–ˆ
wandb:  Test loss t(0,0)_r(0,0)_combi_pTrue_gTrue â–ˆâ–…â–ƒâ–‚â–…â–â–â–‚â–â–‡
wandb:   Test loss t(0,0)_r(0,0)_full_pTrue_gTrue â–ˆâ–†â–ƒâ–â–‚â–â–â–â–â–ƒ
wandb:   Test loss t(0,0)_r(0,0)_semi_pTrue_gTrue â–ˆâ–…â–ƒâ–‚â–†â–â–â–‚â–â–‡
wandb: Test loss t(0,0)_r(0,0)_tennis_pTrue_gTrue â–ˆâ–„â–ƒâ–‚â–†â–â–â–‚â–â–ˆ
wandb:                                 Train loss â–ˆâ–â–â–â–â–â–â–â–â–
wandb: 
wandb: Run summary:
wandb:                                      Epoch 9
wandb:  Test loss t(0,0)_r(0,0)_combi_pTrue_gTrue 1e-05
wandb:   Test loss t(0,0)_r(0,0)_full_pTrue_gTrue 0.0
wandb:   Test loss t(0,0)_r(0,0)_semi_pTrue_gTrue 2e-05
wandb: Test loss t(0,0)_r(0,0)_tennis_pTrue_gTrue 3e-05
wandb:                                 Train loss 0.0
wandb: 
wandb: ðŸš€ View run clear-dust-866 at: https://wandb.ai/nreints/ThesisFinal2/runs/axn0dvs4
wandb: Synced 6 W&B file(s), 0 media file(s), 3 artifact file(s) and 1 other file(s)
wandb: Find logs at: ./wandb/run-20230709_174121-axn0dvs4/logs
wandb: - Waiting for wandb.init()...wandb: \ Waiting for wandb.init()...wandb: wandb version 0.15.5 is available!  To upgrade, please run:
wandb:  $ pip install wandb --upgrade
wandb: Tracking run with wandb version 0.14.0
wandb: Run data is saved locally in /gpfs/home2/nreints/MScThesis/code/wandb/run-20230709_175323-gvd4y32j
wandb: Run `wandb offline` to turn off syncing.
wandb: Syncing run iconic-flower-898
wandb: â­ï¸ View project at https://wandb.ai/nreints/ThesisFinal2
wandb: ðŸš€ View run at https://wandb.ai/nreints/ThesisFinal2/runs/gvd4y32j
wandb: Waiting for W&B process to finish... (success).
wandb: 
wandb: Run history:
wandb:                                      Epoch â–â–‚â–ƒâ–ƒâ–„â–…â–†â–†â–‡â–ˆ
wandb:  Test loss t(0,0)_r(0,0)_combi_pTrue_gTrue â–ˆâ–„â–‚â–â–â–â–â–â–â–
wandb:   Test loss t(0,0)_r(0,0)_full_pTrue_gTrue â–ˆâ–†â–‚â–â–â–â–â–â–â–
wandb:   Test loss t(0,0)_r(0,0)_semi_pTrue_gTrue â–ˆâ–„â–‚â–â–â–â–â–â–â–
wandb: Test loss t(0,0)_r(0,0)_tennis_pTrue_gTrue â–ˆâ–„â–‚â–â–â–â–â–‚â–â–
wandb:                                 Train loss â–ˆâ–â–â–â–â–â–â–â–â–
wandb: 
wandb: Run summary:
wandb:                                      Epoch 9
wandb:  Test loss t(0,0)_r(0,0)_combi_pTrue_gTrue 0.0
wandb:   Test loss t(0,0)_r(0,0)_full_pTrue_gTrue 0.0
wandb:   Test loss t(0,0)_r(0,0)_semi_pTrue_gTrue 0.0
wandb: Test loss t(0,0)_r(0,0)_tennis_pTrue_gTrue 0.0
wandb:                                 Train loss 0.0
wandb: 
wandb: ðŸš€ View run iconic-flower-898 at: https://wandb.ai/nreints/ThesisFinal2/runs/gvd4y32j
wandb: Synced 6 W&B file(s), 0 media file(s), 3 artifact file(s) and 1 other file(s)
wandb: Find logs at: ./wandb/run-20230709_175323-gvd4y32j/logs
wandb: - Waiting for wandb.init()...wandb: \ Waiting for wandb.init()...wandb: wandb version 0.15.5 is available!  To upgrade, please run:
wandb:  $ pip install wandb --upgrade
wandb: Tracking run with wandb version 0.14.0
wandb: Run data is saved locally in /gpfs/home2/nreints/MScThesis/code/wandb/run-20230709_180506-9bxlnxvs
wandb: Run `wandb offline` to turn off syncing.
wandb: Syncing run major-mountain-930
wandb: â­ï¸ View project at https://wandb.ai/nreints/ThesisFinal2
wandb: ðŸš€ View run at https://wandb.ai/nreints/ThesisFinal2/runs/9bxlnxvs
	 Logging test loss: 9.033e-07 [MSELoss(): t(0,0)_r(0,0)_combi_pTrue_gTrue]
		--> Epoch time; 59.24070191383362
Epoch 6/9
	 Logging train Loss: 1.04799e-05 [MSELoss(): t(0,0)_r(0,0)_combi_pTrue_gTrue]
	 Logging test loss: 4.481e-07 [MSELoss(): t(0,0)_r(0,0)_full_pTrue_gTrue]
	 Logging test loss: 7.966e-07 [MSELoss(): t(0,0)_r(0,0)_tennis_pTrue_gTrue]
	 Logging test loss: 9.398e-07 [MSELoss(): t(0,0)_r(0,0)_semi_pTrue_gTrue]
	 Logging test loss: 6.15e-07 [MSELoss(): t(0,0)_r(0,0)_combi_pTrue_gTrue]
		--> Epoch time; 59.97591042518616
Epoch 7/9
	 Logging train Loss: 1.8854e-06 [MSELoss(): t(0,0)_r(0,0)_combi_pTrue_gTrue]
	 Logging test loss: 7.942e-07 [MSELoss(): t(0,0)_r(0,0)_full_pTrue_gTrue]
	 Logging test loss: 4.0845e-06 [MSELoss(): t(0,0)_r(0,0)_tennis_pTrue_gTrue]
	 Logging test loss: 4.0044e-06 [MSELoss(): t(0,0)_r(0,0)_semi_pTrue_gTrue]
	 Logging test loss: 2.3604e-06 [MSELoss(): t(0,0)_r(0,0)_combi_pTrue_gTrue]
		--> Epoch time; 60.58719849586487
Epoch 8/9
	 Logging train Loss: 4.6674e-06 [MSELoss(): t(0,0)_r(0,0)_combi_pTrue_gTrue]
	 Logging test loss: 3.861e-07 [MSELoss(): t(0,0)_r(0,0)_full_pTrue_gTrue]
	 Logging test loss: 5.182e-07 [MSELoss(): t(0,0)_r(0,0)_tennis_pTrue_gTrue]
	 Logging test loss: 6.123e-07 [MSELoss(): t(0,0)_r(0,0)_semi_pTrue_gTrue]
	 Logging test loss: 4.426e-07 [MSELoss(): t(0,0)_r(0,0)_combi_pTrue_gTrue]
		--> Epoch time; 60.52396607398987
Epoch 9/9
	 Logging train Loss: 3.3961e-06 [MSELoss(): t(0,0)_r(0,0)_combi_pTrue_gTrue]
	 Logging test loss: 3.9232e-06 [MSELoss(): t(0,0)_r(0,0)_full_pTrue_gTrue]
	 Logging test loss: 2.57215e-05 [MSELoss(): t(0,0)_r(0,0)_tennis_pTrue_gTrue]
	 Logging test loss: 2.44536e-05 [MSELoss(): t(0,0)_r(0,0)_semi_pTrue_gTrue]
	 Logging test loss: 1.42381e-05 [MSELoss(): t(0,0)_r(0,0)_combi_pTrue_gTrue]
		--> Epoch time; 60.71075987815857
Saved model in  trained_models/gru/data_t(0,0)_r(0,0)_combi_pTrue_gTrue/'rot_mat_1'_'False'.pth
It took  721.3266332149506  seconds.
----- ITERATION 6/10 ------
Number of train simulations:  1920
Number of test simulations:  480
The dataloader for data/data_t(0,0)_r(0,0)_combi_pTrue_gTrue took 51.71818161010742 seconds.
-- Finished Train Dataloader --
The dataloader for data/data_t(0,0)_r(0,0)_full_pTrue_gTrue took 12.878284931182861 seconds.
The dataloader for data/data_t(0,0)_r(0,0)_tennis_pTrue_gTrue took 12.907407999038696 seconds.
The dataloader for data/data_t(0,0)_r(0,0)_semi_pTrue_gTrue took 12.988919496536255 seconds.
The dataloader for data/data_t(0,0)_r(0,0)_combi_pTrue_gTrue took 12.983346700668335 seconds.
-- Finished Test Dataloader(s) --
GRU(
  (rnn): GRU(12, 96, batch_first=True)
  (fc): Linear(in_features=96, out_features=12, bias=True)
)
Datatype: rot_mat_1
-- Started Training --
Epoch 0/9
	 Logging train Loss: 0.0085850973 [MSELoss(): t(0,0)_r(0,0)_combi_pTrue_gTrue]
	 Logging test loss: 9.4403e-06 [MSELoss(): t(0,0)_r(0,0)_full_pTrue_gTrue]
	 Logging test loss: 2.41362e-05 [MSELoss(): t(0,0)_r(0,0)_tennis_pTrue_gTrue]
	 Logging test loss: 2.44531e-05 [MSELoss(): t(0,0)_r(0,0)_semi_pTrue_gTrue]
	 Logging test loss: 1.72171e-05 [MSELoss(): t(0,0)_r(0,0)_combi_pTrue_gTrue]
		--> Epoch time; 58.76044297218323
Epoch 1/9
	 Logging train Loss: 1.07975e-05 [MSELoss(): t(0,0)_r(0,0)_combi_pTrue_gTrue]
	 Logging test loss: 6.3946e-06 [MSELoss(): t(0,0)_r(0,0)_full_pTrue_gTrue]
	 Logging test loss: 9.6497e-06 [MSELoss(): t(0,0)_r(0,0)_tennis_pTrue_gTrue]
	 Logging test loss: 1.01646e-05 [MSELoss(): t(0,0)_r(0,0)_semi_pTrue_gTrue]
	 Logging test loss: 7.4854e-06 [MSELoss(): t(0,0)_r(0,0)_combi_pTrue_gTrue]
		--> Epoch time; 59.47979164123535
Epoch 2/9
	 Logging train Loss: 4.3953e-06 [MSELoss(): t(0,0)_r(0,0)_combi_pTrue_gTrue]
	 Logging test loss: 1.6438e-06 [MSELoss(): t(0,0)_r(0,0)_full_pTrue_gTrue]
	 Logging test loss: 3.2179e-06 [MSELoss(): t(0,0)_r(0,0)_tennis_pTrue_gTrue]
	 Logging test loss: 3.2377e-06 [MSELoss(): t(0,0)_r(0,0)_semi_pTrue_gTrue]
	 Logging test loss: 2.4082e-06 [MSELoss(): t(0,0)_r(0,0)_combi_pTrue_gTrue]
		--> Epoch time; 59.345574378967285
Epoch 3/9
	 Logging train Loss: 1.4672e-06 [MSELoss(): t(0,0)_r(0,0)_combi_pTrue_gTrue]
	 Logging test loss: 5.597e-07 [MSELoss(): t(0,0)_r(0,0)_full_pTrue_gTrue]
	 Logging test loss: 1.4881e-06 [MSELoss(): t(0,0)_r(0,0)_tennis_pTrue_gTrue]
	 Logging test loss: 1.4586e-06 [MSELoss(): t(0,0)_r(0,0)_semi_pTrue_gTrue]
	 Logging test loss: 9.89e-07 [MSELoss(): t(0,0)_r(0,0)_combi_pTrue_gTrue]
		--> Epoch time; 59.18061375617981
Epoch 4/9
	 Logging train Loss: 9.349e-07 [MSELoss(): t(0,0)_r(0,0)_combi_pTrue_gTrue]
	 Logging test loss: 4.829e-07 [MSELoss(): t(0,0)_r(0,0)_full_pTrue_gTrue]
	 Logging test loss: 1.0581e-06 [MSELoss(): t(0,0)_r(0,0)_tennis_pTrue_gTrue]
	 Logging test loss: 1.0682e-06 [MSELoss(): t(0,0)_r(0,0)_semi_pTrue_gTrue]
	 Logging test loss: 7.437e-07 [MSELoss(): t(0,0)_r(0,0)_combi_pTrue_gTrue]
		--> Epoch time; 58.73508667945862
Epoch 5/9
	 Logging train Loss: 7.712e-07 [MSELoss(): t(0,0)_r(0,0)_combi_pTrue_gTrue]
	 Logging test loss: 4.019e-07 [MSELoss(): t(0,0)_r(0,0)_full_pTrue_gTrue]
	 Logging test loss: 7.32e-07 [MSELoss(): t(0,0)_r(0,0)_tennis_pTrue_gTrue]
	 Logging test loss: 7.564e-07 [MSELoss(): t(0,0)_r(0,0)_semi_pTrue_gTrue]
	 Logging test loss: 5.444e-07 [MSELoss(): t(0,0)_r(0,0)_combi_pTrue_gTrue]
		--> Epoch time; 58.9576210975647
Epoch 6/9
	 Logging train Loss: 3.1811e-06 [MSELoss(): t(0,0)_r(0,0)_combi_pTrue_gTrue]
	 Logging test loss: 3.859e-07 [MSELoss(): t(0,0)_r(0,0)_full_pTrue_gTrue]
	 Logging test loss: 5.833e-07 [MSELoss(): t(0,0)_r(0,0)_tennis_pTrue_gTrue]
	 Logging test loss: 6.147e-07 [MSELoss(): t(0,0)_r(0,0)_semi_pTrue_gTrue]
	 Logging test loss: 4.726e-07 [MSELoss(): t(0,0)_r(0,0)_combi_pTrue_gTrue]
		--> Epoch time; 58.309369802474976
Epoch 7/9
	 Logging train Loss: 4.1924e-06 [MSELoss(): t(0,0)_r(0,0)_combi_pTrue_gTrue]
	 Logging test loss: 3.401e-07 [MSELoss(): t(0,0)_r(0,0)_full_pTrue_gTrue]
	 Logging test loss: 2.3145e-06 [MSELoss(): t(0,0)_r(0,0)_tennis_pTrue_gTrue]
	 Logging test loss: 2.1673e-06 [MSELoss(): t(0,0)_r(0,0)_semi_pTrue_gTrue]
	 Logging test loss: 1.3564e-06 [MSELoss(): t(0,0)_r(0,0)_combi_pTrue_gTrue]
		--> Epoch time; 57.17362904548645
Epoch 8/9
	 Logging train Loss: 5.1493e-06 [MSELoss(): t(0,0)_r(0,0)_combi_pTrue_gTrue]
	 Logging test loss: 4.373e-07 [MSELoss(): t(0,0)_r(0,0)_full_pTrue_gTrue]
	 Logging test loss: 8.082e-07 [MSELoss(): t(0,0)_r(0,0)_tennis_pTrue_gTrue]
	 Logging test loss: 8.026e-07 [MSELoss(): t(0,0)_r(0,0)_semi_pTrue_gTrue]
	 Logging test loss: 6.242e-07 [MSELoss(): t(0,0)_r(0,0)_combi_pTrue_gTrue]
		--> Epoch time; 59.132272720336914
Epoch 9/9
	 Logging train Loss: 4.8845e-06 [MSELoss(): t(0,0)_r(0,0)_combi_pTrue_gTrue]
	 Logging test loss: 3.102e-07 [MSELoss(): t(0,0)_r(0,0)_full_pTrue_gTrue]
	 Logging test loss: 7.759e-07 [MSELoss(): t(0,0)_r(0,0)_tennis_pTrue_gTrue]
	 Logging test loss: 7.534e-07 [MSELoss(): t(0,0)_r(0,0)_semi_pTrue_gTrue]
	 Logging test loss: 5.449e-07 [MSELoss(): t(0,0)_r(0,0)_combi_pTrue_gTrue]
		--> Epoch time; 59.0031623840332
Saved model in  trained_models/gru/data_t(0,0)_r(0,0)_combi_pTrue_gTrue/'rot_mat_1'_'False'.pth
It took  703.4589335918427  seconds.
----- ITERATION 7/10 ------
Number of train simulations:  1920
Number of test simulations:  480
The dataloader for data/data_t(0,0)_r(0,0)_combi_pTrue_gTrue took 51.77814817428589 seconds.
-- Finished Train Dataloader --
The dataloader for data/data_t(0,0)_r(0,0)_full_pTrue_gTrue took 12.970834970474243 seconds.
The dataloader for data/data_t(0,0)_r(0,0)_tennis_pTrue_gTrue took 13.002258777618408 seconds.
The dataloader for data/data_t(0,0)_r(0,0)_semi_pTrue_gTrue took 12.967355728149414 seconds.
The dataloader for data/data_t(0,0)_r(0,0)_combi_pTrue_gTrue took 12.913409948348999 seconds.
-- Finished Test Dataloader(s) --
GRU(
  (rnn): GRU(12, 96, batch_first=True)
  (fc): Linear(in_features=96, out_features=12, bias=True)
)
Datatype: rot_mat_1
-- Started Training --
Epoch 0/9
	 Logging train Loss: 0.0201295596 [MSELoss(): t(0,0)_r(0,0)_combi_pTrue_gTrue]
	 Logging test loss: 1.10833e-05 [MSELoss(): t(0,0)_r(0,0)_full_pTrue_gTrue]
	 Logging test loss: 1.9108e-05 [MSELoss(): t(0,0)_r(0,0)_tennis_pTrue_gTrue]
wandb: Waiting for W&B process to finish... (success).
wandb: 
wandb: Run history:
wandb:                                      Epoch â–â–‚â–ƒâ–ƒâ–„â–…â–†â–†â–‡â–ˆ
wandb:  Test loss t(0,0)_r(0,0)_combi_pTrue_gTrue â–ˆâ–†â–„â–ƒâ–â–ƒâ–â–â–â–
wandb:   Test loss t(0,0)_r(0,0)_full_pTrue_gTrue â–ˆâ–‡â–†â–ƒâ–â–‚â–â–â–â–
wandb:   Test loss t(0,0)_r(0,0)_semi_pTrue_gTrue â–ˆâ–…â–„â–ƒâ–â–„â–â–â–â–
wandb: Test loss t(0,0)_r(0,0)_tennis_pTrue_gTrue â–ˆâ–…â–„â–‚â–â–„â–â–â–â–
wandb:                                 Train loss â–ˆâ–â–â–â–â–â–â–â–â–
wandb: 
wandb: Run summary:
wandb:                                      Epoch 9
wandb:  Test loss t(0,0)_r(0,0)_combi_pTrue_gTrue 0.0
wandb:   Test loss t(0,0)_r(0,0)_full_pTrue_gTrue 0.0
wandb:   Test loss t(0,0)_r(0,0)_semi_pTrue_gTrue 0.0
wandb: Test loss t(0,0)_r(0,0)_tennis_pTrue_gTrue 0.0
wandb:                                 Train loss 0.0
wandb: 
wandb: ðŸš€ View run major-mountain-930 at: https://wandb.ai/nreints/ThesisFinal2/runs/9bxlnxvs
wandb: Synced 6 W&B file(s), 0 media file(s), 3 artifact file(s) and 1 other file(s)
wandb: Find logs at: ./wandb/run-20230709_180506-9bxlnxvs/logs
wandb: - Waiting for wandb.init()...wandb: \ Waiting for wandb.init()...wandb: wandb version 0.15.5 is available!  To upgrade, please run:
wandb:  $ pip install wandb --upgrade
wandb: Tracking run with wandb version 0.14.0
wandb: Run data is saved locally in /gpfs/home2/nreints/MScThesis/code/wandb/run-20230709_181701-ugyki1oc
wandb: Run `wandb offline` to turn off syncing.
wandb: Syncing run ruby-terrain-960
wandb: â­ï¸ View project at https://wandb.ai/nreints/ThesisFinal2
wandb: ðŸš€ View run at https://wandb.ai/nreints/ThesisFinal2/runs/ugyki1oc
	 Logging test loss: 2.3447e-05 [MSELoss(): t(0,0)_r(0,0)_semi_pTrue_gTrue]
	 Logging test loss: 1.43876e-05 [MSELoss(): t(0,0)_r(0,0)_combi_pTrue_gTrue]
		--> Epoch time; 59.66244912147522
Epoch 1/9
	 Logging train Loss: 1.31585e-05 [MSELoss(): t(0,0)_r(0,0)_combi_pTrue_gTrue]
	 Logging test loss: 9.4313e-06 [MSELoss(): t(0,0)_r(0,0)_full_pTrue_gTrue]
	 Logging test loss: 1.09957e-05 [MSELoss(): t(0,0)_r(0,0)_tennis_pTrue_gTrue]
	 Logging test loss: 1.48198e-05 [MSELoss(): t(0,0)_r(0,0)_semi_pTrue_gTrue]
	 Logging test loss: 9.4643e-06 [MSELoss(): t(0,0)_r(0,0)_combi_pTrue_gTrue]
		--> Epoch time; 60.2559015750885
Epoch 2/9
	 Logging train Loss: 9.4048e-06 [MSELoss(): t(0,0)_r(0,0)_combi_pTrue_gTrue]
	 Logging test loss: 7.3361e-06 [MSELoss(): t(0,0)_r(0,0)_full_pTrue_gTrue]
	 Logging test loss: 7.8386e-06 [MSELoss(): t(0,0)_r(0,0)_tennis_pTrue_gTrue]
	 Logging test loss: 1.07919e-05 [MSELoss(): t(0,0)_r(0,0)_semi_pTrue_gTrue]
	 Logging test loss: 6.8782e-06 [MSELoss(): t(0,0)_r(0,0)_combi_pTrue_gTrue]
		--> Epoch time; 58.42543816566467
Epoch 3/9
	 Logging train Loss: 6.1572e-06 [MSELoss(): t(0,0)_r(0,0)_combi_pTrue_gTrue]
	 Logging test loss: 3.6324e-06 [MSELoss(): t(0,0)_r(0,0)_full_pTrue_gTrue]
	 Logging test loss: 4.1335e-06 [MSELoss(): t(0,0)_r(0,0)_tennis_pTrue_gTrue]
	 Logging test loss: 5.7953e-06 [MSELoss(): t(0,0)_r(0,0)_semi_pTrue_gTrue]
	 Logging test loss: 3.7259e-06 [MSELoss(): t(0,0)_r(0,0)_combi_pTrue_gTrue]
		--> Epoch time; 59.5741925239563
Epoch 4/9
	 Logging train Loss: 2.6837e-06 [MSELoss(): t(0,0)_r(0,0)_combi_pTrue_gTrue]
	 Logging test loss: 1.0517e-06 [MSELoss(): t(0,0)_r(0,0)_full_pTrue_gTrue]
	 Logging test loss: 1.5243e-06 [MSELoss(): t(0,0)_r(0,0)_tennis_pTrue_gTrue]
	 Logging test loss: 2.0432e-06 [MSELoss(): t(0,0)_r(0,0)_semi_pTrue_gTrue]
	 Logging test loss: 1.2083e-06 [MSELoss(): t(0,0)_r(0,0)_combi_pTrue_gTrue]
		--> Epoch time; 59.70482873916626
Epoch 5/9
	 Logging train Loss: 1.5664e-06 [MSELoss(): t(0,0)_r(0,0)_combi_pTrue_gTrue]
	 Logging test loss: 1.9624e-06 [MSELoss(): t(0,0)_r(0,0)_full_pTrue_gTrue]
	 Logging test loss: 9.1766e-06 [MSELoss(): t(0,0)_r(0,0)_tennis_pTrue_gTrue]
	 Logging test loss: 8.8882e-06 [MSELoss(): t(0,0)_r(0,0)_semi_pTrue_gTrue]
	 Logging test loss: 5.2809e-06 [MSELoss(): t(0,0)_r(0,0)_combi_pTrue_gTrue]
		--> Epoch time; 60.08647894859314
Epoch 6/9
	 Logging train Loss: 4.315e-06 [MSELoss(): t(0,0)_r(0,0)_combi_pTrue_gTrue]
	 Logging test loss: 4.949e-07 [MSELoss(): t(0,0)_r(0,0)_full_pTrue_gTrue]
	 Logging test loss: 6.828e-07 [MSELoss(): t(0,0)_r(0,0)_tennis_pTrue_gTrue]
	 Logging test loss: 9.1e-07 [MSELoss(): t(0,0)_r(0,0)_semi_pTrue_gTrue]
	 Logging test loss: 5.542e-07 [MSELoss(): t(0,0)_r(0,0)_combi_pTrue_gTrue]
		--> Epoch time; 60.238590478897095
Epoch 7/9
	 Logging train Loss: 3.2694e-06 [MSELoss(): t(0,0)_r(0,0)_combi_pTrue_gTrue]
	 Logging test loss: 4.202e-07 [MSELoss(): t(0,0)_r(0,0)_full_pTrue_gTrue]
	 Logging test loss: 5.353e-07 [MSELoss(): t(0,0)_r(0,0)_tennis_pTrue_gTrue]
	 Logging test loss: 7.156e-07 [MSELoss(): t(0,0)_r(0,0)_semi_pTrue_gTrue]
	 Logging test loss: 4.545e-07 [MSELoss(): t(0,0)_r(0,0)_combi_pTrue_gTrue]
		--> Epoch time; 60.033732175827026
Epoch 8/9
	 Logging train Loss: 2.5856e-06 [MSELoss(): t(0,0)_r(0,0)_combi_pTrue_gTrue]
	 Logging test loss: 3.602e-07 [MSELoss(): t(0,0)_r(0,0)_full_pTrue_gTrue]
	 Logging test loss: 4.18e-07 [MSELoss(): t(0,0)_r(0,0)_tennis_pTrue_gTrue]
	 Logging test loss: 5.61e-07 [MSELoss(): t(0,0)_r(0,0)_semi_pTrue_gTrue]
	 Logging test loss: 3.699e-07 [MSELoss(): t(0,0)_r(0,0)_combi_pTrue_gTrue]
		--> Epoch time; 60.72215270996094
Epoch 9/9
	 Logging train Loss: 4.0487e-06 [MSELoss(): t(0,0)_r(0,0)_combi_pTrue_gTrue]
	 Logging test loss: 3.153e-07 [MSELoss(): t(0,0)_r(0,0)_full_pTrue_gTrue]
	 Logging test loss: 3.589e-07 [MSELoss(): t(0,0)_r(0,0)_tennis_pTrue_gTrue]
	 Logging test loss: 4.724e-07 [MSELoss(): t(0,0)_r(0,0)_semi_pTrue_gTrue]
	 Logging test loss: 3.166e-07 [MSELoss(): t(0,0)_r(0,0)_combi_pTrue_gTrue]
		--> Epoch time; 60.70562148094177
Saved model in  trained_models/gru/data_t(0,0)_r(0,0)_combi_pTrue_gTrue/'rot_mat_1'_'False'.pth
It took  715.2610335350037  seconds.
----- ITERATION 8/10 ------
Number of train simulations:  1920
Number of test simulations:  480
The dataloader for data/data_t(0,0)_r(0,0)_combi_pTrue_gTrue took 51.47617030143738 seconds.
-- Finished Train Dataloader --
The dataloader for data/data_t(0,0)_r(0,0)_full_pTrue_gTrue took 12.926632165908813 seconds.
The dataloader for data/data_t(0,0)_r(0,0)_tennis_pTrue_gTrue took 12.937374830245972 seconds.
The dataloader for data/data_t(0,0)_r(0,0)_semi_pTrue_gTrue took 12.945579290390015 seconds.
The dataloader for data/data_t(0,0)_r(0,0)_combi_pTrue_gTrue took 12.949103832244873 seconds.
-- Finished Test Dataloader(s) --
GRU(
  (rnn): GRU(12, 96, batch_first=True)
  (fc): Linear(in_features=96, out_features=12, bias=True)
)
Datatype: rot_mat_1
-- Started Training --
Epoch 0/9
	 Logging train Loss: 0.0100538293 [MSELoss(): t(0,0)_r(0,0)_combi_pTrue_gTrue]
	 Logging test loss: 1.29781e-05 [MSELoss(): t(0,0)_r(0,0)_full_pTrue_gTrue]
	 Logging test loss: 2.56713e-05 [MSELoss(): t(0,0)_r(0,0)_tennis_pTrue_gTrue]
	 Logging test loss: 2.39763e-05 [MSELoss(): t(0,0)_r(0,0)_semi_pTrue_gTrue]
	 Logging test loss: 1.74618e-05 [MSELoss(): t(0,0)_r(0,0)_combi_pTrue_gTrue]
		--> Epoch time; 59.67680621147156
Epoch 1/9
	 Logging train Loss: 1.39438e-05 [MSELoss(): t(0,0)_r(0,0)_combi_pTrue_gTrue]
	 Logging test loss: 1.00644e-05 [MSELoss(): t(0,0)_r(0,0)_full_pTrue_gTrue]
	 Logging test loss: 1.5595e-05 [MSELoss(): t(0,0)_r(0,0)_tennis_pTrue_gTrue]
	 Logging test loss: 1.46065e-05 [MSELoss(): t(0,0)_r(0,0)_semi_pTrue_gTrue]
	 Logging test loss: 1.13392e-05 [MSELoss(): t(0,0)_r(0,0)_combi_pTrue_gTrue]
		--> Epoch time; 60.21672010421753
Epoch 2/9
	 Logging train Loss: 9.6307e-06 [MSELoss(): t(0,0)_r(0,0)_combi_pTrue_gTrue]
	 Logging test loss: 7.174e-06 [MSELoss(): t(0,0)_r(0,0)_full_pTrue_gTrue]
	 Logging test loss: 1.09005e-05 [MSELoss(): t(0,0)_r(0,0)_tennis_pTrue_gTrue]
	 Logging test loss: 1.0143e-05 [MSELoss(): t(0,0)_r(0,0)_semi_pTrue_gTrue]
	 Logging test loss: 7.9017e-06 [MSELoss(): t(0,0)_r(0,0)_combi_pTrue_gTrue]
		--> Epoch time; 59.50573420524597
Epoch 3/9
	 Logging train Loss: 6.2051e-06 [MSELoss(): t(0,0)_r(0,0)_combi_pTrue_gTrue]
	 Logging test loss: 4.1512e-06 [MSELoss(): t(0,0)_r(0,0)_full_pTrue_gTrue]
	 Logging test loss: 6.3526e-06 [MSELoss(): t(0,0)_r(0,0)_tennis_pTrue_gTrue]
	 Logging test loss: 5.8688e-06 [MSELoss(): t(0,0)_r(0,0)_semi_pTrue_gTrue]
	 Logging test loss: 4.4403e-06 [MSELoss(): t(0,0)_r(0,0)_combi_pTrue_gTrue]
		--> Epoch time; 59.79244256019592
Epoch 4/9
	 Logging train Loss: 2.9315e-06 [MSELoss(): t(0,0)_r(0,0)_combi_pTrue_gTrue]
	 Logging test loss: 1.185e-06 [MSELoss(): t(0,0)_r(0,0)_full_pTrue_gTrue]
	 Logging test loss: 2.5116e-06 [MSELoss(): t(0,0)_r(0,0)_tennis_pTrue_gTrue]
	 Logging test loss: 2.1182e-06 [MSELoss(): t(0,0)_r(0,0)_semi_pTrue_gTrue]
	 Logging test loss: 1.6032e-06 [MSELoss(): t(0,0)_r(0,0)_combi_pTrue_gTrue]
		--> Epoch time; 60.153876066207886
Epoch 5/9
	 Logging train Loss: 1.1018e-06 [MSELoss(): t(0,0)_r(0,0)_combi_pTrue_gTrue]
	 Logging test loss: 5.312e-07 [MSELoss(): t(0,0)_r(0,0)_full_pTrue_gTrue]
	 Logging test loss: 1.2804e-06 [MSELoss(): t(0,0)_r(0,0)_tennis_pTrue_gTrue]
	 Logging test loss: 1.0389e-06 [MSELoss(): t(0,0)_r(0,0)_semi_pTrue_gTrue]
	 Logging test loss: 7.483e-07 [MSELoss(): t(0,0)_r(0,0)_combi_pTrue_gTrue]
		--> Epoch time; 59.91319394111633
Epoch 6/9
	 Logging train Loss: 7.569e-07 [MSELoss(): t(0,0)_r(0,0)_combi_pTrue_gTrue]
	 Logging test loss: 5.142e-07 [MSELoss(): t(0,0)_r(0,0)_full_pTrue_gTrue]
	 Logging test loss: 1.0426e-06 [MSELoss(): t(0,0)_r(0,0)_tennis_pTrue_gTrue]
	 Logging test loss: 8.672e-07 [MSELoss(): t(0,0)_r(0,0)_semi_pTrue_gTrue]
	 Logging test loss: 6.668e-07 [MSELoss(): t(0,0)_r(0,0)_combi_pTrue_gTrue]
		--> Epoch time; 59.902186155319214
Epoch 7/9
	 Logging train Loss: 6.64e-07 [MSELoss(): t(0,0)_r(0,0)_combi_pTrue_gTrue]
	 Logging test loss: 1.5621e-06 [MSELoss(): t(0,0)_r(0,0)_full_pTrue_gTrue]
wandb: Waiting for W&B process to finish... (success).
wandb: 
wandb: Run history:
wandb:                                      Epoch â–â–‚â–ƒâ–ƒâ–„â–…â–†â–†â–‡â–ˆ
wandb:  Test loss t(0,0)_r(0,0)_combi_pTrue_gTrue â–ˆâ–…â–„â–ƒâ–‚â–â–â–‚â–â–
wandb:   Test loss t(0,0)_r(0,0)_full_pTrue_gTrue â–ˆâ–†â–…â–ƒâ–â–â–â–‚â–â–
wandb:   Test loss t(0,0)_r(0,0)_semi_pTrue_gTrue â–ˆâ–…â–„â–ƒâ–‚â–â–â–â–â–
wandb: Test loss t(0,0)_r(0,0)_tennis_pTrue_gTrue â–ˆâ–…â–„â–ƒâ–‚â–â–â–â–â–
wandb:                                 Train loss â–ˆâ–â–â–â–â–â–â–â–â–
wandb: 
wandb: Run summary:
wandb:                                      Epoch 9
wandb:  Test loss t(0,0)_r(0,0)_combi_pTrue_gTrue 0.0
wandb:   Test loss t(0,0)_r(0,0)_full_pTrue_gTrue 0.0
wandb:   Test loss t(0,0)_r(0,0)_semi_pTrue_gTrue 0.0
wandb: Test loss t(0,0)_r(0,0)_tennis_pTrue_gTrue 0.0
wandb:                                 Train loss 1e-05
wandb: 
wandb: ðŸš€ View run ruby-terrain-960 at: https://wandb.ai/nreints/ThesisFinal2/runs/ugyki1oc
wandb: Synced 6 W&B file(s), 0 media file(s), 3 artifact file(s) and 1 other file(s)
wandb: Find logs at: ./wandb/run-20230709_181701-ugyki1oc/logs
wandb: - Waiting for wandb.init()...wandb: \ Waiting for wandb.init()...wandb: wandb version 0.15.5 is available!  To upgrade, please run:
wandb:  $ pip install wandb --upgrade
wandb: Tracking run with wandb version 0.14.0
wandb: Run data is saved locally in /gpfs/home2/nreints/MScThesis/code/wandb/run-20230709_182853-czjwa1rp
wandb: Run `wandb offline` to turn off syncing.
wandb: Syncing run rich-galaxy-990
wandb: â­ï¸ View project at https://wandb.ai/nreints/ThesisFinal2
wandb: ðŸš€ View run at https://wandb.ai/nreints/ThesisFinal2/runs/czjwa1rp
wandb: Waiting for W&B process to finish... (success).
wandb: 
wandb: Run history:
wandb:                                      Epoch â–â–‚â–ƒâ–ƒâ–„â–…â–†â–†â–‡â–ˆ
wandb:  Test loss t(0,0)_r(0,0)_combi_pTrue_gTrue â–ˆâ–†â–…â–ƒâ–â–â–â–„â–â–
wandb:   Test loss t(0,0)_r(0,0)_full_pTrue_gTrue â–ˆâ–‡â–…â–ƒâ–â–â–â–â–â–
wandb:   Test loss t(0,0)_r(0,0)_semi_pTrue_gTrue â–ˆâ–†â–„â–ƒâ–â–â–â–…â–â–
wandb: Test loss t(0,0)_r(0,0)_tennis_pTrue_gTrue â–ˆâ–†â–„â–ƒâ–â–â–â–…â–â–
wandb:                                 Train loss â–ˆâ–â–â–â–â–â–â–â–â–
wandb: 
wandb: Run summary:
wandb:                                      Epoch 9
wandb:  Test loss t(0,0)_r(0,0)_combi_pTrue_gTrue 0.0
wandb:   Test loss t(0,0)_r(0,0)_full_pTrue_gTrue 0.0
wandb:   Test loss t(0,0)_r(0,0)_semi_pTrue_gTrue 0.0
wandb: Test loss t(0,0)_r(0,0)_tennis_pTrue_gTrue 0.0
wandb:                                 Train loss 1e-05
wandb: 
wandb: ðŸš€ View run rich-galaxy-990 at: https://wandb.ai/nreints/ThesisFinal2/runs/czjwa1rp
wandb: Synced 6 W&B file(s), 0 media file(s), 3 artifact file(s) and 1 other file(s)
wandb: Find logs at: ./wandb/run-20230709_182853-czjwa1rp/logs
wandb: - Waiting for wandb.init()...wandb: \ Waiting for wandb.init()...wandb: wandb version 0.15.5 is available!  To upgrade, please run:
wandb:  $ pip install wandb --upgrade
wandb: Tracking run with wandb version 0.14.0
wandb: Run data is saved locally in /gpfs/home2/nreints/MScThesis/code/wandb/run-20230709_184028-u5rjs0tr
wandb: Run `wandb offline` to turn off syncing.
wandb: Syncing run golden-flower-1020
wandb: â­ï¸ View project at https://wandb.ai/nreints/ThesisFinal2
wandb: ðŸš€ View run at https://wandb.ai/nreints/ThesisFinal2/runs/u5rjs0tr
	 Logging test loss: 1.9593e-06 [MSELoss(): t(0,0)_r(0,0)_tennis_pTrue_gTrue]
	 Logging test loss: 1.8367e-06 [MSELoss(): t(0,0)_r(0,0)_semi_pTrue_gTrue]
	 Logging test loss: 1.6691e-06 [MSELoss(): t(0,0)_r(0,0)_combi_pTrue_gTrue]
		--> Epoch time; 59.909931659698486
Epoch 8/9
	 Logging train Loss: 1.3e-06 [MSELoss(): t(0,0)_r(0,0)_combi_pTrue_gTrue]
	 Logging test loss: 3.274e-07 [MSELoss(): t(0,0)_r(0,0)_full_pTrue_gTrue]
	 Logging test loss: 6.23e-07 [MSELoss(): t(0,0)_r(0,0)_tennis_pTrue_gTrue]
	 Logging test loss: 5.434e-07 [MSELoss(): t(0,0)_r(0,0)_semi_pTrue_gTrue]
	 Logging test loss: 4.11e-07 [MSELoss(): t(0,0)_r(0,0)_combi_pTrue_gTrue]
		--> Epoch time; 59.91396141052246
Epoch 9/9
	 Logging train Loss: 5.2184e-06 [MSELoss(): t(0,0)_r(0,0)_combi_pTrue_gTrue]
	 Logging test loss: 2.834e-07 [MSELoss(): t(0,0)_r(0,0)_full_pTrue_gTrue]
	 Logging test loss: 4.583e-07 [MSELoss(): t(0,0)_r(0,0)_tennis_pTrue_gTrue]
	 Logging test loss: 4.124e-07 [MSELoss(): t(0,0)_r(0,0)_semi_pTrue_gTrue]
	 Logging test loss: 3.196e-07 [MSELoss(): t(0,0)_r(0,0)_combi_pTrue_gTrue]
		--> Epoch time; 59.087077379226685
Saved model in  trained_models/gru/data_t(0,0)_r(0,0)_combi_pTrue_gTrue/'rot_mat_1'_'False'.pth
It took  711.5072450637817  seconds.
----- ITERATION 9/10 ------
Number of train simulations:  1920
Number of test simulations:  480
The dataloader for data/data_t(0,0)_r(0,0)_combi_pTrue_gTrue took 51.6246018409729 seconds.
-- Finished Train Dataloader --
The dataloader for data/data_t(0,0)_r(0,0)_full_pTrue_gTrue took 12.92470383644104 seconds.
The dataloader for data/data_t(0,0)_r(0,0)_tennis_pTrue_gTrue took 12.916382074356079 seconds.
The dataloader for data/data_t(0,0)_r(0,0)_semi_pTrue_gTrue took 12.914844274520874 seconds.
The dataloader for data/data_t(0,0)_r(0,0)_combi_pTrue_gTrue took 12.885131597518921 seconds.
-- Finished Test Dataloader(s) --
GRU(
  (rnn): GRU(12, 96, batch_first=True)
  (fc): Linear(in_features=96, out_features=12, bias=True)
)
Datatype: rot_mat_1
-- Started Training --
Epoch 0/9
	 Logging train Loss: 0.0130644692 [MSELoss(): t(0,0)_r(0,0)_combi_pTrue_gTrue]
	 Logging test loss: 1.2655e-05 [MSELoss(): t(0,0)_r(0,0)_full_pTrue_gTrue]
	 Logging test loss: 3.04424e-05 [MSELoss(): t(0,0)_r(0,0)_tennis_pTrue_gTrue]
	 Logging test loss: 3.03136e-05 [MSELoss(): t(0,0)_r(0,0)_semi_pTrue_gTrue]
	 Logging test loss: 2.37547e-05 [MSELoss(): t(0,0)_r(0,0)_combi_pTrue_gTrue]
		--> Epoch time; 56.80124640464783
Epoch 1/9
	 Logging train Loss: 1.33878e-05 [MSELoss(): t(0,0)_r(0,0)_combi_pTrue_gTrue]
	 Logging test loss: 1.05648e-05 [MSELoss(): t(0,0)_r(0,0)_full_pTrue_gTrue]
	 Logging test loss: 2.04548e-05 [MSELoss(): t(0,0)_r(0,0)_tennis_pTrue_gTrue]
	 Logging test loss: 2.02972e-05 [MSELoss(): t(0,0)_r(0,0)_semi_pTrue_gTrue]
	 Logging test loss: 1.69192e-05 [MSELoss(): t(0,0)_r(0,0)_combi_pTrue_gTrue]
		--> Epoch time; 57.326690435409546
Epoch 2/9
	 Logging train Loss: 9.8101e-06 [MSELoss(): t(0,0)_r(0,0)_combi_pTrue_gTrue]
	 Logging test loss: 8.0444e-06 [MSELoss(): t(0,0)_r(0,0)_full_pTrue_gTrue]
	 Logging test loss: 1.4339e-05 [MSELoss(): t(0,0)_r(0,0)_tennis_pTrue_gTrue]
	 Logging test loss: 1.43218e-05 [MSELoss(): t(0,0)_r(0,0)_semi_pTrue_gTrue]
	 Logging test loss: 1.21325e-05 [MSELoss(): t(0,0)_r(0,0)_combi_pTrue_gTrue]
		--> Epoch time; 56.80106210708618
Epoch 3/9
	 Logging train Loss: 6.4269e-06 [MSELoss(): t(0,0)_r(0,0)_combi_pTrue_gTrue]
	 Logging test loss: 4.2653e-06 [MSELoss(): t(0,0)_r(0,0)_full_pTrue_gTrue]
	 Logging test loss: 7.8132e-06 [MSELoss(): t(0,0)_r(0,0)_tennis_pTrue_gTrue]
	 Logging test loss: 7.7079e-06 [MSELoss(): t(0,0)_r(0,0)_semi_pTrue_gTrue]
	 Logging test loss: 6.6715e-06 [MSELoss(): t(0,0)_r(0,0)_combi_pTrue_gTrue]
		--> Epoch time; 57.08418869972229
Epoch 4/9
	 Logging train Loss: 2.6721e-06 [MSELoss(): t(0,0)_r(0,0)_combi_pTrue_gTrue]
	 Logging test loss: 9.363e-07 [MSELoss(): t(0,0)_r(0,0)_full_pTrue_gTrue]
	 Logging test loss: 2.2044e-06 [MSELoss(): t(0,0)_r(0,0)_tennis_pTrue_gTrue]
	 Logging test loss: 2.0928e-06 [MSELoss(): t(0,0)_r(0,0)_semi_pTrue_gTrue]
	 Logging test loss: 1.7669e-06 [MSELoss(): t(0,0)_r(0,0)_combi_pTrue_gTrue]
		--> Epoch time; 57.24768090248108
Epoch 5/9
	 Logging train Loss: 1.9173e-06 [MSELoss(): t(0,0)_r(0,0)_combi_pTrue_gTrue]
	 Logging test loss: 4.34e-07 [MSELoss(): t(0,0)_r(0,0)_full_pTrue_gTrue]
	 Logging test loss: 1.1049e-06 [MSELoss(): t(0,0)_r(0,0)_tennis_pTrue_gTrue]
	 Logging test loss: 1.0357e-06 [MSELoss(): t(0,0)_r(0,0)_semi_pTrue_gTrue]
	 Logging test loss: 8.35e-07 [MSELoss(): t(0,0)_r(0,0)_combi_pTrue_gTrue]
		--> Epoch time; 57.810776472091675
Epoch 6/9
	 Logging train Loss: 3.3638e-06 [MSELoss(): t(0,0)_r(0,0)_combi_pTrue_gTrue]
	 Logging test loss: 3.748e-07 [MSELoss(): t(0,0)_r(0,0)_full_pTrue_gTrue]
	 Logging test loss: 8.504e-07 [MSELoss(): t(0,0)_r(0,0)_tennis_pTrue_gTrue]
	 Logging test loss: 8.106e-07 [MSELoss(): t(0,0)_r(0,0)_semi_pTrue_gTrue]
	 Logging test loss: 6.586e-07 [MSELoss(): t(0,0)_r(0,0)_combi_pTrue_gTrue]
		--> Epoch time; 57.41748929023743
Epoch 7/9
	 Logging train Loss: 4.6562e-06 [MSELoss(): t(0,0)_r(0,0)_combi_pTrue_gTrue]
	 Logging test loss: 9.608e-07 [MSELoss(): t(0,0)_r(0,0)_full_pTrue_gTrue]
	 Logging test loss: 1.57266e-05 [MSELoss(): t(0,0)_r(0,0)_tennis_pTrue_gTrue]
	 Logging test loss: 1.58146e-05 [MSELoss(): t(0,0)_r(0,0)_semi_pTrue_gTrue]
	 Logging test loss: 9.3261e-06 [MSELoss(): t(0,0)_r(0,0)_combi_pTrue_gTrue]
		--> Epoch time; 57.68098735809326
Epoch 8/9
	 Logging train Loss: 3.7949e-06 [MSELoss(): t(0,0)_r(0,0)_combi_pTrue_gTrue]
	 Logging test loss: 3.214e-07 [MSELoss(): t(0,0)_r(0,0)_full_pTrue_gTrue]
	 Logging test loss: 6.175e-07 [MSELoss(): t(0,0)_r(0,0)_tennis_pTrue_gTrue]
	 Logging test loss: 5.981e-07 [MSELoss(): t(0,0)_r(0,0)_semi_pTrue_gTrue]
	 Logging test loss: 5.005e-07 [MSELoss(): t(0,0)_r(0,0)_combi_pTrue_gTrue]
		--> Epoch time; 57.914517641067505
Epoch 9/9
	 Logging train Loss: 6.4244e-06 [MSELoss(): t(0,0)_r(0,0)_combi_pTrue_gTrue]
	 Logging test loss: 2.497e-07 [MSELoss(): t(0,0)_r(0,0)_full_pTrue_gTrue]
	 Logging test loss: 1.1881e-06 [MSELoss(): t(0,0)_r(0,0)_tennis_pTrue_gTrue]
	 Logging test loss: 1.1229e-06 [MSELoss(): t(0,0)_r(0,0)_semi_pTrue_gTrue]
	 Logging test loss: 8.001e-07 [MSELoss(): t(0,0)_r(0,0)_combi_pTrue_gTrue]
		--> Epoch time; 58.80061149597168
Saved model in  trained_models/gru/data_t(0,0)_r(0,0)_combi_pTrue_gTrue/'rot_mat_1'_'False'.pth
It took  694.7485871315002  seconds.
----- ITERATION 10/10 ------
Number of train simulations:  1920
Number of test simulations:  480
The dataloader for data/data_t(0,0)_r(0,0)_combi_pTrue_gTrue took 51.51165056228638 seconds.
-- Finished Train Dataloader --
The dataloader for data/data_t(0,0)_r(0,0)_full_pTrue_gTrue took 12.867605686187744 seconds.
The dataloader for data/data_t(0,0)_r(0,0)_tennis_pTrue_gTrue took 12.935484647750854 seconds.
The dataloader for data/data_t(0,0)_r(0,0)_semi_pTrue_gTrue took 12.85362458229065 seconds.
The dataloader for data/data_t(0,0)_r(0,0)_combi_pTrue_gTrue took 12.876878499984741 seconds.
-- Finished Test Dataloader(s) --
GRU(
  (rnn): GRU(12, 96, batch_first=True)
  (fc): Linear(in_features=96, out_features=12, bias=True)
)
Datatype: rot_mat_1
-- Started Training --
Epoch 0/9
	 Logging train Loss: 0.0096196337 [MSELoss(): t(0,0)_r(0,0)_combi_pTrue_gTrue]
	 Logging test loss: 1.32234e-05 [MSELoss(): t(0,0)_r(0,0)_full_pTrue_gTrue]
	 Logging test loss: 8.31479e-05 [MSELoss(): t(0,0)_r(0,0)_tennis_pTrue_gTrue]
	 Logging test loss: 7.46207e-05 [MSELoss(): t(0,0)_r(0,0)_semi_pTrue_gTrue]
	 Logging test loss: 3.92822e-05 [MSELoss(): t(0,0)_r(0,0)_combi_pTrue_gTrue]
		--> Epoch time; 58.62144112586975
Epoch 1/9
	 Logging train Loss: 2.70628e-05 [MSELoss(): t(0,0)_r(0,0)_combi_pTrue_gTrue]
	 Logging test loss: 1.0413e-05 [MSELoss(): t(0,0)_r(0,0)_full_pTrue_gTrue]
	 Logging test loss: 2.95622e-05 [MSELoss(): t(0,0)_r(0,0)_tennis_pTrue_gTrue]
	 Logging test loss: 2.63011e-05 [MSELoss(): t(0,0)_r(0,0)_semi_pTrue_gTrue]
	 Logging test loss: 1.37882e-05 [MSELoss(): t(0,0)_r(0,0)_combi_pTrue_gTrue]
		--> Epoch time; 59.297436237335205
Epoch 2/9
wandb: Waiting for W&B process to finish... (success).
wandb: 
wandb: Run history:
wandb:                                      Epoch â–â–‚â–ƒâ–ƒâ–„â–…â–†â–†â–‡â–ˆ
wandb:  Test loss t(0,0)_r(0,0)_combi_pTrue_gTrue â–ˆâ–ƒâ–‚â–‚â–â–â–â–â–†â–‚
wandb:   Test loss t(0,0)_r(0,0)_full_pTrue_gTrue â–ˆâ–†â–…â–„â–‚â–â–â–â–†â–
wandb:   Test loss t(0,0)_r(0,0)_semi_pTrue_gTrue â–ˆâ–ƒâ–‚â–‚â–â–â–â–â–†â–‚
wandb: Test loss t(0,0)_r(0,0)_tennis_pTrue_gTrue â–ˆâ–ƒâ–‚â–‚â–â–â–â–â–†â–‚
wandb:                                 Train loss â–ˆâ–â–â–â–â–â–â–â–â–
wandb: 
wandb: Run summary:
wandb:                                      Epoch 9
wandb:  Test loss t(0,0)_r(0,0)_combi_pTrue_gTrue 1e-05
wandb:   Test loss t(0,0)_r(0,0)_full_pTrue_gTrue 0.0
wandb:   Test loss t(0,0)_r(0,0)_semi_pTrue_gTrue 1e-05
wandb: Test loss t(0,0)_r(0,0)_tennis_pTrue_gTrue 2e-05
wandb:                                 Train loss 0.0
wandb: 
wandb: ðŸš€ View run golden-flower-1020 at: https://wandb.ai/nreints/ThesisFinal2/runs/u5rjs0tr
wandb: Synced 6 W&B file(s), 0 media file(s), 3 artifact file(s) and 1 other file(s)
wandb: Find logs at: ./wandb/run-20230709_184028-u5rjs0tr/logs
	 Logging train Loss: 1.3779e-05 [MSELoss(): t(0,0)_r(0,0)_combi_pTrue_gTrue]
	 Logging test loss: 7.8739e-06 [MSELoss(): t(0,0)_r(0,0)_full_pTrue_gTrue]
	 Logging test loss: 1.81957e-05 [MSELoss(): t(0,0)_r(0,0)_tennis_pTrue_gTrue]
	 Logging test loss: 1.57362e-05 [MSELoss(): t(0,0)_r(0,0)_semi_pTrue_gTrue]
	 Logging test loss: 8.5692e-06 [MSELoss(): t(0,0)_r(0,0)_combi_pTrue_gTrue]
		--> Epoch time; 59.29798412322998
Epoch 3/9
	 Logging train Loss: 9.4073e-06 [MSELoss(): t(0,0)_r(0,0)_combi_pTrue_gTrue]
	 Logging test loss: 5.7391e-06 [MSELoss(): t(0,0)_r(0,0)_full_pTrue_gTrue]
	 Logging test loss: 1.19204e-05 [MSELoss(): t(0,0)_r(0,0)_tennis_pTrue_gTrue]
	 Logging test loss: 1.04465e-05 [MSELoss(): t(0,0)_r(0,0)_semi_pTrue_gTrue]
	 Logging test loss: 5.5182e-06 [MSELoss(): t(0,0)_r(0,0)_combi_pTrue_gTrue]
		--> Epoch time; 59.08504390716553
Epoch 4/9
	 Logging train Loss: 5.5318e-06 [MSELoss(): t(0,0)_r(0,0)_combi_pTrue_gTrue]
	 Logging test loss: 2.7159e-06 [MSELoss(): t(0,0)_r(0,0)_full_pTrue_gTrue]
	 Logging test loss: 5.6999e-06 [MSELoss(): t(0,0)_r(0,0)_tennis_pTrue_gTrue]
	 Logging test loss: 4.9524e-06 [MSELoss(): t(0,0)_r(0,0)_semi_pTrue_gTrue]
	 Logging test loss: 2.6313e-06 [MSELoss(): t(0,0)_r(0,0)_combi_pTrue_gTrue]
		--> Epoch time; 59.27317810058594
Epoch 5/9
	 Logging train Loss: 2.129e-06 [MSELoss(): t(0,0)_r(0,0)_combi_pTrue_gTrue]
	 Logging test loss: 7.769e-07 [MSELoss(): t(0,0)_r(0,0)_full_pTrue_gTrue]
	 Logging test loss: 1.9647e-06 [MSELoss(): t(0,0)_r(0,0)_tennis_pTrue_gTrue]
	 Logging test loss: 1.5956e-06 [MSELoss(): t(0,0)_r(0,0)_semi_pTrue_gTrue]
	 Logging test loss: 8.834e-07 [MSELoss(): t(0,0)_r(0,0)_combi_pTrue_gTrue]
		--> Epoch time; 59.66670346260071
Epoch 6/9
	 Logging train Loss: 2.051e-06 [MSELoss(): t(0,0)_r(0,0)_combi_pTrue_gTrue]
	 Logging test loss: 5.242e-07 [MSELoss(): t(0,0)_r(0,0)_full_pTrue_gTrue]
	 Logging test loss: 1.2007e-06 [MSELoss(): t(0,0)_r(0,0)_tennis_pTrue_gTrue]
	 Logging test loss: 9.811e-07 [MSELoss(): t(0,0)_r(0,0)_semi_pTrue_gTrue]
	 Logging test loss: 5.422e-07 [MSELoss(): t(0,0)_r(0,0)_combi_pTrue_gTrue]
		--> Epoch time; 59.505512714385986
Epoch 7/9
	 Logging train Loss: 5.0078e-06 [MSELoss(): t(0,0)_r(0,0)_combi_pTrue_gTrue]
	 Logging test loss: 4.487e-07 [MSELoss(): t(0,0)_r(0,0)_full_pTrue_gTrue]
	 Logging test loss: 9.245e-07 [MSELoss(): t(0,0)_r(0,0)_tennis_pTrue_gTrue]
	 Logging test loss: 7.794e-07 [MSELoss(): t(0,0)_r(0,0)_semi_pTrue_gTrue]
	 Logging test loss: 4.257e-07 [MSELoss(): t(0,0)_r(0,0)_combi_pTrue_gTrue]
		--> Epoch time; 59.62129044532776
Epoch 8/9
	 Logging train Loss: 7.3637e-06 [MSELoss(): t(0,0)_r(0,0)_combi_pTrue_gTrue]
	 Logging test loss: 1.04451e-05 [MSELoss(): t(0,0)_r(0,0)_full_pTrue_gTrue]
	 Logging test loss: 5.40514e-05 [MSELoss(): t(0,0)_r(0,0)_tennis_pTrue_gTrue]
	 Logging test loss: 5.06138e-05 [MSELoss(): t(0,0)_r(0,0)_semi_pTrue_gTrue]
	 Logging test loss: 2.98494e-05 [MSELoss(): t(0,0)_r(0,0)_combi_pTrue_gTrue]
		--> Epoch time; 58.17590880393982
Epoch 9/9
	 Logging train Loss: 4.2031e-06 [MSELoss(): t(0,0)_r(0,0)_combi_pTrue_gTrue]
	 Logging test loss: 8.063e-07 [MSELoss(): t(0,0)_r(0,0)_full_pTrue_gTrue]
	 Logging test loss: 1.53118e-05 [MSELoss(): t(0,0)_r(0,0)_tennis_pTrue_gTrue]
	 Logging test loss: 1.46794e-05 [MSELoss(): t(0,0)_r(0,0)_semi_pTrue_gTrue]
	 Logging test loss: 7.2552e-06 [MSELoss(): t(0,0)_r(0,0)_combi_pTrue_gTrue]
		--> Epoch time; 60.26934337615967
Saved model in  trained_models/gru/data_t(0,0)_r(0,0)_combi_pTrue_gTrue/'rot_mat_1'_'False'.pth
It took  709.6971364021301  seconds.

JOB STATISTICS
==============
Job ID: 3037731
Array Job ID: 3037727_32
Cluster: snellius
User/Group: nreints/nreints
State: RUNNING
Nodes: 1
Cores per node: 18
CPU Utilized: 00:00:00
CPU Efficiency: 0.00% of 1-11:39:36 core-walltime
Job Wall-clock time: 01:58:52
Memory Utilized: 0.00 MB (estimated maximum)
Memory Efficiency: 0.00% of 0.00 MB (0.00 MB/node)
WARNING: Efficiency statistics may be misleading for RUNNING jobs.
