wandb: Currently logged in as: nreints. Use `wandb login --relogin` to force relogin
wandb: wandb version 0.15.5 is available!  To upgrade, please run:
wandb:  $ pip install wandb --upgrade
wandb: Tracking run with wandb version 0.14.0
wandb: Run data is saved locally in /gpfs/home2/nreints/MScThesis/code/wandb/run-20230716_125117-8qfht8h0
wandb: Run `wandb offline` to turn off syncing.
wandb: Syncing run silvery-bee-32
wandb: â­ï¸ View project at https://wandb.ai/nreints/ThesisFinal2Grav%2Bcoll
wandb: ðŸš€ View run at https://wandb.ai/nreints/ThesisFinal2Grav%2Bcoll/runs/8qfht8h0
wandb: Waiting for W&B process to finish... (success).
wandb: 
wandb: Run history:
wandb:                                      Epoch â–â–‚â–ƒâ–ƒâ–„â–…â–†â–†â–‡â–ˆ
wandb:  Test loss t(0,0)_r(0,0)_combi_pTrue_gTrue â–„â–‚â–„â–â–ƒâ–ƒâ–ˆâ–â–â–
wandb:   Test loss t(0,0)_r(0,0)_full_pTrue_gTrue â–‡â–‚â–„â–‚â–„â–„â–ˆâ–â–â–‚
wandb:   Test loss t(0,0)_r(0,0)_semi_pTrue_gTrue â–ƒâ–‚â–„â–â–ƒâ–ƒâ–ˆâ–â–â–
wandb: Test loss t(0,0)_r(0,0)_tennis_pTrue_gTrue â–„â–‚â–„â–‚â–ƒâ–ƒâ–ˆâ–â–â–
wandb:                                 Train loss â–ˆâ–â–â–â–â–â–â–â–â–
wandb: 
wandb: Run summary:
wandb:                                      Epoch 9
wandb:  Test loss t(0,0)_r(0,0)_combi_pTrue_gTrue 0.0
wandb:   Test loss t(0,0)_r(0,0)_full_pTrue_gTrue 0.0
wandb:   Test loss t(0,0)_r(0,0)_semi_pTrue_gTrue 0.0
wandb: Test loss t(0,0)_r(0,0)_tennis_pTrue_gTrue 0.0
wandb:                                 Train loss 0.0
wandb: 
wandb: ðŸš€ View run silvery-bee-32 at: https://wandb.ai/nreints/ThesisFinal2Grav%2Bcoll/runs/8qfht8h0
wandb: Synced 6 W&B file(s), 0 media file(s), 1 artifact file(s) and 1 other file(s)
wandb: Find logs at: ./wandb/run-20230716_125117-8qfht8h0/logs
wandb: - Waiting for wandb.init()...wandb: \ Waiting for wandb.init()...wandb: wandb version 0.15.5 is available!  To upgrade, please run:
wandb:  $ pip install wandb --upgrade
wandb: Tracking run with wandb version 0.14.0
wandb: Run data is saved locally in /gpfs/home2/nreints/MScThesis/code/wandb/run-20230716_125851-rfbyrx5d
wandb: Run `wandb offline` to turn off syncing.
wandb: Syncing run solar-thunder-58
wandb: â­ï¸ View project at https://wandb.ai/nreints/ThesisFinal2Grav%2Bcoll
wandb: ðŸš€ View run at https://wandb.ai/nreints/ThesisFinal2Grav%2Bcoll/runs/rfbyrx5d
Training on dataset: data_t(0,0)_r(0,0)_combi_pTrue_gTrue
Testing on 4 datasets: ['data_t(0,0)_r(0,0)_combi_pTrue_gTrue', 'data_t(0,0)_r(0,0)_tennis_pTrue_gTrue', 'data_t(0,0)_r(0,0)_full_pTrue_gTrue', 'data_t(0,0)_r(0,0)_semi_pTrue_gTrue']
Focussing on identity: True
Using extra input: False
Using fr-fr as reference point.
----- ITERATION 1/10 ------
Number of train simulations:  1920
Number of test simulations:  480
The dataloader for data/data_t(0,0)_r(0,0)_combi_pTrue_gTrue took 51.37175512313843 seconds.
-- Finished Train Dataloader --
The dataloader for data/data_t(0,0)_r(0,0)_combi_pTrue_gTrue took 12.85340142250061 seconds.
The dataloader for data/data_t(0,0)_r(0,0)_tennis_pTrue_gTrue took 12.86243224143982 seconds.
The dataloader for data/data_t(0,0)_r(0,0)_full_pTrue_gTrue took 12.46575117111206 seconds.
The dataloader for data/data_t(0,0)_r(0,0)_semi_pTrue_gTrue took 12.514422178268433 seconds.
-- Finished Test Dataloader(s) --
GRU(
  (rnn): GRU(8, 96, batch_first=True)
  (fc): Linear(in_features=96, out_features=8, bias=True)
)
Datatype: dual_quat_1
-- Started Training --
Epoch 0/9
	 Logging train Loss: 0.0002466517 [MSELoss(): t(0,0)_r(0,0)_combi_pTrue_gTrue]
	 Logging test loss: 1.1857e-06 [MSELoss(): t(0,0)_r(0,0)_combi_pTrue_gTrue]
	 Logging test loss: 2.8412e-06 [MSELoss(): t(0,0)_r(0,0)_tennis_pTrue_gTrue]
	 Logging test loss: 1.65e-07 [MSELoss(): t(0,0)_r(0,0)_full_pTrue_gTrue]
	 Logging test loss: 1.8286e-06 [MSELoss(): t(0,0)_r(0,0)_semi_pTrue_gTrue]
		--> Epoch time; 35.23698854446411
Epoch 1/9
	 Logging train Loss: 7.046e-07 [MSELoss(): t(0,0)_r(0,0)_combi_pTrue_gTrue]
	 Logging test loss: 5.028e-07 [MSELoss(): t(0,0)_r(0,0)_combi_pTrue_gTrue]
	 Logging test loss: 1.1814e-06 [MSELoss(): t(0,0)_r(0,0)_tennis_pTrue_gTrue]
	 Logging test loss: 4.24e-08 [MSELoss(): t(0,0)_r(0,0)_full_pTrue_gTrue]
	 Logging test loss: 8.306e-07 [MSELoss(): t(0,0)_r(0,0)_semi_pTrue_gTrue]
		--> Epoch time; 33.88411903381348
Epoch 2/9
	 Logging train Loss: 6.827e-07 [MSELoss(): t(0,0)_r(0,0)_combi_pTrue_gTrue]
	 Logging test loss: 1.1771e-06 [MSELoss(): t(0,0)_r(0,0)_combi_pTrue_gTrue]
	 Logging test loss: 2.4915e-06 [MSELoss(): t(0,0)_r(0,0)_tennis_pTrue_gTrue]
	 Logging test loss: 8.03e-08 [MSELoss(): t(0,0)_r(0,0)_full_pTrue_gTrue]
	 Logging test loss: 2.0348e-06 [MSELoss(): t(0,0)_r(0,0)_semi_pTrue_gTrue]
		--> Epoch time; 33.833484411239624
Epoch 3/9
	 Logging train Loss: 1.5653e-06 [MSELoss(): t(0,0)_r(0,0)_combi_pTrue_gTrue]
	 Logging test loss: 2.562e-07 [MSELoss(): t(0,0)_r(0,0)_combi_pTrue_gTrue]
	 Logging test loss: 6.141e-07 [MSELoss(): t(0,0)_r(0,0)_tennis_pTrue_gTrue]
	 Logging test loss: 2.15e-08 [MSELoss(): t(0,0)_r(0,0)_full_pTrue_gTrue]
	 Logging test loss: 4.128e-07 [MSELoss(): t(0,0)_r(0,0)_semi_pTrue_gTrue]
		--> Epoch time; 33.59107184410095
Epoch 4/9
	 Logging train Loss: 1.4787e-06 [MSELoss(): t(0,0)_r(0,0)_combi_pTrue_gTrue]
	 Logging test loss: 8.38e-07 [MSELoss(): t(0,0)_r(0,0)_combi_pTrue_gTrue]
	 Logging test loss: 1.7437e-06 [MSELoss(): t(0,0)_r(0,0)_tennis_pTrue_gTrue]
	 Logging test loss: 8.89e-08 [MSELoss(): t(0,0)_r(0,0)_full_pTrue_gTrue]
	 Logging test loss: 1.4632e-06 [MSELoss(): t(0,0)_r(0,0)_semi_pTrue_gTrue]
		--> Epoch time; 34.00173997879028
Epoch 5/9
	 Logging train Loss: 2.2293e-06 [MSELoss(): t(0,0)_r(0,0)_combi_pTrue_gTrue]
	 Logging test loss: 9.191e-07 [MSELoss(): t(0,0)_r(0,0)_combi_pTrue_gTrue]
	 Logging test loss: 1.8981e-06 [MSELoss(): t(0,0)_r(0,0)_tennis_pTrue_gTrue]
	 Logging test loss: 7.41e-08 [MSELoss(): t(0,0)_r(0,0)_full_pTrue_gTrue]
	 Logging test loss: 1.542e-06 [MSELoss(): t(0,0)_r(0,0)_semi_pTrue_gTrue]
		--> Epoch time; 34.02942109107971
Epoch 6/9
	 Logging train Loss: 1.2827e-06 [MSELoss(): t(0,0)_r(0,0)_combi_pTrue_gTrue]
	 Logging test loss: 2.9809e-06 [MSELoss(): t(0,0)_r(0,0)_combi_pTrue_gTrue]
	 Logging test loss: 5.9087e-06 [MSELoss(): t(0,0)_r(0,0)_tennis_pTrue_gTrue]
	 Logging test loss: 1.817e-07 [MSELoss(): t(0,0)_r(0,0)_full_pTrue_gTrue]
	 Logging test loss: 5.0934e-06 [MSELoss(): t(0,0)_r(0,0)_semi_pTrue_gTrue]
		--> Epoch time; 33.709341526031494
Epoch 7/9
	 Logging train Loss: 1.1968e-06 [MSELoss(): t(0,0)_r(0,0)_combi_pTrue_gTrue]
	 Logging test loss: 7.9e-08 [MSELoss(): t(0,0)_r(0,0)_combi_pTrue_gTrue]
	 Logging test loss: 1.645e-07 [MSELoss(): t(0,0)_r(0,0)_tennis_pTrue_gTrue]
	 Logging test loss: 1.49e-08 [MSELoss(): t(0,0)_r(0,0)_full_pTrue_gTrue]
	 Logging test loss: 1.234e-07 [MSELoss(): t(0,0)_r(0,0)_semi_pTrue_gTrue]
		--> Epoch time; 33.659939765930176
Epoch 8/9
	 Logging train Loss: 1.2219e-06 [MSELoss(): t(0,0)_r(0,0)_combi_pTrue_gTrue]
	 Logging test loss: 5.58e-08 [MSELoss(): t(0,0)_r(0,0)_combi_pTrue_gTrue]
	 Logging test loss: 1.157e-07 [MSELoss(): t(0,0)_r(0,0)_tennis_pTrue_gTrue]
	 Logging test loss: 9.2e-09 [MSELoss(): t(0,0)_r(0,0)_full_pTrue_gTrue]
	 Logging test loss: 8.93e-08 [MSELoss(): t(0,0)_r(0,0)_semi_pTrue_gTrue]
		--> Epoch time; 33.457186222076416
Epoch 9/9
	 Logging train Loss: 6.145e-07 [MSELoss(): t(0,0)_r(0,0)_combi_pTrue_gTrue]
	 Logging test loss: 6.67e-08 [MSELoss(): t(0,0)_r(0,0)_combi_pTrue_gTrue]
	 Logging test loss: 1.175e-07 [MSELoss(): t(0,0)_r(0,0)_tennis_pTrue_gTrue]
	 Logging test loss: 2.5e-08 [MSELoss(): t(0,0)_r(0,0)_full_pTrue_gTrue]
	 Logging test loss: 9.89e-08 [MSELoss(): t(0,0)_r(0,0)_semi_pTrue_gTrue]
		--> Epoch time; 33.6646203994751
Saved model in  trained_models/gru/data_t(0,0)_r(0,0)_combi_pTrue_gTrue/'dual_quat_1'_'False'.pth
It took  454.115021944046  seconds.
----- ITERATION 2/10 ------
Number of train simulations:  1920
Number of test simulations:  480
The dataloader for data/data_t(0,0)_r(0,0)_combi_pTrue_gTrue took 47.45585894584656 seconds.
-- Finished Train Dataloader --
The dataloader for data/data_t(0,0)_r(0,0)_combi_pTrue_gTrue took 11.886513471603394 seconds.
The dataloader for data/data_t(0,0)_r(0,0)_tennis_pTrue_gTrue took 12.064194440841675 seconds.
The dataloader for data/data_t(0,0)_r(0,0)_full_pTrue_gTrue took 12.096595764160156 seconds.
The dataloader for data/data_t(0,0)_r(0,0)_semi_pTrue_gTrue took 12.083188533782959 seconds.
-- Finished Test Dataloader(s) --
GRU(
  (rnn): GRU(8, 96, batch_first=True)
  (fc): Linear(in_features=96, out_features=8, bias=True)
)
Datatype: dual_quat_1
-- Started Training --
Epoch 0/9
	 Logging train Loss: 9.53266e-05 [MSELoss(): t(0,0)_r(0,0)_combi_pTrue_gTrue]
	 Logging test loss: 7.087e-07 [MSELoss(): t(0,0)_r(0,0)_combi_pTrue_gTrue]
	 Logging test loss: 1.7174e-06 [MSELoss(): t(0,0)_r(0,0)_tennis_pTrue_gTrue]
	 Logging test loss: 1.173e-07 [MSELoss(): t(0,0)_r(0,0)_full_pTrue_gTrue]
	 Logging test loss: 1.2735e-06 [MSELoss(): t(0,0)_r(0,0)_semi_pTrue_gTrue]
		--> Epoch time; 34.12703990936279
Epoch 1/9
	 Logging train Loss: 1.3071e-06 [MSELoss(): t(0,0)_r(0,0)_combi_pTrue_gTrue]
	 Logging test loss: 3.268e-07 [MSELoss(): t(0,0)_r(0,0)_combi_pTrue_gTrue]
	 Logging test loss: 8.409e-07 [MSELoss(): t(0,0)_r(0,0)_tennis_pTrue_gTrue]
	 Logging test loss: 3.54e-08 [MSELoss(): t(0,0)_r(0,0)_full_pTrue_gTrue]
	 Logging test loss: 6.042e-07 [MSELoss(): t(0,0)_r(0,0)_semi_pTrue_gTrue]
		--> Epoch time; 34.05731201171875
Epoch 2/9
	 Logging train Loss: 1.4226e-06 [MSELoss(): t(0,0)_r(0,0)_combi_pTrue_gTrue]
	 Logging test loss: 1.919e-07 [MSELoss(): t(0,0)_r(0,0)_combi_pTrue_gTrue]
	 Logging test loss: 4.832e-07 [MSELoss(): t(0,0)_r(0,0)_tennis_pTrue_gTrue]
	 Logging test loss: 2.08e-08 [MSELoss(): t(0,0)_r(0,0)_full_pTrue_gTrue]
	 Logging test loss: 3.558e-07 [MSELoss(): t(0,0)_r(0,0)_semi_pTrue_gTrue]
		--> Epoch time; 34.061277866363525
Epoch 3/9
	 Logging train Loss: 1.8419e-06 [MSELoss(): t(0,0)_r(0,0)_combi_pTrue_gTrue]
	 Logging test loss: 1.1e-07 [MSELoss(): t(0,0)_r(0,0)_combi_pTrue_gTrue]
	 Logging test loss: 2.59e-07 [MSELoss(): t(0,0)_r(0,0)_tennis_pTrue_gTrue]
	 Logging test loss: 1.3e-08 [MSELoss(): t(0,0)_r(0,0)_full_pTrue_gTrue]
	 Logging test loss: 2.064e-07 [MSELoss(): t(0,0)_r(0,0)_semi_pTrue_gTrue]
		--> Epoch time; 33.91768741607666
Epoch 4/9
	 Logging train Loss: 1.3403e-06 [MSELoss(): t(0,0)_r(0,0)_combi_pTrue_gTrue]
	 Logging test loss: 7.35e-08 [MSELoss(): t(0,0)_r(0,0)_combi_pTrue_gTrue]
wandb: Waiting for W&B process to finish... (success).
wandb: 
wandb: Run history:
wandb:                                      Epoch â–â–‚â–ƒâ–ƒâ–„â–…â–†â–†â–‡â–ˆ
wandb:  Test loss t(0,0)_r(0,0)_combi_pTrue_gTrue â–…â–ƒâ–‚â–â–â–â–â–â–â–ˆ
wandb:   Test loss t(0,0)_r(0,0)_full_pTrue_gTrue â–…â–‚â–â–â–â–‚â–‚â–â–â–ˆ
wandb:   Test loss t(0,0)_r(0,0)_semi_pTrue_gTrue â–…â–ƒâ–‚â–â–â–â–â–â–â–ˆ
wandb: Test loss t(0,0)_r(0,0)_tennis_pTrue_gTrue â–†â–ƒâ–‚â–‚â–â–â–â–â–â–ˆ
wandb:                                 Train loss â–ˆâ–â–â–â–â–â–â–â–â–
wandb: 
wandb: Run summary:
wandb:                                      Epoch 9
wandb:  Test loss t(0,0)_r(0,0)_combi_pTrue_gTrue 0.0
wandb:   Test loss t(0,0)_r(0,0)_full_pTrue_gTrue 0.0
wandb:   Test loss t(0,0)_r(0,0)_semi_pTrue_gTrue 0.0
wandb: Test loss t(0,0)_r(0,0)_tennis_pTrue_gTrue 0.0
wandb:                                 Train loss 0.0
wandb: 
wandb: ðŸš€ View run solar-thunder-58 at: https://wandb.ai/nreints/ThesisFinal2Grav%2Bcoll/runs/rfbyrx5d
wandb: Synced 7 W&B file(s), 0 media file(s), 1 artifact file(s) and 1 other file(s)
wandb: Find logs at: ./wandb/run-20230716_125851-rfbyrx5d/logs
wandb: - Waiting for wandb.init()...wandb: \ Waiting for wandb.init()...wandb: wandb version 0.15.5 is available!  To upgrade, please run:
wandb:  $ pip install wandb --upgrade
wandb: Tracking run with wandb version 0.14.0
wandb: Run data is saved locally in /gpfs/home2/nreints/MScThesis/code/wandb/run-20230716_130618-1ez1jz8v
wandb: Run `wandb offline` to turn off syncing.
wandb: Syncing run royal-valley-97
wandb: â­ï¸ View project at https://wandb.ai/nreints/ThesisFinal2Grav%2Bcoll
wandb: ðŸš€ View run at https://wandb.ai/nreints/ThesisFinal2Grav%2Bcoll/runs/1ez1jz8v
wandb: Waiting for W&B process to finish... (success).
wandb: 
wandb: Run history:
wandb:                                      Epoch â–â–‚â–ƒâ–ƒâ–„â–…â–†â–†â–‡â–ˆ
wandb:  Test loss t(0,0)_r(0,0)_combi_pTrue_gTrue â–ˆâ–‚â–‚â–‚â–‚â–†â–‚â–ƒâ–…â–
wandb:   Test loss t(0,0)_r(0,0)_full_pTrue_gTrue â–ƒâ–â–â–â–â–‚â–â–ƒâ–ˆâ–
wandb:   Test loss t(0,0)_r(0,0)_semi_pTrue_gTrue â–ˆâ–‚â–‚â–‚â–‚â–ˆâ–ƒâ–„â–…â–
wandb: Test loss t(0,0)_r(0,0)_tennis_pTrue_gTrue â–ˆâ–‚â–‚â–‚â–‚â–…â–‚â–ƒâ–ƒâ–
wandb:                                 Train loss â–ˆâ–â–â–â–â–â–â–â–â–
wandb: 
wandb: Run summary:
wandb:                                      Epoch 9
wandb:  Test loss t(0,0)_r(0,0)_combi_pTrue_gTrue 0.0
wandb:   Test loss t(0,0)_r(0,0)_full_pTrue_gTrue 0.0
wandb:   Test loss t(0,0)_r(0,0)_semi_pTrue_gTrue 0.0
wandb: Test loss t(0,0)_r(0,0)_tennis_pTrue_gTrue 0.0
wandb:                                 Train loss 0.0
wandb: 
wandb: ðŸš€ View run royal-valley-97 at: https://wandb.ai/nreints/ThesisFinal2Grav%2Bcoll/runs/1ez1jz8v
wandb: Synced 7 W&B file(s), 0 media file(s), 1 artifact file(s) and 1 other file(s)
wandb: Find logs at: ./wandb/run-20230716_130618-1ez1jz8v/logs
wandb: - Waiting for wandb.init()...wandb: \ Waiting for wandb.init()...wandb: wandb version 0.15.5 is available!  To upgrade, please run:
wandb:  $ pip install wandb --upgrade
wandb: Tracking run with wandb version 0.14.0
wandb: Run data is saved locally in /gpfs/home2/nreints/MScThesis/code/wandb/run-20230716_131344-qoq2388t
wandb: Run `wandb offline` to turn off syncing.
wandb: Syncing run resilient-tree-130
wandb: â­ï¸ View project at https://wandb.ai/nreints/ThesisFinal2Grav%2Bcoll
wandb: ðŸš€ View run at https://wandb.ai/nreints/ThesisFinal2Grav%2Bcoll/runs/qoq2388t
	 Logging test loss: 1.609e-07 [MSELoss(): t(0,0)_r(0,0)_tennis_pTrue_gTrue]
	 Logging test loss: 1.07e-08 [MSELoss(): t(0,0)_r(0,0)_full_pTrue_gTrue]
	 Logging test loss: 1.372e-07 [MSELoss(): t(0,0)_r(0,0)_semi_pTrue_gTrue]
		--> Epoch time; 33.987207651138306
Epoch 5/9
	 Logging train Loss: 9.75e-07 [MSELoss(): t(0,0)_r(0,0)_combi_pTrue_gTrue]
	 Logging test loss: 1.213e-07 [MSELoss(): t(0,0)_r(0,0)_combi_pTrue_gTrue]
	 Logging test loss: 2.162e-07 [MSELoss(): t(0,0)_r(0,0)_tennis_pTrue_gTrue]
	 Logging test loss: 4.7e-08 [MSELoss(): t(0,0)_r(0,0)_full_pTrue_gTrue]
	 Logging test loss: 1.951e-07 [MSELoss(): t(0,0)_r(0,0)_semi_pTrue_gTrue]
		--> Epoch time; 33.7932243347168
Epoch 6/9
	 Logging train Loss: 7.517e-07 [MSELoss(): t(0,0)_r(0,0)_combi_pTrue_gTrue]
	 Logging test loss: 1.127e-07 [MSELoss(): t(0,0)_r(0,0)_combi_pTrue_gTrue]
	 Logging test loss: 2.211e-07 [MSELoss(): t(0,0)_r(0,0)_tennis_pTrue_gTrue]
	 Logging test loss: 2.55e-08 [MSELoss(): t(0,0)_r(0,0)_full_pTrue_gTrue]
	 Logging test loss: 2.014e-07 [MSELoss(): t(0,0)_r(0,0)_semi_pTrue_gTrue]
		--> Epoch time; 33.910515546798706
Epoch 7/9
	 Logging train Loss: 7.44e-07 [MSELoss(): t(0,0)_r(0,0)_combi_pTrue_gTrue]
	 Logging test loss: 6.51e-08 [MSELoss(): t(0,0)_r(0,0)_combi_pTrue_gTrue]
	 Logging test loss: 1.198e-07 [MSELoss(): t(0,0)_r(0,0)_tennis_pTrue_gTrue]
	 Logging test loss: 2.06e-08 [MSELoss(): t(0,0)_r(0,0)_full_pTrue_gTrue]
	 Logging test loss: 1.103e-07 [MSELoss(): t(0,0)_r(0,0)_semi_pTrue_gTrue]
		--> Epoch time; 33.91224908828735
Epoch 8/9
	 Logging train Loss: 7.114e-07 [MSELoss(): t(0,0)_r(0,0)_combi_pTrue_gTrue]
	 Logging test loss: 5.07e-08 [MSELoss(): t(0,0)_r(0,0)_combi_pTrue_gTrue]
	 Logging test loss: 1.008e-07 [MSELoss(): t(0,0)_r(0,0)_tennis_pTrue_gTrue]
	 Logging test loss: 9.8e-09 [MSELoss(): t(0,0)_r(0,0)_full_pTrue_gTrue]
	 Logging test loss: 9.22e-08 [MSELoss(): t(0,0)_r(0,0)_semi_pTrue_gTrue]
		--> Epoch time; 33.88606882095337
Epoch 9/9
	 Logging train Loss: 5.55e-07 [MSELoss(): t(0,0)_r(0,0)_combi_pTrue_gTrue]
	 Logging test loss: 1.1126e-06 [MSELoss(): t(0,0)_r(0,0)_combi_pTrue_gTrue]
	 Logging test loss: 2.2657e-06 [MSELoss(): t(0,0)_r(0,0)_tennis_pTrue_gTrue]
	 Logging test loss: 1.854e-07 [MSELoss(): t(0,0)_r(0,0)_full_pTrue_gTrue]
	 Logging test loss: 2.0485e-06 [MSELoss(): t(0,0)_r(0,0)_semi_pTrue_gTrue]
		--> Epoch time; 34.05197834968567
Saved model in  trained_models/gru/data_t(0,0)_r(0,0)_combi_pTrue_gTrue/'dual_quat_1'_'False'.pth
It took  447.26855850219727  seconds.
----- ITERATION 3/10 ------
Number of train simulations:  1920
Number of test simulations:  480
The dataloader for data/data_t(0,0)_r(0,0)_combi_pTrue_gTrue took 47.093029737472534 seconds.
-- Finished Train Dataloader --
The dataloader for data/data_t(0,0)_r(0,0)_combi_pTrue_gTrue took 11.879148721694946 seconds.
The dataloader for data/data_t(0,0)_r(0,0)_tennis_pTrue_gTrue took 12.029395818710327 seconds.
The dataloader for data/data_t(0,0)_r(0,0)_full_pTrue_gTrue took 12.082825660705566 seconds.
The dataloader for data/data_t(0,0)_r(0,0)_semi_pTrue_gTrue took 12.057713031768799 seconds.
-- Finished Test Dataloader(s) --
GRU(
  (rnn): GRU(8, 96, batch_first=True)
  (fc): Linear(in_features=96, out_features=8, bias=True)
)
Datatype: dual_quat_1
-- Started Training --
Epoch 0/9
	 Logging train Loss: 0.0004280618 [MSELoss(): t(0,0)_r(0,0)_combi_pTrue_gTrue]
	 Logging test loss: 3.4467e-06 [MSELoss(): t(0,0)_r(0,0)_combi_pTrue_gTrue]
	 Logging test loss: 8.2173e-06 [MSELoss(): t(0,0)_r(0,0)_tennis_pTrue_gTrue]
	 Logging test loss: 2.94e-07 [MSELoss(): t(0,0)_r(0,0)_full_pTrue_gTrue]
	 Logging test loss: 4.3301e-06 [MSELoss(): t(0,0)_r(0,0)_semi_pTrue_gTrue]
		--> Epoch time; 33.89459586143494
Epoch 1/9
	 Logging train Loss: 1.2342e-06 [MSELoss(): t(0,0)_r(0,0)_combi_pTrue_gTrue]
	 Logging test loss: 7.376e-07 [MSELoss(): t(0,0)_r(0,0)_combi_pTrue_gTrue]
	 Logging test loss: 1.6645e-06 [MSELoss(): t(0,0)_r(0,0)_tennis_pTrue_gTrue]
	 Logging test loss: 5.85e-08 [MSELoss(): t(0,0)_r(0,0)_full_pTrue_gTrue]
	 Logging test loss: 1.0158e-06 [MSELoss(): t(0,0)_r(0,0)_semi_pTrue_gTrue]
		--> Epoch time; 34.23407053947449
Epoch 2/9
	 Logging train Loss: 6.525e-07 [MSELoss(): t(0,0)_r(0,0)_combi_pTrue_gTrue]
	 Logging test loss: 5.131e-07 [MSELoss(): t(0,0)_r(0,0)_combi_pTrue_gTrue]
	 Logging test loss: 1.2112e-06 [MSELoss(): t(0,0)_r(0,0)_tennis_pTrue_gTrue]
	 Logging test loss: 3.19e-08 [MSELoss(): t(0,0)_r(0,0)_full_pTrue_gTrue]
	 Logging test loss: 7.19e-07 [MSELoss(): t(0,0)_r(0,0)_semi_pTrue_gTrue]
		--> Epoch time; 34.086986780166626
Epoch 3/9
	 Logging train Loss: 1.3031e-06 [MSELoss(): t(0,0)_r(0,0)_combi_pTrue_gTrue]
	 Logging test loss: 4.25e-07 [MSELoss(): t(0,0)_r(0,0)_combi_pTrue_gTrue]
	 Logging test loss: 1.0041e-06 [MSELoss(): t(0,0)_r(0,0)_tennis_pTrue_gTrue]
	 Logging test loss: 2.86e-08 [MSELoss(): t(0,0)_r(0,0)_full_pTrue_gTrue]
	 Logging test loss: 6.036e-07 [MSELoss(): t(0,0)_r(0,0)_semi_pTrue_gTrue]
		--> Epoch time; 33.87227725982666
Epoch 4/9
	 Logging train Loss: 1.756e-06 [MSELoss(): t(0,0)_r(0,0)_combi_pTrue_gTrue]
	 Logging test loss: 3.243e-07 [MSELoss(): t(0,0)_r(0,0)_combi_pTrue_gTrue]
	 Logging test loss: 7.654e-07 [MSELoss(): t(0,0)_r(0,0)_tennis_pTrue_gTrue]
	 Logging test loss: 2.27e-08 [MSELoss(): t(0,0)_r(0,0)_full_pTrue_gTrue]
	 Logging test loss: 4.591e-07 [MSELoss(): t(0,0)_r(0,0)_semi_pTrue_gTrue]
		--> Epoch time; 33.91527962684631
Epoch 5/9
	 Logging train Loss: 1.6781e-06 [MSELoss(): t(0,0)_r(0,0)_combi_pTrue_gTrue]
	 Logging test loss: 2.4999e-06 [MSELoss(): t(0,0)_r(0,0)_combi_pTrue_gTrue]
	 Logging test loss: 5.02e-06 [MSELoss(): t(0,0)_r(0,0)_tennis_pTrue_gTrue]
	 Logging test loss: 1.937e-07 [MSELoss(): t(0,0)_r(0,0)_full_pTrue_gTrue]
	 Logging test loss: 4.5772e-06 [MSELoss(): t(0,0)_r(0,0)_semi_pTrue_gTrue]
		--> Epoch time; 34.06082844734192
Epoch 6/9
	 Logging train Loss: 1.7117e-06 [MSELoss(): t(0,0)_r(0,0)_combi_pTrue_gTrue]
	 Logging test loss: 6.87e-07 [MSELoss(): t(0,0)_r(0,0)_combi_pTrue_gTrue]
	 Logging test loss: 1.3839e-06 [MSELoss(): t(0,0)_r(0,0)_tennis_pTrue_gTrue]
	 Logging test loss: 4.99e-08 [MSELoss(): t(0,0)_r(0,0)_full_pTrue_gTrue]
	 Logging test loss: 1.2097e-06 [MSELoss(): t(0,0)_r(0,0)_semi_pTrue_gTrue]
		--> Epoch time; 34.567962646484375
Epoch 7/9
	 Logging train Loss: 1.818e-06 [MSELoss(): t(0,0)_r(0,0)_combi_pTrue_gTrue]
	 Logging test loss: 1.1387e-06 [MSELoss(): t(0,0)_r(0,0)_combi_pTrue_gTrue]
	 Logging test loss: 2.0471e-06 [MSELoss(): t(0,0)_r(0,0)_tennis_pTrue_gTrue]
	 Logging test loss: 2.804e-07 [MSELoss(): t(0,0)_r(0,0)_full_pTrue_gTrue]
	 Logging test loss: 1.9513e-06 [MSELoss(): t(0,0)_r(0,0)_semi_pTrue_gTrue]
		--> Epoch time; 34.24512052536011
Epoch 8/9
	 Logging train Loss: 1.0863e-06 [MSELoss(): t(0,0)_r(0,0)_combi_pTrue_gTrue]
	 Logging test loss: 1.8763e-06 [MSELoss(): t(0,0)_r(0,0)_combi_pTrue_gTrue]
	 Logging test loss: 2.8839e-06 [MSELoss(): t(0,0)_r(0,0)_tennis_pTrue_gTrue]
	 Logging test loss: 9.629e-07 [MSELoss(): t(0,0)_r(0,0)_full_pTrue_gTrue]
	 Logging test loss: 2.684e-06 [MSELoss(): t(0,0)_r(0,0)_semi_pTrue_gTrue]
		--> Epoch time; 34.044130086898804
Epoch 9/9
	 Logging train Loss: 2.2167e-06 [MSELoss(): t(0,0)_r(0,0)_combi_pTrue_gTrue]
	 Logging test loss: 7.82e-08 [MSELoss(): t(0,0)_r(0,0)_combi_pTrue_gTrue]
	 Logging test loss: 1.561e-07 [MSELoss(): t(0,0)_r(0,0)_tennis_pTrue_gTrue]
	 Logging test loss: 8.3e-09 [MSELoss(): t(0,0)_r(0,0)_full_pTrue_gTrue]
	 Logging test loss: 1.131e-07 [MSELoss(): t(0,0)_r(0,0)_semi_pTrue_gTrue]
		--> Epoch time; 33.82725286483765
Saved model in  trained_models/gru/data_t(0,0)_r(0,0)_combi_pTrue_gTrue/'dual_quat_1'_'False'.pth
It took  446.16241359710693  seconds.
----- ITERATION 4/10 ------
Number of train simulations:  1920
Number of test simulations:  480
The dataloader for data/data_t(0,0)_r(0,0)_combi_pTrue_gTrue took 47.54684638977051 seconds.
-- Finished Train Dataloader --
The dataloader for data/data_t(0,0)_r(0,0)_combi_pTrue_gTrue took 11.91254997253418 seconds.
The dataloader for data/data_t(0,0)_r(0,0)_tennis_pTrue_gTrue took 11.96571135520935 seconds.
wandb: Waiting for W&B process to finish... (success).
wandb: 
wandb: Run history:
wandb:                                      Epoch â–â–‚â–ƒâ–ƒâ–„â–…â–†â–†â–‡â–ˆ
wandb:  Test loss t(0,0)_r(0,0)_combi_pTrue_gTrue â–…â–‚â–‚â–ˆâ–‚â–„â–‚â–â–â–
wandb:   Test loss t(0,0)_r(0,0)_full_pTrue_gTrue â–‡â–‚â–â–ˆâ–ƒâ–ƒâ–ƒâ–â–‚â–‚
wandb:   Test loss t(0,0)_r(0,0)_semi_pTrue_gTrue â–…â–‚â–‚â–ˆâ–‚â–„â–‚â–â–â–
wandb: Test loss t(0,0)_r(0,0)_tennis_pTrue_gTrue â–†â–‚â–‚â–ˆâ–‚â–„â–‚â–â–â–
wandb:                                 Train loss â–ˆâ–â–â–â–â–â–â–â–â–
wandb: 
wandb: Run summary:
wandb:                                      Epoch 9
wandb:  Test loss t(0,0)_r(0,0)_combi_pTrue_gTrue 0.0
wandb:   Test loss t(0,0)_r(0,0)_full_pTrue_gTrue 0.0
wandb:   Test loss t(0,0)_r(0,0)_semi_pTrue_gTrue 0.0
wandb: Test loss t(0,0)_r(0,0)_tennis_pTrue_gTrue 0.0
wandb:                                 Train loss 0.0
wandb: 
wandb: ðŸš€ View run resilient-tree-130 at: https://wandb.ai/nreints/ThesisFinal2Grav%2Bcoll/runs/qoq2388t
wandb: Synced 7 W&B file(s), 0 media file(s), 4 artifact file(s) and 1 other file(s)
wandb: Find logs at: ./wandb/run-20230716_131344-qoq2388t/logs
wandb: - Waiting for wandb.init()...wandb: \ Waiting for wandb.init()...wandb: wandb version 0.15.5 is available!  To upgrade, please run:
wandb:  $ pip install wandb --upgrade
wandb: Tracking run with wandb version 0.14.0
wandb: Run data is saved locally in /gpfs/home2/nreints/MScThesis/code/wandb/run-20230716_132112-27iq33vm
wandb: Run `wandb offline` to turn off syncing.
wandb: Syncing run divine-brook-166
wandb: â­ï¸ View project at https://wandb.ai/nreints/ThesisFinal2Grav%2Bcoll
wandb: ðŸš€ View run at https://wandb.ai/nreints/ThesisFinal2Grav%2Bcoll/runs/27iq33vm
The dataloader for data/data_t(0,0)_r(0,0)_full_pTrue_gTrue took 12.01997685432434 seconds.
The dataloader for data/data_t(0,0)_r(0,0)_semi_pTrue_gTrue took 12.059211730957031 seconds.
-- Finished Test Dataloader(s) --
GRU(
  (rnn): GRU(8, 96, batch_first=True)
  (fc): Linear(in_features=96, out_features=8, bias=True)
)
Datatype: dual_quat_1
-- Started Training --
Epoch 0/9
	 Logging train Loss: 0.0003314952 [MSELoss(): t(0,0)_r(0,0)_combi_pTrue_gTrue]
	 Logging test loss: 1.878e-06 [MSELoss(): t(0,0)_r(0,0)_combi_pTrue_gTrue]
	 Logging test loss: 3.8173e-06 [MSELoss(): t(0,0)_r(0,0)_tennis_pTrue_gTrue]
	 Logging test loss: 2.678e-07 [MSELoss(): t(0,0)_r(0,0)_full_pTrue_gTrue]
	 Logging test loss: 3.2412e-06 [MSELoss(): t(0,0)_r(0,0)_semi_pTrue_gTrue]
		--> Epoch time; 34.152629375457764
Epoch 1/9
	 Logging train Loss: 1.0468e-06 [MSELoss(): t(0,0)_r(0,0)_combi_pTrue_gTrue]
	 Logging test loss: 5.902e-07 [MSELoss(): t(0,0)_r(0,0)_combi_pTrue_gTrue]
	 Logging test loss: 1.1903e-06 [MSELoss(): t(0,0)_r(0,0)_tennis_pTrue_gTrue]
	 Logging test loss: 7.07e-08 [MSELoss(): t(0,0)_r(0,0)_full_pTrue_gTrue]
	 Logging test loss: 1.0336e-06 [MSELoss(): t(0,0)_r(0,0)_semi_pTrue_gTrue]
		--> Epoch time; 33.772061347961426
Epoch 2/9
	 Logging train Loss: 8.605e-07 [MSELoss(): t(0,0)_r(0,0)_combi_pTrue_gTrue]
	 Logging test loss: 3.772e-07 [MSELoss(): t(0,0)_r(0,0)_combi_pTrue_gTrue]
	 Logging test loss: 8.037e-07 [MSELoss(): t(0,0)_r(0,0)_tennis_pTrue_gTrue]
	 Logging test loss: 3.19e-08 [MSELoss(): t(0,0)_r(0,0)_full_pTrue_gTrue]
	 Logging test loss: 7.045e-07 [MSELoss(): t(0,0)_r(0,0)_semi_pTrue_gTrue]
		--> Epoch time; 33.958942890167236
Epoch 3/9
	 Logging train Loss: 8.448e-07 [MSELoss(): t(0,0)_r(0,0)_combi_pTrue_gTrue]
	 Logging test loss: 3.0229e-06 [MSELoss(): t(0,0)_r(0,0)_combi_pTrue_gTrue]
	 Logging test loss: 5.7516e-06 [MSELoss(): t(0,0)_r(0,0)_tennis_pTrue_gTrue]
	 Logging test loss: 3.349e-07 [MSELoss(): t(0,0)_r(0,0)_full_pTrue_gTrue]
	 Logging test loss: 5.8523e-06 [MSELoss(): t(0,0)_r(0,0)_semi_pTrue_gTrue]
		--> Epoch time; 34.21235108375549
Epoch 4/9
	 Logging train Loss: 1.3114e-06 [MSELoss(): t(0,0)_r(0,0)_combi_pTrue_gTrue]
	 Logging test loss: 5.267e-07 [MSELoss(): t(0,0)_r(0,0)_combi_pTrue_gTrue]
	 Logging test loss: 1.0242e-06 [MSELoss(): t(0,0)_r(0,0)_tennis_pTrue_gTrue]
	 Logging test loss: 8.17e-08 [MSELoss(): t(0,0)_r(0,0)_full_pTrue_gTrue]
	 Logging test loss: 9.963e-07 [MSELoss(): t(0,0)_r(0,0)_semi_pTrue_gTrue]
		--> Epoch time; 33.931164264678955
Epoch 5/9
	 Logging train Loss: 1.317e-06 [MSELoss(): t(0,0)_r(0,0)_combi_pTrue_gTrue]
	 Logging test loss: 1.4124e-06 [MSELoss(): t(0,0)_r(0,0)_combi_pTrue_gTrue]
	 Logging test loss: 2.7575e-06 [MSELoss(): t(0,0)_r(0,0)_tennis_pTrue_gTrue]
	 Logging test loss: 8.74e-08 [MSELoss(): t(0,0)_r(0,0)_full_pTrue_gTrue]
	 Logging test loss: 2.8888e-06 [MSELoss(): t(0,0)_r(0,0)_semi_pTrue_gTrue]
		--> Epoch time; 33.80447816848755
Epoch 6/9
	 Logging train Loss: 1.2623e-06 [MSELoss(): t(0,0)_r(0,0)_combi_pTrue_gTrue]
	 Logging test loss: 3.687e-07 [MSELoss(): t(0,0)_r(0,0)_combi_pTrue_gTrue]
	 Logging test loss: 6.987e-07 [MSELoss(): t(0,0)_r(0,0)_tennis_pTrue_gTrue]
	 Logging test loss: 8.03e-08 [MSELoss(): t(0,0)_r(0,0)_full_pTrue_gTrue]
	 Logging test loss: 6.546e-07 [MSELoss(): t(0,0)_r(0,0)_semi_pTrue_gTrue]
		--> Epoch time; 33.68113613128662
Epoch 7/9
	 Logging train Loss: 1.1487e-06 [MSELoss(): t(0,0)_r(0,0)_combi_pTrue_gTrue]
	 Logging test loss: 9.33e-08 [MSELoss(): t(0,0)_r(0,0)_combi_pTrue_gTrue]
	 Logging test loss: 1.875e-07 [MSELoss(): t(0,0)_r(0,0)_tennis_pTrue_gTrue]
	 Logging test loss: 9.9e-09 [MSELoss(): t(0,0)_r(0,0)_full_pTrue_gTrue]
	 Logging test loss: 1.658e-07 [MSELoss(): t(0,0)_r(0,0)_semi_pTrue_gTrue]
		--> Epoch time; 34.337990045547485
Epoch 8/9
	 Logging train Loss: 9.256e-07 [MSELoss(): t(0,0)_r(0,0)_combi_pTrue_gTrue]
	 Logging test loss: 2.655e-07 [MSELoss(): t(0,0)_r(0,0)_combi_pTrue_gTrue]
	 Logging test loss: 4.489e-07 [MSELoss(): t(0,0)_r(0,0)_tennis_pTrue_gTrue]
	 Logging test loss: 7.68e-08 [MSELoss(): t(0,0)_r(0,0)_full_pTrue_gTrue]
	 Logging test loss: 4.426e-07 [MSELoss(): t(0,0)_r(0,0)_semi_pTrue_gTrue]
		--> Epoch time; 33.992743730545044
Epoch 9/9
	 Logging train Loss: 8.653e-07 [MSELoss(): t(0,0)_r(0,0)_combi_pTrue_gTrue]
	 Logging test loss: 1.94e-07 [MSELoss(): t(0,0)_r(0,0)_combi_pTrue_gTrue]
	 Logging test loss: 3.469e-07 [MSELoss(): t(0,0)_r(0,0)_tennis_pTrue_gTrue]
	 Logging test loss: 3.76e-08 [MSELoss(): t(0,0)_r(0,0)_full_pTrue_gTrue]
	 Logging test loss: 3.571e-07 [MSELoss(): t(0,0)_r(0,0)_semi_pTrue_gTrue]
		--> Epoch time; 34.023144483566284
Saved model in  trained_models/gru/data_t(0,0)_r(0,0)_combi_pTrue_gTrue/'dual_quat_1'_'False'.pth
It took  448.1410884857178  seconds.
----- ITERATION 5/10 ------
Number of train simulations:  1920
Number of test simulations:  480
The dataloader for data/data_t(0,0)_r(0,0)_combi_pTrue_gTrue took 47.511003494262695 seconds.
-- Finished Train Dataloader --
The dataloader for data/data_t(0,0)_r(0,0)_combi_pTrue_gTrue took 11.848917484283447 seconds.
The dataloader for data/data_t(0,0)_r(0,0)_tennis_pTrue_gTrue took 11.979204893112183 seconds.
The dataloader for data/data_t(0,0)_r(0,0)_full_pTrue_gTrue took 11.95357370376587 seconds.
The dataloader for data/data_t(0,0)_r(0,0)_semi_pTrue_gTrue took 11.958335399627686 seconds.
-- Finished Test Dataloader(s) --
GRU(
  (rnn): GRU(8, 96, batch_first=True)
  (fc): Linear(in_features=96, out_features=8, bias=True)
)
Datatype: dual_quat_1
-- Started Training --
Epoch 0/9
	 Logging train Loss: 0.0003613476 [MSELoss(): t(0,0)_r(0,0)_combi_pTrue_gTrue]
	 Logging test loss: 2.5243e-06 [MSELoss(): t(0,0)_r(0,0)_combi_pTrue_gTrue]
	 Logging test loss: 7.5924e-06 [MSELoss(): t(0,0)_r(0,0)_tennis_pTrue_gTrue]
	 Logging test loss: 2.725e-07 [MSELoss(): t(0,0)_r(0,0)_full_pTrue_gTrue]
	 Logging test loss: 4.2457e-06 [MSELoss(): t(0,0)_r(0,0)_semi_pTrue_gTrue]
		--> Epoch time; 34.02558398246765
Epoch 1/9
	 Logging train Loss: 1.1824e-06 [MSELoss(): t(0,0)_r(0,0)_combi_pTrue_gTrue]
	 Logging test loss: 6.155e-07 [MSELoss(): t(0,0)_r(0,0)_combi_pTrue_gTrue]
	 Logging test loss: 1.782e-06 [MSELoss(): t(0,0)_r(0,0)_tennis_pTrue_gTrue]
	 Logging test loss: 6.41e-08 [MSELoss(): t(0,0)_r(0,0)_full_pTrue_gTrue]
	 Logging test loss: 1.0445e-06 [MSELoss(): t(0,0)_r(0,0)_semi_pTrue_gTrue]
		--> Epoch time; 33.846718072891235
Epoch 2/9
	 Logging train Loss: 5.282e-07 [MSELoss(): t(0,0)_r(0,0)_combi_pTrue_gTrue]
	 Logging test loss: 4.322e-07 [MSELoss(): t(0,0)_r(0,0)_combi_pTrue_gTrue]
	 Logging test loss: 1.2835e-06 [MSELoss(): t(0,0)_r(0,0)_tennis_pTrue_gTrue]
	 Logging test loss: 3.69e-08 [MSELoss(): t(0,0)_r(0,0)_full_pTrue_gTrue]
	 Logging test loss: 7.526e-07 [MSELoss(): t(0,0)_r(0,0)_semi_pTrue_gTrue]
		--> Epoch time; 34.19385552406311
Epoch 3/9
	 Logging train Loss: 8.44e-07 [MSELoss(): t(0,0)_r(0,0)_combi_pTrue_gTrue]
	 Logging test loss: 3.459e-07 [MSELoss(): t(0,0)_r(0,0)_combi_pTrue_gTrue]
	 Logging test loss: 1.0266e-06 [MSELoss(): t(0,0)_r(0,0)_tennis_pTrue_gTrue]
	 Logging test loss: 3.33e-08 [MSELoss(): t(0,0)_r(0,0)_full_pTrue_gTrue]
	 Logging test loss: 5.941e-07 [MSELoss(): t(0,0)_r(0,0)_semi_pTrue_gTrue]
		--> Epoch time; 33.72417688369751
Epoch 4/9
	 Logging train Loss: 1.1296e-06 [MSELoss(): t(0,0)_r(0,0)_combi_pTrue_gTrue]
	 Logging test loss: 4.22e-07 [MSELoss(): t(0,0)_r(0,0)_combi_pTrue_gTrue]
	 Logging test loss: 1.0501e-06 [MSELoss(): t(0,0)_r(0,0)_tennis_pTrue_gTrue]
	 Logging test loss: 3.65e-08 [MSELoss(): t(0,0)_r(0,0)_full_pTrue_gTrue]
	 Logging test loss: 7.118e-07 [MSELoss(): t(0,0)_r(0,0)_semi_pTrue_gTrue]
		--> Epoch time; 34.185697078704834
Epoch 5/9
	 Logging train Loss: 1.4022e-06 [MSELoss(): t(0,0)_r(0,0)_combi_pTrue_gTrue]
	 Logging test loss: 1.4719e-06 [MSELoss(): t(0,0)_r(0,0)_combi_pTrue_gTrue]
	 Logging test loss: 2.6407e-06 [MSELoss(): t(0,0)_r(0,0)_tennis_pTrue_gTrue]
	 Logging test loss: 1.943e-07 [MSELoss(): t(0,0)_r(0,0)_full_pTrue_gTrue]
	 Logging test loss: 2.4164e-06 [MSELoss(): t(0,0)_r(0,0)_semi_pTrue_gTrue]
		--> Epoch time; 34.100947856903076
Epoch 6/9
wandb: Waiting for W&B process to finish... (success).
wandb: 
wandb: Run history:
wandb:                                      Epoch â–â–‚â–ƒâ–ƒâ–„â–…â–†â–†â–‡â–ˆ
wandb:  Test loss t(0,0)_r(0,0)_combi_pTrue_gTrue â–ˆâ–ƒâ–‚â–‚â–‚â–…â–â–â–â–
wandb:   Test loss t(0,0)_r(0,0)_full_pTrue_gTrue â–ˆâ–‚â–‚â–‚â–‚â–†â–â–â–‚â–ƒ
wandb:   Test loss t(0,0)_r(0,0)_semi_pTrue_gTrue â–ˆâ–ƒâ–‚â–‚â–‚â–…â–â–â–â–
wandb: Test loss t(0,0)_r(0,0)_tennis_pTrue_gTrue â–ˆâ–‚â–‚â–‚â–‚â–ƒâ–â–â–â–
wandb:                                 Train loss â–ˆâ–â–â–â–â–â–â–â–â–
wandb: 
wandb: Run summary:
wandb:                                      Epoch 9
wandb:  Test loss t(0,0)_r(0,0)_combi_pTrue_gTrue 0.0
wandb:   Test loss t(0,0)_r(0,0)_full_pTrue_gTrue 0.0
wandb:   Test loss t(0,0)_r(0,0)_semi_pTrue_gTrue 0.0
wandb: Test loss t(0,0)_r(0,0)_tennis_pTrue_gTrue 0.0
wandb:                                 Train loss 0.0
wandb: 
wandb: ðŸš€ View run divine-brook-166 at: https://wandb.ai/nreints/ThesisFinal2Grav%2Bcoll/runs/27iq33vm
wandb: Synced 7 W&B file(s), 0 media file(s), 4 artifact file(s) and 1 other file(s)
wandb: Find logs at: ./wandb/run-20230716_132112-27iq33vm/logs
wandb: - Waiting for wandb.init()...wandb: \ Waiting for wandb.init()...wandb: | Waiting for wandb.init()...wandb: wandb version 0.15.5 is available!  To upgrade, please run:
wandb:  $ pip install wandb --upgrade
wandb: Tracking run with wandb version 0.14.0
wandb: Run data is saved locally in /gpfs/home2/nreints/MScThesis/code/wandb/run-20230716_132840-h5d1189r
wandb: Run `wandb offline` to turn off syncing.
wandb: Syncing run curious-firebrand-204
wandb: â­ï¸ View project at https://wandb.ai/nreints/ThesisFinal2Grav%2Bcoll
wandb: ðŸš€ View run at https://wandb.ai/nreints/ThesisFinal2Grav%2Bcoll/runs/h5d1189r
wandb: Waiting for W&B process to finish... (success).
wandb: 
wandb: Run history:
wandb:                                      Epoch â–â–‚â–ƒâ–ƒâ–„â–…â–†â–†â–‡â–ˆ
wandb:  Test loss t(0,0)_r(0,0)_combi_pTrue_gTrue â–ˆâ–ƒâ–„â–‚â–â–ˆâ–â–‚â–â–†
wandb:   Test loss t(0,0)_r(0,0)_full_pTrue_gTrue â–…â–‚â–ˆâ–‚â–â–ƒâ–â–‚â–â–ˆ
wandb:   Test loss t(0,0)_r(0,0)_semi_pTrue_gTrue â–ˆâ–ƒâ–ƒâ–‚â–â–‡â–â–‚â–â–…
wandb: Test loss t(0,0)_r(0,0)_tennis_pTrue_gTrue â–ˆâ–ƒâ–ƒâ–‚â–‚â–†â–â–‚â–â–„
wandb:                                 Train loss â–ˆâ–â–â–â–â–â–â–â–â–
wandb: 
wandb: Run summary:
wandb:                                      Epoch 9
wandb:  Test loss t(0,0)_r(0,0)_combi_pTrue_gTrue 0.0
wandb:   Test loss t(0,0)_r(0,0)_full_pTrue_gTrue 0.0
wandb:   Test loss t(0,0)_r(0,0)_semi_pTrue_gTrue 0.0
wandb: Test loss t(0,0)_r(0,0)_tennis_pTrue_gTrue 0.0
wandb:                                 Train loss 0.0
wandb: 
wandb: ðŸš€ View run curious-firebrand-204 at: https://wandb.ai/nreints/ThesisFinal2Grav%2Bcoll/runs/h5d1189r
wandb: Synced 7 W&B file(s), 0 media file(s), 4 artifact file(s) and 1 other file(s)
wandb: Find logs at: ./wandb/run-20230716_132840-h5d1189r/logs
wandb: - Waiting for wandb.init()...wandb: \ Waiting for wandb.init()...wandb: wandb version 0.15.5 is available!  To upgrade, please run:
wandb:  $ pip install wandb --upgrade
wandb: Tracking run with wandb version 0.14.0
wandb: Run data is saved locally in /gpfs/home2/nreints/MScThesis/code/wandb/run-20230716_133608-cdg2ha05
wandb: Run `wandb offline` to turn off syncing.
wandb: Syncing run devout-morning-235
wandb: â­ï¸ View project at https://wandb.ai/nreints/ThesisFinal2Grav%2Bcoll
wandb: ðŸš€ View run at https://wandb.ai/nreints/ThesisFinal2Grav%2Bcoll/runs/cdg2ha05
	 Logging train Loss: 1.5918e-06 [MSELoss(): t(0,0)_r(0,0)_combi_pTrue_gTrue]
	 Logging test loss: 1.375e-07 [MSELoss(): t(0,0)_r(0,0)_combi_pTrue_gTrue]
	 Logging test loss: 3.743e-07 [MSELoss(): t(0,0)_r(0,0)_tennis_pTrue_gTrue]
	 Logging test loss: 1.45e-08 [MSELoss(): t(0,0)_r(0,0)_full_pTrue_gTrue]
	 Logging test loss: 2.284e-07 [MSELoss(): t(0,0)_r(0,0)_semi_pTrue_gTrue]
		--> Epoch time; 34.20001220703125
Epoch 7/9
	 Logging train Loss: 1.303e-06 [MSELoss(): t(0,0)_r(0,0)_combi_pTrue_gTrue]
	 Logging test loss: 9.41e-08 [MSELoss(): t(0,0)_r(0,0)_combi_pTrue_gTrue]
	 Logging test loss: 2.448e-07 [MSELoss(): t(0,0)_r(0,0)_tennis_pTrue_gTrue]
	 Logging test loss: 1e-08 [MSELoss(): t(0,0)_r(0,0)_full_pTrue_gTrue]
	 Logging test loss: 1.54e-07 [MSELoss(): t(0,0)_r(0,0)_semi_pTrue_gTrue]
		--> Epoch time; 34.34644603729248
Epoch 8/9
	 Logging train Loss: 9.339e-07 [MSELoss(): t(0,0)_r(0,0)_combi_pTrue_gTrue]
	 Logging test loss: 1.404e-07 [MSELoss(): t(0,0)_r(0,0)_combi_pTrue_gTrue]
	 Logging test loss: 2.741e-07 [MSELoss(): t(0,0)_r(0,0)_tennis_pTrue_gTrue]
	 Logging test loss: 5.02e-08 [MSELoss(): t(0,0)_r(0,0)_full_pTrue_gTrue]
	 Logging test loss: 2.053e-07 [MSELoss(): t(0,0)_r(0,0)_semi_pTrue_gTrue]
		--> Epoch time; 33.745635986328125
Epoch 9/9
	 Logging train Loss: 1.0714e-06 [MSELoss(): t(0,0)_r(0,0)_combi_pTrue_gTrue]
	 Logging test loss: 2.15e-07 [MSELoss(): t(0,0)_r(0,0)_combi_pTrue_gTrue]
	 Logging test loss: 3.761e-07 [MSELoss(): t(0,0)_r(0,0)_tennis_pTrue_gTrue]
	 Logging test loss: 7.37e-08 [MSELoss(): t(0,0)_r(0,0)_full_pTrue_gTrue]
	 Logging test loss: 3.141e-07 [MSELoss(): t(0,0)_r(0,0)_semi_pTrue_gTrue]
		--> Epoch time; 33.81534814834595
Saved model in  trained_models/gru/data_t(0,0)_r(0,0)_combi_pTrue_gTrue/'dual_quat_1'_'False'.pth
It took  448.1138324737549  seconds.
----- ITERATION 6/10 ------
Number of train simulations:  1920
Number of test simulations:  480
The dataloader for data/data_t(0,0)_r(0,0)_combi_pTrue_gTrue took 46.87718081474304 seconds.
-- Finished Train Dataloader --
The dataloader for data/data_t(0,0)_r(0,0)_combi_pTrue_gTrue took 11.802053689956665 seconds.
The dataloader for data/data_t(0,0)_r(0,0)_tennis_pTrue_gTrue took 11.959702014923096 seconds.
The dataloader for data/data_t(0,0)_r(0,0)_full_pTrue_gTrue took 11.950325727462769 seconds.
The dataloader for data/data_t(0,0)_r(0,0)_semi_pTrue_gTrue took 12.004549026489258 seconds.
-- Finished Test Dataloader(s) --
GRU(
  (rnn): GRU(8, 96, batch_first=True)
  (fc): Linear(in_features=96, out_features=8, bias=True)
)
Datatype: dual_quat_1
-- Started Training --
Epoch 0/9
	 Logging train Loss: 0.0003454536 [MSELoss(): t(0,0)_r(0,0)_combi_pTrue_gTrue]
	 Logging test loss: 1.1252e-06 [MSELoss(): t(0,0)_r(0,0)_combi_pTrue_gTrue]
	 Logging test loss: 3.912e-06 [MSELoss(): t(0,0)_r(0,0)_tennis_pTrue_gTrue]
	 Logging test loss: 1.771e-07 [MSELoss(): t(0,0)_r(0,0)_full_pTrue_gTrue]
	 Logging test loss: 2.4821e-06 [MSELoss(): t(0,0)_r(0,0)_semi_pTrue_gTrue]
		--> Epoch time; 33.94868493080139
Epoch 1/9
	 Logging train Loss: 9.524e-07 [MSELoss(): t(0,0)_r(0,0)_combi_pTrue_gTrue]
	 Logging test loss: 3.572e-07 [MSELoss(): t(0,0)_r(0,0)_combi_pTrue_gTrue]
	 Logging test loss: 1.2732e-06 [MSELoss(): t(0,0)_r(0,0)_tennis_pTrue_gTrue]
	 Logging test loss: 5.42e-08 [MSELoss(): t(0,0)_r(0,0)_full_pTrue_gTrue]
	 Logging test loss: 8.438e-07 [MSELoss(): t(0,0)_r(0,0)_semi_pTrue_gTrue]
		--> Epoch time; 34.069483041763306
Epoch 2/9
	 Logging train Loss: 5.175e-07 [MSELoss(): t(0,0)_r(0,0)_combi_pTrue_gTrue]
	 Logging test loss: 4.796e-07 [MSELoss(): t(0,0)_r(0,0)_combi_pTrue_gTrue]
	 Logging test loss: 1.1227e-06 [MSELoss(): t(0,0)_r(0,0)_tennis_pTrue_gTrue]
	 Logging test loss: 2.679e-07 [MSELoss(): t(0,0)_r(0,0)_full_pTrue_gTrue]
	 Logging test loss: 8.379e-07 [MSELoss(): t(0,0)_r(0,0)_semi_pTrue_gTrue]
		--> Epoch time; 34.07196402549744
Epoch 3/9
	 Logging train Loss: 6.39e-07 [MSELoss(): t(0,0)_r(0,0)_combi_pTrue_gTrue]
	 Logging test loss: 2.447e-07 [MSELoss(): t(0,0)_r(0,0)_combi_pTrue_gTrue]
	 Logging test loss: 7.688e-07 [MSELoss(): t(0,0)_r(0,0)_tennis_pTrue_gTrue]
	 Logging test loss: 4.11e-08 [MSELoss(): t(0,0)_r(0,0)_full_pTrue_gTrue]
	 Logging test loss: 5.478e-07 [MSELoss(): t(0,0)_r(0,0)_semi_pTrue_gTrue]
		--> Epoch time; 33.775362968444824
Epoch 4/9
	 Logging train Loss: 1.155e-06 [MSELoss(): t(0,0)_r(0,0)_combi_pTrue_gTrue]
	 Logging test loss: 1.286e-07 [MSELoss(): t(0,0)_r(0,0)_combi_pTrue_gTrue]
	 Logging test loss: 4.416e-07 [MSELoss(): t(0,0)_r(0,0)_tennis_pTrue_gTrue]
	 Logging test loss: 1.85e-08 [MSELoss(): t(0,0)_r(0,0)_full_pTrue_gTrue]
	 Logging test loss: 2.954e-07 [MSELoss(): t(0,0)_r(0,0)_semi_pTrue_gTrue]
		--> Epoch time; 34.041327238082886
Epoch 5/9
	 Logging train Loss: 1.1192e-06 [MSELoss(): t(0,0)_r(0,0)_combi_pTrue_gTrue]
	 Logging test loss: 1.1241e-06 [MSELoss(): t(0,0)_r(0,0)_combi_pTrue_gTrue]
	 Logging test loss: 2.6545e-06 [MSELoss(): t(0,0)_r(0,0)_tennis_pTrue_gTrue]
	 Logging test loss: 9.51e-08 [MSELoss(): t(0,0)_r(0,0)_full_pTrue_gTrue]
	 Logging test loss: 2.2613e-06 [MSELoss(): t(0,0)_r(0,0)_semi_pTrue_gTrue]
		--> Epoch time; 33.97563052177429
Epoch 6/9
	 Logging train Loss: 1.4394e-06 [MSELoss(): t(0,0)_r(0,0)_combi_pTrue_gTrue]
	 Logging test loss: 6.61e-08 [MSELoss(): t(0,0)_r(0,0)_combi_pTrue_gTrue]
	 Logging test loss: 1.976e-07 [MSELoss(): t(0,0)_r(0,0)_tennis_pTrue_gTrue]
	 Logging test loss: 1.05e-08 [MSELoss(): t(0,0)_r(0,0)_full_pTrue_gTrue]
	 Logging test loss: 1.339e-07 [MSELoss(): t(0,0)_r(0,0)_semi_pTrue_gTrue]
		--> Epoch time; 33.657429218292236
Epoch 7/9
	 Logging train Loss: 1.0462e-06 [MSELoss(): t(0,0)_r(0,0)_combi_pTrue_gTrue]
	 Logging test loss: 2.08e-07 [MSELoss(): t(0,0)_r(0,0)_combi_pTrue_gTrue]
	 Logging test loss: 4.717e-07 [MSELoss(): t(0,0)_r(0,0)_tennis_pTrue_gTrue]
	 Logging test loss: 3.58e-08 [MSELoss(): t(0,0)_r(0,0)_full_pTrue_gTrue]
	 Logging test loss: 3.878e-07 [MSELoss(): t(0,0)_r(0,0)_semi_pTrue_gTrue]
		--> Epoch time; 34.07221531867981
Epoch 8/9
	 Logging train Loss: 9.991e-07 [MSELoss(): t(0,0)_r(0,0)_combi_pTrue_gTrue]
	 Logging test loss: 6.69e-08 [MSELoss(): t(0,0)_r(0,0)_combi_pTrue_gTrue]
	 Logging test loss: 1.691e-07 [MSELoss(): t(0,0)_r(0,0)_tennis_pTrue_gTrue]
	 Logging test loss: 8.8e-09 [MSELoss(): t(0,0)_r(0,0)_full_pTrue_gTrue]
	 Logging test loss: 1.311e-07 [MSELoss(): t(0,0)_r(0,0)_semi_pTrue_gTrue]
		--> Epoch time; 34.1187744140625
Epoch 9/9
	 Logging train Loss: 8.681e-07 [MSELoss(): t(0,0)_r(0,0)_combi_pTrue_gTrue]
	 Logging test loss: 8.738e-07 [MSELoss(): t(0,0)_r(0,0)_combi_pTrue_gTrue]
	 Logging test loss: 1.7202e-06 [MSELoss(): t(0,0)_r(0,0)_tennis_pTrue_gTrue]
	 Logging test loss: 2.754e-07 [MSELoss(): t(0,0)_r(0,0)_full_pTrue_gTrue]
	 Logging test loss: 1.5214e-06 [MSELoss(): t(0,0)_r(0,0)_semi_pTrue_gTrue]
		--> Epoch time; 33.736586570739746
Saved model in  trained_models/gru/data_t(0,0)_r(0,0)_combi_pTrue_gTrue/'dual_quat_1'_'False'.pth
It took  448.1267783641815  seconds.
----- ITERATION 7/10 ------
Number of train simulations:  1920
Number of test simulations:  480
The dataloader for data/data_t(0,0)_r(0,0)_combi_pTrue_gTrue took 47.59957575798035 seconds.
-- Finished Train Dataloader --
The dataloader for data/data_t(0,0)_r(0,0)_combi_pTrue_gTrue took 11.88614797592163 seconds.
The dataloader for data/data_t(0,0)_r(0,0)_tennis_pTrue_gTrue took 11.974268674850464 seconds.
The dataloader for data/data_t(0,0)_r(0,0)_full_pTrue_gTrue took 12.028658628463745 seconds.
The dataloader for data/data_t(0,0)_r(0,0)_semi_pTrue_gTrue took 12.035468816757202 seconds.
-- Finished Test Dataloader(s) --
GRU(
  (rnn): GRU(8, 96, batch_first=True)
  (fc): Linear(in_features=96, out_features=8, bias=True)
)
Datatype: dual_quat_1
-- Started Training --
Epoch 0/9
	 Logging train Loss: 0.0003376058 [MSELoss(): t(0,0)_r(0,0)_combi_pTrue_gTrue]
	 Logging test loss: 2.7399e-06 [MSELoss(): t(0,0)_r(0,0)_combi_pTrue_gTrue]
	 Logging test loss: 5.8053e-06 [MSELoss(): t(0,0)_r(0,0)_tennis_pTrue_gTrue]
	 Logging test loss: 2.626e-07 [MSELoss(): t(0,0)_r(0,0)_full_pTrue_gTrue]
	 Logging test loss: 3.4222e-06 [MSELoss(): t(0,0)_r(0,0)_semi_pTrue_gTrue]
wandb: Waiting for W&B process to finish... (success).
wandb: 
wandb: Run history:
wandb:                                      Epoch â–â–‚â–ƒâ–ƒâ–„â–…â–†â–†â–‡â–ˆ
wandb:  Test loss t(0,0)_r(0,0)_combi_pTrue_gTrue â–ˆâ–‚â–ƒâ–‚â–‚â–â–â–â–â–
wandb:   Test loss t(0,0)_r(0,0)_full_pTrue_gTrue â–ˆâ–‚â–‚â–â–â–â–â–â–â–
wandb:   Test loss t(0,0)_r(0,0)_semi_pTrue_gTrue â–ˆâ–ƒâ–ƒâ–‚â–‚â–â–â–â–â–
wandb: Test loss t(0,0)_r(0,0)_tennis_pTrue_gTrue â–ˆâ–ƒâ–ƒâ–‚â–‚â–â–â–â–â–
wandb:                                 Train loss â–ˆâ–â–â–â–â–â–â–â–â–
wandb: 
wandb: Run summary:
wandb:                                      Epoch 9
wandb:  Test loss t(0,0)_r(0,0)_combi_pTrue_gTrue 0.0
wandb:   Test loss t(0,0)_r(0,0)_full_pTrue_gTrue 0.0
wandb:   Test loss t(0,0)_r(0,0)_semi_pTrue_gTrue 0.0
wandb: Test loss t(0,0)_r(0,0)_tennis_pTrue_gTrue 0.0
wandb:                                 Train loss 0.0
wandb: 
wandb: ðŸš€ View run devout-morning-235 at: https://wandb.ai/nreints/ThesisFinal2Grav%2Bcoll/runs/cdg2ha05
wandb: Synced 7 W&B file(s), 0 media file(s), 4 artifact file(s) and 1 other file(s)
wandb: Find logs at: ./wandb/run-20230716_133608-cdg2ha05/logs
wandb: - Waiting for wandb.init()...wandb: \ Waiting for wandb.init()...wandb: wandb version 0.15.5 is available!  To upgrade, please run:
wandb:  $ pip install wandb --upgrade
wandb: Tracking run with wandb version 0.14.0
wandb: Run data is saved locally in /gpfs/home2/nreints/MScThesis/code/wandb/run-20230716_134339-du0tg9zm
wandb: Run `wandb offline` to turn off syncing.
wandb: Syncing run decent-snowflake-274
wandb: â­ï¸ View project at https://wandb.ai/nreints/ThesisFinal2Grav%2Bcoll
wandb: ðŸš€ View run at https://wandb.ai/nreints/ThesisFinal2Grav%2Bcoll/runs/du0tg9zm
		--> Epoch time; 33.931251764297485
Epoch 1/9
	 Logging train Loss: 1.0543e-06 [MSELoss(): t(0,0)_r(0,0)_combi_pTrue_gTrue]
	 Logging test loss: 6.363e-07 [MSELoss(): t(0,0)_r(0,0)_combi_pTrue_gTrue]
	 Logging test loss: 1.3672e-06 [MSELoss(): t(0,0)_r(0,0)_tennis_pTrue_gTrue]
	 Logging test loss: 5.33e-08 [MSELoss(): t(0,0)_r(0,0)_full_pTrue_gTrue]
	 Logging test loss: 8.383e-07 [MSELoss(): t(0,0)_r(0,0)_semi_pTrue_gTrue]
		--> Epoch time; 34.334223985672
Epoch 2/9
	 Logging train Loss: 4.652e-07 [MSELoss(): t(0,0)_r(0,0)_combi_pTrue_gTrue]
	 Logging test loss: 7.804e-07 [MSELoss(): t(0,0)_r(0,0)_combi_pTrue_gTrue]
	 Logging test loss: 1.7066e-06 [MSELoss(): t(0,0)_r(0,0)_tennis_pTrue_gTrue]
	 Logging test loss: 6.15e-08 [MSELoss(): t(0,0)_r(0,0)_full_pTrue_gTrue]
	 Logging test loss: 1.2326e-06 [MSELoss(): t(0,0)_r(0,0)_semi_pTrue_gTrue]
		--> Epoch time; 34.1166672706604
Epoch 3/9
	 Logging train Loss: 1.2901e-06 [MSELoss(): t(0,0)_r(0,0)_combi_pTrue_gTrue]
	 Logging test loss: 3.653e-07 [MSELoss(): t(0,0)_r(0,0)_combi_pTrue_gTrue]
	 Logging test loss: 7.874e-07 [MSELoss(): t(0,0)_r(0,0)_tennis_pTrue_gTrue]
	 Logging test loss: 2.68e-08 [MSELoss(): t(0,0)_r(0,0)_full_pTrue_gTrue]
	 Logging test loss: 5.128e-07 [MSELoss(): t(0,0)_r(0,0)_semi_pTrue_gTrue]
		--> Epoch time; 34.062204122543335
Epoch 4/9
	 Logging train Loss: 1.0639e-06 [MSELoss(): t(0,0)_r(0,0)_combi_pTrue_gTrue]
	 Logging test loss: 2.803e-07 [MSELoss(): t(0,0)_r(0,0)_combi_pTrue_gTrue]
	 Logging test loss: 5.997e-07 [MSELoss(): t(0,0)_r(0,0)_tennis_pTrue_gTrue]
	 Logging test loss: 2.51e-08 [MSELoss(): t(0,0)_r(0,0)_full_pTrue_gTrue]
	 Logging test loss: 3.809e-07 [MSELoss(): t(0,0)_r(0,0)_semi_pTrue_gTrue]
		--> Epoch time; 34.00951099395752
Epoch 5/9
	 Logging train Loss: 1.9211e-06 [MSELoss(): t(0,0)_r(0,0)_combi_pTrue_gTrue]
	 Logging test loss: 1.954e-07 [MSELoss(): t(0,0)_r(0,0)_combi_pTrue_gTrue]
	 Logging test loss: 4.142e-07 [MSELoss(): t(0,0)_r(0,0)_tennis_pTrue_gTrue]
	 Logging test loss: 1.78e-08 [MSELoss(): t(0,0)_r(0,0)_full_pTrue_gTrue]
	 Logging test loss: 2.615e-07 [MSELoss(): t(0,0)_r(0,0)_semi_pTrue_gTrue]
		--> Epoch time; 34.098708152770996
Epoch 6/9
	 Logging train Loss: 1.3568e-06 [MSELoss(): t(0,0)_r(0,0)_combi_pTrue_gTrue]
	 Logging test loss: 1.452e-07 [MSELoss(): t(0,0)_r(0,0)_combi_pTrue_gTrue]
	 Logging test loss: 3.023e-07 [MSELoss(): t(0,0)_r(0,0)_tennis_pTrue_gTrue]
	 Logging test loss: 1.48e-08 [MSELoss(): t(0,0)_r(0,0)_full_pTrue_gTrue]
	 Logging test loss: 1.966e-07 [MSELoss(): t(0,0)_r(0,0)_semi_pTrue_gTrue]
		--> Epoch time; 34.108386754989624
Epoch 7/9
	 Logging train Loss: 2.0657e-06 [MSELoss(): t(0,0)_r(0,0)_combi_pTrue_gTrue]
	 Logging test loss: 1.032e-07 [MSELoss(): t(0,0)_r(0,0)_combi_pTrue_gTrue]
	 Logging test loss: 2.117e-07 [MSELoss(): t(0,0)_r(0,0)_tennis_pTrue_gTrue]
	 Logging test loss: 1.02e-08 [MSELoss(): t(0,0)_r(0,0)_full_pTrue_gTrue]
	 Logging test loss: 1.423e-07 [MSELoss(): t(0,0)_r(0,0)_semi_pTrue_gTrue]
		--> Epoch time; 34.12630105018616
Epoch 8/9
	 Logging train Loss: 1.4511e-06 [MSELoss(): t(0,0)_r(0,0)_combi_pTrue_gTrue]
	 Logging test loss: 8.8e-08 [MSELoss(): t(0,0)_r(0,0)_combi_pTrue_gTrue]
	 Logging test loss: 1.765e-07 [MSELoss(): t(0,0)_r(0,0)_tennis_pTrue_gTrue]
	 Logging test loss: 1.19e-08 [MSELoss(): t(0,0)_r(0,0)_full_pTrue_gTrue]
	 Logging test loss: 1.291e-07 [MSELoss(): t(0,0)_r(0,0)_semi_pTrue_gTrue]
		--> Epoch time; 34.31262397766113
Epoch 9/9
	 Logging train Loss: 6.72e-07 [MSELoss(): t(0,0)_r(0,0)_combi_pTrue_gTrue]
	 Logging test loss: 7.41e-08 [MSELoss(): t(0,0)_r(0,0)_combi_pTrue_gTrue]
	 Logging test loss: 1.404e-07 [MSELoss(): t(0,0)_r(0,0)_tennis_pTrue_gTrue]
	 Logging test loss: 1.5e-08 [MSELoss(): t(0,0)_r(0,0)_full_pTrue_gTrue]
	 Logging test loss: 1.107e-07 [MSELoss(): t(0,0)_r(0,0)_semi_pTrue_gTrue]
		--> Epoch time; 34.27001595497131
Saved model in  trained_models/gru/data_t(0,0)_r(0,0)_combi_pTrue_gTrue/'dual_quat_1'_'False'.pth
It took  450.17870140075684  seconds.
----- ITERATION 8/10 ------
Number of train simulations:  1920
Number of test simulations:  480
The dataloader for data/data_t(0,0)_r(0,0)_combi_pTrue_gTrue took 47.190667390823364 seconds.
-- Finished Train Dataloader --
The dataloader for data/data_t(0,0)_r(0,0)_combi_pTrue_gTrue took 11.815653324127197 seconds.
The dataloader for data/data_t(0,0)_r(0,0)_tennis_pTrue_gTrue took 11.942192316055298 seconds.
The dataloader for data/data_t(0,0)_r(0,0)_full_pTrue_gTrue took 11.975133657455444 seconds.
The dataloader for data/data_t(0,0)_r(0,0)_semi_pTrue_gTrue took 11.939506530761719 seconds.
-- Finished Test Dataloader(s) --
GRU(
  (rnn): GRU(8, 96, batch_first=True)
  (fc): Linear(in_features=96, out_features=8, bias=True)
)
Datatype: dual_quat_1
-- Started Training --
Epoch 0/9
	 Logging train Loss: 0.0003567915 [MSELoss(): t(0,0)_r(0,0)_combi_pTrue_gTrue]
	 Logging test loss: 2.1087e-06 [MSELoss(): t(0,0)_r(0,0)_combi_pTrue_gTrue]
	 Logging test loss: 4.6097e-06 [MSELoss(): t(0,0)_r(0,0)_tennis_pTrue_gTrue]
	 Logging test loss: 3.811e-07 [MSELoss(): t(0,0)_r(0,0)_full_pTrue_gTrue]
	 Logging test loss: 2.9986e-06 [MSELoss(): t(0,0)_r(0,0)_semi_pTrue_gTrue]
		--> Epoch time; 33.67186784744263
Epoch 1/9
	 Logging train Loss: 8.755e-07 [MSELoss(): t(0,0)_r(0,0)_combi_pTrue_gTrue]
	 Logging test loss: 5.629e-07 [MSELoss(): t(0,0)_r(0,0)_combi_pTrue_gTrue]
	 Logging test loss: 1.2765e-06 [MSELoss(): t(0,0)_r(0,0)_tennis_pTrue_gTrue]
	 Logging test loss: 6.79e-08 [MSELoss(): t(0,0)_r(0,0)_full_pTrue_gTrue]
	 Logging test loss: 8.305e-07 [MSELoss(): t(0,0)_r(0,0)_semi_pTrue_gTrue]
		--> Epoch time; 34.132707834243774
Epoch 2/9
	 Logging train Loss: 4.013e-07 [MSELoss(): t(0,0)_r(0,0)_combi_pTrue_gTrue]
	 Logging test loss: 4.079e-07 [MSELoss(): t(0,0)_r(0,0)_combi_pTrue_gTrue]
	 Logging test loss: 9.438e-07 [MSELoss(): t(0,0)_r(0,0)_tennis_pTrue_gTrue]
	 Logging test loss: 3.45e-08 [MSELoss(): t(0,0)_r(0,0)_full_pTrue_gTrue]
	 Logging test loss: 6.059e-07 [MSELoss(): t(0,0)_r(0,0)_semi_pTrue_gTrue]
		--> Epoch time; 33.895039319992065
Epoch 3/9
	 Logging train Loss: 8.253e-07 [MSELoss(): t(0,0)_r(0,0)_combi_pTrue_gTrue]
	 Logging test loss: 4.203e-07 [MSELoss(): t(0,0)_r(0,0)_combi_pTrue_gTrue]
	 Logging test loss: 9.54e-07 [MSELoss(): t(0,0)_r(0,0)_tennis_pTrue_gTrue]
	 Logging test loss: 3.5e-08 [MSELoss(): t(0,0)_r(0,0)_full_pTrue_gTrue]
	 Logging test loss: 6.616e-07 [MSELoss(): t(0,0)_r(0,0)_semi_pTrue_gTrue]
		--> Epoch time; 33.827428102493286
Epoch 4/9
	 Logging train Loss: 1.8379e-06 [MSELoss(): t(0,0)_r(0,0)_combi_pTrue_gTrue]
	 Logging test loss: 2.648e-07 [MSELoss(): t(0,0)_r(0,0)_combi_pTrue_gTrue]
	 Logging test loss: 6.07e-07 [MSELoss(): t(0,0)_r(0,0)_tennis_pTrue_gTrue]
	 Logging test loss: 2.21e-08 [MSELoss(): t(0,0)_r(0,0)_full_pTrue_gTrue]
	 Logging test loss: 3.953e-07 [MSELoss(): t(0,0)_r(0,0)_semi_pTrue_gTrue]
		--> Epoch time; 33.78903388977051
Epoch 5/9
	 Logging train Loss: 1.7585e-06 [MSELoss(): t(0,0)_r(0,0)_combi_pTrue_gTrue]
	 Logging test loss: 8.9074e-06 [MSELoss(): t(0,0)_r(0,0)_combi_pTrue_gTrue]
	 Logging test loss: 1.74434e-05 [MSELoss(): t(0,0)_r(0,0)_tennis_pTrue_gTrue]
	 Logging test loss: 1.3632e-06 [MSELoss(): t(0,0)_r(0,0)_full_pTrue_gTrue]
	 Logging test loss: 1.60635e-05 [MSELoss(): t(0,0)_r(0,0)_semi_pTrue_gTrue]
		--> Epoch time; 33.91746139526367
Epoch 6/9
	 Logging train Loss: 2.106e-06 [MSELoss(): t(0,0)_r(0,0)_combi_pTrue_gTrue]
	 Logging test loss: 6.286e-07 [MSELoss(): t(0,0)_r(0,0)_combi_pTrue_gTrue]
	 Logging test loss: 1.179e-06 [MSELoss(): t(0,0)_r(0,0)_tennis_pTrue_gTrue]
	 Logging test loss: 2.152e-07 [MSELoss(): t(0,0)_r(0,0)_full_pTrue_gTrue]
	 Logging test loss: 1.0212e-06 [MSELoss(): t(0,0)_r(0,0)_semi_pTrue_gTrue]
		--> Epoch time; 33.93520784378052
Epoch 7/9
	 Logging train Loss: 1.1626e-06 [MSELoss(): t(0,0)_r(0,0)_combi_pTrue_gTrue]
	 Logging test loss: 3.815e-07 [MSELoss(): t(0,0)_r(0,0)_combi_pTrue_gTrue]
	 Logging test loss: 5.926e-07 [MSELoss(): t(0,0)_r(0,0)_tennis_pTrue_gTrue]
	 Logging test loss: 2.235e-07 [MSELoss(): t(0,0)_r(0,0)_full_pTrue_gTrue]
	 Logging test loss: 5.084e-07 [MSELoss(): t(0,0)_r(0,0)_semi_pTrue_gTrue]
wandb: Waiting for W&B process to finish... (success).
wandb: 
wandb: Run history:
wandb:                                      Epoch â–â–‚â–ƒâ–ƒâ–„â–…â–†â–†â–‡â–ˆ
wandb:  Test loss t(0,0)_r(0,0)_combi_pTrue_gTrue â–‚â–â–â–â–â–ˆâ–â–â–â–‚
wandb:   Test loss t(0,0)_r(0,0)_full_pTrue_gTrue â–ƒâ–â–â–â–â–ˆâ–‚â–‚â–â–‚
wandb:   Test loss t(0,0)_r(0,0)_semi_pTrue_gTrue â–‚â–â–â–â–â–ˆâ–â–â–â–‚
wandb: Test loss t(0,0)_r(0,0)_tennis_pTrue_gTrue â–ƒâ–â–â–â–â–ˆâ–â–â–â–‚
wandb:                                 Train loss â–ˆâ–â–â–â–â–â–â–â–â–
wandb: 
wandb: Run summary:
wandb:                                      Epoch 9
wandb:  Test loss t(0,0)_r(0,0)_combi_pTrue_gTrue 0.0
wandb:   Test loss t(0,0)_r(0,0)_full_pTrue_gTrue 0.0
wandb:   Test loss t(0,0)_r(0,0)_semi_pTrue_gTrue 0.0
wandb: Test loss t(0,0)_r(0,0)_tennis_pTrue_gTrue 0.0
wandb:                                 Train loss 0.0
wandb: 
wandb: ðŸš€ View run decent-snowflake-274 at: https://wandb.ai/nreints/ThesisFinal2Grav%2Bcoll/runs/du0tg9zm
wandb: Synced 7 W&B file(s), 0 media file(s), 4 artifact file(s) and 1 other file(s)
wandb: Find logs at: ./wandb/run-20230716_134339-du0tg9zm/logs
wandb: - Waiting for wandb.init()...wandb: \ Waiting for wandb.init()...wandb: wandb version 0.15.5 is available!  To upgrade, please run:
wandb:  $ pip install wandb --upgrade
wandb: Tracking run with wandb version 0.14.0
wandb: Run data is saved locally in /gpfs/home2/nreints/MScThesis/code/wandb/run-20230716_135105-l8xzitr8
wandb: Run `wandb offline` to turn off syncing.
wandb: Syncing run unique-brook-312
wandb: â­ï¸ View project at https://wandb.ai/nreints/ThesisFinal2Grav%2Bcoll
wandb: ðŸš€ View run at https://wandb.ai/nreints/ThesisFinal2Grav%2Bcoll/runs/l8xzitr8
wandb: Waiting for W&B process to finish... (success).
wandb: 
wandb: Run history:
wandb:                                      Epoch â–â–‚â–ƒâ–ƒâ–„â–…â–†â–†â–‡â–ˆ
wandb:  Test loss t(0,0)_r(0,0)_combi_pTrue_gTrue â–„â–â–â–â–â–â–â–ˆâ–â–
wandb:   Test loss t(0,0)_r(0,0)_full_pTrue_gTrue â–„â–‚â–â–â–â–â–â–ˆâ–â–
wandb:   Test loss t(0,0)_r(0,0)_semi_pTrue_gTrue â–ƒâ–â–â–â–â–â–â–ˆâ–â–
wandb: Test loss t(0,0)_r(0,0)_tennis_pTrue_gTrue â–„â–‚â–â–â–â–â–â–ˆâ–â–
wandb:                                 Train loss â–ˆâ–â–â–â–â–â–â–â–â–
wandb: 
wandb: Run summary:
wandb:                                      Epoch 9
wandb:  Test loss t(0,0)_r(0,0)_combi_pTrue_gTrue 0.0
wandb:   Test loss t(0,0)_r(0,0)_full_pTrue_gTrue 0.0
wandb:   Test loss t(0,0)_r(0,0)_semi_pTrue_gTrue 0.0
wandb: Test loss t(0,0)_r(0,0)_tennis_pTrue_gTrue 0.0
wandb:                                 Train loss 0.0
wandb: 
wandb: ðŸš€ View run unique-brook-312 at: https://wandb.ai/nreints/ThesisFinal2Grav%2Bcoll/runs/l8xzitr8
wandb: Synced 7 W&B file(s), 0 media file(s), 4 artifact file(s) and 1 other file(s)
wandb: Find logs at: ./wandb/run-20230716_135105-l8xzitr8/logs
wandb: - Waiting for wandb.init()...wandb: \ Waiting for wandb.init()...wandb: wandb version 0.15.5 is available!  To upgrade, please run:
wandb:  $ pip install wandb --upgrade
wandb: Tracking run with wandb version 0.14.0
wandb: Run data is saved locally in /gpfs/home2/nreints/MScThesis/code/wandb/run-20230716_135830-77lj9jki
wandb: Run `wandb offline` to turn off syncing.
wandb: Syncing run magic-meadow-340
wandb: â­ï¸ View project at https://wandb.ai/nreints/ThesisFinal2Grav%2Bcoll
wandb: ðŸš€ View run at https://wandb.ai/nreints/ThesisFinal2Grav%2Bcoll/runs/77lj9jki
		--> Epoch time; 33.975168228149414
Epoch 8/9
	 Logging train Loss: 1.5852e-06 [MSELoss(): t(0,0)_r(0,0)_combi_pTrue_gTrue]
	 Logging test loss: 5.86e-07 [MSELoss(): t(0,0)_r(0,0)_combi_pTrue_gTrue]
	 Logging test loss: 1.1299e-06 [MSELoss(): t(0,0)_r(0,0)_tennis_pTrue_gTrue]
	 Logging test loss: 8.31e-08 [MSELoss(): t(0,0)_r(0,0)_full_pTrue_gTrue]
	 Logging test loss: 1.0152e-06 [MSELoss(): t(0,0)_r(0,0)_semi_pTrue_gTrue]
		--> Epoch time; 33.92276692390442
Epoch 9/9
	 Logging train Loss: 9.892e-07 [MSELoss(): t(0,0)_r(0,0)_combi_pTrue_gTrue]
	 Logging test loss: 1.8972e-06 [MSELoss(): t(0,0)_r(0,0)_combi_pTrue_gTrue]
	 Logging test loss: 3.8282e-06 [MSELoss(): t(0,0)_r(0,0)_tennis_pTrue_gTrue]
	 Logging test loss: 2.046e-07 [MSELoss(): t(0,0)_r(0,0)_full_pTrue_gTrue]
	 Logging test loss: 3.5723e-06 [MSELoss(): t(0,0)_r(0,0)_semi_pTrue_gTrue]
		--> Epoch time; 33.30336093902588
Saved model in  trained_models/gru/data_t(0,0)_r(0,0)_combi_pTrue_gTrue/'dual_quat_1'_'False'.pth
It took  446.0625355243683  seconds.
----- ITERATION 9/10 ------
Number of train simulations:  1920
Number of test simulations:  480
The dataloader for data/data_t(0,0)_r(0,0)_combi_pTrue_gTrue took 46.662108421325684 seconds.
-- Finished Train Dataloader --
The dataloader for data/data_t(0,0)_r(0,0)_combi_pTrue_gTrue took 11.83432412147522 seconds.
The dataloader for data/data_t(0,0)_r(0,0)_tennis_pTrue_gTrue took 11.908944368362427 seconds.
The dataloader for data/data_t(0,0)_r(0,0)_full_pTrue_gTrue took 11.884015560150146 seconds.
The dataloader for data/data_t(0,0)_r(0,0)_semi_pTrue_gTrue took 11.95582628250122 seconds.
-- Finished Test Dataloader(s) --
GRU(
  (rnn): GRU(8, 96, batch_first=True)
  (fc): Linear(in_features=96, out_features=8, bias=True)
)
Datatype: dual_quat_1
-- Started Training --
Epoch 0/9
	 Logging train Loss: 0.000727608 [MSELoss(): t(0,0)_r(0,0)_combi_pTrue_gTrue]
	 Logging test loss: 5.8111e-06 [MSELoss(): t(0,0)_r(0,0)_combi_pTrue_gTrue]
	 Logging test loss: 1.2943e-05 [MSELoss(): t(0,0)_r(0,0)_tennis_pTrue_gTrue]
	 Logging test loss: 5.462e-07 [MSELoss(): t(0,0)_r(0,0)_full_pTrue_gTrue]
	 Logging test loss: 8.4617e-06 [MSELoss(): t(0,0)_r(0,0)_semi_pTrue_gTrue]
		--> Epoch time; 33.56680369377136
Epoch 1/9
	 Logging train Loss: 2.6175e-06 [MSELoss(): t(0,0)_r(0,0)_combi_pTrue_gTrue]
	 Logging test loss: 1.1086e-06 [MSELoss(): t(0,0)_r(0,0)_combi_pTrue_gTrue]
	 Logging test loss: 2.3516e-06 [MSELoss(): t(0,0)_r(0,0)_tennis_pTrue_gTrue]
	 Logging test loss: 1.44e-07 [MSELoss(): t(0,0)_r(0,0)_full_pTrue_gTrue]
	 Logging test loss: 1.6023e-06 [MSELoss(): t(0,0)_r(0,0)_semi_pTrue_gTrue]
		--> Epoch time; 33.86220169067383
Epoch 2/9
	 Logging train Loss: 6.24e-07 [MSELoss(): t(0,0)_r(0,0)_combi_pTrue_gTrue]
	 Logging test loss: 4.867e-07 [MSELoss(): t(0,0)_r(0,0)_combi_pTrue_gTrue]
	 Logging test loss: 1.0319e-06 [MSELoss(): t(0,0)_r(0,0)_tennis_pTrue_gTrue]
	 Logging test loss: 4.93e-08 [MSELoss(): t(0,0)_r(0,0)_full_pTrue_gTrue]
	 Logging test loss: 7.313e-07 [MSELoss(): t(0,0)_r(0,0)_semi_pTrue_gTrue]
		--> Epoch time; 33.55302047729492
Epoch 3/9
	 Logging train Loss: 4.017e-07 [MSELoss(): t(0,0)_r(0,0)_combi_pTrue_gTrue]
	 Logging test loss: 3.869e-07 [MSELoss(): t(0,0)_r(0,0)_combi_pTrue_gTrue]
	 Logging test loss: 8.276e-07 [MSELoss(): t(0,0)_r(0,0)_tennis_pTrue_gTrue]
	 Logging test loss: 3.92e-08 [MSELoss(): t(0,0)_r(0,0)_full_pTrue_gTrue]
	 Logging test loss: 5.863e-07 [MSELoss(): t(0,0)_r(0,0)_semi_pTrue_gTrue]
		--> Epoch time; 34.07445192337036
Epoch 4/9
	 Logging train Loss: 1.1267e-06 [MSELoss(): t(0,0)_r(0,0)_combi_pTrue_gTrue]
	 Logging test loss: 3.224e-07 [MSELoss(): t(0,0)_r(0,0)_combi_pTrue_gTrue]
	 Logging test loss: 6.926e-07 [MSELoss(): t(0,0)_r(0,0)_tennis_pTrue_gTrue]
	 Logging test loss: 3.19e-08 [MSELoss(): t(0,0)_r(0,0)_full_pTrue_gTrue]
	 Logging test loss: 4.936e-07 [MSELoss(): t(0,0)_r(0,0)_semi_pTrue_gTrue]
		--> Epoch time; 33.68889498710632
Epoch 5/9
	 Logging train Loss: 2.0662e-06 [MSELoss(): t(0,0)_r(0,0)_combi_pTrue_gTrue]
	 Logging test loss: 2.613e-07 [MSELoss(): t(0,0)_r(0,0)_combi_pTrue_gTrue]
	 Logging test loss: 5.639e-07 [MSELoss(): t(0,0)_r(0,0)_tennis_pTrue_gTrue]
	 Logging test loss: 2.58e-08 [MSELoss(): t(0,0)_r(0,0)_full_pTrue_gTrue]
	 Logging test loss: 4.006e-07 [MSELoss(): t(0,0)_r(0,0)_semi_pTrue_gTrue]
		--> Epoch time; 33.79824614524841
Epoch 6/9
	 Logging train Loss: 1.6256e-06 [MSELoss(): t(0,0)_r(0,0)_combi_pTrue_gTrue]
	 Logging test loss: 2.154e-07 [MSELoss(): t(0,0)_r(0,0)_combi_pTrue_gTrue]
	 Logging test loss: 4.611e-07 [MSELoss(): t(0,0)_r(0,0)_tennis_pTrue_gTrue]
	 Logging test loss: 2.29e-08 [MSELoss(): t(0,0)_r(0,0)_full_pTrue_gTrue]
	 Logging test loss: 3.34e-07 [MSELoss(): t(0,0)_r(0,0)_semi_pTrue_gTrue]
		--> Epoch time; 33.57421565055847
Epoch 7/9
	 Logging train Loss: 1.6937e-06 [MSELoss(): t(0,0)_r(0,0)_combi_pTrue_gTrue]
	 Logging test loss: 1.51379e-05 [MSELoss(): t(0,0)_r(0,0)_combi_pTrue_gTrue]
	 Logging test loss: 2.6599e-05 [MSELoss(): t(0,0)_r(0,0)_tennis_pTrue_gTrue]
	 Logging test loss: 1.3219e-06 [MSELoss(): t(0,0)_r(0,0)_full_pTrue_gTrue]
	 Logging test loss: 2.87814e-05 [MSELoss(): t(0,0)_r(0,0)_semi_pTrue_gTrue]
		--> Epoch time; 33.82179355621338
Epoch 8/9
	 Logging train Loss: 1.8138e-06 [MSELoss(): t(0,0)_r(0,0)_combi_pTrue_gTrue]
	 Logging test loss: 1.235e-07 [MSELoss(): t(0,0)_r(0,0)_combi_pTrue_gTrue]
	 Logging test loss: 2.612e-07 [MSELoss(): t(0,0)_r(0,0)_tennis_pTrue_gTrue]
	 Logging test loss: 1.23e-08 [MSELoss(): t(0,0)_r(0,0)_full_pTrue_gTrue]
	 Logging test loss: 1.968e-07 [MSELoss(): t(0,0)_r(0,0)_semi_pTrue_gTrue]
		--> Epoch time; 33.99567437171936
Epoch 9/9
	 Logging train Loss: 1.5483e-06 [MSELoss(): t(0,0)_r(0,0)_combi_pTrue_gTrue]
	 Logging test loss: 9.3e-08 [MSELoss(): t(0,0)_r(0,0)_combi_pTrue_gTrue]
	 Logging test loss: 1.913e-07 [MSELoss(): t(0,0)_r(0,0)_tennis_pTrue_gTrue]
	 Logging test loss: 1.18e-08 [MSELoss(): t(0,0)_r(0,0)_full_pTrue_gTrue]
	 Logging test loss: 1.482e-07 [MSELoss(): t(0,0)_r(0,0)_semi_pTrue_gTrue]
		--> Epoch time; 34.205284118652344
Saved model in  trained_models/gru/data_t(0,0)_r(0,0)_combi_pTrue_gTrue/'dual_quat_1'_'False'.pth
It took  445.1082956790924  seconds.
----- ITERATION 10/10 ------
Number of train simulations:  1920
Number of test simulations:  480
The dataloader for data/data_t(0,0)_r(0,0)_combi_pTrue_gTrue took 47.51069450378418 seconds.
-- Finished Train Dataloader --
The dataloader for data/data_t(0,0)_r(0,0)_combi_pTrue_gTrue took 11.90164852142334 seconds.
The dataloader for data/data_t(0,0)_r(0,0)_tennis_pTrue_gTrue took 11.953606843948364 seconds.
The dataloader for data/data_t(0,0)_r(0,0)_full_pTrue_gTrue took 11.98988127708435 seconds.
The dataloader for data/data_t(0,0)_r(0,0)_semi_pTrue_gTrue took 11.959392309188843 seconds.
-- Finished Test Dataloader(s) --
GRU(
  (rnn): GRU(8, 96, batch_first=True)
  (fc): Linear(in_features=96, out_features=8, bias=True)
)
Datatype: dual_quat_1
-- Started Training --
Epoch 0/9
	 Logging train Loss: 0.0002487178 [MSELoss(): t(0,0)_r(0,0)_combi_pTrue_gTrue]
	 Logging test loss: 1.363e-06 [MSELoss(): t(0,0)_r(0,0)_combi_pTrue_gTrue]
	 Logging test loss: 3.3374e-06 [MSELoss(): t(0,0)_r(0,0)_tennis_pTrue_gTrue]
	 Logging test loss: 2.11e-07 [MSELoss(): t(0,0)_r(0,0)_full_pTrue_gTrue]
	 Logging test loss: 2.37e-06 [MSELoss(): t(0,0)_r(0,0)_semi_pTrue_gTrue]
		--> Epoch time; 33.74284315109253
Epoch 1/9
	 Logging train Loss: 8.358e-07 [MSELoss(): t(0,0)_r(0,0)_combi_pTrue_gTrue]
	 Logging test loss: 4.368e-07 [MSELoss(): t(0,0)_r(0,0)_combi_pTrue_gTrue]
	 Logging test loss: 1.1074e-06 [MSELoss(): t(0,0)_r(0,0)_tennis_pTrue_gTrue]
	 Logging test loss: 4.85e-08 [MSELoss(): t(0,0)_r(0,0)_full_pTrue_gTrue]
	 Logging test loss: 8.158e-07 [MSELoss(): t(0,0)_r(0,0)_semi_pTrue_gTrue]
		--> Epoch time; 34.05266714096069
Epoch 2/9
	 Logging train Loss: 4.361e-07 [MSELoss(): t(0,0)_r(0,0)_combi_pTrue_gTrue]
	 Logging test loss: 3.051e-07 [MSELoss(): t(0,0)_r(0,0)_combi_pTrue_gTrue]
	 Logging test loss: 7.994e-07 [MSELoss(): t(0,0)_r(0,0)_tennis_pTrue_gTrue]
	 Logging test loss: 3.09e-08 [MSELoss(): t(0,0)_r(0,0)_full_pTrue_gTrue]
wandb: Waiting for W&B process to finish... (success).
wandb: 
wandb: Run history:
wandb:                                      Epoch â–â–‚â–ƒâ–ƒâ–„â–…â–†â–†â–‡â–ˆ
wandb:  Test loss t(0,0)_r(0,0)_combi_pTrue_gTrue â–„â–‚â–‚â–â–‚â–ˆâ–â–ƒâ–â–
wandb:   Test loss t(0,0)_r(0,0)_full_pTrue_gTrue â–ˆâ–‚â–‚â–‚â–ƒâ–ˆâ–â–…â–â–
wandb:   Test loss t(0,0)_r(0,0)_semi_pTrue_gTrue â–„â–‚â–‚â–‚â–‚â–ˆâ–â–ƒâ–â–
wandb: Test loss t(0,0)_r(0,0)_tennis_pTrue_gTrue â–…â–‚â–‚â–‚â–‚â–ˆâ–â–ƒâ–â–
wandb:                                 Train loss â–ˆâ–â–â–â–â–â–â–â–â–
wandb: 
wandb: Run summary:
wandb:                                      Epoch 9
wandb:  Test loss t(0,0)_r(0,0)_combi_pTrue_gTrue 0.0
wandb:   Test loss t(0,0)_r(0,0)_full_pTrue_gTrue 0.0
wandb:   Test loss t(0,0)_r(0,0)_semi_pTrue_gTrue 0.0
wandb: Test loss t(0,0)_r(0,0)_tennis_pTrue_gTrue 0.0
wandb:                                 Train loss 0.0
wandb: 
wandb: ðŸš€ View run magic-meadow-340 at: https://wandb.ai/nreints/ThesisFinal2Grav%2Bcoll/runs/77lj9jki
wandb: Synced 7 W&B file(s), 0 media file(s), 4 artifact file(s) and 1 other file(s)
wandb: Find logs at: ./wandb/run-20230716_135830-77lj9jki/logs
	 Logging test loss: 5.82e-07 [MSELoss(): t(0,0)_r(0,0)_semi_pTrue_gTrue]
		--> Epoch time; 34.00832009315491
Epoch 3/9
	 Logging train Loss: 1.7359e-06 [MSELoss(): t(0,0)_r(0,0)_combi_pTrue_gTrue]
	 Logging test loss: 2.303e-07 [MSELoss(): t(0,0)_r(0,0)_combi_pTrue_gTrue]
	 Logging test loss: 6.095e-07 [MSELoss(): t(0,0)_r(0,0)_tennis_pTrue_gTrue]
	 Logging test loss: 2.47e-08 [MSELoss(): t(0,0)_r(0,0)_full_pTrue_gTrue]
	 Logging test loss: 4.388e-07 [MSELoss(): t(0,0)_r(0,0)_semi_pTrue_gTrue]
		--> Epoch time; 33.767669916152954
Epoch 4/9
	 Logging train Loss: 1.3772e-06 [MSELoss(): t(0,0)_r(0,0)_combi_pTrue_gTrue]
	 Logging test loss: 4.013e-07 [MSELoss(): t(0,0)_r(0,0)_combi_pTrue_gTrue]
	 Logging test loss: 8.712e-07 [MSELoss(): t(0,0)_r(0,0)_tennis_pTrue_gTrue]
	 Logging test loss: 6.27e-08 [MSELoss(): t(0,0)_r(0,0)_full_pTrue_gTrue]
	 Logging test loss: 7.329e-07 [MSELoss(): t(0,0)_r(0,0)_semi_pTrue_gTrue]
		--> Epoch time; 33.59734582901001
Epoch 5/9
	 Logging train Loss: 1.7626e-06 [MSELoss(): t(0,0)_r(0,0)_combi_pTrue_gTrue]
	 Logging test loss: 2.7267e-06 [MSELoss(): t(0,0)_r(0,0)_combi_pTrue_gTrue]
	 Logging test loss: 5.6721e-06 [MSELoss(): t(0,0)_r(0,0)_tennis_pTrue_gTrue]
	 Logging test loss: 2.141e-07 [MSELoss(): t(0,0)_r(0,0)_full_pTrue_gTrue]
	 Logging test loss: 5.0019e-06 [MSELoss(): t(0,0)_r(0,0)_semi_pTrue_gTrue]
		--> Epoch time; 33.79373550415039
Epoch 6/9
	 Logging train Loss: 1.8507e-06 [MSELoss(): t(0,0)_r(0,0)_combi_pTrue_gTrue]
	 Logging test loss: 9.74e-08 [MSELoss(): t(0,0)_r(0,0)_combi_pTrue_gTrue]
	 Logging test loss: 2.353e-07 [MSELoss(): t(0,0)_r(0,0)_tennis_pTrue_gTrue]
	 Logging test loss: 1.11e-08 [MSELoss(): t(0,0)_r(0,0)_full_pTrue_gTrue]
	 Logging test loss: 1.809e-07 [MSELoss(): t(0,0)_r(0,0)_semi_pTrue_gTrue]
		--> Epoch time; 34.00726890563965
Epoch 7/9
	 Logging train Loss: 8.624e-07 [MSELoss(): t(0,0)_r(0,0)_combi_pTrue_gTrue]
	 Logging test loss: 8.28e-07 [MSELoss(): t(0,0)_r(0,0)_combi_pTrue_gTrue]
	 Logging test loss: 1.6518e-06 [MSELoss(): t(0,0)_r(0,0)_tennis_pTrue_gTrue]
	 Logging test loss: 1.227e-07 [MSELoss(): t(0,0)_r(0,0)_full_pTrue_gTrue]
	 Logging test loss: 1.5068e-06 [MSELoss(): t(0,0)_r(0,0)_semi_pTrue_gTrue]
		--> Epoch time; 34.01080799102783
Epoch 8/9
	 Logging train Loss: 1.0922e-06 [MSELoss(): t(0,0)_r(0,0)_combi_pTrue_gTrue]
	 Logging test loss: 5.97e-08 [MSELoss(): t(0,0)_r(0,0)_combi_pTrue_gTrue]
	 Logging test loss: 1.282e-07 [MSELoss(): t(0,0)_r(0,0)_tennis_pTrue_gTrue]
	 Logging test loss: 9.5e-09 [MSELoss(): t(0,0)_r(0,0)_full_pTrue_gTrue]
	 Logging test loss: 1.067e-07 [MSELoss(): t(0,0)_r(0,0)_semi_pTrue_gTrue]
		--> Epoch time; 33.892996311187744
Epoch 9/9
	 Logging train Loss: 1.1083e-06 [MSELoss(): t(0,0)_r(0,0)_combi_pTrue_gTrue]
	 Logging test loss: 4.78e-08 [MSELoss(): t(0,0)_r(0,0)_combi_pTrue_gTrue]
	 Logging test loss: 1.005e-07 [MSELoss(): t(0,0)_r(0,0)_tennis_pTrue_gTrue]
	 Logging test loss: 7.4e-09 [MSELoss(): t(0,0)_r(0,0)_full_pTrue_gTrue]
	 Logging test loss: 8.67e-08 [MSELoss(): t(0,0)_r(0,0)_semi_pTrue_gTrue]
		--> Epoch time; 33.883495569229126
Saved model in  trained_models/gru/data_t(0,0)_r(0,0)_combi_pTrue_gTrue/'dual_quat_1'_'False'.pth
It took  446.2360382080078  seconds.

JOB STATISTICS
==============
Job ID: 3081651
Array Job ID: 3081615_37
Cluster: snellius
User/Group: nreints/nreints
State: COMPLETED (exit code 0)
Nodes: 1
Cores per node: 18
CPU Utilized: 01:22:58
CPU Efficiency: 6.15% of 22:28:30 core-walltime
Job Wall-clock time: 01:14:55
Memory Utilized: 7.58 GB
Memory Efficiency: 0.00% of 0.00 MB
