wandb: Currently logged in as: nreints. Use `wandb login --relogin` to force relogin
wandb: Tracking run with wandb version 0.14.0
wandb: Run data is saved locally in /gpfs/home2/nreints/MScThesis/code/wandb/run-20230329_133620-m4tt0s2k
wandb: Run `wandb offline` to turn off syncing.
wandb: Syncing run olive-morning-512
wandb: â­ï¸ View project at https://wandb.ai/nreints/test
wandb: ðŸš€ View run at https://wandb.ai/nreints/test/runs/m4tt0s2k
wandb: Waiting for W&B process to finish... (success).
wandb: - 0.031 MB of 0.031 MB uploaded (0.000 MB deduped)wandb: \ 0.031 MB of 0.031 MB uploaded (0.000 MB deduped)wandb: | 0.031 MB of 0.031 MB uploaded (0.000 MB deduped)wandb: / 0.031 MB of 0.031 MB uploaded (0.000 MB deduped)wandb: 
wandb: Run history:
wandb:                                                    Epoch â–â–‚â–ƒâ–ƒâ–„â–…â–†â–†â–‡â–ˆ
wandb: Test loss t(0, 0)_r(5, 20)_tennis_pNone_gNone, MSELoss() â–ˆâ–‚â–‚â–‚â–â–â–â–â–â–‚â–‚
wandb:                                               Train loss â–ˆâ–â–â–â–â–â–â–â–â–
wandb: 
wandb: Run summary:
wandb:                                                    Epoch 9
wandb: Test loss t(0, 0)_r(5, 20)_tennis_pNone_gNone, MSELoss() 0.07056
wandb:                                               Train loss 0.03771
wandb: 
wandb: ðŸš€ View run olive-morning-512 at: https://wandb.ai/nreints/test/runs/m4tt0s2k
wandb: Synced 6 W&B file(s), 0 media file(s), 0 artifact file(s) and 1 other file(s)
wandb: Find logs at: ./wandb/run-20230329_133620-m4tt0s2k/logs
wandb: - Waiting for wandb.init()...wandb: \ Waiting for wandb.init()...wandb: Tracking run with wandb version 0.14.0
wandb: Run data is saved locally in /gpfs/home2/nreints/MScThesis/code/wandb/run-20230329_134420-c0igeqnh
wandb: Run `wandb offline` to turn off syncing.
wandb: Syncing run charmed-flower-523
wandb: â­ï¸ View project at https://wandb.ai/nreints/test
wandb: ðŸš€ View run at https://wandb.ai/nreints/test/runs/c0igeqnh
wandb: Waiting for W&B process to finish... (success).
wandb: - 0.031 MB of 0.031 MB uploaded (0.000 MB deduped)wandb: \ 0.031 MB of 0.031 MB uploaded (0.000 MB deduped)wandb: | 0.031 MB of 0.031 MB uploaded (0.000 MB deduped)wandb: / 0.031 MB of 0.031 MB uploaded (0.000 MB deduped)wandb: 
wandb: Run history:
wandb:                                                    Epoch â–â–‚â–ƒâ–ƒâ–„â–…â–†â–†â–‡â–ˆ
wandb: Test loss t(0, 0)_r(5, 20)_tennis_pNone_gNone, MSELoss() â–ˆâ–†â–ƒâ–‚â–ƒâ–‚â–â–â–â–â–
wandb:                                               Train loss â–ˆâ–â–â–â–â–â–â–â–â–
wandb: 
wandb: Run summary:
wandb:                                                    Epoch 9
wandb: Test loss t(0, 0)_r(5, 20)_tennis_pNone_gNone, MSELoss() 0.03306
wandb:                                               Train loss 0.03701
wandb: 
wandb: ðŸš€ View run charmed-flower-523 at: https://wandb.ai/nreints/test/runs/c0igeqnh
wandb: Synced 6 W&B file(s), 0 media file(s), 0 artifact file(s) and 1 other file(s)
wandb: Find logs at: ./wandb/run-20230329_134420-c0igeqnh/logs
Running for data type: quat
----- ITERATION 1/2 ------
Number of train simulations: 1600
Number of test simulations: 400
-- Finished Train Dataloader --
-- Finished Test Dataloader(s) --
GRU(
  (rnn): GRU(7, 96, batch_first=True)
  (fc): Linear(in_features=96, out_features=7, bias=True)
)
-- Started Training --
Epoch 0
	 Logging train Loss: 43.3827473089 (MSELoss(): data_t(0, 0)_r(5, 20)_tennis_pNone_gNone)
	 Logging test loss: 0.5552225112915039 (MSELoss(): t(0, 0)_r(5, 20)_tennis_pNone_gNone)
     --> Epoch time; 42.91586422920227
Epoch 1
	 Logging train Loss: 0.2022829552 (MSELoss(): data_t(0, 0)_r(5, 20)_tennis_pNone_gNone)
	 Logging test loss: 0.11820962280035019 (MSELoss(): t(0, 0)_r(5, 20)_tennis_pNone_gNone)
     --> Epoch time; 41.19464945793152
Epoch 2
	 Logging train Loss: 0.1166984344 (MSELoss(): data_t(0, 0)_r(5, 20)_tennis_pNone_gNone)
	 Logging test loss: 0.1025293841958046 (MSELoss(): t(0, 0)_r(5, 20)_tennis_pNone_gNone)
     --> Epoch time; 41.138683557510376
Epoch 3
	 Logging train Loss: 0.0976749517 (MSELoss(): data_t(0, 0)_r(5, 20)_tennis_pNone_gNone)
	 Logging test loss: 0.08033321052789688 (MSELoss(): t(0, 0)_r(5, 20)_tennis_pNone_gNone)
     --> Epoch time; 41.02904939651489
Epoch 4
	 Logging train Loss: 0.0861931917 (MSELoss(): data_t(0, 0)_r(5, 20)_tennis_pNone_gNone)
	 Logging test loss: 0.06738046556711197 (MSELoss(): t(0, 0)_r(5, 20)_tennis_pNone_gNone)
     --> Epoch time; 41.180349349975586
Epoch 5
	 Logging train Loss: 0.0686002 (MSELoss(): data_t(0, 0)_r(5, 20)_tennis_pNone_gNone)
	 Logging test loss: 0.05221830680966377 (MSELoss(): t(0, 0)_r(5, 20)_tennis_pNone_gNone)
     --> Epoch time; 41.131672382354736
Epoch 6
	 Logging train Loss: 0.0606733253 (MSELoss(): data_t(0, 0)_r(5, 20)_tennis_pNone_gNone)
	 Logging test loss: 0.05051519349217415 (MSELoss(): t(0, 0)_r(5, 20)_tennis_pNone_gNone)
     --> Epoch time; 41.26719665527344
Epoch 7
	 Logging train Loss: 0.0524935347 (MSELoss(): data_t(0, 0)_r(5, 20)_tennis_pNone_gNone)
	 Logging test loss: 0.04083533585071564 (MSELoss(): t(0, 0)_r(5, 20)_tennis_pNone_gNone)
     --> Epoch time; 40.89850425720215
Epoch 8
	 Logging train Loss: 0.0459302895 (MSELoss(): data_t(0, 0)_r(5, 20)_tennis_pNone_gNone)
	 Logging test loss: 0.030800532549619675 (MSELoss(): t(0, 0)_r(5, 20)_tennis_pNone_gNone)
     --> Epoch time; 40.80971097946167
Epoch 9
	 Logging train Loss: 0.0377134748 (MSELoss(): data_t(0, 0)_r(5, 20)_tennis_pNone_gNone)
	 Logging test loss: 0.07057137787342072 (MSELoss(): t(0, 0)_r(5, 20)_tennis_pNone_gNone)
     --> Epoch time; 40.92630696296692
	 Logging test loss: 0.0705607607960701 (MSELoss(): t(0, 0)_r(5, 20)_tennis_pNone_gNone)
It took  480.90032601356506  seconds.
----- ITERATION 2/2 ------
Number of train simulations: 1600
Number of test simulations: 400
-- Finished Train Dataloader --
-- Finished Test Dataloader(s) --
GRU(
  (rnn): GRU(7, 96, batch_first=True)
  (fc): Linear(in_features=96, out_features=7, bias=True)
)
-- Started Training --
Epoch 0
	 Logging train Loss: 20.925517878 (MSELoss(): data_t(0, 0)_r(5, 20)_tennis_pNone_gNone)
	 Logging test loss: 0.3149198591709137 (MSELoss(): t(0, 0)_r(5, 20)_tennis_pNone_gNone)
     --> Epoch time; 41.49352788925171
Epoch 1
	 Logging train Loss: 0.1481164237 (MSELoss(): data_t(0, 0)_r(5, 20)_tennis_pNone_gNone)
	 Logging test loss: 0.21620900928974152 (MSELoss(): t(0, 0)_r(5, 20)_tennis_pNone_gNone)
     --> Epoch time; 41.28450155258179
Epoch 2
	 Logging train Loss: 0.1094368704 (MSELoss(): data_t(0, 0)_r(5, 20)_tennis_pNone_gNone)
	 Logging test loss: 0.09707403928041458 (MSELoss(): t(0, 0)_r(5, 20)_tennis_pNone_gNone)
     --> Epoch time; 41.054564476013184
Epoch 3
	 Logging train Loss: 0.0896250033 (MSELoss(): data_t(0, 0)_r(5, 20)_tennis_pNone_gNone)
	 Logging test loss: 0.06363711506128311 (MSELoss(): t(0, 0)_r(5, 20)_tennis_pNone_gNone)
     --> Epoch time; 41.34280514717102
Epoch 4
	 Logging train Loss: 0.0742665025 (MSELoss(): data_t(0, 0)_r(5, 20)_tennis_pNone_gNone)
	 Logging test loss: 0.09575288742780685 (MSELoss(): t(0, 0)_r(5, 20)_tennis_pNone_gNone)
     --> Epoch time; 45.34184169769287
Epoch 5
	 Logging train Loss: 0.0648380325 (MSELoss(): data_t(0, 0)_r(5, 20)_tennis_pNone_gNone)
	 Logging test loss: 0.05694558098912239 (MSELoss(): t(0, 0)_r(5, 20)_tennis_pNone_gNone)
     --> Epoch time; 42.87118744850159
Epoch 6
	 Logging train Loss: 0.0551267199 (MSELoss(): data_t(0, 0)_r(5, 20)_tennis_pNone_gNone)
	 Logging test loss: 0.04248742386698723 (MSELoss(): t(0, 0)_r(5, 20)_tennis_pNone_gNone)
     --> Epoch time; 44.39045739173889
Epoch 7
	 Logging train Loss: 0.0462141865 (MSELoss(): data_t(0, 0)_r(5, 20)_tennis_pNone_gNone)
	 Logging test loss: 0.038728926330804825 (MSELoss(): t(0, 0)_r(5, 20)_tennis_pNone_gNone)
     --> Epoch time; 41.09692120552063
Epoch 8
	 Logging train Loss: 0.0405232719 (MSELoss(): data_t(0, 0)_r(5, 20)_tennis_pNone_gNone)
	 Logging test loss: 0.04595419019460678 (MSELoss(): t(0, 0)_r(5, 20)_tennis_pNone_gNone)
     --> Epoch time; 41.42590141296387
Epoch 9
	 Logging train Loss: 0.0370107251 (MSELoss(): data_t(0, 0)_r(5, 20)_tennis_pNone_gNone)
	 Logging test loss: 0.033068474382162094 (MSELoss(): t(0, 0)_r(5, 20)_tennis_pNone_gNone)
     --> Epoch time; 41.02649450302124
	 Logging test loss: 0.033057212829589844 (MSELoss(): t(0, 0)_r(5, 20)_tennis_pNone_gNone)
It took  484.58362865448  seconds.

JOB STATISTICS
==============
Job ID: 2514795
Array Job ID: 2514792_3
Cluster: snellius
User/Group: nreints/nreints
State: COMPLETED (exit code 0)
Nodes: 1
Cores per node: 18
CPU Utilized: 03:17:02
CPU Efficiency: 66.95% of 04:54:18 core-walltime
Job Wall-clock time: 00:16:21
Memory Utilized: 25.08 GB
Memory Efficiency: 80.25% of 31.25 GB
