wandb: Currently logged in as: nreints. Use `wandb login --relogin` to force relogin
wandb: wandb version 0.15.5 is available!  To upgrade, please run:
wandb:  $ pip install wandb --upgrade
wandb: Tracking run with wandb version 0.14.0
wandb: Run data is saved locally in /gpfs/home2/nreints/MScThesis/code/wandb/run-20230716_125116-4e5t4ft0
wandb: Run `wandb offline` to turn off syncing.
wandb: Syncing run earthy-fire-22
wandb: â­ï¸ View project at https://wandb.ai/nreints/ThesisFinal2Grav%2Bcoll
wandb: ðŸš€ View run at https://wandb.ai/nreints/ThesisFinal2Grav%2Bcoll/runs/4e5t4ft0
wandb: Waiting for W&B process to finish... (success).
wandb: 
wandb: Run history:
wandb:                                       Epoch â–â–‚â–ƒâ–ƒâ–„â–…â–†â–†â–‡â–ˆ
wandb:  Test loss t(5,20)_r(0,0)_combi_pTrue_gTrue â–„â–ˆâ–â–‚â–â–â–â–â–‚â–
wandb:   Test loss t(5,20)_r(0,0)_full_pTrue_gTrue â–ˆâ–„â–‚â–‚â–‚â–â–â–‚â–‚â–
wandb:   Test loss t(5,20)_r(0,0)_semi_pTrue_gTrue â–ƒâ–ˆâ–â–‚â–â–â–â–â–â–
wandb: Test loss t(5,20)_r(0,0)_tennis_pTrue_gTrue â–ƒâ–ˆâ–â–‚â–â–â–â–â–â–
wandb:                                  Train loss â–ˆâ–â–â–â–â–â–â–â–â–
wandb: 
wandb: Run summary:
wandb:                                       Epoch 9
wandb:  Test loss t(5,20)_r(0,0)_combi_pTrue_gTrue 0.0
wandb:   Test loss t(5,20)_r(0,0)_full_pTrue_gTrue 0.0
wandb:   Test loss t(5,20)_r(0,0)_semi_pTrue_gTrue 0.0
wandb: Test loss t(5,20)_r(0,0)_tennis_pTrue_gTrue 0.0
wandb:                                  Train loss 0.0
wandb: 
wandb: ðŸš€ View run earthy-fire-22 at: https://wandb.ai/nreints/ThesisFinal2Grav%2Bcoll/runs/4e5t4ft0
wandb: Synced 6 W&B file(s), 0 media file(s), 3 artifact file(s) and 1 other file(s)
wandb: Find logs at: ./wandb/run-20230716_125116-4e5t4ft0/logs
wandb: - Waiting for wandb.init()...wandb: \ Waiting for wandb.init()...wandb: wandb version 0.15.5 is available!  To upgrade, please run:
wandb:  $ pip install wandb --upgrade
wandb: Tracking run with wandb version 0.14.0
wandb: Run data is saved locally in /gpfs/home2/nreints/MScThesis/code/wandb/run-20230716_130248-v7dlsonp
wandb: Run `wandb offline` to turn off syncing.
wandb: Syncing run eager-snow-73
wandb: â­ï¸ View project at https://wandb.ai/nreints/ThesisFinal2Grav%2Bcoll
wandb: ðŸš€ View run at https://wandb.ai/nreints/ThesisFinal2Grav%2Bcoll/runs/v7dlsonp
Training on dataset: data_t(5,20)_r(0,0)_combi_pTrue_gTrue
Testing on 4 datasets: ['data_t(5,20)_r(0,0)_tennis_pTrue_gTrue', 'data_t(5,20)_r(0,0)_full_pTrue_gTrue', 'data_t(5,20)_r(0,0)_combi_pTrue_gTrue', 'data_t(5,20)_r(0,0)_semi_pTrue_gTrue']
Focussing on identity: True
Using extra input: False
Using fr-fr as reference point.
----- ITERATION 1/10 ------
Number of train simulations:  1920
Number of test simulations:  480
The dataloader for data/data_t(5,20)_r(0,0)_combi_pTrue_gTrue took 51.41461420059204 seconds.
-- Finished Train Dataloader --
The dataloader for data/data_t(5,20)_r(0,0)_tennis_pTrue_gTrue took 13.133182764053345 seconds.
The dataloader for data/data_t(5,20)_r(0,0)_full_pTrue_gTrue took 12.891177654266357 seconds.
The dataloader for data/data_t(5,20)_r(0,0)_combi_pTrue_gTrue took 12.993543863296509 seconds.
The dataloader for data/data_t(5,20)_r(0,0)_semi_pTrue_gTrue took 13.121309995651245 seconds.
-- Finished Test Dataloader(s) --
GRU(
  (rnn): GRU(12, 96, batch_first=True)
  (fc): Linear(in_features=96, out_features=12, bias=True)
)
Datatype: rot_mat_1
-- Started Training --
Epoch 0/9
	 Logging train Loss: 0.0001453689 [MSELoss(): t(5,20)_r(0,0)_combi_pTrue_gTrue]
	 Logging test loss: 7.5957e-06 [MSELoss(): t(5,20)_r(0,0)_tennis_pTrue_gTrue]
	 Logging test loss: 5.5807e-06 [MSELoss(): t(5,20)_r(0,0)_full_pTrue_gTrue]
	 Logging test loss: 6.5897e-06 [MSELoss(): t(5,20)_r(0,0)_combi_pTrue_gTrue]
	 Logging test loss: 7.0733e-06 [MSELoss(): t(5,20)_r(0,0)_semi_pTrue_gTrue]
		--> Epoch time; 57.76251745223999
Epoch 1/9
	 Logging train Loss: 3.1887e-06 [MSELoss(): t(5,20)_r(0,0)_combi_pTrue_gTrue]
	 Logging test loss: 2.27684e-05 [MSELoss(): t(5,20)_r(0,0)_tennis_pTrue_gTrue]
	 Logging test loss: 2.2371e-06 [MSELoss(): t(5,20)_r(0,0)_full_pTrue_gTrue]
	 Logging test loss: 1.30035e-05 [MSELoss(): t(5,20)_r(0,0)_combi_pTrue_gTrue]
	 Logging test loss: 2.18715e-05 [MSELoss(): t(5,20)_r(0,0)_semi_pTrue_gTrue]
		--> Epoch time; 57.04941749572754
Epoch 2/9
	 Logging train Loss: 1.5588e-06 [MSELoss(): t(5,20)_r(0,0)_combi_pTrue_gTrue]
	 Logging test loss: 9.111e-07 [MSELoss(): t(5,20)_r(0,0)_tennis_pTrue_gTrue]
	 Logging test loss: 7.216e-07 [MSELoss(): t(5,20)_r(0,0)_full_pTrue_gTrue]
	 Logging test loss: 8.044e-07 [MSELoss(): t(5,20)_r(0,0)_combi_pTrue_gTrue]
	 Logging test loss: 8.464e-07 [MSELoss(): t(5,20)_r(0,0)_semi_pTrue_gTrue]
		--> Epoch time; 58.20997190475464
Epoch 3/9
	 Logging train Loss: 9.835e-07 [MSELoss(): t(5,20)_r(0,0)_combi_pTrue_gTrue]
	 Logging test loss: 2.2253e-06 [MSELoss(): t(5,20)_r(0,0)_tennis_pTrue_gTrue]
	 Logging test loss: 8.446e-07 [MSELoss(): t(5,20)_r(0,0)_full_pTrue_gTrue]
	 Logging test loss: 1.5385e-06 [MSELoss(): t(5,20)_r(0,0)_combi_pTrue_gTrue]
	 Logging test loss: 2.0702e-06 [MSELoss(): t(5,20)_r(0,0)_semi_pTrue_gTrue]
		--> Epoch time; 58.72086191177368
Epoch 4/9
	 Logging train Loss: 9.044e-07 [MSELoss(): t(5,20)_r(0,0)_combi_pTrue_gTrue]
	 Logging test loss: 7.789e-07 [MSELoss(): t(5,20)_r(0,0)_tennis_pTrue_gTrue]
	 Logging test loss: 6.709e-07 [MSELoss(): t(5,20)_r(0,0)_full_pTrue_gTrue]
	 Logging test loss: 7.126e-07 [MSELoss(): t(5,20)_r(0,0)_combi_pTrue_gTrue]
	 Logging test loss: 7.477e-07 [MSELoss(): t(5,20)_r(0,0)_semi_pTrue_gTrue]
		--> Epoch time; 57.466323375701904
Epoch 5/9
	 Logging train Loss: 8.603e-07 [MSELoss(): t(5,20)_r(0,0)_combi_pTrue_gTrue]
	 Logging test loss: 3.17e-07 [MSELoss(): t(5,20)_r(0,0)_tennis_pTrue_gTrue]
	 Logging test loss: 2.755e-07 [MSELoss(): t(5,20)_r(0,0)_full_pTrue_gTrue]
	 Logging test loss: 2.891e-07 [MSELoss(): t(5,20)_r(0,0)_combi_pTrue_gTrue]
	 Logging test loss: 2.897e-07 [MSELoss(): t(5,20)_r(0,0)_semi_pTrue_gTrue]
		--> Epoch time; 57.230862617492676
Epoch 6/9
	 Logging train Loss: 6.642e-07 [MSELoss(): t(5,20)_r(0,0)_combi_pTrue_gTrue]
	 Logging test loss: 2.802e-07 [MSELoss(): t(5,20)_r(0,0)_tennis_pTrue_gTrue]
	 Logging test loss: 2.003e-07 [MSELoss(): t(5,20)_r(0,0)_full_pTrue_gTrue]
	 Logging test loss: 2.39e-07 [MSELoss(): t(5,20)_r(0,0)_combi_pTrue_gTrue]
	 Logging test loss: 2.62e-07 [MSELoss(): t(5,20)_r(0,0)_semi_pTrue_gTrue]
		--> Epoch time; 56.962132692337036
Epoch 7/9
	 Logging train Loss: 6.828e-07 [MSELoss(): t(5,20)_r(0,0)_combi_pTrue_gTrue]
	 Logging test loss: 1.0024e-06 [MSELoss(): t(5,20)_r(0,0)_tennis_pTrue_gTrue]
	 Logging test loss: 9.252e-07 [MSELoss(): t(5,20)_r(0,0)_full_pTrue_gTrue]
	 Logging test loss: 9.6e-07 [MSELoss(): t(5,20)_r(0,0)_combi_pTrue_gTrue]
	 Logging test loss: 9.809e-07 [MSELoss(): t(5,20)_r(0,0)_semi_pTrue_gTrue]
		--> Epoch time; 56.85702919960022
Epoch 8/9
	 Logging train Loss: 6.286e-07 [MSELoss(): t(5,20)_r(0,0)_combi_pTrue_gTrue]
	 Logging test loss: 1.3546e-06 [MSELoss(): t(5,20)_r(0,0)_tennis_pTrue_gTrue]
	 Logging test loss: 1.242e-06 [MSELoss(): t(5,20)_r(0,0)_full_pTrue_gTrue]
	 Logging test loss: 1.3024e-06 [MSELoss(): t(5,20)_r(0,0)_combi_pTrue_gTrue]
	 Logging test loss: 1.3325e-06 [MSELoss(): t(5,20)_r(0,0)_semi_pTrue_gTrue]
		--> Epoch time; 56.88308525085449
Epoch 9/9
	 Logging train Loss: 5.646e-07 [MSELoss(): t(5,20)_r(0,0)_combi_pTrue_gTrue]
	 Logging test loss: 2.257e-07 [MSELoss(): t(5,20)_r(0,0)_tennis_pTrue_gTrue]
	 Logging test loss: 2e-07 [MSELoss(): t(5,20)_r(0,0)_full_pTrue_gTrue]
	 Logging test loss: 2.112e-07 [MSELoss(): t(5,20)_r(0,0)_combi_pTrue_gTrue]
	 Logging test loss: 2.16e-07 [MSELoss(): t(5,20)_r(0,0)_semi_pTrue_gTrue]
		--> Epoch time; 57.180371046066284
Saved model in  trained_models/gru/data_t(5,20)_r(0,0)_combi_pTrue_gTrue/'rot_mat_1'_'False'.pth
It took  693.5582172870636  seconds.
----- ITERATION 2/10 ------
Number of train simulations:  1920
Number of test simulations:  480
The dataloader for data/data_t(5,20)_r(0,0)_combi_pTrue_gTrue took 50.33661985397339 seconds.
-- Finished Train Dataloader --
The dataloader for data/data_t(5,20)_r(0,0)_tennis_pTrue_gTrue took 12.81260061264038 seconds.
The dataloader for data/data_t(5,20)_r(0,0)_full_pTrue_gTrue took 12.869081258773804 seconds.
The dataloader for data/data_t(5,20)_r(0,0)_combi_pTrue_gTrue took 12.62548542022705 seconds.
The dataloader for data/data_t(5,20)_r(0,0)_semi_pTrue_gTrue took 12.848722457885742 seconds.
-- Finished Test Dataloader(s) --
GRU(
  (rnn): GRU(12, 96, batch_first=True)
  (fc): Linear(in_features=96, out_features=12, bias=True)
)
Datatype: rot_mat_1
-- Started Training --
Epoch 0/9
	 Logging train Loss: 7.9903e-05 [MSELoss(): t(5,20)_r(0,0)_combi_pTrue_gTrue]
	 Logging test loss: 4.6808e-06 [MSELoss(): t(5,20)_r(0,0)_tennis_pTrue_gTrue]
	 Logging test loss: 3.4313e-06 [MSELoss(): t(5,20)_r(0,0)_full_pTrue_gTrue]
	 Logging test loss: 3.9502e-06 [MSELoss(): t(5,20)_r(0,0)_combi_pTrue_gTrue]
	 Logging test loss: 4.6819e-06 [MSELoss(): t(5,20)_r(0,0)_semi_pTrue_gTrue]
		--> Epoch time; 57.35009837150574
Epoch 1/9
	 Logging train Loss: 2.4367e-06 [MSELoss(): t(5,20)_r(0,0)_combi_pTrue_gTrue]
	 Logging test loss: 1.368e-06 [MSELoss(): t(5,20)_r(0,0)_tennis_pTrue_gTrue]
	 Logging test loss: 1.1431e-06 [MSELoss(): t(5,20)_r(0,0)_full_pTrue_gTrue]
	 Logging test loss: 1.2349e-06 [MSELoss(): t(5,20)_r(0,0)_combi_pTrue_gTrue]
	 Logging test loss: 1.3735e-06 [MSELoss(): t(5,20)_r(0,0)_semi_pTrue_gTrue]
		--> Epoch time; 57.30526566505432
Epoch 2/9
	 Logging train Loss: 1.3272e-06 [MSELoss(): t(5,20)_r(0,0)_combi_pTrue_gTrue]
	 Logging test loss: 1.3115e-06 [MSELoss(): t(5,20)_r(0,0)_tennis_pTrue_gTrue]
	 Logging test loss: 1.065e-06 [MSELoss(): t(5,20)_r(0,0)_full_pTrue_gTrue]
	 Logging test loss: 1.1649e-06 [MSELoss(): t(5,20)_r(0,0)_combi_pTrue_gTrue]
	 Logging test loss: 1.2924e-06 [MSELoss(): t(5,20)_r(0,0)_semi_pTrue_gTrue]
		--> Epoch time; 57.1667914390564
Epoch 3/9
	 Logging train Loss: 1.0194e-06 [MSELoss(): t(5,20)_r(0,0)_combi_pTrue_gTrue]
	 Logging test loss: 1.3717e-06 [MSELoss(): t(5,20)_r(0,0)_tennis_pTrue_gTrue]
	 Logging test loss: 1.2501e-06 [MSELoss(): t(5,20)_r(0,0)_full_pTrue_gTrue]
	 Logging test loss: 1.2962e-06 [MSELoss(): t(5,20)_r(0,0)_combi_pTrue_gTrue]
	 Logging test loss: 1.3566e-06 [MSELoss(): t(5,20)_r(0,0)_semi_pTrue_gTrue]
		--> Epoch time; 57.13110947608948
Epoch 4/9
	 Logging train Loss: 1.0015e-06 [MSELoss(): t(5,20)_r(0,0)_combi_pTrue_gTrue]
wandb: Waiting for W&B process to finish... (success).
wandb: 
wandb: Run history:
wandb:                                       Epoch â–â–‚â–ƒâ–ƒâ–„â–…â–†â–†â–‡â–ˆ
wandb:  Test loss t(5,20)_r(0,0)_combi_pTrue_gTrue â–ˆâ–ƒâ–ƒâ–ƒâ–‚â–â–‚â–â–‚â–
wandb:   Test loss t(5,20)_r(0,0)_full_pTrue_gTrue â–ˆâ–ƒâ–ƒâ–ƒâ–â–â–â–â–â–
wandb:   Test loss t(5,20)_r(0,0)_semi_pTrue_gTrue â–ˆâ–ƒâ–ƒâ–ƒâ–ƒâ–â–„â–â–‚â–
wandb: Test loss t(5,20)_r(0,0)_tennis_pTrue_gTrue â–ˆâ–ƒâ–ƒâ–ƒâ–ƒâ–â–„â–â–‚â–
wandb:                                  Train loss â–ˆâ–â–â–â–â–â–â–â–â–
wandb: 
wandb: Run summary:
wandb:                                       Epoch 9
wandb:  Test loss t(5,20)_r(0,0)_combi_pTrue_gTrue 0.0
wandb:   Test loss t(5,20)_r(0,0)_full_pTrue_gTrue 0.0
wandb:   Test loss t(5,20)_r(0,0)_semi_pTrue_gTrue 0.0
wandb: Test loss t(5,20)_r(0,0)_tennis_pTrue_gTrue 0.0
wandb:                                  Train loss 0.0
wandb: 
wandb: ðŸš€ View run eager-snow-73 at: https://wandb.ai/nreints/ThesisFinal2Grav%2Bcoll/runs/v7dlsonp
wandb: Synced 7 W&B file(s), 0 media file(s), 4 artifact file(s) and 1 other file(s)
wandb: Find logs at: ./wandb/run-20230716_130248-v7dlsonp/logs
wandb: - Waiting for wandb.init()...wandb: \ Waiting for wandb.init()...wandb: wandb version 0.15.5 is available!  To upgrade, please run:
wandb:  $ pip install wandb --upgrade
wandb: Tracking run with wandb version 0.14.0
wandb: Run data is saved locally in /gpfs/home2/nreints/MScThesis/code/wandb/run-20230716_131414-td7liq8s
wandb: Run `wandb offline` to turn off syncing.
wandb: Syncing run sparkling-wildflower-131
wandb: â­ï¸ View project at https://wandb.ai/nreints/ThesisFinal2Grav%2Bcoll
wandb: ðŸš€ View run at https://wandb.ai/nreints/ThesisFinal2Grav%2Bcoll/runs/td7liq8s
wandb: Waiting for W&B process to finish... (success).
wandb: 
wandb: Run history:
wandb:                                       Epoch â–â–‚â–ƒâ–ƒâ–„â–…â–†â–†â–‡â–ˆ
wandb:  Test loss t(5,20)_r(0,0)_combi_pTrue_gTrue â–ˆâ–ƒâ–‚â–â–â–‚â–â–â–â–
wandb:   Test loss t(5,20)_r(0,0)_full_pTrue_gTrue â–ˆâ–ƒâ–‚â–â–â–‚â–â–â–â–
wandb:   Test loss t(5,20)_r(0,0)_semi_pTrue_gTrue â–ˆâ–ƒâ–‚â–â–â–‚â–‚â–â–â–
wandb: Test loss t(5,20)_r(0,0)_tennis_pTrue_gTrue â–ˆâ–ƒâ–‚â–â–â–‚â–‚â–â–â–
wandb:                                  Train loss â–ˆâ–â–â–â–â–â–â–â–â–
wandb: 
wandb: Run summary:
wandb:                                       Epoch 9
wandb:  Test loss t(5,20)_r(0,0)_combi_pTrue_gTrue 0.0
wandb:   Test loss t(5,20)_r(0,0)_full_pTrue_gTrue 0.0
wandb:   Test loss t(5,20)_r(0,0)_semi_pTrue_gTrue 0.0
wandb: Test loss t(5,20)_r(0,0)_tennis_pTrue_gTrue 0.0
wandb:                                  Train loss 0.0
wandb: 
wandb: ðŸš€ View run sparkling-wildflower-131 at: https://wandb.ai/nreints/ThesisFinal2Grav%2Bcoll/runs/td7liq8s
wandb: Synced 7 W&B file(s), 0 media file(s), 4 artifact file(s) and 1 other file(s)
wandb: Find logs at: ./wandb/run-20230716_131414-td7liq8s/logs
wandb: - Waiting for wandb.init()...wandb: \ Waiting for wandb.init()...wandb: wandb version 0.15.5 is available!  To upgrade, please run:
wandb:  $ pip install wandb --upgrade
wandb: Tracking run with wandb version 0.14.0
wandb: Run data is saved locally in /gpfs/home2/nreints/MScThesis/code/wandb/run-20230716_132600-xoaj6l08
wandb: Run `wandb offline` to turn off syncing.
wandb: Syncing run smart-donkey-189
wandb: â­ï¸ View project at https://wandb.ai/nreints/ThesisFinal2Grav%2Bcoll
wandb: ðŸš€ View run at https://wandb.ai/nreints/ThesisFinal2Grav%2Bcoll/runs/xoaj6l08
	 Logging test loss: 1.3072e-06 [MSELoss(): t(5,20)_r(0,0)_tennis_pTrue_gTrue]
	 Logging test loss: 2.189e-07 [MSELoss(): t(5,20)_r(0,0)_full_pTrue_gTrue]
	 Logging test loss: 7.002e-07 [MSELoss(): t(5,20)_r(0,0)_combi_pTrue_gTrue]
	 Logging test loss: 1.2882e-06 [MSELoss(): t(5,20)_r(0,0)_semi_pTrue_gTrue]
		--> Epoch time; 57.20071315765381
Epoch 5/9
	 Logging train Loss: 8.106e-07 [MSELoss(): t(5,20)_r(0,0)_combi_pTrue_gTrue]
	 Logging test loss: 2.263e-07 [MSELoss(): t(5,20)_r(0,0)_tennis_pTrue_gTrue]
	 Logging test loss: 1.742e-07 [MSELoss(): t(5,20)_r(0,0)_full_pTrue_gTrue]
	 Logging test loss: 1.915e-07 [MSELoss(): t(5,20)_r(0,0)_combi_pTrue_gTrue]
	 Logging test loss: 2.138e-07 [MSELoss(): t(5,20)_r(0,0)_semi_pTrue_gTrue]
		--> Epoch time; 57.2926025390625
Epoch 6/9
	 Logging train Loss: 8.008e-07 [MSELoss(): t(5,20)_r(0,0)_combi_pTrue_gTrue]
	 Logging test loss: 1.9577e-06 [MSELoss(): t(5,20)_r(0,0)_tennis_pTrue_gTrue]
	 Logging test loss: 2.315e-07 [MSELoss(): t(5,20)_r(0,0)_full_pTrue_gTrue]
	 Logging test loss: 9.882e-07 [MSELoss(): t(5,20)_r(0,0)_combi_pTrue_gTrue]
	 Logging test loss: 1.9468e-06 [MSELoss(): t(5,20)_r(0,0)_semi_pTrue_gTrue]
		--> Epoch time; 57.06030344963074
Epoch 7/9
	 Logging train Loss: 7.115e-07 [MSELoss(): t(5,20)_r(0,0)_combi_pTrue_gTrue]
	 Logging test loss: 2.306e-07 [MSELoss(): t(5,20)_r(0,0)_tennis_pTrue_gTrue]
	 Logging test loss: 2.09e-07 [MSELoss(): t(5,20)_r(0,0)_full_pTrue_gTrue]
	 Logging test loss: 2.156e-07 [MSELoss(): t(5,20)_r(0,0)_combi_pTrue_gTrue]
	 Logging test loss: 2.213e-07 [MSELoss(): t(5,20)_r(0,0)_semi_pTrue_gTrue]
		--> Epoch time; 56.97470164299011
Epoch 8/9
	 Logging train Loss: 6.03e-07 [MSELoss(): t(5,20)_r(0,0)_combi_pTrue_gTrue]
	 Logging test loss: 7.141e-07 [MSELoss(): t(5,20)_r(0,0)_tennis_pTrue_gTrue]
	 Logging test loss: 3.494e-07 [MSELoss(): t(5,20)_r(0,0)_full_pTrue_gTrue]
	 Logging test loss: 5.136e-07 [MSELoss(): t(5,20)_r(0,0)_combi_pTrue_gTrue]
	 Logging test loss: 7.115e-07 [MSELoss(): t(5,20)_r(0,0)_semi_pTrue_gTrue]
		--> Epoch time; 56.93189239501953
Epoch 9/9
	 Logging train Loss: 5.889e-07 [MSELoss(): t(5,20)_r(0,0)_combi_pTrue_gTrue]
	 Logging test loss: 3.148e-07 [MSELoss(): t(5,20)_r(0,0)_tennis_pTrue_gTrue]
	 Logging test loss: 1.926e-07 [MSELoss(): t(5,20)_r(0,0)_full_pTrue_gTrue]
	 Logging test loss: 2.446e-07 [MSELoss(): t(5,20)_r(0,0)_combi_pTrue_gTrue]
	 Logging test loss: 3.077e-07 [MSELoss(): t(5,20)_r(0,0)_semi_pTrue_gTrue]
		--> Epoch time; 57.329408168792725
Saved model in  trained_models/gru/data_t(5,20)_r(0,0)_combi_pTrue_gTrue/'rot_mat_1'_'False'.pth
It took  685.2405571937561  seconds.
----- ITERATION 3/10 ------
Number of train simulations:  1920
Number of test simulations:  480
The dataloader for data/data_t(5,20)_r(0,0)_combi_pTrue_gTrue took 49.397698163986206 seconds.
-- Finished Train Dataloader --
The dataloader for data/data_t(5,20)_r(0,0)_tennis_pTrue_gTrue took 12.787949323654175 seconds.
The dataloader for data/data_t(5,20)_r(0,0)_full_pTrue_gTrue took 12.814260482788086 seconds.
The dataloader for data/data_t(5,20)_r(0,0)_combi_pTrue_gTrue took 12.502247333526611 seconds.
The dataloader for data/data_t(5,20)_r(0,0)_semi_pTrue_gTrue took 12.72008228302002 seconds.
-- Finished Test Dataloader(s) --
GRU(
  (rnn): GRU(12, 96, batch_first=True)
  (fc): Linear(in_features=96, out_features=12, bias=True)
)
Datatype: rot_mat_1
-- Started Training --
Epoch 0/9
	 Logging train Loss: 0.0001300083 [MSELoss(): t(5,20)_r(0,0)_combi_pTrue_gTrue]
	 Logging test loss: 5.4956e-06 [MSELoss(): t(5,20)_r(0,0)_tennis_pTrue_gTrue]
	 Logging test loss: 4.2525e-06 [MSELoss(): t(5,20)_r(0,0)_full_pTrue_gTrue]
	 Logging test loss: 4.6776e-06 [MSELoss(): t(5,20)_r(0,0)_combi_pTrue_gTrue]
	 Logging test loss: 5.143e-06 [MSELoss(): t(5,20)_r(0,0)_semi_pTrue_gTrue]
		--> Epoch time; 59.30848240852356
Epoch 1/9
	 Logging train Loss: 2.9205e-06 [MSELoss(): t(5,20)_r(0,0)_combi_pTrue_gTrue]
	 Logging test loss: 1.9784e-06 [MSELoss(): t(5,20)_r(0,0)_tennis_pTrue_gTrue]
	 Logging test loss: 1.6043e-06 [MSELoss(): t(5,20)_r(0,0)_full_pTrue_gTrue]
	 Logging test loss: 1.7318e-06 [MSELoss(): t(5,20)_r(0,0)_combi_pTrue_gTrue]
	 Logging test loss: 1.8381e-06 [MSELoss(): t(5,20)_r(0,0)_semi_pTrue_gTrue]
		--> Epoch time; 59.27600836753845
Epoch 2/9
	 Logging train Loss: 1.2496e-06 [MSELoss(): t(5,20)_r(0,0)_combi_pTrue_gTrue]
	 Logging test loss: 9.659e-07 [MSELoss(): t(5,20)_r(0,0)_tennis_pTrue_gTrue]
	 Logging test loss: 7.234e-07 [MSELoss(): t(5,20)_r(0,0)_full_pTrue_gTrue]
	 Logging test loss: 8.058e-07 [MSELoss(): t(5,20)_r(0,0)_combi_pTrue_gTrue]
	 Logging test loss: 8.886e-07 [MSELoss(): t(5,20)_r(0,0)_semi_pTrue_gTrue]
		--> Epoch time; 58.84278130531311
Epoch 3/9
	 Logging train Loss: 8.856e-07 [MSELoss(): t(5,20)_r(0,0)_combi_pTrue_gTrue]
	 Logging test loss: 4.82e-07 [MSELoss(): t(5,20)_r(0,0)_tennis_pTrue_gTrue]
	 Logging test loss: 3.051e-07 [MSELoss(): t(5,20)_r(0,0)_full_pTrue_gTrue]
	 Logging test loss: 3.69e-07 [MSELoss(): t(5,20)_r(0,0)_combi_pTrue_gTrue]
	 Logging test loss: 4.425e-07 [MSELoss(): t(5,20)_r(0,0)_semi_pTrue_gTrue]
		--> Epoch time; 58.703375816345215
Epoch 4/9
	 Logging train Loss: 8.44e-07 [MSELoss(): t(5,20)_r(0,0)_combi_pTrue_gTrue]
	 Logging test loss: 2.234e-07 [MSELoss(): t(5,20)_r(0,0)_tennis_pTrue_gTrue]
	 Logging test loss: 1.713e-07 [MSELoss(): t(5,20)_r(0,0)_full_pTrue_gTrue]
	 Logging test loss: 1.799e-07 [MSELoss(): t(5,20)_r(0,0)_combi_pTrue_gTrue]
	 Logging test loss: 1.894e-07 [MSELoss(): t(5,20)_r(0,0)_semi_pTrue_gTrue]
		--> Epoch time; 58.24025559425354
Epoch 5/9
	 Logging train Loss: 7.366e-07 [MSELoss(): t(5,20)_r(0,0)_combi_pTrue_gTrue]
	 Logging test loss: 7.06e-07 [MSELoss(): t(5,20)_r(0,0)_tennis_pTrue_gTrue]
	 Logging test loss: 6.505e-07 [MSELoss(): t(5,20)_r(0,0)_full_pTrue_gTrue]
	 Logging test loss: 6.673e-07 [MSELoss(): t(5,20)_r(0,0)_combi_pTrue_gTrue]
	 Logging test loss: 6.809e-07 [MSELoss(): t(5,20)_r(0,0)_semi_pTrue_gTrue]
		--> Epoch time; 59.18621778488159
Epoch 6/9
	 Logging train Loss: 7.04e-07 [MSELoss(): t(5,20)_r(0,0)_combi_pTrue_gTrue]
	 Logging test loss: 7.143e-07 [MSELoss(): t(5,20)_r(0,0)_tennis_pTrue_gTrue]
	 Logging test loss: 2.208e-07 [MSELoss(): t(5,20)_r(0,0)_full_pTrue_gTrue]
	 Logging test loss: 4.45e-07 [MSELoss(): t(5,20)_r(0,0)_combi_pTrue_gTrue]
	 Logging test loss: 6.866e-07 [MSELoss(): t(5,20)_r(0,0)_semi_pTrue_gTrue]
		--> Epoch time; 60.321940898895264
Epoch 7/9
	 Logging train Loss: 6.436e-07 [MSELoss(): t(5,20)_r(0,0)_combi_pTrue_gTrue]
	 Logging test loss: 2.789e-07 [MSELoss(): t(5,20)_r(0,0)_tennis_pTrue_gTrue]
	 Logging test loss: 2.544e-07 [MSELoss(): t(5,20)_r(0,0)_full_pTrue_gTrue]
	 Logging test loss: 2.602e-07 [MSELoss(): t(5,20)_r(0,0)_combi_pTrue_gTrue]
	 Logging test loss: 2.664e-07 [MSELoss(): t(5,20)_r(0,0)_semi_pTrue_gTrue]
		--> Epoch time; 60.29149866104126
Epoch 8/9
	 Logging train Loss: 6.317e-07 [MSELoss(): t(5,20)_r(0,0)_combi_pTrue_gTrue]
	 Logging test loss: 4.433e-07 [MSELoss(): t(5,20)_r(0,0)_tennis_pTrue_gTrue]
	 Logging test loss: 1.751e-07 [MSELoss(): t(5,20)_r(0,0)_full_pTrue_gTrue]
	 Logging test loss: 2.871e-07 [MSELoss(): t(5,20)_r(0,0)_combi_pTrue_gTrue]
	 Logging test loss: 4.107e-07 [MSELoss(): t(5,20)_r(0,0)_semi_pTrue_gTrue]
		--> Epoch time; 60.452574729919434
Epoch 9/9
	 Logging train Loss: 5.065e-07 [MSELoss(): t(5,20)_r(0,0)_combi_pTrue_gTrue]
	 Logging test loss: 4.138e-07 [MSELoss(): t(5,20)_r(0,0)_tennis_pTrue_gTrue]
	 Logging test loss: 3.823e-07 [MSELoss(): t(5,20)_r(0,0)_full_pTrue_gTrue]
	 Logging test loss: 3.919e-07 [MSELoss(): t(5,20)_r(0,0)_combi_pTrue_gTrue]
	 Logging test loss: 4.014e-07 [MSELoss(): t(5,20)_r(0,0)_semi_pTrue_gTrue]
		--> Epoch time; 59.386677503585815
Saved model in  trained_models/gru/data_t(5,20)_r(0,0)_combi_pTrue_gTrue/'rot_mat_1'_'False'.pth
It took  706.3005809783936  seconds.
----- ITERATION 4/10 ------
Number of train simulations:  1920
Number of test simulations:  480
The dataloader for data/data_t(5,20)_r(0,0)_combi_pTrue_gTrue took 48.842411518096924 seconds.
-- Finished Train Dataloader --
The dataloader for data/data_t(5,20)_r(0,0)_tennis_pTrue_gTrue took 12.620562553405762 seconds.
wandb: Waiting for W&B process to finish... (success).
wandb: 
wandb: Run history:
wandb:                                       Epoch â–â–‚â–ƒâ–ƒâ–„â–…â–†â–†â–‡â–ˆ
wandb:  Test loss t(5,20)_r(0,0)_combi_pTrue_gTrue â–ˆâ–ƒâ–‚â–‚â–„â–â–â–â–â–‚
wandb:   Test loss t(5,20)_r(0,0)_full_pTrue_gTrue â–ˆâ–ƒâ–‚â–‚â–‚â–â–â–â–â–‚
wandb:   Test loss t(5,20)_r(0,0)_semi_pTrue_gTrue â–ˆâ–ƒâ–‚â–‚â–†â–â–â–â–â–‚
wandb: Test loss t(5,20)_r(0,0)_tennis_pTrue_gTrue â–ˆâ–ƒâ–‚â–‚â–†â–â–â–â–â–‚
wandb:                                  Train loss â–ˆâ–â–â–â–â–â–â–â–â–
wandb: 
wandb: Run summary:
wandb:                                       Epoch 9
wandb:  Test loss t(5,20)_r(0,0)_combi_pTrue_gTrue 0.0
wandb:   Test loss t(5,20)_r(0,0)_full_pTrue_gTrue 0.0
wandb:   Test loss t(5,20)_r(0,0)_semi_pTrue_gTrue 0.0
wandb: Test loss t(5,20)_r(0,0)_tennis_pTrue_gTrue 0.0
wandb:                                  Train loss 0.0
wandb: 
wandb: ðŸš€ View run smart-donkey-189 at: https://wandb.ai/nreints/ThesisFinal2Grav%2Bcoll/runs/xoaj6l08
wandb: Synced 7 W&B file(s), 0 media file(s), 4 artifact file(s) and 1 other file(s)
wandb: Find logs at: ./wandb/run-20230716_132600-xoaj6l08/logs
wandb: - Waiting for wandb.init()...wandb: \ Waiting for wandb.init()...wandb: wandb version 0.15.5 is available!  To upgrade, please run:
wandb:  $ pip install wandb --upgrade
wandb: Tracking run with wandb version 0.14.0
wandb: Run data is saved locally in /gpfs/home2/nreints/MScThesis/code/wandb/run-20230716_133738-hriooimc
wandb: Run `wandb offline` to turn off syncing.
wandb: Syncing run happy-donkey-243
wandb: â­ï¸ View project at https://wandb.ai/nreints/ThesisFinal2Grav%2Bcoll
wandb: ðŸš€ View run at https://wandb.ai/nreints/ThesisFinal2Grav%2Bcoll/runs/hriooimc
The dataloader for data/data_t(5,20)_r(0,0)_full_pTrue_gTrue took 12.646755456924438 seconds.
The dataloader for data/data_t(5,20)_r(0,0)_combi_pTrue_gTrue took 12.387702226638794 seconds.
The dataloader for data/data_t(5,20)_r(0,0)_semi_pTrue_gTrue took 12.651124238967896 seconds.
-- Finished Test Dataloader(s) --
GRU(
  (rnn): GRU(12, 96, batch_first=True)
  (fc): Linear(in_features=96, out_features=12, bias=True)
)
Datatype: rot_mat_1
-- Started Training --
Epoch 0/9
	 Logging train Loss: 0.0001192247 [MSELoss(): t(5,20)_r(0,0)_combi_pTrue_gTrue]
	 Logging test loss: 1.08108e-05 [MSELoss(): t(5,20)_r(0,0)_tennis_pTrue_gTrue]
	 Logging test loss: 8.2e-06 [MSELoss(): t(5,20)_r(0,0)_full_pTrue_gTrue]
	 Logging test loss: 9.6396e-06 [MSELoss(): t(5,20)_r(0,0)_combi_pTrue_gTrue]
	 Logging test loss: 9.7908e-06 [MSELoss(): t(5,20)_r(0,0)_semi_pTrue_gTrue]
		--> Epoch time; 57.80350041389465
Epoch 1/9
	 Logging train Loss: 3.972e-06 [MSELoss(): t(5,20)_r(0,0)_combi_pTrue_gTrue]
	 Logging test loss: 2.6153e-06 [MSELoss(): t(5,20)_r(0,0)_tennis_pTrue_gTrue]
	 Logging test loss: 1.9847e-06 [MSELoss(): t(5,20)_r(0,0)_full_pTrue_gTrue]
	 Logging test loss: 2.3362e-06 [MSELoss(): t(5,20)_r(0,0)_combi_pTrue_gTrue]
	 Logging test loss: 2.3807e-06 [MSELoss(): t(5,20)_r(0,0)_semi_pTrue_gTrue]
		--> Epoch time; 57.543885231018066
Epoch 2/9
	 Logging train Loss: 1.9593e-06 [MSELoss(): t(5,20)_r(0,0)_combi_pTrue_gTrue]
	 Logging test loss: 1.2627e-06 [MSELoss(): t(5,20)_r(0,0)_tennis_pTrue_gTrue]
	 Logging test loss: 9.547e-07 [MSELoss(): t(5,20)_r(0,0)_full_pTrue_gTrue]
	 Logging test loss: 1.1232e-06 [MSELoss(): t(5,20)_r(0,0)_combi_pTrue_gTrue]
	 Logging test loss: 1.1535e-06 [MSELoss(): t(5,20)_r(0,0)_semi_pTrue_gTrue]
		--> Epoch time; 59.07384777069092
Epoch 3/9
	 Logging train Loss: 1.114e-06 [MSELoss(): t(5,20)_r(0,0)_combi_pTrue_gTrue]
	 Logging test loss: 1.9427e-06 [MSELoss(): t(5,20)_r(0,0)_tennis_pTrue_gTrue]
	 Logging test loss: 1.5874e-06 [MSELoss(): t(5,20)_r(0,0)_full_pTrue_gTrue]
	 Logging test loss: 1.7712e-06 [MSELoss(): t(5,20)_r(0,0)_combi_pTrue_gTrue]
	 Logging test loss: 1.8797e-06 [MSELoss(): t(5,20)_r(0,0)_semi_pTrue_gTrue]
		--> Epoch time; 58.79621124267578
Epoch 4/9
	 Logging train Loss: 9.901e-07 [MSELoss(): t(5,20)_r(0,0)_combi_pTrue_gTrue]
	 Logging test loss: 7.2848e-06 [MSELoss(): t(5,20)_r(0,0)_tennis_pTrue_gTrue]
	 Logging test loss: 9.285e-07 [MSELoss(): t(5,20)_r(0,0)_full_pTrue_gTrue]
	 Logging test loss: 4.3477e-06 [MSELoss(): t(5,20)_r(0,0)_combi_pTrue_gTrue]
	 Logging test loss: 6.9366e-06 [MSELoss(): t(5,20)_r(0,0)_semi_pTrue_gTrue]
		--> Epoch time; 58.68033742904663
Epoch 5/9
	 Logging train Loss: 9.135e-07 [MSELoss(): t(5,20)_r(0,0)_combi_pTrue_gTrue]
	 Logging test loss: 2.182e-07 [MSELoss(): t(5,20)_r(0,0)_tennis_pTrue_gTrue]
	 Logging test loss: 1.741e-07 [MSELoss(): t(5,20)_r(0,0)_full_pTrue_gTrue]
	 Logging test loss: 1.872e-07 [MSELoss(): t(5,20)_r(0,0)_combi_pTrue_gTrue]
	 Logging test loss: 1.977e-07 [MSELoss(): t(5,20)_r(0,0)_semi_pTrue_gTrue]
		--> Epoch time; 58.935131788253784
Epoch 6/9
	 Logging train Loss: 6.786e-07 [MSELoss(): t(5,20)_r(0,0)_combi_pTrue_gTrue]
	 Logging test loss: 3.229e-07 [MSELoss(): t(5,20)_r(0,0)_tennis_pTrue_gTrue]
	 Logging test loss: 1.91e-07 [MSELoss(): t(5,20)_r(0,0)_full_pTrue_gTrue]
	 Logging test loss: 2.534e-07 [MSELoss(): t(5,20)_r(0,0)_combi_pTrue_gTrue]
	 Logging test loss: 3.028e-07 [MSELoss(): t(5,20)_r(0,0)_semi_pTrue_gTrue]
		--> Epoch time; 58.76510739326477
Epoch 7/9
	 Logging train Loss: 6.916e-07 [MSELoss(): t(5,20)_r(0,0)_combi_pTrue_gTrue]
	 Logging test loss: 3.378e-07 [MSELoss(): t(5,20)_r(0,0)_tennis_pTrue_gTrue]
	 Logging test loss: 2.302e-07 [MSELoss(): t(5,20)_r(0,0)_full_pTrue_gTrue]
	 Logging test loss: 2.818e-07 [MSELoss(): t(5,20)_r(0,0)_combi_pTrue_gTrue]
	 Logging test loss: 3.175e-07 [MSELoss(): t(5,20)_r(0,0)_semi_pTrue_gTrue]
		--> Epoch time; 58.77900576591492
Epoch 8/9
	 Logging train Loss: 6.287e-07 [MSELoss(): t(5,20)_r(0,0)_combi_pTrue_gTrue]
	 Logging test loss: 6.435e-07 [MSELoss(): t(5,20)_r(0,0)_tennis_pTrue_gTrue]
	 Logging test loss: 4.107e-07 [MSELoss(): t(5,20)_r(0,0)_full_pTrue_gTrue]
	 Logging test loss: 5.205e-07 [MSELoss(): t(5,20)_r(0,0)_combi_pTrue_gTrue]
	 Logging test loss: 5.912e-07 [MSELoss(): t(5,20)_r(0,0)_semi_pTrue_gTrue]
		--> Epoch time; 58.8081214427948
Epoch 9/9
	 Logging train Loss: 5.541e-07 [MSELoss(): t(5,20)_r(0,0)_combi_pTrue_gTrue]
	 Logging test loss: 1.5881e-06 [MSELoss(): t(5,20)_r(0,0)_tennis_pTrue_gTrue]
	 Logging test loss: 1.5061e-06 [MSELoss(): t(5,20)_r(0,0)_full_pTrue_gTrue]
	 Logging test loss: 1.5471e-06 [MSELoss(): t(5,20)_r(0,0)_combi_pTrue_gTrue]
	 Logging test loss: 1.5708e-06 [MSELoss(): t(5,20)_r(0,0)_semi_pTrue_gTrue]
		--> Epoch time; 58.78328347206116
Saved model in  trained_models/gru/data_t(5,20)_r(0,0)_combi_pTrue_gTrue/'rot_mat_1'_'False'.pth
It took  697.995885848999  seconds.
----- ITERATION 5/10 ------
Number of train simulations:  1920
Number of test simulations:  480
The dataloader for data/data_t(5,20)_r(0,0)_combi_pTrue_gTrue took 49.024349212646484 seconds.
-- Finished Train Dataloader --
The dataloader for data/data_t(5,20)_r(0,0)_tennis_pTrue_gTrue took 12.639692306518555 seconds.
The dataloader for data/data_t(5,20)_r(0,0)_full_pTrue_gTrue took 12.742669105529785 seconds.
The dataloader for data/data_t(5,20)_r(0,0)_combi_pTrue_gTrue took 12.391008853912354 seconds.
The dataloader for data/data_t(5,20)_r(0,0)_semi_pTrue_gTrue took 12.670067548751831 seconds.
-- Finished Test Dataloader(s) --
GRU(
  (rnn): GRU(12, 96, batch_first=True)
  (fc): Linear(in_features=96, out_features=12, bias=True)
)
Datatype: rot_mat_1
-- Started Training --
Epoch 0/9
	 Logging train Loss: 0.0001470425 [MSELoss(): t(5,20)_r(0,0)_combi_pTrue_gTrue]
	 Logging test loss: 4.2904e-06 [MSELoss(): t(5,20)_r(0,0)_tennis_pTrue_gTrue]
	 Logging test loss: 3.3312e-06 [MSELoss(): t(5,20)_r(0,0)_full_pTrue_gTrue]
	 Logging test loss: 3.7828e-06 [MSELoss(): t(5,20)_r(0,0)_combi_pTrue_gTrue]
	 Logging test loss: 4.0894e-06 [MSELoss(): t(5,20)_r(0,0)_semi_pTrue_gTrue]
		--> Epoch time; 58.07491898536682
Epoch 1/9
	 Logging train Loss: 2.4137e-06 [MSELoss(): t(5,20)_r(0,0)_combi_pTrue_gTrue]
	 Logging test loss: 1.4376e-06 [MSELoss(): t(5,20)_r(0,0)_tennis_pTrue_gTrue]
	 Logging test loss: 1.2048e-06 [MSELoss(): t(5,20)_r(0,0)_full_pTrue_gTrue]
	 Logging test loss: 1.3332e-06 [MSELoss(): t(5,20)_r(0,0)_combi_pTrue_gTrue]
	 Logging test loss: 1.4172e-06 [MSELoss(): t(5,20)_r(0,0)_semi_pTrue_gTrue]
		--> Epoch time; 57.68035387992859
Epoch 2/9
	 Logging train Loss: 1.0725e-06 [MSELoss(): t(5,20)_r(0,0)_combi_pTrue_gTrue]
	 Logging test loss: 4.1237e-06 [MSELoss(): t(5,20)_r(0,0)_tennis_pTrue_gTrue]
	 Logging test loss: 3.9638e-06 [MSELoss(): t(5,20)_r(0,0)_full_pTrue_gTrue]
	 Logging test loss: 4.0279e-06 [MSELoss(): t(5,20)_r(0,0)_combi_pTrue_gTrue]
	 Logging test loss: 4.0857e-06 [MSELoss(): t(5,20)_r(0,0)_semi_pTrue_gTrue]
		--> Epoch time; 57.795016050338745
Epoch 3/9
	 Logging train Loss: 7.482e-07 [MSELoss(): t(5,20)_r(0,0)_combi_pTrue_gTrue]
	 Logging test loss: 2.3999e-06 [MSELoss(): t(5,20)_r(0,0)_tennis_pTrue_gTrue]
	 Logging test loss: 1.8499e-06 [MSELoss(): t(5,20)_r(0,0)_full_pTrue_gTrue]
	 Logging test loss: 2.0912e-06 [MSELoss(): t(5,20)_r(0,0)_combi_pTrue_gTrue]
	 Logging test loss: 2.3344e-06 [MSELoss(): t(5,20)_r(0,0)_semi_pTrue_gTrue]
		--> Epoch time; 57.57898187637329
Epoch 4/9
	 Logging train Loss: 8.433e-07 [MSELoss(): t(5,20)_r(0,0)_combi_pTrue_gTrue]
	 Logging test loss: 3.82e-07 [MSELoss(): t(5,20)_r(0,0)_tennis_pTrue_gTrue]
	 Logging test loss: 2.493e-07 [MSELoss(): t(5,20)_r(0,0)_full_pTrue_gTrue]
	 Logging test loss: 2.999e-07 [MSELoss(): t(5,20)_r(0,0)_combi_pTrue_gTrue]
	 Logging test loss: 3.397e-07 [MSELoss(): t(5,20)_r(0,0)_semi_pTrue_gTrue]
		--> Epoch time; 58.12740993499756
Epoch 5/9
	 Logging train Loss: 8.224e-07 [MSELoss(): t(5,20)_r(0,0)_combi_pTrue_gTrue]
	 Logging test loss: 2.1457e-06 [MSELoss(): t(5,20)_r(0,0)_tennis_pTrue_gTrue]
	 Logging test loss: 1.7985e-06 [MSELoss(): t(5,20)_r(0,0)_full_pTrue_gTrue]
wandb: Waiting for W&B process to finish... (success).
wandb: 
wandb: Run history:
wandb:                                       Epoch â–â–‚â–ƒâ–ƒâ–„â–…â–†â–†â–‡â–ˆ
wandb:  Test loss t(5,20)_r(0,0)_combi_pTrue_gTrue â–ˆâ–ƒâ–ˆâ–„â–â–„â–â–…â–â–
wandb:   Test loss t(5,20)_r(0,0)_full_pTrue_gTrue â–‡â–ƒâ–ˆâ–„â–â–„â–â–…â–â–
wandb:   Test loss t(5,20)_r(0,0)_semi_pTrue_gTrue â–ˆâ–ƒâ–ˆâ–…â–â–„â–‚â–…â–â–
wandb: Test loss t(5,20)_r(0,0)_tennis_pTrue_gTrue â–ˆâ–ƒâ–ˆâ–…â–â–„â–‚â–…â–â–
wandb:                                  Train loss â–ˆâ–â–â–â–â–â–â–â–â–
wandb: 
wandb: Run summary:
wandb:                                       Epoch 9
wandb:  Test loss t(5,20)_r(0,0)_combi_pTrue_gTrue 0.0
wandb:   Test loss t(5,20)_r(0,0)_full_pTrue_gTrue 0.0
wandb:   Test loss t(5,20)_r(0,0)_semi_pTrue_gTrue 0.0
wandb: Test loss t(5,20)_r(0,0)_tennis_pTrue_gTrue 0.0
wandb:                                  Train loss 0.0
wandb: 
wandb: ðŸš€ View run happy-donkey-243 at: https://wandb.ai/nreints/ThesisFinal2Grav%2Bcoll/runs/hriooimc
wandb: Synced 7 W&B file(s), 0 media file(s), 4 artifact file(s) and 1 other file(s)
wandb: Find logs at: ./wandb/run-20230716_133738-hriooimc/logs
wandb: - Waiting for wandb.init()...wandb: \ Waiting for wandb.init()...wandb: wandb version 0.15.5 is available!  To upgrade, please run:
wandb:  $ pip install wandb --upgrade
wandb: Tracking run with wandb version 0.14.0
wandb: Run data is saved locally in /gpfs/home2/nreints/MScThesis/code/wandb/run-20230716_134913-ct4fjqjt
wandb: Run `wandb offline` to turn off syncing.
wandb: Syncing run cosmic-blaze-300
wandb: â­ï¸ View project at https://wandb.ai/nreints/ThesisFinal2Grav%2Bcoll
wandb: ðŸš€ View run at https://wandb.ai/nreints/ThesisFinal2Grav%2Bcoll/runs/ct4fjqjt
wandb: Waiting for W&B process to finish... (success).
wandb: 
wandb: Run history:
wandb:                                       Epoch â–â–‚â–ƒâ–ƒâ–„â–…â–†â–†â–‡â–ˆ
wandb:  Test loss t(5,20)_r(0,0)_combi_pTrue_gTrue â–ˆâ–‚â–â–„â–‚â–â–â–â–â–
wandb:   Test loss t(5,20)_r(0,0)_full_pTrue_gTrue â–ˆâ–‚â–â–ƒâ–‚â–â–â–â–â–
wandb:   Test loss t(5,20)_r(0,0)_semi_pTrue_gTrue â–ˆâ–‚â–â–…â–‚â–â–â–â–‚â–
wandb: Test loss t(5,20)_r(0,0)_tennis_pTrue_gTrue â–ˆâ–‚â–â–…â–‚â–â–â–â–‚â–
wandb:                                  Train loss â–ˆâ–â–â–â–â–â–â–â–â–
wandb: 
wandb: Run summary:
wandb:                                       Epoch 9
wandb:  Test loss t(5,20)_r(0,0)_combi_pTrue_gTrue 0.0
wandb:   Test loss t(5,20)_r(0,0)_full_pTrue_gTrue 0.0
wandb:   Test loss t(5,20)_r(0,0)_semi_pTrue_gTrue 0.0
wandb: Test loss t(5,20)_r(0,0)_tennis_pTrue_gTrue 0.0
wandb:                                  Train loss 0.0
wandb: 
wandb: ðŸš€ View run cosmic-blaze-300 at: https://wandb.ai/nreints/ThesisFinal2Grav%2Bcoll/runs/ct4fjqjt
wandb: Synced 7 W&B file(s), 0 media file(s), 4 artifact file(s) and 1 other file(s)
wandb: Find logs at: ./wandb/run-20230716_134913-ct4fjqjt/logs
wandb: - Waiting for wandb.init()...wandb: \ Waiting for wandb.init()...wandb: wandb version 0.15.5 is available!  To upgrade, please run:
wandb:  $ pip install wandb --upgrade
wandb: Tracking run with wandb version 0.14.0
wandb: Run data is saved locally in /gpfs/home2/nreints/MScThesis/code/wandb/run-20230716_140034-c0heelf8
wandb: Run `wandb offline` to turn off syncing.
wandb: Syncing run breezy-bush-347
wandb: â­ï¸ View project at https://wandb.ai/nreints/ThesisFinal2Grav%2Bcoll
wandb: ðŸš€ View run at https://wandb.ai/nreints/ThesisFinal2Grav%2Bcoll/runs/c0heelf8
	 Logging test loss: 1.9536e-06 [MSELoss(): t(5,20)_r(0,0)_combi_pTrue_gTrue]
	 Logging test loss: 2.08e-06 [MSELoss(): t(5,20)_r(0,0)_semi_pTrue_gTrue]
		--> Epoch time; 59.452780961990356
Epoch 6/9
	 Logging train Loss: 7.871e-07 [MSELoss(): t(5,20)_r(0,0)_combi_pTrue_gTrue]
	 Logging test loss: 5.033e-07 [MSELoss(): t(5,20)_r(0,0)_tennis_pTrue_gTrue]
	 Logging test loss: 3.022e-07 [MSELoss(): t(5,20)_r(0,0)_full_pTrue_gTrue]
	 Logging test loss: 3.848e-07 [MSELoss(): t(5,20)_r(0,0)_combi_pTrue_gTrue]
	 Logging test loss: 4.702e-07 [MSELoss(): t(5,20)_r(0,0)_semi_pTrue_gTrue]
		--> Epoch time; 59.32576394081116
Epoch 7/9
	 Logging train Loss: 7.002e-07 [MSELoss(): t(5,20)_r(0,0)_combi_pTrue_gTrue]
	 Logging test loss: 2.2642e-06 [MSELoss(): t(5,20)_r(0,0)_tennis_pTrue_gTrue]
	 Logging test loss: 2.1679e-06 [MSELoss(): t(5,20)_r(0,0)_full_pTrue_gTrue]
	 Logging test loss: 2.203e-06 [MSELoss(): t(5,20)_r(0,0)_combi_pTrue_gTrue]
	 Logging test loss: 2.249e-06 [MSELoss(): t(5,20)_r(0,0)_semi_pTrue_gTrue]
		--> Epoch time; 59.31936955451965
Epoch 8/9
	 Logging train Loss: 6.331e-07 [MSELoss(): t(5,20)_r(0,0)_combi_pTrue_gTrue]
	 Logging test loss: 1.97e-07 [MSELoss(): t(5,20)_r(0,0)_tennis_pTrue_gTrue]
	 Logging test loss: 1.575e-07 [MSELoss(): t(5,20)_r(0,0)_full_pTrue_gTrue]
	 Logging test loss: 1.696e-07 [MSELoss(): t(5,20)_r(0,0)_combi_pTrue_gTrue]
	 Logging test loss: 1.795e-07 [MSELoss(): t(5,20)_r(0,0)_semi_pTrue_gTrue]
		--> Epoch time; 58.93691444396973
Epoch 9/9
	 Logging train Loss: 5.461e-07 [MSELoss(): t(5,20)_r(0,0)_combi_pTrue_gTrue]
	 Logging test loss: 4.601e-07 [MSELoss(): t(5,20)_r(0,0)_tennis_pTrue_gTrue]
	 Logging test loss: 2.119e-07 [MSELoss(): t(5,20)_r(0,0)_full_pTrue_gTrue]
	 Logging test loss: 3.2e-07 [MSELoss(): t(5,20)_r(0,0)_combi_pTrue_gTrue]
	 Logging test loss: 4.233e-07 [MSELoss(): t(5,20)_r(0,0)_semi_pTrue_gTrue]
		--> Epoch time; 58.250560998916626
Saved model in  trained_models/gru/data_t(5,20)_r(0,0)_combi_pTrue_gTrue/'rot_mat_1'_'False'.pth
It took  695.5717911720276  seconds.
----- ITERATION 6/10 ------
Number of train simulations:  1920
Number of test simulations:  480
The dataloader for data/data_t(5,20)_r(0,0)_combi_pTrue_gTrue took 49.07420039176941 seconds.
-- Finished Train Dataloader --
The dataloader for data/data_t(5,20)_r(0,0)_tennis_pTrue_gTrue took 12.629079580307007 seconds.
The dataloader for data/data_t(5,20)_r(0,0)_full_pTrue_gTrue took 12.65309476852417 seconds.
The dataloader for data/data_t(5,20)_r(0,0)_combi_pTrue_gTrue took 12.422295808792114 seconds.
The dataloader for data/data_t(5,20)_r(0,0)_semi_pTrue_gTrue took 12.630308389663696 seconds.
-- Finished Test Dataloader(s) --
GRU(
  (rnn): GRU(12, 96, batch_first=True)
  (fc): Linear(in_features=96, out_features=12, bias=True)
)
Datatype: rot_mat_1
-- Started Training --
Epoch 0/9
	 Logging train Loss: 5.7542e-05 [MSELoss(): t(5,20)_r(0,0)_combi_pTrue_gTrue]
	 Logging test loss: 4.8077e-06 [MSELoss(): t(5,20)_r(0,0)_tennis_pTrue_gTrue]
	 Logging test loss: 3.7664e-06 [MSELoss(): t(5,20)_r(0,0)_full_pTrue_gTrue]
	 Logging test loss: 4.0674e-06 [MSELoss(): t(5,20)_r(0,0)_combi_pTrue_gTrue]
	 Logging test loss: 4.1367e-06 [MSELoss(): t(5,20)_r(0,0)_semi_pTrue_gTrue]
		--> Epoch time; 57.15874099731445
Epoch 1/9
	 Logging train Loss: 1.7624e-06 [MSELoss(): t(5,20)_r(0,0)_combi_pTrue_gTrue]
	 Logging test loss: 1.0097e-06 [MSELoss(): t(5,20)_r(0,0)_tennis_pTrue_gTrue]
	 Logging test loss: 7.088e-07 [MSELoss(): t(5,20)_r(0,0)_full_pTrue_gTrue]
	 Logging test loss: 8.079e-07 [MSELoss(): t(5,20)_r(0,0)_combi_pTrue_gTrue]
	 Logging test loss: 8.301e-07 [MSELoss(): t(5,20)_r(0,0)_semi_pTrue_gTrue]
		--> Epoch time; 57.261778354644775
Epoch 2/9
	 Logging train Loss: 1.153e-06 [MSELoss(): t(5,20)_r(0,0)_combi_pTrue_gTrue]
	 Logging test loss: 4.679e-07 [MSELoss(): t(5,20)_r(0,0)_tennis_pTrue_gTrue]
	 Logging test loss: 3.24e-07 [MSELoss(): t(5,20)_r(0,0)_full_pTrue_gTrue]
	 Logging test loss: 3.639e-07 [MSELoss(): t(5,20)_r(0,0)_combi_pTrue_gTrue]
	 Logging test loss: 3.703e-07 [MSELoss(): t(5,20)_r(0,0)_semi_pTrue_gTrue]
		--> Epoch time; 57.53349685668945
Epoch 3/9
	 Logging train Loss: 9.761e-07 [MSELoss(): t(5,20)_r(0,0)_combi_pTrue_gTrue]
	 Logging test loss: 2.554e-06 [MSELoss(): t(5,20)_r(0,0)_tennis_pTrue_gTrue]
	 Logging test loss: 9.393e-07 [MSELoss(): t(5,20)_r(0,0)_full_pTrue_gTrue]
	 Logging test loss: 1.6834e-06 [MSELoss(): t(5,20)_r(0,0)_combi_pTrue_gTrue]
	 Logging test loss: 2.4086e-06 [MSELoss(): t(5,20)_r(0,0)_semi_pTrue_gTrue]
		--> Epoch time; 57.27517127990723
Epoch 4/9
	 Logging train Loss: 8.456e-07 [MSELoss(): t(5,20)_r(0,0)_combi_pTrue_gTrue]
	 Logging test loss: 7.022e-07 [MSELoss(): t(5,20)_r(0,0)_tennis_pTrue_gTrue]
	 Logging test loss: 6.049e-07 [MSELoss(): t(5,20)_r(0,0)_full_pTrue_gTrue]
	 Logging test loss: 6.324e-07 [MSELoss(): t(5,20)_r(0,0)_combi_pTrue_gTrue]
	 Logging test loss: 6.449e-07 [MSELoss(): t(5,20)_r(0,0)_semi_pTrue_gTrue]
		--> Epoch time; 58.56113862991333
Epoch 5/9
	 Logging train Loss: 7.742e-07 [MSELoss(): t(5,20)_r(0,0)_combi_pTrue_gTrue]
	 Logging test loss: 3.147e-07 [MSELoss(): t(5,20)_r(0,0)_tennis_pTrue_gTrue]
	 Logging test loss: 2.475e-07 [MSELoss(): t(5,20)_r(0,0)_full_pTrue_gTrue]
	 Logging test loss: 2.671e-07 [MSELoss(): t(5,20)_r(0,0)_combi_pTrue_gTrue]
	 Logging test loss: 2.781e-07 [MSELoss(): t(5,20)_r(0,0)_semi_pTrue_gTrue]
		--> Epoch time; 57.76380491256714
Epoch 6/9
	 Logging train Loss: 6.911e-07 [MSELoss(): t(5,20)_r(0,0)_combi_pTrue_gTrue]
	 Logging test loss: 3.635e-07 [MSELoss(): t(5,20)_r(0,0)_tennis_pTrue_gTrue]
	 Logging test loss: 2.726e-07 [MSELoss(): t(5,20)_r(0,0)_full_pTrue_gTrue]
	 Logging test loss: 3.048e-07 [MSELoss(): t(5,20)_r(0,0)_combi_pTrue_gTrue]
	 Logging test loss: 3.322e-07 [MSELoss(): t(5,20)_r(0,0)_semi_pTrue_gTrue]
		--> Epoch time; 56.48526310920715
Epoch 7/9
	 Logging train Loss: 6.141e-07 [MSELoss(): t(5,20)_r(0,0)_combi_pTrue_gTrue]
	 Logging test loss: 2.431e-07 [MSELoss(): t(5,20)_r(0,0)_tennis_pTrue_gTrue]
	 Logging test loss: 2.209e-07 [MSELoss(): t(5,20)_r(0,0)_full_pTrue_gTrue]
	 Logging test loss: 2.244e-07 [MSELoss(): t(5,20)_r(0,0)_combi_pTrue_gTrue]
	 Logging test loss: 2.265e-07 [MSELoss(): t(5,20)_r(0,0)_semi_pTrue_gTrue]
		--> Epoch time; 56.53097581863403
Epoch 8/9
	 Logging train Loss: 5.919e-07 [MSELoss(): t(5,20)_r(0,0)_combi_pTrue_gTrue]
	 Logging test loss: 6.123e-07 [MSELoss(): t(5,20)_r(0,0)_tennis_pTrue_gTrue]
	 Logging test loss: 1.636e-07 [MSELoss(): t(5,20)_r(0,0)_full_pTrue_gTrue]
	 Logging test loss: 3.711e-07 [MSELoss(): t(5,20)_r(0,0)_combi_pTrue_gTrue]
	 Logging test loss: 5.675e-07 [MSELoss(): t(5,20)_r(0,0)_semi_pTrue_gTrue]
		--> Epoch time; 54.98126482963562
Epoch 9/9
	 Logging train Loss: 4.994e-07 [MSELoss(): t(5,20)_r(0,0)_combi_pTrue_gTrue]
	 Logging test loss: 1.716e-07 [MSELoss(): t(5,20)_r(0,0)_tennis_pTrue_gTrue]
	 Logging test loss: 1.56e-07 [MSELoss(): t(5,20)_r(0,0)_full_pTrue_gTrue]
	 Logging test loss: 1.598e-07 [MSELoss(): t(5,20)_r(0,0)_combi_pTrue_gTrue]
	 Logging test loss: 1.631e-07 [MSELoss(): t(5,20)_r(0,0)_semi_pTrue_gTrue]
		--> Epoch time; 55.30706262588501
Saved model in  trained_models/gru/data_t(5,20)_r(0,0)_combi_pTrue_gTrue/'rot_mat_1'_'False'.pth
It took  680.2581140995026  seconds.
----- ITERATION 7/10 ------
Number of train simulations:  1920
Number of test simulations:  480
The dataloader for data/data_t(5,20)_r(0,0)_combi_pTrue_gTrue took 48.73951745033264 seconds.
-- Finished Train Dataloader --
The dataloader for data/data_t(5,20)_r(0,0)_tennis_pTrue_gTrue took 12.538183450698853 seconds.
The dataloader for data/data_t(5,20)_r(0,0)_full_pTrue_gTrue took 12.530899047851562 seconds.
The dataloader for data/data_t(5,20)_r(0,0)_combi_pTrue_gTrue took 12.356392860412598 seconds.
The dataloader for data/data_t(5,20)_r(0,0)_semi_pTrue_gTrue took 12.552489519119263 seconds.
-- Finished Test Dataloader(s) --
GRU(
  (rnn): GRU(12, 96, batch_first=True)
  (fc): Linear(in_features=96, out_features=12, bias=True)
)
Datatype: rot_mat_1
-- Started Training --
Epoch 0/9
	 Logging train Loss: 0.0001034775 [MSELoss(): t(5,20)_r(0,0)_combi_pTrue_gTrue]
wandb: Waiting for W&B process to finish... (success).
wandb: 
wandb: Run history:
wandb:                                       Epoch â–â–‚â–ƒâ–ƒâ–„â–…â–†â–†â–‡â–ˆ
wandb:  Test loss t(5,20)_r(0,0)_combi_pTrue_gTrue â–ˆâ–ƒâ–‚â–â–â–â–â–â–â–
wandb:   Test loss t(5,20)_r(0,0)_full_pTrue_gTrue â–ˆâ–ƒâ–‚â–â–â–â–â–â–â–
wandb:   Test loss t(5,20)_r(0,0)_semi_pTrue_gTrue â–ˆâ–ƒâ–‚â–â–â–â–â–â–â–
wandb: Test loss t(5,20)_r(0,0)_tennis_pTrue_gTrue â–ˆâ–ƒâ–‚â–â–â–â–â–â–â–
wandb:                                  Train loss â–ˆâ–â–â–â–â–â–â–â–â–
wandb: 
wandb: Run summary:
wandb:                                       Epoch 9
wandb:  Test loss t(5,20)_r(0,0)_combi_pTrue_gTrue 0.0
wandb:   Test loss t(5,20)_r(0,0)_full_pTrue_gTrue 0.0
wandb:   Test loss t(5,20)_r(0,0)_semi_pTrue_gTrue 0.0
wandb: Test loss t(5,20)_r(0,0)_tennis_pTrue_gTrue 0.0
wandb:                                  Train loss 0.0
wandb: 
wandb: ðŸš€ View run breezy-bush-347 at: https://wandb.ai/nreints/ThesisFinal2Grav%2Bcoll/runs/c0heelf8
wandb: Synced 7 W&B file(s), 0 media file(s), 4 artifact file(s) and 1 other file(s)
wandb: Find logs at: ./wandb/run-20230716_140034-c0heelf8/logs
wandb: - Waiting for wandb.init()...wandb: \ Waiting for wandb.init()...wandb: wandb version 0.15.5 is available!  To upgrade, please run:
wandb:  $ pip install wandb --upgrade
wandb: Tracking run with wandb version 0.14.0
wandb: Run data is saved locally in /gpfs/home2/nreints/MScThesis/code/wandb/run-20230716_141149-maptdjqx
wandb: Run `wandb offline` to turn off syncing.
wandb: Syncing run driven-grass-362
wandb: â­ï¸ View project at https://wandb.ai/nreints/ThesisFinal2Grav%2Bcoll
wandb: ðŸš€ View run at https://wandb.ai/nreints/ThesisFinal2Grav%2Bcoll/runs/maptdjqx
	 Logging test loss: 8.0392e-06 [MSELoss(): t(5,20)_r(0,0)_tennis_pTrue_gTrue]
	 Logging test loss: 6.2747e-06 [MSELoss(): t(5,20)_r(0,0)_full_pTrue_gTrue]
	 Logging test loss: 7.1468e-06 [MSELoss(): t(5,20)_r(0,0)_combi_pTrue_gTrue]
	 Logging test loss: 7.7192e-06 [MSELoss(): t(5,20)_r(0,0)_semi_pTrue_gTrue]
		--> Epoch time; 56.113906145095825
Epoch 1/9
	 Logging train Loss: 3.8712e-06 [MSELoss(): t(5,20)_r(0,0)_combi_pTrue_gTrue]
	 Logging test loss: 2.7932e-06 [MSELoss(): t(5,20)_r(0,0)_tennis_pTrue_gTrue]
	 Logging test loss: 2.1531e-06 [MSELoss(): t(5,20)_r(0,0)_full_pTrue_gTrue]
	 Logging test loss: 2.4795e-06 [MSELoss(): t(5,20)_r(0,0)_combi_pTrue_gTrue]
	 Logging test loss: 2.5999e-06 [MSELoss(): t(5,20)_r(0,0)_semi_pTrue_gTrue]
		--> Epoch time; 56.84417152404785
Epoch 2/9
	 Logging train Loss: 1.8201e-06 [MSELoss(): t(5,20)_r(0,0)_combi_pTrue_gTrue]
	 Logging test loss: 1.1098e-06 [MSELoss(): t(5,20)_r(0,0)_tennis_pTrue_gTrue]
	 Logging test loss: 9.102e-07 [MSELoss(): t(5,20)_r(0,0)_full_pTrue_gTrue]
	 Logging test loss: 9.998e-07 [MSELoss(): t(5,20)_r(0,0)_combi_pTrue_gTrue]
	 Logging test loss: 1.0417e-06 [MSELoss(): t(5,20)_r(0,0)_semi_pTrue_gTrue]
		--> Epoch time; 56.55367088317871
Epoch 3/9
	 Logging train Loss: 9.57e-07 [MSELoss(): t(5,20)_r(0,0)_combi_pTrue_gTrue]
	 Logging test loss: 4.467e-07 [MSELoss(): t(5,20)_r(0,0)_tennis_pTrue_gTrue]
	 Logging test loss: 3.588e-07 [MSELoss(): t(5,20)_r(0,0)_full_pTrue_gTrue]
	 Logging test loss: 3.876e-07 [MSELoss(): t(5,20)_r(0,0)_combi_pTrue_gTrue]
	 Logging test loss: 4.248e-07 [MSELoss(): t(5,20)_r(0,0)_semi_pTrue_gTrue]
		--> Epoch time; 56.14997458457947
Epoch 4/9
	 Logging train Loss: 9.19e-07 [MSELoss(): t(5,20)_r(0,0)_combi_pTrue_gTrue]
	 Logging test loss: 2.389e-07 [MSELoss(): t(5,20)_r(0,0)_tennis_pTrue_gTrue]
	 Logging test loss: 2.05e-07 [MSELoss(): t(5,20)_r(0,0)_full_pTrue_gTrue]
	 Logging test loss: 2.133e-07 [MSELoss(): t(5,20)_r(0,0)_combi_pTrue_gTrue]
	 Logging test loss: 2.288e-07 [MSELoss(): t(5,20)_r(0,0)_semi_pTrue_gTrue]
		--> Epoch time; 55.25694394111633
Epoch 5/9
	 Logging train Loss: 7.862e-07 [MSELoss(): t(5,20)_r(0,0)_combi_pTrue_gTrue]
	 Logging test loss: 2.63e-07 [MSELoss(): t(5,20)_r(0,0)_tennis_pTrue_gTrue]
	 Logging test loss: 2.347e-07 [MSELoss(): t(5,20)_r(0,0)_full_pTrue_gTrue]
	 Logging test loss: 2.421e-07 [MSELoss(): t(5,20)_r(0,0)_combi_pTrue_gTrue]
	 Logging test loss: 2.549e-07 [MSELoss(): t(5,20)_r(0,0)_semi_pTrue_gTrue]
		--> Epoch time; 55.38978123664856
Epoch 6/9
	 Logging train Loss: 6.864e-07 [MSELoss(): t(5,20)_r(0,0)_combi_pTrue_gTrue]
	 Logging test loss: 2.306e-07 [MSELoss(): t(5,20)_r(0,0)_tennis_pTrue_gTrue]
	 Logging test loss: 1.581e-07 [MSELoss(): t(5,20)_r(0,0)_full_pTrue_gTrue]
	 Logging test loss: 1.866e-07 [MSELoss(): t(5,20)_r(0,0)_combi_pTrue_gTrue]
	 Logging test loss: 2.209e-07 [MSELoss(): t(5,20)_r(0,0)_semi_pTrue_gTrue]
		--> Epoch time; 56.25316023826599
Epoch 7/9
	 Logging train Loss: 6.291e-07 [MSELoss(): t(5,20)_r(0,0)_combi_pTrue_gTrue]
	 Logging test loss: 5.342e-07 [MSELoss(): t(5,20)_r(0,0)_tennis_pTrue_gTrue]
	 Logging test loss: 1.716e-07 [MSELoss(): t(5,20)_r(0,0)_full_pTrue_gTrue]
	 Logging test loss: 3.334e-07 [MSELoss(): t(5,20)_r(0,0)_combi_pTrue_gTrue]
	 Logging test loss: 5.285e-07 [MSELoss(): t(5,20)_r(0,0)_semi_pTrue_gTrue]
		--> Epoch time; 56.75813841819763
Epoch 8/9
	 Logging train Loss: 5.662e-07 [MSELoss(): t(5,20)_r(0,0)_combi_pTrue_gTrue]
	 Logging test loss: 3.321e-07 [MSELoss(): t(5,20)_r(0,0)_tennis_pTrue_gTrue]
	 Logging test loss: 3.082e-07 [MSELoss(): t(5,20)_r(0,0)_full_pTrue_gTrue]
	 Logging test loss: 3.16e-07 [MSELoss(): t(5,20)_r(0,0)_combi_pTrue_gTrue]
	 Logging test loss: 3.263e-07 [MSELoss(): t(5,20)_r(0,0)_semi_pTrue_gTrue]
		--> Epoch time; 56.95701813697815
Epoch 9/9
	 Logging train Loss: 5.242e-07 [MSELoss(): t(5,20)_r(0,0)_combi_pTrue_gTrue]
	 Logging test loss: 4.964e-07 [MSELoss(): t(5,20)_r(0,0)_tennis_pTrue_gTrue]
	 Logging test loss: 4.317e-07 [MSELoss(): t(5,20)_r(0,0)_full_pTrue_gTrue]
	 Logging test loss: 4.574e-07 [MSELoss(): t(5,20)_r(0,0)_combi_pTrue_gTrue]
	 Logging test loss: 4.877e-07 [MSELoss(): t(5,20)_r(0,0)_semi_pTrue_gTrue]
		--> Epoch time; 56.97869110107422
Saved model in  trained_models/gru/data_t(5,20)_r(0,0)_combi_pTrue_gTrue/'rot_mat_1'_'False'.pth
It took  675.2618091106415  seconds.
----- ITERATION 8/10 ------
Number of train simulations:  1920
Number of test simulations:  480
The dataloader for data/data_t(5,20)_r(0,0)_combi_pTrue_gTrue took 48.75079536437988 seconds.
-- Finished Train Dataloader --
The dataloader for data/data_t(5,20)_r(0,0)_tennis_pTrue_gTrue took 12.500384092330933 seconds.
The dataloader for data/data_t(5,20)_r(0,0)_full_pTrue_gTrue took 12.533035516738892 seconds.
The dataloader for data/data_t(5,20)_r(0,0)_combi_pTrue_gTrue took 12.353564739227295 seconds.
The dataloader for data/data_t(5,20)_r(0,0)_semi_pTrue_gTrue took 12.53783917427063 seconds.
-- Finished Test Dataloader(s) --
GRU(
  (rnn): GRU(12, 96, batch_first=True)
  (fc): Linear(in_features=96, out_features=12, bias=True)
)
Datatype: rot_mat_1
-- Started Training --
Epoch 0/9
	 Logging train Loss: 5.7783e-05 [MSELoss(): t(5,20)_r(0,0)_combi_pTrue_gTrue]
	 Logging test loss: 4.5132e-06 [MSELoss(): t(5,20)_r(0,0)_tennis_pTrue_gTrue]
	 Logging test loss: 3.5116e-06 [MSELoss(): t(5,20)_r(0,0)_full_pTrue_gTrue]
	 Logging test loss: 3.9698e-06 [MSELoss(): t(5,20)_r(0,0)_combi_pTrue_gTrue]
	 Logging test loss: 4.1678e-06 [MSELoss(): t(5,20)_r(0,0)_semi_pTrue_gTrue]
		--> Epoch time; 57.10038995742798
Epoch 1/9
	 Logging train Loss: 2.4861e-06 [MSELoss(): t(5,20)_r(0,0)_combi_pTrue_gTrue]
	 Logging test loss: 2.4383e-06 [MSELoss(): t(5,20)_r(0,0)_tennis_pTrue_gTrue]
	 Logging test loss: 1.6157e-06 [MSELoss(): t(5,20)_r(0,0)_full_pTrue_gTrue]
	 Logging test loss: 1.9799e-06 [MSELoss(): t(5,20)_r(0,0)_combi_pTrue_gTrue]
	 Logging test loss: 2.213e-06 [MSELoss(): t(5,20)_r(0,0)_semi_pTrue_gTrue]
		--> Epoch time; 57.39491581916809
Epoch 2/9
	 Logging train Loss: 1.3387e-06 [MSELoss(): t(5,20)_r(0,0)_combi_pTrue_gTrue]
	 Logging test loss: 8.237e-07 [MSELoss(): t(5,20)_r(0,0)_tennis_pTrue_gTrue]
	 Logging test loss: 5.277e-07 [MSELoss(): t(5,20)_r(0,0)_full_pTrue_gTrue]
	 Logging test loss: 6.551e-07 [MSELoss(): t(5,20)_r(0,0)_combi_pTrue_gTrue]
	 Logging test loss: 7.311e-07 [MSELoss(): t(5,20)_r(0,0)_semi_pTrue_gTrue]
		--> Epoch time; 57.185325145721436
Epoch 3/9
	 Logging train Loss: 9.789e-07 [MSELoss(): t(5,20)_r(0,0)_combi_pTrue_gTrue]
	 Logging test loss: 9.2084e-06 [MSELoss(): t(5,20)_r(0,0)_tennis_pTrue_gTrue]
	 Logging test loss: 1.0862e-06 [MSELoss(): t(5,20)_r(0,0)_full_pTrue_gTrue]
	 Logging test loss: 4.7545e-06 [MSELoss(): t(5,20)_r(0,0)_combi_pTrue_gTrue]
	 Logging test loss: 8.1032e-06 [MSELoss(): t(5,20)_r(0,0)_semi_pTrue_gTrue]
		--> Epoch time; 57.311811685562134
Epoch 4/9
	 Logging train Loss: 6.893e-07 [MSELoss(): t(5,20)_r(0,0)_combi_pTrue_gTrue]
	 Logging test loss: 5.742e-07 [MSELoss(): t(5,20)_r(0,0)_tennis_pTrue_gTrue]
	 Logging test loss: 5.381e-07 [MSELoss(): t(5,20)_r(0,0)_full_pTrue_gTrue]
	 Logging test loss: 5.483e-07 [MSELoss(): t(5,20)_r(0,0)_combi_pTrue_gTrue]
	 Logging test loss: 5.573e-07 [MSELoss(): t(5,20)_r(0,0)_semi_pTrue_gTrue]
		--> Epoch time; 57.11069846153259
Epoch 5/9
	 Logging train Loss: 6.58e-07 [MSELoss(): t(5,20)_r(0,0)_combi_pTrue_gTrue]
	 Logging test loss: 9.307e-07 [MSELoss(): t(5,20)_r(0,0)_tennis_pTrue_gTrue]
	 Logging test loss: 3.848e-07 [MSELoss(): t(5,20)_r(0,0)_full_pTrue_gTrue]
	 Logging test loss: 6.412e-07 [MSELoss(): t(5,20)_r(0,0)_combi_pTrue_gTrue]
	 Logging test loss: 9.002e-07 [MSELoss(): t(5,20)_r(0,0)_semi_pTrue_gTrue]
		--> Epoch time; 57.987252712249756
Epoch 6/9
	 Logging train Loss: 5.999e-07 [MSELoss(): t(5,20)_r(0,0)_combi_pTrue_gTrue]
	 Logging test loss: 3.925e-07 [MSELoss(): t(5,20)_r(0,0)_tennis_pTrue_gTrue]
	 Logging test loss: 3.704e-07 [MSELoss(): t(5,20)_r(0,0)_full_pTrue_gTrue]
	 Logging test loss: 3.774e-07 [MSELoss(): t(5,20)_r(0,0)_combi_pTrue_gTrue]
	 Logging test loss: 3.857e-07 [MSELoss(): t(5,20)_r(0,0)_semi_pTrue_gTrue]
		--> Epoch time; 57.3522207736969
Epoch 7/9
wandb: Waiting for W&B process to finish... (success).
wandb: 
wandb: Run history:
wandb:                                       Epoch â–â–‚â–ƒâ–ƒâ–„â–…â–†â–†â–‡â–ˆ
wandb:  Test loss t(5,20)_r(0,0)_combi_pTrue_gTrue â–‡â–„â–‚â–ˆâ–‚â–‚â–â–â–‚â–
wandb:   Test loss t(5,20)_r(0,0)_full_pTrue_gTrue â–ˆâ–„â–‚â–ƒâ–‚â–â–â–â–‚â–
wandb:   Test loss t(5,20)_r(0,0)_semi_pTrue_gTrue â–…â–ƒâ–â–ˆâ–â–‚â–â–â–â–
wandb: Test loss t(5,20)_r(0,0)_tennis_pTrue_gTrue â–„â–ƒâ–â–ˆâ–â–‚â–â–â–â–
wandb:                                  Train loss â–ˆâ–â–â–â–â–â–â–â–â–
wandb: 
wandb: Run summary:
wandb:                                       Epoch 9
wandb:  Test loss t(5,20)_r(0,0)_combi_pTrue_gTrue 0.0
wandb:   Test loss t(5,20)_r(0,0)_full_pTrue_gTrue 0.0
wandb:   Test loss t(5,20)_r(0,0)_semi_pTrue_gTrue 0.0
wandb: Test loss t(5,20)_r(0,0)_tennis_pTrue_gTrue 0.0
wandb:                                  Train loss 0.0
wandb: 
wandb: ðŸš€ View run driven-grass-362 at: https://wandb.ai/nreints/ThesisFinal2Grav%2Bcoll/runs/maptdjqx
wandb: Synced 7 W&B file(s), 0 media file(s), 4 artifact file(s) and 1 other file(s)
wandb: Find logs at: ./wandb/run-20230716_141149-maptdjqx/logs
wandb: - Waiting for wandb.init()...wandb: \ Waiting for wandb.init()...wandb: wandb version 0.15.5 is available!  To upgrade, please run:
wandb:  $ pip install wandb --upgrade
wandb: Tracking run with wandb version 0.14.0
wandb: Run data is saved locally in /gpfs/home2/nreints/MScThesis/code/wandb/run-20230716_142314-a157ek60
wandb: Run `wandb offline` to turn off syncing.
wandb: Syncing run fancy-eon-369
wandb: â­ï¸ View project at https://wandb.ai/nreints/ThesisFinal2Grav%2Bcoll
wandb: ðŸš€ View run at https://wandb.ai/nreints/ThesisFinal2Grav%2Bcoll/runs/a157ek60
wandb: Waiting for W&B process to finish... (success).
wandb: 
wandb: Run history:
wandb:                                       Epoch â–â–‚â–ƒâ–ƒâ–„â–…â–†â–†â–‡â–ˆ
wandb:  Test loss t(5,20)_r(0,0)_combi_pTrue_gTrue â–ˆâ–ƒâ–‚â–‚â–‚â–‚â–†â–â–‚â–‚
wandb:   Test loss t(5,20)_r(0,0)_full_pTrue_gTrue â–ˆâ–ƒâ–â–‚â–‚â–‚â–‡â–â–‚â–‚
wandb:   Test loss t(5,20)_r(0,0)_semi_pTrue_gTrue â–ˆâ–ƒâ–‚â–‚â–‚â–‚â–†â–â–‚â–‚
wandb: Test loss t(5,20)_r(0,0)_tennis_pTrue_gTrue â–ˆâ–ƒâ–‚â–‚â–‚â–‚â–…â–â–‚â–‚
wandb:                                  Train loss â–ˆâ–â–â–â–â–â–â–â–â–
wandb: 
wandb: Run summary:
wandb:                                       Epoch 9
wandb:  Test loss t(5,20)_r(0,0)_combi_pTrue_gTrue 0.0
wandb:   Test loss t(5,20)_r(0,0)_full_pTrue_gTrue 0.0
wandb:   Test loss t(5,20)_r(0,0)_semi_pTrue_gTrue 0.0
wandb: Test loss t(5,20)_r(0,0)_tennis_pTrue_gTrue 0.0
wandb:                                  Train loss 0.0
wandb: 
wandb: ðŸš€ View run fancy-eon-369 at: https://wandb.ai/nreints/ThesisFinal2Grav%2Bcoll/runs/a157ek60
wandb: Synced 7 W&B file(s), 0 media file(s), 4 artifact file(s) and 1 other file(s)
wandb: Find logs at: ./wandb/run-20230716_142314-a157ek60/logs
wandb: - Waiting for wandb.init()...wandb: \ Waiting for wandb.init()...wandb: wandb version 0.15.5 is available!  To upgrade, please run:
wandb:  $ pip install wandb --upgrade
wandb: Tracking run with wandb version 0.14.0
wandb: Run data is saved locally in /gpfs/home2/nreints/MScThesis/code/wandb/run-20230716_143412-crtvmzoo
wandb: Run `wandb offline` to turn off syncing.
wandb: Syncing run effortless-plant-376
wandb: â­ï¸ View project at https://wandb.ai/nreints/ThesisFinal2Grav%2Bcoll
wandb: ðŸš€ View run at https://wandb.ai/nreints/ThesisFinal2Grav%2Bcoll/runs/crtvmzoo
	 Logging train Loss: 5.488e-07 [MSELoss(): t(5,20)_r(0,0)_combi_pTrue_gTrue]
	 Logging test loss: 4.114e-07 [MSELoss(): t(5,20)_r(0,0)_tennis_pTrue_gTrue]
	 Logging test loss: 3.128e-07 [MSELoss(): t(5,20)_r(0,0)_full_pTrue_gTrue]
	 Logging test loss: 3.606e-07 [MSELoss(): t(5,20)_r(0,0)_combi_pTrue_gTrue]
	 Logging test loss: 3.966e-07 [MSELoss(): t(5,20)_r(0,0)_semi_pTrue_gTrue]
		--> Epoch time; 57.28604006767273
Epoch 8/9
	 Logging train Loss: 5.054e-07 [MSELoss(): t(5,20)_r(0,0)_combi_pTrue_gTrue]
	 Logging test loss: 5.939e-07 [MSELoss(): t(5,20)_r(0,0)_tennis_pTrue_gTrue]
	 Logging test loss: 5.569e-07 [MSELoss(): t(5,20)_r(0,0)_full_pTrue_gTrue]
	 Logging test loss: 5.735e-07 [MSELoss(): t(5,20)_r(0,0)_combi_pTrue_gTrue]
	 Logging test loss: 5.875e-07 [MSELoss(): t(5,20)_r(0,0)_semi_pTrue_gTrue]
		--> Epoch time; 57.48865222930908
Epoch 9/9
	 Logging train Loss: 4.771e-07 [MSELoss(): t(5,20)_r(0,0)_combi_pTrue_gTrue]
	 Logging test loss: 2.058e-07 [MSELoss(): t(5,20)_r(0,0)_tennis_pTrue_gTrue]
	 Logging test loss: 1.887e-07 [MSELoss(): t(5,20)_r(0,0)_full_pTrue_gTrue]
	 Logging test loss: 1.943e-07 [MSELoss(): t(5,20)_r(0,0)_combi_pTrue_gTrue]
	 Logging test loss: 1.996e-07 [MSELoss(): t(5,20)_r(0,0)_semi_pTrue_gTrue]
		--> Epoch time; 57.19348478317261
Saved model in  trained_models/gru/data_t(5,20)_r(0,0)_combi_pTrue_gTrue/'rot_mat_1'_'False'.pth
It took  684.9909431934357  seconds.
----- ITERATION 9/10 ------
Number of train simulations:  1920
Number of test simulations:  480
The dataloader for data/data_t(5,20)_r(0,0)_combi_pTrue_gTrue took 49.02744960784912 seconds.
-- Finished Train Dataloader --
The dataloader for data/data_t(5,20)_r(0,0)_tennis_pTrue_gTrue took 12.658662557601929 seconds.
The dataloader for data/data_t(5,20)_r(0,0)_full_pTrue_gTrue took 12.542933702468872 seconds.
The dataloader for data/data_t(5,20)_r(0,0)_combi_pTrue_gTrue took 12.388728380203247 seconds.
The dataloader for data/data_t(5,20)_r(0,0)_semi_pTrue_gTrue took 12.553900003433228 seconds.
-- Finished Test Dataloader(s) --
GRU(
  (rnn): GRU(12, 96, batch_first=True)
  (fc): Linear(in_features=96, out_features=12, bias=True)
)
Datatype: rot_mat_1
-- Started Training --
Epoch 0/9
	 Logging train Loss: 7.06731e-05 [MSELoss(): t(5,20)_r(0,0)_combi_pTrue_gTrue]
	 Logging test loss: 4.1783e-06 [MSELoss(): t(5,20)_r(0,0)_tennis_pTrue_gTrue]
	 Logging test loss: 2.9738e-06 [MSELoss(): t(5,20)_r(0,0)_full_pTrue_gTrue]
	 Logging test loss: 3.4976e-06 [MSELoss(): t(5,20)_r(0,0)_combi_pTrue_gTrue]
	 Logging test loss: 3.9075e-06 [MSELoss(): t(5,20)_r(0,0)_semi_pTrue_gTrue]
		--> Epoch time; 55.389155626297
Epoch 1/9
	 Logging train Loss: 2.4362e-06 [MSELoss(): t(5,20)_r(0,0)_combi_pTrue_gTrue]
	 Logging test loss: 1.3454e-06 [MSELoss(): t(5,20)_r(0,0)_tennis_pTrue_gTrue]
	 Logging test loss: 9.846e-07 [MSELoss(): t(5,20)_r(0,0)_full_pTrue_gTrue]
	 Logging test loss: 1.1513e-06 [MSELoss(): t(5,20)_r(0,0)_combi_pTrue_gTrue]
	 Logging test loss: 1.2577e-06 [MSELoss(): t(5,20)_r(0,0)_semi_pTrue_gTrue]
		--> Epoch time; 55.51624608039856
Epoch 2/9
	 Logging train Loss: 1.2579e-06 [MSELoss(): t(5,20)_r(0,0)_combi_pTrue_gTrue]
	 Logging test loss: 5.455e-07 [MSELoss(): t(5,20)_r(0,0)_tennis_pTrue_gTrue]
	 Logging test loss: 3.48e-07 [MSELoss(): t(5,20)_r(0,0)_full_pTrue_gTrue]
	 Logging test loss: 4.268e-07 [MSELoss(): t(5,20)_r(0,0)_combi_pTrue_gTrue]
	 Logging test loss: 5.023e-07 [MSELoss(): t(5,20)_r(0,0)_semi_pTrue_gTrue]
		--> Epoch time; 55.02824521064758
Epoch 3/9
	 Logging train Loss: 9.205e-07 [MSELoss(): t(5,20)_r(0,0)_combi_pTrue_gTrue]
	 Logging test loss: 6.185e-07 [MSELoss(): t(5,20)_r(0,0)_tennis_pTrue_gTrue]
	 Logging test loss: 5.123e-07 [MSELoss(): t(5,20)_r(0,0)_full_pTrue_gTrue]
	 Logging test loss: 5.461e-07 [MSELoss(): t(5,20)_r(0,0)_combi_pTrue_gTrue]
	 Logging test loss: 5.904e-07 [MSELoss(): t(5,20)_r(0,0)_semi_pTrue_gTrue]
		--> Epoch time; 54.56579566001892
Epoch 4/9
	 Logging train Loss: 8.411e-07 [MSELoss(): t(5,20)_r(0,0)_combi_pTrue_gTrue]
	 Logging test loss: 4.744e-07 [MSELoss(): t(5,20)_r(0,0)_tennis_pTrue_gTrue]
	 Logging test loss: 4.022e-07 [MSELoss(): t(5,20)_r(0,0)_full_pTrue_gTrue]
	 Logging test loss: 4.263e-07 [MSELoss(): t(5,20)_r(0,0)_combi_pTrue_gTrue]
	 Logging test loss: 4.595e-07 [MSELoss(): t(5,20)_r(0,0)_semi_pTrue_gTrue]
		--> Epoch time; 54.28992033004761
Epoch 5/9
	 Logging train Loss: 7.616e-07 [MSELoss(): t(5,20)_r(0,0)_combi_pTrue_gTrue]
	 Logging test loss: 6.659e-07 [MSELoss(): t(5,20)_r(0,0)_tennis_pTrue_gTrue]
	 Logging test loss: 5.966e-07 [MSELoss(): t(5,20)_r(0,0)_full_pTrue_gTrue]
	 Logging test loss: 6.233e-07 [MSELoss(): t(5,20)_r(0,0)_combi_pTrue_gTrue]
	 Logging test loss: 6.55e-07 [MSELoss(): t(5,20)_r(0,0)_semi_pTrue_gTrue]
		--> Epoch time; 54.31532883644104
Epoch 6/9
	 Logging train Loss: 7.915e-07 [MSELoss(): t(5,20)_r(0,0)_combi_pTrue_gTrue]
	 Logging test loss: 2.7316e-06 [MSELoss(): t(5,20)_r(0,0)_tennis_pTrue_gTrue]
	 Logging test loss: 2.5907e-06 [MSELoss(): t(5,20)_r(0,0)_full_pTrue_gTrue]
	 Logging test loss: 2.6509e-06 [MSELoss(): t(5,20)_r(0,0)_combi_pTrue_gTrue]
	 Logging test loss: 2.7181e-06 [MSELoss(): t(5,20)_r(0,0)_semi_pTrue_gTrue]
		--> Epoch time; 54.021607398986816
Epoch 7/9
	 Logging train Loss: 6.778e-07 [MSELoss(): t(5,20)_r(0,0)_combi_pTrue_gTrue]
	 Logging test loss: 1.837e-07 [MSELoss(): t(5,20)_r(0,0)_tennis_pTrue_gTrue]
	 Logging test loss: 1.49e-07 [MSELoss(): t(5,20)_r(0,0)_full_pTrue_gTrue]
	 Logging test loss: 1.636e-07 [MSELoss(): t(5,20)_r(0,0)_combi_pTrue_gTrue]
	 Logging test loss: 1.782e-07 [MSELoss(): t(5,20)_r(0,0)_semi_pTrue_gTrue]
		--> Epoch time; 54.471693992614746
Epoch 8/9
	 Logging train Loss: 6.393e-07 [MSELoss(): t(5,20)_r(0,0)_combi_pTrue_gTrue]
	 Logging test loss: 5.714e-07 [MSELoss(): t(5,20)_r(0,0)_tennis_pTrue_gTrue]
	 Logging test loss: 4.866e-07 [MSELoss(): t(5,20)_r(0,0)_full_pTrue_gTrue]
	 Logging test loss: 5.264e-07 [MSELoss(): t(5,20)_r(0,0)_combi_pTrue_gTrue]
	 Logging test loss: 5.608e-07 [MSELoss(): t(5,20)_r(0,0)_semi_pTrue_gTrue]
		--> Epoch time; 54.567915201187134
Epoch 9/9
	 Logging train Loss: 5.749e-07 [MSELoss(): t(5,20)_r(0,0)_combi_pTrue_gTrue]
	 Logging test loss: 6.909e-07 [MSELoss(): t(5,20)_r(0,0)_tennis_pTrue_gTrue]
	 Logging test loss: 6.622e-07 [MSELoss(): t(5,20)_r(0,0)_full_pTrue_gTrue]
	 Logging test loss: 6.752e-07 [MSELoss(): t(5,20)_r(0,0)_combi_pTrue_gTrue]
	 Logging test loss: 6.882e-07 [MSELoss(): t(5,20)_r(0,0)_semi_pTrue_gTrue]
		--> Epoch time; 54.976340770721436
Saved model in  trained_models/gru/data_t(5,20)_r(0,0)_combi_pTrue_gTrue/'rot_mat_1'_'False'.pth
It took  658.2189342975616  seconds.
----- ITERATION 10/10 ------
Number of train simulations:  1920
Number of test simulations:  480
The dataloader for data/data_t(5,20)_r(0,0)_combi_pTrue_gTrue took 48.685539960861206 seconds.
-- Finished Train Dataloader --
The dataloader for data/data_t(5,20)_r(0,0)_tennis_pTrue_gTrue took 12.493006944656372 seconds.
The dataloader for data/data_t(5,20)_r(0,0)_full_pTrue_gTrue took 12.522173166275024 seconds.
The dataloader for data/data_t(5,20)_r(0,0)_combi_pTrue_gTrue took 12.373621702194214 seconds.
The dataloader for data/data_t(5,20)_r(0,0)_semi_pTrue_gTrue took 12.5020592212677 seconds.
-- Finished Test Dataloader(s) --
GRU(
  (rnn): GRU(12, 96, batch_first=True)
  (fc): Linear(in_features=96, out_features=12, bias=True)
)
Datatype: rot_mat_1
-- Started Training --
Epoch 0/9
	 Logging train Loss: 8.13404e-05 [MSELoss(): t(5,20)_r(0,0)_combi_pTrue_gTrue]
	 Logging test loss: 4.6263e-06 [MSELoss(): t(5,20)_r(0,0)_tennis_pTrue_gTrue]
	 Logging test loss: 3.5445e-06 [MSELoss(): t(5,20)_r(0,0)_full_pTrue_gTrue]
	 Logging test loss: 4.1474e-06 [MSELoss(): t(5,20)_r(0,0)_combi_pTrue_gTrue]
	 Logging test loss: 4.3912e-06 [MSELoss(): t(5,20)_r(0,0)_semi_pTrue_gTrue]
		--> Epoch time; 56.866811990737915
Epoch 1/9
	 Logging train Loss: 2.8145e-06 [MSELoss(): t(5,20)_r(0,0)_combi_pTrue_gTrue]
	 Logging test loss: 4.9377e-06 [MSELoss(): t(5,20)_r(0,0)_tennis_pTrue_gTrue]
	 Logging test loss: 2.1861e-06 [MSELoss(): t(5,20)_r(0,0)_full_pTrue_gTrue]
wandb: Waiting for W&B process to finish... (success).
wandb: 
wandb: Run history:
wandb:                                       Epoch â–â–‚â–ƒâ–ƒâ–„â–…â–†â–†â–‡â–ˆ
wandb:  Test loss t(5,20)_r(0,0)_combi_pTrue_gTrue â–ˆâ–‡â–‚â–‚â–â–ƒâ–„â–‚â–â–‚
wandb:   Test loss t(5,20)_r(0,0)_full_pTrue_gTrue â–ˆâ–…â–‚â–‚â–â–„â–„â–â–â–‚
wandb:   Test loss t(5,20)_r(0,0)_semi_pTrue_gTrue â–ˆâ–ˆâ–‚â–‚â–â–ƒâ–„â–ƒâ–â–‚
wandb: Test loss t(5,20)_r(0,0)_tennis_pTrue_gTrue â–ˆâ–ˆâ–‚â–‚â–â–ƒâ–ƒâ–ƒâ–â–‚
wandb:                                  Train loss â–ˆâ–â–â–â–â–â–â–â–â–
wandb: 
wandb: Run summary:
wandb:                                       Epoch 9
wandb:  Test loss t(5,20)_r(0,0)_combi_pTrue_gTrue 0.0
wandb:   Test loss t(5,20)_r(0,0)_full_pTrue_gTrue 0.0
wandb:   Test loss t(5,20)_r(0,0)_semi_pTrue_gTrue 0.0
wandb: Test loss t(5,20)_r(0,0)_tennis_pTrue_gTrue 0.0
wandb:                                  Train loss 0.0
wandb: 
wandb: ðŸš€ View run effortless-plant-376 at: https://wandb.ai/nreints/ThesisFinal2Grav%2Bcoll/runs/crtvmzoo
wandb: Synced 7 W&B file(s), 0 media file(s), 4 artifact file(s) and 1 other file(s)
wandb: Find logs at: ./wandb/run-20230716_143412-crtvmzoo/logs
	 Logging test loss: 3.5493e-06 [MSELoss(): t(5,20)_r(0,0)_combi_pTrue_gTrue]
	 Logging test loss: 4.5954e-06 [MSELoss(): t(5,20)_r(0,0)_semi_pTrue_gTrue]
		--> Epoch time; 57.01829481124878
Epoch 2/9
	 Logging train Loss: 1.6426e-06 [MSELoss(): t(5,20)_r(0,0)_combi_pTrue_gTrue]
	 Logging test loss: 7.592e-07 [MSELoss(): t(5,20)_r(0,0)_tennis_pTrue_gTrue]
	 Logging test loss: 5.9e-07 [MSELoss(): t(5,20)_r(0,0)_full_pTrue_gTrue]
	 Logging test loss: 6.753e-07 [MSELoss(): t(5,20)_r(0,0)_combi_pTrue_gTrue]
	 Logging test loss: 7.214e-07 [MSELoss(): t(5,20)_r(0,0)_semi_pTrue_gTrue]
		--> Epoch time; 56.92890739440918
Epoch 3/9
	 Logging train Loss: 1.0519e-06 [MSELoss(): t(5,20)_r(0,0)_combi_pTrue_gTrue]
	 Logging test loss: 8.957e-07 [MSELoss(): t(5,20)_r(0,0)_tennis_pTrue_gTrue]
	 Logging test loss: 6.734e-07 [MSELoss(): t(5,20)_r(0,0)_full_pTrue_gTrue]
	 Logging test loss: 7.671e-07 [MSELoss(): t(5,20)_r(0,0)_combi_pTrue_gTrue]
	 Logging test loss: 8.54e-07 [MSELoss(): t(5,20)_r(0,0)_semi_pTrue_gTrue]
		--> Epoch time; 57.19851279258728
Epoch 4/9
	 Logging train Loss: 7.982e-07 [MSELoss(): t(5,20)_r(0,0)_combi_pTrue_gTrue]
	 Logging test loss: 2.504e-07 [MSELoss(): t(5,20)_r(0,0)_tennis_pTrue_gTrue]
	 Logging test loss: 2.034e-07 [MSELoss(): t(5,20)_r(0,0)_full_pTrue_gTrue]
	 Logging test loss: 2.219e-07 [MSELoss(): t(5,20)_r(0,0)_combi_pTrue_gTrue]
	 Logging test loss: 2.342e-07 [MSELoss(): t(5,20)_r(0,0)_semi_pTrue_gTrue]
		--> Epoch time; 57.25920557975769
Epoch 5/9
	 Logging train Loss: 7.302e-07 [MSELoss(): t(5,20)_r(0,0)_combi_pTrue_gTrue]
	 Logging test loss: 1.6631e-06 [MSELoss(): t(5,20)_r(0,0)_tennis_pTrue_gTrue]
	 Logging test loss: 1.3894e-06 [MSELoss(): t(5,20)_r(0,0)_full_pTrue_gTrue]
	 Logging test loss: 1.5106e-06 [MSELoss(): t(5,20)_r(0,0)_combi_pTrue_gTrue]
	 Logging test loss: 1.6107e-06 [MSELoss(): t(5,20)_r(0,0)_semi_pTrue_gTrue]
		--> Epoch time; 57.8491575717926
Epoch 6/9
	 Logging train Loss: 6.586e-07 [MSELoss(): t(5,20)_r(0,0)_combi_pTrue_gTrue]
	 Logging test loss: 1.8846e-06 [MSELoss(): t(5,20)_r(0,0)_tennis_pTrue_gTrue]
	 Logging test loss: 1.8441e-06 [MSELoss(): t(5,20)_r(0,0)_full_pTrue_gTrue]
	 Logging test loss: 1.8605e-06 [MSELoss(): t(5,20)_r(0,0)_combi_pTrue_gTrue]
	 Logging test loss: 1.8712e-06 [MSELoss(): t(5,20)_r(0,0)_semi_pTrue_gTrue]
		--> Epoch time; 56.8427209854126
Epoch 7/9
	 Logging train Loss: 6.101e-07 [MSELoss(): t(5,20)_r(0,0)_combi_pTrue_gTrue]
	 Logging test loss: 1.7861e-06 [MSELoss(): t(5,20)_r(0,0)_tennis_pTrue_gTrue]
	 Logging test loss: 2.951e-07 [MSELoss(): t(5,20)_r(0,0)_full_pTrue_gTrue]
	 Logging test loss: 9.774e-07 [MSELoss(): t(5,20)_r(0,0)_combi_pTrue_gTrue]
	 Logging test loss: 1.5919e-06 [MSELoss(): t(5,20)_r(0,0)_semi_pTrue_gTrue]
		--> Epoch time; 56.448413133621216
Epoch 8/9
	 Logging train Loss: 5.707e-07 [MSELoss(): t(5,20)_r(0,0)_combi_pTrue_gTrue]
	 Logging test loss: 2.402e-07 [MSELoss(): t(5,20)_r(0,0)_tennis_pTrue_gTrue]
	 Logging test loss: 1.683e-07 [MSELoss(): t(5,20)_r(0,0)_full_pTrue_gTrue]
	 Logging test loss: 1.963e-07 [MSELoss(): t(5,20)_r(0,0)_combi_pTrue_gTrue]
	 Logging test loss: 2.27e-07 [MSELoss(): t(5,20)_r(0,0)_semi_pTrue_gTrue]
		--> Epoch time; 56.57680082321167
Epoch 9/9
	 Logging train Loss: 5.061e-07 [MSELoss(): t(5,20)_r(0,0)_combi_pTrue_gTrue]
	 Logging test loss: 8.707e-07 [MSELoss(): t(5,20)_r(0,0)_tennis_pTrue_gTrue]
	 Logging test loss: 8.31e-07 [MSELoss(): t(5,20)_r(0,0)_full_pTrue_gTrue]
	 Logging test loss: 8.474e-07 [MSELoss(): t(5,20)_r(0,0)_combi_pTrue_gTrue]
	 Logging test loss: 8.522e-07 [MSELoss(): t(5,20)_r(0,0)_semi_pTrue_gTrue]
		--> Epoch time; 56.49458193778992
Saved model in  trained_models/gru/data_t(5,20)_r(0,0)_combi_pTrue_gTrue/'rot_mat_1'_'False'.pth
It took  680.641220331192  seconds.

JOB STATISTICS
==============
Job ID: 3081660
Array Job ID: 3081615_46
Cluster: snellius
User/Group: nreints/nreints
State: RUNNING
Nodes: 1
Cores per node: 18
CPU Utilized: 02:02:58
CPU Efficiency: 5.96% of 1-10:21:36 core-walltime
Job Wall-clock time: 01:54:32
Memory Utilized: 8.68 GB
Memory Efficiency: 0.00% of 0.00 MB
WARNING: Efficiency statistics may be misleading for RUNNING jobs.
