wandb: Currently logged in as: nreints. Use `wandb login --relogin` to force relogin
wandb: ERROR Error while calling W&B API: An internal error occurred. Please contact support. (<Response [500]>)
wandb: - Waiting for wandb.init()...wandb: \ Waiting for wandb.init()...wandb: wandb version 0.15.5 is available!  To upgrade, please run:
wandb:  $ pip install wandb --upgrade
wandb: Tracking run with wandb version 0.14.0
wandb: Run data is saved locally in /gpfs/home2/nreints/MScThesis/code/wandb/run-20230711_120901-eaaxl951
wandb: Run `wandb offline` to turn off syncing.
wandb: Syncing run lucky-frost-5
wandb: â­ï¸ View project at https://wandb.ai/nreints/ThesisFinal2Gen
wandb: ðŸš€ View run at https://wandb.ai/nreints/ThesisFinal2Gen/runs/eaaxl951
wandb: Waiting for W&B process to finish... (success).
wandb: 
wandb: Run history:
wandb:                                       Epoch â–â–‚â–ƒâ–ƒâ–„â–…â–†â–†â–‡â–ˆ
wandb:   Test loss t(0,0)_r(0,0)_combi_pNone_gTrue â–ˆâ–‚â–â–â–â–â–â–â–â–
wandb:   Test loss t(0,0)_r(0,0)_combi_pTrue_gTrue â–ˆâ–‚â–‚â–â–â–â–â–â–â–
wandb: Test loss t(5,20)_r(5,20)_combi_pNone_gNone â–ˆâ–„â–‚â–‚â–‚â–‚â–‚â–â–â–
wandb:   Test loss tennis_pNone_gNone_tennisEffect â–ˆâ–ƒâ–‚â–‚â–‚â–‚â–â–â–â–
wandb:                                  Train loss â–ˆâ–â–â–â–â–â–â–â–â–
wandb: 
wandb: Run summary:
wandb:                                       Epoch 9
wandb:   Test loss t(0,0)_r(0,0)_combi_pNone_gTrue 0.0
wandb:   Test loss t(0,0)_r(0,0)_combi_pTrue_gTrue 0.0
wandb: Test loss t(5,20)_r(5,20)_combi_pNone_gNone 0.0
wandb:   Test loss tennis_pNone_gNone_tennisEffect 1e-05
wandb:                                  Train loss 0.0
wandb: 
wandb: ðŸš€ View run lucky-frost-5 at: https://wandb.ai/nreints/ThesisFinal2Gen/runs/eaaxl951
wandb: Synced 7 W&B file(s), 0 media file(s), 4 artifact file(s) and 1 other file(s)
wandb: Find logs at: ./wandb/run-20230711_120901-eaaxl951/logs
wandb: - Waiting for wandb.init()...wandb: \ Waiting for wandb.init()...wandb: wandb version 0.15.5 is available!  To upgrade, please run:
wandb:  $ pip install wandb --upgrade
wandb: Tracking run with wandb version 0.14.0
wandb: Run data is saved locally in /gpfs/home2/nreints/MScThesis/code/wandb/run-20230711_122023-4jfdib42
wandb: Run `wandb offline` to turn off syncing.
wandb: Syncing run winter-snowflake-21
wandb: â­ï¸ View project at https://wandb.ai/nreints/ThesisFinal2Gen
wandb: ðŸš€ View run at https://wandb.ai/nreints/ThesisFinal2Gen/runs/4jfdib42
Training on dataset: data_t(5,20)_r(5,20)_combi_pNone_gNone
Testing on 4 datasets: ['data_t(0,0)_r(0,0)_combi_pTrue_gTrue', 'data_t(5,20)_r(5,20)_combi_pNone_gNone', 'data_tennis_pNone_gNone_tennisEffect', 'data_t(0,0)_r(0,0)_combi_pNone_gTrue']
Focussing on identity: True
Using extra input: False
Using fr-fr as reference point.
----- ITERATION 1/10 ------
Number of train simulations:  1920
Number of test simulations:  480
The dataloader for data/data_t(5,20)_r(5,20)_combi_pNone_gNone took 52.898770809173584 seconds.
-- Finished Train Dataloader --
The dataloader for data/data_t(0,0)_r(0,0)_combi_pTrue_gTrue took 13.297605514526367 seconds.
The dataloader for data/data_t(5,20)_r(5,20)_combi_pNone_gNone took 12.926058769226074 seconds.
The dataloader for data/data_tennis_pNone_gNone_tennisEffect took 12.977070808410645 seconds.
The dataloader for data/data_t(0,0)_r(0,0)_combi_pNone_gTrue took 13.076584815979004 seconds.
-- Finished Test Dataloader(s) --
GRU(
  (rnn): GRU(12, 96, batch_first=True)
  (fc): Linear(in_features=96, out_features=12, bias=True)
)
Datatype: rot_mat_1
-- Started Training --
Epoch 0/9
	 Logging train Loss: 0.0003600554 [MSELoss(): t(5,20)_r(5,20)_combi_pNone_gNone]
	 Logging test loss: 0.0001131512 [MSELoss(): t(0,0)_r(0,0)_combi_pTrue_gTrue]
	 Logging test loss: 1.37262e-05 [MSELoss(): t(5,20)_r(5,20)_combi_pNone_gNone]
	 Logging test loss: 0.0001311517 [MSELoss(): tennis_pNone_gNone_tennisEffect]
	 Logging test loss: 0.0001412577 [MSELoss(): t(0,0)_r(0,0)_combi_pNone_gTrue]
		--> Epoch time; 55.66806507110596
Epoch 1/9
	 Logging train Loss: 7.6524e-06 [MSELoss(): t(5,20)_r(5,20)_combi_pNone_gNone]
	 Logging test loss: 1.65108e-05 [MSELoss(): t(0,0)_r(0,0)_combi_pTrue_gTrue]
	 Logging test loss: 6.466e-06 [MSELoss(): t(5,20)_r(5,20)_combi_pNone_gNone]
	 Logging test loss: 4.8045e-05 [MSELoss(): tennis_pNone_gNone_tennisEffect]
	 Logging test loss: 1.86233e-05 [MSELoss(): t(0,0)_r(0,0)_combi_pNone_gTrue]
		--> Epoch time; 54.88290882110596
Epoch 2/9
	 Logging train Loss: 5.4104e-06 [MSELoss(): t(5,20)_r(5,20)_combi_pNone_gNone]
	 Logging test loss: 8.5024e-06 [MSELoss(): t(0,0)_r(0,0)_combi_pTrue_gTrue]
	 Logging test loss: 3.6758e-06 [MSELoss(): t(5,20)_r(5,20)_combi_pNone_gNone]
	 Logging test loss: 3.58331e-05 [MSELoss(): tennis_pNone_gNone_tennisEffect]
	 Logging test loss: 9.8555e-06 [MSELoss(): t(0,0)_r(0,0)_combi_pNone_gTrue]
		--> Epoch time; 55.00466203689575
Epoch 3/9
	 Logging train Loss: 4.649e-06 [MSELoss(): t(5,20)_r(5,20)_combi_pNone_gNone]
	 Logging test loss: 5.0958e-06 [MSELoss(): t(0,0)_r(0,0)_combi_pTrue_gTrue]
	 Logging test loss: 3.458e-06 [MSELoss(): t(5,20)_r(5,20)_combi_pNone_gNone]
	 Logging test loss: 2.94908e-05 [MSELoss(): tennis_pNone_gNone_tennisEffect]
	 Logging test loss: 5.82e-06 [MSELoss(): t(0,0)_r(0,0)_combi_pNone_gTrue]
		--> Epoch time; 56.37929153442383
Epoch 4/9
	 Logging train Loss: 3.8683e-06 [MSELoss(): t(5,20)_r(5,20)_combi_pNone_gNone]
	 Logging test loss: 3.3848e-06 [MSELoss(): t(0,0)_r(0,0)_combi_pTrue_gTrue]
	 Logging test loss: 3.1036e-06 [MSELoss(): t(5,20)_r(5,20)_combi_pNone_gNone]
	 Logging test loss: 2.4266e-05 [MSELoss(): tennis_pNone_gNone_tennisEffect]
	 Logging test loss: 3.7423e-06 [MSELoss(): t(0,0)_r(0,0)_combi_pNone_gTrue]
		--> Epoch time; 56.590193033218384
Epoch 5/9
	 Logging train Loss: 3.395e-06 [MSELoss(): t(5,20)_r(5,20)_combi_pNone_gNone]
	 Logging test loss: 1.6502e-06 [MSELoss(): t(0,0)_r(0,0)_combi_pTrue_gTrue]
	 Logging test loss: 2.3803e-06 [MSELoss(): t(5,20)_r(5,20)_combi_pNone_gNone]
	 Logging test loss: 1.9432e-05 [MSELoss(): tennis_pNone_gNone_tennisEffect]
	 Logging test loss: 1.8173e-06 [MSELoss(): t(0,0)_r(0,0)_combi_pNone_gTrue]
		--> Epoch time; 57.133012771606445
Epoch 6/9
	 Logging train Loss: 2.7648e-06 [MSELoss(): t(5,20)_r(5,20)_combi_pNone_gNone]
	 Logging test loss: 1.6093e-06 [MSELoss(): t(0,0)_r(0,0)_combi_pTrue_gTrue]
	 Logging test loss: 2.4297e-06 [MSELoss(): t(5,20)_r(5,20)_combi_pNone_gNone]
	 Logging test loss: 1.5383e-05 [MSELoss(): tennis_pNone_gNone_tennisEffect]
	 Logging test loss: 1.7362e-06 [MSELoss(): t(0,0)_r(0,0)_combi_pNone_gTrue]
		--> Epoch time; 56.968860149383545
Epoch 7/9
	 Logging train Loss: 2.3284e-06 [MSELoss(): t(5,20)_r(5,20)_combi_pNone_gNone]
	 Logging test loss: 7.491e-07 [MSELoss(): t(0,0)_r(0,0)_combi_pTrue_gTrue]
	 Logging test loss: 1.523e-06 [MSELoss(): t(5,20)_r(5,20)_combi_pNone_gNone]
	 Logging test loss: 1.1741e-05 [MSELoss(): tennis_pNone_gNone_tennisEffect]
	 Logging test loss: 7.748e-07 [MSELoss(): t(0,0)_r(0,0)_combi_pNone_gTrue]
		--> Epoch time; 56.93877124786377
Epoch 8/9
	 Logging train Loss: 2.0723e-06 [MSELoss(): t(5,20)_r(5,20)_combi_pNone_gNone]
	 Logging test loss: 4.017e-07 [MSELoss(): t(0,0)_r(0,0)_combi_pTrue_gTrue]
	 Logging test loss: 1.1925e-06 [MSELoss(): t(5,20)_r(5,20)_combi_pNone_gNone]
	 Logging test loss: 1.03702e-05 [MSELoss(): tennis_pNone_gNone_tennisEffect]
	 Logging test loss: 4.154e-07 [MSELoss(): t(0,0)_r(0,0)_combi_pNone_gTrue]
		--> Epoch time; 55.54757595062256
Epoch 9/9
	 Logging train Loss: 1.6057e-06 [MSELoss(): t(5,20)_r(5,20)_combi_pNone_gNone]
	 Logging test loss: 7.375e-07 [MSELoss(): t(0,0)_r(0,0)_combi_pTrue_gTrue]
	 Logging test loss: 1.5287e-06 [MSELoss(): t(5,20)_r(5,20)_combi_pNone_gNone]
	 Logging test loss: 9.8632e-06 [MSELoss(): tennis_pNone_gNone_tennisEffect]
	 Logging test loss: 7.589e-07 [MSELoss(): t(0,0)_r(0,0)_combi_pNone_gTrue]
		--> Epoch time; 55.92373538017273
Saved model in  trained_models/gru/data_t(5,20)_r(5,20)_combi_pNone_gNone/'rot_mat_1'_'False'.pth
It took  683.3277020454407  seconds.
----- ITERATION 2/10 ------
Number of train simulations:  1920
Number of test simulations:  480
The dataloader for data/data_t(5,20)_r(5,20)_combi_pNone_gNone took 50.81255078315735 seconds.
-- Finished Train Dataloader --
The dataloader for data/data_t(0,0)_r(0,0)_combi_pTrue_gTrue took 12.958151578903198 seconds.
The dataloader for data/data_t(5,20)_r(5,20)_combi_pNone_gNone took 12.74838924407959 seconds.
The dataloader for data/data_tennis_pNone_gNone_tennisEffect took 12.972487211227417 seconds.
The dataloader for data/data_t(0,0)_r(0,0)_combi_pNone_gTrue took 12.876339197158813 seconds.
-- Finished Test Dataloader(s) --
GRU(
  (rnn): GRU(12, 96, batch_first=True)
  (fc): Linear(in_features=96, out_features=12, bias=True)
)
Datatype: rot_mat_1
-- Started Training --
Epoch 0/9
	 Logging train Loss: 0.000253377 [MSELoss(): t(5,20)_r(5,20)_combi_pNone_gNone]
	 Logging test loss: 2.6062e-05 [MSELoss(): t(0,0)_r(0,0)_combi_pTrue_gTrue]
	 Logging test loss: 6.6767e-06 [MSELoss(): t(5,20)_r(5,20)_combi_pNone_gNone]
	 Logging test loss: 6.42399e-05 [MSELoss(): tennis_pNone_gNone_tennisEffect]
	 Logging test loss: 2.74897e-05 [MSELoss(): t(0,0)_r(0,0)_combi_pNone_gTrue]
		--> Epoch time; 56.67836141586304
Epoch 1/9
	 Logging train Loss: 6.1541e-06 [MSELoss(): t(5,20)_r(5,20)_combi_pNone_gNone]
	 Logging test loss: 1.08401e-05 [MSELoss(): t(0,0)_r(0,0)_combi_pTrue_gTrue]
	 Logging test loss: 4.2426e-06 [MSELoss(): t(5,20)_r(5,20)_combi_pNone_gNone]
	 Logging test loss: 3.98691e-05 [MSELoss(): tennis_pNone_gNone_tennisEffect]
	 Logging test loss: 1.1445e-05 [MSELoss(): t(0,0)_r(0,0)_combi_pNone_gTrue]
		--> Epoch time; 56.40982270240784
Epoch 2/9
	 Logging train Loss: 5.2707e-06 [MSELoss(): t(5,20)_r(5,20)_combi_pNone_gNone]
	 Logging test loss: 5.5901e-06 [MSELoss(): t(0,0)_r(0,0)_combi_pTrue_gTrue]
	 Logging test loss: 3.0919e-06 [MSELoss(): t(5,20)_r(5,20)_combi_pNone_gNone]
	 Logging test loss: 3.03315e-05 [MSELoss(): tennis_pNone_gNone_tennisEffect]
	 Logging test loss: 5.8516e-06 [MSELoss(): t(0,0)_r(0,0)_combi_pNone_gTrue]
		--> Epoch time; 55.638405084609985
Epoch 3/9
	 Logging train Loss: 4.4484e-06 [MSELoss(): t(5,20)_r(5,20)_combi_pNone_gNone]
	 Logging test loss: 3.9334e-06 [MSELoss(): t(0,0)_r(0,0)_combi_pTrue_gTrue]
	 Logging test loss: 3.1054e-06 [MSELoss(): t(5,20)_r(5,20)_combi_pNone_gNone]
	 Logging test loss: 2.53823e-05 [MSELoss(): tennis_pNone_gNone_tennisEffect]
	 Logging test loss: 3.9582e-06 [MSELoss(): t(0,0)_r(0,0)_combi_pNone_gTrue]
		--> Epoch time; 55.71453022956848
Epoch 4/9
wandb: Waiting for W&B process to finish... (success).
wandb: 
wandb: Run history:
wandb:                                       Epoch â–â–‚â–ƒâ–ƒâ–„â–…â–†â–†â–‡â–ˆ
wandb:   Test loss t(0,0)_r(0,0)_combi_pNone_gTrue â–ˆâ–„â–‚â–‚â–â–â–â–â–â–
wandb:   Test loss t(0,0)_r(0,0)_combi_pTrue_gTrue â–ˆâ–„â–‚â–‚â–â–â–â–â–â–
wandb: Test loss t(5,20)_r(5,20)_combi_pNone_gNone â–ˆâ–…â–„â–„â–‚â–ƒâ–â–â–‚â–‚
wandb:   Test loss tennis_pNone_gNone_tennisEffect â–ˆâ–…â–„â–ƒâ–‚â–‚â–â–â–â–
wandb:                                  Train loss â–ˆâ–â–â–â–â–â–â–â–â–
wandb: 
wandb: Run summary:
wandb:                                       Epoch 9
wandb:   Test loss t(0,0)_r(0,0)_combi_pNone_gTrue 0.0
wandb:   Test loss t(0,0)_r(0,0)_combi_pTrue_gTrue 0.0
wandb: Test loss t(5,20)_r(5,20)_combi_pNone_gNone 0.0
wandb:   Test loss tennis_pNone_gNone_tennisEffect 1e-05
wandb:                                  Train loss 0.0
wandb: 
wandb: ðŸš€ View run winter-snowflake-21 at: https://wandb.ai/nreints/ThesisFinal2Gen/runs/4jfdib42
wandb: Synced 7 W&B file(s), 0 media file(s), 4 artifact file(s) and 1 other file(s)
wandb: Find logs at: ./wandb/run-20230711_122023-4jfdib42/logs
wandb: - Waiting for wandb.init()...wandb: \ Waiting for wandb.init()...wandb: wandb version 0.15.5 is available!  To upgrade, please run:
wandb:  $ pip install wandb --upgrade
wandb: Tracking run with wandb version 0.14.0
wandb: Run data is saved locally in /gpfs/home2/nreints/MScThesis/code/wandb/run-20230711_123137-2zc8zi2h
wandb: Run `wandb offline` to turn off syncing.
wandb: Syncing run golden-universe-36
wandb: â­ï¸ View project at https://wandb.ai/nreints/ThesisFinal2Gen
wandb: ðŸš€ View run at https://wandb.ai/nreints/ThesisFinal2Gen/runs/2zc8zi2h
wandb: Waiting for W&B process to finish... (success).
wandb: 
wandb: Run history:
wandb:                                       Epoch â–â–‚â–ƒâ–ƒâ–„â–…â–†â–†â–‡â–ˆ
wandb:   Test loss t(0,0)_r(0,0)_combi_pNone_gTrue â–ˆâ–ƒâ–‚â–â–â–â–â–â–â–
wandb:   Test loss t(0,0)_r(0,0)_combi_pTrue_gTrue â–ˆâ–ƒâ–‚â–â–â–â–â–â–â–
wandb: Test loss t(5,20)_r(5,20)_combi_pNone_gNone â–ˆâ–†â–ƒâ–‚â–‚â–â–â–â–â–‚
wandb:   Test loss tennis_pNone_gNone_tennisEffect â–ˆâ–†â–„â–ƒâ–‚â–‚â–â–â–â–
wandb:                                  Train loss â–ˆâ–â–â–â–â–â–â–â–â–
wandb: 
wandb: Run summary:
wandb:                                       Epoch 9
wandb:   Test loss t(0,0)_r(0,0)_combi_pNone_gTrue 0.0
wandb:   Test loss t(0,0)_r(0,0)_combi_pTrue_gTrue 0.0
wandb: Test loss t(5,20)_r(5,20)_combi_pNone_gNone 0.0
wandb:   Test loss tennis_pNone_gNone_tennisEffect 1e-05
wandb:                                  Train loss 0.0
wandb: 
wandb: ðŸš€ View run golden-universe-36 at: https://wandb.ai/nreints/ThesisFinal2Gen/runs/2zc8zi2h
wandb: Synced 7 W&B file(s), 0 media file(s), 4 artifact file(s) and 1 other file(s)
wandb: Find logs at: ./wandb/run-20230711_123137-2zc8zi2h/logs
wandb: - Waiting for wandb.init()...wandb: \ Waiting for wandb.init()...wandb: wandb version 0.15.5 is available!  To upgrade, please run:
wandb:  $ pip install wandb --upgrade
wandb: Tracking run with wandb version 0.14.0
wandb: Run data is saved locally in /gpfs/home2/nreints/MScThesis/code/wandb/run-20230711_124300-9oaagf04
wandb: Run `wandb offline` to turn off syncing.
wandb: Syncing run copper-yogurt-52
wandb: â­ï¸ View project at https://wandb.ai/nreints/ThesisFinal2Gen
wandb: ðŸš€ View run at https://wandb.ai/nreints/ThesisFinal2Gen/runs/9oaagf04
	 Logging train Loss: 3.5162e-06 [MSELoss(): t(5,20)_r(5,20)_combi_pNone_gNone]
	 Logging test loss: 1.3794e-06 [MSELoss(): t(0,0)_r(0,0)_combi_pTrue_gTrue]
	 Logging test loss: 1.8298e-06 [MSELoss(): t(5,20)_r(5,20)_combi_pNone_gNone]
	 Logging test loss: 1.74845e-05 [MSELoss(): tennis_pNone_gNone_tennisEffect]
	 Logging test loss: 1.3893e-06 [MSELoss(): t(0,0)_r(0,0)_combi_pNone_gTrue]
		--> Epoch time; 55.59045481681824
Epoch 5/9
	 Logging train Loss: 2.8547e-06 [MSELoss(): t(5,20)_r(5,20)_combi_pNone_gNone]
	 Logging test loss: 1.3052e-06 [MSELoss(): t(0,0)_r(0,0)_combi_pTrue_gTrue]
	 Logging test loss: 2.3762e-06 [MSELoss(): t(5,20)_r(5,20)_combi_pNone_gNone]
	 Logging test loss: 1.35047e-05 [MSELoss(): tennis_pNone_gNone_tennisEffect]
	 Logging test loss: 1.2473e-06 [MSELoss(): t(0,0)_r(0,0)_combi_pNone_gTrue]
		--> Epoch time; 55.687190771102905
Epoch 6/9
	 Logging train Loss: 2.2891e-06 [MSELoss(): t(5,20)_r(5,20)_combi_pNone_gNone]
	 Logging test loss: 3.674e-07 [MSELoss(): t(0,0)_r(0,0)_combi_pTrue_gTrue]
	 Logging test loss: 1.3198e-06 [MSELoss(): t(5,20)_r(5,20)_combi_pNone_gNone]
	 Logging test loss: 1.00947e-05 [MSELoss(): tennis_pNone_gNone_tennisEffect]
	 Logging test loss: 3.451e-07 [MSELoss(): t(0,0)_r(0,0)_combi_pNone_gTrue]
		--> Epoch time; 55.74999785423279
Epoch 7/9
	 Logging train Loss: 2.0414e-06 [MSELoss(): t(5,20)_r(5,20)_combi_pNone_gNone]
	 Logging test loss: 2.243e-07 [MSELoss(): t(0,0)_r(0,0)_combi_pTrue_gTrue]
	 Logging test loss: 1.0219e-06 [MSELoss(): t(5,20)_r(5,20)_combi_pNone_gNone]
	 Logging test loss: 9.5389e-06 [MSELoss(): tennis_pNone_gNone_tennisEffect]
	 Logging test loss: 2.201e-07 [MSELoss(): t(0,0)_r(0,0)_combi_pNone_gTrue]
		--> Epoch time; 55.95048499107361
Epoch 8/9
	 Logging train Loss: 1.6857e-06 [MSELoss(): t(5,20)_r(5,20)_combi_pNone_gNone]
	 Logging test loss: 1.1034e-06 [MSELoss(): t(0,0)_r(0,0)_combi_pTrue_gTrue]
	 Logging test loss: 1.6316e-06 [MSELoss(): t(5,20)_r(5,20)_combi_pNone_gNone]
	 Logging test loss: 1.03491e-05 [MSELoss(): tennis_pNone_gNone_tennisEffect]
	 Logging test loss: 1.0713e-06 [MSELoss(): t(0,0)_r(0,0)_combi_pNone_gTrue]
		--> Epoch time; 55.94672751426697
Epoch 9/9
	 Logging train Loss: 1.7124e-06 [MSELoss(): t(5,20)_r(5,20)_combi_pNone_gNone]
	 Logging test loss: 1.0156e-06 [MSELoss(): t(0,0)_r(0,0)_combi_pTrue_gTrue]
	 Logging test loss: 1.5556e-06 [MSELoss(): t(5,20)_r(5,20)_combi_pNone_gNone]
	 Logging test loss: 1.03063e-05 [MSELoss(): tennis_pNone_gNone_tennisEffect]
	 Logging test loss: 9.595e-07 [MSELoss(): t(0,0)_r(0,0)_combi_pNone_gTrue]
		--> Epoch time; 56.05687403678894
Saved model in  trained_models/gru/data_t(5,20)_r(5,20)_combi_pNone_gNone/'rot_mat_1'_'False'.pth
It took  674.0583846569061  seconds.
----- ITERATION 3/10 ------
Number of train simulations:  1920
Number of test simulations:  480
The dataloader for data/data_t(5,20)_r(5,20)_combi_pNone_gNone took 48.57419419288635 seconds.
-- Finished Train Dataloader --
The dataloader for data/data_t(0,0)_r(0,0)_combi_pTrue_gTrue took 12.748286247253418 seconds.
The dataloader for data/data_t(5,20)_r(5,20)_combi_pNone_gNone took 12.231101751327515 seconds.
The dataloader for data/data_tennis_pNone_gNone_tennisEffect took 12.822538614273071 seconds.
The dataloader for data/data_t(0,0)_r(0,0)_combi_pNone_gTrue took 12.772692680358887 seconds.
-- Finished Test Dataloader(s) --
GRU(
  (rnn): GRU(12, 96, batch_first=True)
  (fc): Linear(in_features=96, out_features=12, bias=True)
)
Datatype: rot_mat_1
-- Started Training --
Epoch 0/9
	 Logging train Loss: 0.0003176286 [MSELoss(): t(5,20)_r(5,20)_combi_pNone_gNone]
	 Logging test loss: 4.73965e-05 [MSELoss(): t(0,0)_r(0,0)_combi_pTrue_gTrue]
	 Logging test loss: 1.1101e-05 [MSELoss(): t(5,20)_r(5,20)_combi_pNone_gNone]
	 Logging test loss: 8.16876e-05 [MSELoss(): tennis_pNone_gNone_tennisEffect]
	 Logging test loss: 6.14748e-05 [MSELoss(): t(0,0)_r(0,0)_combi_pNone_gTrue]
		--> Epoch time; 57.572083711624146
Epoch 1/9
	 Logging train Loss: 7.2781e-06 [MSELoss(): t(5,20)_r(5,20)_combi_pNone_gNone]
	 Logging test loss: 1.5987e-05 [MSELoss(): t(0,0)_r(0,0)_combi_pTrue_gTrue]
	 Logging test loss: 7.6895e-06 [MSELoss(): t(5,20)_r(5,20)_combi_pNone_gNone]
	 Logging test loss: 5.71238e-05 [MSELoss(): tennis_pNone_gNone_tennisEffect]
	 Logging test loss: 1.85947e-05 [MSELoss(): t(0,0)_r(0,0)_combi_pNone_gTrue]
		--> Epoch time; 57.80058407783508
Epoch 2/9
	 Logging train Loss: 5.571e-06 [MSELoss(): t(5,20)_r(5,20)_combi_pNone_gNone]
	 Logging test loss: 7.3076e-06 [MSELoss(): t(0,0)_r(0,0)_combi_pTrue_gTrue]
	 Logging test loss: 4.288e-06 [MSELoss(): t(5,20)_r(5,20)_combi_pNone_gNone]
	 Logging test loss: 3.80463e-05 [MSELoss(): tennis_pNone_gNone_tennisEffect]
	 Logging test loss: 8.5927e-06 [MSELoss(): t(0,0)_r(0,0)_combi_pNone_gTrue]
		--> Epoch time; 57.277793407440186
Epoch 3/9
	 Logging train Loss: 4.5022e-06 [MSELoss(): t(5,20)_r(5,20)_combi_pNone_gNone]
	 Logging test loss: 3.5128e-06 [MSELoss(): t(0,0)_r(0,0)_combi_pTrue_gTrue]
	 Logging test loss: 3.2455e-06 [MSELoss(): t(5,20)_r(5,20)_combi_pNone_gNone]
	 Logging test loss: 2.8367e-05 [MSELoss(): tennis_pNone_gNone_tennisEffect]
	 Logging test loss: 4.0984e-06 [MSELoss(): t(0,0)_r(0,0)_combi_pNone_gTrue]
		--> Epoch time; 57.40601992607117
Epoch 4/9
	 Logging train Loss: 3.5399e-06 [MSELoss(): t(5,20)_r(5,20)_combi_pNone_gNone]
	 Logging test loss: 2.335e-06 [MSELoss(): t(0,0)_r(0,0)_combi_pTrue_gTrue]
	 Logging test loss: 3.0702e-06 [MSELoss(): t(5,20)_r(5,20)_combi_pNone_gNone]
	 Logging test loss: 2.25122e-05 [MSELoss(): tennis_pNone_gNone_tennisEffect]
	 Logging test loss: 2.5822e-06 [MSELoss(): t(0,0)_r(0,0)_combi_pNone_gTrue]
		--> Epoch time; 56.91078019142151
Epoch 5/9
	 Logging train Loss: 3.1467e-06 [MSELoss(): t(5,20)_r(5,20)_combi_pNone_gNone]
	 Logging test loss: 1.0694e-06 [MSELoss(): t(0,0)_r(0,0)_combi_pTrue_gTrue]
	 Logging test loss: 1.9886e-06 [MSELoss(): t(5,20)_r(5,20)_combi_pNone_gNone]
	 Logging test loss: 1.62756e-05 [MSELoss(): tennis_pNone_gNone_tennisEffect]
	 Logging test loss: 1.14e-06 [MSELoss(): t(0,0)_r(0,0)_combi_pNone_gTrue]
		--> Epoch time; 57.29745626449585
Epoch 6/9
	 Logging train Loss: 2.3023e-06 [MSELoss(): t(5,20)_r(5,20)_combi_pNone_gNone]
	 Logging test loss: 4.434e-07 [MSELoss(): t(0,0)_r(0,0)_combi_pTrue_gTrue]
	 Logging test loss: 1.3291e-06 [MSELoss(): t(5,20)_r(5,20)_combi_pNone_gNone]
	 Logging test loss: 1.17469e-05 [MSELoss(): tennis_pNone_gNone_tennisEffect]
	 Logging test loss: 4.843e-07 [MSELoss(): t(0,0)_r(0,0)_combi_pNone_gTrue]
		--> Epoch time; 56.77667999267578
Epoch 7/9
	 Logging train Loss: 1.9606e-06 [MSELoss(): t(5,20)_r(5,20)_combi_pNone_gNone]
	 Logging test loss: 6.634e-07 [MSELoss(): t(0,0)_r(0,0)_combi_pTrue_gTrue]
	 Logging test loss: 1.5298e-06 [MSELoss(): t(5,20)_r(5,20)_combi_pNone_gNone]
	 Logging test loss: 1.14037e-05 [MSELoss(): tennis_pNone_gNone_tennisEffect]
	 Logging test loss: 6.599e-07 [MSELoss(): t(0,0)_r(0,0)_combi_pNone_gTrue]
		--> Epoch time; 56.86368155479431
Epoch 8/9
	 Logging train Loss: 1.7322e-06 [MSELoss(): t(5,20)_r(5,20)_combi_pNone_gNone]
	 Logging test loss: 5.792e-07 [MSELoss(): t(0,0)_r(0,0)_combi_pTrue_gTrue]
	 Logging test loss: 1.3359e-06 [MSELoss(): t(5,20)_r(5,20)_combi_pNone_gNone]
	 Logging test loss: 1.01924e-05 [MSELoss(): tennis_pNone_gNone_tennisEffect]
	 Logging test loss: 5.675e-07 [MSELoss(): t(0,0)_r(0,0)_combi_pNone_gTrue]
		--> Epoch time; 56.731512784957886
Epoch 9/9
	 Logging train Loss: 1.6461e-06 [MSELoss(): t(5,20)_r(5,20)_combi_pNone_gNone]
	 Logging test loss: 1.2046e-06 [MSELoss(): t(0,0)_r(0,0)_combi_pTrue_gTrue]
	 Logging test loss: 2.3677e-06 [MSELoss(): t(5,20)_r(5,20)_combi_pNone_gNone]
	 Logging test loss: 1.14563e-05 [MSELoss(): tennis_pNone_gNone_tennisEffect]
	 Logging test loss: 1.1234e-06 [MSELoss(): t(0,0)_r(0,0)_combi_pNone_gTrue]
		--> Epoch time; 57.54460048675537
Saved model in  trained_models/gru/data_t(5,20)_r(5,20)_combi_pNone_gNone/'rot_mat_1'_'False'.pth
It took  683.0334079265594  seconds.
----- ITERATION 4/10 ------
Number of train simulations:  1920
Number of test simulations:  480
wandb: Waiting for W&B process to finish... (success).
wandb: 
wandb: Run history:
wandb:                                       Epoch â–â–‚â–ƒâ–ƒâ–„â–…â–†â–†â–‡â–ˆ
wandb:   Test loss t(0,0)_r(0,0)_combi_pNone_gTrue â–ˆâ–‚â–‚â–â–â–â–â–â–â–
wandb:   Test loss t(0,0)_r(0,0)_combi_pTrue_gTrue â–ˆâ–‚â–‚â–â–â–â–â–â–â–
wandb: Test loss t(5,20)_r(5,20)_combi_pNone_gNone â–ˆâ–„â–ƒâ–‚â–â–â–â–â–â–
wandb:   Test loss tennis_pNone_gNone_tennisEffect â–ˆâ–ƒâ–ƒâ–‚â–‚â–â–â–â–â–
wandb:                                  Train loss â–ˆâ–â–â–â–â–â–â–â–â–
wandb: 
wandb: Run summary:
wandb:                                       Epoch 9
wandb:   Test loss t(0,0)_r(0,0)_combi_pNone_gTrue 0.0
wandb:   Test loss t(0,0)_r(0,0)_combi_pTrue_gTrue 0.0
wandb: Test loss t(5,20)_r(5,20)_combi_pNone_gNone 0.0
wandb:   Test loss tennis_pNone_gNone_tennisEffect 1e-05
wandb:                                  Train loss 0.0
wandb: 
wandb: ðŸš€ View run copper-yogurt-52 at: https://wandb.ai/nreints/ThesisFinal2Gen/runs/9oaagf04
wandb: Synced 7 W&B file(s), 0 media file(s), 4 artifact file(s) and 1 other file(s)
wandb: Find logs at: ./wandb/run-20230711_124300-9oaagf04/logs
wandb: - Waiting for wandb.init()...wandb: \ Waiting for wandb.init()...wandb: wandb version 0.15.5 is available!  To upgrade, please run:
wandb:  $ pip install wandb --upgrade
wandb: Tracking run with wandb version 0.14.0
wandb: Run data is saved locally in /gpfs/home2/nreints/MScThesis/code/wandb/run-20230711_125434-fzsbzxat
wandb: Run `wandb offline` to turn off syncing.
wandb: Syncing run young-universe-67
wandb: â­ï¸ View project at https://wandb.ai/nreints/ThesisFinal2Gen
wandb: ðŸš€ View run at https://wandb.ai/nreints/ThesisFinal2Gen/runs/fzsbzxat
The dataloader for data/data_t(5,20)_r(5,20)_combi_pNone_gNone took 49.478464126586914 seconds.
-- Finished Train Dataloader --
The dataloader for data/data_t(0,0)_r(0,0)_combi_pTrue_gTrue took 12.750924587249756 seconds.
The dataloader for data/data_t(5,20)_r(5,20)_combi_pNone_gNone took 12.542089700698853 seconds.
The dataloader for data/data_tennis_pNone_gNone_tennisEffect took 12.723251342773438 seconds.
The dataloader for data/data_t(0,0)_r(0,0)_combi_pNone_gTrue took 12.746595859527588 seconds.
-- Finished Test Dataloader(s) --
GRU(
  (rnn): GRU(12, 96, batch_first=True)
  (fc): Linear(in_features=96, out_features=12, bias=True)
)
Datatype: rot_mat_1
-- Started Training --
Epoch 0/9
	 Logging train Loss: 0.0002978321 [MSELoss(): t(5,20)_r(5,20)_combi_pNone_gNone]
	 Logging test loss: 0.0001171003 [MSELoss(): t(0,0)_r(0,0)_combi_pTrue_gTrue]
	 Logging test loss: 1.47827e-05 [MSELoss(): t(5,20)_r(5,20)_combi_pNone_gNone]
	 Logging test loss: 0.0001435878 [MSELoss(): tennis_pNone_gNone_tennisEffect]
	 Logging test loss: 0.0001338804 [MSELoss(): t(0,0)_r(0,0)_combi_pNone_gTrue]
		--> Epoch time; 58.467639207839966
Epoch 1/9
	 Logging train Loss: 8.1821e-06 [MSELoss(): t(5,20)_r(5,20)_combi_pNone_gNone]
	 Logging test loss: 1.87634e-05 [MSELoss(): t(0,0)_r(0,0)_combi_pTrue_gTrue]
	 Logging test loss: 6.1968e-06 [MSELoss(): t(5,20)_r(5,20)_combi_pNone_gNone]
	 Logging test loss: 4.82596e-05 [MSELoss(): tennis_pNone_gNone_tennisEffect]
	 Logging test loss: 2.06948e-05 [MSELoss(): t(0,0)_r(0,0)_combi_pNone_gTrue]
		--> Epoch time; 58.606343269348145
Epoch 2/9
	 Logging train Loss: 5.8291e-06 [MSELoss(): t(5,20)_r(5,20)_combi_pNone_gNone]
	 Logging test loss: 1.15218e-05 [MSELoss(): t(0,0)_r(0,0)_combi_pTrue_gTrue]
	 Logging test loss: 5.1944e-06 [MSELoss(): t(5,20)_r(5,20)_combi_pNone_gNone]
	 Logging test loss: 3.9187e-05 [MSELoss(): tennis_pNone_gNone_tennisEffect]
	 Logging test loss: 1.26703e-05 [MSELoss(): t(0,0)_r(0,0)_combi_pNone_gTrue]
		--> Epoch time; 58.20411157608032
Epoch 3/9
	 Logging train Loss: 4.8168e-06 [MSELoss(): t(5,20)_r(5,20)_combi_pNone_gNone]
	 Logging test loss: 5.6363e-06 [MSELoss(): t(0,0)_r(0,0)_combi_pTrue_gTrue]
	 Logging test loss: 3.0424e-06 [MSELoss(): t(5,20)_r(5,20)_combi_pNone_gNone]
	 Logging test loss: 2.72299e-05 [MSELoss(): tennis_pNone_gNone_tennisEffect]
	 Logging test loss: 6.3726e-06 [MSELoss(): t(0,0)_r(0,0)_combi_pNone_gTrue]
		--> Epoch time; 58.036715030670166
Epoch 4/9
	 Logging train Loss: 3.5985e-06 [MSELoss(): t(5,20)_r(5,20)_combi_pNone_gNone]
	 Logging test loss: 2.468e-06 [MSELoss(): t(0,0)_r(0,0)_combi_pTrue_gTrue]
	 Logging test loss: 2.1068e-06 [MSELoss(): t(5,20)_r(5,20)_combi_pNone_gNone]
	 Logging test loss: 1.9376e-05 [MSELoss(): tennis_pNone_gNone_tennisEffect]
	 Logging test loss: 2.8295e-06 [MSELoss(): t(0,0)_r(0,0)_combi_pNone_gTrue]
		--> Epoch time; 57.7903368473053
Epoch 5/9
	 Logging train Loss: 2.8014e-06 [MSELoss(): t(5,20)_r(5,20)_combi_pNone_gNone]
	 Logging test loss: 1.5747e-06 [MSELoss(): t(0,0)_r(0,0)_combi_pTrue_gTrue]
	 Logging test loss: 1.8839e-06 [MSELoss(): t(5,20)_r(5,20)_combi_pNone_gNone]
	 Logging test loss: 1.43265e-05 [MSELoss(): tennis_pNone_gNone_tennisEffect]
	 Logging test loss: 1.6509e-06 [MSELoss(): t(0,0)_r(0,0)_combi_pNone_gTrue]
		--> Epoch time; 57.94781494140625
Epoch 6/9
	 Logging train Loss: 2.2537e-06 [MSELoss(): t(5,20)_r(5,20)_combi_pNone_gNone]
	 Logging test loss: 6.618e-07 [MSELoss(): t(0,0)_r(0,0)_combi_pTrue_gTrue]
	 Logging test loss: 1.2936e-06 [MSELoss(): t(5,20)_r(5,20)_combi_pNone_gNone]
	 Logging test loss: 1.08962e-05 [MSELoss(): tennis_pNone_gNone_tennisEffect]
	 Logging test loss: 7.358e-07 [MSELoss(): t(0,0)_r(0,0)_combi_pNone_gTrue]
		--> Epoch time; 57.78828167915344
Epoch 7/9
	 Logging train Loss: 1.8993e-06 [MSELoss(): t(5,20)_r(5,20)_combi_pNone_gNone]
	 Logging test loss: 5.625e-07 [MSELoss(): t(0,0)_r(0,0)_combi_pTrue_gTrue]
	 Logging test loss: 1.3591e-06 [MSELoss(): t(5,20)_r(5,20)_combi_pNone_gNone]
	 Logging test loss: 1.01856e-05 [MSELoss(): tennis_pNone_gNone_tennisEffect]
	 Logging test loss: 5.61e-07 [MSELoss(): t(0,0)_r(0,0)_combi_pNone_gTrue]
		--> Epoch time; 57.6316134929657
Epoch 8/9
	 Logging train Loss: 1.7519e-06 [MSELoss(): t(5,20)_r(5,20)_combi_pNone_gNone]
	 Logging test loss: 7.806e-07 [MSELoss(): t(0,0)_r(0,0)_combi_pTrue_gTrue]
	 Logging test loss: 1.6015e-06 [MSELoss(): t(5,20)_r(5,20)_combi_pNone_gNone]
	 Logging test loss: 1.02727e-05 [MSELoss(): tennis_pNone_gNone_tennisEffect]
	 Logging test loss: 7.994e-07 [MSELoss(): t(0,0)_r(0,0)_combi_pNone_gTrue]
		--> Epoch time; 57.783846616744995
Epoch 9/9
	 Logging train Loss: 1.6581e-06 [MSELoss(): t(5,20)_r(5,20)_combi_pNone_gNone]
	 Logging test loss: 5.122e-07 [MSELoss(): t(0,0)_r(0,0)_combi_pTrue_gTrue]
	 Logging test loss: 1.3555e-06 [MSELoss(): t(5,20)_r(5,20)_combi_pNone_gNone]
	 Logging test loss: 9.7902e-06 [MSELoss(): tennis_pNone_gNone_tennisEffect]
	 Logging test loss: 5.229e-07 [MSELoss(): t(0,0)_r(0,0)_combi_pNone_gTrue]
		--> Epoch time; 57.77291011810303
Saved model in  trained_models/gru/data_t(5,20)_r(5,20)_combi_pNone_gNone/'rot_mat_1'_'False'.pth
It took  693.6008014678955  seconds.
----- ITERATION 5/10 ------
Number of train simulations:  1920
Number of test simulations:  480
The dataloader for data/data_t(5,20)_r(5,20)_combi_pNone_gNone took 49.033353090286255 seconds.
-- Finished Train Dataloader --
The dataloader for data/data_t(0,0)_r(0,0)_combi_pTrue_gTrue took 12.733675956726074 seconds.
The dataloader for data/data_t(5,20)_r(5,20)_combi_pNone_gNone took 12.224292516708374 seconds.
The dataloader for data/data_tennis_pNone_gNone_tennisEffect took 12.695841312408447 seconds.
The dataloader for data/data_t(0,0)_r(0,0)_combi_pNone_gTrue took 12.788428544998169 seconds.
-- Finished Test Dataloader(s) --
GRU(
  (rnn): GRU(12, 96, batch_first=True)
  (fc): Linear(in_features=96, out_features=12, bias=True)
)
Datatype: rot_mat_1
-- Started Training --
Epoch 0/9
	 Logging train Loss: 0.0003576326 [MSELoss(): t(5,20)_r(5,20)_combi_pNone_gNone]
	 Logging test loss: 2.21153e-05 [MSELoss(): t(0,0)_r(0,0)_combi_pTrue_gTrue]
	 Logging test loss: 7.3624e-06 [MSELoss(): t(5,20)_r(5,20)_combi_pNone_gNone]
	 Logging test loss: 6.43156e-05 [MSELoss(): tennis_pNone_gNone_tennisEffect]
	 Logging test loss: 2.49759e-05 [MSELoss(): t(0,0)_r(0,0)_combi_pNone_gTrue]
		--> Epoch time; 55.71432852745056
Epoch 1/9
	 Logging train Loss: 5.82e-06 [MSELoss(): t(5,20)_r(5,20)_combi_pNone_gNone]
	 Logging test loss: 9.1439e-06 [MSELoss(): t(0,0)_r(0,0)_combi_pTrue_gTrue]
	 Logging test loss: 4.8404e-06 [MSELoss(): t(5,20)_r(5,20)_combi_pNone_gNone]
	 Logging test loss: 4.28957e-05 [MSELoss(): tennis_pNone_gNone_tennisEffect]
	 Logging test loss: 1.01611e-05 [MSELoss(): t(0,0)_r(0,0)_combi_pNone_gTrue]
		--> Epoch time; 55.68087935447693
Epoch 2/9
	 Logging train Loss: 5.0778e-06 [MSELoss(): t(5,20)_r(5,20)_combi_pNone_gNone]
	 Logging test loss: 4.4282e-06 [MSELoss(): t(0,0)_r(0,0)_combi_pTrue_gTrue]
	 Logging test loss: 3.8423e-06 [MSELoss(): t(5,20)_r(5,20)_combi_pNone_gNone]
	 Logging test loss: 3.22835e-05 [MSELoss(): tennis_pNone_gNone_tennisEffect]
	 Logging test loss: 4.9217e-06 [MSELoss(): t(0,0)_r(0,0)_combi_pNone_gTrue]
		--> Epoch time; 55.55137825012207
Epoch 3/9
	 Logging train Loss: 4.1297e-06 [MSELoss(): t(5,20)_r(5,20)_combi_pNone_gNone]
	 Logging test loss: 6.0089e-06 [MSELoss(): t(0,0)_r(0,0)_combi_pTrue_gTrue]
	 Logging test loss: 7.6103e-06 [MSELoss(): t(5,20)_r(5,20)_combi_pNone_gNone]
	 Logging test loss: 3.61619e-05 [MSELoss(): tennis_pNone_gNone_tennisEffect]
	 Logging test loss: 6.3566e-06 [MSELoss(): t(0,0)_r(0,0)_combi_pNone_gTrue]
		--> Epoch time; 55.730316162109375
Epoch 4/9
	 Logging train Loss: 3.5423e-06 [MSELoss(): t(5,20)_r(5,20)_combi_pNone_gNone]
	 Logging test loss: 2.776e-06 [MSELoss(): t(0,0)_r(0,0)_combi_pTrue_gTrue]
	 Logging test loss: 3.754e-06 [MSELoss(): t(5,20)_r(5,20)_combi_pNone_gNone]
	 Logging test loss: 2.34012e-05 [MSELoss(): tennis_pNone_gNone_tennisEffect]
	 Logging test loss: 2.9046e-06 [MSELoss(): t(0,0)_r(0,0)_combi_pNone_gTrue]
		--> Epoch time; 56.45389938354492
Epoch 5/9
wandb: Waiting for W&B process to finish... (success).
wandb: 
wandb: Run history:
wandb:                                       Epoch â–â–‚â–ƒâ–ƒâ–„â–…â–†â–†â–‡â–ˆ
wandb:   Test loss t(0,0)_r(0,0)_combi_pNone_gTrue â–ˆâ–„â–‚â–ƒâ–‚â–â–â–â–â–
wandb:   Test loss t(0,0)_r(0,0)_combi_pTrue_gTrue â–ˆâ–„â–‚â–ƒâ–‚â–â–â–â–â–
wandb: Test loss t(5,20)_r(5,20)_combi_pNone_gNone â–ˆâ–…â–„â–ˆâ–„â–‚â–‚â–â–â–
wandb:   Test loss tennis_pNone_gNone_tennisEffect â–ˆâ–…â–„â–„â–ƒâ–‚â–â–â–â–
wandb:                                  Train loss â–ˆâ–â–â–â–â–â–â–â–â–
wandb: 
wandb: Run summary:
wandb:                                       Epoch 9
wandb:   Test loss t(0,0)_r(0,0)_combi_pNone_gTrue 0.0
wandb:   Test loss t(0,0)_r(0,0)_combi_pTrue_gTrue 0.0
wandb: Test loss t(5,20)_r(5,20)_combi_pNone_gNone 0.0
wandb:   Test loss tennis_pNone_gNone_tennisEffect 1e-05
wandb:                                  Train loss 0.0
wandb: 
wandb: ðŸš€ View run young-universe-67 at: https://wandb.ai/nreints/ThesisFinal2Gen/runs/fzsbzxat
wandb: Synced 7 W&B file(s), 0 media file(s), 4 artifact file(s) and 1 other file(s)
wandb: Find logs at: ./wandb/run-20230711_125434-fzsbzxat/logs
wandb: - Waiting for wandb.init()...wandb: \ Waiting for wandb.init()...wandb: wandb version 0.15.5 is available!  To upgrade, please run:
wandb:  $ pip install wandb --upgrade
wandb: Tracking run with wandb version 0.14.0
wandb: Run data is saved locally in /gpfs/home2/nreints/MScThesis/code/wandb/run-20230711_130552-hppkpaz2
wandb: Run `wandb offline` to turn off syncing.
wandb: Syncing run dark-aardvark-83
wandb: â­ï¸ View project at https://wandb.ai/nreints/ThesisFinal2Gen
wandb: ðŸš€ View run at https://wandb.ai/nreints/ThesisFinal2Gen/runs/hppkpaz2
wandb: Waiting for W&B process to finish... (success).
wandb: 
wandb: Run history:
wandb:                                       Epoch â–â–‚â–ƒâ–ƒâ–„â–…â–†â–†â–‡â–ˆ
wandb:   Test loss t(0,0)_r(0,0)_combi_pNone_gTrue â–ˆâ–„â–ƒâ–‚â–â–â–â–â–â–
wandb:   Test loss t(0,0)_r(0,0)_combi_pTrue_gTrue â–ˆâ–„â–ƒâ–‚â–â–â–â–â–â–
wandb: Test loss t(5,20)_r(5,20)_combi_pNone_gNone â–ˆâ–†â–ˆâ–ƒâ–‚â–â–â–â–â–
wandb:   Test loss tennis_pNone_gNone_tennisEffect â–ˆâ–…â–…â–ƒâ–‚â–â–â–â–â–
wandb:                                  Train loss â–ˆâ–â–â–â–â–â–â–â–â–
wandb: 
wandb: Run summary:
wandb:                                       Epoch 9
wandb:   Test loss t(0,0)_r(0,0)_combi_pNone_gTrue 0.0
wandb:   Test loss t(0,0)_r(0,0)_combi_pTrue_gTrue 0.0
wandb: Test loss t(5,20)_r(5,20)_combi_pNone_gNone 0.0
wandb:   Test loss tennis_pNone_gNone_tennisEffect 1e-05
wandb:                                  Train loss 0.0
wandb: 
wandb: ðŸš€ View run dark-aardvark-83 at: https://wandb.ai/nreints/ThesisFinal2Gen/runs/hppkpaz2
wandb: Synced 7 W&B file(s), 0 media file(s), 4 artifact file(s) and 1 other file(s)
wandb: Find logs at: ./wandb/run-20230711_130552-hppkpaz2/logs
wandb: - Waiting for wandb.init()...wandb: \ Waiting for wandb.init()...wandb: wandb version 0.15.5 is available!  To upgrade, please run:
wandb:  $ pip install wandb --upgrade
wandb: Tracking run with wandb version 0.14.0
wandb: Run data is saved locally in /gpfs/home2/nreints/MScThesis/code/wandb/run-20230711_131707-owpoq5ux
wandb: Run `wandb offline` to turn off syncing.
wandb: Syncing run vocal-cosmos-98
wandb: â­ï¸ View project at https://wandb.ai/nreints/ThesisFinal2Gen
wandb: ðŸš€ View run at https://wandb.ai/nreints/ThesisFinal2Gen/runs/owpoq5ux
	 Logging train Loss: 2.9555e-06 [MSELoss(): t(5,20)_r(5,20)_combi_pNone_gNone]
	 Logging test loss: 5.876e-07 [MSELoss(): t(0,0)_r(0,0)_combi_pTrue_gTrue]
	 Logging test loss: 1.9418e-06 [MSELoss(): t(5,20)_r(5,20)_combi_pNone_gNone]
	 Logging test loss: 1.491e-05 [MSELoss(): tennis_pNone_gNone_tennisEffect]
	 Logging test loss: 6.179e-07 [MSELoss(): t(0,0)_r(0,0)_combi_pNone_gTrue]
		--> Epoch time; 56.55599880218506
Epoch 6/9
	 Logging train Loss: 2.3692e-06 [MSELoss(): t(5,20)_r(5,20)_combi_pNone_gNone]
	 Logging test loss: 1.479e-06 [MSELoss(): t(0,0)_r(0,0)_combi_pTrue_gTrue]
	 Logging test loss: 2.1028e-06 [MSELoss(): t(5,20)_r(5,20)_combi_pNone_gNone]
	 Logging test loss: 1.24303e-05 [MSELoss(): tennis_pNone_gNone_tennisEffect]
	 Logging test loss: 1.4681e-06 [MSELoss(): t(0,0)_r(0,0)_combi_pNone_gTrue]
		--> Epoch time; 57.445385217666626
Epoch 7/9
	 Logging train Loss: 2.0158e-06 [MSELoss(): t(5,20)_r(5,20)_combi_pNone_gNone]
	 Logging test loss: 8.406e-07 [MSELoss(): t(0,0)_r(0,0)_combi_pTrue_gTrue]
	 Logging test loss: 1.4674e-06 [MSELoss(): t(5,20)_r(5,20)_combi_pNone_gNone]
	 Logging test loss: 1.01303e-05 [MSELoss(): tennis_pNone_gNone_tennisEffect]
	 Logging test loss: 9.15e-07 [MSELoss(): t(0,0)_r(0,0)_combi_pNone_gTrue]
		--> Epoch time; 57.313395261764526
Epoch 8/9
	 Logging train Loss: 1.7627e-06 [MSELoss(): t(5,20)_r(5,20)_combi_pNone_gNone]
	 Logging test loss: 3.262e-07 [MSELoss(): t(0,0)_r(0,0)_combi_pTrue_gTrue]
	 Logging test loss: 1.3321e-06 [MSELoss(): t(5,20)_r(5,20)_combi_pNone_gNone]
	 Logging test loss: 9.3062e-06 [MSELoss(): tennis_pNone_gNone_tennisEffect]
	 Logging test loss: 3.322e-07 [MSELoss(): t(0,0)_r(0,0)_combi_pNone_gTrue]
		--> Epoch time; 57.45379376411438
Epoch 9/9
	 Logging train Loss: 1.7115e-06 [MSELoss(): t(5,20)_r(5,20)_combi_pNone_gNone]
	 Logging test loss: 9.59e-07 [MSELoss(): t(0,0)_r(0,0)_combi_pTrue_gTrue]
	 Logging test loss: 1.758e-06 [MSELoss(): t(5,20)_r(5,20)_combi_pNone_gNone]
	 Logging test loss: 9.616e-06 [MSELoss(): tennis_pNone_gNone_tennisEffect]
	 Logging test loss: 1.0076e-06 [MSELoss(): t(0,0)_r(0,0)_combi_pNone_gTrue]
		--> Epoch time; 57.580666303634644
Saved model in  trained_models/gru/data_t(5,20)_r(5,20)_combi_pNone_gNone/'rot_mat_1'_'False'.pth
It took  678.2576174736023  seconds.
----- ITERATION 6/10 ------
Number of train simulations:  1920
Number of test simulations:  480
The dataloader for data/data_t(5,20)_r(5,20)_combi_pNone_gNone took 48.79919505119324 seconds.
-- Finished Train Dataloader --
The dataloader for data/data_t(0,0)_r(0,0)_combi_pTrue_gTrue took 12.741768836975098 seconds.
The dataloader for data/data_t(5,20)_r(5,20)_combi_pNone_gNone took 12.356343746185303 seconds.
The dataloader for data/data_tennis_pNone_gNone_tennisEffect took 12.73241114616394 seconds.
The dataloader for data/data_t(0,0)_r(0,0)_combi_pNone_gTrue took 12.723609209060669 seconds.
-- Finished Test Dataloader(s) --
GRU(
  (rnn): GRU(12, 96, batch_first=True)
  (fc): Linear(in_features=96, out_features=12, bias=True)
)
Datatype: rot_mat_1
-- Started Training --
Epoch 0/9
	 Logging train Loss: 0.0002356726 [MSELoss(): t(5,20)_r(5,20)_combi_pNone_gNone]
	 Logging test loss: 1.84505e-05 [MSELoss(): t(0,0)_r(0,0)_combi_pTrue_gTrue]
	 Logging test loss: 6.1851e-06 [MSELoss(): t(5,20)_r(5,20)_combi_pNone_gNone]
	 Logging test loss: 5.30468e-05 [MSELoss(): tennis_pNone_gNone_tennisEffect]
	 Logging test loss: 2.04778e-05 [MSELoss(): t(0,0)_r(0,0)_combi_pNone_gTrue]
		--> Epoch time; 56.03454089164734
Epoch 1/9
	 Logging train Loss: 5.5404e-06 [MSELoss(): t(5,20)_r(5,20)_combi_pNone_gNone]
	 Logging test loss: 9.386e-06 [MSELoss(): t(0,0)_r(0,0)_combi_pTrue_gTrue]
	 Logging test loss: 4.8974e-06 [MSELoss(): t(5,20)_r(5,20)_combi_pNone_gNone]
	 Logging test loss: 3.76139e-05 [MSELoss(): tennis_pNone_gNone_tennisEffect]
	 Logging test loss: 1.01958e-05 [MSELoss(): t(0,0)_r(0,0)_combi_pNone_gTrue]
		--> Epoch time; 56.25604009628296
Epoch 2/9
	 Logging train Loss: 4.4328e-06 [MSELoss(): t(5,20)_r(5,20)_combi_pNone_gNone]
	 Logging test loss: 6.7245e-06 [MSELoss(): t(0,0)_r(0,0)_combi_pTrue_gTrue]
	 Logging test loss: 6.5444e-06 [MSELoss(): t(5,20)_r(5,20)_combi_pNone_gNone]
	 Logging test loss: 3.3061e-05 [MSELoss(): tennis_pNone_gNone_tennisEffect]
	 Logging test loss: 6.6019e-06 [MSELoss(): t(0,0)_r(0,0)_combi_pNone_gTrue]
		--> Epoch time; 56.30677318572998
Epoch 3/9
	 Logging train Loss: 3.9344e-06 [MSELoss(): t(5,20)_r(5,20)_combi_pNone_gNone]
	 Logging test loss: 1.8084e-06 [MSELoss(): t(0,0)_r(0,0)_combi_pTrue_gTrue]
	 Logging test loss: 2.9268e-06 [MSELoss(): t(5,20)_r(5,20)_combi_pNone_gNone]
	 Logging test loss: 2.29943e-05 [MSELoss(): tennis_pNone_gNone_tennisEffect]
	 Logging test loss: 1.9024e-06 [MSELoss(): t(0,0)_r(0,0)_combi_pNone_gTrue]
		--> Epoch time; 57.531134605407715
Epoch 4/9
	 Logging train Loss: 3.1553e-06 [MSELoss(): t(5,20)_r(5,20)_combi_pNone_gNone]
	 Logging test loss: 8.468e-07 [MSELoss(): t(0,0)_r(0,0)_combi_pTrue_gTrue]
	 Logging test loss: 2.1536e-06 [MSELoss(): t(5,20)_r(5,20)_combi_pNone_gNone]
	 Logging test loss: 1.78476e-05 [MSELoss(): tennis_pNone_gNone_tennisEffect]
	 Logging test loss: 8.511e-07 [MSELoss(): t(0,0)_r(0,0)_combi_pNone_gTrue]
		--> Epoch time; 56.47050905227661
Epoch 5/9
	 Logging train Loss: 2.6809e-06 [MSELoss(): t(5,20)_r(5,20)_combi_pNone_gNone]
	 Logging test loss: 4.473e-07 [MSELoss(): t(0,0)_r(0,0)_combi_pTrue_gTrue]
	 Logging test loss: 1.5933e-06 [MSELoss(): t(5,20)_r(5,20)_combi_pNone_gNone]
	 Logging test loss: 1.31666e-05 [MSELoss(): tennis_pNone_gNone_tennisEffect]
	 Logging test loss: 4.682e-07 [MSELoss(): t(0,0)_r(0,0)_combi_pNone_gTrue]
		--> Epoch time; 56.130924463272095
Epoch 6/9
	 Logging train Loss: 2.0838e-06 [MSELoss(): t(5,20)_r(5,20)_combi_pNone_gNone]
	 Logging test loss: 6.931e-07 [MSELoss(): t(0,0)_r(0,0)_combi_pTrue_gTrue]
	 Logging test loss: 1.619e-06 [MSELoss(): t(5,20)_r(5,20)_combi_pNone_gNone]
	 Logging test loss: 1.08985e-05 [MSELoss(): tennis_pNone_gNone_tennisEffect]
	 Logging test loss: 6.6e-07 [MSELoss(): t(0,0)_r(0,0)_combi_pNone_gTrue]
		--> Epoch time; 56.09805655479431
Epoch 7/9
	 Logging train Loss: 1.774e-06 [MSELoss(): t(5,20)_r(5,20)_combi_pNone_gNone]
	 Logging test loss: 9.27e-07 [MSELoss(): t(0,0)_r(0,0)_combi_pTrue_gTrue]
	 Logging test loss: 1.7174e-06 [MSELoss(): t(5,20)_r(5,20)_combi_pNone_gNone]
	 Logging test loss: 1.07449e-05 [MSELoss(): tennis_pNone_gNone_tennisEffect]
	 Logging test loss: 9.007e-07 [MSELoss(): t(0,0)_r(0,0)_combi_pNone_gTrue]
		--> Epoch time; 55.941506147384644
Epoch 8/9
	 Logging train Loss: 1.6861e-06 [MSELoss(): t(5,20)_r(5,20)_combi_pNone_gNone]
	 Logging test loss: 7.234e-07 [MSELoss(): t(0,0)_r(0,0)_combi_pTrue_gTrue]
	 Logging test loss: 1.5339e-06 [MSELoss(): t(5,20)_r(5,20)_combi_pNone_gNone]
	 Logging test loss: 1.04703e-05 [MSELoss(): tennis_pNone_gNone_tennisEffect]
	 Logging test loss: 7.327e-07 [MSELoss(): t(0,0)_r(0,0)_combi_pNone_gTrue]
		--> Epoch time; 56.303812742233276
Epoch 9/9
	 Logging train Loss: 1.6147e-06 [MSELoss(): t(5,20)_r(5,20)_combi_pNone_gNone]
	 Logging test loss: 8.105e-07 [MSELoss(): t(0,0)_r(0,0)_combi_pTrue_gTrue]
	 Logging test loss: 1.4394e-06 [MSELoss(): t(5,20)_r(5,20)_combi_pNone_gNone]
	 Logging test loss: 1.03177e-05 [MSELoss(): tennis_pNone_gNone_tennisEffect]
	 Logging test loss: 7.98e-07 [MSELoss(): t(0,0)_r(0,0)_combi_pNone_gTrue]
		--> Epoch time; 56.66253042221069
Saved model in  trained_models/gru/data_t(5,20)_r(5,20)_combi_pNone_gNone/'rot_mat_1'_'False'.pth
It took  675.09814453125  seconds.
----- ITERATION 7/10 ------
Number of train simulations:  1920
Number of test simulations:  480
The dataloader for data/data_t(5,20)_r(5,20)_combi_pNone_gNone took 48.68231987953186 seconds.
-- Finished Train Dataloader --
The dataloader for data/data_t(0,0)_r(0,0)_combi_pTrue_gTrue took 12.62859582901001 seconds.
The dataloader for data/data_t(5,20)_r(5,20)_combi_pNone_gNone took 12.299389123916626 seconds.
The dataloader for data/data_tennis_pNone_gNone_tennisEffect took 12.676255464553833 seconds.
The dataloader for data/data_t(0,0)_r(0,0)_combi_pNone_gTrue took 12.658781290054321 seconds.
wandb: Waiting for W&B process to finish... (success).
wandb: 
wandb: Run history:
wandb:                                       Epoch â–â–‚â–ƒâ–ƒâ–„â–…â–†â–†â–‡â–ˆ
wandb:   Test loss t(0,0)_r(0,0)_combi_pNone_gTrue â–ˆâ–‚â–‚â–‚â–â–â–â–â–â–
wandb:   Test loss t(0,0)_r(0,0)_combi_pTrue_gTrue â–ˆâ–ƒâ–‚â–‚â–â–â–â–â–â–
wandb: Test loss t(5,20)_r(5,20)_combi_pNone_gNone â–ˆâ–„â–ƒâ–ƒâ–‚â–‚â–â–â–â–‚
wandb:   Test loss tennis_pNone_gNone_tennisEffect â–ˆâ–„â–ƒâ–‚â–‚â–‚â–â–â–â–
wandb:                                  Train loss â–ˆâ–â–â–â–â–â–â–â–â–
wandb: 
wandb: Run summary:
wandb:                                       Epoch 9
wandb:   Test loss t(0,0)_r(0,0)_combi_pNone_gTrue 0.0
wandb:   Test loss t(0,0)_r(0,0)_combi_pTrue_gTrue 0.0
wandb: Test loss t(5,20)_r(5,20)_combi_pNone_gNone 0.0
wandb:   Test loss tennis_pNone_gNone_tennisEffect 1e-05
wandb:                                  Train loss 0.0
wandb: 
wandb: ðŸš€ View run vocal-cosmos-98 at: https://wandb.ai/nreints/ThesisFinal2Gen/runs/owpoq5ux
wandb: Synced 7 W&B file(s), 0 media file(s), 4 artifact file(s) and 1 other file(s)
wandb: Find logs at: ./wandb/run-20230711_131707-owpoq5ux/logs
wandb: - Waiting for wandb.init()...wandb: \ Waiting for wandb.init()...wandb: wandb version 0.15.5 is available!  To upgrade, please run:
wandb:  $ pip install wandb --upgrade
wandb: Tracking run with wandb version 0.14.0
wandb: Run data is saved locally in /gpfs/home2/nreints/MScThesis/code/wandb/run-20230711_132833-y5hbl4mu
wandb: Run `wandb offline` to turn off syncing.
wandb: Syncing run morning-sound-105
wandb: â­ï¸ View project at https://wandb.ai/nreints/ThesisFinal2Gen
wandb: ðŸš€ View run at https://wandb.ai/nreints/ThesisFinal2Gen/runs/y5hbl4mu
-- Finished Test Dataloader(s) --
GRU(
  (rnn): GRU(12, 96, batch_first=True)
  (fc): Linear(in_features=96, out_features=12, bias=True)
)
Datatype: rot_mat_1
-- Started Training --
Epoch 0/9
	 Logging train Loss: 0.0002629764 [MSELoss(): t(5,20)_r(5,20)_combi_pNone_gNone]
	 Logging test loss: 8.92117e-05 [MSELoss(): t(0,0)_r(0,0)_combi_pTrue_gTrue]
	 Logging test loss: 1.19163e-05 [MSELoss(): t(5,20)_r(5,20)_combi_pNone_gNone]
	 Logging test loss: 0.0001162668 [MSELoss(): tennis_pNone_gNone_tennisEffect]
	 Logging test loss: 0.0001094227 [MSELoss(): t(0,0)_r(0,0)_combi_pNone_gTrue]
		--> Epoch time; 57.62007665634155
Epoch 1/9
	 Logging train Loss: 8.0362e-06 [MSELoss(): t(5,20)_r(5,20)_combi_pNone_gNone]
	 Logging test loss: 2.03917e-05 [MSELoss(): t(0,0)_r(0,0)_combi_pTrue_gTrue]
	 Logging test loss: 6.3663e-06 [MSELoss(): t(5,20)_r(5,20)_combi_pNone_gNone]
	 Logging test loss: 5.14239e-05 [MSELoss(): tennis_pNone_gNone_tennisEffect]
	 Logging test loss: 2.3546e-05 [MSELoss(): t(0,0)_r(0,0)_combi_pNone_gTrue]
		--> Epoch time; 57.92973184585571
Epoch 2/9
	 Logging train Loss: 5.8011e-06 [MSELoss(): t(5,20)_r(5,20)_combi_pNone_gNone]
	 Logging test loss: 1.17445e-05 [MSELoss(): t(0,0)_r(0,0)_combi_pTrue_gTrue]
	 Logging test loss: 4.2784e-06 [MSELoss(): t(5,20)_r(5,20)_combi_pNone_gNone]
	 Logging test loss: 3.93989e-05 [MSELoss(): tennis_pNone_gNone_tennisEffect]
	 Logging test loss: 1.376e-05 [MSELoss(): t(0,0)_r(0,0)_combi_pNone_gTrue]
		--> Epoch time; 57.806984663009644
Epoch 3/9
	 Logging train Loss: 4.6821e-06 [MSELoss(): t(5,20)_r(5,20)_combi_pNone_gNone]
	 Logging test loss: 7.3148e-06 [MSELoss(): t(0,0)_r(0,0)_combi_pTrue_gTrue]
	 Logging test loss: 3.7198e-06 [MSELoss(): t(5,20)_r(5,20)_combi_pNone_gNone]
	 Logging test loss: 3.14001e-05 [MSELoss(): tennis_pNone_gNone_tennisEffect]
	 Logging test loss: 8.5705e-06 [MSELoss(): t(0,0)_r(0,0)_combi_pNone_gTrue]
		--> Epoch time; 57.68128776550293
Epoch 4/9
	 Logging train Loss: 3.7252e-06 [MSELoss(): t(5,20)_r(5,20)_combi_pNone_gNone]
	 Logging test loss: 3.6602e-06 [MSELoss(): t(0,0)_r(0,0)_combi_pTrue_gTrue]
	 Logging test loss: 2.6769e-06 [MSELoss(): t(5,20)_r(5,20)_combi_pNone_gNone]
	 Logging test loss: 2.1535e-05 [MSELoss(): tennis_pNone_gNone_tennisEffect]
	 Logging test loss: 4.3146e-06 [MSELoss(): t(0,0)_r(0,0)_combi_pNone_gTrue]
		--> Epoch time; 57.49684405326843
Epoch 5/9
	 Logging train Loss: 2.8915e-06 [MSELoss(): t(5,20)_r(5,20)_combi_pNone_gNone]
	 Logging test loss: 2.1794e-06 [MSELoss(): t(0,0)_r(0,0)_combi_pTrue_gTrue]
	 Logging test loss: 2.5407e-06 [MSELoss(): t(5,20)_r(5,20)_combi_pNone_gNone]
	 Logging test loss: 1.73583e-05 [MSELoss(): tennis_pNone_gNone_tennisEffect]
	 Logging test loss: 2.4794e-06 [MSELoss(): t(0,0)_r(0,0)_combi_pNone_gTrue]
		--> Epoch time; 57.59034991264343
Epoch 6/9
	 Logging train Loss: 2.3084e-06 [MSELoss(): t(5,20)_r(5,20)_combi_pNone_gNone]
	 Logging test loss: 1.2498e-06 [MSELoss(): t(0,0)_r(0,0)_combi_pTrue_gTrue]
	 Logging test loss: 1.9312e-06 [MSELoss(): t(5,20)_r(5,20)_combi_pNone_gNone]
	 Logging test loss: 1.27305e-05 [MSELoss(): tennis_pNone_gNone_tennisEffect]
	 Logging test loss: 1.3919e-06 [MSELoss(): t(0,0)_r(0,0)_combi_pNone_gTrue]
		--> Epoch time; 57.57249617576599
Epoch 7/9
	 Logging train Loss: 1.9521e-06 [MSELoss(): t(5,20)_r(5,20)_combi_pNone_gNone]
	 Logging test loss: 5.441e-07 [MSELoss(): t(0,0)_r(0,0)_combi_pTrue_gTrue]
	 Logging test loss: 1.268e-06 [MSELoss(): t(5,20)_r(5,20)_combi_pNone_gNone]
	 Logging test loss: 1.0287e-05 [MSELoss(): tennis_pNone_gNone_tennisEffect]
	 Logging test loss: 5.939e-07 [MSELoss(): t(0,0)_r(0,0)_combi_pNone_gTrue]
		--> Epoch time; 56.50556230545044
Epoch 8/9
	 Logging train Loss: 1.7381e-06 [MSELoss(): t(5,20)_r(5,20)_combi_pNone_gNone]
	 Logging test loss: 4.755e-07 [MSELoss(): t(0,0)_r(0,0)_combi_pTrue_gTrue]
	 Logging test loss: 1.3156e-06 [MSELoss(): t(5,20)_r(5,20)_combi_pNone_gNone]
	 Logging test loss: 9.6651e-06 [MSELoss(): tennis_pNone_gNone_tennisEffect]
	 Logging test loss: 5.054e-07 [MSELoss(): t(0,0)_r(0,0)_combi_pNone_gTrue]
		--> Epoch time; 56.47425127029419
Epoch 9/9
	 Logging train Loss: 1.5814e-06 [MSELoss(): t(5,20)_r(5,20)_combi_pNone_gNone]
	 Logging test loss: 2.3628e-06 [MSELoss(): t(0,0)_r(0,0)_combi_pTrue_gTrue]
	 Logging test loss: 3.2673e-06 [MSELoss(): t(5,20)_r(5,20)_combi_pNone_gNone]
	 Logging test loss: 1.19475e-05 [MSELoss(): tennis_pNone_gNone_tennisEffect]
	 Logging test loss: 2.4417e-06 [MSELoss(): t(0,0)_r(0,0)_combi_pNone_gTrue]
		--> Epoch time; 56.30394458770752
Saved model in  trained_models/gru/data_t(5,20)_r(5,20)_combi_pNone_gNone/'rot_mat_1'_'False'.pth
It took  685.9400060176849  seconds.
----- ITERATION 8/10 ------
Number of train simulations:  1920
Number of test simulations:  480
The dataloader for data/data_t(5,20)_r(5,20)_combi_pNone_gNone took 48.79160165786743 seconds.
-- Finished Train Dataloader --
The dataloader for data/data_t(0,0)_r(0,0)_combi_pTrue_gTrue took 12.663583993911743 seconds.
The dataloader for data/data_t(5,20)_r(5,20)_combi_pNone_gNone took 12.3864107131958 seconds.
The dataloader for data/data_tennis_pNone_gNone_tennisEffect took 12.684325695037842 seconds.
The dataloader for data/data_t(0,0)_r(0,0)_combi_pNone_gTrue took 12.656347274780273 seconds.
-- Finished Test Dataloader(s) --
GRU(
  (rnn): GRU(12, 96, batch_first=True)
  (fc): Linear(in_features=96, out_features=12, bias=True)
)
Datatype: rot_mat_1
-- Started Training --
Epoch 0/9
	 Logging train Loss: 0.000205631 [MSELoss(): t(5,20)_r(5,20)_combi_pNone_gNone]
	 Logging test loss: 3.55649e-05 [MSELoss(): t(0,0)_r(0,0)_combi_pTrue_gTrue]
	 Logging test loss: 9.7286e-06 [MSELoss(): t(5,20)_r(5,20)_combi_pNone_gNone]
	 Logging test loss: 7.1784e-05 [MSELoss(): tennis_pNone_gNone_tennisEffect]
	 Logging test loss: 3.75066e-05 [MSELoss(): t(0,0)_r(0,0)_combi_pNone_gTrue]
		--> Epoch time; 57.82333946228027
Epoch 1/9
	 Logging train Loss: 7.6261e-06 [MSELoss(): t(5,20)_r(5,20)_combi_pNone_gNone]
	 Logging test loss: 1.55113e-05 [MSELoss(): t(0,0)_r(0,0)_combi_pTrue_gTrue]
	 Logging test loss: 4.994e-06 [MSELoss(): t(5,20)_r(5,20)_combi_pNone_gNone]
	 Logging test loss: 4.30807e-05 [MSELoss(): tennis_pNone_gNone_tennisEffect]
	 Logging test loss: 1.70645e-05 [MSELoss(): t(0,0)_r(0,0)_combi_pNone_gTrue]
		--> Epoch time; 58.56661081314087
Epoch 2/9
	 Logging train Loss: 5.4963e-06 [MSELoss(): t(5,20)_r(5,20)_combi_pNone_gNone]
	 Logging test loss: 1.01369e-05 [MSELoss(): t(0,0)_r(0,0)_combi_pTrue_gTrue]
	 Logging test loss: 5.5835e-06 [MSELoss(): t(5,20)_r(5,20)_combi_pNone_gNone]
	 Logging test loss: 3.55141e-05 [MSELoss(): tennis_pNone_gNone_tennisEffect]
	 Logging test loss: 1.07735e-05 [MSELoss(): t(0,0)_r(0,0)_combi_pNone_gTrue]
		--> Epoch time; 57.666767597198486
Epoch 3/9
	 Logging train Loss: 4.1485e-06 [MSELoss(): t(5,20)_r(5,20)_combi_pNone_gNone]
	 Logging test loss: 9.1135e-06 [MSELoss(): t(0,0)_r(0,0)_combi_pTrue_gTrue]
	 Logging test loss: 6.9275e-06 [MSELoss(): t(5,20)_r(5,20)_combi_pNone_gNone]
	 Logging test loss: 3.05375e-05 [MSELoss(): tennis_pNone_gNone_tennisEffect]
	 Logging test loss: 9.2908e-06 [MSELoss(): t(0,0)_r(0,0)_combi_pNone_gTrue]
		--> Epoch time; 57.746617555618286
Epoch 4/9
	 Logging train Loss: 3.1177e-06 [MSELoss(): t(5,20)_r(5,20)_combi_pNone_gNone]
	 Logging test loss: 1.6716e-06 [MSELoss(): t(0,0)_r(0,0)_combi_pTrue_gTrue]
	 Logging test loss: 2.0545e-06 [MSELoss(): t(5,20)_r(5,20)_combi_pNone_gNone]
	 Logging test loss: 1.59048e-05 [MSELoss(): tennis_pNone_gNone_tennisEffect]
	 Logging test loss: 1.7652e-06 [MSELoss(): t(0,0)_r(0,0)_combi_pNone_gTrue]
		--> Epoch time; 57.70514225959778
Epoch 5/9
	 Logging train Loss: 2.4882e-06 [MSELoss(): t(5,20)_r(5,20)_combi_pNone_gNone]
	 Logging test loss: 1.6949e-06 [MSELoss(): t(0,0)_r(0,0)_combi_pTrue_gTrue]
	 Logging test loss: 2.3707e-06 [MSELoss(): t(5,20)_r(5,20)_combi_pNone_gNone]
	 Logging test loss: 1.30392e-05 [MSELoss(): tennis_pNone_gNone_tennisEffect]
	 Logging test loss: 1.6227e-06 [MSELoss(): t(0,0)_r(0,0)_combi_pNone_gTrue]
		--> Epoch time; 57.734628438949585
Epoch 6/9
	 Logging train Loss: 2.0052e-06 [MSELoss(): t(5,20)_r(5,20)_combi_pNone_gNone]
wandb: Waiting for W&B process to finish... (success).
wandb: 
wandb: Run history:
wandb:                                       Epoch â–â–‚â–ƒâ–ƒâ–„â–…â–†â–†â–‡â–ˆ
wandb:   Test loss t(0,0)_r(0,0)_combi_pNone_gTrue â–ˆâ–„â–ƒâ–ƒâ–â–â–â–â–â–
wandb:   Test loss t(0,0)_r(0,0)_combi_pTrue_gTrue â–ˆâ–„â–ƒâ–ƒâ–â–â–â–â–â–
wandb: Test loss t(5,20)_r(5,20)_combi_pNone_gNone â–ˆâ–„â–…â–†â–‚â–‚â–â–â–â–
wandb:   Test loss tennis_pNone_gNone_tennisEffect â–ˆâ–…â–„â–ƒâ–‚â–â–â–â–â–
wandb:                                  Train loss â–ˆâ–â–â–â–â–â–â–â–â–
wandb: 
wandb: Run summary:
wandb:                                       Epoch 9
wandb:   Test loss t(0,0)_r(0,0)_combi_pNone_gTrue 0.0
wandb:   Test loss t(0,0)_r(0,0)_combi_pTrue_gTrue 0.0
wandb: Test loss t(5,20)_r(5,20)_combi_pNone_gNone 0.0
wandb:   Test loss tennis_pNone_gNone_tennisEffect 1e-05
wandb:                                  Train loss 0.0
wandb: 
wandb: ðŸš€ View run morning-sound-105 at: https://wandb.ai/nreints/ThesisFinal2Gen/runs/y5hbl4mu
wandb: Synced 7 W&B file(s), 0 media file(s), 4 artifact file(s) and 1 other file(s)
wandb: Find logs at: ./wandb/run-20230711_132833-y5hbl4mu/logs
wandb: - Waiting for wandb.init()...wandb: \ Waiting for wandb.init()...wandb: wandb version 0.15.5 is available!  To upgrade, please run:
wandb:  $ pip install wandb --upgrade
wandb: Tracking run with wandb version 0.14.0
wandb: Run data is saved locally in /gpfs/home2/nreints/MScThesis/code/wandb/run-20230711_134004-4dqbgc7s
wandb: Run `wandb offline` to turn off syncing.
wandb: Syncing run wobbly-lake-107
wandb: â­ï¸ View project at https://wandb.ai/nreints/ThesisFinal2Gen
wandb: ðŸš€ View run at https://wandb.ai/nreints/ThesisFinal2Gen/runs/4dqbgc7s
wandb: Waiting for W&B process to finish... (success).
wandb: 
wandb: Run history:
wandb:                                       Epoch â–â–‚â–ƒâ–ƒâ–„â–…â–†â–†â–‡â–ˆ
wandb:   Test loss t(0,0)_r(0,0)_combi_pNone_gTrue â–ˆâ–„â–ƒâ–‚â–â–â–â–â–â–
wandb:   Test loss t(0,0)_r(0,0)_combi_pTrue_gTrue â–ˆâ–„â–„â–‚â–â–â–â–â–â–
wandb: Test loss t(5,20)_r(5,20)_combi_pNone_gNone â–ˆâ–…â–‡â–ƒâ–‚â–‚â–ƒâ–â–â–
wandb:   Test loss tennis_pNone_gNone_tennisEffect â–ˆâ–†â–…â–ƒâ–‚â–‚â–â–â–â–
wandb:                                  Train loss â–ˆâ–â–â–â–â–â–â–â–â–
wandb: 
wandb: Run summary:
wandb:                                       Epoch 9
wandb:   Test loss t(0,0)_r(0,0)_combi_pNone_gTrue 0.0
wandb:   Test loss t(0,0)_r(0,0)_combi_pTrue_gTrue 0.0
wandb: Test loss t(5,20)_r(5,20)_combi_pNone_gNone 0.0
wandb:   Test loss tennis_pNone_gNone_tennisEffect 1e-05
wandb:                                  Train loss 0.0
wandb: 
wandb: ðŸš€ View run wobbly-lake-107 at: https://wandb.ai/nreints/ThesisFinal2Gen/runs/4dqbgc7s
wandb: Synced 7 W&B file(s), 0 media file(s), 4 artifact file(s) and 1 other file(s)
wandb: Find logs at: ./wandb/run-20230711_134004-4dqbgc7s/logs
wandb: - Waiting for wandb.init()...wandb: \ Waiting for wandb.init()...wandb: wandb version 0.15.5 is available!  To upgrade, please run:
wandb:  $ pip install wandb --upgrade
wandb: Tracking run with wandb version 0.14.0
wandb: Run data is saved locally in /gpfs/home2/nreints/MScThesis/code/wandb/run-20230711_135123-ckcy3v5a
wandb: Run `wandb offline` to turn off syncing.
wandb: Syncing run desert-cosmos-109
wandb: â­ï¸ View project at https://wandb.ai/nreints/ThesisFinal2Gen
wandb: ðŸš€ View run at https://wandb.ai/nreints/ThesisFinal2Gen/runs/ckcy3v5a
	 Logging test loss: 4.601e-07 [MSELoss(): t(0,0)_r(0,0)_combi_pTrue_gTrue]
	 Logging test loss: 1.2504e-06 [MSELoss(): t(5,20)_r(5,20)_combi_pNone_gNone]
	 Logging test loss: 9.4123e-06 [MSELoss(): tennis_pNone_gNone_tennisEffect]
	 Logging test loss: 4.826e-07 [MSELoss(): t(0,0)_r(0,0)_combi_pNone_gTrue]
		--> Epoch time; 57.84674668312073
Epoch 7/9
	 Logging train Loss: 1.6863e-06 [MSELoss(): t(5,20)_r(5,20)_combi_pNone_gNone]
	 Logging test loss: 3.079e-07 [MSELoss(): t(0,0)_r(0,0)_combi_pTrue_gTrue]
	 Logging test loss: 1.1831e-06 [MSELoss(): t(5,20)_r(5,20)_combi_pNone_gNone]
	 Logging test loss: 8.7655e-06 [MSELoss(): tennis_pNone_gNone_tennisEffect]
	 Logging test loss: 3.036e-07 [MSELoss(): t(0,0)_r(0,0)_combi_pNone_gTrue]
		--> Epoch time; 57.72665619850159
Epoch 8/9
	 Logging train Loss: 1.6656e-06 [MSELoss(): t(5,20)_r(5,20)_combi_pNone_gNone]
	 Logging test loss: 4.982e-07 [MSELoss(): t(0,0)_r(0,0)_combi_pTrue_gTrue]
	 Logging test loss: 1.4274e-06 [MSELoss(): t(5,20)_r(5,20)_combi_pNone_gNone]
	 Logging test loss: 8.7587e-06 [MSELoss(): tennis_pNone_gNone_tennisEffect]
	 Logging test loss: 4.728e-07 [MSELoss(): t(0,0)_r(0,0)_combi_pNone_gTrue]
		--> Epoch time; 57.632118940353394
Epoch 9/9
	 Logging train Loss: 1.547e-06 [MSELoss(): t(5,20)_r(5,20)_combi_pNone_gNone]
	 Logging test loss: 9.16e-07 [MSELoss(): t(0,0)_r(0,0)_combi_pTrue_gTrue]
	 Logging test loss: 1.6386e-06 [MSELoss(): t(5,20)_r(5,20)_combi_pNone_gNone]
	 Logging test loss: 9.5937e-06 [MSELoss(): tennis_pNone_gNone_tennisEffect]
	 Logging test loss: 8.681e-07 [MSELoss(): t(0,0)_r(0,0)_combi_pNone_gTrue]
		--> Epoch time; 57.629069566726685
Saved model in  trained_models/gru/data_t(5,20)_r(5,20)_combi_pNone_gNone/'rot_mat_1'_'False'.pth
It took  690.34521484375  seconds.
----- ITERATION 9/10 ------
Number of train simulations:  1920
Number of test simulations:  480
The dataloader for data/data_t(5,20)_r(5,20)_combi_pNone_gNone took 48.75722360610962 seconds.
-- Finished Train Dataloader --
The dataloader for data/data_t(0,0)_r(0,0)_combi_pTrue_gTrue took 12.598605871200562 seconds.
The dataloader for data/data_t(5,20)_r(5,20)_combi_pNone_gNone took 12.387267351150513 seconds.
The dataloader for data/data_tennis_pNone_gNone_tennisEffect took 12.671935081481934 seconds.
The dataloader for data/data_t(0,0)_r(0,0)_combi_pNone_gTrue took 12.638059616088867 seconds.
-- Finished Test Dataloader(s) --
GRU(
  (rnn): GRU(12, 96, batch_first=True)
  (fc): Linear(in_features=96, out_features=12, bias=True)
)
Datatype: rot_mat_1
-- Started Training --
Epoch 0/9
	 Logging train Loss: 0.0002343101 [MSELoss(): t(5,20)_r(5,20)_combi_pNone_gNone]
	 Logging test loss: 2.48997e-05 [MSELoss(): t(0,0)_r(0,0)_combi_pTrue_gTrue]
	 Logging test loss: 7.8019e-06 [MSELoss(): t(5,20)_r(5,20)_combi_pNone_gNone]
	 Logging test loss: 6.78021e-05 [MSELoss(): tennis_pNone_gNone_tennisEffect]
	 Logging test loss: 2.90205e-05 [MSELoss(): t(0,0)_r(0,0)_combi_pNone_gTrue]
		--> Epoch time; 55.99070906639099
Epoch 1/9
	 Logging train Loss: 7.0081e-06 [MSELoss(): t(5,20)_r(5,20)_combi_pNone_gNone]
	 Logging test loss: 1.25958e-05 [MSELoss(): t(0,0)_r(0,0)_combi_pTrue_gTrue]
	 Logging test loss: 5.471e-06 [MSELoss(): t(5,20)_r(5,20)_combi_pNone_gNone]
	 Logging test loss: 4.80181e-05 [MSELoss(): tennis_pNone_gNone_tennisEffect]
	 Logging test loss: 1.43975e-05 [MSELoss(): t(0,0)_r(0,0)_combi_pNone_gTrue]
		--> Epoch time; 56.103214502334595
Epoch 2/9
	 Logging train Loss: 5.3223e-06 [MSELoss(): t(5,20)_r(5,20)_combi_pNone_gNone]
	 Logging test loss: 9.559e-06 [MSELoss(): t(0,0)_r(0,0)_combi_pTrue_gTrue]
	 Logging test loss: 6.964e-06 [MSELoss(): t(5,20)_r(5,20)_combi_pNone_gNone]
	 Logging test loss: 4.09739e-05 [MSELoss(): tennis_pNone_gNone_tennisEffect]
	 Logging test loss: 1.03575e-05 [MSELoss(): t(0,0)_r(0,0)_combi_pNone_gTrue]
		--> Epoch time; 56.17303156852722
Epoch 3/9
	 Logging train Loss: 4.1142e-06 [MSELoss(): t(5,20)_r(5,20)_combi_pNone_gNone]
	 Logging test loss: 3.5317e-06 [MSELoss(): t(0,0)_r(0,0)_combi_pTrue_gTrue]
	 Logging test loss: 3.2366e-06 [MSELoss(): t(5,20)_r(5,20)_combi_pNone_gNone]
	 Logging test loss: 2.69531e-05 [MSELoss(): tennis_pNone_gNone_tennisEffect]
	 Logging test loss: 4.0275e-06 [MSELoss(): t(0,0)_r(0,0)_combi_pNone_gTrue]
		--> Epoch time; 59.081788778305054
Epoch 4/9
	 Logging train Loss: 3.4175e-06 [MSELoss(): t(5,20)_r(5,20)_combi_pNone_gNone]
	 Logging test loss: 1.6042e-06 [MSELoss(): t(0,0)_r(0,0)_combi_pTrue_gTrue]
	 Logging test loss: 2.4537e-06 [MSELoss(): t(5,20)_r(5,20)_combi_pNone_gNone]
	 Logging test loss: 2.06619e-05 [MSELoss(): tennis_pNone_gNone_tennisEffect]
	 Logging test loss: 1.7909e-06 [MSELoss(): t(0,0)_r(0,0)_combi_pNone_gTrue]
		--> Epoch time; 56.796698331832886
Epoch 5/9
	 Logging train Loss: 2.8622e-06 [MSELoss(): t(5,20)_r(5,20)_combi_pNone_gNone]
	 Logging test loss: 1.8775e-06 [MSELoss(): t(0,0)_r(0,0)_combi_pTrue_gTrue]
	 Logging test loss: 2.7492e-06 [MSELoss(): t(5,20)_r(5,20)_combi_pNone_gNone]
	 Logging test loss: 1.70001e-05 [MSELoss(): tennis_pNone_gNone_tennisEffect]
	 Logging test loss: 1.845e-06 [MSELoss(): t(0,0)_r(0,0)_combi_pNone_gTrue]
		--> Epoch time; 57.6757390499115
Epoch 6/9
	 Logging train Loss: 2.389e-06 [MSELoss(): t(5,20)_r(5,20)_combi_pNone_gNone]
	 Logging test loss: 1.8284e-06 [MSELoss(): t(0,0)_r(0,0)_combi_pTrue_gTrue]
	 Logging test loss: 2.9585e-06 [MSELoss(): t(5,20)_r(5,20)_combi_pNone_gNone]
	 Logging test loss: 1.41055e-05 [MSELoss(): tennis_pNone_gNone_tennisEffect]
	 Logging test loss: 1.8964e-06 [MSELoss(): t(0,0)_r(0,0)_combi_pNone_gTrue]
		--> Epoch time; 57.161330461502075
Epoch 7/9
	 Logging train Loss: 1.9726e-06 [MSELoss(): t(5,20)_r(5,20)_combi_pNone_gNone]
	 Logging test loss: 3.458e-07 [MSELoss(): t(0,0)_r(0,0)_combi_pTrue_gTrue]
	 Logging test loss: 1.4176e-06 [MSELoss(): t(5,20)_r(5,20)_combi_pNone_gNone]
	 Logging test loss: 1.05565e-05 [MSELoss(): tennis_pNone_gNone_tennisEffect]
	 Logging test loss: 3.69e-07 [MSELoss(): t(0,0)_r(0,0)_combi_pNone_gTrue]
		--> Epoch time; 56.541507959365845
Epoch 8/9
	 Logging train Loss: 1.7521e-06 [MSELoss(): t(5,20)_r(5,20)_combi_pNone_gNone]
	 Logging test loss: 8.153e-07 [MSELoss(): t(0,0)_r(0,0)_combi_pTrue_gTrue]
	 Logging test loss: 1.7834e-06 [MSELoss(): t(5,20)_r(5,20)_combi_pNone_gNone]
	 Logging test loss: 1.07419e-05 [MSELoss(): tennis_pNone_gNone_tennisEffect]
	 Logging test loss: 8.398e-07 [MSELoss(): t(0,0)_r(0,0)_combi_pNone_gTrue]
		--> Epoch time; 56.576406717300415
Epoch 9/9
	 Logging train Loss: 1.6701e-06 [MSELoss(): t(5,20)_r(5,20)_combi_pNone_gNone]
	 Logging test loss: 6.434e-07 [MSELoss(): t(0,0)_r(0,0)_combi_pTrue_gTrue]
	 Logging test loss: 1.562e-06 [MSELoss(): t(5,20)_r(5,20)_combi_pNone_gNone]
	 Logging test loss: 1.03772e-05 [MSELoss(): tennis_pNone_gNone_tennisEffect]
	 Logging test loss: 6.478e-07 [MSELoss(): t(0,0)_r(0,0)_combi_pNone_gTrue]
		--> Epoch time; 56.43037939071655
Saved model in  trained_models/gru/data_t(5,20)_r(5,20)_combi_pNone_gNone/'rot_mat_1'_'False'.pth
It took  679.1703598499298  seconds.
----- ITERATION 10/10 ------
Number of train simulations:  1920
Number of test simulations:  480
The dataloader for data/data_t(5,20)_r(5,20)_combi_pNone_gNone took 48.8444938659668 seconds.
-- Finished Train Dataloader --
The dataloader for data/data_t(0,0)_r(0,0)_combi_pTrue_gTrue took 12.65978479385376 seconds.
The dataloader for data/data_t(5,20)_r(5,20)_combi_pNone_gNone took 12.438525676727295 seconds.
The dataloader for data/data_tennis_pNone_gNone_tennisEffect took 12.682296752929688 seconds.
The dataloader for data/data_t(0,0)_r(0,0)_combi_pNone_gTrue took 12.717253684997559 seconds.
-- Finished Test Dataloader(s) --
GRU(
  (rnn): GRU(12, 96, batch_first=True)
  (fc): Linear(in_features=96, out_features=12, bias=True)
)
Datatype: rot_mat_1
-- Started Training --
Epoch 0/9
	 Logging train Loss: 0.0002479126 [MSELoss(): t(5,20)_r(5,20)_combi_pNone_gNone]
	 Logging test loss: 8.50295e-05 [MSELoss(): t(0,0)_r(0,0)_combi_pTrue_gTrue]
	 Logging test loss: 1.12382e-05 [MSELoss(): t(5,20)_r(5,20)_combi_pNone_gNone]
	 Logging test loss: 0.0001079163 [MSELoss(): tennis_pNone_gNone_tennisEffect]
wandb: Waiting for W&B process to finish... (success).
wandb: 
wandb: Run history:
wandb:                                       Epoch â–â–‚â–ƒâ–ƒâ–„â–…â–†â–†â–‡â–ˆ
wandb:   Test loss t(0,0)_r(0,0)_combi_pNone_gTrue â–ˆâ–‚â–‚â–‚â–â–â–â–â–â–
wandb:   Test loss t(0,0)_r(0,0)_combi_pTrue_gTrue â–ˆâ–ƒâ–‚â–‚â–â–â–â–â–â–
wandb: Test loss t(5,20)_r(5,20)_combi_pNone_gNone â–ˆâ–„â–ƒâ–‚â–‚â–‚â–‚â–â–â–
wandb:   Test loss tennis_pNone_gNone_tennisEffect â–ˆâ–„â–ƒâ–‚â–‚â–â–â–â–â–
wandb:                                  Train loss â–ˆâ–â–â–â–â–â–â–â–â–
wandb: 
wandb: Run summary:
wandb:                                       Epoch 9
wandb:   Test loss t(0,0)_r(0,0)_combi_pNone_gTrue 0.0
wandb:   Test loss t(0,0)_r(0,0)_combi_pTrue_gTrue 0.0
wandb: Test loss t(5,20)_r(5,20)_combi_pNone_gNone 0.0
wandb:   Test loss tennis_pNone_gNone_tennisEffect 1e-05
wandb:                                  Train loss 0.0
wandb: 
wandb: ðŸš€ View run desert-cosmos-109 at: https://wandb.ai/nreints/ThesisFinal2Gen/runs/ckcy3v5a
wandb: Synced 7 W&B file(s), 0 media file(s), 4 artifact file(s) and 1 other file(s)
wandb: Find logs at: ./wandb/run-20230711_135123-ckcy3v5a/logs
	 Logging test loss: 0.0001072803 [MSELoss(): t(0,0)_r(0,0)_combi_pNone_gTrue]
		--> Epoch time; 57.30735731124878
Epoch 1/9
	 Logging train Loss: 8.2167e-06 [MSELoss(): t(5,20)_r(5,20)_combi_pNone_gNone]
	 Logging test loss: 1.97647e-05 [MSELoss(): t(0,0)_r(0,0)_combi_pTrue_gTrue]
	 Logging test loss: 5.3724e-06 [MSELoss(): t(5,20)_r(5,20)_combi_pNone_gNone]
	 Logging test loss: 5.35391e-05 [MSELoss(): tennis_pNone_gNone_tennisEffect]
	 Logging test loss: 2.32969e-05 [MSELoss(): t(0,0)_r(0,0)_combi_pNone_gTrue]
		--> Epoch time; 57.22912240028381
Epoch 2/9
	 Logging train Loss: 6.0522e-06 [MSELoss(): t(5,20)_r(5,20)_combi_pNone_gNone]
	 Logging test loss: 1.32487e-05 [MSELoss(): t(0,0)_r(0,0)_combi_pTrue_gTrue]
	 Logging test loss: 4.2774e-06 [MSELoss(): t(5,20)_r(5,20)_combi_pNone_gNone]
	 Logging test loss: 3.75454e-05 [MSELoss(): tennis_pNone_gNone_tennisEffect]
	 Logging test loss: 1.54607e-05 [MSELoss(): t(0,0)_r(0,0)_combi_pNone_gTrue]
		--> Epoch time; 57.05465865135193
Epoch 3/9
	 Logging train Loss: 4.5577e-06 [MSELoss(): t(5,20)_r(5,20)_combi_pNone_gNone]
	 Logging test loss: 6.9737e-06 [MSELoss(): t(0,0)_r(0,0)_combi_pTrue_gTrue]
	 Logging test loss: 3.0751e-06 [MSELoss(): t(5,20)_r(5,20)_combi_pNone_gNone]
	 Logging test loss: 2.78385e-05 [MSELoss(): tennis_pNone_gNone_tennisEffect]
	 Logging test loss: 8.3094e-06 [MSELoss(): t(0,0)_r(0,0)_combi_pNone_gTrue]
		--> Epoch time; 57.22752499580383
Epoch 4/9
	 Logging train Loss: 3.5345e-06 [MSELoss(): t(5,20)_r(5,20)_combi_pNone_gNone]
	 Logging test loss: 4.3918e-06 [MSELoss(): t(0,0)_r(0,0)_combi_pTrue_gTrue]
	 Logging test loss: 2.9397e-06 [MSELoss(): t(5,20)_r(5,20)_combi_pNone_gNone]
	 Logging test loss: 2.15661e-05 [MSELoss(): tennis_pNone_gNone_tennisEffect]
	 Logging test loss: 5.057e-06 [MSELoss(): t(0,0)_r(0,0)_combi_pNone_gTrue]
		--> Epoch time; 56.78629684448242
Epoch 5/9
	 Logging train Loss: 2.7974e-06 [MSELoss(): t(5,20)_r(5,20)_combi_pNone_gNone]
	 Logging test loss: 1.9217e-06 [MSELoss(): t(0,0)_r(0,0)_combi_pTrue_gTrue]
	 Logging test loss: 2.0159e-06 [MSELoss(): t(5,20)_r(5,20)_combi_pNone_gNone]
	 Logging test loss: 1.43401e-05 [MSELoss(): tennis_pNone_gNone_tennisEffect]
	 Logging test loss: 2.1835e-06 [MSELoss(): t(0,0)_r(0,0)_combi_pNone_gTrue]
		--> Epoch time; 57.15904498100281
Epoch 6/9
	 Logging train Loss: 2.2664e-06 [MSELoss(): t(5,20)_r(5,20)_combi_pNone_gNone]
	 Logging test loss: 2.0136e-06 [MSELoss(): t(0,0)_r(0,0)_combi_pTrue_gTrue]
	 Logging test loss: 2.4909e-06 [MSELoss(): t(5,20)_r(5,20)_combi_pNone_gNone]
	 Logging test loss: 1.36624e-05 [MSELoss(): tennis_pNone_gNone_tennisEffect]
	 Logging test loss: 2.1397e-06 [MSELoss(): t(0,0)_r(0,0)_combi_pNone_gTrue]
		--> Epoch time; 57.145344495773315
Epoch 7/9
	 Logging train Loss: 1.8723e-06 [MSELoss(): t(5,20)_r(5,20)_combi_pNone_gNone]
	 Logging test loss: 6.928e-07 [MSELoss(): t(0,0)_r(0,0)_combi_pTrue_gTrue]
	 Logging test loss: 1.3558e-06 [MSELoss(): t(5,20)_r(5,20)_combi_pNone_gNone]
	 Logging test loss: 9.6685e-06 [MSELoss(): tennis_pNone_gNone_tennisEffect]
	 Logging test loss: 7.212e-07 [MSELoss(): t(0,0)_r(0,0)_combi_pNone_gTrue]
		--> Epoch time; 56.933950424194336
Epoch 8/9
	 Logging train Loss: 1.7593e-06 [MSELoss(): t(5,20)_r(5,20)_combi_pNone_gNone]
	 Logging test loss: 8.86e-07 [MSELoss(): t(0,0)_r(0,0)_combi_pTrue_gTrue]
	 Logging test loss: 1.5284e-06 [MSELoss(): t(5,20)_r(5,20)_combi_pNone_gNone]
	 Logging test loss: 1.03184e-05 [MSELoss(): tennis_pNone_gNone_tennisEffect]
	 Logging test loss: 8.895e-07 [MSELoss(): t(0,0)_r(0,0)_combi_pNone_gTrue]
		--> Epoch time; 57.15928411483765
Epoch 9/9
	 Logging train Loss: 1.6367e-06 [MSELoss(): t(5,20)_r(5,20)_combi_pNone_gNone]
	 Logging test loss: 4.972e-07 [MSELoss(): t(0,0)_r(0,0)_combi_pTrue_gTrue]
	 Logging test loss: 1.2293e-06 [MSELoss(): t(5,20)_r(5,20)_combi_pNone_gNone]
	 Logging test loss: 9.4702e-06 [MSELoss(): tennis_pNone_gNone_tennisEffect]
	 Logging test loss: 5.122e-07 [MSELoss(): t(0,0)_r(0,0)_combi_pNone_gTrue]
		--> Epoch time; 56.79683876037598
Saved model in  trained_models/gru/data_t(5,20)_r(5,20)_combi_pNone_gNone/'rot_mat_1'_'False'.pth
It took  683.1342260837555  seconds.

JOB STATISTICS
==============
Job ID: 3046751
Array Job ID: 3046745_56
Cluster: snellius
User/Group: nreints/nreints
State: COMPLETED (exit code 0)
Nodes: 1
Cores per node: 18
CPU Utilized: 02:02:12
CPU Efficiency: 5.95% of 1-10:12:36 core-walltime
Job Wall-clock time: 01:54:02
Memory Utilized: 8.57 GB
Memory Efficiency: 0.00% of 0.00 MB
