wandb: Currently logged in as: nreints. Use `wandb login --relogin` to force relogin
wandb: wandb version 0.15.5 is available!  To upgrade, please run:
wandb:  $ pip install wandb --upgrade
wandb: Tracking run with wandb version 0.14.0
wandb: Run data is saved locally in /gpfs/home2/nreints/MScThesis/code/wandb/run-20230709_231706-coslk203
wandb: Run `wandb offline` to turn off syncing.
wandb: Syncing run silver-sun-1152
wandb: â­ï¸ View project at https://wandb.ai/nreints/ThesisFinal2
wandb: ðŸš€ View run at https://wandb.ai/nreints/ThesisFinal2/runs/coslk203
wandb: Waiting for W&B process to finish... (success).
wandb: 
wandb: Run history:
wandb:                                      Epoch â–â–‚â–ƒâ–ƒâ–„â–…â–†â–†â–‡â–ˆ
wandb:  Test loss t(0,0)_r(0,0)_combi_pTrue_gTrue â–ˆâ–„â–…â–‚â–‚â–‚â–â–ƒâ–‚â–‚
wandb:   Test loss t(0,0)_r(0,0)_full_pTrue_gTrue â–ˆâ–„â–„â–ƒâ–‚â–ƒâ–â–â–„â–
wandb:   Test loss t(0,0)_r(0,0)_semi_pTrue_gTrue â–ˆâ–‡â–…â–ƒâ–ƒâ–ƒâ–‚â–‚â–‚â–
wandb: Test loss t(0,0)_r(0,0)_tennis_pTrue_gTrue â–ˆâ–…â–…â–‚â–ƒâ–‚â–â–â–â–
wandb:                                 Train loss â–ˆâ–â–â–â–â–â–â–â–â–
wandb: 
wandb: Run summary:
wandb:                                      Epoch 9
wandb:  Test loss t(0,0)_r(0,0)_combi_pTrue_gTrue 0.00912
wandb:   Test loss t(0,0)_r(0,0)_full_pTrue_gTrue 8e-05
wandb:   Test loss t(0,0)_r(0,0)_semi_pTrue_gTrue 0.00249
wandb: Test loss t(0,0)_r(0,0)_tennis_pTrue_gTrue 0.01086
wandb:                                 Train loss 0.00125
wandb: 
wandb: ðŸš€ View run silver-sun-1152 at: https://wandb.ai/nreints/ThesisFinal2/runs/coslk203
wandb: Synced 6 W&B file(s), 0 media file(s), 3 artifact file(s) and 1 other file(s)
wandb: Find logs at: ./wandb/run-20230709_231706-coslk203/logs
wandb: - Waiting for wandb.init()...wandb: \ Waiting for wandb.init()...wandb: wandb version 0.15.5 is available!  To upgrade, please run:
wandb:  $ pip install wandb --upgrade
wandb: Tracking run with wandb version 0.14.0
wandb: Run data is saved locally in /gpfs/home2/nreints/MScThesis/code/wandb/run-20230709_232459-bppdibfc
wandb: Run `wandb offline` to turn off syncing.
wandb: Syncing run grateful-salad-1158
wandb: â­ï¸ View project at https://wandb.ai/nreints/ThesisFinal2
wandb: ðŸš€ View run at https://wandb.ai/nreints/ThesisFinal2/runs/bppdibfc
Training on dataset: data_t(0,0)_r(0,0)_combi_pTrue_gTrue
Testing on 4 datasets: ['data_t(0,0)_r(0,0)_combi_pTrue_gTrue', 'data_t(0,0)_r(0,0)_tennis_pTrue_gTrue', 'data_t(0,0)_r(0,0)_semi_pTrue_gTrue', 'data_t(0,0)_r(0,0)_full_pTrue_gTrue']
Focussing on identity: False
Using extra input: False
Using start-fr as reference point.
----- ITERATION 1/10 ------
Number of train simulations:  1920
Number of test simulations:  480
The dataloader for data/data_t(0,0)_r(0,0)_combi_pTrue_gTrue took 79.18864440917969 seconds.
-- Finished Train Dataloader --
The dataloader for data/data_t(0,0)_r(0,0)_combi_pTrue_gTrue took 19.789206504821777 seconds.
The dataloader for data/data_t(0,0)_r(0,0)_tennis_pTrue_gTrue took 20.06402611732483 seconds.
The dataloader for data/data_t(0,0)_r(0,0)_semi_pTrue_gTrue took 20.15365695953369 seconds.
The dataloader for data/data_t(0,0)_r(0,0)_full_pTrue_gTrue took 19.744539976119995 seconds.
-- Finished Test Dataloader(s) --
GRU(
  (rnn): GRU(7, 96, batch_first=True)
  (fc): Linear(in_features=96, out_features=7, bias=True)
)
Datatype: quat
-- Started Training --
Epoch 0/9
	 Logging train Loss: 0.1164880544 [MSELoss(): t(0,0)_r(0,0)_combi_pTrue_gTrue]
	 Logging test loss: 0.0230118986 [MSELoss(): t(0,0)_r(0,0)_combi_pTrue_gTrue]
	 Logging test loss: 0.0401687399 [MSELoss(): t(0,0)_r(0,0)_tennis_pTrue_gTrue]
	 Logging test loss: 0.0249263886 [MSELoss(): t(0,0)_r(0,0)_semi_pTrue_gTrue]
	 Logging test loss: 0.0005003373 [MSELoss(): t(0,0)_r(0,0)_full_pTrue_gTrue]
		--> Epoch time; 30.645869970321655
Epoch 1/9
	 Logging train Loss: 0.0089430632 [MSELoss(): t(0,0)_r(0,0)_combi_pTrue_gTrue]
	 Logging test loss: 0.014494976 [MSELoss(): t(0,0)_r(0,0)_combi_pTrue_gTrue]
	 Logging test loss: 0.0252390467 [MSELoss(): t(0,0)_r(0,0)_tennis_pTrue_gTrue]
	 Logging test loss: 0.0222536922 [MSELoss(): t(0,0)_r(0,0)_semi_pTrue_gTrue]
	 Logging test loss: 0.0002647392 [MSELoss(): t(0,0)_r(0,0)_full_pTrue_gTrue]
		--> Epoch time; 29.633694410324097
Epoch 2/9
	 Logging train Loss: 0.004198994 [MSELoss(): t(0,0)_r(0,0)_combi_pTrue_gTrue]
	 Logging test loss: 0.0169353988 [MSELoss(): t(0,0)_r(0,0)_combi_pTrue_gTrue]
	 Logging test loss: 0.0280820113 [MSELoss(): t(0,0)_r(0,0)_tennis_pTrue_gTrue]
	 Logging test loss: 0.0161454827 [MSELoss(): t(0,0)_r(0,0)_semi_pTrue_gTrue]
	 Logging test loss: 0.0002702923 [MSELoss(): t(0,0)_r(0,0)_full_pTrue_gTrue]
		--> Epoch time; 29.719444274902344
Epoch 3/9
	 Logging train Loss: 0.002911954 [MSELoss(): t(0,0)_r(0,0)_combi_pTrue_gTrue]
	 Logging test loss: 0.0090933014 [MSELoss(): t(0,0)_r(0,0)_combi_pTrue_gTrue]
	 Logging test loss: 0.0161957424 [MSELoss(): t(0,0)_r(0,0)_tennis_pTrue_gTrue]
	 Logging test loss: 0.0100624785 [MSELoss(): t(0,0)_r(0,0)_semi_pTrue_gTrue]
	 Logging test loss: 0.00017845 [MSELoss(): t(0,0)_r(0,0)_full_pTrue_gTrue]
		--> Epoch time; 29.586811304092407
Epoch 4/9
	 Logging train Loss: 0.0021236653 [MSELoss(): t(0,0)_r(0,0)_combi_pTrue_gTrue]
	 Logging test loss: 0.0096805757 [MSELoss(): t(0,0)_r(0,0)_combi_pTrue_gTrue]
	 Logging test loss: 0.0175219905 [MSELoss(): t(0,0)_r(0,0)_tennis_pTrue_gTrue]
	 Logging test loss: 0.0099900439 [MSELoss(): t(0,0)_r(0,0)_semi_pTrue_gTrue]
	 Logging test loss: 0.0001622622 [MSELoss(): t(0,0)_r(0,0)_full_pTrue_gTrue]
		--> Epoch time; 29.936216354370117
Epoch 5/9
	 Logging train Loss: 0.0020311817 [MSELoss(): t(0,0)_r(0,0)_combi_pTrue_gTrue]
	 Logging test loss: 0.0073519023 [MSELoss(): t(0,0)_r(0,0)_combi_pTrue_gTrue]
	 Logging test loss: 0.013225886 [MSELoss(): t(0,0)_r(0,0)_tennis_pTrue_gTrue]
	 Logging test loss: 0.0101239374 [MSELoss(): t(0,0)_r(0,0)_semi_pTrue_gTrue]
	 Logging test loss: 0.0001742034 [MSELoss(): t(0,0)_r(0,0)_full_pTrue_gTrue]
		--> Epoch time; 30.033841133117676
Epoch 6/9
	 Logging train Loss: 0.0019513543 [MSELoss(): t(0,0)_r(0,0)_combi_pTrue_gTrue]
	 Logging test loss: 0.0060850391 [MSELoss(): t(0,0)_r(0,0)_combi_pTrue_gTrue]
	 Logging test loss: 0.0105288243 [MSELoss(): t(0,0)_r(0,0)_tennis_pTrue_gTrue]
	 Logging test loss: 0.0044927262 [MSELoss(): t(0,0)_r(0,0)_semi_pTrue_gTrue]
	 Logging test loss: 8.99924e-05 [MSELoss(): t(0,0)_r(0,0)_full_pTrue_gTrue]
		--> Epoch time; 29.797661781311035
Epoch 7/9
	 Logging train Loss: 0.0014883255 [MSELoss(): t(0,0)_r(0,0)_combi_pTrue_gTrue]
	 Logging test loss: 0.0097961612 [MSELoss(): t(0,0)_r(0,0)_combi_pTrue_gTrue]
	 Logging test loss: 0.0102194678 [MSELoss(): t(0,0)_r(0,0)_tennis_pTrue_gTrue]
	 Logging test loss: 0.0049830633 [MSELoss(): t(0,0)_r(0,0)_semi_pTrue_gTrue]
	 Logging test loss: 7.54588e-05 [MSELoss(): t(0,0)_r(0,0)_full_pTrue_gTrue]
		--> Epoch time; 29.941428184509277
Epoch 8/9
	 Logging train Loss: 0.0034202896 [MSELoss(): t(0,0)_r(0,0)_combi_pTrue_gTrue]
	 Logging test loss: 0.0087724319 [MSELoss(): t(0,0)_r(0,0)_combi_pTrue_gTrue]
	 Logging test loss: 0.0119553432 [MSELoss(): t(0,0)_r(0,0)_tennis_pTrue_gTrue]
	 Logging test loss: 0.0052251169 [MSELoss(): t(0,0)_r(0,0)_semi_pTrue_gTrue]
	 Logging test loss: 0.000256496 [MSELoss(): t(0,0)_r(0,0)_full_pTrue_gTrue]
		--> Epoch time; 29.70586657524109
Epoch 9/9
	 Logging train Loss: 0.0012502349 [MSELoss(): t(0,0)_r(0,0)_combi_pTrue_gTrue]
	 Logging test loss: 0.0091158496 [MSELoss(): t(0,0)_r(0,0)_combi_pTrue_gTrue]
	 Logging test loss: 0.010862831 [MSELoss(): t(0,0)_r(0,0)_tennis_pTrue_gTrue]
	 Logging test loss: 0.0024930832 [MSELoss(): t(0,0)_r(0,0)_semi_pTrue_gTrue]
	 Logging test loss: 8.43423e-05 [MSELoss(): t(0,0)_r(0,0)_full_pTrue_gTrue]
		--> Epoch time; 30.045416593551636
Saved model in  trained_models/gru/data_t(0,0)_r(0,0)_combi_pTrue_gTrue/'quat'_'False'.pth
It took  474.19221329689026  seconds.
----- ITERATION 2/10 ------
Number of train simulations:  1920
Number of test simulations:  480
The dataloader for data/data_t(0,0)_r(0,0)_combi_pTrue_gTrue took 77.95709753036499 seconds.
-- Finished Train Dataloader --
The dataloader for data/data_t(0,0)_r(0,0)_combi_pTrue_gTrue took 19.448548078536987 seconds.
The dataloader for data/data_t(0,0)_r(0,0)_tennis_pTrue_gTrue took 19.718920707702637 seconds.
The dataloader for data/data_t(0,0)_r(0,0)_semi_pTrue_gTrue took 19.748847723007202 seconds.
The dataloader for data/data_t(0,0)_r(0,0)_full_pTrue_gTrue took 19.72170877456665 seconds.
-- Finished Test Dataloader(s) --
GRU(
  (rnn): GRU(7, 96, batch_first=True)
  (fc): Linear(in_features=96, out_features=7, bias=True)
)
Datatype: quat
-- Started Training --
Epoch 0/9
	 Logging train Loss: 0.0933706909 [MSELoss(): t(0,0)_r(0,0)_combi_pTrue_gTrue]
	 Logging test loss: 0.0034602555 [MSELoss(): t(0,0)_r(0,0)_combi_pTrue_gTrue]
	 Logging test loss: 0.0207220651 [MSELoss(): t(0,0)_r(0,0)_tennis_pTrue_gTrue]
	 Logging test loss: 0.003650598 [MSELoss(): t(0,0)_r(0,0)_semi_pTrue_gTrue]
	 Logging test loss: 0.0003154917 [MSELoss(): t(0,0)_r(0,0)_full_pTrue_gTrue]
		--> Epoch time; 30.062331676483154
Epoch 1/9
	 Logging train Loss: 0.0039843619 [MSELoss(): t(0,0)_r(0,0)_combi_pTrue_gTrue]
	 Logging test loss: 0.0021777991 [MSELoss(): t(0,0)_r(0,0)_combi_pTrue_gTrue]
	 Logging test loss: 0.0079333242 [MSELoss(): t(0,0)_r(0,0)_tennis_pTrue_gTrue]
	 Logging test loss: 0.0025576751 [MSELoss(): t(0,0)_r(0,0)_semi_pTrue_gTrue]
	 Logging test loss: 0.0001567419 [MSELoss(): t(0,0)_r(0,0)_full_pTrue_gTrue]
		--> Epoch time; 29.851329803466797
Epoch 2/9
	 Logging train Loss: 0.0012642808 [MSELoss(): t(0,0)_r(0,0)_combi_pTrue_gTrue]
	 Logging test loss: 0.001914592 [MSELoss(): t(0,0)_r(0,0)_combi_pTrue_gTrue]
	 Logging test loss: 0.005502027 [MSELoss(): t(0,0)_r(0,0)_tennis_pTrue_gTrue]
	 Logging test loss: 0.0020850571 [MSELoss(): t(0,0)_r(0,0)_semi_pTrue_gTrue]
	 Logging test loss: 0.0001173378 [MSELoss(): t(0,0)_r(0,0)_full_pTrue_gTrue]
		--> Epoch time; 29.97643518447876
Epoch 3/9
	 Logging train Loss: 0.0005923163 [MSELoss(): t(0,0)_r(0,0)_combi_pTrue_gTrue]
	 Logging test loss: 0.0019223859 [MSELoss(): t(0,0)_r(0,0)_combi_pTrue_gTrue]
	 Logging test loss: 0.0036270486 [MSELoss(): t(0,0)_r(0,0)_tennis_pTrue_gTrue]
	 Logging test loss: 0.0021078582 [MSELoss(): t(0,0)_r(0,0)_semi_pTrue_gTrue]
	 Logging test loss: 7.86099e-05 [MSELoss(): t(0,0)_r(0,0)_full_pTrue_gTrue]
		--> Epoch time; 29.946580171585083
Epoch 4/9
wandb: Waiting for W&B process to finish... (success).
wandb: 
wandb: Run history:
wandb:                                      Epoch â–â–‚â–ƒâ–ƒâ–„â–…â–†â–†â–‡â–ˆ
wandb:  Test loss t(0,0)_r(0,0)_combi_pTrue_gTrue â–ˆâ–„â–ƒâ–ƒâ–ƒâ–„â–‚â–‚â–â–
wandb:   Test loss t(0,0)_r(0,0)_full_pTrue_gTrue â–ˆâ–„â–ƒâ–‚â–‚â–‚â–â–â–â–
wandb:   Test loss t(0,0)_r(0,0)_semi_pTrue_gTrue â–ˆâ–„â–ƒâ–ƒâ–ƒâ–„â–‚â–‚â–‚â–
wandb: Test loss t(0,0)_r(0,0)_tennis_pTrue_gTrue â–ˆâ–ƒâ–‚â–‚â–‚â–‚â–â–â–â–
wandb:                                 Train loss â–ˆâ–â–â–â–â–â–â–â–â–
wandb: 
wandb: Run summary:
wandb:                                      Epoch 9
wandb:  Test loss t(0,0)_r(0,0)_combi_pTrue_gTrue 0.00135
wandb:   Test loss t(0,0)_r(0,0)_full_pTrue_gTrue 4e-05
wandb:   Test loss t(0,0)_r(0,0)_semi_pTrue_gTrue 0.00156
wandb: Test loss t(0,0)_r(0,0)_tennis_pTrue_gTrue 0.00141
wandb:                                 Train loss 0.00013
wandb: 
wandb: ðŸš€ View run grateful-salad-1158 at: https://wandb.ai/nreints/ThesisFinal2/runs/bppdibfc
wandb: Synced 6 W&B file(s), 0 media file(s), 3 artifact file(s) and 1 other file(s)
wandb: Find logs at: ./wandb/run-20230709_232459-bppdibfc/logs
wandb: - Waiting for wandb.init()...wandb: \ Waiting for wandb.init()...wandb: wandb version 0.15.5 is available!  To upgrade, please run:
wandb:  $ pip install wandb --upgrade
wandb: Tracking run with wandb version 0.14.0
wandb: Run data is saved locally in /gpfs/home2/nreints/MScThesis/code/wandb/run-20230709_233245-maj6rvse
wandb: Run `wandb offline` to turn off syncing.
wandb: Syncing run hearty-wood-1169
wandb: â­ï¸ View project at https://wandb.ai/nreints/ThesisFinal2
wandb: ðŸš€ View run at https://wandb.ai/nreints/ThesisFinal2/runs/maj6rvse
wandb: Waiting for W&B process to finish... (success).
wandb: 
wandb: Run history:
wandb:                                      Epoch â–â–‚â–ƒâ–ƒâ–„â–…â–†â–†â–‡â–ˆ
wandb:  Test loss t(0,0)_r(0,0)_combi_pTrue_gTrue â–ˆâ–…â–„â–ƒâ–ƒâ–‚â–‚â–‚â–ƒâ–
wandb:   Test loss t(0,0)_r(0,0)_full_pTrue_gTrue â–ˆâ–‚â–‚â–â–‚â–â–â–â–â–‚
wandb:   Test loss t(0,0)_r(0,0)_semi_pTrue_gTrue â–ˆâ–…â–„â–ƒâ–ƒâ–‚â–‚â–‚â–‚â–
wandb: Test loss t(0,0)_r(0,0)_tennis_pTrue_gTrue â–ˆâ–„â–ƒâ–‚â–‚â–‚â–‚â–â–â–
wandb:                                 Train loss â–ˆâ–â–â–â–â–â–â–â–â–
wandb: 
wandb: Run summary:
wandb:                                      Epoch 9
wandb:  Test loss t(0,0)_r(0,0)_combi_pTrue_gTrue 0.03354
wandb:   Test loss t(0,0)_r(0,0)_full_pTrue_gTrue 0.0002
wandb:   Test loss t(0,0)_r(0,0)_semi_pTrue_gTrue 0.03679
wandb: Test loss t(0,0)_r(0,0)_tennis_pTrue_gTrue 0.03891
wandb:                                 Train loss 0.00125
wandb: 
wandb: ðŸš€ View run hearty-wood-1169 at: https://wandb.ai/nreints/ThesisFinal2/runs/maj6rvse
wandb: Synced 6 W&B file(s), 0 media file(s), 3 artifact file(s) and 1 other file(s)
wandb: Find logs at: ./wandb/run-20230709_233245-maj6rvse/logs
wandb: - Waiting for wandb.init()...wandb: \ Waiting for wandb.init()...wandb: wandb version 0.15.5 is available!  To upgrade, please run:
wandb:  $ pip install wandb --upgrade
wandb: Tracking run with wandb version 0.14.0
wandb: Run data is saved locally in /gpfs/home2/nreints/MScThesis/code/wandb/run-20230709_234029-jlyncnzi
wandb: Run `wandb offline` to turn off syncing.
wandb: Syncing run hopeful-dust-1177
wandb: â­ï¸ View project at https://wandb.ai/nreints/ThesisFinal2
wandb: ðŸš€ View run at https://wandb.ai/nreints/ThesisFinal2/runs/jlyncnzi
	 Logging train Loss: 0.000339364 [MSELoss(): t(0,0)_r(0,0)_combi_pTrue_gTrue]
	 Logging test loss: 0.0018708061 [MSELoss(): t(0,0)_r(0,0)_combi_pTrue_gTrue]
	 Logging test loss: 0.003067031 [MSELoss(): t(0,0)_r(0,0)_tennis_pTrue_gTrue]
	 Logging test loss: 0.0021221028 [MSELoss(): t(0,0)_r(0,0)_semi_pTrue_gTrue]
	 Logging test loss: 5.93324e-05 [MSELoss(): t(0,0)_r(0,0)_full_pTrue_gTrue]
		--> Epoch time; 29.691699504852295
Epoch 5/9
	 Logging train Loss: 0.0002765674 [MSELoss(): t(0,0)_r(0,0)_combi_pTrue_gTrue]
	 Logging test loss: 0.002163792 [MSELoss(): t(0,0)_r(0,0)_combi_pTrue_gTrue]
	 Logging test loss: 0.0030240326 [MSELoss(): t(0,0)_r(0,0)_tennis_pTrue_gTrue]
	 Logging test loss: 0.0024616423 [MSELoss(): t(0,0)_r(0,0)_semi_pTrue_gTrue]
	 Logging test loss: 7.66164e-05 [MSELoss(): t(0,0)_r(0,0)_full_pTrue_gTrue]
		--> Epoch time; 29.973936796188354
Epoch 6/9
	 Logging train Loss: 0.0001971227 [MSELoss(): t(0,0)_r(0,0)_combi_pTrue_gTrue]
	 Logging test loss: 0.0016582175 [MSELoss(): t(0,0)_r(0,0)_combi_pTrue_gTrue]
	 Logging test loss: 0.0021641261 [MSELoss(): t(0,0)_r(0,0)_tennis_pTrue_gTrue]
	 Logging test loss: 0.0018650445 [MSELoss(): t(0,0)_r(0,0)_semi_pTrue_gTrue]
	 Logging test loss: 3.58279e-05 [MSELoss(): t(0,0)_r(0,0)_full_pTrue_gTrue]
		--> Epoch time; 29.783872604370117
Epoch 7/9
	 Logging train Loss: 0.0001578581 [MSELoss(): t(0,0)_r(0,0)_combi_pTrue_gTrue]
	 Logging test loss: 0.0015641958 [MSELoss(): t(0,0)_r(0,0)_combi_pTrue_gTrue]
	 Logging test loss: 0.0019103378 [MSELoss(): t(0,0)_r(0,0)_tennis_pTrue_gTrue]
	 Logging test loss: 0.0017725793 [MSELoss(): t(0,0)_r(0,0)_semi_pTrue_gTrue]
	 Logging test loss: 2.86569e-05 [MSELoss(): t(0,0)_r(0,0)_full_pTrue_gTrue]
		--> Epoch time; 29.72398805618286
Epoch 8/9
	 Logging train Loss: 0.0001508471 [MSELoss(): t(0,0)_r(0,0)_combi_pTrue_gTrue]
	 Logging test loss: 0.001453185 [MSELoss(): t(0,0)_r(0,0)_combi_pTrue_gTrue]
	 Logging test loss: 0.0015841147 [MSELoss(): t(0,0)_r(0,0)_tennis_pTrue_gTrue]
	 Logging test loss: 0.0017124838 [MSELoss(): t(0,0)_r(0,0)_semi_pTrue_gTrue]
	 Logging test loss: 2.28705e-05 [MSELoss(): t(0,0)_r(0,0)_full_pTrue_gTrue]
		--> Epoch time; 29.77419400215149
Epoch 9/9
	 Logging train Loss: 0.0001275019 [MSELoss(): t(0,0)_r(0,0)_combi_pTrue_gTrue]
	 Logging test loss: 0.0013542265 [MSELoss(): t(0,0)_r(0,0)_combi_pTrue_gTrue]
	 Logging test loss: 0.0014101509 [MSELoss(): t(0,0)_r(0,0)_tennis_pTrue_gTrue]
	 Logging test loss: 0.0015617253 [MSELoss(): t(0,0)_r(0,0)_semi_pTrue_gTrue]
	 Logging test loss: 3.68112e-05 [MSELoss(): t(0,0)_r(0,0)_full_pTrue_gTrue]
		--> Epoch time; 29.83470606803894
Saved model in  trained_models/gru/data_t(0,0)_r(0,0)_combi_pTrue_gTrue/'quat'_'False'.pth
It took  465.8973774909973  seconds.
----- ITERATION 3/10 ------
Number of train simulations:  1920
Number of test simulations:  480
The dataloader for data/data_t(0,0)_r(0,0)_combi_pTrue_gTrue took 75.89999747276306 seconds.
-- Finished Train Dataloader --
The dataloader for data/data_t(0,0)_r(0,0)_combi_pTrue_gTrue took 18.948394536972046 seconds.
The dataloader for data/data_t(0,0)_r(0,0)_tennis_pTrue_gTrue took 19.450498580932617 seconds.
The dataloader for data/data_t(0,0)_r(0,0)_semi_pTrue_gTrue took 19.48428177833557 seconds.
The dataloader for data/data_t(0,0)_r(0,0)_full_pTrue_gTrue took 19.5434889793396 seconds.
-- Finished Test Dataloader(s) --
GRU(
  (rnn): GRU(7, 96, batch_first=True)
  (fc): Linear(in_features=96, out_features=7, bias=True)
)
Datatype: quat
-- Started Training --
Epoch 0/9
	 Logging train Loss: 0.0929464102 [MSELoss(): t(0,0)_r(0,0)_combi_pTrue_gTrue]
	 Logging test loss: 0.1124466062 [MSELoss(): t(0,0)_r(0,0)_combi_pTrue_gTrue]
	 Logging test loss: 0.1210104004 [MSELoss(): t(0,0)_r(0,0)_tennis_pTrue_gTrue]
	 Logging test loss: 0.120913595 [MSELoss(): t(0,0)_r(0,0)_semi_pTrue_gTrue]
	 Logging test loss: 0.0009260061 [MSELoss(): t(0,0)_r(0,0)_full_pTrue_gTrue]
		--> Epoch time; 29.83791995048523
Epoch 1/9
	 Logging train Loss: 0.0060112481 [MSELoss(): t(0,0)_r(0,0)_combi_pTrue_gTrue]
	 Logging test loss: 0.0783333182 [MSELoss(): t(0,0)_r(0,0)_combi_pTrue_gTrue]
	 Logging test loss: 0.0768914074 [MSELoss(): t(0,0)_r(0,0)_tennis_pTrue_gTrue]
	 Logging test loss: 0.0829103366 [MSELoss(): t(0,0)_r(0,0)_semi_pTrue_gTrue]
	 Logging test loss: 0.0002466001 [MSELoss(): t(0,0)_r(0,0)_full_pTrue_gTrue]
		--> Epoch time; 29.82309603691101
Epoch 2/9
	 Logging train Loss: 0.0034218009 [MSELoss(): t(0,0)_r(0,0)_combi_pTrue_gTrue]
	 Logging test loss: 0.0631639212 [MSELoss(): t(0,0)_r(0,0)_combi_pTrue_gTrue]
	 Logging test loss: 0.0606512614 [MSELoss(): t(0,0)_r(0,0)_tennis_pTrue_gTrue]
	 Logging test loss: 0.0686475188 [MSELoss(): t(0,0)_r(0,0)_semi_pTrue_gTrue]
	 Logging test loss: 0.0002052586 [MSELoss(): t(0,0)_r(0,0)_full_pTrue_gTrue]
		--> Epoch time; 29.82393193244934
Epoch 3/9
	 Logging train Loss: 0.0023198863 [MSELoss(): t(0,0)_r(0,0)_combi_pTrue_gTrue]
	 Logging test loss: 0.0567428879 [MSELoss(): t(0,0)_r(0,0)_combi_pTrue_gTrue]
	 Logging test loss: 0.0542233251 [MSELoss(): t(0,0)_r(0,0)_tennis_pTrue_gTrue]
	 Logging test loss: 0.0612783469 [MSELoss(): t(0,0)_r(0,0)_semi_pTrue_gTrue]
	 Logging test loss: 0.0001484401 [MSELoss(): t(0,0)_r(0,0)_full_pTrue_gTrue]
		--> Epoch time; 29.80001950263977
Epoch 4/9
	 Logging train Loss: 0.0022463405 [MSELoss(): t(0,0)_r(0,0)_combi_pTrue_gTrue]
	 Logging test loss: 0.057602033 [MSELoss(): t(0,0)_r(0,0)_combi_pTrue_gTrue]
	 Logging test loss: 0.0559683442 [MSELoss(): t(0,0)_r(0,0)_tennis_pTrue_gTrue]
	 Logging test loss: 0.0632070303 [MSELoss(): t(0,0)_r(0,0)_semi_pTrue_gTrue]
	 Logging test loss: 0.0002485655 [MSELoss(): t(0,0)_r(0,0)_full_pTrue_gTrue]
		--> Epoch time; 29.856326580047607
Epoch 5/9
	 Logging train Loss: 0.0020287151 [MSELoss(): t(0,0)_r(0,0)_combi_pTrue_gTrue]
	 Logging test loss: 0.0459474362 [MSELoss(): t(0,0)_r(0,0)_combi_pTrue_gTrue]
	 Logging test loss: 0.0475263596 [MSELoss(): t(0,0)_r(0,0)_tennis_pTrue_gTrue]
	 Logging test loss: 0.0502119958 [MSELoss(): t(0,0)_r(0,0)_semi_pTrue_gTrue]
	 Logging test loss: 0.0001295193 [MSELoss(): t(0,0)_r(0,0)_full_pTrue_gTrue]
		--> Epoch time; 30.403327226638794
Epoch 6/9
	 Logging train Loss: 0.0015324401 [MSELoss(): t(0,0)_r(0,0)_combi_pTrue_gTrue]
	 Logging test loss: 0.0496519133 [MSELoss(): t(0,0)_r(0,0)_combi_pTrue_gTrue]
	 Logging test loss: 0.0477109104 [MSELoss(): t(0,0)_r(0,0)_tennis_pTrue_gTrue]
	 Logging test loss: 0.0522603244 [MSELoss(): t(0,0)_r(0,0)_semi_pTrue_gTrue]
	 Logging test loss: 0.000140671 [MSELoss(): t(0,0)_r(0,0)_full_pTrue_gTrue]
		--> Epoch time; 30.300703763961792
Epoch 7/9
	 Logging train Loss: 0.0013346701 [MSELoss(): t(0,0)_r(0,0)_combi_pTrue_gTrue]
	 Logging test loss: 0.0490241051 [MSELoss(): t(0,0)_r(0,0)_combi_pTrue_gTrue]
	 Logging test loss: 0.0422630236 [MSELoss(): t(0,0)_r(0,0)_tennis_pTrue_gTrue]
	 Logging test loss: 0.0497805774 [MSELoss(): t(0,0)_r(0,0)_semi_pTrue_gTrue]
	 Logging test loss: 0.0001156516 [MSELoss(): t(0,0)_r(0,0)_full_pTrue_gTrue]
		--> Epoch time; 29.952303409576416
Epoch 8/9
	 Logging train Loss: 0.0010164771 [MSELoss(): t(0,0)_r(0,0)_combi_pTrue_gTrue]
	 Logging test loss: 0.0505476594 [MSELoss(): t(0,0)_r(0,0)_combi_pTrue_gTrue]
	 Logging test loss: 0.0442307703 [MSELoss(): t(0,0)_r(0,0)_tennis_pTrue_gTrue]
	 Logging test loss: 0.0516455807 [MSELoss(): t(0,0)_r(0,0)_semi_pTrue_gTrue]
	 Logging test loss: 0.0001311229 [MSELoss(): t(0,0)_r(0,0)_full_pTrue_gTrue]
		--> Epoch time; 30.196732997894287
Epoch 9/9
	 Logging train Loss: 0.0012508222 [MSELoss(): t(0,0)_r(0,0)_combi_pTrue_gTrue]
	 Logging test loss: 0.0335399881 [MSELoss(): t(0,0)_r(0,0)_combi_pTrue_gTrue]
	 Logging test loss: 0.0389111601 [MSELoss(): t(0,0)_r(0,0)_tennis_pTrue_gTrue]
	 Logging test loss: 0.0367946997 [MSELoss(): t(0,0)_r(0,0)_semi_pTrue_gTrue]
	 Logging test loss: 0.0002008694 [MSELoss(): t(0,0)_r(0,0)_full_pTrue_gTrue]
		--> Epoch time; 30.019577264785767
Saved model in  trained_models/gru/data_t(0,0)_r(0,0)_combi_pTrue_gTrue/'quat'_'False'.pth
It took  464.24582529067993  seconds.
----- ITERATION 4/10 ------
Number of train simulations:  1920
Number of test simulations:  480
wandb: Waiting for W&B process to finish... (success).
wandb: 
wandb: Run history:
wandb:                                      Epoch â–â–‚â–ƒâ–ƒâ–„â–…â–†â–†â–‡â–ˆ
wandb:  Test loss t(0,0)_r(0,0)_combi_pTrue_gTrue â–†â–ˆâ–„â–„â–…â–â–â–â–â–
wandb:   Test loss t(0,0)_r(0,0)_full_pTrue_gTrue â–ˆâ–…â–„â–ƒâ–ƒâ–‚â–â–â–â–
wandb:   Test loss t(0,0)_r(0,0)_semi_pTrue_gTrue â–ˆâ–„â–„â–ƒâ–ƒâ–ƒâ–ƒâ–‚â–‚â–
wandb: Test loss t(0,0)_r(0,0)_tennis_pTrue_gTrue â–‡â–ˆâ–„â–„â–„â–â–â–â–â–
wandb:                                 Train loss â–ˆâ–‚â–â–â–â–â–â–â–â–
wandb: 
wandb: Run summary:
wandb:                                      Epoch 9
wandb:  Test loss t(0,0)_r(0,0)_combi_pTrue_gTrue 0.00086
wandb:   Test loss t(0,0)_r(0,0)_full_pTrue_gTrue 3e-05
wandb:   Test loss t(0,0)_r(0,0)_semi_pTrue_gTrue 0.00216
wandb: Test loss t(0,0)_r(0,0)_tennis_pTrue_gTrue 0.00246
wandb:                                 Train loss 0.00035
wandb: 
wandb: ðŸš€ View run hopeful-dust-1177 at: https://wandb.ai/nreints/ThesisFinal2/runs/jlyncnzi
wandb: Synced 6 W&B file(s), 0 media file(s), 3 artifact file(s) and 1 other file(s)
wandb: Find logs at: ./wandb/run-20230709_234029-jlyncnzi/logs
wandb: - Waiting for wandb.init()...wandb: \ Waiting for wandb.init()...wandb: wandb version 0.15.5 is available!  To upgrade, please run:
wandb:  $ pip install wandb --upgrade
wandb: Tracking run with wandb version 0.14.0
wandb: Run data is saved locally in /gpfs/home2/nreints/MScThesis/code/wandb/run-20230709_234811-xvq6f7qu
wandb: Run `wandb offline` to turn off syncing.
wandb: Syncing run expert-elevator-1187
wandb: â­ï¸ View project at https://wandb.ai/nreints/ThesisFinal2
wandb: ðŸš€ View run at https://wandb.ai/nreints/ThesisFinal2/runs/xvq6f7qu
The dataloader for data/data_t(0,0)_r(0,0)_combi_pTrue_gTrue took 76.14031767845154 seconds.
-- Finished Train Dataloader --
The dataloader for data/data_t(0,0)_r(0,0)_combi_pTrue_gTrue took 19.07388424873352 seconds.
The dataloader for data/data_t(0,0)_r(0,0)_tennis_pTrue_gTrue took 19.563817501068115 seconds.
The dataloader for data/data_t(0,0)_r(0,0)_semi_pTrue_gTrue took 19.459682941436768 seconds.
The dataloader for data/data_t(0,0)_r(0,0)_full_pTrue_gTrue took 19.538952589035034 seconds.
-- Finished Test Dataloader(s) --
GRU(
  (rnn): GRU(7, 96, batch_first=True)
  (fc): Linear(in_features=96, out_features=7, bias=True)
)
Datatype: quat
-- Started Training --
Epoch 0/9
	 Logging train Loss: 0.1051571518 [MSELoss(): t(0,0)_r(0,0)_combi_pTrue_gTrue]
	 Logging test loss: 0.0273999795 [MSELoss(): t(0,0)_r(0,0)_combi_pTrue_gTrue]
	 Logging test loss: 0.0593614653 [MSELoss(): t(0,0)_r(0,0)_tennis_pTrue_gTrue]
	 Logging test loss: 0.0430722721 [MSELoss(): t(0,0)_r(0,0)_semi_pTrue_gTrue]
	 Logging test loss: 0.0006456987 [MSELoss(): t(0,0)_r(0,0)_full_pTrue_gTrue]
		--> Epoch time; 29.83753800392151
Epoch 1/9
	 Logging train Loss: 0.0097004157 [MSELoss(): t(0,0)_r(0,0)_combi_pTrue_gTrue]
	 Logging test loss: 0.0367991738 [MSELoss(): t(0,0)_r(0,0)_combi_pTrue_gTrue]
	 Logging test loss: 0.0682564005 [MSELoss(): t(0,0)_r(0,0)_tennis_pTrue_gTrue]
	 Logging test loss: 0.0192624219 [MSELoss(): t(0,0)_r(0,0)_semi_pTrue_gTrue]
	 Logging test loss: 0.0003508215 [MSELoss(): t(0,0)_r(0,0)_full_pTrue_gTrue]
		--> Epoch time; 29.537837743759155
Epoch 2/9
	 Logging train Loss: 0.0047417344 [MSELoss(): t(0,0)_r(0,0)_combi_pTrue_gTrue]
	 Logging test loss: 0.0183267388 [MSELoss(): t(0,0)_r(0,0)_combi_pTrue_gTrue]
	 Logging test loss: 0.0320174545 [MSELoss(): t(0,0)_r(0,0)_tennis_pTrue_gTrue]
	 Logging test loss: 0.0169957466 [MSELoss(): t(0,0)_r(0,0)_semi_pTrue_gTrue]
	 Logging test loss: 0.0002521799 [MSELoss(): t(0,0)_r(0,0)_full_pTrue_gTrue]
		--> Epoch time; 29.82088541984558
Epoch 3/9
	 Logging train Loss: 0.0032900728 [MSELoss(): t(0,0)_r(0,0)_combi_pTrue_gTrue]
	 Logging test loss: 0.0170886517 [MSELoss(): t(0,0)_r(0,0)_combi_pTrue_gTrue]
	 Logging test loss: 0.028092403 [MSELoss(): t(0,0)_r(0,0)_tennis_pTrue_gTrue]
	 Logging test loss: 0.0153713804 [MSELoss(): t(0,0)_r(0,0)_semi_pTrue_gTrue]
	 Logging test loss: 0.0001886469 [MSELoss(): t(0,0)_r(0,0)_full_pTrue_gTrue]
		--> Epoch time; 29.87648892402649
Epoch 4/9
	 Logging train Loss: 0.002436247 [MSELoss(): t(0,0)_r(0,0)_combi_pTrue_gTrue]
	 Logging test loss: 0.0201924872 [MSELoss(): t(0,0)_r(0,0)_combi_pTrue_gTrue]
	 Logging test loss: 0.0290651452 [MSELoss(): t(0,0)_r(0,0)_tennis_pTrue_gTrue]
	 Logging test loss: 0.0148740299 [MSELoss(): t(0,0)_r(0,0)_semi_pTrue_gTrue]
	 Logging test loss: 0.0001853329 [MSELoss(): t(0,0)_r(0,0)_full_pTrue_gTrue]
		--> Epoch time; 29.51382088661194
Epoch 5/9
	 Logging train Loss: 0.0022522996 [MSELoss(): t(0,0)_r(0,0)_combi_pTrue_gTrue]
	 Logging test loss: 0.002390994 [MSELoss(): t(0,0)_r(0,0)_combi_pTrue_gTrue]
	 Logging test loss: 0.0065011466 [MSELoss(): t(0,0)_r(0,0)_tennis_pTrue_gTrue]
	 Logging test loss: 0.0118798083 [MSELoss(): t(0,0)_r(0,0)_semi_pTrue_gTrue]
	 Logging test loss: 0.0001014283 [MSELoss(): t(0,0)_r(0,0)_full_pTrue_gTrue]
		--> Epoch time; 29.342011213302612
Epoch 6/9
	 Logging train Loss: 0.0010033313 [MSELoss(): t(0,0)_r(0,0)_combi_pTrue_gTrue]
	 Logging test loss: 0.0020190356 [MSELoss(): t(0,0)_r(0,0)_combi_pTrue_gTrue]
	 Logging test loss: 0.005034097 [MSELoss(): t(0,0)_r(0,0)_tennis_pTrue_gTrue]
	 Logging test loss: 0.0116127292 [MSELoss(): t(0,0)_r(0,0)_semi_pTrue_gTrue]
	 Logging test loss: 6.47797e-05 [MSELoss(): t(0,0)_r(0,0)_full_pTrue_gTrue]
		--> Epoch time; 29.421590566635132
Epoch 7/9
	 Logging train Loss: 0.0005065404 [MSELoss(): t(0,0)_r(0,0)_combi_pTrue_gTrue]
	 Logging test loss: 0.0018311334 [MSELoss(): t(0,0)_r(0,0)_combi_pTrue_gTrue]
	 Logging test loss: 0.0043930761 [MSELoss(): t(0,0)_r(0,0)_tennis_pTrue_gTrue]
	 Logging test loss: 0.0099410592 [MSELoss(): t(0,0)_r(0,0)_semi_pTrue_gTrue]
	 Logging test loss: 6.6778e-05 [MSELoss(): t(0,0)_r(0,0)_full_pTrue_gTrue]
		--> Epoch time; 29.683046340942383
Epoch 8/9
	 Logging train Loss: 0.0003983325 [MSELoss(): t(0,0)_r(0,0)_combi_pTrue_gTrue]
	 Logging test loss: 0.0010196499 [MSELoss(): t(0,0)_r(0,0)_combi_pTrue_gTrue]
	 Logging test loss: 0.0027639989 [MSELoss(): t(0,0)_r(0,0)_tennis_pTrue_gTrue]
	 Logging test loss: 0.0081379749 [MSELoss(): t(0,0)_r(0,0)_semi_pTrue_gTrue]
	 Logging test loss: 3.06728e-05 [MSELoss(): t(0,0)_r(0,0)_full_pTrue_gTrue]
		--> Epoch time; 29.42109179496765
Epoch 9/9
	 Logging train Loss: 0.0003469642 [MSELoss(): t(0,0)_r(0,0)_combi_pTrue_gTrue]
	 Logging test loss: 0.0008619561 [MSELoss(): t(0,0)_r(0,0)_combi_pTrue_gTrue]
	 Logging test loss: 0.0024642367 [MSELoss(): t(0,0)_r(0,0)_tennis_pTrue_gTrue]
	 Logging test loss: 0.0021561489 [MSELoss(): t(0,0)_r(0,0)_semi_pTrue_gTrue]
	 Logging test loss: 2.76423e-05 [MSELoss(): t(0,0)_r(0,0)_full_pTrue_gTrue]
		--> Epoch time; 29.390045404434204
Saved model in  trained_models/gru/data_t(0,0)_r(0,0)_combi_pTrue_gTrue/'quat'_'False'.pth
It took  461.9195046424866  seconds.
----- ITERATION 5/10 ------
Number of train simulations:  1920
Number of test simulations:  480
The dataloader for data/data_t(0,0)_r(0,0)_combi_pTrue_gTrue took 76.01157784461975 seconds.
-- Finished Train Dataloader --
The dataloader for data/data_t(0,0)_r(0,0)_combi_pTrue_gTrue took 19.082244634628296 seconds.
The dataloader for data/data_t(0,0)_r(0,0)_tennis_pTrue_gTrue took 19.515629529953003 seconds.
The dataloader for data/data_t(0,0)_r(0,0)_semi_pTrue_gTrue took 19.47765064239502 seconds.
The dataloader for data/data_t(0,0)_r(0,0)_full_pTrue_gTrue took 19.474276304244995 seconds.
-- Finished Test Dataloader(s) --
GRU(
  (rnn): GRU(7, 96, batch_first=True)
  (fc): Linear(in_features=96, out_features=7, bias=True)
)
Datatype: quat
-- Started Training --
Epoch 0/9
	 Logging train Loss: 0.0943513736 [MSELoss(): t(0,0)_r(0,0)_combi_pTrue_gTrue]
	 Logging test loss: 0.0178330168 [MSELoss(): t(0,0)_r(0,0)_combi_pTrue_gTrue]
	 Logging test loss: 0.0039246483 [MSELoss(): t(0,0)_r(0,0)_tennis_pTrue_gTrue]
	 Logging test loss: 0.0279665496 [MSELoss(): t(0,0)_r(0,0)_semi_pTrue_gTrue]
	 Logging test loss: 0.0001935597 [MSELoss(): t(0,0)_r(0,0)_full_pTrue_gTrue]
		--> Epoch time; 29.415958881378174
Epoch 1/9
	 Logging train Loss: 0.0038499164 [MSELoss(): t(0,0)_r(0,0)_combi_pTrue_gTrue]
	 Logging test loss: 0.0130452737 [MSELoss(): t(0,0)_r(0,0)_combi_pTrue_gTrue]
	 Logging test loss: 0.0028638018 [MSELoss(): t(0,0)_r(0,0)_tennis_pTrue_gTrue]
	 Logging test loss: 0.0177073684 [MSELoss(): t(0,0)_r(0,0)_semi_pTrue_gTrue]
	 Logging test loss: 0.0001347834 [MSELoss(): t(0,0)_r(0,0)_full_pTrue_gTrue]
		--> Epoch time; 29.203091382980347
Epoch 2/9
	 Logging train Loss: 0.0012414613 [MSELoss(): t(0,0)_r(0,0)_combi_pTrue_gTrue]
	 Logging test loss: 0.0123349596 [MSELoss(): t(0,0)_r(0,0)_combi_pTrue_gTrue]
	 Logging test loss: 0.0019698504 [MSELoss(): t(0,0)_r(0,0)_tennis_pTrue_gTrue]
	 Logging test loss: 0.0183978323 [MSELoss(): t(0,0)_r(0,0)_semi_pTrue_gTrue]
	 Logging test loss: 0.0001081119 [MSELoss(): t(0,0)_r(0,0)_full_pTrue_gTrue]
		--> Epoch time; 29.332544088363647
Epoch 3/9
	 Logging train Loss: 0.0005629756 [MSELoss(): t(0,0)_r(0,0)_combi_pTrue_gTrue]
	 Logging test loss: 0.0130854463 [MSELoss(): t(0,0)_r(0,0)_combi_pTrue_gTrue]
	 Logging test loss: 0.0017123851 [MSELoss(): t(0,0)_r(0,0)_tennis_pTrue_gTrue]
	 Logging test loss: 0.0197665486 [MSELoss(): t(0,0)_r(0,0)_semi_pTrue_gTrue]
	 Logging test loss: 7.58568e-05 [MSELoss(): t(0,0)_r(0,0)_full_pTrue_gTrue]
		--> Epoch time; 29.09711980819702
Epoch 4/9
	 Logging train Loss: 0.0003696722 [MSELoss(): t(0,0)_r(0,0)_combi_pTrue_gTrue]
	 Logging test loss: 0.0123918913 [MSELoss(): t(0,0)_r(0,0)_combi_pTrue_gTrue]
	 Logging test loss: 0.0016981189 [MSELoss(): t(0,0)_r(0,0)_tennis_pTrue_gTrue]
	 Logging test loss: 0.0182499234 [MSELoss(): t(0,0)_r(0,0)_semi_pTrue_gTrue]
	 Logging test loss: 5.66478e-05 [MSELoss(): t(0,0)_r(0,0)_full_pTrue_gTrue]
		--> Epoch time; 29.271204710006714
wandb: Waiting for W&B process to finish... (success).
wandb: 
wandb: Run history:
wandb:                                      Epoch â–â–‚â–ƒâ–ƒâ–„â–…â–†â–†â–‡â–ˆ
wandb:  Test loss t(0,0)_r(0,0)_combi_pTrue_gTrue â–ˆâ–†â–…â–†â–…â–…â–„â–ƒâ–‚â–
wandb:   Test loss t(0,0)_r(0,0)_full_pTrue_gTrue â–ˆâ–†â–…â–„â–ƒâ–‚â–‚â–â–‚â–
wandb:   Test loss t(0,0)_r(0,0)_semi_pTrue_gTrue â–ˆâ–…â–…â–…â–…â–„â–ƒâ–‚â–‚â–
wandb: Test loss t(0,0)_r(0,0)_tennis_pTrue_gTrue â–ˆâ–†â–„â–ƒâ–ƒâ–ƒâ–ƒâ–‚â–‚â–
wandb:                                 Train loss â–ˆâ–â–â–â–â–â–â–â–â–
wandb: 
wandb: Run summary:
wandb:                                      Epoch 9
wandb:  Test loss t(0,0)_r(0,0)_combi_pTrue_gTrue 0.00437
wandb:   Test loss t(0,0)_r(0,0)_full_pTrue_gTrue 1e-05
wandb:   Test loss t(0,0)_r(0,0)_semi_pTrue_gTrue 0.00541
wandb: Test loss t(0,0)_r(0,0)_tennis_pTrue_gTrue 0.00053
wandb:                                 Train loss 0.00013
wandb: 
wandb: ðŸš€ View run expert-elevator-1187 at: https://wandb.ai/nreints/ThesisFinal2/runs/xvq6f7qu
wandb: Synced 6 W&B file(s), 0 media file(s), 3 artifact file(s) and 1 other file(s)
wandb: Find logs at: ./wandb/run-20230709_234811-xvq6f7qu/logs
wandb: - Waiting for wandb.init()...wandb: \ Waiting for wandb.init()...wandb: wandb version 0.15.5 is available!  To upgrade, please run:
wandb:  $ pip install wandb --upgrade
wandb: Tracking run with wandb version 0.14.0
wandb: Run data is saved locally in /gpfs/home2/nreints/MScThesis/code/wandb/run-20230709_235549-58ip4o2k
wandb: Run `wandb offline` to turn off syncing.
wandb: Syncing run prime-grass-1196
wandb: â­ï¸ View project at https://wandb.ai/nreints/ThesisFinal2
wandb: ðŸš€ View run at https://wandb.ai/nreints/ThesisFinal2/runs/58ip4o2k
wandb: Waiting for W&B process to finish... (success).
wandb: 
wandb: Run history:
wandb:                                      Epoch â–â–‚â–ƒâ–ƒâ–„â–…â–†â–†â–‡â–ˆ
wandb:  Test loss t(0,0)_r(0,0)_combi_pTrue_gTrue â–ˆâ–†â–†â–†â–…â–…â–„â–‚â–â–
wandb:   Test loss t(0,0)_r(0,0)_full_pTrue_gTrue â–ˆâ–…â–„â–ƒâ–ƒâ–†â–‚â–â–â–
wandb:   Test loss t(0,0)_r(0,0)_semi_pTrue_gTrue â–ˆâ–ˆâ–‡â–‡â–‡â–‡â–„â–â–â–
wandb: Test loss t(0,0)_r(0,0)_tennis_pTrue_gTrue â–ˆâ–‡â–‡â–†â–†â–†â–„â–‚â–â–
wandb:                                 Train loss â–ˆâ–â–â–â–â–â–â–â–â–
wandb: 
wandb: Run summary:
wandb:                                      Epoch 9
wandb:  Test loss t(0,0)_r(0,0)_combi_pTrue_gTrue 0.0016
wandb:   Test loss t(0,0)_r(0,0)_full_pTrue_gTrue 5e-05
wandb:   Test loss t(0,0)_r(0,0)_semi_pTrue_gTrue 0.00192
wandb: Test loss t(0,0)_r(0,0)_tennis_pTrue_gTrue 0.00254
wandb:                                 Train loss 0.00027
wandb: 
wandb: ðŸš€ View run prime-grass-1196 at: https://wandb.ai/nreints/ThesisFinal2/runs/58ip4o2k
wandb: Synced 6 W&B file(s), 0 media file(s), 3 artifact file(s) and 1 other file(s)
wandb: Find logs at: ./wandb/run-20230709_235549-58ip4o2k/logs
wandb: - Waiting for wandb.init()...wandb: \ Waiting for wandb.init()...wandb: wandb version 0.15.5 is available!  To upgrade, please run:
wandb:  $ pip install wandb --upgrade
wandb: Tracking run with wandb version 0.14.0
wandb: Run data is saved locally in /gpfs/home2/nreints/MScThesis/code/wandb/run-20230710_000333-yl8p65ba
wandb: Run `wandb offline` to turn off syncing.
wandb: Syncing run faithful-gorge-1204
wandb: â­ï¸ View project at https://wandb.ai/nreints/ThesisFinal2
wandb: ðŸš€ View run at https://wandb.ai/nreints/ThesisFinal2/runs/yl8p65ba
Epoch 5/9
	 Logging train Loss: 0.0002723617 [MSELoss(): t(0,0)_r(0,0)_combi_pTrue_gTrue]
	 Logging test loss: 0.0117838783 [MSELoss(): t(0,0)_r(0,0)_combi_pTrue_gTrue]
	 Logging test loss: 0.0014526205 [MSELoss(): t(0,0)_r(0,0)_tennis_pTrue_gTrue]
	 Logging test loss: 0.0160434283 [MSELoss(): t(0,0)_r(0,0)_semi_pTrue_gTrue]
	 Logging test loss: 4.53201e-05 [MSELoss(): t(0,0)_r(0,0)_full_pTrue_gTrue]
		--> Epoch time; 29.64333486557007
Epoch 6/9
	 Logging train Loss: 0.0002098516 [MSELoss(): t(0,0)_r(0,0)_combi_pTrue_gTrue]
	 Logging test loss: 0.0097346595 [MSELoss(): t(0,0)_r(0,0)_combi_pTrue_gTrue]
	 Logging test loss: 0.0013497024 [MSELoss(): t(0,0)_r(0,0)_tennis_pTrue_gTrue]
	 Logging test loss: 0.0124619612 [MSELoss(): t(0,0)_r(0,0)_semi_pTrue_gTrue]
	 Logging test loss: 3.63228e-05 [MSELoss(): t(0,0)_r(0,0)_full_pTrue_gTrue]
		--> Epoch time; 29.629377365112305
Epoch 7/9
	 Logging train Loss: 0.0001711802 [MSELoss(): t(0,0)_r(0,0)_combi_pTrue_gTrue]
	 Logging test loss: 0.0077035162 [MSELoss(): t(0,0)_r(0,0)_combi_pTrue_gTrue]
	 Logging test loss: 0.0008226722 [MSELoss(): t(0,0)_r(0,0)_tennis_pTrue_gTrue]
	 Logging test loss: 0.0096500618 [MSELoss(): t(0,0)_r(0,0)_semi_pTrue_gTrue]
	 Logging test loss: 2.22467e-05 [MSELoss(): t(0,0)_r(0,0)_full_pTrue_gTrue]
		--> Epoch time; 29.39058566093445
Epoch 8/9
	 Logging train Loss: 0.0001379158 [MSELoss(): t(0,0)_r(0,0)_combi_pTrue_gTrue]
	 Logging test loss: 0.0068269535 [MSELoss(): t(0,0)_r(0,0)_combi_pTrue_gTrue]
	 Logging test loss: 0.0007743395 [MSELoss(): t(0,0)_r(0,0)_tennis_pTrue_gTrue]
	 Logging test loss: 0.0082706446 [MSELoss(): t(0,0)_r(0,0)_semi_pTrue_gTrue]
	 Logging test loss: 3.01562e-05 [MSELoss(): t(0,0)_r(0,0)_full_pTrue_gTrue]
		--> Epoch time; 29.354071140289307
Epoch 9/9
	 Logging train Loss: 0.0001286115 [MSELoss(): t(0,0)_r(0,0)_combi_pTrue_gTrue]
	 Logging test loss: 0.0043748072 [MSELoss(): t(0,0)_r(0,0)_combi_pTrue_gTrue]
	 Logging test loss: 0.0005272803 [MSELoss(): t(0,0)_r(0,0)_tennis_pTrue_gTrue]
	 Logging test loss: 0.0054117567 [MSELoss(): t(0,0)_r(0,0)_semi_pTrue_gTrue]
	 Logging test loss: 9.1358e-06 [MSELoss(): t(0,0)_r(0,0)_full_pTrue_gTrue]
		--> Epoch time; 29.511253595352173
Saved model in  trained_models/gru/data_t(0,0)_r(0,0)_combi_pTrue_gTrue/'quat'_'False'.pth
It took  458.0993549823761  seconds.
----- ITERATION 6/10 ------
Number of train simulations:  1920
Number of test simulations:  480
The dataloader for data/data_t(0,0)_r(0,0)_combi_pTrue_gTrue took 76.14121389389038 seconds.
-- Finished Train Dataloader --
The dataloader for data/data_t(0,0)_r(0,0)_combi_pTrue_gTrue took 19.06226897239685 seconds.
The dataloader for data/data_t(0,0)_r(0,0)_tennis_pTrue_gTrue took 19.435449361801147 seconds.
The dataloader for data/data_t(0,0)_r(0,0)_semi_pTrue_gTrue took 19.444050073623657 seconds.
The dataloader for data/data_t(0,0)_r(0,0)_full_pTrue_gTrue took 19.437031984329224 seconds.
-- Finished Test Dataloader(s) --
GRU(
  (rnn): GRU(7, 96, batch_first=True)
  (fc): Linear(in_features=96, out_features=7, bias=True)
)
Datatype: quat
-- Started Training --
Epoch 0/9
	 Logging train Loss: 0.1183490083 [MSELoss(): t(0,0)_r(0,0)_combi_pTrue_gTrue]
	 Logging test loss: 0.0172060318 [MSELoss(): t(0,0)_r(0,0)_combi_pTrue_gTrue]
	 Logging test loss: 0.0254950915 [MSELoss(): t(0,0)_r(0,0)_tennis_pTrue_gTrue]
	 Logging test loss: 0.0368926711 [MSELoss(): t(0,0)_r(0,0)_semi_pTrue_gTrue]
	 Logging test loss: 0.0004025834 [MSELoss(): t(0,0)_r(0,0)_full_pTrue_gTrue]
		--> Epoch time; 29.08479356765747
Epoch 1/9
	 Logging train Loss: 0.0082295975 [MSELoss(): t(0,0)_r(0,0)_combi_pTrue_gTrue]
	 Logging test loss: 0.0126533313 [MSELoss(): t(0,0)_r(0,0)_combi_pTrue_gTrue]
	 Logging test loss: 0.0211054161 [MSELoss(): t(0,0)_r(0,0)_tennis_pTrue_gTrue]
	 Logging test loss: 0.0359143168 [MSELoss(): t(0,0)_r(0,0)_semi_pTrue_gTrue]
	 Logging test loss: 0.0002515302 [MSELoss(): t(0,0)_r(0,0)_full_pTrue_gTrue]
		--> Epoch time; 29.40047788619995
Epoch 2/9
	 Logging train Loss: 0.0039639901 [MSELoss(): t(0,0)_r(0,0)_combi_pTrue_gTrue]
	 Logging test loss: 0.0120756067 [MSELoss(): t(0,0)_r(0,0)_combi_pTrue_gTrue]
	 Logging test loss: 0.0205837972 [MSELoss(): t(0,0)_r(0,0)_tennis_pTrue_gTrue]
	 Logging test loss: 0.0322790109 [MSELoss(): t(0,0)_r(0,0)_semi_pTrue_gTrue]
	 Logging test loss: 0.0001784114 [MSELoss(): t(0,0)_r(0,0)_full_pTrue_gTrue]
		--> Epoch time; 29.205926656723022
Epoch 3/9
	 Logging train Loss: 0.0024150473 [MSELoss(): t(0,0)_r(0,0)_combi_pTrue_gTrue]
	 Logging test loss: 0.0123746796 [MSELoss(): t(0,0)_r(0,0)_combi_pTrue_gTrue]
	 Logging test loss: 0.0204816926 [MSELoss(): t(0,0)_r(0,0)_tennis_pTrue_gTrue]
	 Logging test loss: 0.0316941962 [MSELoss(): t(0,0)_r(0,0)_semi_pTrue_gTrue]
	 Logging test loss: 0.0001421603 [MSELoss(): t(0,0)_r(0,0)_full_pTrue_gTrue]
		--> Epoch time; 29.389578819274902
Epoch 4/9
	 Logging train Loss: 0.0018815424 [MSELoss(): t(0,0)_r(0,0)_combi_pTrue_gTrue]
	 Logging test loss: 0.0104389265 [MSELoss(): t(0,0)_r(0,0)_combi_pTrue_gTrue]
	 Logging test loss: 0.0182590876 [MSELoss(): t(0,0)_r(0,0)_tennis_pTrue_gTrue]
	 Logging test loss: 0.029721221 [MSELoss(): t(0,0)_r(0,0)_semi_pTrue_gTrue]
	 Logging test loss: 0.0001326968 [MSELoss(): t(0,0)_r(0,0)_full_pTrue_gTrue]
		--> Epoch time; 29.27500009536743
Epoch 5/9
	 Logging train Loss: 0.001832578 [MSELoss(): t(0,0)_r(0,0)_combi_pTrue_gTrue]
	 Logging test loss: 0.0101823909 [MSELoss(): t(0,0)_r(0,0)_combi_pTrue_gTrue]
	 Logging test loss: 0.02056803 [MSELoss(): t(0,0)_r(0,0)_tennis_pTrue_gTrue]
	 Logging test loss: 0.0308696926 [MSELoss(): t(0,0)_r(0,0)_semi_pTrue_gTrue]
	 Logging test loss: 0.0002804971 [MSELoss(): t(0,0)_r(0,0)_full_pTrue_gTrue]
		--> Epoch time; 29.255017042160034
Epoch 6/9
	 Logging train Loss: 0.0018814178 [MSELoss(): t(0,0)_r(0,0)_combi_pTrue_gTrue]
	 Logging test loss: 0.0084929522 [MSELoss(): t(0,0)_r(0,0)_combi_pTrue_gTrue]
	 Logging test loss: 0.0129424864 [MSELoss(): t(0,0)_r(0,0)_tennis_pTrue_gTrue]
	 Logging test loss: 0.015600834 [MSELoss(): t(0,0)_r(0,0)_semi_pTrue_gTrue]
	 Logging test loss: 8.91252e-05 [MSELoss(): t(0,0)_r(0,0)_full_pTrue_gTrue]
		--> Epoch time; 28.994598388671875
Epoch 7/9
	 Logging train Loss: 0.0008471807 [MSELoss(): t(0,0)_r(0,0)_combi_pTrue_gTrue]
	 Logging test loss: 0.0041579572 [MSELoss(): t(0,0)_r(0,0)_combi_pTrue_gTrue]
	 Logging test loss: 0.0065573282 [MSELoss(): t(0,0)_r(0,0)_tennis_pTrue_gTrue]
	 Logging test loss: 0.0039224224 [MSELoss(): t(0,0)_r(0,0)_semi_pTrue_gTrue]
	 Logging test loss: 3.01592e-05 [MSELoss(): t(0,0)_r(0,0)_full_pTrue_gTrue]
		--> Epoch time; 29.23442268371582
Epoch 8/9
	 Logging train Loss: 0.0010119231 [MSELoss(): t(0,0)_r(0,0)_combi_pTrue_gTrue]
	 Logging test loss: 0.002293732 [MSELoss(): t(0,0)_r(0,0)_combi_pTrue_gTrue]
	 Logging test loss: 0.0038782014 [MSELoss(): t(0,0)_r(0,0)_tennis_pTrue_gTrue]
	 Logging test loss: 0.0027348096 [MSELoss(): t(0,0)_r(0,0)_semi_pTrue_gTrue]
	 Logging test loss: 3.34466e-05 [MSELoss(): t(0,0)_r(0,0)_full_pTrue_gTrue]
		--> Epoch time; 29.141547679901123
Epoch 9/9
	 Logging train Loss: 0.0002682403 [MSELoss(): t(0,0)_r(0,0)_combi_pTrue_gTrue]
	 Logging test loss: 0.0015986825 [MSELoss(): t(0,0)_r(0,0)_combi_pTrue_gTrue]
	 Logging test loss: 0.0025389018 [MSELoss(): t(0,0)_r(0,0)_tennis_pTrue_gTrue]
	 Logging test loss: 0.0019211906 [MSELoss(): t(0,0)_r(0,0)_semi_pTrue_gTrue]
	 Logging test loss: 5.41197e-05 [MSELoss(): t(0,0)_r(0,0)_full_pTrue_gTrue]
		--> Epoch time; 29.27558946609497
Saved model in  trained_models/gru/data_t(0,0)_r(0,0)_combi_pTrue_gTrue/'quat'_'False'.pth
It took  464.0450265407562  seconds.
----- ITERATION 7/10 ------
Number of train simulations:  1920
Number of test simulations:  480
The dataloader for data/data_t(0,0)_r(0,0)_combi_pTrue_gTrue took 75.80734443664551 seconds.
-- Finished Train Dataloader --
The dataloader for data/data_t(0,0)_r(0,0)_combi_pTrue_gTrue took 19.01759171485901 seconds.
The dataloader for data/data_t(0,0)_r(0,0)_tennis_pTrue_gTrue took 19.435184955596924 seconds.
The dataloader for data/data_t(0,0)_r(0,0)_semi_pTrue_gTrue took 19.40730595588684 seconds.
wandb: Waiting for W&B process to finish... (success).
wandb: 
wandb: Run history:
wandb:                                      Epoch â–â–‚â–ƒâ–ƒâ–„â–…â–†â–†â–‡â–ˆ
wandb:  Test loss t(0,0)_r(0,0)_combi_pTrue_gTrue â–ˆâ–‚â–‚â–â–â–â–ƒâ–‚â–‚â–
wandb:   Test loss t(0,0)_r(0,0)_full_pTrue_gTrue â–ˆâ–„â–ƒâ–‚â–â–â–ƒâ–‚â–‚â–
wandb:   Test loss t(0,0)_r(0,0)_semi_pTrue_gTrue â–ˆâ–ƒâ–‚â–‚â–â–â–ƒâ–â–‚â–
wandb: Test loss t(0,0)_r(0,0)_tennis_pTrue_gTrue â–ˆâ–‚â–‚â–â–â–â–ƒâ–â–‚â–
wandb:                                 Train loss â–ˆâ–‚â–‚â–â–â–â–â–â–â–
wandb: 
wandb: Run summary:
wandb:                                      Epoch 9
wandb:  Test loss t(0,0)_r(0,0)_combi_pTrue_gTrue 0.00268
wandb:   Test loss t(0,0)_r(0,0)_full_pTrue_gTrue 0.00041
wandb:   Test loss t(0,0)_r(0,0)_semi_pTrue_gTrue 0.01292
wandb: Test loss t(0,0)_r(0,0)_tennis_pTrue_gTrue 0.00798
wandb:                                 Train loss 0.00524
wandb: 
wandb: ðŸš€ View run faithful-gorge-1204 at: https://wandb.ai/nreints/ThesisFinal2/runs/yl8p65ba
wandb: Synced 6 W&B file(s), 0 media file(s), 3 artifact file(s) and 1 other file(s)
wandb: Find logs at: ./wandb/run-20230710_000333-yl8p65ba/logs
wandb: - Waiting for wandb.init()...wandb: \ Waiting for wandb.init()...wandb: wandb version 0.15.5 is available!  To upgrade, please run:
wandb:  $ pip install wandb --upgrade
wandb: Tracking run with wandb version 0.14.0
wandb: Run data is saved locally in /gpfs/home2/nreints/MScThesis/code/wandb/run-20230710_001111-e7jgr6hk
wandb: Run `wandb offline` to turn off syncing.
wandb: Syncing run hearty-plant-1214
wandb: â­ï¸ View project at https://wandb.ai/nreints/ThesisFinal2
wandb: ðŸš€ View run at https://wandb.ai/nreints/ThesisFinal2/runs/e7jgr6hk
The dataloader for data/data_t(0,0)_r(0,0)_full_pTrue_gTrue took 19.418397188186646 seconds.
-- Finished Test Dataloader(s) --
GRU(
  (rnn): GRU(7, 96, batch_first=True)
  (fc): Linear(in_features=96, out_features=7, bias=True)
)
Datatype: quat
-- Started Training --
Epoch 0/9
	 Logging train Loss: 0.1767056286 [MSELoss(): t(0,0)_r(0,0)_combi_pTrue_gTrue]
	 Logging test loss: 0.0548738725 [MSELoss(): t(0,0)_r(0,0)_combi_pTrue_gTrue]
	 Logging test loss: 0.1081072241 [MSELoss(): t(0,0)_r(0,0)_tennis_pTrue_gTrue]
	 Logging test loss: 0.1203505471 [MSELoss(): t(0,0)_r(0,0)_semi_pTrue_gTrue]
	 Logging test loss: 0.005852194 [MSELoss(): t(0,0)_r(0,0)_full_pTrue_gTrue]
		--> Epoch time; 29.2853786945343
Epoch 1/9
	 Logging train Loss: 0.026920056 [MSELoss(): t(0,0)_r(0,0)_combi_pTrue_gTrue]
	 Logging test loss: 0.0130416835 [MSELoss(): t(0,0)_r(0,0)_combi_pTrue_gTrue]
	 Logging test loss: 0.0272672288 [MSELoss(): t(0,0)_r(0,0)_tennis_pTrue_gTrue]
	 Logging test loss: 0.0392647572 [MSELoss(): t(0,0)_r(0,0)_semi_pTrue_gTrue]
	 Logging test loss: 0.0024015917 [MSELoss(): t(0,0)_r(0,0)_full_pTrue_gTrue]
		--> Epoch time; 29.360459566116333
Epoch 2/9
	 Logging train Loss: 0.01850776 [MSELoss(): t(0,0)_r(0,0)_combi_pTrue_gTrue]
	 Logging test loss: 0.0073360014 [MSELoss(): t(0,0)_r(0,0)_combi_pTrue_gTrue]
	 Logging test loss: 0.0174772814 [MSELoss(): t(0,0)_r(0,0)_tennis_pTrue_gTrue]
	 Logging test loss: 0.0312858075 [MSELoss(): t(0,0)_r(0,0)_semi_pTrue_gTrue]
	 Logging test loss: 0.0016350872 [MSELoss(): t(0,0)_r(0,0)_full_pTrue_gTrue]
		--> Epoch time; 29.3220317363739
Epoch 3/9
	 Logging train Loss: 0.0088114832 [MSELoss(): t(0,0)_r(0,0)_combi_pTrue_gTrue]
	 Logging test loss: 0.0051598358 [MSELoss(): t(0,0)_r(0,0)_combi_pTrue_gTrue]
	 Logging test loss: 0.0148882326 [MSELoss(): t(0,0)_r(0,0)_tennis_pTrue_gTrue]
	 Logging test loss: 0.0236104596 [MSELoss(): t(0,0)_r(0,0)_semi_pTrue_gTrue]
	 Logging test loss: 0.0009136332 [MSELoss(): t(0,0)_r(0,0)_full_pTrue_gTrue]
		--> Epoch time; 29.314720630645752
Epoch 4/9
	 Logging train Loss: 0.0061943321 [MSELoss(): t(0,0)_r(0,0)_combi_pTrue_gTrue]
	 Logging test loss: 0.0030136742 [MSELoss(): t(0,0)_r(0,0)_combi_pTrue_gTrue]
	 Logging test loss: 0.0110734161 [MSELoss(): t(0,0)_r(0,0)_tennis_pTrue_gTrue]
	 Logging test loss: 0.018088311 [MSELoss(): t(0,0)_r(0,0)_semi_pTrue_gTrue]
	 Logging test loss: 0.0005593475 [MSELoss(): t(0,0)_r(0,0)_full_pTrue_gTrue]
		--> Epoch time; 29.252634048461914
Epoch 5/9
	 Logging train Loss: 0.0040469677 [MSELoss(): t(0,0)_r(0,0)_combi_pTrue_gTrue]
	 Logging test loss: 0.0016663879 [MSELoss(): t(0,0)_r(0,0)_combi_pTrue_gTrue]
	 Logging test loss: 0.0077505358 [MSELoss(): t(0,0)_r(0,0)_tennis_pTrue_gTrue]
	 Logging test loss: 0.0132131046 [MSELoss(): t(0,0)_r(0,0)_semi_pTrue_gTrue]
	 Logging test loss: 0.0003264572 [MSELoss(): t(0,0)_r(0,0)_full_pTrue_gTrue]
		--> Epoch time; 29.454954385757446
Epoch 6/9
	 Logging train Loss: 0.0071528577 [MSELoss(): t(0,0)_r(0,0)_combi_pTrue_gTrue]
	 Logging test loss: 0.0163854472 [MSELoss(): t(0,0)_r(0,0)_combi_pTrue_gTrue]
	 Logging test loss: 0.0372875594 [MSELoss(): t(0,0)_r(0,0)_tennis_pTrue_gTrue]
	 Logging test loss: 0.039895013 [MSELoss(): t(0,0)_r(0,0)_semi_pTrue_gTrue]
	 Logging test loss: 0.0019574286 [MSELoss(): t(0,0)_r(0,0)_full_pTrue_gTrue]
		--> Epoch time; 29.55179715156555
Epoch 7/9
	 Logging train Loss: 0.0130854305 [MSELoss(): t(0,0)_r(0,0)_combi_pTrue_gTrue]
	 Logging test loss: 0.0060540573 [MSELoss(): t(0,0)_r(0,0)_combi_pTrue_gTrue]
	 Logging test loss: 0.0140018463 [MSELoss(): t(0,0)_r(0,0)_tennis_pTrue_gTrue]
	 Logging test loss: 0.0195993222 [MSELoss(): t(0,0)_r(0,0)_semi_pTrue_gTrue]
	 Logging test loss: 0.0012903042 [MSELoss(): t(0,0)_r(0,0)_full_pTrue_gTrue]
		--> Epoch time; 29.549501657485962
Epoch 8/9
	 Logging train Loss: 0.0099176895 [MSELoss(): t(0,0)_r(0,0)_combi_pTrue_gTrue]
	 Logging test loss: 0.0067658187 [MSELoss(): t(0,0)_r(0,0)_combi_pTrue_gTrue]
	 Logging test loss: 0.0167875811 [MSELoss(): t(0,0)_r(0,0)_tennis_pTrue_gTrue]
	 Logging test loss: 0.0225863904 [MSELoss(): t(0,0)_r(0,0)_semi_pTrue_gTrue]
	 Logging test loss: 0.0010903812 [MSELoss(): t(0,0)_r(0,0)_full_pTrue_gTrue]
		--> Epoch time; 29.460546016693115
Epoch 9/9
	 Logging train Loss: 0.0052360389 [MSELoss(): t(0,0)_r(0,0)_combi_pTrue_gTrue]
	 Logging test loss: 0.0026800854 [MSELoss(): t(0,0)_r(0,0)_combi_pTrue_gTrue]
	 Logging test loss: 0.0079764044 [MSELoss(): t(0,0)_r(0,0)_tennis_pTrue_gTrue]
	 Logging test loss: 0.012922653 [MSELoss(): t(0,0)_r(0,0)_semi_pTrue_gTrue]
	 Logging test loss: 0.0004079024 [MSELoss(): t(0,0)_r(0,0)_full_pTrue_gTrue]
		--> Epoch time; 29.636695623397827
Saved model in  trained_models/gru/data_t(0,0)_r(0,0)_combi_pTrue_gTrue/'quat'_'False'.pth
It took  457.911386013031  seconds.
----- ITERATION 8/10 ------
Number of train simulations:  1920
Number of test simulations:  480
The dataloader for data/data_t(0,0)_r(0,0)_combi_pTrue_gTrue took 76.1441102027893 seconds.
-- Finished Train Dataloader --
The dataloader for data/data_t(0,0)_r(0,0)_combi_pTrue_gTrue took 19.136337518692017 seconds.
The dataloader for data/data_t(0,0)_r(0,0)_tennis_pTrue_gTrue took 19.409502744674683 seconds.
The dataloader for data/data_t(0,0)_r(0,0)_semi_pTrue_gTrue took 19.431179523468018 seconds.
The dataloader for data/data_t(0,0)_r(0,0)_full_pTrue_gTrue took 19.418265342712402 seconds.
-- Finished Test Dataloader(s) --
GRU(
  (rnn): GRU(7, 96, batch_first=True)
  (fc): Linear(in_features=96, out_features=7, bias=True)
)
Datatype: quat
-- Started Training --
Epoch 0/9
	 Logging train Loss: 0.1088783219 [MSELoss(): t(0,0)_r(0,0)_combi_pTrue_gTrue]
	 Logging test loss: 0.013299088 [MSELoss(): t(0,0)_r(0,0)_combi_pTrue_gTrue]
	 Logging test loss: 0.0465010069 [MSELoss(): t(0,0)_r(0,0)_tennis_pTrue_gTrue]
	 Logging test loss: 0.0277245454 [MSELoss(): t(0,0)_r(0,0)_semi_pTrue_gTrue]
	 Logging test loss: 0.0005215756 [MSELoss(): t(0,0)_r(0,0)_full_pTrue_gTrue]
		--> Epoch time; 28.938499212265015
Epoch 1/9
	 Logging train Loss: 0.0091564832 [MSELoss(): t(0,0)_r(0,0)_combi_pTrue_gTrue]
	 Logging test loss: 0.0152996359 [MSELoss(): t(0,0)_r(0,0)_combi_pTrue_gTrue]
	 Logging test loss: 0.0553862751 [MSELoss(): t(0,0)_r(0,0)_tennis_pTrue_gTrue]
	 Logging test loss: 0.0230853017 [MSELoss(): t(0,0)_r(0,0)_semi_pTrue_gTrue]
	 Logging test loss: 0.0003087677 [MSELoss(): t(0,0)_r(0,0)_full_pTrue_gTrue]
		--> Epoch time; 29.29156994819641
Epoch 2/9
	 Logging train Loss: 0.0045933574 [MSELoss(): t(0,0)_r(0,0)_combi_pTrue_gTrue]
	 Logging test loss: 0.0100190053 [MSELoss(): t(0,0)_r(0,0)_combi_pTrue_gTrue]
	 Logging test loss: 0.0334517956 [MSELoss(): t(0,0)_r(0,0)_tennis_pTrue_gTrue]
	 Logging test loss: 0.0225226805 [MSELoss(): t(0,0)_r(0,0)_semi_pTrue_gTrue]
	 Logging test loss: 0.0002123694 [MSELoss(): t(0,0)_r(0,0)_full_pTrue_gTrue]
		--> Epoch time; 29.012810707092285
Epoch 3/9
	 Logging train Loss: 0.0029870081 [MSELoss(): t(0,0)_r(0,0)_combi_pTrue_gTrue]
	 Logging test loss: 0.0066485405 [MSELoss(): t(0,0)_r(0,0)_combi_pTrue_gTrue]
	 Logging test loss: 0.0283814408 [MSELoss(): t(0,0)_r(0,0)_tennis_pTrue_gTrue]
	 Logging test loss: 0.0144859664 [MSELoss(): t(0,0)_r(0,0)_semi_pTrue_gTrue]
	 Logging test loss: 0.0001555829 [MSELoss(): t(0,0)_r(0,0)_full_pTrue_gTrue]
		--> Epoch time; 28.915831804275513
Epoch 4/9
	 Logging train Loss: 0.0022353495 [MSELoss(): t(0,0)_r(0,0)_combi_pTrue_gTrue]
	 Logging test loss: 0.0078350892 [MSELoss(): t(0,0)_r(0,0)_combi_pTrue_gTrue]
	 Logging test loss: 0.0272259861 [MSELoss(): t(0,0)_r(0,0)_tennis_pTrue_gTrue]
	 Logging test loss: 0.0214214474 [MSELoss(): t(0,0)_r(0,0)_semi_pTrue_gTrue]
	 Logging test loss: 0.0001352123 [MSELoss(): t(0,0)_r(0,0)_full_pTrue_gTrue]
		--> Epoch time; 29.175963401794434
Epoch 5/9
	 Logging train Loss: 0.0018328781 [MSELoss(): t(0,0)_r(0,0)_combi_pTrue_gTrue]
	 Logging test loss: 0.0067316238 [MSELoss(): t(0,0)_r(0,0)_combi_pTrue_gTrue]
	 Logging test loss: 0.0280990172 [MSELoss(): t(0,0)_r(0,0)_tennis_pTrue_gTrue]
	 Logging test loss: 0.0117244748 [MSELoss(): t(0,0)_r(0,0)_semi_pTrue_gTrue]
	 Logging test loss: 0.0001987077 [MSELoss(): t(0,0)_r(0,0)_full_pTrue_gTrue]
wandb: Waiting for W&B process to finish... (success).
wandb: 
wandb: Run history:
wandb:                                      Epoch â–â–‚â–ƒâ–ƒâ–„â–…â–†â–†â–‡â–ˆ
wandb:  Test loss t(0,0)_r(0,0)_combi_pTrue_gTrue â–‡â–ˆâ–…â–„â–„â–„â–ƒâ–‚â–â–‚
wandb:   Test loss t(0,0)_r(0,0)_full_pTrue_gTrue â–ˆâ–…â–ƒâ–‚â–‚â–ƒâ–…â–„â–â–‚
wandb:   Test loss t(0,0)_r(0,0)_semi_pTrue_gTrue â–ˆâ–‡â–†â–„â–†â–ƒâ–ƒâ–ƒâ–‚â–
wandb: Test loss t(0,0)_r(0,0)_tennis_pTrue_gTrue â–‡â–ˆâ–…â–„â–„â–„â–ƒâ–ƒâ–â–
wandb:                                 Train loss â–ˆâ–‚â–â–â–â–â–â–â–â–
wandb: 
wandb: Run summary:
wandb:                                      Epoch 9
wandb:  Test loss t(0,0)_r(0,0)_combi_pTrue_gTrue 0.0027
wandb:   Test loss t(0,0)_r(0,0)_full_pTrue_gTrue 0.00011
wandb:   Test loss t(0,0)_r(0,0)_semi_pTrue_gTrue 0.00477
wandb: Test loss t(0,0)_r(0,0)_tennis_pTrue_gTrue 0.01066
wandb:                                 Train loss 0.00049
wandb: 
wandb: ðŸš€ View run hearty-plant-1214 at: https://wandb.ai/nreints/ThesisFinal2/runs/e7jgr6hk
wandb: Synced 6 W&B file(s), 0 media file(s), 3 artifact file(s) and 1 other file(s)
wandb: Find logs at: ./wandb/run-20230710_001111-e7jgr6hk/logs
wandb: - Waiting for wandb.init()...wandb: \ Waiting for wandb.init()...wandb: wandb version 0.15.5 is available!  To upgrade, please run:
wandb:  $ pip install wandb --upgrade
wandb: Tracking run with wandb version 0.14.0
wandb: Run data is saved locally in /gpfs/home2/nreints/MScThesis/code/wandb/run-20230710_001847-q620clig
wandb: Run `wandb offline` to turn off syncing.
wandb: Syncing run wise-firefly-1223
wandb: â­ï¸ View project at https://wandb.ai/nreints/ThesisFinal2
wandb: ðŸš€ View run at https://wandb.ai/nreints/ThesisFinal2/runs/q620clig
wandb: Waiting for W&B process to finish... (success).
wandb: 
wandb: Run history:
wandb:                                      Epoch â–â–‚â–ƒâ–ƒâ–„â–…â–†â–†â–‡â–ˆ
wandb:  Test loss t(0,0)_r(0,0)_combi_pTrue_gTrue â–ˆâ–„â–‚â–â–â–ƒâ–â–„â–‚â–‚
wandb:   Test loss t(0,0)_r(0,0)_full_pTrue_gTrue â–ˆâ–ƒâ–‚â–‚â–‚â–â–‚â–‚â–â–
wandb:   Test loss t(0,0)_r(0,0)_semi_pTrue_gTrue â–ˆâ–…â–ƒâ–ƒâ–â–â–â–‚â–‚â–
wandb: Test loss t(0,0)_r(0,0)_tennis_pTrue_gTrue â–ˆâ–„â–‚â–â–â–„â–â–ƒâ–‚â–
wandb:                                 Train loss â–ˆâ–â–â–â–â–â–â–â–â–
wandb: 
wandb: Run summary:
wandb:                                      Epoch 9
wandb:  Test loss t(0,0)_r(0,0)_combi_pTrue_gTrue 0.05447
wandb:   Test loss t(0,0)_r(0,0)_full_pTrue_gTrue 9e-05
wandb:   Test loss t(0,0)_r(0,0)_semi_pTrue_gTrue 0.04826
wandb: Test loss t(0,0)_r(0,0)_tennis_pTrue_gTrue 0.05441
wandb:                                 Train loss 0.00076
wandb: 
wandb: ðŸš€ View run wise-firefly-1223 at: https://wandb.ai/nreints/ThesisFinal2/runs/q620clig
wandb: Synced 6 W&B file(s), 0 media file(s), 3 artifact file(s) and 1 other file(s)
wandb: Find logs at: ./wandb/run-20230710_001847-q620clig/logs
wandb: - Waiting for wandb.init()...wandb: \ Waiting for wandb.init()...wandb: wandb version 0.15.5 is available!  To upgrade, please run:
wandb:  $ pip install wandb --upgrade
wandb: Tracking run with wandb version 0.14.0
wandb: Run data is saved locally in /gpfs/home2/nreints/MScThesis/code/wandb/run-20230710_002625-h0js1dyw
wandb: Run `wandb offline` to turn off syncing.
wandb: Syncing run frosty-paper-1232
wandb: â­ï¸ View project at https://wandb.ai/nreints/ThesisFinal2
wandb: ðŸš€ View run at https://wandb.ai/nreints/ThesisFinal2/runs/h0js1dyw
		--> Epoch time; 29.284680128097534
Epoch 6/9
	 Logging train Loss: 0.0017419286 [MSELoss(): t(0,0)_r(0,0)_combi_pTrue_gTrue]
	 Logging test loss: 0.0064330283 [MSELoss(): t(0,0)_r(0,0)_combi_pTrue_gTrue]
	 Logging test loss: 0.0248674396 [MSELoss(): t(0,0)_r(0,0)_tennis_pTrue_gTrue]
	 Logging test loss: 0.0125029245 [MSELoss(): t(0,0)_r(0,0)_semi_pTrue_gTrue]
	 Logging test loss: 0.0003450442 [MSELoss(): t(0,0)_r(0,0)_full_pTrue_gTrue]
		--> Epoch time; 29.204598426818848
Epoch 7/9
	 Logging train Loss: 0.0016471127 [MSELoss(): t(0,0)_r(0,0)_combi_pTrue_gTrue]
	 Logging test loss: 0.0039726021 [MSELoss(): t(0,0)_r(0,0)_combi_pTrue_gTrue]
	 Logging test loss: 0.0237027369 [MSELoss(): t(0,0)_r(0,0)_tennis_pTrue_gTrue]
	 Logging test loss: 0.0108513078 [MSELoss(): t(0,0)_r(0,0)_semi_pTrue_gTrue]
	 Logging test loss: 0.0002381863 [MSELoss(): t(0,0)_r(0,0)_full_pTrue_gTrue]
		--> Epoch time; 29.187770128250122
Epoch 8/9
	 Logging train Loss: 0.0009027034 [MSELoss(): t(0,0)_r(0,0)_combi_pTrue_gTrue]
	 Logging test loss: 0.0017233442 [MSELoss(): t(0,0)_r(0,0)_combi_pTrue_gTrue]
	 Logging test loss: 0.0113566937 [MSELoss(): t(0,0)_r(0,0)_tennis_pTrue_gTrue]
	 Logging test loss: 0.0069227144 [MSELoss(): t(0,0)_r(0,0)_semi_pTrue_gTrue]
	 Logging test loss: 6.92683e-05 [MSELoss(): t(0,0)_r(0,0)_full_pTrue_gTrue]
		--> Epoch time; 28.940048456192017
Epoch 9/9
	 Logging train Loss: 0.0004908311 [MSELoss(): t(0,0)_r(0,0)_combi_pTrue_gTrue]
	 Logging test loss: 0.0027048273 [MSELoss(): t(0,0)_r(0,0)_combi_pTrue_gTrue]
	 Logging test loss: 0.0106579587 [MSELoss(): t(0,0)_r(0,0)_tennis_pTrue_gTrue]
	 Logging test loss: 0.0047709513 [MSELoss(): t(0,0)_r(0,0)_semi_pTrue_gTrue]
	 Logging test loss: 0.0001099905 [MSELoss(): t(0,0)_r(0,0)_full_pTrue_gTrue]
		--> Epoch time; 29.000694751739502
Saved model in  trained_models/gru/data_t(0,0)_r(0,0)_combi_pTrue_gTrue/'quat'_'False'.pth
It took  455.976420879364  seconds.
----- ITERATION 9/10 ------
Number of train simulations:  1920
Number of test simulations:  480
The dataloader for data/data_t(0,0)_r(0,0)_combi_pTrue_gTrue took 75.91901898384094 seconds.
-- Finished Train Dataloader --
The dataloader for data/data_t(0,0)_r(0,0)_combi_pTrue_gTrue took 19.026199340820312 seconds.
The dataloader for data/data_t(0,0)_r(0,0)_tennis_pTrue_gTrue took 19.316859006881714 seconds.
The dataloader for data/data_t(0,0)_r(0,0)_semi_pTrue_gTrue took 19.336923599243164 seconds.
The dataloader for data/data_t(0,0)_r(0,0)_full_pTrue_gTrue took 19.32190728187561 seconds.
-- Finished Test Dataloader(s) --
GRU(
  (rnn): GRU(7, 96, batch_first=True)
  (fc): Linear(in_features=96, out_features=7, bias=True)
)
Datatype: quat
-- Started Training --
Epoch 0/9
	 Logging train Loss: 0.0840681419 [MSELoss(): t(0,0)_r(0,0)_combi_pTrue_gTrue]
	 Logging test loss: 0.1008266509 [MSELoss(): t(0,0)_r(0,0)_combi_pTrue_gTrue]
	 Logging test loss: 0.1090961099 [MSELoss(): t(0,0)_r(0,0)_tennis_pTrue_gTrue]
	 Logging test loss: 0.1015282422 [MSELoss(): t(0,0)_r(0,0)_semi_pTrue_gTrue]
	 Logging test loss: 0.0008594971 [MSELoss(): t(0,0)_r(0,0)_full_pTrue_gTrue]
		--> Epoch time; 29.007047653198242
Epoch 1/9
	 Logging train Loss: 0.0049046236 [MSELoss(): t(0,0)_r(0,0)_combi_pTrue_gTrue]
	 Logging test loss: 0.0721952468 [MSELoss(): t(0,0)_r(0,0)_combi_pTrue_gTrue]
	 Logging test loss: 0.0797123238 [MSELoss(): t(0,0)_r(0,0)_tennis_pTrue_gTrue]
	 Logging test loss: 0.0746617913 [MSELoss(): t(0,0)_r(0,0)_semi_pTrue_gTrue]
	 Logging test loss: 0.0002578265 [MSELoss(): t(0,0)_r(0,0)_full_pTrue_gTrue]
		--> Epoch time; 29.483859300613403
Epoch 2/9
	 Logging train Loss: 0.0032631175 [MSELoss(): t(0,0)_r(0,0)_combi_pTrue_gTrue]
	 Logging test loss: 0.0586753562 [MSELoss(): t(0,0)_r(0,0)_combi_pTrue_gTrue]
	 Logging test loss: 0.0618092716 [MSELoss(): t(0,0)_r(0,0)_tennis_pTrue_gTrue]
	 Logging test loss: 0.0640499145 [MSELoss(): t(0,0)_r(0,0)_semi_pTrue_gTrue]
	 Logging test loss: 0.0002205844 [MSELoss(): t(0,0)_r(0,0)_full_pTrue_gTrue]
		--> Epoch time; 29.194706439971924
Epoch 3/9
	 Logging train Loss: 0.0023362464 [MSELoss(): t(0,0)_r(0,0)_combi_pTrue_gTrue]
	 Logging test loss: 0.0509844087 [MSELoss(): t(0,0)_r(0,0)_combi_pTrue_gTrue]
	 Logging test loss: 0.0524434708 [MSELoss(): t(0,0)_r(0,0)_tennis_pTrue_gTrue]
	 Logging test loss: 0.0609876812 [MSELoss(): t(0,0)_r(0,0)_semi_pTrue_gTrue]
	 Logging test loss: 0.0002171452 [MSELoss(): t(0,0)_r(0,0)_full_pTrue_gTrue]
		--> Epoch time; 29.34166955947876
Epoch 4/9
	 Logging train Loss: 0.0020566785 [MSELoss(): t(0,0)_r(0,0)_combi_pTrue_gTrue]
	 Logging test loss: 0.0489792936 [MSELoss(): t(0,0)_r(0,0)_combi_pTrue_gTrue]
	 Logging test loss: 0.0529514067 [MSELoss(): t(0,0)_r(0,0)_tennis_pTrue_gTrue]
	 Logging test loss: 0.0466754474 [MSELoss(): t(0,0)_r(0,0)_semi_pTrue_gTrue]
	 Logging test loss: 0.0001752622 [MSELoss(): t(0,0)_r(0,0)_full_pTrue_gTrue]
		--> Epoch time; 29.231175422668457
Epoch 5/9
	 Logging train Loss: 0.0015322341 [MSELoss(): t(0,0)_r(0,0)_combi_pTrue_gTrue]
	 Logging test loss: 0.0670144111 [MSELoss(): t(0,0)_r(0,0)_combi_pTrue_gTrue]
	 Logging test loss: 0.0786010027 [MSELoss(): t(0,0)_r(0,0)_tennis_pTrue_gTrue]
	 Logging test loss: 0.0468925014 [MSELoss(): t(0,0)_r(0,0)_semi_pTrue_gTrue]
	 Logging test loss: 0.0001232087 [MSELoss(): t(0,0)_r(0,0)_full_pTrue_gTrue]
		--> Epoch time; 29.159128427505493
Epoch 6/9
	 Logging train Loss: 0.0019934378 [MSELoss(): t(0,0)_r(0,0)_combi_pTrue_gTrue]
	 Logging test loss: 0.0514578074 [MSELoss(): t(0,0)_r(0,0)_combi_pTrue_gTrue]
	 Logging test loss: 0.0554110706 [MSELoss(): t(0,0)_r(0,0)_tennis_pTrue_gTrue]
	 Logging test loss: 0.0457227752 [MSELoss(): t(0,0)_r(0,0)_semi_pTrue_gTrue]
	 Logging test loss: 0.0001697584 [MSELoss(): t(0,0)_r(0,0)_full_pTrue_gTrue]
		--> Epoch time; 29.243480920791626
Epoch 7/9
	 Logging train Loss: 0.0015464126 [MSELoss(): t(0,0)_r(0,0)_combi_pTrue_gTrue]
	 Logging test loss: 0.0711539835 [MSELoss(): t(0,0)_r(0,0)_combi_pTrue_gTrue]
	 Logging test loss: 0.0711121634 [MSELoss(): t(0,0)_r(0,0)_tennis_pTrue_gTrue]
	 Logging test loss: 0.05301667 [MSELoss(): t(0,0)_r(0,0)_semi_pTrue_gTrue]
	 Logging test loss: 0.0002029717 [MSELoss(): t(0,0)_r(0,0)_full_pTrue_gTrue]
		--> Epoch time; 29.582763195037842
Epoch 8/9
	 Logging train Loss: 0.001268837 [MSELoss(): t(0,0)_r(0,0)_combi_pTrue_gTrue]
	 Logging test loss: 0.0586290434 [MSELoss(): t(0,0)_r(0,0)_combi_pTrue_gTrue]
	 Logging test loss: 0.058807008 [MSELoss(): t(0,0)_r(0,0)_tennis_pTrue_gTrue]
	 Logging test loss: 0.0513140447 [MSELoss(): t(0,0)_r(0,0)_semi_pTrue_gTrue]
	 Logging test loss: 0.0001408804 [MSELoss(): t(0,0)_r(0,0)_full_pTrue_gTrue]
		--> Epoch time; 29.738781690597534
Epoch 9/9
	 Logging train Loss: 0.0007554011 [MSELoss(): t(0,0)_r(0,0)_combi_pTrue_gTrue]
	 Logging test loss: 0.054466214 [MSELoss(): t(0,0)_r(0,0)_combi_pTrue_gTrue]
	 Logging test loss: 0.0544063486 [MSELoss(): t(0,0)_r(0,0)_tennis_pTrue_gTrue]
	 Logging test loss: 0.0482593551 [MSELoss(): t(0,0)_r(0,0)_semi_pTrue_gTrue]
	 Logging test loss: 8.94361e-05 [MSELoss(): t(0,0)_r(0,0)_full_pTrue_gTrue]
		--> Epoch time; 29.27765202522278
Saved model in  trained_models/gru/data_t(0,0)_r(0,0)_combi_pTrue_gTrue/'quat'_'False'.pth
It took  457.8892774581909  seconds.
----- ITERATION 10/10 ------
Number of train simulations:  1920
Number of test simulations:  480
The dataloader for data/data_t(0,0)_r(0,0)_combi_pTrue_gTrue took 76.1668152809143 seconds.
-- Finished Train Dataloader --
The dataloader for data/data_t(0,0)_r(0,0)_combi_pTrue_gTrue took 19.130160093307495 seconds.
The dataloader for data/data_t(0,0)_r(0,0)_tennis_pTrue_gTrue took 19.393750429153442 seconds.
The dataloader for data/data_t(0,0)_r(0,0)_semi_pTrue_gTrue took 19.41413712501526 seconds.
The dataloader for data/data_t(0,0)_r(0,0)_full_pTrue_gTrue took 19.415817737579346 seconds.
-- Finished Test Dataloader(s) --
GRU(
  (rnn): GRU(7, 96, batch_first=True)
  (fc): Linear(in_features=96, out_features=7, bias=True)
)
Datatype: quat
-- Started Training --
Epoch 0/9
	 Logging train Loss: 0.1178100705 [MSELoss(): t(0,0)_r(0,0)_combi_pTrue_gTrue]
	 Logging test loss: 0.0032182625 [MSELoss(): t(0,0)_r(0,0)_combi_pTrue_gTrue]
wandb: Waiting for W&B process to finish... (success).
wandb: 
wandb: Run history:
wandb:                                      Epoch â–â–‚â–ƒâ–ƒâ–„â–…â–†â–†â–‡â–ˆ
wandb:  Test loss t(0,0)_r(0,0)_combi_pTrue_gTrue â–ˆâ–†â–„â–†â–‡â–‚â–‚â–‡â–â–†
wandb:   Test loss t(0,0)_r(0,0)_full_pTrue_gTrue â–ˆâ–„â–ƒâ–‚â–‚â–‚â–‚â–‚â–â–
wandb:   Test loss t(0,0)_r(0,0)_semi_pTrue_gTrue â–ˆâ–†â–ƒâ–ƒâ–‚â–â–â–‚â–â–
wandb: Test loss t(0,0)_r(0,0)_tennis_pTrue_gTrue â–ˆâ–…â–„â–ƒâ–‚â–‚â–‚â–â–â–
wandb:                                 Train loss â–ˆâ–‚â–â–â–â–â–â–â–â–
wandb: 
wandb: Run summary:
wandb:                                      Epoch 9
wandb:  Test loss t(0,0)_r(0,0)_combi_pTrue_gTrue 0.00248
wandb:   Test loss t(0,0)_r(0,0)_full_pTrue_gTrue 9e-05
wandb:   Test loss t(0,0)_r(0,0)_semi_pTrue_gTrue 0.00592
wandb: Test loss t(0,0)_r(0,0)_tennis_pTrue_gTrue 0.01847
wandb:                                 Train loss 0.00131
wandb: 
wandb: ðŸš€ View run frosty-paper-1232 at: https://wandb.ai/nreints/ThesisFinal2/runs/h0js1dyw
wandb: Synced 6 W&B file(s), 0 media file(s), 3 artifact file(s) and 1 other file(s)
wandb: Find logs at: ./wandb/run-20230710_002625-h0js1dyw/logs
	 Logging test loss: 0.0782866105 [MSELoss(): t(0,0)_r(0,0)_tennis_pTrue_gTrue]
	 Logging test loss: 0.0572462603 [MSELoss(): t(0,0)_r(0,0)_semi_pTrue_gTrue]
	 Logging test loss: 0.0007056785 [MSELoss(): t(0,0)_r(0,0)_full_pTrue_gTrue]
		--> Epoch time; 29.086284160614014
Epoch 1/9
	 Logging train Loss: 0.0104519324 [MSELoss(): t(0,0)_r(0,0)_combi_pTrue_gTrue]
	 Logging test loss: 0.0022361912 [MSELoss(): t(0,0)_r(0,0)_combi_pTrue_gTrue]
	 Logging test loss: 0.0521067418 [MSELoss(): t(0,0)_r(0,0)_tennis_pTrue_gTrue]
	 Logging test loss: 0.0392863229 [MSELoss(): t(0,0)_r(0,0)_semi_pTrue_gTrue]
	 Logging test loss: 0.000383451 [MSELoss(): t(0,0)_r(0,0)_full_pTrue_gTrue]
		--> Epoch time; 29.417407512664795
Epoch 2/9
	 Logging train Loss: 0.0053718705 [MSELoss(): t(0,0)_r(0,0)_combi_pTrue_gTrue]
	 Logging test loss: 0.0016427494 [MSELoss(): t(0,0)_r(0,0)_combi_pTrue_gTrue]
	 Logging test loss: 0.0406778865 [MSELoss(): t(0,0)_r(0,0)_tennis_pTrue_gTrue]
	 Logging test loss: 0.0236192718 [MSELoss(): t(0,0)_r(0,0)_semi_pTrue_gTrue]
	 Logging test loss: 0.0002430883 [MSELoss(): t(0,0)_r(0,0)_full_pTrue_gTrue]
		--> Epoch time; 29.372936725616455
Epoch 3/9
	 Logging train Loss: 0.0032654591 [MSELoss(): t(0,0)_r(0,0)_combi_pTrue_gTrue]
	 Logging test loss: 0.0025006828 [MSELoss(): t(0,0)_r(0,0)_combi_pTrue_gTrue]
	 Logging test loss: 0.0368890315 [MSELoss(): t(0,0)_r(0,0)_tennis_pTrue_gTrue]
	 Logging test loss: 0.0230505522 [MSELoss(): t(0,0)_r(0,0)_semi_pTrue_gTrue]
	 Logging test loss: 0.0002024825 [MSELoss(): t(0,0)_r(0,0)_full_pTrue_gTrue]
		--> Epoch time; 29.06037425994873
Epoch 4/9
	 Logging train Loss: 0.0024938029 [MSELoss(): t(0,0)_r(0,0)_combi_pTrue_gTrue]
	 Logging test loss: 0.0026378764 [MSELoss(): t(0,0)_r(0,0)_combi_pTrue_gTrue]
	 Logging test loss: 0.0298386794 [MSELoss(): t(0,0)_r(0,0)_tennis_pTrue_gTrue]
	 Logging test loss: 0.0149516333 [MSELoss(): t(0,0)_r(0,0)_semi_pTrue_gTrue]
	 Logging test loss: 0.0001829281 [MSELoss(): t(0,0)_r(0,0)_full_pTrue_gTrue]
		--> Epoch time; 29.2594211101532
Epoch 5/9
	 Logging train Loss: 0.0023641563 [MSELoss(): t(0,0)_r(0,0)_combi_pTrue_gTrue]
	 Logging test loss: 0.0006470182 [MSELoss(): t(0,0)_r(0,0)_combi_pTrue_gTrue]
	 Logging test loss: 0.0278985184 [MSELoss(): t(0,0)_r(0,0)_tennis_pTrue_gTrue]
	 Logging test loss: 0.0065882951 [MSELoss(): t(0,0)_r(0,0)_semi_pTrue_gTrue]
	 Logging test loss: 0.0001473478 [MSELoss(): t(0,0)_r(0,0)_full_pTrue_gTrue]
		--> Epoch time; 29.331680297851562
Epoch 6/9
	 Logging train Loss: 0.0016491396 [MSELoss(): t(0,0)_r(0,0)_combi_pTrue_gTrue]
	 Logging test loss: 0.0007845074 [MSELoss(): t(0,0)_r(0,0)_combi_pTrue_gTrue]
	 Logging test loss: 0.0264957752 [MSELoss(): t(0,0)_r(0,0)_tennis_pTrue_gTrue]
	 Logging test loss: 0.0063736392 [MSELoss(): t(0,0)_r(0,0)_semi_pTrue_gTrue]
	 Logging test loss: 0.0001525107 [MSELoss(): t(0,0)_r(0,0)_full_pTrue_gTrue]
		--> Epoch time; 29.429455041885376
Epoch 7/9
	 Logging train Loss: 0.0018404759 [MSELoss(): t(0,0)_r(0,0)_combi_pTrue_gTrue]
	 Logging test loss: 0.0028225039 [MSELoss(): t(0,0)_r(0,0)_combi_pTrue_gTrue]
	 Logging test loss: 0.0206851177 [MSELoss(): t(0,0)_r(0,0)_tennis_pTrue_gTrue]
	 Logging test loss: 0.0141227031 [MSELoss(): t(0,0)_r(0,0)_semi_pTrue_gTrue]
	 Logging test loss: 0.0001802586 [MSELoss(): t(0,0)_r(0,0)_full_pTrue_gTrue]
		--> Epoch time; 29.20399832725525
Epoch 8/9
	 Logging train Loss: 0.0013537633 [MSELoss(): t(0,0)_r(0,0)_combi_pTrue_gTrue]
	 Logging test loss: 0.0003458525 [MSELoss(): t(0,0)_r(0,0)_combi_pTrue_gTrue]
	 Logging test loss: 0.0184016172 [MSELoss(): t(0,0)_r(0,0)_tennis_pTrue_gTrue]
	 Logging test loss: 0.005234946 [MSELoss(): t(0,0)_r(0,0)_semi_pTrue_gTrue]
	 Logging test loss: 0.0001112213 [MSELoss(): t(0,0)_r(0,0)_full_pTrue_gTrue]
		--> Epoch time; 29.26374125480652
Epoch 9/9
	 Logging train Loss: 0.0013092656 [MSELoss(): t(0,0)_r(0,0)_combi_pTrue_gTrue]
	 Logging test loss: 0.0024838764 [MSELoss(): t(0,0)_r(0,0)_combi_pTrue_gTrue]
	 Logging test loss: 0.0184708592 [MSELoss(): t(0,0)_r(0,0)_tennis_pTrue_gTrue]
	 Logging test loss: 0.0059208609 [MSELoss(): t(0,0)_r(0,0)_semi_pTrue_gTrue]
	 Logging test loss: 9.32838e-05 [MSELoss(): t(0,0)_r(0,0)_full_pTrue_gTrue]
		--> Epoch time; 29.311976671218872
Saved model in  trained_models/gru/data_t(0,0)_r(0,0)_combi_pTrue_gTrue/'quat'_'False'.pth
It took  457.940345287323  seconds.

JOB STATISTICS
==============
Job ID: 3039252
Array Job ID: 3039249_27
Cluster: snellius
User/Group: nreints/nreints
State: COMPLETED (exit code 0)
Nodes: 1
Cores per node: 18
CPU Utilized: 01:23:28
CPU Efficiency: 6.00% of 23:11:24 core-walltime
Job Wall-clock time: 01:17:18
Memory Utilized: 7.98 GB
Memory Efficiency: 0.00% of 0.00 MB
