wandb: Currently logged in as: nreints. Use `wandb login --relogin` to force relogin
wandb: wandb version 0.15.5 is available!  To upgrade, please run:
wandb:  $ pip install wandb --upgrade
wandb: Tracking run with wandb version 0.14.0
wandb: Run data is saved locally in /gpfs/home2/nreints/MScThesis/code/wandb/run-20230716_125112-pww2ub28
wandb: Run `wandb offline` to turn off syncing.
wandb: Syncing run dazzling-morning-9
wandb: ⭐️ View project at https://wandb.ai/nreints/ThesisFinal2Grav%2Bcoll
wandb: 🚀 View run at https://wandb.ai/nreints/ThesisFinal2Grav%2Bcoll/runs/pww2ub28
wandb: Waiting for W&B process to finish... (success).
wandb: ERROR Error while calling W&B API: An internal error occurred. Please contact support. (<Response [500]>)
wandb: 
wandb: Run history:
wandb:                                      Epoch ▁▂▃▃▄▅▆▆▇█
wandb:  Test loss t(0,0)_r(0,0)_combi_pTrue_gTrue ▄▄▃▂▁▁▁▁▁█
wandb:   Test loss t(0,0)_r(0,0)_full_pTrue_gTrue ▆▃▃▂▁▁▁▁▁█
wandb:   Test loss t(0,0)_r(0,0)_semi_pTrue_gTrue ▄▃▂▂▁▁▁▁▁█
wandb: Test loss t(0,0)_r(0,0)_tennis_pTrue_gTrue ▅▄▃▂▁▁▁▁▁█
wandb:                                 Train loss █▁▁▁▁▁▁▁▁▁
wandb: 
wandb: Run summary:
wandb:                                      Epoch 9
wandb:  Test loss t(0,0)_r(0,0)_combi_pTrue_gTrue 3e-05
wandb:   Test loss t(0,0)_r(0,0)_full_pTrue_gTrue 0.0
wandb:   Test loss t(0,0)_r(0,0)_semi_pTrue_gTrue 5e-05
wandb: Test loss t(0,0)_r(0,0)_tennis_pTrue_gTrue 6e-05
wandb:                                 Train loss 1e-05
wandb: 
wandb: 🚀 View run dazzling-morning-9 at: https://wandb.ai/nreints/ThesisFinal2Grav%2Bcoll/runs/pww2ub28
wandb: Synced 6 W&B file(s), 0 media file(s), 3 artifact file(s) and 1 other file(s)
wandb: Find logs at: ./wandb/run-20230716_125112-pww2ub28/logs
wandb: - Waiting for wandb.init()...wandb: \ Waiting for wandb.init()...wandb: wandb version 0.15.5 is available!  To upgrade, please run:
wandb:  $ pip install wandb --upgrade
wandb: Tracking run with wandb version 0.14.0
wandb: Run data is saved locally in /gpfs/home2/nreints/MScThesis/code/wandb/run-20230716_125816-j14hi0jj
wandb: Run `wandb offline` to turn off syncing.
wandb: Syncing run dulcet-night-46
wandb: ⭐️ View project at https://wandb.ai/nreints/ThesisFinal2Grav%2Bcoll
wandb: 🚀 View run at https://wandb.ai/nreints/ThesisFinal2Grav%2Bcoll/runs/j14hi0jj
Training on dataset: data_t(0,0)_r(0,0)_combi_pTrue_gTrue
Testing on 4 datasets: ['data_t(0,0)_r(0,0)_combi_pTrue_gTrue', 'data_t(0,0)_r(0,0)_full_pTrue_gTrue', 'data_t(0,0)_r(0,0)_tennis_pTrue_gTrue', 'data_t(0,0)_r(0,0)_semi_pTrue_gTrue']
Focussing on identity: False
Using extra input: False
Using fr-fr as reference point.
----- ITERATION 1/10 ------
Number of train simulations:  1920
Number of test simulations:  480
The dataloader for data/data_t(0,0)_r(0,0)_combi_pTrue_gTrue took 50.7948260307312 seconds.
-- Finished Train Dataloader --
The dataloader for data/data_t(0,0)_r(0,0)_combi_pTrue_gTrue took 13.153218030929565 seconds.
The dataloader for data/data_t(0,0)_r(0,0)_full_pTrue_gTrue took 12.724467992782593 seconds.
The dataloader for data/data_t(0,0)_r(0,0)_tennis_pTrue_gTrue took 12.716612577438354 seconds.
The dataloader for data/data_t(0,0)_r(0,0)_semi_pTrue_gTrue took 12.117915391921997 seconds.
-- Finished Test Dataloader(s) --
GRU(
  (rnn): GRU(7, 96, batch_first=True)
  (fc): Linear(in_features=96, out_features=7, bias=True)
)
Datatype: quat_1
-- Started Training --
Epoch 0/9
	 Logging train Loss: 0.0194480289 [MSELoss(): t(0,0)_r(0,0)_combi_pTrue_gTrue]
	 Logging test loss: 1.40917e-05 [MSELoss(): t(0,0)_r(0,0)_combi_pTrue_gTrue]
	 Logging test loss: 1.5091e-06 [MSELoss(): t(0,0)_r(0,0)_full_pTrue_gTrue]
	 Logging test loss: 3.5193e-05 [MSELoss(): t(0,0)_r(0,0)_tennis_pTrue_gTrue]
	 Logging test loss: 2.26179e-05 [MSELoss(): t(0,0)_r(0,0)_semi_pTrue_gTrue]
		--> Epoch time; 31.229128122329712
Epoch 1/9
	 Logging train Loss: 1.29973e-05 [MSELoss(): t(0,0)_r(0,0)_combi_pTrue_gTrue]
	 Logging test loss: 1.06226e-05 [MSELoss(): t(0,0)_r(0,0)_combi_pTrue_gTrue]
	 Logging test loss: 7.164e-07 [MSELoss(): t(0,0)_r(0,0)_full_pTrue_gTrue]
	 Logging test loss: 2.66635e-05 [MSELoss(): t(0,0)_r(0,0)_tennis_pTrue_gTrue]
	 Logging test loss: 1.72417e-05 [MSELoss(): t(0,0)_r(0,0)_semi_pTrue_gTrue]
		--> Epoch time; 30.306064128875732
Epoch 2/9
	 Logging train Loss: 9.3166e-06 [MSELoss(): t(0,0)_r(0,0)_combi_pTrue_gTrue]
	 Logging test loss: 6.6191e-06 [MSELoss(): t(0,0)_r(0,0)_combi_pTrue_gTrue]
	 Logging test loss: 6.351e-07 [MSELoss(): t(0,0)_r(0,0)_full_pTrue_gTrue]
	 Logging test loss: 1.68342e-05 [MSELoss(): t(0,0)_r(0,0)_tennis_pTrue_gTrue]
	 Logging test loss: 1.04297e-05 [MSELoss(): t(0,0)_r(0,0)_semi_pTrue_gTrue]
		--> Epoch time; 30.35482931137085
Epoch 3/9
	 Logging train Loss: 4.8756e-06 [MSELoss(): t(0,0)_r(0,0)_combi_pTrue_gTrue]
	 Logging test loss: 2.5154e-06 [MSELoss(): t(0,0)_r(0,0)_combi_pTrue_gTrue]
	 Logging test loss: 2.074e-07 [MSELoss(): t(0,0)_r(0,0)_full_pTrue_gTrue]
	 Logging test loss: 6.3807e-06 [MSELoss(): t(0,0)_r(0,0)_tennis_pTrue_gTrue]
	 Logging test loss: 3.9371e-06 [MSELoss(): t(0,0)_r(0,0)_semi_pTrue_gTrue]
		--> Epoch time; 30.043244123458862
Epoch 4/9
	 Logging train Loss: 2.1495e-06 [MSELoss(): t(0,0)_r(0,0)_combi_pTrue_gTrue]
	 Logging test loss: 1.0845e-06 [MSELoss(): t(0,0)_r(0,0)_combi_pTrue_gTrue]
	 Logging test loss: 1.15e-07 [MSELoss(): t(0,0)_r(0,0)_full_pTrue_gTrue]
	 Logging test loss: 2.6902e-06 [MSELoss(): t(0,0)_r(0,0)_tennis_pTrue_gTrue]
	 Logging test loss: 1.6286e-06 [MSELoss(): t(0,0)_r(0,0)_semi_pTrue_gTrue]
		--> Epoch time; 30.342092514038086
Epoch 5/9
	 Logging train Loss: 5.6597e-06 [MSELoss(): t(0,0)_r(0,0)_combi_pTrue_gTrue]
	 Logging test loss: 6.875e-07 [MSELoss(): t(0,0)_r(0,0)_combi_pTrue_gTrue]
	 Logging test loss: 9.25e-08 [MSELoss(): t(0,0)_r(0,0)_full_pTrue_gTrue]
	 Logging test loss: 1.6332e-06 [MSELoss(): t(0,0)_r(0,0)_tennis_pTrue_gTrue]
	 Logging test loss: 1.0503e-06 [MSELoss(): t(0,0)_r(0,0)_semi_pTrue_gTrue]
		--> Epoch time; 30.493375539779663
Epoch 6/9
	 Logging train Loss: 5.6807e-06 [MSELoss(): t(0,0)_r(0,0)_combi_pTrue_gTrue]
	 Logging test loss: 1.3993e-06 [MSELoss(): t(0,0)_r(0,0)_combi_pTrue_gTrue]
	 Logging test loss: 1.506e-07 [MSELoss(): t(0,0)_r(0,0)_full_pTrue_gTrue]
	 Logging test loss: 2.9173e-06 [MSELoss(): t(0,0)_r(0,0)_tennis_pTrue_gTrue]
	 Logging test loss: 2.2644e-06 [MSELoss(): t(0,0)_r(0,0)_semi_pTrue_gTrue]
		--> Epoch time; 30.162304162979126
Epoch 7/9
	 Logging train Loss: 8.2341e-06 [MSELoss(): t(0,0)_r(0,0)_combi_pTrue_gTrue]
	 Logging test loss: 1.1262e-06 [MSELoss(): t(0,0)_r(0,0)_combi_pTrue_gTrue]
	 Logging test loss: 1.063e-07 [MSELoss(): t(0,0)_r(0,0)_full_pTrue_gTrue]
	 Logging test loss: 2.3738e-06 [MSELoss(): t(0,0)_r(0,0)_tennis_pTrue_gTrue]
	 Logging test loss: 1.8567e-06 [MSELoss(): t(0,0)_r(0,0)_semi_pTrue_gTrue]
		--> Epoch time; 30.196914672851562
Epoch 8/9
	 Logging train Loss: 1.38203e-05 [MSELoss(): t(0,0)_r(0,0)_combi_pTrue_gTrue]
	 Logging test loss: 3.305e-07 [MSELoss(): t(0,0)_r(0,0)_combi_pTrue_gTrue]
	 Logging test loss: 3.33e-08 [MSELoss(): t(0,0)_r(0,0)_full_pTrue_gTrue]
	 Logging test loss: 7.948e-07 [MSELoss(): t(0,0)_r(0,0)_tennis_pTrue_gTrue]
	 Logging test loss: 5.238e-07 [MSELoss(): t(0,0)_r(0,0)_semi_pTrue_gTrue]
		--> Epoch time; 30.293280601501465
Epoch 9/9
	 Logging train Loss: 6.3823e-06 [MSELoss(): t(0,0)_r(0,0)_combi_pTrue_gTrue]
	 Logging test loss: 2.80487e-05 [MSELoss(): t(0,0)_r(0,0)_combi_pTrue_gTrue]
	 Logging test loss: 1.9651e-06 [MSELoss(): t(0,0)_r(0,0)_full_pTrue_gTrue]
	 Logging test loss: 5.54998e-05 [MSELoss(): t(0,0)_r(0,0)_tennis_pTrue_gTrue]
	 Logging test loss: 4.78398e-05 [MSELoss(): t(0,0)_r(0,0)_semi_pTrue_gTrue]
		--> Epoch time; 30.376556158065796
Saved model in  trained_models/gru/data_t(0,0)_r(0,0)_combi_pTrue_gTrue/'quat_1'_'False'.pth
It took  424.99474692344666  seconds.
----- ITERATION 2/10 ------
Number of train simulations:  1920
Number of test simulations:  480
The dataloader for data/data_t(0,0)_r(0,0)_combi_pTrue_gTrue took 48.30008244514465 seconds.
-- Finished Train Dataloader --
The dataloader for data/data_t(0,0)_r(0,0)_combi_pTrue_gTrue took 12.082251071929932 seconds.
The dataloader for data/data_t(0,0)_r(0,0)_full_pTrue_gTrue took 12.070712327957153 seconds.
The dataloader for data/data_t(0,0)_r(0,0)_tennis_pTrue_gTrue took 12.656913995742798 seconds.
The dataloader for data/data_t(0,0)_r(0,0)_semi_pTrue_gTrue took 12.03453254699707 seconds.
-- Finished Test Dataloader(s) --
GRU(
  (rnn): GRU(7, 96, batch_first=True)
  (fc): Linear(in_features=96, out_features=7, bias=True)
)
Datatype: quat_1
-- Started Training --
Epoch 0/9
	 Logging train Loss: 0.0056072627 [MSELoss(): t(0,0)_r(0,0)_combi_pTrue_gTrue]
	 Logging test loss: 1.47592e-05 [MSELoss(): t(0,0)_r(0,0)_combi_pTrue_gTrue]
	 Logging test loss: 2.0988e-06 [MSELoss(): t(0,0)_r(0,0)_full_pTrue_gTrue]
	 Logging test loss: 3.86517e-05 [MSELoss(): t(0,0)_r(0,0)_tennis_pTrue_gTrue]
	 Logging test loss: 2.59754e-05 [MSELoss(): t(0,0)_r(0,0)_semi_pTrue_gTrue]
		--> Epoch time; 30.791040658950806
Epoch 1/9
	 Logging train Loss: 1.22218e-05 [MSELoss(): t(0,0)_r(0,0)_combi_pTrue_gTrue]
	 Logging test loss: 9.9778e-06 [MSELoss(): t(0,0)_r(0,0)_combi_pTrue_gTrue]
	 Logging test loss: 7.809e-07 [MSELoss(): t(0,0)_r(0,0)_full_pTrue_gTrue]
	 Logging test loss: 2.776e-05 [MSELoss(): t(0,0)_r(0,0)_tennis_pTrue_gTrue]
	 Logging test loss: 1.81087e-05 [MSELoss(): t(0,0)_r(0,0)_semi_pTrue_gTrue]
		--> Epoch time; 30.882670402526855
Epoch 2/9
	 Logging train Loss: 7.9269e-06 [MSELoss(): t(0,0)_r(0,0)_combi_pTrue_gTrue]
	 Logging test loss: 5.3928e-06 [MSELoss(): t(0,0)_r(0,0)_combi_pTrue_gTrue]
	 Logging test loss: 3.293e-07 [MSELoss(): t(0,0)_r(0,0)_full_pTrue_gTrue]
	 Logging test loss: 1.50524e-05 [MSELoss(): t(0,0)_r(0,0)_tennis_pTrue_gTrue]
	 Logging test loss: 9.9346e-06 [MSELoss(): t(0,0)_r(0,0)_semi_pTrue_gTrue]
		--> Epoch time; 30.575779914855957
Epoch 3/9
	 Logging train Loss: 3.3208e-06 [MSELoss(): t(0,0)_r(0,0)_combi_pTrue_gTrue]
	 Logging test loss: 1.4156e-06 [MSELoss(): t(0,0)_r(0,0)_combi_pTrue_gTrue]
	 Logging test loss: 1.174e-07 [MSELoss(): t(0,0)_r(0,0)_full_pTrue_gTrue]
	 Logging test loss: 3.9046e-06 [MSELoss(): t(0,0)_r(0,0)_tennis_pTrue_gTrue]
	 Logging test loss: 2.6665e-06 [MSELoss(): t(0,0)_r(0,0)_semi_pTrue_gTrue]
		--> Epoch time; 30.61681294441223
Epoch 4/9
	 Logging train Loss: 2.0541e-06 [MSELoss(): t(0,0)_r(0,0)_combi_pTrue_gTrue]
wandb: Waiting for W&B process to finish... (success).
wandb: 
wandb: Run history:
wandb:                                      Epoch ▁▂▃▃▄▅▆▆▇█
wandb:  Test loss t(0,0)_r(0,0)_combi_pTrue_gTrue █▆▃▂▁▁▁▂▁▁
wandb:   Test loss t(0,0)_r(0,0)_full_pTrue_gTrue █▄▂▁▁▁▁▁▁▁
wandb:   Test loss t(0,0)_r(0,0)_semi_pTrue_gTrue █▆▄▂▁▁▁▂▁▁
wandb: Test loss t(0,0)_r(0,0)_tennis_pTrue_gTrue █▆▄▂▁▁▁▂▁▁
wandb:                                 Train loss █▁▁▁▁▁▁▁▁▁
wandb: 
wandb: Run summary:
wandb:                                      Epoch 9
wandb:  Test loss t(0,0)_r(0,0)_combi_pTrue_gTrue 0.0
wandb:   Test loss t(0,0)_r(0,0)_full_pTrue_gTrue 0.0
wandb:   Test loss t(0,0)_r(0,0)_semi_pTrue_gTrue 0.0
wandb: Test loss t(0,0)_r(0,0)_tennis_pTrue_gTrue 0.0
wandb:                                 Train loss 1e-05
wandb: 
wandb: 🚀 View run dulcet-night-46 at: https://wandb.ai/nreints/ThesisFinal2Grav%2Bcoll/runs/j14hi0jj
wandb: Synced 7 W&B file(s), 0 media file(s), 4 artifact file(s) and 1 other file(s)
wandb: Find logs at: ./wandb/run-20230716_125816-j14hi0jj/logs
wandb: - Waiting for wandb.init()...wandb: \ Waiting for wandb.init()...wandb: wandb version 0.15.5 is available!  To upgrade, please run:
wandb:  $ pip install wandb --upgrade
wandb: Tracking run with wandb version 0.14.0
wandb: Run data is saved locally in /gpfs/home2/nreints/MScThesis/code/wandb/run-20230716_130512-4kdw93xa
wandb: Run `wandb offline` to turn off syncing.
wandb: Syncing run feasible-haze-84
wandb: ⭐️ View project at https://wandb.ai/nreints/ThesisFinal2Grav%2Bcoll
wandb: 🚀 View run at https://wandb.ai/nreints/ThesisFinal2Grav%2Bcoll/runs/4kdw93xa
wandb: Waiting for W&B process to finish... (success).
wandb: 
wandb: Run history:
wandb:                                      Epoch ▁▂▃▃▄▅▆▆▇█
wandb:  Test loss t(0,0)_r(0,0)_combi_pTrue_gTrue ▂▂▂▁▅█▂▁▁▁
wandb:   Test loss t(0,0)_r(0,0)_full_pTrue_gTrue ▃▂▂▁▄█▂▁▁▁
wandb:   Test loss t(0,0)_r(0,0)_semi_pTrue_gTrue ▂▂▁▁▅█▂▁▁▁
wandb: Test loss t(0,0)_r(0,0)_tennis_pTrue_gTrue ▃▂▂▁▅█▂▁▁▁
wandb:                                 Train loss █▁▁▁▁▁▁▁▁▁
wandb: 
wandb: Run summary:
wandb:                                      Epoch 9
wandb:  Test loss t(0,0)_r(0,0)_combi_pTrue_gTrue 0.0
wandb:   Test loss t(0,0)_r(0,0)_full_pTrue_gTrue 0.0
wandb:   Test loss t(0,0)_r(0,0)_semi_pTrue_gTrue 0.0
wandb: Test loss t(0,0)_r(0,0)_tennis_pTrue_gTrue 0.0
wandb:                                 Train loss 1e-05
wandb: 
wandb: 🚀 View run feasible-haze-84 at: https://wandb.ai/nreints/ThesisFinal2Grav%2Bcoll/runs/4kdw93xa
wandb: Synced 7 W&B file(s), 0 media file(s), 4 artifact file(s) and 1 other file(s)
wandb: Find logs at: ./wandb/run-20230716_130512-4kdw93xa/logs
wandb: - Waiting for wandb.init()...wandb: \ Waiting for wandb.init()...wandb: wandb version 0.15.5 is available!  To upgrade, please run:
wandb:  $ pip install wandb --upgrade
wandb: Tracking run with wandb version 0.14.0
wandb: Run data is saved locally in /gpfs/home2/nreints/MScThesis/code/wandb/run-20230716_131207-ub3k837e
wandb: Run `wandb offline` to turn off syncing.
wandb: Syncing run stellar-grass-115
wandb: ⭐️ View project at https://wandb.ai/nreints/ThesisFinal2Grav%2Bcoll
wandb: 🚀 View run at https://wandb.ai/nreints/ThesisFinal2Grav%2Bcoll/runs/ub3k837e
	 Logging test loss: 6.408e-07 [MSELoss(): t(0,0)_r(0,0)_combi_pTrue_gTrue]
	 Logging test loss: 8.09e-08 [MSELoss(): t(0,0)_r(0,0)_full_pTrue_gTrue]
	 Logging test loss: 1.6542e-06 [MSELoss(): t(0,0)_r(0,0)_tennis_pTrue_gTrue]
	 Logging test loss: 1.1788e-06 [MSELoss(): t(0,0)_r(0,0)_semi_pTrue_gTrue]
		--> Epoch time; 30.414339542388916
Epoch 5/9
	 Logging train Loss: 1.30002e-05 [MSELoss(): t(0,0)_r(0,0)_combi_pTrue_gTrue]
	 Logging test loss: 5.08e-07 [MSELoss(): t(0,0)_r(0,0)_combi_pTrue_gTrue]
	 Logging test loss: 7.9e-08 [MSELoss(): t(0,0)_r(0,0)_full_pTrue_gTrue]
	 Logging test loss: 1.2943e-06 [MSELoss(): t(0,0)_r(0,0)_tennis_pTrue_gTrue]
	 Logging test loss: 9.074e-07 [MSELoss(): t(0,0)_r(0,0)_semi_pTrue_gTrue]
		--> Epoch time; 30.735702991485596
Epoch 6/9
	 Logging train Loss: 1.39823e-05 [MSELoss(): t(0,0)_r(0,0)_combi_pTrue_gTrue]
	 Logging test loss: 7.853e-07 [MSELoss(): t(0,0)_r(0,0)_combi_pTrue_gTrue]
	 Logging test loss: 7.5e-08 [MSELoss(): t(0,0)_r(0,0)_full_pTrue_gTrue]
	 Logging test loss: 1.9224e-06 [MSELoss(): t(0,0)_r(0,0)_tennis_pTrue_gTrue]
	 Logging test loss: 1.4495e-06 [MSELoss(): t(0,0)_r(0,0)_semi_pTrue_gTrue]
		--> Epoch time; 30.49375033378601
Epoch 7/9
	 Logging train Loss: 1.11252e-05 [MSELoss(): t(0,0)_r(0,0)_combi_pTrue_gTrue]
	 Logging test loss: 2.0689e-06 [MSELoss(): t(0,0)_r(0,0)_combi_pTrue_gTrue]
	 Logging test loss: 1.531e-07 [MSELoss(): t(0,0)_r(0,0)_full_pTrue_gTrue]
	 Logging test loss: 4.6736e-06 [MSELoss(): t(0,0)_r(0,0)_tennis_pTrue_gTrue]
	 Logging test loss: 3.9181e-06 [MSELoss(): t(0,0)_r(0,0)_semi_pTrue_gTrue]
		--> Epoch time; 30.581018209457397
Epoch 8/9
	 Logging train Loss: 1.17237e-05 [MSELoss(): t(0,0)_r(0,0)_combi_pTrue_gTrue]
	 Logging test loss: 3.267e-07 [MSELoss(): t(0,0)_r(0,0)_combi_pTrue_gTrue]
	 Logging test loss: 3.31e-08 [MSELoss(): t(0,0)_r(0,0)_full_pTrue_gTrue]
	 Logging test loss: 8.753e-07 [MSELoss(): t(0,0)_r(0,0)_tennis_pTrue_gTrue]
	 Logging test loss: 5.903e-07 [MSELoss(): t(0,0)_r(0,0)_semi_pTrue_gTrue]
		--> Epoch time; 30.581839561462402
Epoch 9/9
	 Logging train Loss: 7.1478e-06 [MSELoss(): t(0,0)_r(0,0)_combi_pTrue_gTrue]
	 Logging test loss: 2.984e-07 [MSELoss(): t(0,0)_r(0,0)_combi_pTrue_gTrue]
	 Logging test loss: 2.86e-08 [MSELoss(): t(0,0)_r(0,0)_full_pTrue_gTrue]
	 Logging test loss: 7.867e-07 [MSELoss(): t(0,0)_r(0,0)_tennis_pTrue_gTrue]
	 Logging test loss: 5.449e-07 [MSELoss(): t(0,0)_r(0,0)_semi_pTrue_gTrue]
		--> Epoch time; 30.561968564987183
Saved model in  trained_models/gru/data_t(0,0)_r(0,0)_combi_pTrue_gTrue/'quat_1'_'False'.pth
It took  415.8984441757202  seconds.
----- ITERATION 3/10 ------
Number of train simulations:  1920
Number of test simulations:  480
The dataloader for data/data_t(0,0)_r(0,0)_combi_pTrue_gTrue took 48.165504693984985 seconds.
-- Finished Train Dataloader --
The dataloader for data/data_t(0,0)_r(0,0)_combi_pTrue_gTrue took 12.001979112625122 seconds.
The dataloader for data/data_t(0,0)_r(0,0)_full_pTrue_gTrue took 12.069042205810547 seconds.
The dataloader for data/data_t(0,0)_r(0,0)_tennis_pTrue_gTrue took 12.43296194076538 seconds.
The dataloader for data/data_t(0,0)_r(0,0)_semi_pTrue_gTrue took 12.012666702270508 seconds.
-- Finished Test Dataloader(s) --
GRU(
  (rnn): GRU(7, 96, batch_first=True)
  (fc): Linear(in_features=96, out_features=7, bias=True)
)
Datatype: quat_1
-- Started Training --
Epoch 0/9
	 Logging train Loss: 0.0185206011 [MSELoss(): t(0,0)_r(0,0)_combi_pTrue_gTrue]
	 Logging test loss: 1.68552e-05 [MSELoss(): t(0,0)_r(0,0)_combi_pTrue_gTrue]
	 Logging test loss: 1.514e-06 [MSELoss(): t(0,0)_r(0,0)_full_pTrue_gTrue]
	 Logging test loss: 4.07987e-05 [MSELoss(): t(0,0)_r(0,0)_tennis_pTrue_gTrue]
	 Logging test loss: 2.30255e-05 [MSELoss(): t(0,0)_r(0,0)_semi_pTrue_gTrue]
		--> Epoch time; 30.559253454208374
Epoch 1/9
	 Logging train Loss: 1.21895e-05 [MSELoss(): t(0,0)_r(0,0)_combi_pTrue_gTrue]
	 Logging test loss: 1.29596e-05 [MSELoss(): t(0,0)_r(0,0)_combi_pTrue_gTrue]
	 Logging test loss: 8.195e-07 [MSELoss(): t(0,0)_r(0,0)_full_pTrue_gTrue]
	 Logging test loss: 3.23812e-05 [MSELoss(): t(0,0)_r(0,0)_tennis_pTrue_gTrue]
	 Logging test loss: 1.75286e-05 [MSELoss(): t(0,0)_r(0,0)_semi_pTrue_gTrue]
		--> Epoch time; 30.828983068466187
Epoch 2/9
	 Logging train Loss: 9.4034e-06 [MSELoss(): t(0,0)_r(0,0)_combi_pTrue_gTrue]
	 Logging test loss: 9.4668e-06 [MSELoss(): t(0,0)_r(0,0)_combi_pTrue_gTrue]
	 Logging test loss: 5.408e-07 [MSELoss(): t(0,0)_r(0,0)_full_pTrue_gTrue]
	 Logging test loss: 2.36789e-05 [MSELoss(): t(0,0)_r(0,0)_tennis_pTrue_gTrue]
	 Logging test loss: 1.27759e-05 [MSELoss(): t(0,0)_r(0,0)_semi_pTrue_gTrue]
		--> Epoch time; 30.574305295944214
Epoch 3/9
	 Logging train Loss: 6.0656e-06 [MSELoss(): t(0,0)_r(0,0)_combi_pTrue_gTrue]
	 Logging test loss: 5.0804e-06 [MSELoss(): t(0,0)_r(0,0)_combi_pTrue_gTrue]
	 Logging test loss: 2.185e-07 [MSELoss(): t(0,0)_r(0,0)_full_pTrue_gTrue]
	 Logging test loss: 1.2511e-05 [MSELoss(): t(0,0)_r(0,0)_tennis_pTrue_gTrue]
	 Logging test loss: 6.8893e-06 [MSELoss(): t(0,0)_r(0,0)_semi_pTrue_gTrue]
		--> Epoch time; 30.597232818603516
Epoch 4/9
	 Logging train Loss: 6.3758e-06 [MSELoss(): t(0,0)_r(0,0)_combi_pTrue_gTrue]
	 Logging test loss: 4.83861e-05 [MSELoss(): t(0,0)_r(0,0)_combi_pTrue_gTrue]
	 Logging test loss: 2.2807e-06 [MSELoss(): t(0,0)_r(0,0)_full_pTrue_gTrue]
	 Logging test loss: 9.62807e-05 [MSELoss(): t(0,0)_r(0,0)_tennis_pTrue_gTrue]
	 Logging test loss: 9.33359e-05 [MSELoss(): t(0,0)_r(0,0)_semi_pTrue_gTrue]
		--> Epoch time; 30.541680574417114
Epoch 5/9
	 Logging train Loss: 4.9937e-06 [MSELoss(): t(0,0)_r(0,0)_combi_pTrue_gTrue]
	 Logging test loss: 9.13407e-05 [MSELoss(): t(0,0)_r(0,0)_combi_pTrue_gTrue]
	 Logging test loss: 4.9007e-06 [MSELoss(): t(0,0)_r(0,0)_full_pTrue_gTrue]
	 Logging test loss: 0.0001801323 [MSELoss(): t(0,0)_r(0,0)_tennis_pTrue_gTrue]
	 Logging test loss: 0.0001771232 [MSELoss(): t(0,0)_r(0,0)_semi_pTrue_gTrue]
		--> Epoch time; 30.49070167541504
Epoch 6/9
	 Logging train Loss: 1.06822e-05 [MSELoss(): t(0,0)_r(0,0)_combi_pTrue_gTrue]
	 Logging test loss: 1.74686e-05 [MSELoss(): t(0,0)_r(0,0)_combi_pTrue_gTrue]
	 Logging test loss: 9.636e-07 [MSELoss(): t(0,0)_r(0,0)_full_pTrue_gTrue]
	 Logging test loss: 3.46182e-05 [MSELoss(): t(0,0)_r(0,0)_tennis_pTrue_gTrue]
	 Logging test loss: 3.33398e-05 [MSELoss(): t(0,0)_r(0,0)_semi_pTrue_gTrue]
		--> Epoch time; 30.76788330078125
Epoch 7/9
	 Logging train Loss: 1.30543e-05 [MSELoss(): t(0,0)_r(0,0)_combi_pTrue_gTrue]
	 Logging test loss: 2.6146e-06 [MSELoss(): t(0,0)_r(0,0)_combi_pTrue_gTrue]
	 Logging test loss: 1.78e-07 [MSELoss(): t(0,0)_r(0,0)_full_pTrue_gTrue]
	 Logging test loss: 5.38e-06 [MSELoss(): t(0,0)_r(0,0)_tennis_pTrue_gTrue]
	 Logging test loss: 4.9071e-06 [MSELoss(): t(0,0)_r(0,0)_semi_pTrue_gTrue]
		--> Epoch time; 30.620455026626587
Epoch 8/9
	 Logging train Loss: 1.19689e-05 [MSELoss(): t(0,0)_r(0,0)_combi_pTrue_gTrue]
	 Logging test loss: 2.1062e-06 [MSELoss(): t(0,0)_r(0,0)_combi_pTrue_gTrue]
	 Logging test loss: 1.738e-07 [MSELoss(): t(0,0)_r(0,0)_full_pTrue_gTrue]
	 Logging test loss: 4.2938e-06 [MSELoss(): t(0,0)_r(0,0)_tennis_pTrue_gTrue]
	 Logging test loss: 3.8011e-06 [MSELoss(): t(0,0)_r(0,0)_semi_pTrue_gTrue]
		--> Epoch time; 30.51062774658203
Epoch 9/9
	 Logging train Loss: 1.04328e-05 [MSELoss(): t(0,0)_r(0,0)_combi_pTrue_gTrue]
	 Logging test loss: 4.271e-07 [MSELoss(): t(0,0)_r(0,0)_combi_pTrue_gTrue]
	 Logging test loss: 3.02e-08 [MSELoss(): t(0,0)_r(0,0)_full_pTrue_gTrue]
	 Logging test loss: 1.0347e-06 [MSELoss(): t(0,0)_r(0,0)_tennis_pTrue_gTrue]
	 Logging test loss: 5.824e-07 [MSELoss(): t(0,0)_r(0,0)_semi_pTrue_gTrue]
		--> Epoch time; 30.73786473274231
Saved model in  trained_models/gru/data_t(0,0)_r(0,0)_combi_pTrue_gTrue/'quat_1'_'False'.pth
It took  415.22384095191956  seconds.
----- ITERATION 4/10 ------
Number of train simulations:  1920
Number of test simulations:  480
The dataloader for data/data_t(0,0)_r(0,0)_combi_pTrue_gTrue took 48.149243116378784 seconds.
-- Finished Train Dataloader --
The dataloader for data/data_t(0,0)_r(0,0)_combi_pTrue_gTrue took 12.0517258644104 seconds.
wandb: Waiting for W&B process to finish... (success).
wandb: 
wandb: Run history:
wandb:                                      Epoch ▁▂▃▃▄▅▆▆▇█
wandb:  Test loss t(0,0)_r(0,0)_combi_pTrue_gTrue █▆▄▂▁▁▁▂▁▁
wandb:   Test loss t(0,0)_r(0,0)_full_pTrue_gTrue █▄▃▂▁▁▁▁▁▁
wandb:   Test loss t(0,0)_r(0,0)_semi_pTrue_gTrue █▆▄▂▁▁▁▂▁▁
wandb: Test loss t(0,0)_r(0,0)_tennis_pTrue_gTrue █▆▄▂▁▁▁▂▁▁
wandb:                                 Train loss █▁▁▁▁▁▁▁▁▁
wandb: 
wandb: Run summary:
wandb:                                      Epoch 9
wandb:  Test loss t(0,0)_r(0,0)_combi_pTrue_gTrue 0.0
wandb:   Test loss t(0,0)_r(0,0)_full_pTrue_gTrue 0.0
wandb:   Test loss t(0,0)_r(0,0)_semi_pTrue_gTrue 0.0
wandb: Test loss t(0,0)_r(0,0)_tennis_pTrue_gTrue 0.0
wandb:                                 Train loss 1e-05
wandb: 
wandb: 🚀 View run stellar-grass-115 at: https://wandb.ai/nreints/ThesisFinal2Grav%2Bcoll/runs/ub3k837e
wandb: Synced 7 W&B file(s), 0 media file(s), 4 artifact file(s) and 1 other file(s)
wandb: Find logs at: ./wandb/run-20230716_131207-ub3k837e/logs
wandb: - Waiting for wandb.init()...wandb: \ Waiting for wandb.init()...wandb: wandb version 0.15.5 is available!  To upgrade, please run:
wandb:  $ pip install wandb --upgrade
wandb: Tracking run with wandb version 0.14.0
wandb: Run data is saved locally in /gpfs/home2/nreints/MScThesis/code/wandb/run-20230716_131902-1wsx98rw
wandb: Run `wandb offline` to turn off syncing.
wandb: Syncing run brisk-energy-153
wandb: ⭐️ View project at https://wandb.ai/nreints/ThesisFinal2Grav%2Bcoll
wandb: 🚀 View run at https://wandb.ai/nreints/ThesisFinal2Grav%2Bcoll/runs/1wsx98rw
The dataloader for data/data_t(0,0)_r(0,0)_full_pTrue_gTrue took 12.025408744812012 seconds.
The dataloader for data/data_t(0,0)_r(0,0)_tennis_pTrue_gTrue took 12.011066675186157 seconds.
The dataloader for data/data_t(0,0)_r(0,0)_semi_pTrue_gTrue took 12.025046348571777 seconds.
-- Finished Test Dataloader(s) --
GRU(
  (rnn): GRU(7, 96, batch_first=True)
  (fc): Linear(in_features=96, out_features=7, bias=True)
)
Datatype: quat_1
-- Started Training --
Epoch 0/9
	 Logging train Loss: 0.008790643 [MSELoss(): t(0,0)_r(0,0)_combi_pTrue_gTrue]
	 Logging test loss: 1.40036e-05 [MSELoss(): t(0,0)_r(0,0)_combi_pTrue_gTrue]
	 Logging test loss: 1.8984e-06 [MSELoss(): t(0,0)_r(0,0)_full_pTrue_gTrue]
	 Logging test loss: 2.96786e-05 [MSELoss(): t(0,0)_r(0,0)_tennis_pTrue_gTrue]
	 Logging test loss: 2.6081e-05 [MSELoss(): t(0,0)_r(0,0)_semi_pTrue_gTrue]
		--> Epoch time; 30.9453227519989
Epoch 1/9
	 Logging train Loss: 1.28126e-05 [MSELoss(): t(0,0)_r(0,0)_combi_pTrue_gTrue]
	 Logging test loss: 9.6125e-06 [MSELoss(): t(0,0)_r(0,0)_combi_pTrue_gTrue]
	 Logging test loss: 7.794e-07 [MSELoss(): t(0,0)_r(0,0)_full_pTrue_gTrue]
	 Logging test loss: 2.11612e-05 [MSELoss(): t(0,0)_r(0,0)_tennis_pTrue_gTrue]
	 Logging test loss: 1.80735e-05 [MSELoss(): t(0,0)_r(0,0)_semi_pTrue_gTrue]
		--> Epoch time; 30.540167331695557
Epoch 2/9
	 Logging train Loss: 8.9216e-06 [MSELoss(): t(0,0)_r(0,0)_combi_pTrue_gTrue]
	 Logging test loss: 6.1493e-06 [MSELoss(): t(0,0)_r(0,0)_combi_pTrue_gTrue]
	 Logging test loss: 5.761e-07 [MSELoss(): t(0,0)_r(0,0)_full_pTrue_gTrue]
	 Logging test loss: 1.33816e-05 [MSELoss(): t(0,0)_r(0,0)_tennis_pTrue_gTrue]
	 Logging test loss: 1.1269e-05 [MSELoss(): t(0,0)_r(0,0)_semi_pTrue_gTrue]
		--> Epoch time; 30.860954999923706
Epoch 3/9
	 Logging train Loss: 4.6721e-06 [MSELoss(): t(0,0)_r(0,0)_combi_pTrue_gTrue]
	 Logging test loss: 2.687e-06 [MSELoss(): t(0,0)_r(0,0)_combi_pTrue_gTrue]
	 Logging test loss: 2.85e-07 [MSELoss(): t(0,0)_r(0,0)_full_pTrue_gTrue]
	 Logging test loss: 5.384e-06 [MSELoss(): t(0,0)_r(0,0)_tennis_pTrue_gTrue]
	 Logging test loss: 4.5909e-06 [MSELoss(): t(0,0)_r(0,0)_semi_pTrue_gTrue]
		--> Epoch time; 30.8969624042511
Epoch 4/9
	 Logging train Loss: 1.7009e-06 [MSELoss(): t(0,0)_r(0,0)_combi_pTrue_gTrue]
	 Logging test loss: 1.1723e-06 [MSELoss(): t(0,0)_r(0,0)_combi_pTrue_gTrue]
	 Logging test loss: 9.82e-08 [MSELoss(): t(0,0)_r(0,0)_full_pTrue_gTrue]
	 Logging test loss: 2.243e-06 [MSELoss(): t(0,0)_r(0,0)_tennis_pTrue_gTrue]
	 Logging test loss: 1.9449e-06 [MSELoss(): t(0,0)_r(0,0)_semi_pTrue_gTrue]
		--> Epoch time; 30.556458473205566
Epoch 5/9
	 Logging train Loss: 1.43248e-05 [MSELoss(): t(0,0)_r(0,0)_combi_pTrue_gTrue]
	 Logging test loss: 7.429e-07 [MSELoss(): t(0,0)_r(0,0)_combi_pTrue_gTrue]
	 Logging test loss: 7.84e-08 [MSELoss(): t(0,0)_r(0,0)_full_pTrue_gTrue]
	 Logging test loss: 1.4522e-06 [MSELoss(): t(0,0)_r(0,0)_tennis_pTrue_gTrue]
	 Logging test loss: 1.2748e-06 [MSELoss(): t(0,0)_r(0,0)_semi_pTrue_gTrue]
		--> Epoch time; 30.638017177581787
Epoch 6/9
	 Logging train Loss: 1.52789e-05 [MSELoss(): t(0,0)_r(0,0)_combi_pTrue_gTrue]
	 Logging test loss: 5.399e-07 [MSELoss(): t(0,0)_r(0,0)_combi_pTrue_gTrue]
	 Logging test loss: 7.38e-08 [MSELoss(): t(0,0)_r(0,0)_full_pTrue_gTrue]
	 Logging test loss: 1.0741e-06 [MSELoss(): t(0,0)_r(0,0)_tennis_pTrue_gTrue]
	 Logging test loss: 9.532e-07 [MSELoss(): t(0,0)_r(0,0)_semi_pTrue_gTrue]
		--> Epoch time; 30.431220293045044
Epoch 7/9
	 Logging train Loss: 1.56089e-05 [MSELoss(): t(0,0)_r(0,0)_combi_pTrue_gTrue]
	 Logging test loss: 1.4867e-06 [MSELoss(): t(0,0)_r(0,0)_combi_pTrue_gTrue]
	 Logging test loss: 1.164e-07 [MSELoss(): t(0,0)_r(0,0)_full_pTrue_gTrue]
	 Logging test loss: 3.0548e-06 [MSELoss(): t(0,0)_r(0,0)_tennis_pTrue_gTrue]
	 Logging test loss: 2.9153e-06 [MSELoss(): t(0,0)_r(0,0)_semi_pTrue_gTrue]
		--> Epoch time; 30.803789854049683
Epoch 8/9
	 Logging train Loss: 1.38955e-05 [MSELoss(): t(0,0)_r(0,0)_combi_pTrue_gTrue]
	 Logging test loss: 7.793e-07 [MSELoss(): t(0,0)_r(0,0)_combi_pTrue_gTrue]
	 Logging test loss: 6.66e-08 [MSELoss(): t(0,0)_r(0,0)_full_pTrue_gTrue]
	 Logging test loss: 1.585e-06 [MSELoss(): t(0,0)_r(0,0)_tennis_pTrue_gTrue]
	 Logging test loss: 1.5163e-06 [MSELoss(): t(0,0)_r(0,0)_semi_pTrue_gTrue]
		--> Epoch time; 30.45836615562439
Epoch 9/9
	 Logging train Loss: 1.23307e-05 [MSELoss(): t(0,0)_r(0,0)_combi_pTrue_gTrue]
	 Logging test loss: 3.156e-07 [MSELoss(): t(0,0)_r(0,0)_combi_pTrue_gTrue]
	 Logging test loss: 3.21e-08 [MSELoss(): t(0,0)_r(0,0)_full_pTrue_gTrue]
	 Logging test loss: 6.744e-07 [MSELoss(): t(0,0)_r(0,0)_tennis_pTrue_gTrue]
	 Logging test loss: 5.712e-07 [MSELoss(): t(0,0)_r(0,0)_semi_pTrue_gTrue]
		--> Epoch time; 30.729469060897827
Saved model in  trained_models/gru/data_t(0,0)_r(0,0)_combi_pTrue_gTrue/'quat_1'_'False'.pth
It took  415.1514825820923  seconds.
----- ITERATION 5/10 ------
Number of train simulations:  1920
Number of test simulations:  480
The dataloader for data/data_t(0,0)_r(0,0)_combi_pTrue_gTrue took 48.42534160614014 seconds.
-- Finished Train Dataloader --
The dataloader for data/data_t(0,0)_r(0,0)_combi_pTrue_gTrue took 12.130010604858398 seconds.
The dataloader for data/data_t(0,0)_r(0,0)_full_pTrue_gTrue took 12.047201156616211 seconds.
The dataloader for data/data_t(0,0)_r(0,0)_tennis_pTrue_gTrue took 12.06202244758606 seconds.
The dataloader for data/data_t(0,0)_r(0,0)_semi_pTrue_gTrue took 12.099584102630615 seconds.
-- Finished Test Dataloader(s) --
GRU(
  (rnn): GRU(7, 96, batch_first=True)
  (fc): Linear(in_features=96, out_features=7, bias=True)
)
Datatype: quat_1
-- Started Training --
Epoch 0/9
	 Logging train Loss: 0.0115645509 [MSELoss(): t(0,0)_r(0,0)_combi_pTrue_gTrue]
	 Logging test loss: 1.63712e-05 [MSELoss(): t(0,0)_r(0,0)_combi_pTrue_gTrue]
	 Logging test loss: 1.9735e-06 [MSELoss(): t(0,0)_r(0,0)_full_pTrue_gTrue]
	 Logging test loss: 4.47528e-05 [MSELoss(): t(0,0)_r(0,0)_tennis_pTrue_gTrue]
	 Logging test loss: 2.78018e-05 [MSELoss(): t(0,0)_r(0,0)_semi_pTrue_gTrue]
		--> Epoch time; 30.903936862945557
Epoch 1/9
	 Logging train Loss: 1.30162e-05 [MSELoss(): t(0,0)_r(0,0)_combi_pTrue_gTrue]
	 Logging test loss: 1.05585e-05 [MSELoss(): t(0,0)_r(0,0)_combi_pTrue_gTrue]
	 Logging test loss: 6.963e-07 [MSELoss(): t(0,0)_r(0,0)_full_pTrue_gTrue]
	 Logging test loss: 3.20204e-05 [MSELoss(): t(0,0)_r(0,0)_tennis_pTrue_gTrue]
	 Logging test loss: 1.8454e-05 [MSELoss(): t(0,0)_r(0,0)_semi_pTrue_gTrue]
		--> Epoch time; 30.412363290786743
Epoch 2/9
	 Logging train Loss: 9.2306e-06 [MSELoss(): t(0,0)_r(0,0)_combi_pTrue_gTrue]
	 Logging test loss: 7.1188e-06 [MSELoss(): t(0,0)_r(0,0)_combi_pTrue_gTrue]
	 Logging test loss: 4.57e-07 [MSELoss(): t(0,0)_r(0,0)_full_pTrue_gTrue]
	 Logging test loss: 2.19497e-05 [MSELoss(): t(0,0)_r(0,0)_tennis_pTrue_gTrue]
	 Logging test loss: 1.23929e-05 [MSELoss(): t(0,0)_r(0,0)_semi_pTrue_gTrue]
		--> Epoch time; 30.534740686416626
Epoch 3/9
	 Logging train Loss: 5.5564e-06 [MSELoss(): t(0,0)_r(0,0)_combi_pTrue_gTrue]
	 Logging test loss: 3.7298e-06 [MSELoss(): t(0,0)_r(0,0)_combi_pTrue_gTrue]
	 Logging test loss: 4.147e-07 [MSELoss(): t(0,0)_r(0,0)_full_pTrue_gTrue]
	 Logging test loss: 1.12165e-05 [MSELoss(): t(0,0)_r(0,0)_tennis_pTrue_gTrue]
	 Logging test loss: 6.2071e-06 [MSELoss(): t(0,0)_r(0,0)_semi_pTrue_gTrue]
		--> Epoch time; 30.49554991722107
Epoch 4/9
	 Logging train Loss: 2.375e-06 [MSELoss(): t(0,0)_r(0,0)_combi_pTrue_gTrue]
	 Logging test loss: 1.3214e-06 [MSELoss(): t(0,0)_r(0,0)_combi_pTrue_gTrue]
	 Logging test loss: 1.214e-07 [MSELoss(): t(0,0)_r(0,0)_full_pTrue_gTrue]
	 Logging test loss: 3.8497e-06 [MSELoss(): t(0,0)_r(0,0)_tennis_pTrue_gTrue]
	 Logging test loss: 2.1675e-06 [MSELoss(): t(0,0)_r(0,0)_semi_pTrue_gTrue]
		--> Epoch time; 30.580875873565674
Epoch 5/9
	 Logging train Loss: 1.0556e-05 [MSELoss(): t(0,0)_r(0,0)_combi_pTrue_gTrue]
	 Logging test loss: 1.7102e-05 [MSELoss(): t(0,0)_r(0,0)_combi_pTrue_gTrue]
	 Logging test loss: 7.204e-07 [MSELoss(): t(0,0)_r(0,0)_full_pTrue_gTrue]
	 Logging test loss: 3.16155e-05 [MSELoss(): t(0,0)_r(0,0)_tennis_pTrue_gTrue]
wandb: Waiting for W&B process to finish... (success).
wandb: 
wandb: Run history:
wandb:                                      Epoch ▁▂▃▃▄▅▆▆▇█
wandb:  Test loss t(0,0)_r(0,0)_combi_pTrue_gTrue █▅▄▂▁█▁▁▁▅
wandb:   Test loss t(0,0)_r(0,0)_full_pTrue_gTrue █▃▃▂▁▃▁▁▁▃
wandb:   Test loss t(0,0)_r(0,0)_semi_pTrue_gTrue █▅▄▂▁█▁▁▁▅
wandb: Test loss t(0,0)_r(0,0)_tennis_pTrue_gTrue █▆▄▃▁▆▁▁▁▄
wandb:                                 Train loss █▁▁▁▁▁▁▁▁▁
wandb: 
wandb: Run summary:
wandb:                                      Epoch 9
wandb:  Test loss t(0,0)_r(0,0)_combi_pTrue_gTrue 1e-05
wandb:   Test loss t(0,0)_r(0,0)_full_pTrue_gTrue 0.0
wandb:   Test loss t(0,0)_r(0,0)_semi_pTrue_gTrue 2e-05
wandb: Test loss t(0,0)_r(0,0)_tennis_pTrue_gTrue 2e-05
wandb:                                 Train loss 1e-05
wandb: 
wandb: 🚀 View run brisk-energy-153 at: https://wandb.ai/nreints/ThesisFinal2Grav%2Bcoll/runs/1wsx98rw
wandb: Synced 7 W&B file(s), 0 media file(s), 4 artifact file(s) and 1 other file(s)
wandb: Find logs at: ./wandb/run-20230716_131902-1wsx98rw/logs
wandb: - Waiting for wandb.init()...wandb: \ Waiting for wandb.init()...wandb: wandb version 0.15.5 is available!  To upgrade, please run:
wandb:  $ pip install wandb --upgrade
wandb: Tracking run with wandb version 0.14.0
wandb: Run data is saved locally in /gpfs/home2/nreints/MScThesis/code/wandb/run-20230716_132557-wybar608
wandb: Run `wandb offline` to turn off syncing.
wandb: Syncing run honest-donkey-187
wandb: ⭐️ View project at https://wandb.ai/nreints/ThesisFinal2Grav%2Bcoll
wandb: 🚀 View run at https://wandb.ai/nreints/ThesisFinal2Grav%2Bcoll/runs/wybar608
wandb: Waiting for W&B process to finish... (success).
wandb: 
wandb: Run history:
wandb:                                      Epoch ▁▂▃▃▄▅▆▆▇█
wandb:  Test loss t(0,0)_r(0,0)_combi_pTrue_gTrue ▅▄▃▂▁▄▁▁▁█
wandb:   Test loss t(0,0)_r(0,0)_full_pTrue_gTrue █▄▃▂▁▂▁▁▁▇
wandb:   Test loss t(0,0)_r(0,0)_semi_pTrue_gTrue ▆▅▃▂▁▄▁▁▁█
wandb: Test loss t(0,0)_r(0,0)_tennis_pTrue_gTrue █▆▄▂▁▄▁▁▁▇
wandb:                                 Train loss █▁▁▁▁▁▁▁▁▁
wandb: 
wandb: Run summary:
wandb:                                      Epoch 9
wandb:  Test loss t(0,0)_r(0,0)_combi_pTrue_gTrue 2e-05
wandb:   Test loss t(0,0)_r(0,0)_full_pTrue_gTrue 0.0
wandb:   Test loss t(0,0)_r(0,0)_semi_pTrue_gTrue 3e-05
wandb: Test loss t(0,0)_r(0,0)_tennis_pTrue_gTrue 3e-05
wandb:                                 Train loss 1e-05
wandb: 
wandb: 🚀 View run honest-donkey-187 at: https://wandb.ai/nreints/ThesisFinal2Grav%2Bcoll/runs/wybar608
wandb: Synced 7 W&B file(s), 0 media file(s), 4 artifact file(s) and 1 other file(s)
wandb: Find logs at: ./wandb/run-20230716_132557-wybar608/logs
wandb: - Waiting for wandb.init()...wandb: \ Waiting for wandb.init()...wandb: wandb version 0.15.5 is available!  To upgrade, please run:
wandb:  $ pip install wandb --upgrade
wandb: Tracking run with wandb version 0.14.0
wandb: Run data is saved locally in /gpfs/home2/nreints/MScThesis/code/wandb/run-20230716_133252-jwgimj0j
wandb: Run `wandb offline` to turn off syncing.
wandb: Syncing run radiant-deluge-222
wandb: ⭐️ View project at https://wandb.ai/nreints/ThesisFinal2Grav%2Bcoll
wandb: 🚀 View run at https://wandb.ai/nreints/ThesisFinal2Grav%2Bcoll/runs/jwgimj0j
	 Logging test loss: 2.96653e-05 [MSELoss(): t(0,0)_r(0,0)_semi_pTrue_gTrue]
		--> Epoch time; 30.680567741394043
Epoch 6/9
	 Logging train Loss: 7.564e-06 [MSELoss(): t(0,0)_r(0,0)_combi_pTrue_gTrue]
	 Logging test loss: 5.704e-07 [MSELoss(): t(0,0)_r(0,0)_combi_pTrue_gTrue]
	 Logging test loss: 6.95e-08 [MSELoss(): t(0,0)_r(0,0)_full_pTrue_gTrue]
	 Logging test loss: 1.7323e-06 [MSELoss(): t(0,0)_r(0,0)_tennis_pTrue_gTrue]
	 Logging test loss: 9.71e-07 [MSELoss(): t(0,0)_r(0,0)_semi_pTrue_gTrue]
		--> Epoch time; 30.71269202232361
Epoch 7/9
	 Logging train Loss: 1.5848e-05 [MSELoss(): t(0,0)_r(0,0)_combi_pTrue_gTrue]
	 Logging test loss: 4.971e-07 [MSELoss(): t(0,0)_r(0,0)_combi_pTrue_gTrue]
	 Logging test loss: 4.55e-08 [MSELoss(): t(0,0)_r(0,0)_full_pTrue_gTrue]
	 Logging test loss: 1.5433e-06 [MSELoss(): t(0,0)_r(0,0)_tennis_pTrue_gTrue]
	 Logging test loss: 8.632e-07 [MSELoss(): t(0,0)_r(0,0)_semi_pTrue_gTrue]
		--> Epoch time; 30.477225065231323
Epoch 8/9
	 Logging train Loss: 1.12282e-05 [MSELoss(): t(0,0)_r(0,0)_combi_pTrue_gTrue]
	 Logging test loss: 4.531e-07 [MSELoss(): t(0,0)_r(0,0)_combi_pTrue_gTrue]
	 Logging test loss: 4.17e-08 [MSELoss(): t(0,0)_r(0,0)_full_pTrue_gTrue]
	 Logging test loss: 1.4108e-06 [MSELoss(): t(0,0)_r(0,0)_tennis_pTrue_gTrue]
	 Logging test loss: 7.892e-07 [MSELoss(): t(0,0)_r(0,0)_semi_pTrue_gTrue]
		--> Epoch time; 30.554468393325806
Epoch 9/9
	 Logging train Loss: 9.8845e-06 [MSELoss(): t(0,0)_r(0,0)_combi_pTrue_gTrue]
	 Logging test loss: 1.08016e-05 [MSELoss(): t(0,0)_r(0,0)_combi_pTrue_gTrue]
	 Logging test loss: 5.814e-07 [MSELoss(): t(0,0)_r(0,0)_full_pTrue_gTrue]
	 Logging test loss: 1.93882e-05 [MSELoss(): t(0,0)_r(0,0)_tennis_pTrue_gTrue]
	 Logging test loss: 1.87054e-05 [MSELoss(): t(0,0)_r(0,0)_semi_pTrue_gTrue]
		--> Epoch time; 30.728549003601074
Saved model in  trained_models/gru/data_t(0,0)_r(0,0)_combi_pTrue_gTrue/'quat_1'_'False'.pth
It took  415.38418889045715  seconds.
----- ITERATION 6/10 ------
Number of train simulations:  1920
Number of test simulations:  480
The dataloader for data/data_t(0,0)_r(0,0)_combi_pTrue_gTrue took 48.28299164772034 seconds.
-- Finished Train Dataloader --
The dataloader for data/data_t(0,0)_r(0,0)_combi_pTrue_gTrue took 12.03352403640747 seconds.
The dataloader for data/data_t(0,0)_r(0,0)_full_pTrue_gTrue took 11.996134757995605 seconds.
The dataloader for data/data_t(0,0)_r(0,0)_tennis_pTrue_gTrue took 12.025633573532104 seconds.
The dataloader for data/data_t(0,0)_r(0,0)_semi_pTrue_gTrue took 12.008712768554688 seconds.
-- Finished Test Dataloader(s) --
GRU(
  (rnn): GRU(7, 96, batch_first=True)
  (fc): Linear(in_features=96, out_features=7, bias=True)
)
Datatype: quat_1
-- Started Training --
Epoch 0/9
	 Logging train Loss: 0.0348586962 [MSELoss(): t(0,0)_r(0,0)_combi_pTrue_gTrue]
	 Logging test loss: 8.919e-06 [MSELoss(): t(0,0)_r(0,0)_combi_pTrue_gTrue]
	 Logging test loss: 2.4597e-06 [MSELoss(): t(0,0)_r(0,0)_full_pTrue_gTrue]
	 Logging test loss: 3.4315e-05 [MSELoss(): t(0,0)_r(0,0)_tennis_pTrue_gTrue]
	 Logging test loss: 2.17731e-05 [MSELoss(): t(0,0)_r(0,0)_semi_pTrue_gTrue]
		--> Epoch time; 30.648891925811768
Epoch 1/9
	 Logging train Loss: 1.33626e-05 [MSELoss(): t(0,0)_r(0,0)_combi_pTrue_gTrue]
	 Logging test loss: 6.3347e-06 [MSELoss(): t(0,0)_r(0,0)_combi_pTrue_gTrue]
	 Logging test loss: 9.523e-07 [MSELoss(): t(0,0)_r(0,0)_full_pTrue_gTrue]
	 Logging test loss: 2.5391e-05 [MSELoss(): t(0,0)_r(0,0)_tennis_pTrue_gTrue]
	 Logging test loss: 1.62067e-05 [MSELoss(): t(0,0)_r(0,0)_semi_pTrue_gTrue]
		--> Epoch time; 30.727519750595093
Epoch 2/9
	 Logging train Loss: 9.0869e-06 [MSELoss(): t(0,0)_r(0,0)_combi_pTrue_gTrue]
	 Logging test loss: 3.5951e-06 [MSELoss(): t(0,0)_r(0,0)_combi_pTrue_gTrue]
	 Logging test loss: 5.871e-07 [MSELoss(): t(0,0)_r(0,0)_full_pTrue_gTrue]
	 Logging test loss: 1.46144e-05 [MSELoss(): t(0,0)_r(0,0)_tennis_pTrue_gTrue]
	 Logging test loss: 8.9933e-06 [MSELoss(): t(0,0)_r(0,0)_semi_pTrue_gTrue]
		--> Epoch time; 30.902437448501587
Epoch 3/9
	 Logging train Loss: 4.1534e-06 [MSELoss(): t(0,0)_r(0,0)_combi_pTrue_gTrue]
	 Logging test loss: 1.3887e-06 [MSELoss(): t(0,0)_r(0,0)_combi_pTrue_gTrue]
	 Logging test loss: 2.872e-07 [MSELoss(): t(0,0)_r(0,0)_full_pTrue_gTrue]
	 Logging test loss: 4.9368e-06 [MSELoss(): t(0,0)_r(0,0)_tennis_pTrue_gTrue]
	 Logging test loss: 2.9041e-06 [MSELoss(): t(0,0)_r(0,0)_semi_pTrue_gTrue]
		--> Epoch time; 30.588343858718872
Epoch 4/9
	 Logging train Loss: 1.557e-06 [MSELoss(): t(0,0)_r(0,0)_combi_pTrue_gTrue]
	 Logging test loss: 6.826e-07 [MSELoss(): t(0,0)_r(0,0)_combi_pTrue_gTrue]
	 Logging test loss: 1.153e-07 [MSELoss(): t(0,0)_r(0,0)_full_pTrue_gTrue]
	 Logging test loss: 2.4363e-06 [MSELoss(): t(0,0)_r(0,0)_tennis_pTrue_gTrue]
	 Logging test loss: 1.4422e-06 [MSELoss(): t(0,0)_r(0,0)_semi_pTrue_gTrue]
		--> Epoch time; 30.592341423034668
Epoch 5/9
	 Logging train Loss: 3.1089e-06 [MSELoss(): t(0,0)_r(0,0)_combi_pTrue_gTrue]
	 Logging test loss: 6.7324e-06 [MSELoss(): t(0,0)_r(0,0)_combi_pTrue_gTrue]
	 Logging test loss: 4.68e-07 [MSELoss(): t(0,0)_r(0,0)_full_pTrue_gTrue]
	 Logging test loss: 1.60366e-05 [MSELoss(): t(0,0)_r(0,0)_tennis_pTrue_gTrue]
	 Logging test loss: 1.3469e-05 [MSELoss(): t(0,0)_r(0,0)_semi_pTrue_gTrue]
		--> Epoch time; 30.90153956413269
Epoch 6/9
	 Logging train Loss: 5.7726e-06 [MSELoss(): t(0,0)_r(0,0)_combi_pTrue_gTrue]
	 Logging test loss: 4.268e-07 [MSELoss(): t(0,0)_r(0,0)_combi_pTrue_gTrue]
	 Logging test loss: 9.95e-08 [MSELoss(): t(0,0)_r(0,0)_full_pTrue_gTrue]
	 Logging test loss: 1.3539e-06 [MSELoss(): t(0,0)_r(0,0)_tennis_pTrue_gTrue]
	 Logging test loss: 9.34e-07 [MSELoss(): t(0,0)_r(0,0)_semi_pTrue_gTrue]
		--> Epoch time; 30.475043535232544
Epoch 7/9
	 Logging train Loss: 1.44401e-05 [MSELoss(): t(0,0)_r(0,0)_combi_pTrue_gTrue]
	 Logging test loss: 2.657e-07 [MSELoss(): t(0,0)_r(0,0)_combi_pTrue_gTrue]
	 Logging test loss: 5.73e-08 [MSELoss(): t(0,0)_r(0,0)_full_pTrue_gTrue]
	 Logging test loss: 9.317e-07 [MSELoss(): t(0,0)_r(0,0)_tennis_pTrue_gTrue]
	 Logging test loss: 6.279e-07 [MSELoss(): t(0,0)_r(0,0)_semi_pTrue_gTrue]
		--> Epoch time; 30.64833641052246
Epoch 8/9
	 Logging train Loss: 5.617e-06 [MSELoss(): t(0,0)_r(0,0)_combi_pTrue_gTrue]
	 Logging test loss: 3.161e-07 [MSELoss(): t(0,0)_r(0,0)_combi_pTrue_gTrue]
	 Logging test loss: 4.42e-08 [MSELoss(): t(0,0)_r(0,0)_full_pTrue_gTrue]
	 Logging test loss: 9.945e-07 [MSELoss(): t(0,0)_r(0,0)_tennis_pTrue_gTrue]
	 Logging test loss: 7.162e-07 [MSELoss(): t(0,0)_r(0,0)_semi_pTrue_gTrue]
		--> Epoch time; 30.9074923992157
Epoch 9/9
	 Logging train Loss: 7.9548e-06 [MSELoss(): t(0,0)_r(0,0)_combi_pTrue_gTrue]
	 Logging test loss: 1.51882e-05 [MSELoss(): t(0,0)_r(0,0)_combi_pTrue_gTrue]
	 Logging test loss: 2.0544e-06 [MSELoss(): t(0,0)_r(0,0)_full_pTrue_gTrue]
	 Logging test loss: 3.18051e-05 [MSELoss(): t(0,0)_r(0,0)_tennis_pTrue_gTrue]
	 Logging test loss: 2.86724e-05 [MSELoss(): t(0,0)_r(0,0)_semi_pTrue_gTrue]
		--> Epoch time; 30.72143316268921
Saved model in  trained_models/gru/data_t(0,0)_r(0,0)_combi_pTrue_gTrue/'quat_1'_'False'.pth
It took  415.1507441997528  seconds.
----- ITERATION 7/10 ------
Number of train simulations:  1920
Number of test simulations:  480
The dataloader for data/data_t(0,0)_r(0,0)_combi_pTrue_gTrue took 48.5364773273468 seconds.
-- Finished Train Dataloader --
The dataloader for data/data_t(0,0)_r(0,0)_combi_pTrue_gTrue took 12.265253782272339 seconds.
The dataloader for data/data_t(0,0)_r(0,0)_full_pTrue_gTrue took 12.225446224212646 seconds.
The dataloader for data/data_t(0,0)_r(0,0)_tennis_pTrue_gTrue took 12.060363292694092 seconds.
The dataloader for data/data_t(0,0)_r(0,0)_semi_pTrue_gTrue took 12.066498041152954 seconds.
-- Finished Test Dataloader(s) --
GRU(
  (rnn): GRU(7, 96, batch_first=True)
  (fc): Linear(in_features=96, out_features=7, bias=True)
)
Datatype: quat_1
-- Started Training --
Epoch 0/9
	 Logging train Loss: 0.0142598953 [MSELoss(): t(0,0)_r(0,0)_combi_pTrue_gTrue]
	 Logging test loss: 1.42461e-05 [MSELoss(): t(0,0)_r(0,0)_combi_pTrue_gTrue]
	 Logging test loss: 9.609e-07 [MSELoss(): t(0,0)_r(0,0)_full_pTrue_gTrue]
wandb: Waiting for W&B process to finish... (success).
wandb: 
wandb: Run history:
wandb:                                      Epoch ▁▂▃▃▄▅▆▆▇█
wandb:  Test loss t(0,0)_r(0,0)_combi_pTrue_gTrue ▁▁▁▁▁▁▁▁█▁
wandb:   Test loss t(0,0)_r(0,0)_full_pTrue_gTrue ▁▁▁▁▁▁▁▁█▁
wandb:   Test loss t(0,0)_r(0,0)_semi_pTrue_gTrue ▁▁▁▁▁▁▁▁█▁
wandb: Test loss t(0,0)_r(0,0)_tennis_pTrue_gTrue ▁▁▁▁▁▁▁▁█▁
wandb:                                 Train loss █▁▁▁▁▁▁▁▁▁
wandb: 
wandb: Run summary:
wandb:                                      Epoch 9
wandb:  Test loss t(0,0)_r(0,0)_combi_pTrue_gTrue 0.0
wandb:   Test loss t(0,0)_r(0,0)_full_pTrue_gTrue 0.0
wandb:   Test loss t(0,0)_r(0,0)_semi_pTrue_gTrue 0.0
wandb: Test loss t(0,0)_r(0,0)_tennis_pTrue_gTrue 0.0
wandb:                                 Train loss 1e-05
wandb: 
wandb: 🚀 View run radiant-deluge-222 at: https://wandb.ai/nreints/ThesisFinal2Grav%2Bcoll/runs/jwgimj0j
wandb: Synced 7 W&B file(s), 0 media file(s), 4 artifact file(s) and 1 other file(s)
wandb: Find logs at: ./wandb/run-20230716_133252-jwgimj0j/logs
wandb: - Waiting for wandb.init()...wandb: \ Waiting for wandb.init()...wandb: wandb version 0.15.5 is available!  To upgrade, please run:
wandb:  $ pip install wandb --upgrade
wandb: Tracking run with wandb version 0.14.0
wandb: Run data is saved locally in /gpfs/home2/nreints/MScThesis/code/wandb/run-20230716_133950-qpmx7qxn
wandb: Run `wandb offline` to turn off syncing.
wandb: Syncing run solar-forest-258
wandb: ⭐️ View project at https://wandb.ai/nreints/ThesisFinal2Grav%2Bcoll
wandb: 🚀 View run at https://wandb.ai/nreints/ThesisFinal2Grav%2Bcoll/runs/qpmx7qxn
	 Logging test loss: 3.1558e-05 [MSELoss(): t(0,0)_r(0,0)_tennis_pTrue_gTrue]
	 Logging test loss: 1.89458e-05 [MSELoss(): t(0,0)_r(0,0)_semi_pTrue_gTrue]
		--> Epoch time; 30.595773458480835
Epoch 1/9
	 Logging train Loss: 1.0017e-05 [MSELoss(): t(0,0)_r(0,0)_combi_pTrue_gTrue]
	 Logging test loss: 8.7353e-06 [MSELoss(): t(0,0)_r(0,0)_combi_pTrue_gTrue]
	 Logging test loss: 6.51e-07 [MSELoss(): t(0,0)_r(0,0)_full_pTrue_gTrue]
	 Logging test loss: 1.91113e-05 [MSELoss(): t(0,0)_r(0,0)_tennis_pTrue_gTrue]
	 Logging test loss: 1.1337e-05 [MSELoss(): t(0,0)_r(0,0)_semi_pTrue_gTrue]
		--> Epoch time; 30.878159761428833
Epoch 2/9
	 Logging train Loss: 5.3604e-06 [MSELoss(): t(0,0)_r(0,0)_combi_pTrue_gTrue]
	 Logging test loss: 3.7661e-06 [MSELoss(): t(0,0)_r(0,0)_combi_pTrue_gTrue]
	 Logging test loss: 3.382e-07 [MSELoss(): t(0,0)_r(0,0)_full_pTrue_gTrue]
	 Logging test loss: 8.1285e-06 [MSELoss(): t(0,0)_r(0,0)_tennis_pTrue_gTrue]
	 Logging test loss: 4.8563e-06 [MSELoss(): t(0,0)_r(0,0)_semi_pTrue_gTrue]
		--> Epoch time; 30.652462244033813
Epoch 3/9
	 Logging train Loss: 2.2555e-06 [MSELoss(): t(0,0)_r(0,0)_combi_pTrue_gTrue]
	 Logging test loss: 1.9169e-06 [MSELoss(): t(0,0)_r(0,0)_combi_pTrue_gTrue]
	 Logging test loss: 1.53e-07 [MSELoss(): t(0,0)_r(0,0)_full_pTrue_gTrue]
	 Logging test loss: 4.1593e-06 [MSELoss(): t(0,0)_r(0,0)_tennis_pTrue_gTrue]
	 Logging test loss: 2.6266e-06 [MSELoss(): t(0,0)_r(0,0)_semi_pTrue_gTrue]
		--> Epoch time; 30.678291082382202
Epoch 4/9
	 Logging train Loss: 3.7942e-06 [MSELoss(): t(0,0)_r(0,0)_combi_pTrue_gTrue]
	 Logging test loss: 2.10194e-05 [MSELoss(): t(0,0)_r(0,0)_combi_pTrue_gTrue]
	 Logging test loss: 1.4886e-06 [MSELoss(): t(0,0)_r(0,0)_full_pTrue_gTrue]
	 Logging test loss: 4.70222e-05 [MSELoss(): t(0,0)_r(0,0)_tennis_pTrue_gTrue]
	 Logging test loss: 3.92103e-05 [MSELoss(): t(0,0)_r(0,0)_semi_pTrue_gTrue]
		--> Epoch time; 30.651342153549194
Epoch 5/9
	 Logging train Loss: 6.4862e-06 [MSELoss(): t(0,0)_r(0,0)_combi_pTrue_gTrue]
	 Logging test loss: 8.253e-07 [MSELoss(): t(0,0)_r(0,0)_combi_pTrue_gTrue]
	 Logging test loss: 1.108e-07 [MSELoss(): t(0,0)_r(0,0)_full_pTrue_gTrue]
	 Logging test loss: 1.7161e-06 [MSELoss(): t(0,0)_r(0,0)_tennis_pTrue_gTrue]
	 Logging test loss: 1.1094e-06 [MSELoss(): t(0,0)_r(0,0)_semi_pTrue_gTrue]
		--> Epoch time; 30.735499382019043
Epoch 6/9
	 Logging train Loss: 1.08608e-05 [MSELoss(): t(0,0)_r(0,0)_combi_pTrue_gTrue]
	 Logging test loss: 9.528e-07 [MSELoss(): t(0,0)_r(0,0)_combi_pTrue_gTrue]
	 Logging test loss: 9.7e-08 [MSELoss(): t(0,0)_r(0,0)_full_pTrue_gTrue]
	 Logging test loss: 2.018e-06 [MSELoss(): t(0,0)_r(0,0)_tennis_pTrue_gTrue]
	 Logging test loss: 1.4873e-06 [MSELoss(): t(0,0)_r(0,0)_semi_pTrue_gTrue]
		--> Epoch time; 30.70737910270691
Epoch 7/9
	 Logging train Loss: 1.23344e-05 [MSELoss(): t(0,0)_r(0,0)_combi_pTrue_gTrue]
	 Logging test loss: 6.959e-07 [MSELoss(): t(0,0)_r(0,0)_combi_pTrue_gTrue]
	 Logging test loss: 9.28e-08 [MSELoss(): t(0,0)_r(0,0)_full_pTrue_gTrue]
	 Logging test loss: 1.4125e-06 [MSELoss(): t(0,0)_r(0,0)_tennis_pTrue_gTrue]
	 Logging test loss: 1.0395e-06 [MSELoss(): t(0,0)_r(0,0)_semi_pTrue_gTrue]
		--> Epoch time; 30.779433727264404
Epoch 8/9
	 Logging train Loss: 1.91102e-05 [MSELoss(): t(0,0)_r(0,0)_combi_pTrue_gTrue]
	 Logging test loss: 0.0006000245 [MSELoss(): t(0,0)_r(0,0)_combi_pTrue_gTrue]
	 Logging test loss: 3.78084e-05 [MSELoss(): t(0,0)_r(0,0)_full_pTrue_gTrue]
	 Logging test loss: 0.0012627119 [MSELoss(): t(0,0)_r(0,0)_tennis_pTrue_gTrue]
	 Logging test loss: 0.0011438535 [MSELoss(): t(0,0)_r(0,0)_semi_pTrue_gTrue]
		--> Epoch time; 30.616771936416626
Epoch 9/9
	 Logging train Loss: 7.7346e-06 [MSELoss(): t(0,0)_r(0,0)_combi_pTrue_gTrue]
	 Logging test loss: 8.188e-07 [MSELoss(): t(0,0)_r(0,0)_combi_pTrue_gTrue]
	 Logging test loss: 9.04e-08 [MSELoss(): t(0,0)_r(0,0)_full_pTrue_gTrue]
	 Logging test loss: 1.7459e-06 [MSELoss(): t(0,0)_r(0,0)_tennis_pTrue_gTrue]
	 Logging test loss: 1.3558e-06 [MSELoss(): t(0,0)_r(0,0)_semi_pTrue_gTrue]
		--> Epoch time; 30.859071969985962
Saved model in  trained_models/gru/data_t(0,0)_r(0,0)_combi_pTrue_gTrue/'quat_1'_'False'.pth
It took  417.0789887905121  seconds.
----- ITERATION 8/10 ------
Number of train simulations:  1920
Number of test simulations:  480
The dataloader for data/data_t(0,0)_r(0,0)_combi_pTrue_gTrue took 48.64932465553284 seconds.
-- Finished Train Dataloader --
The dataloader for data/data_t(0,0)_r(0,0)_combi_pTrue_gTrue took 12.259771347045898 seconds.
The dataloader for data/data_t(0,0)_r(0,0)_full_pTrue_gTrue took 12.428717374801636 seconds.
The dataloader for data/data_t(0,0)_r(0,0)_tennis_pTrue_gTrue took 12.10434103012085 seconds.
The dataloader for data/data_t(0,0)_r(0,0)_semi_pTrue_gTrue took 12.437890529632568 seconds.
-- Finished Test Dataloader(s) --
GRU(
  (rnn): GRU(7, 96, batch_first=True)
  (fc): Linear(in_features=96, out_features=7, bias=True)
)
Datatype: quat_1
-- Started Training --
Epoch 0/9
	 Logging train Loss: 0.0267316829 [MSELoss(): t(0,0)_r(0,0)_combi_pTrue_gTrue]
	 Logging test loss: 1.33202e-05 [MSELoss(): t(0,0)_r(0,0)_combi_pTrue_gTrue]
	 Logging test loss: 1.3612e-06 [MSELoss(): t(0,0)_r(0,0)_full_pTrue_gTrue]
	 Logging test loss: 3.1441e-05 [MSELoss(): t(0,0)_r(0,0)_tennis_pTrue_gTrue]
	 Logging test loss: 1.89315e-05 [MSELoss(): t(0,0)_r(0,0)_semi_pTrue_gTrue]
		--> Epoch time; 30.49721646308899
Epoch 1/9
	 Logging train Loss: 8.9392e-06 [MSELoss(): t(0,0)_r(0,0)_combi_pTrue_gTrue]
	 Logging test loss: 8.1415e-06 [MSELoss(): t(0,0)_r(0,0)_combi_pTrue_gTrue]
	 Logging test loss: 6.628e-07 [MSELoss(): t(0,0)_r(0,0)_full_pTrue_gTrue]
	 Logging test loss: 1.93013e-05 [MSELoss(): t(0,0)_r(0,0)_tennis_pTrue_gTrue]
	 Logging test loss: 1.17795e-05 [MSELoss(): t(0,0)_r(0,0)_semi_pTrue_gTrue]
		--> Epoch time; 30.838415384292603
Epoch 2/9
	 Logging train Loss: 4.6736e-06 [MSELoss(): t(0,0)_r(0,0)_combi_pTrue_gTrue]
	 Logging test loss: 3.4612e-06 [MSELoss(): t(0,0)_r(0,0)_combi_pTrue_gTrue]
	 Logging test loss: 3.027e-07 [MSELoss(): t(0,0)_r(0,0)_full_pTrue_gTrue]
	 Logging test loss: 8.0471e-06 [MSELoss(): t(0,0)_r(0,0)_tennis_pTrue_gTrue]
	 Logging test loss: 5.012e-06 [MSELoss(): t(0,0)_r(0,0)_semi_pTrue_gTrue]
		--> Epoch time; 30.736010551452637
Epoch 3/9
	 Logging train Loss: 1.988e-06 [MSELoss(): t(0,0)_r(0,0)_combi_pTrue_gTrue]
	 Logging test loss: 1.7245e-06 [MSELoss(): t(0,0)_r(0,0)_combi_pTrue_gTrue]
	 Logging test loss: 1.562e-07 [MSELoss(): t(0,0)_r(0,0)_full_pTrue_gTrue]
	 Logging test loss: 4.0517e-06 [MSELoss(): t(0,0)_r(0,0)_tennis_pTrue_gTrue]
	 Logging test loss: 2.5038e-06 [MSELoss(): t(0,0)_r(0,0)_semi_pTrue_gTrue]
		--> Epoch time; 30.880525588989258
Epoch 4/9
	 Logging train Loss: 1.1692e-06 [MSELoss(): t(0,0)_r(0,0)_combi_pTrue_gTrue]
	 Logging test loss: 1.1047e-06 [MSELoss(): t(0,0)_r(0,0)_combi_pTrue_gTrue]
	 Logging test loss: 1.242e-07 [MSELoss(): t(0,0)_r(0,0)_full_pTrue_gTrue]
	 Logging test loss: 2.5852e-06 [MSELoss(): t(0,0)_r(0,0)_tennis_pTrue_gTrue]
	 Logging test loss: 1.6157e-06 [MSELoss(): t(0,0)_r(0,0)_semi_pTrue_gTrue]
		--> Epoch time; 30.663727283477783
Epoch 5/9
	 Logging train Loss: 1.7303e-06 [MSELoss(): t(0,0)_r(0,0)_combi_pTrue_gTrue]
	 Logging test loss: 9.45e-07 [MSELoss(): t(0,0)_r(0,0)_combi_pTrue_gTrue]
	 Logging test loss: 8.81e-08 [MSELoss(): t(0,0)_r(0,0)_full_pTrue_gTrue]
	 Logging test loss: 2.1391e-06 [MSELoss(): t(0,0)_r(0,0)_tennis_pTrue_gTrue]
	 Logging test loss: 1.4821e-06 [MSELoss(): t(0,0)_r(0,0)_semi_pTrue_gTrue]
		--> Epoch time; 30.800121307373047
Epoch 6/9
	 Logging train Loss: 1.01544e-05 [MSELoss(): t(0,0)_r(0,0)_combi_pTrue_gTrue]
	 Logging test loss: 1.5761e-05 [MSELoss(): t(0,0)_r(0,0)_combi_pTrue_gTrue]
	 Logging test loss: 1.7735e-06 [MSELoss(): t(0,0)_r(0,0)_full_pTrue_gTrue]
	 Logging test loss: 3.24151e-05 [MSELoss(): t(0,0)_r(0,0)_tennis_pTrue_gTrue]
	 Logging test loss: 2.92038e-05 [MSELoss(): t(0,0)_r(0,0)_semi_pTrue_gTrue]
		--> Epoch time; 30.710010051727295
Epoch 7/9
	 Logging train Loss: 1.7375e-05 [MSELoss(): t(0,0)_r(0,0)_combi_pTrue_gTrue]
	 Logging test loss: 4.697e-07 [MSELoss(): t(0,0)_r(0,0)_combi_pTrue_gTrue]
wandb: Waiting for W&B process to finish... (success).
wandb: 
wandb: Run history:
wandb:                                      Epoch ▁▂▃▃▄▅▆▆▇█
wandb:  Test loss t(0,0)_r(0,0)_combi_pTrue_gTrue ▇▅▂▂▁▁█▁▃▁
wandb:   Test loss t(0,0)_r(0,0)_full_pTrue_gTrue ▆▄▂▂▁▁█▁▂▁
wandb:   Test loss t(0,0)_r(0,0)_semi_pTrue_gTrue ▅▄▂▁▁▁█▁▃▁
wandb: Test loss t(0,0)_r(0,0)_tennis_pTrue_gTrue █▅▃▂▁▁█▁▃▁
wandb:                                 Train loss █▁▁▁▁▁▁▁▁▁
wandb: 
wandb: Run summary:
wandb:                                      Epoch 9
wandb:  Test loss t(0,0)_r(0,0)_combi_pTrue_gTrue 0.0
wandb:   Test loss t(0,0)_r(0,0)_full_pTrue_gTrue 0.0
wandb:   Test loss t(0,0)_r(0,0)_semi_pTrue_gTrue 0.0
wandb: Test loss t(0,0)_r(0,0)_tennis_pTrue_gTrue 0.0
wandb:                                 Train loss 1e-05
wandb: 
wandb: 🚀 View run solar-forest-258 at: https://wandb.ai/nreints/ThesisFinal2Grav%2Bcoll/runs/qpmx7qxn
wandb: Synced 7 W&B file(s), 0 media file(s), 4 artifact file(s) and 1 other file(s)
wandb: Find logs at: ./wandb/run-20230716_133950-qpmx7qxn/logs
wandb: - Waiting for wandb.init()...wandb: \ Waiting for wandb.init()...wandb: wandb version 0.15.5 is available!  To upgrade, please run:
wandb:  $ pip install wandb --upgrade
wandb: Tracking run with wandb version 0.14.0
wandb: Run data is saved locally in /gpfs/home2/nreints/MScThesis/code/wandb/run-20230716_134647-9ehp7f8x
wandb: Run `wandb offline` to turn off syncing.
wandb: Syncing run astral-river-289
wandb: ⭐️ View project at https://wandb.ai/nreints/ThesisFinal2Grav%2Bcoll
wandb: 🚀 View run at https://wandb.ai/nreints/ThesisFinal2Grav%2Bcoll/runs/9ehp7f8x
wandb: Waiting for W&B process to finish... (success).
wandb: ERROR Error while calling W&B API: An internal error occurred. Please contact support. (<Response [500]>)
wandb: 
wandb: Run history:
wandb:                                      Epoch ▁▂▃▃▄▅▆▆▇█
wandb:  Test loss t(0,0)_r(0,0)_combi_pTrue_gTrue ▃▂▁▁▁█▁▁▃▁
wandb:   Test loss t(0,0)_r(0,0)_full_pTrue_gTrue ▄▂▁▁▁█▁▁▃▁
wandb:   Test loss t(0,0)_r(0,0)_semi_pTrue_gTrue ▂▂▁▁▁█▁▁▃▁
wandb: Test loss t(0,0)_r(0,0)_tennis_pTrue_gTrue ▃▂▁▁▁█▁▁▃▁
wandb:                                 Train loss █▁▁▁▁▁▁▁▁▁
wandb: 
wandb: Run summary:
wandb:                                      Epoch 9
wandb:  Test loss t(0,0)_r(0,0)_combi_pTrue_gTrue 0.0
wandb:   Test loss t(0,0)_r(0,0)_full_pTrue_gTrue 0.0
wandb:   Test loss t(0,0)_r(0,0)_semi_pTrue_gTrue 0.0
wandb: Test loss t(0,0)_r(0,0)_tennis_pTrue_gTrue 0.0
wandb:                                 Train loss 1e-05
wandb: 
wandb: 🚀 View run astral-river-289 at: https://wandb.ai/nreints/ThesisFinal2Grav%2Bcoll/runs/9ehp7f8x
wandb: Synced 7 W&B file(s), 0 media file(s), 4 artifact file(s) and 1 other file(s)
wandb: Find logs at: ./wandb/run-20230716_134647-9ehp7f8x/logs
wandb: - Waiting for wandb.init()...wandb: \ Waiting for wandb.init()...wandb: wandb version 0.15.5 is available!  To upgrade, please run:
wandb:  $ pip install wandb --upgrade
wandb: Tracking run with wandb version 0.14.0
wandb: Run data is saved locally in /gpfs/home2/nreints/MScThesis/code/wandb/run-20230716_135342-ncn2vnrf
wandb: Run `wandb offline` to turn off syncing.
wandb: Syncing run rich-rain-325
wandb: ⭐️ View project at https://wandb.ai/nreints/ThesisFinal2Grav%2Bcoll
wandb: 🚀 View run at https://wandb.ai/nreints/ThesisFinal2Grav%2Bcoll/runs/ncn2vnrf
	 Logging test loss: 4.8e-08 [MSELoss(): t(0,0)_r(0,0)_full_pTrue_gTrue]
	 Logging test loss: 1.0738e-06 [MSELoss(): t(0,0)_r(0,0)_tennis_pTrue_gTrue]
	 Logging test loss: 6.849e-07 [MSELoss(): t(0,0)_r(0,0)_semi_pTrue_gTrue]
		--> Epoch time; 30.735657453536987
Epoch 8/9
	 Logging train Loss: 3.0942e-06 [MSELoss(): t(0,0)_r(0,0)_combi_pTrue_gTrue]
	 Logging test loss: 3.7591e-06 [MSELoss(): t(0,0)_r(0,0)_combi_pTrue_gTrue]
	 Logging test loss: 2.424e-07 [MSELoss(): t(0,0)_r(0,0)_full_pTrue_gTrue]
	 Logging test loss: 8.6136e-06 [MSELoss(): t(0,0)_r(0,0)_tennis_pTrue_gTrue]
	 Logging test loss: 7.6023e-06 [MSELoss(): t(0,0)_r(0,0)_semi_pTrue_gTrue]
		--> Epoch time; 30.677326917648315
Epoch 9/9
	 Logging train Loss: 1.24783e-05 [MSELoss(): t(0,0)_r(0,0)_combi_pTrue_gTrue]
	 Logging test loss: 3.652e-07 [MSELoss(): t(0,0)_r(0,0)_combi_pTrue_gTrue]
	 Logging test loss: 3.06e-08 [MSELoss(): t(0,0)_r(0,0)_full_pTrue_gTrue]
	 Logging test loss: 8.384e-07 [MSELoss(): t(0,0)_r(0,0)_tennis_pTrue_gTrue]
	 Logging test loss: 5.396e-07 [MSELoss(): t(0,0)_r(0,0)_semi_pTrue_gTrue]
		--> Epoch time; 30.487980127334595
Saved model in  trained_models/gru/data_t(0,0)_r(0,0)_combi_pTrue_gTrue/'quat_1'_'False'.pth
It took  417.1438879966736  seconds.
----- ITERATION 9/10 ------
Number of train simulations:  1920
Number of test simulations:  480
The dataloader for data/data_t(0,0)_r(0,0)_combi_pTrue_gTrue took 48.21189284324646 seconds.
-- Finished Train Dataloader --
The dataloader for data/data_t(0,0)_r(0,0)_combi_pTrue_gTrue took 12.05699634552002 seconds.
The dataloader for data/data_t(0,0)_r(0,0)_full_pTrue_gTrue took 12.077530860900879 seconds.
The dataloader for data/data_t(0,0)_r(0,0)_tennis_pTrue_gTrue took 12.040069103240967 seconds.
The dataloader for data/data_t(0,0)_r(0,0)_semi_pTrue_gTrue took 12.025931119918823 seconds.
-- Finished Test Dataloader(s) --
GRU(
  (rnn): GRU(7, 96, batch_first=True)
  (fc): Linear(in_features=96, out_features=7, bias=True)
)
Datatype: quat_1
-- Started Training --
Epoch 0/9
	 Logging train Loss: 0.0055424487 [MSELoss(): t(0,0)_r(0,0)_combi_pTrue_gTrue]
	 Logging test loss: 1.53683e-05 [MSELoss(): t(0,0)_r(0,0)_combi_pTrue_gTrue]
	 Logging test loss: 1.599e-06 [MSELoss(): t(0,0)_r(0,0)_full_pTrue_gTrue]
	 Logging test loss: 3.40482e-05 [MSELoss(): t(0,0)_r(0,0)_tennis_pTrue_gTrue]
	 Logging test loss: 2.27776e-05 [MSELoss(): t(0,0)_r(0,0)_semi_pTrue_gTrue]
		--> Epoch time; 30.250348567962646
Epoch 1/9
	 Logging train Loss: 1.09734e-05 [MSELoss(): t(0,0)_r(0,0)_combi_pTrue_gTrue]
	 Logging test loss: 8.411e-06 [MSELoss(): t(0,0)_r(0,0)_combi_pTrue_gTrue]
	 Logging test loss: 8.803e-07 [MSELoss(): t(0,0)_r(0,0)_full_pTrue_gTrue]
	 Logging test loss: 1.90105e-05 [MSELoss(): t(0,0)_r(0,0)_tennis_pTrue_gTrue]
	 Logging test loss: 1.21888e-05 [MSELoss(): t(0,0)_r(0,0)_semi_pTrue_gTrue]
		--> Epoch time; 30.451305389404297
Epoch 2/9
	 Logging train Loss: 5.3178e-06 [MSELoss(): t(0,0)_r(0,0)_combi_pTrue_gTrue]
	 Logging test loss: 3.1686e-06 [MSELoss(): t(0,0)_r(0,0)_combi_pTrue_gTrue]
	 Logging test loss: 2.921e-07 [MSELoss(): t(0,0)_r(0,0)_full_pTrue_gTrue]
	 Logging test loss: 7.045e-06 [MSELoss(): t(0,0)_r(0,0)_tennis_pTrue_gTrue]
	 Logging test loss: 4.9984e-06 [MSELoss(): t(0,0)_r(0,0)_semi_pTrue_gTrue]
		--> Epoch time; 30.48423957824707
Epoch 3/9
	 Logging train Loss: 2.0997e-06 [MSELoss(): t(0,0)_r(0,0)_combi_pTrue_gTrue]
	 Logging test loss: 1.6448e-06 [MSELoss(): t(0,0)_r(0,0)_combi_pTrue_gTrue]
	 Logging test loss: 2.163e-07 [MSELoss(): t(0,0)_r(0,0)_full_pTrue_gTrue]
	 Logging test loss: 3.4605e-06 [MSELoss(): t(0,0)_r(0,0)_tennis_pTrue_gTrue]
	 Logging test loss: 2.5722e-06 [MSELoss(): t(0,0)_r(0,0)_semi_pTrue_gTrue]
		--> Epoch time; 30.539623022079468
Epoch 4/9
	 Logging train Loss: 3.6896e-06 [MSELoss(): t(0,0)_r(0,0)_combi_pTrue_gTrue]
	 Logging test loss: 2.7891e-06 [MSELoss(): t(0,0)_r(0,0)_combi_pTrue_gTrue]
	 Logging test loss: 1.797e-07 [MSELoss(): t(0,0)_r(0,0)_full_pTrue_gTrue]
	 Logging test loss: 5.5199e-06 [MSELoss(): t(0,0)_r(0,0)_tennis_pTrue_gTrue]
	 Logging test loss: 5.2304e-06 [MSELoss(): t(0,0)_r(0,0)_semi_pTrue_gTrue]
		--> Epoch time; 30.445141553878784
Epoch 5/9
	 Logging train Loss: 2.49732e-05 [MSELoss(): t(0,0)_r(0,0)_combi_pTrue_gTrue]
	 Logging test loss: 6.92738e-05 [MSELoss(): t(0,0)_r(0,0)_combi_pTrue_gTrue]
	 Logging test loss: 4.4023e-06 [MSELoss(): t(0,0)_r(0,0)_full_pTrue_gTrue]
	 Logging test loss: 0.0001278493 [MSELoss(): t(0,0)_r(0,0)_tennis_pTrue_gTrue]
	 Logging test loss: 0.0001331053 [MSELoss(): t(0,0)_r(0,0)_semi_pTrue_gTrue]
		--> Epoch time; 30.328125476837158
Epoch 6/9
	 Logging train Loss: 9.9087e-06 [MSELoss(): t(0,0)_r(0,0)_combi_pTrue_gTrue]
	 Logging test loss: 6.156e-07 [MSELoss(): t(0,0)_r(0,0)_combi_pTrue_gTrue]
	 Logging test loss: 8.09e-08 [MSELoss(): t(0,0)_r(0,0)_full_pTrue_gTrue]
	 Logging test loss: 1.2764e-06 [MSELoss(): t(0,0)_r(0,0)_tennis_pTrue_gTrue]
	 Logging test loss: 9.535e-07 [MSELoss(): t(0,0)_r(0,0)_semi_pTrue_gTrue]
		--> Epoch time; 30.209656953811646
Epoch 7/9
	 Logging train Loss: 1.36999e-05 [MSELoss(): t(0,0)_r(0,0)_combi_pTrue_gTrue]
	 Logging test loss: 5.721e-07 [MSELoss(): t(0,0)_r(0,0)_combi_pTrue_gTrue]
	 Logging test loss: 6.11e-08 [MSELoss(): t(0,0)_r(0,0)_full_pTrue_gTrue]
	 Logging test loss: 1.1892e-06 [MSELoss(): t(0,0)_r(0,0)_tennis_pTrue_gTrue]
	 Logging test loss: 9.235e-07 [MSELoss(): t(0,0)_r(0,0)_semi_pTrue_gTrue]
		--> Epoch time; 30.42493748664856
Epoch 8/9
	 Logging train Loss: 9.1005e-06 [MSELoss(): t(0,0)_r(0,0)_combi_pTrue_gTrue]
	 Logging test loss: 2.11008e-05 [MSELoss(): t(0,0)_r(0,0)_combi_pTrue_gTrue]
	 Logging test loss: 1.2005e-06 [MSELoss(): t(0,0)_r(0,0)_full_pTrue_gTrue]
	 Logging test loss: 4.0019e-05 [MSELoss(): t(0,0)_r(0,0)_tennis_pTrue_gTrue]
	 Logging test loss: 4.33639e-05 [MSELoss(): t(0,0)_r(0,0)_semi_pTrue_gTrue]
		--> Epoch time; 30.473033666610718
Epoch 9/9
	 Logging train Loss: 9.0934e-06 [MSELoss(): t(0,0)_r(0,0)_combi_pTrue_gTrue]
	 Logging test loss: 2.92e-07 [MSELoss(): t(0,0)_r(0,0)_combi_pTrue_gTrue]
	 Logging test loss: 2.94e-08 [MSELoss(): t(0,0)_r(0,0)_full_pTrue_gTrue]
	 Logging test loss: 6.335e-07 [MSELoss(): t(0,0)_r(0,0)_tennis_pTrue_gTrue]
	 Logging test loss: 4.427e-07 [MSELoss(): t(0,0)_r(0,0)_semi_pTrue_gTrue]
		--> Epoch time; 30.383234977722168
Saved model in  trained_models/gru/data_t(0,0)_r(0,0)_combi_pTrue_gTrue/'quat_1'_'False'.pth
It took  415.1053936481476  seconds.
----- ITERATION 10/10 ------
Number of train simulations:  1920
Number of test simulations:  480
The dataloader for data/data_t(0,0)_r(0,0)_combi_pTrue_gTrue took 48.41105508804321 seconds.
-- Finished Train Dataloader --
The dataloader for data/data_t(0,0)_r(0,0)_combi_pTrue_gTrue took 12.049087762832642 seconds.
The dataloader for data/data_t(0,0)_r(0,0)_full_pTrue_gTrue took 12.231240272521973 seconds.
The dataloader for data/data_t(0,0)_r(0,0)_tennis_pTrue_gTrue took 12.027844429016113 seconds.
The dataloader for data/data_t(0,0)_r(0,0)_semi_pTrue_gTrue took 12.150202751159668 seconds.
-- Finished Test Dataloader(s) --
GRU(
  (rnn): GRU(7, 96, batch_first=True)
  (fc): Linear(in_features=96, out_features=7, bias=True)
)
Datatype: quat_1
-- Started Training --
Epoch 0/9
	 Logging train Loss: 0.0122856684 [MSELoss(): t(0,0)_r(0,0)_combi_pTrue_gTrue]
	 Logging test loss: 1.40153e-05 [MSELoss(): t(0,0)_r(0,0)_combi_pTrue_gTrue]
	 Logging test loss: 1.8562e-06 [MSELoss(): t(0,0)_r(0,0)_full_pTrue_gTrue]
	 Logging test loss: 3.71713e-05 [MSELoss(): t(0,0)_r(0,0)_tennis_pTrue_gTrue]
	 Logging test loss: 2.69384e-05 [MSELoss(): t(0,0)_r(0,0)_semi_pTrue_gTrue]
		--> Epoch time; 30.597248315811157
Epoch 1/9
	 Logging train Loss: 1.34652e-05 [MSELoss(): t(0,0)_r(0,0)_combi_pTrue_gTrue]
	 Logging test loss: 8.7587e-06 [MSELoss(): t(0,0)_r(0,0)_combi_pTrue_gTrue]
	 Logging test loss: 9.873e-07 [MSELoss(): t(0,0)_r(0,0)_full_pTrue_gTrue]
	 Logging test loss: 2.56459e-05 [MSELoss(): t(0,0)_r(0,0)_tennis_pTrue_gTrue]
	 Logging test loss: 1.72652e-05 [MSELoss(): t(0,0)_r(0,0)_semi_pTrue_gTrue]
		--> Epoch time; 30.65365743637085
Epoch 2/9
wandb: Waiting for W&B process to finish... (success).
wandb: 
wandb: Run history:
wandb:                                      Epoch ▁▂▃▃▄▅▆▆▇█
wandb:  Test loss t(0,0)_r(0,0)_combi_pTrue_gTrue █▅▄▂▁▁▁▃▁▁
wandb:   Test loss t(0,0)_r(0,0)_full_pTrue_gTrue █▅▄▂▁▁▁▂▁▁
wandb:   Test loss t(0,0)_r(0,0)_semi_pTrue_gTrue █▅▄▂▁▁▁▃▁▁
wandb: Test loss t(0,0)_r(0,0)_tennis_pTrue_gTrue █▆▄▂▁▁▁▂▁▁
wandb:                                 Train loss █▁▁▁▁▁▁▁▁▁
wandb: 
wandb: Run summary:
wandb:                                      Epoch 9
wandb:  Test loss t(0,0)_r(0,0)_combi_pTrue_gTrue 0.0
wandb:   Test loss t(0,0)_r(0,0)_full_pTrue_gTrue 0.0
wandb:   Test loss t(0,0)_r(0,0)_semi_pTrue_gTrue 0.0
wandb: Test loss t(0,0)_r(0,0)_tennis_pTrue_gTrue 0.0
wandb:                                 Train loss 1e-05
wandb: 
wandb: 🚀 View run rich-rain-325 at: https://wandb.ai/nreints/ThesisFinal2Grav%2Bcoll/runs/ncn2vnrf
wandb: Synced 7 W&B file(s), 0 media file(s), 4 artifact file(s) and 1 other file(s)
wandb: Find logs at: ./wandb/run-20230716_135342-ncn2vnrf/logs
	 Logging train Loss: 9.2865e-06 [MSELoss(): t(0,0)_r(0,0)_combi_pTrue_gTrue]
	 Logging test loss: 5.733e-06 [MSELoss(): t(0,0)_r(0,0)_combi_pTrue_gTrue]
	 Logging test loss: 7.234e-07 [MSELoss(): t(0,0)_r(0,0)_full_pTrue_gTrue]
	 Logging test loss: 1.66153e-05 [MSELoss(): t(0,0)_r(0,0)_tennis_pTrue_gTrue]
	 Logging test loss: 1.1105e-05 [MSELoss(): t(0,0)_r(0,0)_semi_pTrue_gTrue]
		--> Epoch time; 30.629323959350586
Epoch 3/9
	 Logging train Loss: 5.0697e-06 [MSELoss(): t(0,0)_r(0,0)_combi_pTrue_gTrue]
	 Logging test loss: 2.554e-06 [MSELoss(): t(0,0)_r(0,0)_combi_pTrue_gTrue]
	 Logging test loss: 2.51e-07 [MSELoss(): t(0,0)_r(0,0)_full_pTrue_gTrue]
	 Logging test loss: 6.878e-06 [MSELoss(): t(0,0)_r(0,0)_tennis_pTrue_gTrue]
	 Logging test loss: 4.7287e-06 [MSELoss(): t(0,0)_r(0,0)_semi_pTrue_gTrue]
		--> Epoch time; 30.44832158088684
Epoch 4/9
	 Logging train Loss: 2.0171e-06 [MSELoss(): t(0,0)_r(0,0)_combi_pTrue_gTrue]
	 Logging test loss: 1.1017e-06 [MSELoss(): t(0,0)_r(0,0)_combi_pTrue_gTrue]
	 Logging test loss: 1.01e-07 [MSELoss(): t(0,0)_r(0,0)_full_pTrue_gTrue]
	 Logging test loss: 2.8212e-06 [MSELoss(): t(0,0)_r(0,0)_tennis_pTrue_gTrue]
	 Logging test loss: 1.9768e-06 [MSELoss(): t(0,0)_r(0,0)_semi_pTrue_gTrue]
		--> Epoch time; 30.586201667785645
Epoch 5/9
	 Logging train Loss: 1.0681e-06 [MSELoss(): t(0,0)_r(0,0)_combi_pTrue_gTrue]
	 Logging test loss: 7.066e-07 [MSELoss(): t(0,0)_r(0,0)_combi_pTrue_gTrue]
	 Logging test loss: 1.055e-07 [MSELoss(): t(0,0)_r(0,0)_full_pTrue_gTrue]
	 Logging test loss: 1.7983e-06 [MSELoss(): t(0,0)_r(0,0)_tennis_pTrue_gTrue]
	 Logging test loss: 1.296e-06 [MSELoss(): t(0,0)_r(0,0)_semi_pTrue_gTrue]
		--> Epoch time; 30.717890739440918
Epoch 6/9
	 Logging train Loss: 8.7865e-06 [MSELoss(): t(0,0)_r(0,0)_combi_pTrue_gTrue]
	 Logging test loss: 5.462e-07 [MSELoss(): t(0,0)_r(0,0)_combi_pTrue_gTrue]
	 Logging test loss: 9.66e-08 [MSELoss(): t(0,0)_r(0,0)_full_pTrue_gTrue]
	 Logging test loss: 1.3859e-06 [MSELoss(): t(0,0)_r(0,0)_tennis_pTrue_gTrue]
	 Logging test loss: 1.0172e-06 [MSELoss(): t(0,0)_r(0,0)_semi_pTrue_gTrue]
		--> Epoch time; 30.920549631118774
Epoch 7/9
	 Logging train Loss: 1.24122e-05 [MSELoss(): t(0,0)_r(0,0)_combi_pTrue_gTrue]
	 Logging test loss: 3.7107e-06 [MSELoss(): t(0,0)_r(0,0)_combi_pTrue_gTrue]
	 Logging test loss: 2.45e-07 [MSELoss(): t(0,0)_r(0,0)_full_pTrue_gTrue]
	 Logging test loss: 7.7078e-06 [MSELoss(): t(0,0)_r(0,0)_tennis_pTrue_gTrue]
	 Logging test loss: 7.0617e-06 [MSELoss(): t(0,0)_r(0,0)_semi_pTrue_gTrue]
		--> Epoch time; 30.74106192588806
Epoch 8/9
	 Logging train Loss: 1.49257e-05 [MSELoss(): t(0,0)_r(0,0)_combi_pTrue_gTrue]
	 Logging test loss: 3.646e-07 [MSELoss(): t(0,0)_r(0,0)_combi_pTrue_gTrue]
	 Logging test loss: 4.33e-08 [MSELoss(): t(0,0)_r(0,0)_full_pTrue_gTrue]
	 Logging test loss: 1.0018e-06 [MSELoss(): t(0,0)_r(0,0)_tennis_pTrue_gTrue]
	 Logging test loss: 7.082e-07 [MSELoss(): t(0,0)_r(0,0)_semi_pTrue_gTrue]
		--> Epoch time; 30.943984031677246
Epoch 9/9
	 Logging train Loss: 1.12731e-05 [MSELoss(): t(0,0)_r(0,0)_combi_pTrue_gTrue]
	 Logging test loss: 3.751e-07 [MSELoss(): t(0,0)_r(0,0)_combi_pTrue_gTrue]
	 Logging test loss: 4.05e-08 [MSELoss(): t(0,0)_r(0,0)_full_pTrue_gTrue]
	 Logging test loss: 9.947e-07 [MSELoss(): t(0,0)_r(0,0)_tennis_pTrue_gTrue]
	 Logging test loss: 7.271e-07 [MSELoss(): t(0,0)_r(0,0)_semi_pTrue_gTrue]
		--> Epoch time; 30.587939262390137
Saved model in  trained_models/gru/data_t(0,0)_r(0,0)_combi_pTrue_gTrue/'quat_1'_'False'.pth
It took  415.3990669250488  seconds.

JOB STATISTICS
==============
Job ID: 3081644
Array Job ID: 3081615_31
Cluster: snellius
User/Group: nreints/nreints
State: COMPLETED (exit code 0)
Nodes: 1
Cores per node: 18
CPU Utilized: 01:16:12
CPU Efficiency: 6.07% of 20:55:30 core-walltime
Job Wall-clock time: 01:09:45
Memory Utilized: 7.81 GB
Memory Efficiency: 0.00% of 0.00 MB
