wandb: Currently logged in as: nreints. Use `wandb login --relogin` to force relogin
wandb: wandb version 0.15.5 is available!  To upgrade, please run:
wandb:  $ pip install wandb --upgrade
wandb: Tracking run with wandb version 0.14.0
wandb: Run data is saved locally in /gpfs/home2/nreints/MScThesis/code/wandb/run-20230710_190451-3zmb7otq
wandb: Run `wandb offline` to turn off syncing.
wandb: Syncing run twilight-durian-1390
wandb: â­ï¸ View project at https://wandb.ai/nreints/ThesisFinal2
wandb: ðŸš€ View run at https://wandb.ai/nreints/ThesisFinal2/runs/3zmb7otq
wandb: Waiting for W&B process to finish... (success).
wandb: 
wandb: Run history:
wandb:                                       Epoch â–â–‚â–ƒâ–ƒâ–„â–…â–†â–†â–‡â–ˆ
wandb:   Test loss t(0,0)_r(0,0)_combi_pNone_gTrue â–ˆâ–â–â–â–â–â–â–â–â–
wandb:   Test loss t(0,0)_r(0,0)_combi_pTrue_gTrue â–ˆâ–â–â–â–â–â–â–â–â–
wandb: Test loss t(5,20)_r(5,20)_combi_pNone_gNone â–ˆâ–‚â–‚â–â–‚â–â–â–â–â–
wandb:   Test loss tennis_pNone_gNone_tennisEffect â–ˆâ–‚â–‚â–â–‚â–â–â–â–â–
wandb:                                  Train loss â–ˆâ–â–â–â–â–â–â–â–â–
wandb: 
wandb: Run summary:
wandb:                                       Epoch 9
wandb:   Test loss t(0,0)_r(0,0)_combi_pNone_gTrue 0.0
wandb:   Test loss t(0,0)_r(0,0)_combi_pTrue_gTrue 0.0
wandb: Test loss t(5,20)_r(5,20)_combi_pNone_gNone 0.0
wandb:   Test loss tennis_pNone_gNone_tennisEffect 2e-05
wandb:                                  Train loss 0.0
wandb: 
wandb: ðŸš€ View run twilight-durian-1390 at: https://wandb.ai/nreints/ThesisFinal2/runs/3zmb7otq
wandb: Synced 7 W&B file(s), 0 media file(s), 4 artifact file(s) and 1 other file(s)
wandb: Find logs at: ./wandb/run-20230710_190451-3zmb7otq/logs
wandb: - Waiting for wandb.init()...wandb: \ Waiting for wandb.init()...wandb: wandb version 0.15.5 is available!  To upgrade, please run:
wandb:  $ pip install wandb --upgrade
wandb: Tracking run with wandb version 0.14.0
wandb: Run data is saved locally in /gpfs/home2/nreints/MScThesis/code/wandb/run-20230710_191221-xbxjjki9
wandb: Run `wandb offline` to turn off syncing.
wandb: Syncing run fine-bee-1399
wandb: â­ï¸ View project at https://wandb.ai/nreints/ThesisFinal2
wandb: ðŸš€ View run at https://wandb.ai/nreints/ThesisFinal2/runs/xbxjjki9
Training on dataset: data_t(5,20)_r(5,20)_combi_pNone_gNone
Testing on 4 datasets: ['data_t(5,20)_r(5,20)_combi_pNone_gNone', 'data_t(0,0)_r(0,0)_combi_pNone_gTrue', 'data_tennis_pNone_gNone_tennisEffect', 'data_t(0,0)_r(0,0)_combi_pTrue_gTrue']
Focussing on identity: True
Using extra input: False
Using fr-fr as reference point.
----- ITERATION 1/10 ------
Number of train simulations:  1920
Number of test simulations:  480
The dataloader for data/data_t(5,20)_r(5,20)_combi_pNone_gNone took 51.622769594192505 seconds.
-- Finished Train Dataloader --
The dataloader for data/data_t(5,20)_r(5,20)_combi_pNone_gNone took 13.021644353866577 seconds.
The dataloader for data/data_t(0,0)_r(0,0)_combi_pNone_gTrue took 13.07025957107544 seconds.
The dataloader for data/data_tennis_pNone_gNone_tennisEffect took 12.85277533531189 seconds.
The dataloader for data/data_t(0,0)_r(0,0)_combi_pTrue_gTrue took 12.366442918777466 seconds.
-- Finished Test Dataloader(s) --
GRU(
  (rnn): GRU(8, 96, batch_first=True)
  (fc): Linear(in_features=96, out_features=8, bias=True)
)
Datatype: dual_quat_1
-- Started Training --
Epoch 0/9
	 Logging train Loss: 0.0006096659 [MSELoss(): t(5,20)_r(5,20)_combi_pNone_gNone]
	 Logging test loss: 4.44003e-05 [MSELoss(): t(5,20)_r(5,20)_combi_pNone_gNone]
	 Logging test loss: 0.0003143502 [MSELoss(): t(0,0)_r(0,0)_combi_pNone_gTrue]
	 Logging test loss: 0.0003711277 [MSELoss(): tennis_pNone_gNone_tennisEffect]
	 Logging test loss: 0.0002794877 [MSELoss(): t(0,0)_r(0,0)_combi_pTrue_gTrue]
		--> Epoch time; 34.25323796272278
Epoch 1/9
	 Logging train Loss: 1.86212e-05 [MSELoss(): t(5,20)_r(5,20)_combi_pNone_gNone]
	 Logging test loss: 6.3321e-06 [MSELoss(): t(5,20)_r(5,20)_combi_pNone_gNone]
	 Logging test loss: 1.77881e-05 [MSELoss(): t(0,0)_r(0,0)_combi_pNone_gTrue]
	 Logging test loss: 6.42118e-05 [MSELoss(): tennis_pNone_gNone_tennisEffect]
	 Logging test loss: 1.65754e-05 [MSELoss(): t(0,0)_r(0,0)_combi_pTrue_gTrue]
		--> Epoch time; 33.3024787902832
Epoch 2/9
	 Logging train Loss: 8.1685e-06 [MSELoss(): t(5,20)_r(5,20)_combi_pNone_gNone]
	 Logging test loss: 7.5422e-06 [MSELoss(): t(5,20)_r(5,20)_combi_pNone_gNone]
	 Logging test loss: 1.17671e-05 [MSELoss(): t(0,0)_r(0,0)_combi_pNone_gTrue]
	 Logging test loss: 5.38664e-05 [MSELoss(): tennis_pNone_gNone_tennisEffect]
	 Logging test loss: 1.10624e-05 [MSELoss(): t(0,0)_r(0,0)_combi_pTrue_gTrue]
		--> Epoch time; 32.89447331428528
Epoch 3/9
	 Logging train Loss: 7.9555e-06 [MSELoss(): t(5,20)_r(5,20)_combi_pNone_gNone]
	 Logging test loss: 5.1926e-06 [MSELoss(): t(5,20)_r(5,20)_combi_pNone_gNone]
	 Logging test loss: 7.6293e-06 [MSELoss(): t(0,0)_r(0,0)_combi_pNone_gTrue]
	 Logging test loss: 4.50052e-05 [MSELoss(): tennis_pNone_gNone_tennisEffect]
	 Logging test loss: 7.2199e-06 [MSELoss(): t(0,0)_r(0,0)_combi_pTrue_gTrue]
		--> Epoch time; 32.750858783721924
Epoch 4/9
	 Logging train Loss: 7.1893e-06 [MSELoss(): t(5,20)_r(5,20)_combi_pNone_gNone]
	 Logging test loss: 8.47e-06 [MSELoss(): t(5,20)_r(5,20)_combi_pNone_gNone]
	 Logging test loss: 1.03653e-05 [MSELoss(): t(0,0)_r(0,0)_combi_pNone_gTrue]
	 Logging test loss: 4.69109e-05 [MSELoss(): tennis_pNone_gNone_tennisEffect]
	 Logging test loss: 1.05583e-05 [MSELoss(): t(0,0)_r(0,0)_combi_pTrue_gTrue]
		--> Epoch time; 33.45176291465759
Epoch 5/9
	 Logging train Loss: 6.8535e-06 [MSELoss(): t(5,20)_r(5,20)_combi_pNone_gNone]
	 Logging test loss: 4.2646e-06 [MSELoss(): t(5,20)_r(5,20)_combi_pNone_gNone]
	 Logging test loss: 4.9507e-06 [MSELoss(): t(0,0)_r(0,0)_combi_pNone_gTrue]
	 Logging test loss: 3.59669e-05 [MSELoss(): tennis_pNone_gNone_tennisEffect]
	 Logging test loss: 4.6343e-06 [MSELoss(): t(0,0)_r(0,0)_combi_pTrue_gTrue]
		--> Epoch time; 33.16212272644043
Epoch 6/9
	 Logging train Loss: 5.4521e-06 [MSELoss(): t(5,20)_r(5,20)_combi_pNone_gNone]
	 Logging test loss: 4.9173e-06 [MSELoss(): t(5,20)_r(5,20)_combi_pNone_gNone]
	 Logging test loss: 5.0356e-06 [MSELoss(): t(0,0)_r(0,0)_combi_pNone_gTrue]
	 Logging test loss: 3.30947e-05 [MSELoss(): tennis_pNone_gNone_tennisEffect]
	 Logging test loss: 4.7115e-06 [MSELoss(): t(0,0)_r(0,0)_combi_pTrue_gTrue]
		--> Epoch time; 33.04494881629944
Epoch 7/9
	 Logging train Loss: 5.2051e-06 [MSELoss(): t(5,20)_r(5,20)_combi_pNone_gNone]
	 Logging test loss: 4.9062e-06 [MSELoss(): t(5,20)_r(5,20)_combi_pNone_gNone]
	 Logging test loss: 4.4427e-06 [MSELoss(): t(0,0)_r(0,0)_combi_pNone_gTrue]
	 Logging test loss: 3.00934e-05 [MSELoss(): tennis_pNone_gNone_tennisEffect]
	 Logging test loss: 4.2716e-06 [MSELoss(): t(0,0)_r(0,0)_combi_pTrue_gTrue]
		--> Epoch time; 33.79329824447632
Epoch 8/9
	 Logging train Loss: 4.2147e-06 [MSELoss(): t(5,20)_r(5,20)_combi_pNone_gNone]
	 Logging test loss: 2.5838e-06 [MSELoss(): t(5,20)_r(5,20)_combi_pNone_gNone]
	 Logging test loss: 2.2792e-06 [MSELoss(): t(0,0)_r(0,0)_combi_pNone_gTrue]
	 Logging test loss: 2.283e-05 [MSELoss(): tennis_pNone_gNone_tennisEffect]
	 Logging test loss: 2.1178e-06 [MSELoss(): t(0,0)_r(0,0)_combi_pTrue_gTrue]
		--> Epoch time; 33.21794772148132
Epoch 9/9
	 Logging train Loss: 3.9006e-06 [MSELoss(): t(5,20)_r(5,20)_combi_pNone_gNone]
	 Logging test loss: 2.7522e-06 [MSELoss(): t(5,20)_r(5,20)_combi_pNone_gNone]
	 Logging test loss: 2.4448e-06 [MSELoss(): t(0,0)_r(0,0)_combi_pNone_gTrue]
	 Logging test loss: 2.055e-05 [MSELoss(): tennis_pNone_gNone_tennisEffect]
	 Logging test loss: 2.2746e-06 [MSELoss(): t(0,0)_r(0,0)_combi_pTrue_gTrue]
		--> Epoch time; 33.032336473464966
Saved model in  trained_models/gru/data_t(5,20)_r(5,20)_combi_pNone_gNone/'dual_quat_1'_'False'.pth
It took  451.12814950942993  seconds.
----- ITERATION 2/10 ------
Number of train simulations:  1920
Number of test simulations:  480
The dataloader for data/data_t(5,20)_r(5,20)_combi_pNone_gNone took 47.301795959472656 seconds.
-- Finished Train Dataloader --
The dataloader for data/data_t(5,20)_r(5,20)_combi_pNone_gNone took 11.392966985702515 seconds.
The dataloader for data/data_t(0,0)_r(0,0)_combi_pNone_gTrue took 12.23887324333191 seconds.
The dataloader for data/data_tennis_pNone_gNone_tennisEffect took 12.012255907058716 seconds.
The dataloader for data/data_t(0,0)_r(0,0)_combi_pTrue_gTrue took 11.975157737731934 seconds.
-- Finished Test Dataloader(s) --
GRU(
  (rnn): GRU(8, 96, batch_first=True)
  (fc): Linear(in_features=96, out_features=8, bias=True)
)
Datatype: dual_quat_1
-- Started Training --
Epoch 0/9
	 Logging train Loss: 0.0004261768 [MSELoss(): t(5,20)_r(5,20)_combi_pNone_gNone]
	 Logging test loss: 1.2622e-05 [MSELoss(): t(5,20)_r(5,20)_combi_pNone_gNone]
	 Logging test loss: 3.2092e-05 [MSELoss(): t(0,0)_r(0,0)_combi_pNone_gTrue]
	 Logging test loss: 9.7919e-05 [MSELoss(): tennis_pNone_gNone_tennisEffect]
	 Logging test loss: 3.09404e-05 [MSELoss(): t(0,0)_r(0,0)_combi_pTrue_gTrue]
		--> Epoch time; 33.66913342475891
Epoch 1/9
	 Logging train Loss: 1.13895e-05 [MSELoss(): t(5,20)_r(5,20)_combi_pNone_gNone]
	 Logging test loss: 5.5664e-06 [MSELoss(): t(5,20)_r(5,20)_combi_pNone_gNone]
	 Logging test loss: 1.03049e-05 [MSELoss(): t(0,0)_r(0,0)_combi_pNone_gTrue]
	 Logging test loss: 5.43499e-05 [MSELoss(): tennis_pNone_gNone_tennisEffect]
	 Logging test loss: 9.2919e-06 [MSELoss(): t(0,0)_r(0,0)_combi_pTrue_gTrue]
		--> Epoch time; 33.481547117233276
Epoch 2/9
	 Logging train Loss: 8.9384e-06 [MSELoss(): t(5,20)_r(5,20)_combi_pNone_gNone]
	 Logging test loss: 5.0146e-06 [MSELoss(): t(5,20)_r(5,20)_combi_pNone_gNone]
	 Logging test loss: 7.0776e-06 [MSELoss(): t(0,0)_r(0,0)_combi_pNone_gTrue]
	 Logging test loss: 4.83716e-05 [MSELoss(): tennis_pNone_gNone_tennisEffect]
	 Logging test loss: 6.6885e-06 [MSELoss(): t(0,0)_r(0,0)_combi_pTrue_gTrue]
		--> Epoch time; 33.14643120765686
Epoch 3/9
	 Logging train Loss: 8.2268e-06 [MSELoss(): t(5,20)_r(5,20)_combi_pNone_gNone]
	 Logging test loss: 5.1893e-06 [MSELoss(): t(5,20)_r(5,20)_combi_pNone_gNone]
	 Logging test loss: 5.9549e-06 [MSELoss(): t(0,0)_r(0,0)_combi_pNone_gTrue]
	 Logging test loss: 4.45328e-05 [MSELoss(): tennis_pNone_gNone_tennisEffect]
	 Logging test loss: 5.7081e-06 [MSELoss(): t(0,0)_r(0,0)_combi_pTrue_gTrue]
		--> Epoch time; 33.368876457214355
Epoch 4/9
wandb: Waiting for W&B process to finish... (success).
wandb: 
wandb: Run history:
wandb:                                       Epoch â–â–‚â–ƒâ–ƒâ–„â–…â–†â–†â–‡â–ˆ
wandb:   Test loss t(0,0)_r(0,0)_combi_pNone_gTrue â–ˆâ–ƒâ–‚â–‚â–‚â–â–â–â–â–
wandb:   Test loss t(0,0)_r(0,0)_combi_pTrue_gTrue â–ˆâ–ƒâ–‚â–‚â–‚â–‚â–â–â–â–‚
wandb: Test loss t(5,20)_r(5,20)_combi_pNone_gNone â–ˆâ–ƒâ–ƒâ–ƒâ–ƒâ–ƒâ–‚â–â–â–‚
wandb:   Test loss tennis_pNone_gNone_tennisEffect â–ˆâ–„â–„â–ƒâ–ƒâ–‚â–‚â–â–â–
wandb:                                  Train loss â–ˆâ–â–â–â–â–â–â–â–â–
wandb: 
wandb: Run summary:
wandb:                                       Epoch 9
wandb:   Test loss t(0,0)_r(0,0)_combi_pNone_gTrue 0.0
wandb:   Test loss t(0,0)_r(0,0)_combi_pTrue_gTrue 0.0
wandb: Test loss t(5,20)_r(5,20)_combi_pNone_gNone 0.0
wandb:   Test loss tennis_pNone_gNone_tennisEffect 2e-05
wandb:                                  Train loss 0.0
wandb: 
wandb: ðŸš€ View run fine-bee-1399 at: https://wandb.ai/nreints/ThesisFinal2/runs/xbxjjki9
wandb: Synced 7 W&B file(s), 0 media file(s), 4 artifact file(s) and 1 other file(s)
wandb: Find logs at: ./wandb/run-20230710_191221-xbxjjki9/logs
wandb: - Waiting for wandb.init()...wandb: \ Waiting for wandb.init()...wandb: wandb version 0.15.5 is available!  To upgrade, please run:
wandb:  $ pip install wandb --upgrade
wandb: Tracking run with wandb version 0.14.0
wandb: Run data is saved locally in /gpfs/home2/nreints/MScThesis/code/wandb/run-20230710_191943-5euezkyr
wandb: Run `wandb offline` to turn off syncing.
wandb: Syncing run clear-snowball-1406
wandb: â­ï¸ View project at https://wandb.ai/nreints/ThesisFinal2
wandb: ðŸš€ View run at https://wandb.ai/nreints/ThesisFinal2/runs/5euezkyr
wandb: Waiting for W&B process to finish... (success).
wandb: 
wandb: Run history:
wandb:                                       Epoch â–â–‚â–ƒâ–ƒâ–„â–…â–†â–†â–‡â–ˆ
wandb:   Test loss t(0,0)_r(0,0)_combi_pNone_gTrue â–ˆâ–‚â–â–â–â–â–â–â–â–
wandb:   Test loss t(0,0)_r(0,0)_combi_pTrue_gTrue â–ˆâ–‚â–â–â–â–â–â–â–â–
wandb: Test loss t(5,20)_r(5,20)_combi_pNone_gNone â–ˆâ–‚â–‚â–â–â–â–â–â–â–
wandb:   Test loss tennis_pNone_gNone_tennisEffect â–ˆâ–‚â–‚â–â–â–â–â–â–â–
wandb:                                  Train loss â–ˆâ–â–â–â–â–â–â–â–â–
wandb: 
wandb: Run summary:
wandb:                                       Epoch 9
wandb:   Test loss t(0,0)_r(0,0)_combi_pNone_gTrue 0.0
wandb:   Test loss t(0,0)_r(0,0)_combi_pTrue_gTrue 0.0
wandb: Test loss t(5,20)_r(5,20)_combi_pNone_gNone 0.0
wandb:   Test loss tennis_pNone_gNone_tennisEffect 3e-05
wandb:                                  Train loss 0.0
wandb: 
wandb: ðŸš€ View run clear-snowball-1406 at: https://wandb.ai/nreints/ThesisFinal2/runs/5euezkyr
wandb: Synced 7 W&B file(s), 0 media file(s), 4 artifact file(s) and 1 other file(s)
wandb: Find logs at: ./wandb/run-20230710_191943-5euezkyr/logs
wandb: - Waiting for wandb.init()...wandb: \ Waiting for wandb.init()...wandb: wandb version 0.15.5 is available!  To upgrade, please run:
wandb:  $ pip install wandb --upgrade
wandb: Tracking run with wandb version 0.14.0
wandb: Run data is saved locally in /gpfs/home2/nreints/MScThesis/code/wandb/run-20230710_192659-8p00tqp2
wandb: Run `wandb offline` to turn off syncing.
wandb: Syncing run worldly-deluge-1413
wandb: â­ï¸ View project at https://wandb.ai/nreints/ThesisFinal2
wandb: ðŸš€ View run at https://wandb.ai/nreints/ThesisFinal2/runs/8p00tqp2
	 Logging train Loss: 6.8105e-06 [MSELoss(): t(5,20)_r(5,20)_combi_pNone_gNone]
	 Logging test loss: 5.4586e-06 [MSELoss(): t(5,20)_r(5,20)_combi_pNone_gNone]
	 Logging test loss: 5.3029e-06 [MSELoss(): t(0,0)_r(0,0)_combi_pNone_gTrue]
	 Logging test loss: 3.96428e-05 [MSELoss(): tennis_pNone_gNone_tennisEffect]
	 Logging test loss: 5.3167e-06 [MSELoss(): t(0,0)_r(0,0)_combi_pTrue_gTrue]
		--> Epoch time; 33.047614336013794
Epoch 5/9
	 Logging train Loss: 6.2853e-06 [MSELoss(): t(5,20)_r(5,20)_combi_pNone_gNone]
	 Logging test loss: 4.6841e-06 [MSELoss(): t(5,20)_r(5,20)_combi_pNone_gNone]
	 Logging test loss: 4.2248e-06 [MSELoss(): t(0,0)_r(0,0)_combi_pNone_gTrue]
	 Logging test loss: 3.4421e-05 [MSELoss(): tennis_pNone_gNone_tennisEffect]
	 Logging test loss: 4.2491e-06 [MSELoss(): t(0,0)_r(0,0)_combi_pTrue_gTrue]
		--> Epoch time; 33.284154176712036
Epoch 6/9
	 Logging train Loss: 5.0973e-06 [MSELoss(): t(5,20)_r(5,20)_combi_pNone_gNone]
	 Logging test loss: 4.245e-06 [MSELoss(): t(5,20)_r(5,20)_combi_pNone_gNone]
	 Logging test loss: 4.0831e-06 [MSELoss(): t(0,0)_r(0,0)_combi_pNone_gTrue]
	 Logging test loss: 3.01197e-05 [MSELoss(): tennis_pNone_gNone_tennisEffect]
	 Logging test loss: 4.0003e-06 [MSELoss(): t(0,0)_r(0,0)_combi_pTrue_gTrue]
		--> Epoch time; 33.35501837730408
Epoch 7/9
	 Logging train Loss: 4.3205e-06 [MSELoss(): t(5,20)_r(5,20)_combi_pNone_gNone]
	 Logging test loss: 2.7003e-06 [MSELoss(): t(5,20)_r(5,20)_combi_pNone_gNone]
	 Logging test loss: 2.2424e-06 [MSELoss(): t(0,0)_r(0,0)_combi_pNone_gTrue]
	 Logging test loss: 2.37464e-05 [MSELoss(): tennis_pNone_gNone_tennisEffect]
	 Logging test loss: 2.1136e-06 [MSELoss(): t(0,0)_r(0,0)_combi_pTrue_gTrue]
		--> Epoch time; 33.122719287872314
Epoch 8/9
	 Logging train Loss: 3.841e-06 [MSELoss(): t(5,20)_r(5,20)_combi_pNone_gNone]
	 Logging test loss: 2.4388e-06 [MSELoss(): t(5,20)_r(5,20)_combi_pNone_gNone]
	 Logging test loss: 2.2237e-06 [MSELoss(): t(0,0)_r(0,0)_combi_pNone_gTrue]
	 Logging test loss: 1.92809e-05 [MSELoss(): tennis_pNone_gNone_tennisEffect]
	 Logging test loss: 2.0915e-06 [MSELoss(): t(0,0)_r(0,0)_combi_pTrue_gTrue]
		--> Epoch time; 32.962228775024414
Epoch 9/9
	 Logging train Loss: 3.1833e-06 [MSELoss(): t(5,20)_r(5,20)_combi_pNone_gNone]
	 Logging test loss: 3.4802e-06 [MSELoss(): t(5,20)_r(5,20)_combi_pNone_gNone]
	 Logging test loss: 4.0676e-06 [MSELoss(): t(0,0)_r(0,0)_combi_pNone_gTrue]
	 Logging test loss: 2.01971e-05 [MSELoss(): tennis_pNone_gNone_tennisEffect]
	 Logging test loss: 4.185e-06 [MSELoss(): t(0,0)_r(0,0)_combi_pTrue_gTrue]
		--> Epoch time; 33.06259274482727
Saved model in  trained_models/gru/data_t(5,20)_r(5,20)_combi_pNone_gNone/'dual_quat_1'_'False'.pth
It took  441.9976394176483  seconds.
----- ITERATION 3/10 ------
Number of train simulations:  1920
Number of test simulations:  480
The dataloader for data/data_t(5,20)_r(5,20)_combi_pNone_gNone took 47.18065118789673 seconds.
-- Finished Train Dataloader --
The dataloader for data/data_t(5,20)_r(5,20)_combi_pNone_gNone took 11.770904064178467 seconds.
The dataloader for data/data_t(0,0)_r(0,0)_combi_pNone_gTrue took 11.449315786361694 seconds.
The dataloader for data/data_tennis_pNone_gNone_tennisEffect took 12.044055700302124 seconds.
The dataloader for data/data_t(0,0)_r(0,0)_combi_pTrue_gTrue took 12.053823947906494 seconds.
-- Finished Test Dataloader(s) --
GRU(
  (rnn): GRU(8, 96, batch_first=True)
  (fc): Linear(in_features=96, out_features=8, bias=True)
)
Datatype: dual_quat_1
-- Started Training --
Epoch 0/9
	 Logging train Loss: 0.0007584389 [MSELoss(): t(5,20)_r(5,20)_combi_pNone_gNone]
	 Logging test loss: 5.52303e-05 [MSELoss(): t(5,20)_r(5,20)_combi_pNone_gNone]
	 Logging test loss: 0.000341367 [MSELoss(): t(0,0)_r(0,0)_combi_pNone_gTrue]
	 Logging test loss: 0.0004583696 [MSELoss(): tennis_pNone_gNone_tennisEffect]
	 Logging test loss: 0.0003138426 [MSELoss(): t(0,0)_r(0,0)_combi_pTrue_gTrue]
		--> Epoch time; 32.60207486152649
Epoch 1/9
	 Logging train Loss: 2.46461e-05 [MSELoss(): t(5,20)_r(5,20)_combi_pNone_gNone]
	 Logging test loss: 8.7469e-06 [MSELoss(): t(5,20)_r(5,20)_combi_pNone_gNone]
	 Logging test loss: 3.49431e-05 [MSELoss(): t(0,0)_r(0,0)_combi_pNone_gTrue]
	 Logging test loss: 8.34411e-05 [MSELoss(): tennis_pNone_gNone_tennisEffect]
	 Logging test loss: 3.43814e-05 [MSELoss(): t(0,0)_r(0,0)_combi_pTrue_gTrue]
		--> Epoch time; 33.091105699539185
Epoch 2/9
	 Logging train Loss: 8.0776e-06 [MSELoss(): t(5,20)_r(5,20)_combi_pNone_gNone]
	 Logging test loss: 8.6716e-06 [MSELoss(): t(5,20)_r(5,20)_combi_pNone_gNone]
	 Logging test loss: 1.69164e-05 [MSELoss(): t(0,0)_r(0,0)_combi_pNone_gTrue]
	 Logging test loss: 5.93832e-05 [MSELoss(): tennis_pNone_gNone_tennisEffect]
	 Logging test loss: 1.55721e-05 [MSELoss(): t(0,0)_r(0,0)_combi_pTrue_gTrue]
		--> Epoch time; 33.100759983062744
Epoch 3/9
	 Logging train Loss: 7.4809e-06 [MSELoss(): t(5,20)_r(5,20)_combi_pNone_gNone]
	 Logging test loss: 7.197e-06 [MSELoss(): t(5,20)_r(5,20)_combi_pNone_gNone]
	 Logging test loss: 1.188e-05 [MSELoss(): t(0,0)_r(0,0)_combi_pNone_gTrue]
	 Logging test loss: 5.08101e-05 [MSELoss(): tennis_pNone_gNone_tennisEffect]
	 Logging test loss: 1.1061e-05 [MSELoss(): t(0,0)_r(0,0)_combi_pTrue_gTrue]
		--> Epoch time; 32.91702747344971
Epoch 4/9
	 Logging train Loss: 7.6221e-06 [MSELoss(): t(5,20)_r(5,20)_combi_pNone_gNone]
	 Logging test loss: 5.3626e-06 [MSELoss(): t(5,20)_r(5,20)_combi_pNone_gNone]
	 Logging test loss: 7.8526e-06 [MSELoss(): t(0,0)_r(0,0)_combi_pNone_gTrue]
	 Logging test loss: 4.32412e-05 [MSELoss(): tennis_pNone_gNone_tennisEffect]
	 Logging test loss: 7.3002e-06 [MSELoss(): t(0,0)_r(0,0)_combi_pTrue_gTrue]
		--> Epoch time; 32.63552188873291
Epoch 5/9
	 Logging train Loss: 6.469e-06 [MSELoss(): t(5,20)_r(5,20)_combi_pNone_gNone]
	 Logging test loss: 5.5465e-06 [MSELoss(): t(5,20)_r(5,20)_combi_pNone_gNone]
	 Logging test loss: 6.2235e-06 [MSELoss(): t(0,0)_r(0,0)_combi_pNone_gTrue]
	 Logging test loss: 3.91607e-05 [MSELoss(): tennis_pNone_gNone_tennisEffect]
	 Logging test loss: 5.7991e-06 [MSELoss(): t(0,0)_r(0,0)_combi_pTrue_gTrue]
		--> Epoch time; 32.76706862449646
Epoch 6/9
	 Logging train Loss: 5.8066e-06 [MSELoss(): t(5,20)_r(5,20)_combi_pNone_gNone]
	 Logging test loss: 6.4461e-06 [MSELoss(): t(5,20)_r(5,20)_combi_pNone_gNone]
	 Logging test loss: 6.0779e-06 [MSELoss(): t(0,0)_r(0,0)_combi_pNone_gTrue]
	 Logging test loss: 3.76277e-05 [MSELoss(): tennis_pNone_gNone_tennisEffect]
	 Logging test loss: 5.8558e-06 [MSELoss(): t(0,0)_r(0,0)_combi_pTrue_gTrue]
		--> Epoch time; 32.98850059509277
Epoch 7/9
	 Logging train Loss: 5.2548e-06 [MSELoss(): t(5,20)_r(5,20)_combi_pNone_gNone]
	 Logging test loss: 5.0637e-06 [MSELoss(): t(5,20)_r(5,20)_combi_pNone_gNone]
	 Logging test loss: 4.3433e-06 [MSELoss(): t(0,0)_r(0,0)_combi_pNone_gTrue]
	 Logging test loss: 3.35504e-05 [MSELoss(): tennis_pNone_gNone_tennisEffect]
	 Logging test loss: 4.5126e-06 [MSELoss(): t(0,0)_r(0,0)_combi_pTrue_gTrue]
		--> Epoch time; 32.90146064758301
Epoch 8/9
	 Logging train Loss: 4.6394e-06 [MSELoss(): t(5,20)_r(5,20)_combi_pNone_gNone]
	 Logging test loss: 4.4828e-06 [MSELoss(): t(5,20)_r(5,20)_combi_pNone_gNone]
	 Logging test loss: 3.295e-06 [MSELoss(): t(0,0)_r(0,0)_combi_pNone_gTrue]
	 Logging test loss: 2.93959e-05 [MSELoss(): tennis_pNone_gNone_tennisEffect]
	 Logging test loss: 3.4048e-06 [MSELoss(): t(0,0)_r(0,0)_combi_pTrue_gTrue]
		--> Epoch time; 32.65851068496704
Epoch 9/9
	 Logging train Loss: 3.8035e-06 [MSELoss(): t(5,20)_r(5,20)_combi_pNone_gNone]
	 Logging test loss: 4.8169e-06 [MSELoss(): t(5,20)_r(5,20)_combi_pNone_gNone]
	 Logging test loss: 3.6891e-06 [MSELoss(): t(0,0)_r(0,0)_combi_pNone_gTrue]
	 Logging test loss: 2.58057e-05 [MSELoss(): tennis_pNone_gNone_tennisEffect]
	 Logging test loss: 4.0221e-06 [MSELoss(): t(0,0)_r(0,0)_combi_pTrue_gTrue]
		--> Epoch time; 33.336973905563354
Saved model in  trained_models/gru/data_t(5,20)_r(5,20)_combi_pNone_gNone/'dual_quat_1'_'False'.pth
It took  435.99367356300354  seconds.
----- ITERATION 4/10 ------
Number of train simulations:  1920
Number of test simulations:  480
wandb: Waiting for W&B process to finish... (success).
wandb: 
wandb: Run history:
wandb:                                       Epoch â–â–‚â–ƒâ–ƒâ–„â–…â–†â–†â–‡â–ˆ
wandb:   Test loss t(0,0)_r(0,0)_combi_pNone_gTrue â–ˆâ–â–â–â–â–â–â–â–â–
wandb:   Test loss t(0,0)_r(0,0)_combi_pTrue_gTrue â–ˆâ–â–â–â–â–â–â–â–â–
wandb: Test loss t(5,20)_r(5,20)_combi_pNone_gNone â–ˆâ–‚â–â–‚â–â–â–â–â–â–
wandb:   Test loss tennis_pNone_gNone_tennisEffect â–ˆâ–‚â–‚â–‚â–â–â–â–â–â–
wandb:                                  Train loss â–ˆâ–â–â–â–â–â–â–â–â–
wandb: 
wandb: Run summary:
wandb:                                       Epoch 9
wandb:   Test loss t(0,0)_r(0,0)_combi_pNone_gTrue 0.0
wandb:   Test loss t(0,0)_r(0,0)_combi_pTrue_gTrue 0.0
wandb: Test loss t(5,20)_r(5,20)_combi_pNone_gNone 0.0
wandb:   Test loss tennis_pNone_gNone_tennisEffect 2e-05
wandb:                                  Train loss 0.0
wandb: 
wandb: ðŸš€ View run worldly-deluge-1413 at: https://wandb.ai/nreints/ThesisFinal2/runs/8p00tqp2
wandb: Synced 7 W&B file(s), 0 media file(s), 4 artifact file(s) and 1 other file(s)
wandb: Find logs at: ./wandb/run-20230710_192659-8p00tqp2/logs
wandb: - Waiting for wandb.init()...wandb: \ Waiting for wandb.init()...wandb: wandb version 0.15.5 is available!  To upgrade, please run:
wandb:  $ pip install wandb --upgrade
wandb: Tracking run with wandb version 0.14.0
wandb: Run data is saved locally in /gpfs/home2/nreints/MScThesis/code/wandb/run-20230710_193416-jpmn2p7a
wandb: Run `wandb offline` to turn off syncing.
wandb: Syncing run valiant-snowflake-1421
wandb: â­ï¸ View project at https://wandb.ai/nreints/ThesisFinal2
wandb: ðŸš€ View run at https://wandb.ai/nreints/ThesisFinal2/runs/jpmn2p7a
The dataloader for data/data_t(5,20)_r(5,20)_combi_pNone_gNone took 47.58047580718994 seconds.
-- Finished Train Dataloader --
The dataloader for data/data_t(5,20)_r(5,20)_combi_pNone_gNone took 11.778619050979614 seconds.
The dataloader for data/data_t(0,0)_r(0,0)_combi_pNone_gTrue took 11.51157832145691 seconds.
The dataloader for data/data_tennis_pNone_gNone_tennisEffect took 12.015097379684448 seconds.
The dataloader for data/data_t(0,0)_r(0,0)_combi_pTrue_gTrue took 11.93587064743042 seconds.
-- Finished Test Dataloader(s) --
GRU(
  (rnn): GRU(8, 96, batch_first=True)
  (fc): Linear(in_features=96, out_features=8, bias=True)
)
Datatype: dual_quat_1
-- Started Training --
Epoch 0/9
	 Logging train Loss: 0.0008042848 [MSELoss(): t(5,20)_r(5,20)_combi_pNone_gNone]
	 Logging test loss: 4.90048e-05 [MSELoss(): t(5,20)_r(5,20)_combi_pNone_gNone]
	 Logging test loss: 0.0002774978 [MSELoss(): t(0,0)_r(0,0)_combi_pNone_gTrue]
	 Logging test loss: 0.0003896901 [MSELoss(): tennis_pNone_gNone_tennisEffect]
	 Logging test loss: 0.0002362184 [MSELoss(): t(0,0)_r(0,0)_combi_pTrue_gTrue]
		--> Epoch time; 32.75740194320679
Epoch 1/9
	 Logging train Loss: 2.0398e-05 [MSELoss(): t(5,20)_r(5,20)_combi_pNone_gNone]
	 Logging test loss: 8.7793e-06 [MSELoss(): t(5,20)_r(5,20)_combi_pNone_gNone]
	 Logging test loss: 1.95355e-05 [MSELoss(): t(0,0)_r(0,0)_combi_pNone_gTrue]
	 Logging test loss: 6.3848e-05 [MSELoss(): tennis_pNone_gNone_tennisEffect]
	 Logging test loss: 1.73922e-05 [MSELoss(): t(0,0)_r(0,0)_combi_pTrue_gTrue]
		--> Epoch time; 32.48078656196594
Epoch 2/9
	 Logging train Loss: 6.8577e-06 [MSELoss(): t(5,20)_r(5,20)_combi_pNone_gNone]
	 Logging test loss: 5.3575e-06 [MSELoss(): t(5,20)_r(5,20)_combi_pNone_gNone]
	 Logging test loss: 1.12678e-05 [MSELoss(): t(0,0)_r(0,0)_combi_pNone_gTrue]
	 Logging test loss: 4.90106e-05 [MSELoss(): tennis_pNone_gNone_tennisEffect]
	 Logging test loss: 1.00582e-05 [MSELoss(): t(0,0)_r(0,0)_combi_pTrue_gTrue]
		--> Epoch time; 32.65322661399841
Epoch 3/9
	 Logging train Loss: 6.2296e-06 [MSELoss(): t(5,20)_r(5,20)_combi_pNone_gNone]
	 Logging test loss: 8.8473e-06 [MSELoss(): t(5,20)_r(5,20)_combi_pNone_gNone]
	 Logging test loss: 1.22648e-05 [MSELoss(): t(0,0)_r(0,0)_combi_pNone_gTrue]
	 Logging test loss: 5.00827e-05 [MSELoss(): tennis_pNone_gNone_tennisEffect]
	 Logging test loss: 1.17389e-05 [MSELoss(): t(0,0)_r(0,0)_combi_pTrue_gTrue]
		--> Epoch time; 32.87588381767273
Epoch 4/9
	 Logging train Loss: 5.9519e-06 [MSELoss(): t(5,20)_r(5,20)_combi_pNone_gNone]
	 Logging test loss: 4.5658e-06 [MSELoss(): t(5,20)_r(5,20)_combi_pNone_gNone]
	 Logging test loss: 6.1367e-06 [MSELoss(): t(0,0)_r(0,0)_combi_pNone_gTrue]
	 Logging test loss: 3.85501e-05 [MSELoss(): tennis_pNone_gNone_tennisEffect]
	 Logging test loss: 5.594e-06 [MSELoss(): t(0,0)_r(0,0)_combi_pTrue_gTrue]
		--> Epoch time; 32.887550830841064
Epoch 5/9
	 Logging train Loss: 5.7735e-06 [MSELoss(): t(5,20)_r(5,20)_combi_pNone_gNone]
	 Logging test loss: 3.8629e-06 [MSELoss(): t(5,20)_r(5,20)_combi_pNone_gNone]
	 Logging test loss: 4.5122e-06 [MSELoss(): t(0,0)_r(0,0)_combi_pNone_gTrue]
	 Logging test loss: 3.33003e-05 [MSELoss(): tennis_pNone_gNone_tennisEffect]
	 Logging test loss: 4.0943e-06 [MSELoss(): t(0,0)_r(0,0)_combi_pTrue_gTrue]
		--> Epoch time; 32.90580129623413
Epoch 6/9
	 Logging train Loss: 5.2073e-06 [MSELoss(): t(5,20)_r(5,20)_combi_pNone_gNone]
	 Logging test loss: 3.3606e-06 [MSELoss(): t(5,20)_r(5,20)_combi_pNone_gNone]
	 Logging test loss: 2.9046e-06 [MSELoss(): t(0,0)_r(0,0)_combi_pNone_gTrue]
	 Logging test loss: 2.98199e-05 [MSELoss(): tennis_pNone_gNone_tennisEffect]
	 Logging test loss: 2.742e-06 [MSELoss(): t(0,0)_r(0,0)_combi_pTrue_gTrue]
		--> Epoch time; 32.62399482727051
Epoch 7/9
	 Logging train Loss: 4.8477e-06 [MSELoss(): t(5,20)_r(5,20)_combi_pNone_gNone]
	 Logging test loss: 6.067e-06 [MSELoss(): t(5,20)_r(5,20)_combi_pNone_gNone]
	 Logging test loss: 5.8898e-06 [MSELoss(): t(0,0)_r(0,0)_combi_pNone_gTrue]
	 Logging test loss: 3.11353e-05 [MSELoss(): tennis_pNone_gNone_tennisEffect]
	 Logging test loss: 5.9804e-06 [MSELoss(): t(0,0)_r(0,0)_combi_pTrue_gTrue]
		--> Epoch time; 33.03443264961243
Epoch 8/9
	 Logging train Loss: 3.9523e-06 [MSELoss(): t(5,20)_r(5,20)_combi_pNone_gNone]
	 Logging test loss: 3.6308e-06 [MSELoss(): t(5,20)_r(5,20)_combi_pNone_gNone]
	 Logging test loss: 2.7254e-06 [MSELoss(): t(0,0)_r(0,0)_combi_pNone_gTrue]
	 Logging test loss: 2.47643e-05 [MSELoss(): tennis_pNone_gNone_tennisEffect]
	 Logging test loss: 2.8235e-06 [MSELoss(): t(0,0)_r(0,0)_combi_pTrue_gTrue]
		--> Epoch time; 33.077370405197144
Epoch 9/9
	 Logging train Loss: 3.8519e-06 [MSELoss(): t(5,20)_r(5,20)_combi_pNone_gNone]
	 Logging test loss: 2.8129e-06 [MSELoss(): t(5,20)_r(5,20)_combi_pNone_gNone]
	 Logging test loss: 1.9665e-06 [MSELoss(): t(0,0)_r(0,0)_combi_pNone_gTrue]
	 Logging test loss: 2.01735e-05 [MSELoss(): tennis_pNone_gNone_tennisEffect]
	 Logging test loss: 1.871e-06 [MSELoss(): t(0,0)_r(0,0)_combi_pTrue_gTrue]
		--> Epoch time; 32.76371431350708
Saved model in  trained_models/gru/data_t(5,20)_r(5,20)_combi_pNone_gNone/'dual_quat_1'_'False'.pth
It took  436.1028962135315  seconds.
----- ITERATION 5/10 ------
Number of train simulations:  1920
Number of test simulations:  480
The dataloader for data/data_t(5,20)_r(5,20)_combi_pNone_gNone took 48.23486351966858 seconds.
-- Finished Train Dataloader --
The dataloader for data/data_t(5,20)_r(5,20)_combi_pNone_gNone took 12.08125352859497 seconds.
The dataloader for data/data_t(0,0)_r(0,0)_combi_pNone_gTrue took 11.964253425598145 seconds.
The dataloader for data/data_tennis_pNone_gNone_tennisEffect took 12.007238864898682 seconds.
The dataloader for data/data_t(0,0)_r(0,0)_combi_pTrue_gTrue took 12.105809688568115 seconds.
-- Finished Test Dataloader(s) --
GRU(
  (rnn): GRU(8, 96, batch_first=True)
  (fc): Linear(in_features=96, out_features=8, bias=True)
)
Datatype: dual_quat_1
-- Started Training --
Epoch 0/9
	 Logging train Loss: 0.000746845 [MSELoss(): t(5,20)_r(5,20)_combi_pNone_gNone]
	 Logging test loss: 4.91671e-05 [MSELoss(): t(5,20)_r(5,20)_combi_pNone_gNone]
	 Logging test loss: 0.0003800582 [MSELoss(): t(0,0)_r(0,0)_combi_pNone_gTrue]
	 Logging test loss: 0.0004278581 [MSELoss(): tennis_pNone_gNone_tennisEffect]
	 Logging test loss: 0.000329577 [MSELoss(): t(0,0)_r(0,0)_combi_pTrue_gTrue]
		--> Epoch time; 33.21938371658325
Epoch 1/9
	 Logging train Loss: 1.9224e-05 [MSELoss(): t(5,20)_r(5,20)_combi_pNone_gNone]
	 Logging test loss: 6.327e-06 [MSELoss(): t(5,20)_r(5,20)_combi_pNone_gNone]
	 Logging test loss: 2.18395e-05 [MSELoss(): t(0,0)_r(0,0)_combi_pNone_gTrue]
	 Logging test loss: 5.92183e-05 [MSELoss(): tennis_pNone_gNone_tennisEffect]
	 Logging test loss: 1.86245e-05 [MSELoss(): t(0,0)_r(0,0)_combi_pTrue_gTrue]
		--> Epoch time; 33.09907531738281
Epoch 2/9
	 Logging train Loss: 6.6545e-06 [MSELoss(): t(5,20)_r(5,20)_combi_pNone_gNone]
	 Logging test loss: 5.3007e-06 [MSELoss(): t(5,20)_r(5,20)_combi_pNone_gNone]
	 Logging test loss: 1.20559e-05 [MSELoss(): t(0,0)_r(0,0)_combi_pNone_gTrue]
	 Logging test loss: 4.69061e-05 [MSELoss(): tennis_pNone_gNone_tennisEffect]
	 Logging test loss: 1.04677e-05 [MSELoss(): t(0,0)_r(0,0)_combi_pTrue_gTrue]
		--> Epoch time; 33.39870834350586
Epoch 3/9
	 Logging train Loss: 6.5201e-06 [MSELoss(): t(5,20)_r(5,20)_combi_pNone_gNone]
	 Logging test loss: 4.6813e-06 [MSELoss(): t(5,20)_r(5,20)_combi_pNone_gNone]
	 Logging test loss: 8.5633e-06 [MSELoss(): t(0,0)_r(0,0)_combi_pNone_gTrue]
	 Logging test loss: 4.09391e-05 [MSELoss(): tennis_pNone_gNone_tennisEffect]
	 Logging test loss: 7.4584e-06 [MSELoss(): t(0,0)_r(0,0)_combi_pTrue_gTrue]
		--> Epoch time; 32.92865252494812
Epoch 4/9
	 Logging train Loss: 5.8823e-06 [MSELoss(): t(5,20)_r(5,20)_combi_pNone_gNone]
	 Logging test loss: 4.7766e-06 [MSELoss(): t(5,20)_r(5,20)_combi_pNone_gNone]
	 Logging test loss: 6.9734e-06 [MSELoss(): t(0,0)_r(0,0)_combi_pNone_gTrue]
	 Logging test loss: 3.70107e-05 [MSELoss(): tennis_pNone_gNone_tennisEffect]
	 Logging test loss: 6.2165e-06 [MSELoss(): t(0,0)_r(0,0)_combi_pTrue_gTrue]
		--> Epoch time; 33.33108878135681
Epoch 5/9
wandb: Waiting for W&B process to finish... (success).
wandb: 
wandb: Run history:
wandb:                                       Epoch â–â–‚â–ƒâ–ƒâ–„â–…â–†â–†â–‡â–ˆ
wandb:   Test loss t(0,0)_r(0,0)_combi_pNone_gTrue â–ˆâ–â–â–â–â–â–â–â–â–
wandb:   Test loss t(0,0)_r(0,0)_combi_pTrue_gTrue â–ˆâ–â–â–â–â–â–â–â–â–
wandb: Test loss t(5,20)_r(5,20)_combi_pNone_gNone â–ˆâ–‚â–â–â–â–â–â–â–â–
wandb:   Test loss tennis_pNone_gNone_tennisEffect â–ˆâ–‚â–â–â–â–â–â–â–â–
wandb:                                  Train loss â–ˆâ–â–â–â–â–â–â–â–â–
wandb: 
wandb: Run summary:
wandb:                                       Epoch 9
wandb:   Test loss t(0,0)_r(0,0)_combi_pNone_gTrue 0.0
wandb:   Test loss t(0,0)_r(0,0)_combi_pTrue_gTrue 0.0
wandb: Test loss t(5,20)_r(5,20)_combi_pNone_gNone 0.0
wandb:   Test loss tennis_pNone_gNone_tennisEffect 2e-05
wandb:                                  Train loss 0.0
wandb: 
wandb: ðŸš€ View run valiant-snowflake-1421 at: https://wandb.ai/nreints/ThesisFinal2/runs/jpmn2p7a
wandb: Synced 7 W&B file(s), 0 media file(s), 4 artifact file(s) and 1 other file(s)
wandb: Find logs at: ./wandb/run-20230710_193416-jpmn2p7a/logs
wandb: - Waiting for wandb.init()...wandb: \ Waiting for wandb.init()...wandb: wandb version 0.15.5 is available!  To upgrade, please run:
wandb:  $ pip install wandb --upgrade
wandb: Tracking run with wandb version 0.14.0
wandb: Run data is saved locally in /gpfs/home2/nreints/MScThesis/code/wandb/run-20230710_194137-snf5yycj
wandb: Run `wandb offline` to turn off syncing.
wandb: Syncing run genial-dawn-1428
wandb: â­ï¸ View project at https://wandb.ai/nreints/ThesisFinal2
wandb: ðŸš€ View run at https://wandb.ai/nreints/ThesisFinal2/runs/snf5yycj
wandb: Waiting for W&B process to finish... (success).
wandb: 
wandb: Run history:
wandb:                                       Epoch â–â–‚â–ƒâ–ƒâ–„â–…â–†â–†â–‡â–ˆ
wandb:   Test loss t(0,0)_r(0,0)_combi_pNone_gTrue â–ˆâ–‚â–â–â–â–â–â–â–â–
wandb:   Test loss t(0,0)_r(0,0)_combi_pTrue_gTrue â–ˆâ–‚â–â–â–â–â–â–â–â–
wandb: Test loss t(5,20)_r(5,20)_combi_pNone_gNone â–ˆâ–‚â–‚â–‚â–â–â–‚â–‚â–‚â–
wandb:   Test loss tennis_pNone_gNone_tennisEffect â–ˆâ–‚â–‚â–‚â–‚â–â–â–â–â–
wandb:                                  Train loss â–ˆâ–â–â–â–â–â–â–â–â–
wandb: 
wandb: Run summary:
wandb:                                       Epoch 9
wandb:   Test loss t(0,0)_r(0,0)_combi_pNone_gTrue 0.0
wandb:   Test loss t(0,0)_r(0,0)_combi_pTrue_gTrue 0.0
wandb: Test loss t(5,20)_r(5,20)_combi_pNone_gNone 0.0
wandb:   Test loss tennis_pNone_gNone_tennisEffect 2e-05
wandb:                                  Train loss 0.0
wandb: 
wandb: ðŸš€ View run genial-dawn-1428 at: https://wandb.ai/nreints/ThesisFinal2/runs/snf5yycj
wandb: Synced 7 W&B file(s), 0 media file(s), 4 artifact file(s) and 1 other file(s)
wandb: Find logs at: ./wandb/run-20230710_194137-snf5yycj/logs
wandb: - Waiting for wandb.init()...wandb: \ Waiting for wandb.init()...wandb: wandb version 0.15.5 is available!  To upgrade, please run:
wandb:  $ pip install wandb --upgrade
wandb: Tracking run with wandb version 0.14.0
wandb: Run data is saved locally in /gpfs/home2/nreints/MScThesis/code/wandb/run-20230710_194900-5iab1mhv
wandb: Run `wandb offline` to turn off syncing.
wandb: Syncing run winter-aardvark-1436
wandb: â­ï¸ View project at https://wandb.ai/nreints/ThesisFinal2
wandb: ðŸš€ View run at https://wandb.ai/nreints/ThesisFinal2/runs/5iab1mhv
	 Logging train Loss: 5.8249e-06 [MSELoss(): t(5,20)_r(5,20)_combi_pNone_gNone]
	 Logging test loss: 4.1615e-06 [MSELoss(): t(5,20)_r(5,20)_combi_pNone_gNone]
	 Logging test loss: 5.0181e-06 [MSELoss(): t(0,0)_r(0,0)_combi_pNone_gTrue]
	 Logging test loss: 3.27967e-05 [MSELoss(): tennis_pNone_gNone_tennisEffect]
	 Logging test loss: 4.5032e-06 [MSELoss(): t(0,0)_r(0,0)_combi_pTrue_gTrue]
		--> Epoch time; 33.17226791381836
Epoch 6/9
	 Logging train Loss: 5.3542e-06 [MSELoss(): t(5,20)_r(5,20)_combi_pNone_gNone]
	 Logging test loss: 4.6027e-06 [MSELoss(): t(5,20)_r(5,20)_combi_pNone_gNone]
	 Logging test loss: 4.8081e-06 [MSELoss(): t(0,0)_r(0,0)_combi_pNone_gTrue]
	 Logging test loss: 3.10621e-05 [MSELoss(): tennis_pNone_gNone_tennisEffect]
	 Logging test loss: 4.4276e-06 [MSELoss(): t(0,0)_r(0,0)_combi_pTrue_gTrue]
		--> Epoch time; 33.33668112754822
Epoch 7/9
	 Logging train Loss: 4.8321e-06 [MSELoss(): t(5,20)_r(5,20)_combi_pNone_gNone]
	 Logging test loss: 3.1996e-06 [MSELoss(): t(5,20)_r(5,20)_combi_pNone_gNone]
	 Logging test loss: 2.6407e-06 [MSELoss(): t(0,0)_r(0,0)_combi_pNone_gTrue]
	 Logging test loss: 2.57831e-05 [MSELoss(): tennis_pNone_gNone_tennisEffect]
	 Logging test loss: 2.4655e-06 [MSELoss(): t(0,0)_r(0,0)_combi_pTrue_gTrue]
		--> Epoch time; 33.25360345840454
Epoch 8/9
	 Logging train Loss: 3.9563e-06 [MSELoss(): t(5,20)_r(5,20)_combi_pNone_gNone]
	 Logging test loss: 2.5491e-06 [MSELoss(): t(5,20)_r(5,20)_combi_pNone_gNone]
	 Logging test loss: 1.6209e-06 [MSELoss(): t(0,0)_r(0,0)_combi_pNone_gTrue]
	 Logging test loss: 2.09877e-05 [MSELoss(): tennis_pNone_gNone_tennisEffect]
	 Logging test loss: 1.4647e-06 [MSELoss(): t(0,0)_r(0,0)_combi_pTrue_gTrue]
		--> Epoch time; 33.1036581993103
Epoch 9/9
	 Logging train Loss: 3.6401e-06 [MSELoss(): t(5,20)_r(5,20)_combi_pNone_gNone]
	 Logging test loss: 2.2175e-06 [MSELoss(): t(5,20)_r(5,20)_combi_pNone_gNone]
	 Logging test loss: 1.3273e-06 [MSELoss(): t(0,0)_r(0,0)_combi_pNone_gTrue]
	 Logging test loss: 1.76964e-05 [MSELoss(): tennis_pNone_gNone_tennisEffect]
	 Logging test loss: 1.2288e-06 [MSELoss(): t(0,0)_r(0,0)_combi_pTrue_gTrue]
		--> Epoch time; 33.318360567092896
Saved model in  trained_models/gru/data_t(5,20)_r(5,20)_combi_pNone_gNone/'dual_quat_1'_'False'.pth
It took  441.1854672431946  seconds.
----- ITERATION 6/10 ------
Number of train simulations:  1920
Number of test simulations:  480
The dataloader for data/data_t(5,20)_r(5,20)_combi_pNone_gNone took 48.27115511894226 seconds.
-- Finished Train Dataloader --
The dataloader for data/data_t(5,20)_r(5,20)_combi_pNone_gNone took 12.010738849639893 seconds.
The dataloader for data/data_t(0,0)_r(0,0)_combi_pNone_gTrue took 12.0250244140625 seconds.
The dataloader for data/data_tennis_pNone_gNone_tennisEffect took 11.98682975769043 seconds.
The dataloader for data/data_t(0,0)_r(0,0)_combi_pTrue_gTrue took 12.014426708221436 seconds.
-- Finished Test Dataloader(s) --
GRU(
  (rnn): GRU(8, 96, batch_first=True)
  (fc): Linear(in_features=96, out_features=8, bias=True)
)
Datatype: dual_quat_1
-- Started Training --
Epoch 0/9
	 Logging train Loss: 0.0006992926 [MSELoss(): t(5,20)_r(5,20)_combi_pNone_gNone]
	 Logging test loss: 3.05146e-05 [MSELoss(): t(5,20)_r(5,20)_combi_pNone_gNone]
	 Logging test loss: 6.63045e-05 [MSELoss(): t(0,0)_r(0,0)_combi_pNone_gTrue]
	 Logging test loss: 0.0002094295 [MSELoss(): tennis_pNone_gNone_tennisEffect]
	 Logging test loss: 5.92274e-05 [MSELoss(): t(0,0)_r(0,0)_combi_pTrue_gTrue]
		--> Epoch time; 33.3193883895874
Epoch 1/9
	 Logging train Loss: 1.05112e-05 [MSELoss(): t(5,20)_r(5,20)_combi_pNone_gNone]
	 Logging test loss: 6.2247e-06 [MSELoss(): t(5,20)_r(5,20)_combi_pNone_gNone]
	 Logging test loss: 8.6808e-06 [MSELoss(): t(0,0)_r(0,0)_combi_pNone_gTrue]
	 Logging test loss: 5.4822e-05 [MSELoss(): tennis_pNone_gNone_tennisEffect]
	 Logging test loss: 8.1333e-06 [MSELoss(): t(0,0)_r(0,0)_combi_pTrue_gTrue]
		--> Epoch time; 33.15586805343628
Epoch 2/9
	 Logging train Loss: 6.3421e-06 [MSELoss(): t(5,20)_r(5,20)_combi_pNone_gNone]
	 Logging test loss: 6.4084e-06 [MSELoss(): t(5,20)_r(5,20)_combi_pNone_gNone]
	 Logging test loss: 6.1067e-06 [MSELoss(): t(0,0)_r(0,0)_combi_pNone_gTrue]
	 Logging test loss: 4.8805e-05 [MSELoss(): tennis_pNone_gNone_tennisEffect]
	 Logging test loss: 5.7643e-06 [MSELoss(): t(0,0)_r(0,0)_combi_pTrue_gTrue]
		--> Epoch time; 33.1746301651001
Epoch 3/9
	 Logging train Loss: 6.6303e-06 [MSELoss(): t(5,20)_r(5,20)_combi_pNone_gNone]
	 Logging test loss: 4.8733e-06 [MSELoss(): t(5,20)_r(5,20)_combi_pNone_gNone]
	 Logging test loss: 4.2001e-06 [MSELoss(): t(0,0)_r(0,0)_combi_pNone_gTrue]
	 Logging test loss: 4.15049e-05 [MSELoss(): tennis_pNone_gNone_tennisEffect]
	 Logging test loss: 3.896e-06 [MSELoss(): t(0,0)_r(0,0)_combi_pTrue_gTrue]
		--> Epoch time; 33.24857306480408
Epoch 4/9
	 Logging train Loss: 6.4261e-06 [MSELoss(): t(5,20)_r(5,20)_combi_pNone_gNone]
	 Logging test loss: 3.9057e-06 [MSELoss(): t(5,20)_r(5,20)_combi_pNone_gNone]
	 Logging test loss: 2.929e-06 [MSELoss(): t(0,0)_r(0,0)_combi_pNone_gTrue]
	 Logging test loss: 3.61019e-05 [MSELoss(): tennis_pNone_gNone_tennisEffect]
	 Logging test loss: 2.6511e-06 [MSELoss(): t(0,0)_r(0,0)_combi_pTrue_gTrue]
		--> Epoch time; 33.008742570877075
Epoch 5/9
	 Logging train Loss: 5.3023e-06 [MSELoss(): t(5,20)_r(5,20)_combi_pNone_gNone]
	 Logging test loss: 3.6882e-06 [MSELoss(): t(5,20)_r(5,20)_combi_pNone_gNone]
	 Logging test loss: 2.4046e-06 [MSELoss(): t(0,0)_r(0,0)_combi_pNone_gTrue]
	 Logging test loss: 3.17321e-05 [MSELoss(): tennis_pNone_gNone_tennisEffect]
	 Logging test loss: 2.2087e-06 [MSELoss(): t(0,0)_r(0,0)_combi_pTrue_gTrue]
		--> Epoch time; 33.21414351463318
Epoch 6/9
	 Logging train Loss: 5.2687e-06 [MSELoss(): t(5,20)_r(5,20)_combi_pNone_gNone]
	 Logging test loss: 4.6982e-06 [MSELoss(): t(5,20)_r(5,20)_combi_pNone_gNone]
	 Logging test loss: 2.8278e-06 [MSELoss(): t(0,0)_r(0,0)_combi_pNone_gTrue]
	 Logging test loss: 2.94823e-05 [MSELoss(): tennis_pNone_gNone_tennisEffect]
	 Logging test loss: 2.7699e-06 [MSELoss(): t(0,0)_r(0,0)_combi_pTrue_gTrue]
		--> Epoch time; 32.82106423377991
Epoch 7/9
	 Logging train Loss: 4.5064e-06 [MSELoss(): t(5,20)_r(5,20)_combi_pNone_gNone]
	 Logging test loss: 6.0627e-06 [MSELoss(): t(5,20)_r(5,20)_combi_pNone_gNone]
	 Logging test loss: 5.0794e-06 [MSELoss(): t(0,0)_r(0,0)_combi_pNone_gTrue]
	 Logging test loss: 3.06682e-05 [MSELoss(): tennis_pNone_gNone_tennisEffect]
	 Logging test loss: 5.0891e-06 [MSELoss(): t(0,0)_r(0,0)_combi_pTrue_gTrue]
		--> Epoch time; 33.49626088142395
Epoch 8/9
	 Logging train Loss: 3.974e-06 [MSELoss(): t(5,20)_r(5,20)_combi_pNone_gNone]
	 Logging test loss: 4.8891e-06 [MSELoss(): t(5,20)_r(5,20)_combi_pNone_gNone]
	 Logging test loss: 4.188e-06 [MSELoss(): t(0,0)_r(0,0)_combi_pNone_gTrue]
	 Logging test loss: 2.66555e-05 [MSELoss(): tennis_pNone_gNone_tennisEffect]
	 Logging test loss: 4.1249e-06 [MSELoss(): t(0,0)_r(0,0)_combi_pTrue_gTrue]
		--> Epoch time; 33.204102516174316
Epoch 9/9
	 Logging train Loss: 3.4324e-06 [MSELoss(): t(5,20)_r(5,20)_combi_pNone_gNone]
	 Logging test loss: 2.5162e-06 [MSELoss(): t(5,20)_r(5,20)_combi_pNone_gNone]
	 Logging test loss: 2.207e-06 [MSELoss(): t(0,0)_r(0,0)_combi_pNone_gTrue]
	 Logging test loss: 1.84109e-05 [MSELoss(): tennis_pNone_gNone_tennisEffect]
	 Logging test loss: 2.1314e-06 [MSELoss(): t(0,0)_r(0,0)_combi_pTrue_gTrue]
		--> Epoch time; 33.21225094795227
Saved model in  trained_models/gru/data_t(5,20)_r(5,20)_combi_pNone_gNone/'dual_quat_1'_'False'.pth
It took  443.1480932235718  seconds.
----- ITERATION 7/10 ------
Number of train simulations:  1920
Number of test simulations:  480
The dataloader for data/data_t(5,20)_r(5,20)_combi_pNone_gNone took 48.302032470703125 seconds.
-- Finished Train Dataloader --
The dataloader for data/data_t(5,20)_r(5,20)_combi_pNone_gNone took 12.049708843231201 seconds.
The dataloader for data/data_t(0,0)_r(0,0)_combi_pNone_gTrue took 12.041642427444458 seconds.
The dataloader for data/data_tennis_pNone_gNone_tennisEffect took 12.091909885406494 seconds.
wandb: Waiting for W&B process to finish... (success).
wandb: 
wandb: Run history:
wandb:                                       Epoch â–â–‚â–ƒâ–ƒâ–„â–…â–†â–†â–‡â–ˆ
wandb:   Test loss t(0,0)_r(0,0)_combi_pNone_gTrue â–ˆâ–â–â–â–â–â–â–â–â–
wandb:   Test loss t(0,0)_r(0,0)_combi_pTrue_gTrue â–ˆâ–â–â–â–â–â–â–â–â–
wandb: Test loss t(5,20)_r(5,20)_combi_pNone_gNone â–ˆâ–‚â–â–â–â–â–‚â–â–‚â–
wandb:   Test loss tennis_pNone_gNone_tennisEffect â–ˆâ–‚â–‚â–â–â–â–â–â–â–
wandb:                                  Train loss â–ˆâ–â–â–â–â–â–â–â–â–
wandb: 
wandb: Run summary:
wandb:                                       Epoch 9
wandb:   Test loss t(0,0)_r(0,0)_combi_pNone_gTrue 0.0
wandb:   Test loss t(0,0)_r(0,0)_combi_pTrue_gTrue 0.0
wandb: Test loss t(5,20)_r(5,20)_combi_pNone_gNone 0.0
wandb:   Test loss tennis_pNone_gNone_tennisEffect 2e-05
wandb:                                  Train loss 0.0
wandb: 
wandb: ðŸš€ View run winter-aardvark-1436 at: https://wandb.ai/nreints/ThesisFinal2/runs/5iab1mhv
wandb: Synced 7 W&B file(s), 0 media file(s), 4 artifact file(s) and 1 other file(s)
wandb: Find logs at: ./wandb/run-20230710_194900-5iab1mhv/logs
wandb: - Waiting for wandb.init()...wandb: \ Waiting for wandb.init()...wandb: wandb version 0.15.5 is available!  To upgrade, please run:
wandb:  $ pip install wandb --upgrade
wandb: Tracking run with wandb version 0.14.0
wandb: Run data is saved locally in /gpfs/home2/nreints/MScThesis/code/wandb/run-20230710_195623-betcnp44
wandb: Run `wandb offline` to turn off syncing.
wandb: Syncing run misty-dawn-1445
wandb: â­ï¸ View project at https://wandb.ai/nreints/ThesisFinal2
wandb: ðŸš€ View run at https://wandb.ai/nreints/ThesisFinal2/runs/betcnp44
The dataloader for data/data_t(0,0)_r(0,0)_combi_pTrue_gTrue took 12.150516510009766 seconds.
-- Finished Test Dataloader(s) --
GRU(
  (rnn): GRU(8, 96, batch_first=True)
  (fc): Linear(in_features=96, out_features=8, bias=True)
)
Datatype: dual_quat_1
-- Started Training --
Epoch 0/9
	 Logging train Loss: 0.0007473624 [MSELoss(): t(5,20)_r(5,20)_combi_pNone_gNone]
	 Logging test loss: 4.4029e-05 [MSELoss(): t(5,20)_r(5,20)_combi_pNone_gNone]
	 Logging test loss: 0.0002630447 [MSELoss(): t(0,0)_r(0,0)_combi_pNone_gTrue]
	 Logging test loss: 0.0003601925 [MSELoss(): tennis_pNone_gNone_tennisEffect]
	 Logging test loss: 0.0002234486 [MSELoss(): t(0,0)_r(0,0)_combi_pTrue_gTrue]
		--> Epoch time; 33.17035460472107
Epoch 1/9
	 Logging train Loss: 1.44124e-05 [MSELoss(): t(5,20)_r(5,20)_combi_pNone_gNone]
	 Logging test loss: 5.9992e-06 [MSELoss(): t(5,20)_r(5,20)_combi_pNone_gNone]
	 Logging test loss: 1.2545e-05 [MSELoss(): t(0,0)_r(0,0)_combi_pNone_gTrue]
	 Logging test loss: 5.58974e-05 [MSELoss(): tennis_pNone_gNone_tennisEffect]
	 Logging test loss: 1.11332e-05 [MSELoss(): t(0,0)_r(0,0)_combi_pTrue_gTrue]
		--> Epoch time; 33.6375036239624
Epoch 2/9
	 Logging train Loss: 5.7796e-06 [MSELoss(): t(5,20)_r(5,20)_combi_pNone_gNone]
	 Logging test loss: 4.8851e-06 [MSELoss(): t(5,20)_r(5,20)_combi_pNone_gNone]
	 Logging test loss: 8.5049e-06 [MSELoss(): t(0,0)_r(0,0)_combi_pNone_gTrue]
	 Logging test loss: 4.73337e-05 [MSELoss(): tennis_pNone_gNone_tennisEffect]
	 Logging test loss: 7.6172e-06 [MSELoss(): t(0,0)_r(0,0)_combi_pTrue_gTrue]
		--> Epoch time; 33.514835596084595
Epoch 3/9
	 Logging train Loss: 6.467e-06 [MSELoss(): t(5,20)_r(5,20)_combi_pNone_gNone]
	 Logging test loss: 4.6216e-06 [MSELoss(): t(5,20)_r(5,20)_combi_pNone_gNone]
	 Logging test loss: 5.8587e-06 [MSELoss(): t(0,0)_r(0,0)_combi_pNone_gTrue]
	 Logging test loss: 4.07315e-05 [MSELoss(): tennis_pNone_gNone_tennisEffect]
	 Logging test loss: 5.2849e-06 [MSELoss(): t(0,0)_r(0,0)_combi_pTrue_gTrue]
		--> Epoch time; 33.17753529548645
Epoch 4/9
	 Logging train Loss: 6.581e-06 [MSELoss(): t(5,20)_r(5,20)_combi_pNone_gNone]
	 Logging test loss: 4.5194e-06 [MSELoss(): t(5,20)_r(5,20)_combi_pNone_gNone]
	 Logging test loss: 4.5271e-06 [MSELoss(): t(0,0)_r(0,0)_combi_pNone_gTrue]
	 Logging test loss: 3.66335e-05 [MSELoss(): tennis_pNone_gNone_tennisEffect]
	 Logging test loss: 4.1062e-06 [MSELoss(): t(0,0)_r(0,0)_combi_pTrue_gTrue]
		--> Epoch time; 33.26759123802185
Epoch 5/9
	 Logging train Loss: 6.0473e-06 [MSELoss(): t(5,20)_r(5,20)_combi_pNone_gNone]
	 Logging test loss: 3.9269e-06 [MSELoss(): t(5,20)_r(5,20)_combi_pNone_gNone]
	 Logging test loss: 3.2834e-06 [MSELoss(): t(0,0)_r(0,0)_combi_pNone_gTrue]
	 Logging test loss: 3.25428e-05 [MSELoss(): tennis_pNone_gNone_tennisEffect]
	 Logging test loss: 2.9575e-06 [MSELoss(): t(0,0)_r(0,0)_combi_pTrue_gTrue]
		--> Epoch time; 33.21387720108032
Epoch 6/9
	 Logging train Loss: 5.2574e-06 [MSELoss(): t(5,20)_r(5,20)_combi_pNone_gNone]
	 Logging test loss: 5.8873e-06 [MSELoss(): t(5,20)_r(5,20)_combi_pNone_gNone]
	 Logging test loss: 4.5899e-06 [MSELoss(): t(0,0)_r(0,0)_combi_pNone_gTrue]
	 Logging test loss: 3.22075e-05 [MSELoss(): tennis_pNone_gNone_tennisEffect]
	 Logging test loss: 4.3658e-06 [MSELoss(): t(0,0)_r(0,0)_combi_pTrue_gTrue]
		--> Epoch time; 33.405681848526
Epoch 7/9
	 Logging train Loss: 5.1006e-06 [MSELoss(): t(5,20)_r(5,20)_combi_pNone_gNone]
	 Logging test loss: 3.9584e-06 [MSELoss(): t(5,20)_r(5,20)_combi_pNone_gNone]
	 Logging test loss: 2.812e-06 [MSELoss(): t(0,0)_r(0,0)_combi_pNone_gTrue]
	 Logging test loss: 2.75614e-05 [MSELoss(): tennis_pNone_gNone_tennisEffect]
	 Logging test loss: 2.6773e-06 [MSELoss(): t(0,0)_r(0,0)_combi_pTrue_gTrue]
		--> Epoch time; 33.36204981803894
Epoch 8/9
	 Logging train Loss: 4.1783e-06 [MSELoss(): t(5,20)_r(5,20)_combi_pNone_gNone]
	 Logging test loss: 6.3951e-06 [MSELoss(): t(5,20)_r(5,20)_combi_pNone_gNone]
	 Logging test loss: 4.9818e-06 [MSELoss(): t(0,0)_r(0,0)_combi_pNone_gTrue]
	 Logging test loss: 2.78549e-05 [MSELoss(): tennis_pNone_gNone_tennisEffect]
	 Logging test loss: 4.9064e-06 [MSELoss(): t(0,0)_r(0,0)_combi_pTrue_gTrue]
		--> Epoch time; 33.37820887565613
Epoch 9/9
	 Logging train Loss: 3.5544e-06 [MSELoss(): t(5,20)_r(5,20)_combi_pNone_gNone]
	 Logging test loss: 2.8162e-06 [MSELoss(): t(5,20)_r(5,20)_combi_pNone_gNone]
	 Logging test loss: 1.7412e-06 [MSELoss(): t(0,0)_r(0,0)_combi_pNone_gTrue]
	 Logging test loss: 1.83501e-05 [MSELoss(): tennis_pNone_gNone_tennisEffect]
	 Logging test loss: 1.6414e-06 [MSELoss(): t(0,0)_r(0,0)_combi_pTrue_gTrue]
		--> Epoch time; 33.358627796173096
Saved model in  trained_models/gru/data_t(5,20)_r(5,20)_combi_pNone_gNone/'dual_quat_1'_'False'.pth
It took  443.32674646377563  seconds.
----- ITERATION 8/10 ------
Number of train simulations:  1920
Number of test simulations:  480
The dataloader for data/data_t(5,20)_r(5,20)_combi_pNone_gNone took 48.23660969734192 seconds.
-- Finished Train Dataloader --
The dataloader for data/data_t(5,20)_r(5,20)_combi_pNone_gNone took 12.127055883407593 seconds.
The dataloader for data/data_t(0,0)_r(0,0)_combi_pNone_gTrue took 12.171545505523682 seconds.
The dataloader for data/data_tennis_pNone_gNone_tennisEffect took 12.033278465270996 seconds.
The dataloader for data/data_t(0,0)_r(0,0)_combi_pTrue_gTrue took 12.027284145355225 seconds.
-- Finished Test Dataloader(s) --
GRU(
  (rnn): GRU(8, 96, batch_first=True)
  (fc): Linear(in_features=96, out_features=8, bias=True)
)
Datatype: dual_quat_1
-- Started Training --
Epoch 0/9
	 Logging train Loss: 0.0006944946 [MSELoss(): t(5,20)_r(5,20)_combi_pNone_gNone]
	 Logging test loss: 5.31865e-05 [MSELoss(): t(5,20)_r(5,20)_combi_pNone_gNone]
	 Logging test loss: 0.0002678821 [MSELoss(): t(0,0)_r(0,0)_combi_pNone_gTrue]
	 Logging test loss: 0.000406706 [MSELoss(): tennis_pNone_gNone_tennisEffect]
	 Logging test loss: 0.0002413577 [MSELoss(): t(0,0)_r(0,0)_combi_pTrue_gTrue]
		--> Epoch time; 33.171536445617676
Epoch 1/9
	 Logging train Loss: 1.82629e-05 [MSELoss(): t(5,20)_r(5,20)_combi_pNone_gNone]
	 Logging test loss: 6.0781e-06 [MSELoss(): t(5,20)_r(5,20)_combi_pNone_gNone]
	 Logging test loss: 1.69332e-05 [MSELoss(): t(0,0)_r(0,0)_combi_pNone_gTrue]
	 Logging test loss: 5.65716e-05 [MSELoss(): tennis_pNone_gNone_tennisEffect]
	 Logging test loss: 1.54273e-05 [MSELoss(): t(0,0)_r(0,0)_combi_pTrue_gTrue]
		--> Epoch time; 33.326027631759644
Epoch 2/9
	 Logging train Loss: 6.8544e-06 [MSELoss(): t(5,20)_r(5,20)_combi_pNone_gNone]
	 Logging test loss: 5.248e-06 [MSELoss(): t(5,20)_r(5,20)_combi_pNone_gNone]
	 Logging test loss: 1.17234e-05 [MSELoss(): t(0,0)_r(0,0)_combi_pNone_gTrue]
	 Logging test loss: 4.37933e-05 [MSELoss(): tennis_pNone_gNone_tennisEffect]
	 Logging test loss: 1.07252e-05 [MSELoss(): t(0,0)_r(0,0)_combi_pTrue_gTrue]
		--> Epoch time; 33.12617874145508
Epoch 3/9
	 Logging train Loss: 6.6799e-06 [MSELoss(): t(5,20)_r(5,20)_combi_pNone_gNone]
	 Logging test loss: 5.1354e-06 [MSELoss(): t(5,20)_r(5,20)_combi_pNone_gNone]
	 Logging test loss: 8.3272e-06 [MSELoss(): t(0,0)_r(0,0)_combi_pNone_gTrue]
	 Logging test loss: 3.94194e-05 [MSELoss(): tennis_pNone_gNone_tennisEffect]
	 Logging test loss: 7.6407e-06 [MSELoss(): t(0,0)_r(0,0)_combi_pTrue_gTrue]
		--> Epoch time; 33.289087772369385
Epoch 4/9
	 Logging train Loss: 6.996e-06 [MSELoss(): t(5,20)_r(5,20)_combi_pNone_gNone]
	 Logging test loss: 3.6135e-06 [MSELoss(): t(5,20)_r(5,20)_combi_pNone_gNone]
	 Logging test loss: 5.3019e-06 [MSELoss(): t(0,0)_r(0,0)_combi_pNone_gTrue]
	 Logging test loss: 3.25502e-05 [MSELoss(): tennis_pNone_gNone_tennisEffect]
	 Logging test loss: 4.8147e-06 [MSELoss(): t(0,0)_r(0,0)_combi_pTrue_gTrue]
		--> Epoch time; 33.17750144004822
Epoch 5/9
	 Logging train Loss: 6.1974e-06 [MSELoss(): t(5,20)_r(5,20)_combi_pNone_gNone]
	 Logging test loss: 5.2207e-06 [MSELoss(): t(5,20)_r(5,20)_combi_pNone_gNone]
	 Logging test loss: 5.6241e-06 [MSELoss(): t(0,0)_r(0,0)_combi_pNone_gTrue]
	 Logging test loss: 3.26911e-05 [MSELoss(): tennis_pNone_gNone_tennisEffect]
	 Logging test loss: 5.3873e-06 [MSELoss(): t(0,0)_r(0,0)_combi_pTrue_gTrue]
wandb: Waiting for W&B process to finish... (success).
wandb: 
wandb: Run history:
wandb:                                       Epoch â–â–‚â–ƒâ–ƒâ–„â–…â–†â–†â–‡â–ˆ
wandb:   Test loss t(0,0)_r(0,0)_combi_pNone_gTrue â–ˆâ–â–â–â–â–â–â–â–â–
wandb:   Test loss t(0,0)_r(0,0)_combi_pTrue_gTrue â–ˆâ–â–â–â–â–â–â–â–â–
wandb: Test loss t(5,20)_r(5,20)_combi_pNone_gNone â–ˆâ–‚â–â–â–â–â–â–â–â–
wandb:   Test loss tennis_pNone_gNone_tennisEffect â–ˆâ–‚â–â–â–â–â–â–â–â–
wandb:                                  Train loss â–ˆâ–â–â–â–â–â–â–â–â–
wandb: 
wandb: Run summary:
wandb:                                       Epoch 9
wandb:   Test loss t(0,0)_r(0,0)_combi_pNone_gTrue 0.0
wandb:   Test loss t(0,0)_r(0,0)_combi_pTrue_gTrue 0.0
wandb: Test loss t(5,20)_r(5,20)_combi_pNone_gNone 0.0
wandb:   Test loss tennis_pNone_gNone_tennisEffect 2e-05
wandb:                                  Train loss 0.0
wandb: 
wandb: ðŸš€ View run misty-dawn-1445 at: https://wandb.ai/nreints/ThesisFinal2/runs/betcnp44
wandb: Synced 7 W&B file(s), 0 media file(s), 4 artifact file(s) and 1 other file(s)
wandb: Find logs at: ./wandb/run-20230710_195623-betcnp44/logs
wandb: - Waiting for wandb.init()...wandb: \ Waiting for wandb.init()...wandb: wandb version 0.15.5 is available!  To upgrade, please run:
wandb:  $ pip install wandb --upgrade
wandb: Tracking run with wandb version 0.14.0
wandb: Run data is saved locally in /gpfs/home2/nreints/MScThesis/code/wandb/run-20230710_200346-40lbssa5
wandb: Run `wandb offline` to turn off syncing.
wandb: Syncing run absurd-planet-1452
wandb: â­ï¸ View project at https://wandb.ai/nreints/ThesisFinal2
wandb: ðŸš€ View run at https://wandb.ai/nreints/ThesisFinal2/runs/40lbssa5
wandb: Waiting for W&B process to finish... (success).
wandb: 
wandb: Run history:
wandb:                                       Epoch â–â–‚â–ƒâ–ƒâ–„â–…â–†â–†â–‡â–ˆ
wandb:   Test loss t(0,0)_r(0,0)_combi_pNone_gTrue â–ˆâ–ƒâ–â–â–â–â–â–â–â–
wandb:   Test loss t(0,0)_r(0,0)_combi_pTrue_gTrue â–ˆâ–ƒâ–â–â–â–â–â–â–â–
wandb: Test loss t(5,20)_r(5,20)_combi_pNone_gNone â–ˆâ–‚â–â–â–â–â–â–â–â–
wandb:   Test loss tennis_pNone_gNone_tennisEffect â–ˆâ–‚â–â–â–â–â–â–â–â–
wandb:                                  Train loss â–ˆâ–â–â–â–â–â–â–â–â–
wandb: 
wandb: Run summary:
wandb:                                       Epoch 9
wandb:   Test loss t(0,0)_r(0,0)_combi_pNone_gTrue 0.0
wandb:   Test loss t(0,0)_r(0,0)_combi_pTrue_gTrue 0.0
wandb: Test loss t(5,20)_r(5,20)_combi_pNone_gNone 1e-05
wandb:   Test loss tennis_pNone_gNone_tennisEffect 3e-05
wandb:                                  Train loss 0.0
wandb: 
wandb: ðŸš€ View run absurd-planet-1452 at: https://wandb.ai/nreints/ThesisFinal2/runs/40lbssa5
wandb: Synced 7 W&B file(s), 0 media file(s), 4 artifact file(s) and 1 other file(s)
wandb: Find logs at: ./wandb/run-20230710_200346-40lbssa5/logs
wandb: - Waiting for wandb.init()...wandb: \ Waiting for wandb.init()...wandb: wandb version 0.15.5 is available!  To upgrade, please run:
wandb:  $ pip install wandb --upgrade
wandb: Tracking run with wandb version 0.14.0
wandb: Run data is saved locally in /gpfs/home2/nreints/MScThesis/code/wandb/run-20230710_201109-12j2eh88
wandb: Run `wandb offline` to turn off syncing.
wandb: Syncing run polar-star-1458
wandb: â­ï¸ View project at https://wandb.ai/nreints/ThesisFinal2
wandb: ðŸš€ View run at https://wandb.ai/nreints/ThesisFinal2/runs/12j2eh88
		--> Epoch time; 33.122904777526855
Epoch 6/9
	 Logging train Loss: 6.2882e-06 [MSELoss(): t(5,20)_r(5,20)_combi_pNone_gNone]
	 Logging test loss: 4.0844e-06 [MSELoss(): t(5,20)_r(5,20)_combi_pNone_gNone]
	 Logging test loss: 4.0871e-06 [MSELoss(): t(0,0)_r(0,0)_combi_pNone_gTrue]
	 Logging test loss: 2.85295e-05 [MSELoss(): tennis_pNone_gNone_tennisEffect]
	 Logging test loss: 3.8188e-06 [MSELoss(): t(0,0)_r(0,0)_combi_pTrue_gTrue]
		--> Epoch time; 33.40471816062927
Epoch 7/9
	 Logging train Loss: 4.7215e-06 [MSELoss(): t(5,20)_r(5,20)_combi_pNone_gNone]
	 Logging test loss: 2.7728e-06 [MSELoss(): t(5,20)_r(5,20)_combi_pNone_gNone]
	 Logging test loss: 2.087e-06 [MSELoss(): t(0,0)_r(0,0)_combi_pNone_gTrue]
	 Logging test loss: 2.348e-05 [MSELoss(): tennis_pNone_gNone_tennisEffect]
	 Logging test loss: 1.9363e-06 [MSELoss(): t(0,0)_r(0,0)_combi_pTrue_gTrue]
		--> Epoch time; 33.23696208000183
Epoch 8/9
	 Logging train Loss: 4.3718e-06 [MSELoss(): t(5,20)_r(5,20)_combi_pNone_gNone]
	 Logging test loss: 2.8777e-06 [MSELoss(): t(5,20)_r(5,20)_combi_pNone_gNone]
	 Logging test loss: 1.8587e-06 [MSELoss(): t(0,0)_r(0,0)_combi_pNone_gTrue]
	 Logging test loss: 2.07888e-05 [MSELoss(): tennis_pNone_gNone_tennisEffect]
	 Logging test loss: 1.7684e-06 [MSELoss(): t(0,0)_r(0,0)_combi_pTrue_gTrue]
		--> Epoch time; 33.36036992073059
Epoch 9/9
	 Logging train Loss: 3.8785e-06 [MSELoss(): t(5,20)_r(5,20)_combi_pNone_gNone]
	 Logging test loss: 2.1324e-06 [MSELoss(): t(5,20)_r(5,20)_combi_pNone_gNone]
	 Logging test loss: 1.2491e-06 [MSELoss(): t(0,0)_r(0,0)_combi_pNone_gTrue]
	 Logging test loss: 1.75808e-05 [MSELoss(): tennis_pNone_gNone_tennisEffect]
	 Logging test loss: 1.1604e-06 [MSELoss(): t(0,0)_r(0,0)_combi_pTrue_gTrue]
		--> Epoch time; 33.19956731796265
Saved model in  trained_models/gru/data_t(5,20)_r(5,20)_combi_pNone_gNone/'dual_quat_1'_'False'.pth
It took  443.0472764968872  seconds.
----- ITERATION 9/10 ------
Number of train simulations:  1920
Number of test simulations:  480
The dataloader for data/data_t(5,20)_r(5,20)_combi_pNone_gNone took 48.14370274543762 seconds.
-- Finished Train Dataloader --
The dataloader for data/data_t(5,20)_r(5,20)_combi_pNone_gNone took 12.031321048736572 seconds.
The dataloader for data/data_t(0,0)_r(0,0)_combi_pNone_gTrue took 12.072277784347534 seconds.
The dataloader for data/data_tennis_pNone_gNone_tennisEffect took 12.121950387954712 seconds.
The dataloader for data/data_t(0,0)_r(0,0)_combi_pTrue_gTrue took 12.045329809188843 seconds.
-- Finished Test Dataloader(s) --
GRU(
  (rnn): GRU(8, 96, batch_first=True)
  (fc): Linear(in_features=96, out_features=8, bias=True)
)
Datatype: dual_quat_1
-- Started Training --
Epoch 0/9
	 Logging train Loss: 0.0011169654 [MSELoss(): t(5,20)_r(5,20)_combi_pNone_gNone]
	 Logging test loss: 8.58929e-05 [MSELoss(): t(5,20)_r(5,20)_combi_pNone_gNone]
	 Logging test loss: 0.0005386694 [MSELoss(): t(0,0)_r(0,0)_combi_pNone_gTrue]
	 Logging test loss: 0.0006804995 [MSELoss(): tennis_pNone_gNone_tennisEffect]
	 Logging test loss: 0.0004747086 [MSELoss(): t(0,0)_r(0,0)_combi_pTrue_gTrue]
		--> Epoch time; 32.91218137741089
Epoch 1/9
	 Logging train Loss: 4.34103e-05 [MSELoss(): t(5,20)_r(5,20)_combi_pNone_gNone]
	 Logging test loss: 1.98494e-05 [MSELoss(): t(5,20)_r(5,20)_combi_pNone_gNone]
	 Logging test loss: 0.0001515448 [MSELoss(): t(0,0)_r(0,0)_combi_pNone_gTrue]
	 Logging test loss: 0.000167445 [MSELoss(): tennis_pNone_gNone_tennisEffect]
	 Logging test loss: 0.000128972 [MSELoss(): t(0,0)_r(0,0)_combi_pTrue_gTrue]
		--> Epoch time; 33.383458852767944
Epoch 2/9
	 Logging train Loss: 1.01734e-05 [MSELoss(): t(5,20)_r(5,20)_combi_pNone_gNone]
	 Logging test loss: 7.3843e-06 [MSELoss(): t(5,20)_r(5,20)_combi_pNone_gNone]
	 Logging test loss: 1.97414e-05 [MSELoss(): t(0,0)_r(0,0)_combi_pNone_gTrue]
	 Logging test loss: 6.05147e-05 [MSELoss(): tennis_pNone_gNone_tennisEffect]
	 Logging test loss: 1.71959e-05 [MSELoss(): t(0,0)_r(0,0)_combi_pTrue_gTrue]
		--> Epoch time; 33.04310417175293
Epoch 3/9
	 Logging train Loss: 6.1589e-06 [MSELoss(): t(5,20)_r(5,20)_combi_pNone_gNone]
	 Logging test loss: 6.5339e-06 [MSELoss(): t(5,20)_r(5,20)_combi_pNone_gNone]
	 Logging test loss: 1.36056e-05 [MSELoss(): t(0,0)_r(0,0)_combi_pNone_gTrue]
	 Logging test loss: 5.24588e-05 [MSELoss(): tennis_pNone_gNone_tennisEffect]
	 Logging test loss: 1.24241e-05 [MSELoss(): t(0,0)_r(0,0)_combi_pTrue_gTrue]
		--> Epoch time; 33.23197841644287
Epoch 4/9
	 Logging train Loss: 6.3064e-06 [MSELoss(): t(5,20)_r(5,20)_combi_pNone_gNone]
	 Logging test loss: 4.9219e-06 [MSELoss(): t(5,20)_r(5,20)_combi_pNone_gNone]
	 Logging test loss: 9.2888e-06 [MSELoss(): t(0,0)_r(0,0)_combi_pNone_gTrue]
	 Logging test loss: 4.45006e-05 [MSELoss(): tennis_pNone_gNone_tennisEffect]
	 Logging test loss: 8.272e-06 [MSELoss(): t(0,0)_r(0,0)_combi_pTrue_gTrue]
		--> Epoch time; 33.44261026382446
Epoch 5/9
	 Logging train Loss: 6.4043e-06 [MSELoss(): t(5,20)_r(5,20)_combi_pNone_gNone]
	 Logging test loss: 8.2442e-06 [MSELoss(): t(5,20)_r(5,20)_combi_pNone_gNone]
	 Logging test loss: 1.09884e-05 [MSELoss(): t(0,0)_r(0,0)_combi_pNone_gTrue]
	 Logging test loss: 4.74423e-05 [MSELoss(): tennis_pNone_gNone_tennisEffect]
	 Logging test loss: 1.06167e-05 [MSELoss(): t(0,0)_r(0,0)_combi_pTrue_gTrue]
		--> Epoch time; 33.29980993270874
Epoch 6/9
	 Logging train Loss: 6.0622e-06 [MSELoss(): t(5,20)_r(5,20)_combi_pNone_gNone]
	 Logging test loss: 6.2104e-06 [MSELoss(): t(5,20)_r(5,20)_combi_pNone_gNone]
	 Logging test loss: 6.9438e-06 [MSELoss(): t(0,0)_r(0,0)_combi_pNone_gTrue]
	 Logging test loss: 3.87238e-05 [MSELoss(): tennis_pNone_gNone_tennisEffect]
	 Logging test loss: 6.4845e-06 [MSELoss(): t(0,0)_r(0,0)_combi_pTrue_gTrue]
		--> Epoch time; 33.05687212944031
Epoch 7/9
	 Logging train Loss: 5.4612e-06 [MSELoss(): t(5,20)_r(5,20)_combi_pNone_gNone]
	 Logging test loss: 6.1799e-06 [MSELoss(): t(5,20)_r(5,20)_combi_pNone_gNone]
	 Logging test loss: 6.0587e-06 [MSELoss(): t(0,0)_r(0,0)_combi_pNone_gTrue]
	 Logging test loss: 3.41791e-05 [MSELoss(): tennis_pNone_gNone_tennisEffect]
	 Logging test loss: 5.7705e-06 [MSELoss(): t(0,0)_r(0,0)_combi_pTrue_gTrue]
		--> Epoch time; 33.144333600997925
Epoch 8/9
	 Logging train Loss: 4.9757e-06 [MSELoss(): t(5,20)_r(5,20)_combi_pNone_gNone]
	 Logging test loss: 4.5225e-06 [MSELoss(): t(5,20)_r(5,20)_combi_pNone_gNone]
	 Logging test loss: 3.4542e-06 [MSELoss(): t(0,0)_r(0,0)_combi_pNone_gTrue]
	 Logging test loss: 2.86754e-05 [MSELoss(): tennis_pNone_gNone_tennisEffect]
	 Logging test loss: 3.178e-06 [MSELoss(): t(0,0)_r(0,0)_combi_pTrue_gTrue]
		--> Epoch time; 33.25337767601013
Epoch 9/9
	 Logging train Loss: 4.1121e-06 [MSELoss(): t(5,20)_r(5,20)_combi_pNone_gNone]
	 Logging test loss: 5.8731e-06 [MSELoss(): t(5,20)_r(5,20)_combi_pNone_gNone]
	 Logging test loss: 4.7255e-06 [MSELoss(): t(0,0)_r(0,0)_combi_pNone_gTrue]
	 Logging test loss: 2.83621e-05 [MSELoss(): tennis_pNone_gNone_tennisEffect]
	 Logging test loss: 4.8727e-06 [MSELoss(): t(0,0)_r(0,0)_combi_pTrue_gTrue]
		--> Epoch time; 33.08473587036133
Saved model in  trained_models/gru/data_t(5,20)_r(5,20)_combi_pNone_gNone/'dual_quat_1'_'False'.pth
It took  442.4407105445862  seconds.
----- ITERATION 10/10 ------
Number of train simulations:  1920
Number of test simulations:  480
The dataloader for data/data_t(5,20)_r(5,20)_combi_pNone_gNone took 48.20600867271423 seconds.
-- Finished Train Dataloader --
The dataloader for data/data_t(5,20)_r(5,20)_combi_pNone_gNone took 12.01950216293335 seconds.
The dataloader for data/data_t(0,0)_r(0,0)_combi_pNone_gTrue took 12.064948558807373 seconds.
The dataloader for data/data_tennis_pNone_gNone_tennisEffect took 12.009480714797974 seconds.
The dataloader for data/data_t(0,0)_r(0,0)_combi_pTrue_gTrue took 12.124090433120728 seconds.
-- Finished Test Dataloader(s) --
GRU(
  (rnn): GRU(8, 96, batch_first=True)
  (fc): Linear(in_features=96, out_features=8, bias=True)
)
Datatype: dual_quat_1
-- Started Training --
Epoch 0/9
	 Logging train Loss: 0.000601606 [MSELoss(): t(5,20)_r(5,20)_combi_pNone_gNone]
	 Logging test loss: 3.02422e-05 [MSELoss(): t(5,20)_r(5,20)_combi_pNone_gNone]
wandb: Waiting for W&B process to finish... (success).
wandb: 
wandb: Run history:
wandb:                                       Epoch â–â–‚â–ƒâ–ƒâ–„â–…â–†â–†â–‡â–ˆ
wandb:   Test loss t(0,0)_r(0,0)_combi_pNone_gTrue â–ˆâ–‚â–â–â–â–â–â–â–â–
wandb:   Test loss t(0,0)_r(0,0)_combi_pTrue_gTrue â–ˆâ–‚â–â–â–â–â–â–â–â–
wandb: Test loss t(5,20)_r(5,20)_combi_pNone_gNone â–ˆâ–‚â–‚â–â–â–â–‚â–â–â–
wandb:   Test loss tennis_pNone_gNone_tennisEffect â–ˆâ–‚â–‚â–‚â–‚â–â–â–â–â–
wandb:                                  Train loss â–ˆâ–â–â–â–â–â–â–â–â–
wandb: 
wandb: Run summary:
wandb:                                       Epoch 9
wandb:   Test loss t(0,0)_r(0,0)_combi_pNone_gTrue 0.0
wandb:   Test loss t(0,0)_r(0,0)_combi_pTrue_gTrue 0.0
wandb: Test loss t(5,20)_r(5,20)_combi_pNone_gNone 0.0
wandb:   Test loss tennis_pNone_gNone_tennisEffect 2e-05
wandb:                                  Train loss 0.0
wandb: 
wandb: ðŸš€ View run polar-star-1458 at: https://wandb.ai/nreints/ThesisFinal2/runs/12j2eh88
wandb: Synced 7 W&B file(s), 0 media file(s), 4 artifact file(s) and 1 other file(s)
wandb: Find logs at: ./wandb/run-20230710_201109-12j2eh88/logs
	 Logging test loss: 0.0002163381 [MSELoss(): t(0,0)_r(0,0)_combi_pNone_gTrue]
	 Logging test loss: 0.000262004 [MSELoss(): tennis_pNone_gNone_tennisEffect]
	 Logging test loss: 0.0001756173 [MSELoss(): t(0,0)_r(0,0)_combi_pTrue_gTrue]
		--> Epoch time; 33.478180170059204
Epoch 1/9
	 Logging train Loss: 1.24957e-05 [MSELoss(): t(5,20)_r(5,20)_combi_pNone_gNone]
	 Logging test loss: 5.5609e-06 [MSELoss(): t(5,20)_r(5,20)_combi_pNone_gNone]
	 Logging test loss: 1.76062e-05 [MSELoss(): t(0,0)_r(0,0)_combi_pNone_gTrue]
	 Logging test loss: 5.44549e-05 [MSELoss(): tennis_pNone_gNone_tennisEffect]
	 Logging test loss: 1.52017e-05 [MSELoss(): t(0,0)_r(0,0)_combi_pTrue_gTrue]
		--> Epoch time; 33.450690269470215
Epoch 2/9
	 Logging train Loss: 8.2123e-06 [MSELoss(): t(5,20)_r(5,20)_combi_pNone_gNone]
	 Logging test loss: 5.2141e-06 [MSELoss(): t(5,20)_r(5,20)_combi_pNone_gNone]
	 Logging test loss: 1.2251e-05 [MSELoss(): t(0,0)_r(0,0)_combi_pNone_gTrue]
	 Logging test loss: 4.66598e-05 [MSELoss(): tennis_pNone_gNone_tennisEffect]
	 Logging test loss: 1.08432e-05 [MSELoss(): t(0,0)_r(0,0)_combi_pTrue_gTrue]
		--> Epoch time; 33.16485643386841
Epoch 3/9
	 Logging train Loss: 7.5592e-06 [MSELoss(): t(5,20)_r(5,20)_combi_pNone_gNone]
	 Logging test loss: 3.9884e-06 [MSELoss(): t(5,20)_r(5,20)_combi_pNone_gNone]
	 Logging test loss: 8.5125e-06 [MSELoss(): t(0,0)_r(0,0)_combi_pNone_gTrue]
	 Logging test loss: 3.93455e-05 [MSELoss(): tennis_pNone_gNone_tennisEffect]
	 Logging test loss: 7.3743e-06 [MSELoss(): t(0,0)_r(0,0)_combi_pTrue_gTrue]
		--> Epoch time; 33.27117586135864
Epoch 4/9
	 Logging train Loss: 6.8736e-06 [MSELoss(): t(5,20)_r(5,20)_combi_pNone_gNone]
	 Logging test loss: 4.0458e-06 [MSELoss(): t(5,20)_r(5,20)_combi_pNone_gNone]
	 Logging test loss: 6.6117e-06 [MSELoss(): t(0,0)_r(0,0)_combi_pNone_gTrue]
	 Logging test loss: 3.61011e-05 [MSELoss(): tennis_pNone_gNone_tennisEffect]
	 Logging test loss: 5.7092e-06 [MSELoss(): t(0,0)_r(0,0)_combi_pTrue_gTrue]
		--> Epoch time; 32.94414758682251
Epoch 5/9
	 Logging train Loss: 5.9778e-06 [MSELoss(): t(5,20)_r(5,20)_combi_pNone_gNone]
	 Logging test loss: 4.1811e-06 [MSELoss(): t(5,20)_r(5,20)_combi_pNone_gNone]
	 Logging test loss: 6.0654e-06 [MSELoss(): t(0,0)_r(0,0)_combi_pNone_gTrue]
	 Logging test loss: 3.2661e-05 [MSELoss(): tennis_pNone_gNone_tennisEffect]
	 Logging test loss: 5.4443e-06 [MSELoss(): t(0,0)_r(0,0)_combi_pTrue_gTrue]
		--> Epoch time; 33.33776092529297
Epoch 6/9
	 Logging train Loss: 5.5224e-06 [MSELoss(): t(5,20)_r(5,20)_combi_pNone_gNone]
	 Logging test loss: 5.5969e-06 [MSELoss(): t(5,20)_r(5,20)_combi_pNone_gNone]
	 Logging test loss: 6.4563e-06 [MSELoss(): t(0,0)_r(0,0)_combi_pNone_gTrue]
	 Logging test loss: 3.35797e-05 [MSELoss(): tennis_pNone_gNone_tennisEffect]
	 Logging test loss: 6.1258e-06 [MSELoss(): t(0,0)_r(0,0)_combi_pTrue_gTrue]
		--> Epoch time; 33.312071561813354
Epoch 7/9
	 Logging train Loss: 4.7043e-06 [MSELoss(): t(5,20)_r(5,20)_combi_pNone_gNone]
	 Logging test loss: 3.4408e-06 [MSELoss(): t(5,20)_r(5,20)_combi_pNone_gNone]
	 Logging test loss: 3.4976e-06 [MSELoss(): t(0,0)_r(0,0)_combi_pNone_gTrue]
	 Logging test loss: 2.52593e-05 [MSELoss(): tennis_pNone_gNone_tennisEffect]
	 Logging test loss: 3.0702e-06 [MSELoss(): t(0,0)_r(0,0)_combi_pTrue_gTrue]
		--> Epoch time; 32.99424457550049
Epoch 8/9
	 Logging train Loss: 4.086e-06 [MSELoss(): t(5,20)_r(5,20)_combi_pNone_gNone]
	 Logging test loss: 3.8564e-06 [MSELoss(): t(5,20)_r(5,20)_combi_pNone_gNone]
	 Logging test loss: 3.4943e-06 [MSELoss(): t(0,0)_r(0,0)_combi_pNone_gTrue]
	 Logging test loss: 2.40868e-05 [MSELoss(): tennis_pNone_gNone_tennisEffect]
	 Logging test loss: 3.3613e-06 [MSELoss(): t(0,0)_r(0,0)_combi_pTrue_gTrue]
		--> Epoch time; 33.01082396507263
Epoch 9/9
	 Logging train Loss: 3.594e-06 [MSELoss(): t(5,20)_r(5,20)_combi_pNone_gNone]
	 Logging test loss: 2.5817e-06 [MSELoss(): t(5,20)_r(5,20)_combi_pNone_gNone]
	 Logging test loss: 2.3121e-06 [MSELoss(): t(0,0)_r(0,0)_combi_pNone_gTrue]
	 Logging test loss: 1.80711e-05 [MSELoss(): tennis_pNone_gNone_tennisEffect]
	 Logging test loss: 2.1489e-06 [MSELoss(): t(0,0)_r(0,0)_combi_pTrue_gTrue]
		--> Epoch time; 33.304850578308105
Saved model in  trained_models/gru/data_t(5,20)_r(5,20)_combi_pNone_gNone/'dual_quat_1'_'False'.pth
It took  441.4674003124237  seconds.

JOB STATISTICS
==============
Job ID: 3044172
Array Job ID: 3044169_58
Cluster: snellius
User/Group: nreints/nreints
State: COMPLETED (exit code 0)
Nodes: 1
Cores per node: 18
CPU Utilized: 01:21:42
CPU Efficiency: 6.14% of 22:11:42 core-walltime
Job Wall-clock time: 01:13:59
Memory Utilized: 7.93 GB
Memory Efficiency: 0.00% of 0.00 MB
