/gpfs/home2/nreints/MScThesis/code/gru.py:582: DeprecationWarning: Sampling from a set deprecated
since Python 3.9 and will be removed in a subsequent version.
  train_sims = set(random.sample(sims_train, int(0.8 * n_sims_train_total)))
wandb: Currently logged in as: nreints. Use `wandb login --relogin` to force relogin
wandb: Tracking run with wandb version 0.14.0
wandb: Run data is saved locally in /gpfs/home2/nreints/MScThesis/code/wandb/run-20230328_174731-1khiy2b7
wandb: Run `wandb offline` to turn off syncing.
wandb: Syncing run earthy-shape-422
wandb: ⭐️ View project at https://wandb.ai/nreints/test
wandb: 🚀 View run at https://wandb.ai/nreints/test/runs/1khiy2b7
/home/nreints/.conda/envs/thesis/lib/python3.10/site-packages/torch/nn/init.py:405: UserWarning: Initializing zero-element tensors is a no-op
  warnings.warn("Initializing zero-element tensors is a no-op")
slurmstepd: error: Detected 1 oom-kill event(s) in StepId=2511219.0. Some of your processes may have been killed by the cgroup out-of-memory handler.
srun: error: gcn8: task 0: Out Of Memory
srun: launch/slurm: _step_signal: Terminating StepId=2511219.0

JOB STATISTICS
==============
Job ID: 2511219
Array Job ID: 2511216_3
Cluster: snellius
User/Group: nreints/nreints
State: FAILED (exit code 1)
Nodes: 1
Cores per node: 18
CPU Utilized: 00:11:49
CPU Efficiency: 19.79% of 00:59:42 core-walltime
Job Wall-clock time: 00:03:19
Memory Utilized: 24.41 GB
Memory Efficiency: 83.33% of 29.30 GB
