Training on dataset: d a t a _ t ( 0 , 0 ) _ r ( 5 , 2 0 ) _ f u l l _ p N o n e _ g N o n e
Testing on 1 datasets: ['d a t a _ t ( 0 , 0 ) _ r ( 5 , 2 0 ) _ f u l l _ p N o n e _ g N o n e']
Traceback (most recent call last):
  File "/gpfs/home2/nreints/MScThesis/code/gru.py", line 249, in <module>
    raise IndexError(f"No directory for the train data {data_dir_train}")
IndexError: No directory for the train data data/d a t a _ t ( 0 , 0 ) _ r ( 5 , 2 0 ) _ f u l l _ p N o n e _ g N o n e
srun: error: gcn36: task 0: Exited with exit code 1
srun: launch/slurm: _step_signal: Terminating StepId=3085812.0

JOB STATISTICS
==============
Job ID: 3085812
Array Job ID: 3085780_71
Cluster: snellius
User/Group: nreints/nreints
State: RUNNING
Nodes: 1
Cores per node: 18
CPU Utilized: 00:00:00
CPU Efficiency: 0.00% of 00:03:54 core-walltime
Job Wall-clock time: 00:00:13
Memory Utilized: 0.00 MB (estimated maximum)
Memory Efficiency: 0.00% of 0.00 MB (0.00 MB/node)
WARNING: Efficiency statistics may be misleading for RUNNING jobs.
