wandb: Currently logged in as: nreints. Use `wandb login --relogin` to force relogin
wandb: wandb version 0.15.5 is available!  To upgrade, please run:
wandb:  $ pip install wandb --upgrade
wandb: Tracking run with wandb version 0.14.0
wandb: Run data is saved locally in /gpfs/home2/nreints/MScThesis/code/wandb/run-20230711_120903-99dxznkm
wandb: Run `wandb offline` to turn off syncing.
wandb: Syncing run wild-music-9
wandb: â­ï¸ View project at https://wandb.ai/nreints/ThesisFinal2Gen
wandb: ðŸš€ View run at https://wandb.ai/nreints/ThesisFinal2Gen/runs/99dxznkm
wandb: Waiting for W&B process to finish... (success).
wandb: 
wandb: Run history:
wandb:                                       Epoch â–â–‚â–ƒâ–ƒâ–„â–…â–†â–†â–‡â–ˆ
wandb:   Test loss t(0,0)_r(0,0)_combi_pNone_gTrue â–ˆâ–â–â–â–â–â–â–â–â–
wandb:   Test loss t(0,0)_r(0,0)_combi_pTrue_gTrue â–ˆâ–â–â–â–â–â–â–â–â–
wandb: Test loss t(5,20)_r(5,20)_combi_pNone_gNone â–ˆâ–â–‚â–â–â–â–â–â–â–
wandb:   Test loss tennis_pNone_gNone_tennisEffect â–ˆâ–‚â–â–â–â–â–â–â–â–
wandb:                                  Train loss â–ˆâ–â–â–â–â–â–â–â–â–
wandb: 
wandb: Run summary:
wandb:                                       Epoch 9
wandb:   Test loss t(0,0)_r(0,0)_combi_pNone_gTrue 0.0
wandb:   Test loss t(0,0)_r(0,0)_combi_pTrue_gTrue 0.0
wandb: Test loss t(5,20)_r(5,20)_combi_pNone_gNone 0.0
wandb:   Test loss tennis_pNone_gNone_tennisEffect 2e-05
wandb:                                  Train loss 0.0
wandb: 
wandb: ðŸš€ View run wild-music-9 at: https://wandb.ai/nreints/ThesisFinal2Gen/runs/99dxznkm
wandb: Synced 7 W&B file(s), 0 media file(s), 4 artifact file(s) and 1 other file(s)
wandb: Find logs at: ./wandb/run-20230711_120903-99dxznkm/logs
wandb: - Waiting for wandb.init()...wandb: \ Waiting for wandb.init()...wandb: wandb version 0.15.5 is available!  To upgrade, please run:
wandb:  $ pip install wandb --upgrade
wandb: Tracking run with wandb version 0.14.0
wandb: Run data is saved locally in /gpfs/home2/nreints/MScThesis/code/wandb/run-20230711_121554-s8q9avj6
wandb: Run `wandb offline` to turn off syncing.
wandb: Syncing run visionary-cherry-13
wandb: â­ï¸ View project at https://wandb.ai/nreints/ThesisFinal2Gen
wandb: ðŸš€ View run at https://wandb.ai/nreints/ThesisFinal2Gen/runs/s8q9avj6
Training on dataset: data_t(5,20)_r(5,20)_combi_pNone_gNone
Testing on 4 datasets: ['data_t(0,0)_r(0,0)_combi_pNone_gTrue', 'data_t(0,0)_r(0,0)_combi_pTrue_gTrue', 'data_t(5,20)_r(5,20)_combi_pNone_gNone', 'data_tennis_pNone_gNone_tennisEffect']
Focussing on identity: False
Using extra input: False
Using fr-fr as reference point.
----- ITERATION 1/10 ------
Number of train simulations:  1920
Number of test simulations:  480
The dataloader for data/data_t(5,20)_r(5,20)_combi_pNone_gNone took 52.49054765701294 seconds.
-- Finished Train Dataloader --
The dataloader for data/data_t(0,0)_r(0,0)_combi_pNone_gTrue took 13.162969589233398 seconds.
The dataloader for data/data_t(0,0)_r(0,0)_combi_pTrue_gTrue took 13.191449403762817 seconds.
The dataloader for data/data_t(5,20)_r(5,20)_combi_pNone_gNone took 13.24572229385376 seconds.
The dataloader for data/data_tennis_pNone_gNone_tennisEffect took 13.46885347366333 seconds.
-- Finished Test Dataloader(s) --
GRU(
  (rnn): GRU(7, 96, batch_first=True)
  (fc): Linear(in_features=96, out_features=7, bias=True)
)
Datatype: log_quat_1
-- Started Training --
Epoch 0/9
	 Logging train Loss: 0.0006640402 [MSELoss(): t(5,20)_r(5,20)_combi_pNone_gNone]
	 Logging test loss: 0.0003981939 [MSELoss(): t(0,0)_r(0,0)_combi_pNone_gTrue]
	 Logging test loss: 0.0003470386 [MSELoss(): t(0,0)_r(0,0)_combi_pTrue_gTrue]
	 Logging test loss: 5.68377e-05 [MSELoss(): t(5,20)_r(5,20)_combi_pNone_gNone]
	 Logging test loss: 0.0004647273 [MSELoss(): tennis_pNone_gNone_tennisEffect]
		--> Epoch time; 30.837056159973145
Epoch 1/9
	 Logging train Loss: 2.13743e-05 [MSELoss(): t(5,20)_r(5,20)_combi_pNone_gNone]
	 Logging test loss: 2.74831e-05 [MSELoss(): t(0,0)_r(0,0)_combi_pNone_gTrue]
	 Logging test loss: 2.46466e-05 [MSELoss(): t(0,0)_r(0,0)_combi_pTrue_gTrue]
	 Logging test loss: 6.2333e-06 [MSELoss(): t(5,20)_r(5,20)_combi_pNone_gNone]
	 Logging test loss: 5.74442e-05 [MSELoss(): tennis_pNone_gNone_tennisEffect]
		--> Epoch time; 28.58639097213745
Epoch 2/9
	 Logging train Loss: 6.3667e-06 [MSELoss(): t(5,20)_r(5,20)_combi_pNone_gNone]
	 Logging test loss: 2.01139e-05 [MSELoss(): t(0,0)_r(0,0)_combi_pNone_gTrue]
	 Logging test loss: 1.8208e-05 [MSELoss(): t(0,0)_r(0,0)_combi_pTrue_gTrue]
	 Logging test loss: 8.0567e-06 [MSELoss(): t(5,20)_r(5,20)_combi_pNone_gNone]
	 Logging test loss: 4.91093e-05 [MSELoss(): tennis_pNone_gNone_tennisEffect]
		--> Epoch time; 28.578925609588623
Epoch 3/9
	 Logging train Loss: 5.8137e-06 [MSELoss(): t(5,20)_r(5,20)_combi_pNone_gNone]
	 Logging test loss: 1.01642e-05 [MSELoss(): t(0,0)_r(0,0)_combi_pNone_gTrue]
	 Logging test loss: 9.2234e-06 [MSELoss(): t(0,0)_r(0,0)_combi_pTrue_gTrue]
	 Logging test loss: 4.1235e-06 [MSELoss(): t(5,20)_r(5,20)_combi_pNone_gNone]
	 Logging test loss: 3.6967e-05 [MSELoss(): tennis_pNone_gNone_tennisEffect]
		--> Epoch time; 28.792765855789185
Epoch 4/9
	 Logging train Loss: 5.0421e-06 [MSELoss(): t(5,20)_r(5,20)_combi_pNone_gNone]
	 Logging test loss: 6.4009e-06 [MSELoss(): t(0,0)_r(0,0)_combi_pNone_gTrue]
	 Logging test loss: 5.9477e-06 [MSELoss(): t(0,0)_r(0,0)_combi_pTrue_gTrue]
	 Logging test loss: 4.3296e-06 [MSELoss(): t(5,20)_r(5,20)_combi_pNone_gNone]
	 Logging test loss: 3.39355e-05 [MSELoss(): tennis_pNone_gNone_tennisEffect]
		--> Epoch time; 28.480718851089478
Epoch 5/9
	 Logging train Loss: 4.9958e-06 [MSELoss(): t(5,20)_r(5,20)_combi_pNone_gNone]
	 Logging test loss: 3.25e-06 [MSELoss(): t(0,0)_r(0,0)_combi_pNone_gTrue]
	 Logging test loss: 3.0339e-06 [MSELoss(): t(0,0)_r(0,0)_combi_pTrue_gTrue]
	 Logging test loss: 2.9296e-06 [MSELoss(): t(5,20)_r(5,20)_combi_pNone_gNone]
	 Logging test loss: 2.81211e-05 [MSELoss(): tennis_pNone_gNone_tennisEffect]
		--> Epoch time; 29.08343005180359
Epoch 6/9
	 Logging train Loss: 4.4582e-06 [MSELoss(): t(5,20)_r(5,20)_combi_pNone_gNone]
	 Logging test loss: 3.0945e-06 [MSELoss(): t(0,0)_r(0,0)_combi_pNone_gTrue]
	 Logging test loss: 2.9778e-06 [MSELoss(): t(0,0)_r(0,0)_combi_pTrue_gTrue]
	 Logging test loss: 3.9902e-06 [MSELoss(): t(5,20)_r(5,20)_combi_pNone_gNone]
	 Logging test loss: 2.78093e-05 [MSELoss(): tennis_pNone_gNone_tennisEffect]
		--> Epoch time; 29.224681854248047
Epoch 7/9
	 Logging train Loss: 4.2177e-06 [MSELoss(): t(5,20)_r(5,20)_combi_pNone_gNone]
	 Logging test loss: 2.0228e-06 [MSELoss(): t(0,0)_r(0,0)_combi_pNone_gTrue]
	 Logging test loss: 1.9965e-06 [MSELoss(): t(0,0)_r(0,0)_combi_pTrue_gTrue]
	 Logging test loss: 3.3539e-06 [MSELoss(): t(5,20)_r(5,20)_combi_pNone_gNone]
	 Logging test loss: 2.47985e-05 [MSELoss(): tennis_pNone_gNone_tennisEffect]
		--> Epoch time; 28.9215407371521
Epoch 8/9
	 Logging train Loss: 3.74e-06 [MSELoss(): t(5,20)_r(5,20)_combi_pNone_gNone]
	 Logging test loss: 1.3978e-06 [MSELoss(): t(0,0)_r(0,0)_combi_pNone_gTrue]
	 Logging test loss: 1.4053e-06 [MSELoss(): t(0,0)_r(0,0)_combi_pTrue_gTrue]
	 Logging test loss: 3.1371e-06 [MSELoss(): t(5,20)_r(5,20)_combi_pNone_gNone]
	 Logging test loss: 2.20466e-05 [MSELoss(): tennis_pNone_gNone_tennisEffect]
		--> Epoch time; 28.59912919998169
Epoch 9/9
	 Logging train Loss: 3.3032e-06 [MSELoss(): t(5,20)_r(5,20)_combi_pNone_gNone]
	 Logging test loss: 2.7889e-06 [MSELoss(): t(0,0)_r(0,0)_combi_pNone_gTrue]
	 Logging test loss: 2.6671e-06 [MSELoss(): t(0,0)_r(0,0)_combi_pTrue_gTrue]
	 Logging test loss: 3.8575e-06 [MSELoss(): t(5,20)_r(5,20)_combi_pNone_gNone]
	 Logging test loss: 2.19997e-05 [MSELoss(): tennis_pNone_gNone_tennisEffect]
		--> Epoch time; 28.725728750228882
Saved model in  trained_models/gru/data_t(5,20)_r(5,20)_combi_pNone_gNone/'log_quat_1'_'False'.pth
It took  412.3588571548462  seconds.
----- ITERATION 2/10 ------
Number of train simulations:  1920
Number of test simulations:  480
The dataloader for data/data_t(5,20)_r(5,20)_combi_pNone_gNone took 48.21168279647827 seconds.
-- Finished Train Dataloader --
The dataloader for data/data_t(0,0)_r(0,0)_combi_pNone_gTrue took 12.58210039138794 seconds.
The dataloader for data/data_t(0,0)_r(0,0)_combi_pTrue_gTrue took 12.519295692443848 seconds.
The dataloader for data/data_t(5,20)_r(5,20)_combi_pNone_gNone took 12.229342460632324 seconds.
The dataloader for data/data_tennis_pNone_gNone_tennisEffect took 12.338274717330933 seconds.
-- Finished Test Dataloader(s) --
GRU(
  (rnn): GRU(7, 96, batch_first=True)
  (fc): Linear(in_features=96, out_features=7, bias=True)
)
Datatype: log_quat_1
-- Started Training --
Epoch 0/9
	 Logging train Loss: 0.0005538079 [MSELoss(): t(5,20)_r(5,20)_combi_pNone_gNone]
	 Logging test loss: 0.0002382319 [MSELoss(): t(0,0)_r(0,0)_combi_pNone_gTrue]
	 Logging test loss: 0.0001995909 [MSELoss(): t(0,0)_r(0,0)_combi_pTrue_gTrue]
	 Logging test loss: 3.72418e-05 [MSELoss(): t(5,20)_r(5,20)_combi_pNone_gNone]
	 Logging test loss: 0.0002893028 [MSELoss(): tennis_pNone_gNone_tennisEffect]
		--> Epoch time; 29.03621244430542
Epoch 1/9
	 Logging train Loss: 1.22363e-05 [MSELoss(): t(5,20)_r(5,20)_combi_pNone_gNone]
	 Logging test loss: 2.33029e-05 [MSELoss(): t(0,0)_r(0,0)_combi_pNone_gTrue]
	 Logging test loss: 1.96926e-05 [MSELoss(): t(0,0)_r(0,0)_combi_pTrue_gTrue]
	 Logging test loss: 5.1341e-06 [MSELoss(): t(5,20)_r(5,20)_combi_pNone_gNone]
	 Logging test loss: 4.72498e-05 [MSELoss(): tennis_pNone_gNone_tennisEffect]
		--> Epoch time; 29.10665798187256
Epoch 2/9
	 Logging train Loss: 5.8885e-06 [MSELoss(): t(5,20)_r(5,20)_combi_pNone_gNone]
	 Logging test loss: 1.6281e-05 [MSELoss(): t(0,0)_r(0,0)_combi_pNone_gTrue]
	 Logging test loss: 1.4264e-05 [MSELoss(): t(0,0)_r(0,0)_combi_pTrue_gTrue]
	 Logging test loss: 5.4299e-06 [MSELoss(): t(5,20)_r(5,20)_combi_pNone_gNone]
	 Logging test loss: 4.21283e-05 [MSELoss(): tennis_pNone_gNone_tennisEffect]
		--> Epoch time; 29.34289836883545
Epoch 3/9
	 Logging train Loss: 5.6982e-06 [MSELoss(): t(5,20)_r(5,20)_combi_pNone_gNone]
	 Logging test loss: 1.07655e-05 [MSELoss(): t(0,0)_r(0,0)_combi_pNone_gTrue]
	 Logging test loss: 9.4786e-06 [MSELoss(): t(0,0)_r(0,0)_combi_pTrue_gTrue]
	 Logging test loss: 4.8738e-06 [MSELoss(): t(5,20)_r(5,20)_combi_pNone_gNone]
	 Logging test loss: 3.70396e-05 [MSELoss(): tennis_pNone_gNone_tennisEffect]
		--> Epoch time; 28.928781270980835
Epoch 4/9
wandb: Waiting for W&B process to finish... (success).
wandb: 
wandb: Run history:
wandb:                                       Epoch â–â–‚â–ƒâ–ƒâ–„â–…â–†â–†â–‡â–ˆ
wandb:   Test loss t(0,0)_r(0,0)_combi_pNone_gTrue â–ˆâ–‚â–â–â–â–â–â–â–â–
wandb:   Test loss t(0,0)_r(0,0)_combi_pTrue_gTrue â–ˆâ–‚â–â–â–â–â–â–â–â–
wandb: Test loss t(5,20)_r(5,20)_combi_pNone_gNone â–ˆâ–‚â–‚â–â–â–â–â–â–â–
wandb:   Test loss tennis_pNone_gNone_tennisEffect â–ˆâ–‚â–‚â–â–â–â–â–â–â–
wandb:                                  Train loss â–ˆâ–â–â–â–â–â–â–â–â–
wandb: 
wandb: Run summary:
wandb:                                       Epoch 9
wandb:   Test loss t(0,0)_r(0,0)_combi_pNone_gTrue 0.0
wandb:   Test loss t(0,0)_r(0,0)_combi_pTrue_gTrue 0.0
wandb: Test loss t(5,20)_r(5,20)_combi_pNone_gNone 0.0
wandb:   Test loss tennis_pNone_gNone_tennisEffect 2e-05
wandb:                                  Train loss 0.0
wandb: 
wandb: ðŸš€ View run visionary-cherry-13 at: https://wandb.ai/nreints/ThesisFinal2Gen/runs/s8q9avj6
wandb: Synced 7 W&B file(s), 0 media file(s), 4 artifact file(s) and 1 other file(s)
wandb: Find logs at: ./wandb/run-20230711_121554-s8q9avj6/logs
wandb: - Waiting for wandb.init()...wandb: \ Waiting for wandb.init()...wandb: wandb version 0.15.5 is available!  To upgrade, please run:
wandb:  $ pip install wandb --upgrade
wandb: Tracking run with wandb version 0.14.0
wandb: Run data is saved locally in /gpfs/home2/nreints/MScThesis/code/wandb/run-20230711_122244-aw3s6wvk
wandb: Run `wandb offline` to turn off syncing.
wandb: Syncing run atomic-deluge-24
wandb: â­ï¸ View project at https://wandb.ai/nreints/ThesisFinal2Gen
wandb: ðŸš€ View run at https://wandb.ai/nreints/ThesisFinal2Gen/runs/aw3s6wvk
wandb: Waiting for W&B process to finish... (success).
wandb: 
wandb: Run history:
wandb:                                       Epoch â–â–‚â–ƒâ–ƒâ–„â–…â–†â–†â–‡â–ˆ
wandb:   Test loss t(0,0)_r(0,0)_combi_pNone_gTrue â–ˆâ–â–â–â–â–â–â–â–â–
wandb:   Test loss t(0,0)_r(0,0)_combi_pTrue_gTrue â–ˆâ–â–â–â–â–â–â–â–â–
wandb: Test loss t(5,20)_r(5,20)_combi_pNone_gNone â–ˆâ–â–â–â–‚â–‚â–â–â–‚â–
wandb:   Test loss tennis_pNone_gNone_tennisEffect â–ˆâ–‚â–â–â–â–â–â–â–â–
wandb:                                  Train loss â–ˆâ–â–â–â–â–â–â–â–â–
wandb: 
wandb: Run summary:
wandb:                                       Epoch 9
wandb:   Test loss t(0,0)_r(0,0)_combi_pNone_gTrue 0.0
wandb:   Test loss t(0,0)_r(0,0)_combi_pTrue_gTrue 0.0
wandb: Test loss t(5,20)_r(5,20)_combi_pNone_gNone 0.0
wandb:   Test loss tennis_pNone_gNone_tennisEffect 2e-05
wandb:                                  Train loss 0.0
wandb: 
wandb: ðŸš€ View run atomic-deluge-24 at: https://wandb.ai/nreints/ThesisFinal2Gen/runs/aw3s6wvk
wandb: Synced 7 W&B file(s), 0 media file(s), 4 artifact file(s) and 1 other file(s)
wandb: Find logs at: ./wandb/run-20230711_122244-aw3s6wvk/logs
wandb: - Waiting for wandb.init()...wandb: \ Waiting for wandb.init()...wandb: wandb version 0.15.5 is available!  To upgrade, please run:
wandb:  $ pip install wandb --upgrade
wandb: Tracking run with wandb version 0.14.0
wandb: Run data is saved locally in /gpfs/home2/nreints/MScThesis/code/wandb/run-20230711_122925-tt45kjsy
wandb: Run `wandb offline` to turn off syncing.
wandb: Syncing run restful-breeze-33
wandb: â­ï¸ View project at https://wandb.ai/nreints/ThesisFinal2Gen
wandb: ðŸš€ View run at https://wandb.ai/nreints/ThesisFinal2Gen/runs/tt45kjsy
	 Logging train Loss: 5.4707e-06 [MSELoss(): t(5,20)_r(5,20)_combi_pNone_gNone]
	 Logging test loss: 7.6743e-06 [MSELoss(): t(0,0)_r(0,0)_combi_pNone_gTrue]
	 Logging test loss: 6.7293e-06 [MSELoss(): t(0,0)_r(0,0)_combi_pTrue_gTrue]
	 Logging test loss: 4.4074e-06 [MSELoss(): t(5,20)_r(5,20)_combi_pNone_gNone]
	 Logging test loss: 3.39355e-05 [MSELoss(): tennis_pNone_gNone_tennisEffect]
		--> Epoch time; 29.014432907104492
Epoch 5/9
	 Logging train Loss: 5.0132e-06 [MSELoss(): t(5,20)_r(5,20)_combi_pNone_gNone]
	 Logging test loss: 5.0989e-06 [MSELoss(): t(0,0)_r(0,0)_combi_pNone_gTrue]
	 Logging test loss: 4.8556e-06 [MSELoss(): t(0,0)_r(0,0)_combi_pTrue_gTrue]
	 Logging test loss: 4.3858e-06 [MSELoss(): t(5,20)_r(5,20)_combi_pNone_gNone]
	 Logging test loss: 3.09225e-05 [MSELoss(): tennis_pNone_gNone_tennisEffect]
		--> Epoch time; 29.041290044784546
Epoch 6/9
	 Logging train Loss: 4.5586e-06 [MSELoss(): t(5,20)_r(5,20)_combi_pNone_gNone]
	 Logging test loss: 4.1741e-06 [MSELoss(): t(0,0)_r(0,0)_combi_pNone_gTrue]
	 Logging test loss: 4.004e-06 [MSELoss(): t(0,0)_r(0,0)_combi_pTrue_gTrue]
	 Logging test loss: 4.2165e-06 [MSELoss(): t(5,20)_r(5,20)_combi_pNone_gNone]
	 Logging test loss: 2.90872e-05 [MSELoss(): tennis_pNone_gNone_tennisEffect]
		--> Epoch time; 28.881566524505615
Epoch 7/9
	 Logging train Loss: 4.0147e-06 [MSELoss(): t(5,20)_r(5,20)_combi_pNone_gNone]
	 Logging test loss: 1.7827e-06 [MSELoss(): t(0,0)_r(0,0)_combi_pNone_gTrue]
	 Logging test loss: 1.5616e-06 [MSELoss(): t(0,0)_r(0,0)_combi_pTrue_gTrue]
	 Logging test loss: 2.5187e-06 [MSELoss(): t(5,20)_r(5,20)_combi_pNone_gNone]
	 Logging test loss: 2.38096e-05 [MSELoss(): tennis_pNone_gNone_tennisEffect]
		--> Epoch time; 29.149598360061646
Epoch 8/9
	 Logging train Loss: 3.7857e-06 [MSELoss(): t(5,20)_r(5,20)_combi_pNone_gNone]
	 Logging test loss: 2.1412e-06 [MSELoss(): t(0,0)_r(0,0)_combi_pNone_gTrue]
	 Logging test loss: 2.1137e-06 [MSELoss(): t(0,0)_r(0,0)_combi_pTrue_gTrue]
	 Logging test loss: 2.9149e-06 [MSELoss(): t(5,20)_r(5,20)_combi_pNone_gNone]
	 Logging test loss: 2.28245e-05 [MSELoss(): tennis_pNone_gNone_tennisEffect]
		--> Epoch time; 28.927741289138794
Epoch 9/9
	 Logging train Loss: 3.3112e-06 [MSELoss(): t(5,20)_r(5,20)_combi_pNone_gNone]
	 Logging test loss: 3.4816e-06 [MSELoss(): t(0,0)_r(0,0)_combi_pNone_gTrue]
	 Logging test loss: 3.8193e-06 [MSELoss(): t(0,0)_r(0,0)_combi_pTrue_gTrue]
	 Logging test loss: 4.3415e-06 [MSELoss(): t(5,20)_r(5,20)_combi_pNone_gNone]
	 Logging test loss: 2.43021e-05 [MSELoss(): tennis_pNone_gNone_tennisEffect]
		--> Epoch time; 29.146647691726685
Saved model in  trained_models/gru/data_t(5,20)_r(5,20)_combi_pNone_gNone/'log_quat_1'_'False'.pth
It took  410.12726402282715  seconds.
----- ITERATION 3/10 ------
Number of train simulations:  1920
Number of test simulations:  480
The dataloader for data/data_t(5,20)_r(5,20)_combi_pNone_gNone took 47.16543412208557 seconds.
-- Finished Train Dataloader --
The dataloader for data/data_t(0,0)_r(0,0)_combi_pNone_gTrue took 12.228602647781372 seconds.
The dataloader for data/data_t(0,0)_r(0,0)_combi_pTrue_gTrue took 12.23693060874939 seconds.
The dataloader for data/data_t(5,20)_r(5,20)_combi_pNone_gNone took 11.991995573043823 seconds.
The dataloader for data/data_tennis_pNone_gNone_tennisEffect took 12.290286302566528 seconds.
-- Finished Test Dataloader(s) --
GRU(
  (rnn): GRU(7, 96, batch_first=True)
  (fc): Linear(in_features=96, out_features=7, bias=True)
)
Datatype: log_quat_1
-- Started Training --
Epoch 0/9
	 Logging train Loss: 0.0004323202 [MSELoss(): t(5,20)_r(5,20)_combi_pNone_gNone]
	 Logging test loss: 0.0001760703 [MSELoss(): t(0,0)_r(0,0)_combi_pNone_gTrue]
	 Logging test loss: 0.0001550973 [MSELoss(): t(0,0)_r(0,0)_combi_pTrue_gTrue]
	 Logging test loss: 2.71577e-05 [MSELoss(): t(5,20)_r(5,20)_combi_pNone_gNone]
	 Logging test loss: 0.0002717854 [MSELoss(): tennis_pNone_gNone_tennisEffect]
		--> Epoch time; 29.216150760650635
Epoch 1/9
	 Logging train Loss: 9.7143e-06 [MSELoss(): t(5,20)_r(5,20)_combi_pNone_gNone]
	 Logging test loss: 1.35534e-05 [MSELoss(): t(0,0)_r(0,0)_combi_pNone_gTrue]
	 Logging test loss: 1.21603e-05 [MSELoss(): t(0,0)_r(0,0)_combi_pTrue_gTrue]
	 Logging test loss: 4.7556e-06 [MSELoss(): t(5,20)_r(5,20)_combi_pNone_gNone]
	 Logging test loss: 4.55874e-05 [MSELoss(): tennis_pNone_gNone_tennisEffect]
		--> Epoch time; 29.089991807937622
Epoch 2/9
	 Logging train Loss: 5.8893e-06 [MSELoss(): t(5,20)_r(5,20)_combi_pNone_gNone]
	 Logging test loss: 7.9877e-06 [MSELoss(): t(0,0)_r(0,0)_combi_pNone_gTrue]
	 Logging test loss: 7.261e-06 [MSELoss(): t(0,0)_r(0,0)_combi_pTrue_gTrue]
	 Logging test loss: 4.0303e-06 [MSELoss(): t(5,20)_r(5,20)_combi_pNone_gNone]
	 Logging test loss: 3.8366e-05 [MSELoss(): tennis_pNone_gNone_tennisEffect]
		--> Epoch time; 28.921756982803345
Epoch 3/9
	 Logging train Loss: 5.5677e-06 [MSELoss(): t(5,20)_r(5,20)_combi_pNone_gNone]
	 Logging test loss: 4.759e-06 [MSELoss(): t(0,0)_r(0,0)_combi_pNone_gTrue]
	 Logging test loss: 4.3773e-06 [MSELoss(): t(0,0)_r(0,0)_combi_pTrue_gTrue]
	 Logging test loss: 3.5273e-06 [MSELoss(): t(5,20)_r(5,20)_combi_pNone_gNone]
	 Logging test loss: 3.42482e-05 [MSELoss(): tennis_pNone_gNone_tennisEffect]
		--> Epoch time; 29.04684615135193
Epoch 4/9
	 Logging train Loss: 5.0057e-06 [MSELoss(): t(5,20)_r(5,20)_combi_pNone_gNone]
	 Logging test loss: 4.415e-06 [MSELoss(): t(0,0)_r(0,0)_combi_pNone_gTrue]
	 Logging test loss: 4.0536e-06 [MSELoss(): t(0,0)_r(0,0)_combi_pTrue_gTrue]
	 Logging test loss: 5.013e-06 [MSELoss(): t(5,20)_r(5,20)_combi_pNone_gNone]
	 Logging test loss: 3.42142e-05 [MSELoss(): tennis_pNone_gNone_tennisEffect]
		--> Epoch time; 28.9168381690979
Epoch 5/9
	 Logging train Loss: 4.7344e-06 [MSELoss(): t(5,20)_r(5,20)_combi_pNone_gNone]
	 Logging test loss: 3.5855e-06 [MSELoss(): t(0,0)_r(0,0)_combi_pNone_gTrue]
	 Logging test loss: 3.4791e-06 [MSELoss(): t(0,0)_r(0,0)_combi_pTrue_gTrue]
	 Logging test loss: 5.496e-06 [MSELoss(): t(5,20)_r(5,20)_combi_pNone_gNone]
	 Logging test loss: 3.24263e-05 [MSELoss(): tennis_pNone_gNone_tennisEffect]
		--> Epoch time; 29.150768280029297
Epoch 6/9
	 Logging train Loss: 4.3291e-06 [MSELoss(): t(5,20)_r(5,20)_combi_pNone_gNone]
	 Logging test loss: 1.8037e-06 [MSELoss(): t(0,0)_r(0,0)_combi_pNone_gTrue]
	 Logging test loss: 1.7291e-06 [MSELoss(): t(0,0)_r(0,0)_combi_pTrue_gTrue]
	 Logging test loss: 3.2733e-06 [MSELoss(): t(5,20)_r(5,20)_combi_pNone_gNone]
	 Logging test loss: 2.66793e-05 [MSELoss(): tennis_pNone_gNone_tennisEffect]
		--> Epoch time; 29.223529815673828
Epoch 7/9
	 Logging train Loss: 3.7608e-06 [MSELoss(): t(5,20)_r(5,20)_combi_pNone_gNone]
	 Logging test loss: 2.1713e-06 [MSELoss(): t(0,0)_r(0,0)_combi_pNone_gTrue]
	 Logging test loss: 2.2531e-06 [MSELoss(): t(0,0)_r(0,0)_combi_pTrue_gTrue]
	 Logging test loss: 3.6634e-06 [MSELoss(): t(5,20)_r(5,20)_combi_pNone_gNone]
	 Logging test loss: 2.55234e-05 [MSELoss(): tennis_pNone_gNone_tennisEffect]
		--> Epoch time; 29.14130687713623
Epoch 8/9
	 Logging train Loss: 3.4676e-06 [MSELoss(): t(5,20)_r(5,20)_combi_pNone_gNone]
	 Logging test loss: 4.3797e-06 [MSELoss(): t(0,0)_r(0,0)_combi_pNone_gTrue]
	 Logging test loss: 4.5311e-06 [MSELoss(): t(0,0)_r(0,0)_combi_pTrue_gTrue]
	 Logging test loss: 6.0411e-06 [MSELoss(): t(5,20)_r(5,20)_combi_pNone_gNone]
	 Logging test loss: 2.83022e-05 [MSELoss(): tennis_pNone_gNone_tennisEffect]
		--> Epoch time; 29.25338363647461
Epoch 9/9
	 Logging train Loss: 2.9907e-06 [MSELoss(): t(5,20)_r(5,20)_combi_pNone_gNone]
	 Logging test loss: 2.3253e-06 [MSELoss(): t(0,0)_r(0,0)_combi_pNone_gTrue]
	 Logging test loss: 2.4709e-06 [MSELoss(): t(0,0)_r(0,0)_combi_pTrue_gTrue]
	 Logging test loss: 3.5939e-06 [MSELoss(): t(5,20)_r(5,20)_combi_pNone_gNone]
	 Logging test loss: 2.12274e-05 [MSELoss(): tennis_pNone_gNone_tennisEffect]
		--> Epoch time; 29.771241426467896
Saved model in  trained_models/gru/data_t(5,20)_r(5,20)_combi_pNone_gNone/'log_quat_1'_'False'.pth
It took  400.55273151397705  seconds.
----- ITERATION 4/10 ------
Number of train simulations:  1920
Number of test simulations:  480
wandb: Waiting for W&B process to finish... (success).
wandb: 
wandb: Run history:
wandb:                                       Epoch â–â–‚â–ƒâ–ƒâ–„â–…â–†â–†â–‡â–ˆ
wandb:   Test loss t(0,0)_r(0,0)_combi_pNone_gTrue â–ˆâ–‚â–â–â–â–â–â–â–â–
wandb:   Test loss t(0,0)_r(0,0)_combi_pTrue_gTrue â–ˆâ–‚â–â–â–â–â–â–â–â–
wandb: Test loss t(5,20)_r(5,20)_combi_pNone_gNone â–ˆâ–‚â–‚â–‚â–â–â–â–‚â–â–
wandb:   Test loss tennis_pNone_gNone_tennisEffect â–ˆâ–‚â–‚â–‚â–â–â–â–â–â–
wandb:                                  Train loss â–ˆâ–â–â–â–â–â–â–â–â–
wandb: 
wandb: Run summary:
wandb:                                       Epoch 9
wandb:   Test loss t(0,0)_r(0,0)_combi_pNone_gTrue 0.0
wandb:   Test loss t(0,0)_r(0,0)_combi_pTrue_gTrue 0.0
wandb: Test loss t(5,20)_r(5,20)_combi_pNone_gNone 0.0
wandb:   Test loss tennis_pNone_gNone_tennisEffect 2e-05
wandb:                                  Train loss 0.0
wandb: 
wandb: ðŸš€ View run restful-breeze-33 at: https://wandb.ai/nreints/ThesisFinal2Gen/runs/tt45kjsy
wandb: Synced 7 W&B file(s), 0 media file(s), 4 artifact file(s) and 1 other file(s)
wandb: Find logs at: ./wandb/run-20230711_122925-tt45kjsy/logs
wandb: - Waiting for wandb.init()...wandb: \ Waiting for wandb.init()...wandb: wandb version 0.15.5 is available!  To upgrade, please run:
wandb:  $ pip install wandb --upgrade
wandb: Tracking run with wandb version 0.14.0
wandb: Run data is saved locally in /gpfs/home2/nreints/MScThesis/code/wandb/run-20230711_123605-rrbosc6d
wandb: Run `wandb offline` to turn off syncing.
wandb: Syncing run zany-energy-42
wandb: â­ï¸ View project at https://wandb.ai/nreints/ThesisFinal2Gen
wandb: ðŸš€ View run at https://wandb.ai/nreints/ThesisFinal2Gen/runs/rrbosc6d
The dataloader for data/data_t(5,20)_r(5,20)_combi_pNone_gNone took 46.79055404663086 seconds.
-- Finished Train Dataloader --
The dataloader for data/data_t(0,0)_r(0,0)_combi_pNone_gTrue took 12.206393718719482 seconds.
The dataloader for data/data_t(0,0)_r(0,0)_combi_pTrue_gTrue took 12.226178646087646 seconds.
The dataloader for data/data_t(5,20)_r(5,20)_combi_pNone_gNone took 11.94581413269043 seconds.
The dataloader for data/data_tennis_pNone_gNone_tennisEffect took 12.207945585250854 seconds.
-- Finished Test Dataloader(s) --
GRU(
  (rnn): GRU(7, 96, batch_first=True)
  (fc): Linear(in_features=96, out_features=7, bias=True)
)
Datatype: log_quat_1
-- Started Training --
Epoch 0/9
	 Logging train Loss: 0.0004876793 [MSELoss(): t(5,20)_r(5,20)_combi_pNone_gNone]
	 Logging test loss: 0.0003161218 [MSELoss(): t(0,0)_r(0,0)_combi_pNone_gTrue]
	 Logging test loss: 0.0002882759 [MSELoss(): t(0,0)_r(0,0)_combi_pTrue_gTrue]
	 Logging test loss: 3.70126e-05 [MSELoss(): t(5,20)_r(5,20)_combi_pNone_gNone]
	 Logging test loss: 0.0003490013 [MSELoss(): tennis_pNone_gNone_tennisEffect]
		--> Epoch time; 29.34296417236328
Epoch 1/9
	 Logging train Loss: 1.52703e-05 [MSELoss(): t(5,20)_r(5,20)_combi_pNone_gNone]
	 Logging test loss: 2.79487e-05 [MSELoss(): t(0,0)_r(0,0)_combi_pNone_gTrue]
	 Logging test loss: 2.59753e-05 [MSELoss(): t(0,0)_r(0,0)_combi_pTrue_gTrue]
	 Logging test loss: 6.0985e-06 [MSELoss(): t(5,20)_r(5,20)_combi_pNone_gNone]
	 Logging test loss: 5.56145e-05 [MSELoss(): tennis_pNone_gNone_tennisEffect]
		--> Epoch time; 28.87916660308838
Epoch 2/9
	 Logging train Loss: 7.0949e-06 [MSELoss(): t(5,20)_r(5,20)_combi_pNone_gNone]
	 Logging test loss: 1.85545e-05 [MSELoss(): t(0,0)_r(0,0)_combi_pNone_gTrue]
	 Logging test loss: 1.73141e-05 [MSELoss(): t(0,0)_r(0,0)_combi_pTrue_gTrue]
	 Logging test loss: 5.8181e-06 [MSELoss(): t(5,20)_r(5,20)_combi_pNone_gNone]
	 Logging test loss: 4.56369e-05 [MSELoss(): tennis_pNone_gNone_tennisEffect]
		--> Epoch time; 28.994816064834595
Epoch 3/9
	 Logging train Loss: 6.3568e-06 [MSELoss(): t(5,20)_r(5,20)_combi_pNone_gNone]
	 Logging test loss: 1.71245e-05 [MSELoss(): t(0,0)_r(0,0)_combi_pNone_gTrue]
	 Logging test loss: 1.69515e-05 [MSELoss(): t(0,0)_r(0,0)_combi_pTrue_gTrue]
	 Logging test loss: 9.212e-06 [MSELoss(): t(5,20)_r(5,20)_combi_pNone_gNone]
	 Logging test loss: 4.78798e-05 [MSELoss(): tennis_pNone_gNone_tennisEffect]
		--> Epoch time; 28.987181663513184
Epoch 4/9
	 Logging train Loss: 5.8795e-06 [MSELoss(): t(5,20)_r(5,20)_combi_pNone_gNone]
	 Logging test loss: 8.5248e-06 [MSELoss(): t(0,0)_r(0,0)_combi_pNone_gTrue]
	 Logging test loss: 7.864e-06 [MSELoss(): t(0,0)_r(0,0)_combi_pTrue_gTrue]
	 Logging test loss: 3.647e-06 [MSELoss(): t(5,20)_r(5,20)_combi_pNone_gNone]
	 Logging test loss: 3.41728e-05 [MSELoss(): tennis_pNone_gNone_tennisEffect]
		--> Epoch time; 29.084465742111206
Epoch 5/9
	 Logging train Loss: 4.9487e-06 [MSELoss(): t(5,20)_r(5,20)_combi_pNone_gNone]
	 Logging test loss: 5.1751e-06 [MSELoss(): t(0,0)_r(0,0)_combi_pNone_gTrue]
	 Logging test loss: 4.7669e-06 [MSELoss(): t(0,0)_r(0,0)_combi_pTrue_gTrue]
	 Logging test loss: 3.1944e-06 [MSELoss(): t(5,20)_r(5,20)_combi_pNone_gNone]
	 Logging test loss: 2.98689e-05 [MSELoss(): tennis_pNone_gNone_tennisEffect]
		--> Epoch time; 29.18968439102173
Epoch 6/9
	 Logging train Loss: 4.5651e-06 [MSELoss(): t(5,20)_r(5,20)_combi_pNone_gNone]
	 Logging test loss: 4.9454e-06 [MSELoss(): t(0,0)_r(0,0)_combi_pNone_gTrue]
	 Logging test loss: 5.0545e-06 [MSELoss(): t(0,0)_r(0,0)_combi_pTrue_gTrue]
	 Logging test loss: 4.6397e-06 [MSELoss(): t(5,20)_r(5,20)_combi_pNone_gNone]
	 Logging test loss: 3.04252e-05 [MSELoss(): tennis_pNone_gNone_tennisEffect]
		--> Epoch time; 28.84651279449463
Epoch 7/9
	 Logging train Loss: 4.2709e-06 [MSELoss(): t(5,20)_r(5,20)_combi_pNone_gNone]
	 Logging test loss: 4.7352e-06 [MSELoss(): t(0,0)_r(0,0)_combi_pNone_gTrue]
	 Logging test loss: 4.6378e-06 [MSELoss(): t(0,0)_r(0,0)_combi_pTrue_gTrue]
	 Logging test loss: 5.2933e-06 [MSELoss(): t(5,20)_r(5,20)_combi_pNone_gNone]
	 Logging test loss: 2.99792e-05 [MSELoss(): tennis_pNone_gNone_tennisEffect]
		--> Epoch time; 29.031246662139893
Epoch 8/9
	 Logging train Loss: 3.518e-06 [MSELoss(): t(5,20)_r(5,20)_combi_pNone_gNone]
	 Logging test loss: 1.71e-06 [MSELoss(): t(0,0)_r(0,0)_combi_pNone_gTrue]
	 Logging test loss: 1.6497e-06 [MSELoss(): t(0,0)_r(0,0)_combi_pTrue_gTrue]
	 Logging test loss: 2.5514e-06 [MSELoss(): t(5,20)_r(5,20)_combi_pNone_gNone]
	 Logging test loss: 2.20859e-05 [MSELoss(): tennis_pNone_gNone_tennisEffect]
		--> Epoch time; 29.085953950881958
Epoch 9/9
	 Logging train Loss: 3.3968e-06 [MSELoss(): t(5,20)_r(5,20)_combi_pNone_gNone]
	 Logging test loss: 1.054e-06 [MSELoss(): t(0,0)_r(0,0)_combi_pNone_gTrue]
	 Logging test loss: 9.875e-07 [MSELoss(): t(0,0)_r(0,0)_combi_pTrue_gTrue]
	 Logging test loss: 2.3524e-06 [MSELoss(): t(5,20)_r(5,20)_combi_pNone_gNone]
	 Logging test loss: 1.91581e-05 [MSELoss(): tennis_pNone_gNone_tennisEffect]
		--> Epoch time; 29.299393892288208
Saved model in  trained_models/gru/data_t(5,20)_r(5,20)_combi_pNone_gNone/'log_quat_1'_'False'.pth
It took  400.28910851478577  seconds.
----- ITERATION 5/10 ------
Number of train simulations:  1920
Number of test simulations:  480
The dataloader for data/data_t(5,20)_r(5,20)_combi_pNone_gNone took 47.07673096656799 seconds.
-- Finished Train Dataloader --
The dataloader for data/data_t(0,0)_r(0,0)_combi_pNone_gTrue took 12.18787169456482 seconds.
The dataloader for data/data_t(0,0)_r(0,0)_combi_pTrue_gTrue took 12.211961030960083 seconds.
The dataloader for data/data_t(5,20)_r(5,20)_combi_pNone_gNone took 11.933682441711426 seconds.
The dataloader for data/data_tennis_pNone_gNone_tennisEffect took 12.194542407989502 seconds.
-- Finished Test Dataloader(s) --
GRU(
  (rnn): GRU(7, 96, batch_first=True)
  (fc): Linear(in_features=96, out_features=7, bias=True)
)
Datatype: log_quat_1
-- Started Training --
Epoch 0/9
	 Logging train Loss: 0.0008834357 [MSELoss(): t(5,20)_r(5,20)_combi_pNone_gNone]
	 Logging test loss: 0.0003667611 [MSELoss(): t(0,0)_r(0,0)_combi_pNone_gTrue]
	 Logging test loss: 0.0003209002 [MSELoss(): t(0,0)_r(0,0)_combi_pTrue_gTrue]
	 Logging test loss: 6.89409e-05 [MSELoss(): t(5,20)_r(5,20)_combi_pNone_gNone]
	 Logging test loss: 0.000467926 [MSELoss(): tennis_pNone_gNone_tennisEffect]
		--> Epoch time; 29.38646912574768
Epoch 1/9
	 Logging train Loss: 2.7911e-05 [MSELoss(): t(5,20)_r(5,20)_combi_pNone_gNone]
	 Logging test loss: 4.02739e-05 [MSELoss(): t(0,0)_r(0,0)_combi_pNone_gTrue]
	 Logging test loss: 3.47941e-05 [MSELoss(): t(0,0)_r(0,0)_combi_pTrue_gTrue]
	 Logging test loss: 8.0357e-06 [MSELoss(): t(5,20)_r(5,20)_combi_pNone_gNone]
	 Logging test loss: 6.89383e-05 [MSELoss(): tennis_pNone_gNone_tennisEffect]
		--> Epoch time; 28.868550539016724
Epoch 2/9
	 Logging train Loss: 6.9613e-06 [MSELoss(): t(5,20)_r(5,20)_combi_pNone_gNone]
	 Logging test loss: 2.12318e-05 [MSELoss(): t(0,0)_r(0,0)_combi_pNone_gTrue]
	 Logging test loss: 1.8488e-05 [MSELoss(): t(0,0)_r(0,0)_combi_pTrue_gTrue]
	 Logging test loss: 5.1014e-06 [MSELoss(): t(5,20)_r(5,20)_combi_pNone_gNone]
	 Logging test loss: 4.70098e-05 [MSELoss(): tennis_pNone_gNone_tennisEffect]
		--> Epoch time; 29.193984270095825
Epoch 3/9
	 Logging train Loss: 5.8554e-06 [MSELoss(): t(5,20)_r(5,20)_combi_pNone_gNone]
	 Logging test loss: 1.35277e-05 [MSELoss(): t(0,0)_r(0,0)_combi_pNone_gTrue]
	 Logging test loss: 1.1694e-05 [MSELoss(): t(0,0)_r(0,0)_combi_pTrue_gTrue]
	 Logging test loss: 4.0487e-06 [MSELoss(): t(5,20)_r(5,20)_combi_pNone_gNone]
	 Logging test loss: 3.85077e-05 [MSELoss(): tennis_pNone_gNone_tennisEffect]
		--> Epoch time; 28.976179361343384
Epoch 4/9
	 Logging train Loss: 5.1657e-06 [MSELoss(): t(5,20)_r(5,20)_combi_pNone_gNone]
	 Logging test loss: 9.2407e-06 [MSELoss(): t(0,0)_r(0,0)_combi_pNone_gTrue]
	 Logging test loss: 8.0572e-06 [MSELoss(): t(0,0)_r(0,0)_combi_pTrue_gTrue]
	 Logging test loss: 4.3563e-06 [MSELoss(): t(5,20)_r(5,20)_combi_pNone_gNone]
	 Logging test loss: 3.51964e-05 [MSELoss(): tennis_pNone_gNone_tennisEffect]
		--> Epoch time; 29.056353092193604
wandb: Waiting for W&B process to finish... (success).
wandb: 
wandb: Run history:
wandb:                                       Epoch â–â–‚â–ƒâ–ƒâ–„â–…â–†â–†â–‡â–ˆ
wandb:   Test loss t(0,0)_r(0,0)_combi_pNone_gTrue â–ˆâ–‚â–â–â–â–â–â–â–â–
wandb:   Test loss t(0,0)_r(0,0)_combi_pTrue_gTrue â–ˆâ–‚â–â–â–â–â–â–â–â–
wandb: Test loss t(5,20)_r(5,20)_combi_pNone_gNone â–ˆâ–‚â–â–â–â–â–â–â–â–
wandb:   Test loss tennis_pNone_gNone_tennisEffect â–ˆâ–‚â–â–â–â–â–â–â–â–
wandb:                                  Train loss â–ˆâ–â–â–â–â–â–â–â–â–
wandb: 
wandb: Run summary:
wandb:                                       Epoch 9
wandb:   Test loss t(0,0)_r(0,0)_combi_pNone_gTrue 0.0
wandb:   Test loss t(0,0)_r(0,0)_combi_pTrue_gTrue 0.0
wandb: Test loss t(5,20)_r(5,20)_combi_pNone_gNone 0.0
wandb:   Test loss tennis_pNone_gNone_tennisEffect 2e-05
wandb:                                  Train loss 0.0
wandb: 
wandb: ðŸš€ View run zany-energy-42 at: https://wandb.ai/nreints/ThesisFinal2Gen/runs/rrbosc6d
wandb: Synced 7 W&B file(s), 0 media file(s), 4 artifact file(s) and 1 other file(s)
wandb: Find logs at: ./wandb/run-20230711_123605-rrbosc6d/logs
wandb: - Waiting for wandb.init()...wandb: \ Waiting for wandb.init()...wandb: wandb version 0.15.5 is available!  To upgrade, please run:
wandb:  $ pip install wandb --upgrade
wandb: Tracking run with wandb version 0.14.0
wandb: Run data is saved locally in /gpfs/home2/nreints/MScThesis/code/wandb/run-20230711_124245-calsviaj
wandb: Run `wandb offline` to turn off syncing.
wandb: Syncing run dashing-wood-51
wandb: â­ï¸ View project at https://wandb.ai/nreints/ThesisFinal2Gen
wandb: ðŸš€ View run at https://wandb.ai/nreints/ThesisFinal2Gen/runs/calsviaj
wandb: Waiting for W&B process to finish... (success).
wandb: 
wandb: Run history:
wandb:                                       Epoch â–â–‚â–ƒâ–ƒâ–„â–…â–†â–†â–‡â–ˆ
wandb:   Test loss t(0,0)_r(0,0)_combi_pNone_gTrue â–ˆâ–‚â–â–â–â–â–â–â–â–
wandb:   Test loss t(0,0)_r(0,0)_combi_pTrue_gTrue â–ˆâ–‚â–â–â–â–â–â–â–â–
wandb: Test loss t(5,20)_r(5,20)_combi_pNone_gNone â–ˆâ–‚â–â–â–â–â–â–â–ƒâ–
wandb:   Test loss tennis_pNone_gNone_tennisEffect â–ˆâ–‚â–â–â–â–â–â–â–â–
wandb:                                  Train loss â–ˆâ–â–â–â–â–â–â–â–â–
wandb: 
wandb: Run summary:
wandb:                                       Epoch 9
wandb:   Test loss t(0,0)_r(0,0)_combi_pNone_gTrue 0.0
wandb:   Test loss t(0,0)_r(0,0)_combi_pTrue_gTrue 0.0
wandb: Test loss t(5,20)_r(5,20)_combi_pNone_gNone 0.0
wandb:   Test loss tennis_pNone_gNone_tennisEffect 2e-05
wandb:                                  Train loss 0.0
wandb: 
wandb: ðŸš€ View run dashing-wood-51 at: https://wandb.ai/nreints/ThesisFinal2Gen/runs/calsviaj
wandb: Synced 7 W&B file(s), 0 media file(s), 4 artifact file(s) and 1 other file(s)
wandb: Find logs at: ./wandb/run-20230711_124245-calsviaj/logs
wandb: - Waiting for wandb.init()...wandb: \ Waiting for wandb.init()...wandb: wandb version 0.15.5 is available!  To upgrade, please run:
wandb:  $ pip install wandb --upgrade
wandb: Tracking run with wandb version 0.14.0
wandb: Run data is saved locally in /gpfs/home2/nreints/MScThesis/code/wandb/run-20230711_124925-o0yswv1r
wandb: Run `wandb offline` to turn off syncing.
wandb: Syncing run good-oath-61
wandb: â­ï¸ View project at https://wandb.ai/nreints/ThesisFinal2Gen
wandb: ðŸš€ View run at https://wandb.ai/nreints/ThesisFinal2Gen/runs/o0yswv1r
Epoch 5/9
	 Logging train Loss: 4.9827e-06 [MSELoss(): t(5,20)_r(5,20)_combi_pNone_gNone]
	 Logging test loss: 5.4872e-06 [MSELoss(): t(0,0)_r(0,0)_combi_pNone_gTrue]
	 Logging test loss: 4.798e-06 [MSELoss(): t(0,0)_r(0,0)_combi_pTrue_gTrue]
	 Logging test loss: 3.6045e-06 [MSELoss(): t(5,20)_r(5,20)_combi_pNone_gNone]
	 Logging test loss: 3.04945e-05 [MSELoss(): tennis_pNone_gNone_tennisEffect]
		--> Epoch time; 29.084144592285156
Epoch 6/9
	 Logging train Loss: 4.9251e-06 [MSELoss(): t(5,20)_r(5,20)_combi_pNone_gNone]
	 Logging test loss: 3.7094e-06 [MSELoss(): t(0,0)_r(0,0)_combi_pNone_gTrue]
	 Logging test loss: 3.2857e-06 [MSELoss(): t(0,0)_r(0,0)_combi_pTrue_gTrue]
	 Logging test loss: 3.6987e-06 [MSELoss(): t(5,20)_r(5,20)_combi_pNone_gNone]
	 Logging test loss: 2.84264e-05 [MSELoss(): tennis_pNone_gNone_tennisEffect]
		--> Epoch time; 29.005154609680176
Epoch 7/9
	 Logging train Loss: 4.169e-06 [MSELoss(): t(5,20)_r(5,20)_combi_pNone_gNone]
	 Logging test loss: 1.6005e-06 [MSELoss(): t(0,0)_r(0,0)_combi_pNone_gTrue]
	 Logging test loss: 1.4334e-06 [MSELoss(): t(0,0)_r(0,0)_combi_pTrue_gTrue]
	 Logging test loss: 2.7058e-06 [MSELoss(): t(5,20)_r(5,20)_combi_pNone_gNone]
	 Logging test loss: 2.39861e-05 [MSELoss(): tennis_pNone_gNone_tennisEffect]
		--> Epoch time; 29.211461067199707
Epoch 8/9
	 Logging train Loss: 4.0415e-06 [MSELoss(): t(5,20)_r(5,20)_combi_pNone_gNone]
	 Logging test loss: 9.118e-07 [MSELoss(): t(0,0)_r(0,0)_combi_pNone_gTrue]
	 Logging test loss: 8.164e-07 [MSELoss(): t(0,0)_r(0,0)_combi_pTrue_gTrue]
	 Logging test loss: 2.3899e-06 [MSELoss(): t(5,20)_r(5,20)_combi_pNone_gNone]
	 Logging test loss: 2.13462e-05 [MSELoss(): tennis_pNone_gNone_tennisEffect]
		--> Epoch time; 28.855143785476685
Epoch 9/9
	 Logging train Loss: 3.5623e-06 [MSELoss(): t(5,20)_r(5,20)_combi_pNone_gNone]
	 Logging test loss: 9.705e-07 [MSELoss(): t(0,0)_r(0,0)_combi_pNone_gTrue]
	 Logging test loss: 9.205e-07 [MSELoss(): t(0,0)_r(0,0)_combi_pTrue_gTrue]
	 Logging test loss: 2.5e-06 [MSELoss(): t(5,20)_r(5,20)_combi_pNone_gNone]
	 Logging test loss: 1.96988e-05 [MSELoss(): tennis_pNone_gNone_tennisEffect]
		--> Epoch time; 29.242445945739746
Saved model in  trained_models/gru/data_t(5,20)_r(5,20)_combi_pNone_gNone/'log_quat_1'_'False'.pth
It took  400.0515727996826  seconds.
----- ITERATION 6/10 ------
Number of train simulations:  1920
Number of test simulations:  480
The dataloader for data/data_t(5,20)_r(5,20)_combi_pNone_gNone took 47.01548171043396 seconds.
-- Finished Train Dataloader --
The dataloader for data/data_t(0,0)_r(0,0)_combi_pNone_gTrue took 12.247528791427612 seconds.
The dataloader for data/data_t(0,0)_r(0,0)_combi_pTrue_gTrue took 12.152292013168335 seconds.
The dataloader for data/data_t(5,20)_r(5,20)_combi_pNone_gNone took 11.970012903213501 seconds.
The dataloader for data/data_tennis_pNone_gNone_tennisEffect took 12.149756908416748 seconds.
-- Finished Test Dataloader(s) --
GRU(
  (rnn): GRU(7, 96, batch_first=True)
  (fc): Linear(in_features=96, out_features=7, bias=True)
)
Datatype: log_quat_1
-- Started Training --
Epoch 0/9
	 Logging train Loss: 0.0012041102 [MSELoss(): t(5,20)_r(5,20)_combi_pNone_gNone]
	 Logging test loss: 0.000431581 [MSELoss(): t(0,0)_r(0,0)_combi_pNone_gTrue]
	 Logging test loss: 0.000378523 [MSELoss(): t(0,0)_r(0,0)_combi_pTrue_gTrue]
	 Logging test loss: 7.40231e-05 [MSELoss(): t(5,20)_r(5,20)_combi_pNone_gNone]
	 Logging test loss: 0.0005531862 [MSELoss(): tennis_pNone_gNone_tennisEffect]
		--> Epoch time; 29.826990604400635
Epoch 1/9
	 Logging train Loss: 3.03302e-05 [MSELoss(): t(5,20)_r(5,20)_combi_pNone_gNone]
	 Logging test loss: 3.64972e-05 [MSELoss(): t(0,0)_r(0,0)_combi_pNone_gTrue]
	 Logging test loss: 3.33203e-05 [MSELoss(): t(0,0)_r(0,0)_combi_pTrue_gTrue]
	 Logging test loss: 8.7077e-06 [MSELoss(): t(5,20)_r(5,20)_combi_pNone_gNone]
	 Logging test loss: 7.31573e-05 [MSELoss(): tennis_pNone_gNone_tennisEffect]
		--> Epoch time; 29.853044509887695
Epoch 2/9
	 Logging train Loss: 6.0933e-06 [MSELoss(): t(5,20)_r(5,20)_combi_pNone_gNone]
	 Logging test loss: 2.14153e-05 [MSELoss(): t(0,0)_r(0,0)_combi_pNone_gTrue]
	 Logging test loss: 1.94008e-05 [MSELoss(): t(0,0)_r(0,0)_combi_pTrue_gTrue]
	 Logging test loss: 6.0655e-06 [MSELoss(): t(5,20)_r(5,20)_combi_pNone_gNone]
	 Logging test loss: 4.99779e-05 [MSELoss(): tennis_pNone_gNone_tennisEffect]
		--> Epoch time; 29.427411556243896
Epoch 3/9
	 Logging train Loss: 5.3283e-06 [MSELoss(): t(5,20)_r(5,20)_combi_pNone_gNone]
	 Logging test loss: 1.27714e-05 [MSELoss(): t(0,0)_r(0,0)_combi_pNone_gTrue]
	 Logging test loss: 1.13674e-05 [MSELoss(): t(0,0)_r(0,0)_combi_pTrue_gTrue]
	 Logging test loss: 4.3164e-06 [MSELoss(): t(5,20)_r(5,20)_combi_pNone_gNone]
	 Logging test loss: 3.97239e-05 [MSELoss(): tennis_pNone_gNone_tennisEffect]
		--> Epoch time; 29.14198875427246
Epoch 4/9
	 Logging train Loss: 4.8173e-06 [MSELoss(): t(5,20)_r(5,20)_combi_pNone_gNone]
	 Logging test loss: 7.9103e-06 [MSELoss(): t(0,0)_r(0,0)_combi_pNone_gTrue]
	 Logging test loss: 7.0518e-06 [MSELoss(): t(0,0)_r(0,0)_combi_pTrue_gTrue]
	 Logging test loss: 3.9624e-06 [MSELoss(): t(5,20)_r(5,20)_combi_pNone_gNone]
	 Logging test loss: 3.45903e-05 [MSELoss(): tennis_pNone_gNone_tennisEffect]
		--> Epoch time; 28.972554445266724
Epoch 5/9
	 Logging train Loss: 4.5715e-06 [MSELoss(): t(5,20)_r(5,20)_combi_pNone_gNone]
	 Logging test loss: 5.5512e-06 [MSELoss(): t(0,0)_r(0,0)_combi_pNone_gTrue]
	 Logging test loss: 5.1533e-06 [MSELoss(): t(0,0)_r(0,0)_combi_pTrue_gTrue]
	 Logging test loss: 4.1679e-06 [MSELoss(): t(5,20)_r(5,20)_combi_pNone_gNone]
	 Logging test loss: 3.20122e-05 [MSELoss(): tennis_pNone_gNone_tennisEffect]
		--> Epoch time; 29.174444913864136
Epoch 6/9
	 Logging train Loss: 4.6236e-06 [MSELoss(): t(5,20)_r(5,20)_combi_pNone_gNone]
	 Logging test loss: 3.7018e-06 [MSELoss(): t(0,0)_r(0,0)_combi_pNone_gTrue]
	 Logging test loss: 3.5639e-06 [MSELoss(): t(0,0)_r(0,0)_combi_pTrue_gTrue]
	 Logging test loss: 4.2777e-06 [MSELoss(): t(5,20)_r(5,20)_combi_pNone_gNone]
	 Logging test loss: 2.91725e-05 [MSELoss(): tennis_pNone_gNone_tennisEffect]
		--> Epoch time; 28.837212085723877
Epoch 7/9
	 Logging train Loss: 3.9881e-06 [MSELoss(): t(5,20)_r(5,20)_combi_pNone_gNone]
	 Logging test loss: 6.267e-06 [MSELoss(): t(0,0)_r(0,0)_combi_pNone_gTrue]
	 Logging test loss: 6.9278e-06 [MSELoss(): t(0,0)_r(0,0)_combi_pTrue_gTrue]
	 Logging test loss: 6.8271e-06 [MSELoss(): t(5,20)_r(5,20)_combi_pNone_gNone]
	 Logging test loss: 3.37054e-05 [MSELoss(): tennis_pNone_gNone_tennisEffect]
		--> Epoch time; 29.080986976623535
Epoch 8/9
	 Logging train Loss: 3.9979e-06 [MSELoss(): t(5,20)_r(5,20)_combi_pNone_gNone]
	 Logging test loss: 1.50201e-05 [MSELoss(): t(0,0)_r(0,0)_combi_pNone_gTrue]
	 Logging test loss: 1.52174e-05 [MSELoss(): t(0,0)_r(0,0)_combi_pTrue_gTrue]
	 Logging test loss: 1.95567e-05 [MSELoss(): t(5,20)_r(5,20)_combi_pNone_gNone]
	 Logging test loss: 5.67174e-05 [MSELoss(): tennis_pNone_gNone_tennisEffect]
		--> Epoch time; 29.116427659988403
Epoch 9/9
	 Logging train Loss: 3.4093e-06 [MSELoss(): t(5,20)_r(5,20)_combi_pNone_gNone]
	 Logging test loss: 1.5914e-06 [MSELoss(): t(0,0)_r(0,0)_combi_pNone_gTrue]
	 Logging test loss: 1.6501e-06 [MSELoss(): t(0,0)_r(0,0)_combi_pTrue_gTrue]
	 Logging test loss: 2.8651e-06 [MSELoss(): t(5,20)_r(5,20)_combi_pNone_gNone]
	 Logging test loss: 2.12679e-05 [MSELoss(): tennis_pNone_gNone_tennisEffect]
		--> Epoch time; 29.321619987487793
Saved model in  trained_models/gru/data_t(5,20)_r(5,20)_combi_pNone_gNone/'log_quat_1'_'False'.pth
It took  400.0808618068695  seconds.
----- ITERATION 7/10 ------
Number of train simulations:  1920
Number of test simulations:  480
The dataloader for data/data_t(5,20)_r(5,20)_combi_pNone_gNone took 46.82722806930542 seconds.
-- Finished Train Dataloader --
The dataloader for data/data_t(0,0)_r(0,0)_combi_pNone_gTrue took 12.157437801361084 seconds.
The dataloader for data/data_t(0,0)_r(0,0)_combi_pTrue_gTrue took 12.167743682861328 seconds.
The dataloader for data/data_t(5,20)_r(5,20)_combi_pNone_gNone took 11.988752365112305 seconds.
wandb: Waiting for W&B process to finish... (success).
wandb: 
wandb: Run history:
wandb:                                       Epoch â–â–‚â–ƒâ–ƒâ–„â–…â–†â–†â–‡â–ˆ
wandb:   Test loss t(0,0)_r(0,0)_combi_pNone_gTrue â–ˆâ–‚â–‚â–â–â–â–â–â–â–
wandb:   Test loss t(0,0)_r(0,0)_combi_pTrue_gTrue â–ˆâ–‚â–‚â–â–â–â–â–â–â–
wandb: Test loss t(5,20)_r(5,20)_combi_pNone_gNone â–ˆâ–‚â–â–â–â–â–‚â–â–â–
wandb:   Test loss tennis_pNone_gNone_tennisEffect â–ˆâ–‚â–â–â–â–â–â–â–â–
wandb:                                  Train loss â–ˆâ–â–â–â–â–â–â–â–â–
wandb: 
wandb: Run summary:
wandb:                                       Epoch 9
wandb:   Test loss t(0,0)_r(0,0)_combi_pNone_gTrue 0.0
wandb:   Test loss t(0,0)_r(0,0)_combi_pTrue_gTrue 0.0
wandb: Test loss t(5,20)_r(5,20)_combi_pNone_gNone 0.0
wandb:   Test loss tennis_pNone_gNone_tennisEffect 2e-05
wandb:                                  Train loss 0.0
wandb: 
wandb: ðŸš€ View run good-oath-61 at: https://wandb.ai/nreints/ThesisFinal2Gen/runs/o0yswv1r
wandb: Synced 7 W&B file(s), 0 media file(s), 4 artifact file(s) and 1 other file(s)
wandb: Find logs at: ./wandb/run-20230711_124925-o0yswv1r/logs
wandb: - Waiting for wandb.init()...wandb: \ Waiting for wandb.init()...wandb: wandb version 0.15.5 is available!  To upgrade, please run:
wandb:  $ pip install wandb --upgrade
wandb: Tracking run with wandb version 0.14.0
wandb: Run data is saved locally in /gpfs/home2/nreints/MScThesis/code/wandb/run-20230711_125604-hddobypa
wandb: Run `wandb offline` to turn off syncing.
wandb: Syncing run jolly-fire-70
wandb: â­ï¸ View project at https://wandb.ai/nreints/ThesisFinal2Gen
wandb: ðŸš€ View run at https://wandb.ai/nreints/ThesisFinal2Gen/runs/hddobypa
The dataloader for data/data_tennis_pNone_gNone_tennisEffect took 12.169773817062378 seconds.
-- Finished Test Dataloader(s) --
GRU(
  (rnn): GRU(7, 96, batch_first=True)
  (fc): Linear(in_features=96, out_features=7, bias=True)
)
Datatype: log_quat_1
-- Started Training --
Epoch 0/9
	 Logging train Loss: 0.0007257676 [MSELoss(): t(5,20)_r(5,20)_combi_pNone_gNone]
	 Logging test loss: 6.97858e-05 [MSELoss(): t(0,0)_r(0,0)_combi_pNone_gTrue]
	 Logging test loss: 6.69471e-05 [MSELoss(): t(0,0)_r(0,0)_combi_pTrue_gTrue]
	 Logging test loss: 4.5181e-05 [MSELoss(): t(5,20)_r(5,20)_combi_pNone_gNone]
	 Logging test loss: 0.0003367013 [MSELoss(): tennis_pNone_gNone_tennisEffect]
		--> Epoch time; 29.163654327392578
Epoch 1/9
	 Logging train Loss: 1.68467e-05 [MSELoss(): t(5,20)_r(5,20)_combi_pNone_gNone]
	 Logging test loss: 1.42784e-05 [MSELoss(): t(0,0)_r(0,0)_combi_pNone_gTrue]
	 Logging test loss: 1.32241e-05 [MSELoss(): t(0,0)_r(0,0)_combi_pTrue_gTrue]
	 Logging test loss: 6.254e-06 [MSELoss(): t(5,20)_r(5,20)_combi_pNone_gNone]
	 Logging test loss: 5.63465e-05 [MSELoss(): tennis_pNone_gNone_tennisEffect]
		--> Epoch time; 29.19142460823059
Epoch 2/9
	 Logging train Loss: 4.9002e-06 [MSELoss(): t(5,20)_r(5,20)_combi_pNone_gNone]
	 Logging test loss: 7.2524e-06 [MSELoss(): t(0,0)_r(0,0)_combi_pNone_gTrue]
	 Logging test loss: 6.7684e-06 [MSELoss(): t(0,0)_r(0,0)_combi_pTrue_gTrue]
	 Logging test loss: 4.1813e-06 [MSELoss(): t(5,20)_r(5,20)_combi_pNone_gNone]
	 Logging test loss: 3.85667e-05 [MSELoss(): tennis_pNone_gNone_tennisEffect]
		--> Epoch time; 29.11968684196472
Epoch 3/9
	 Logging train Loss: 4.5301e-06 [MSELoss(): t(5,20)_r(5,20)_combi_pNone_gNone]
	 Logging test loss: 3.7674e-06 [MSELoss(): t(0,0)_r(0,0)_combi_pNone_gTrue]
	 Logging test loss: 3.5376e-06 [MSELoss(): t(0,0)_r(0,0)_combi_pTrue_gTrue]
	 Logging test loss: 3.7761e-06 [MSELoss(): t(5,20)_r(5,20)_combi_pNone_gNone]
	 Logging test loss: 3.33883e-05 [MSELoss(): tennis_pNone_gNone_tennisEffect]
		--> Epoch time; 28.937213897705078
Epoch 4/9
	 Logging train Loss: 4.888e-06 [MSELoss(): t(5,20)_r(5,20)_combi_pNone_gNone]
	 Logging test loss: 2.2394e-06 [MSELoss(): t(0,0)_r(0,0)_combi_pNone_gTrue]
	 Logging test loss: 2.1306e-06 [MSELoss(): t(0,0)_r(0,0)_combi_pTrue_gTrue]
	 Logging test loss: 3.5064e-06 [MSELoss(): t(5,20)_r(5,20)_combi_pNone_gNone]
	 Logging test loss: 2.9995e-05 [MSELoss(): tennis_pNone_gNone_tennisEffect]
		--> Epoch time; 29.15127968788147
Epoch 5/9
	 Logging train Loss: 4.6272e-06 [MSELoss(): t(5,20)_r(5,20)_combi_pNone_gNone]
	 Logging test loss: 1.3016e-06 [MSELoss(): t(0,0)_r(0,0)_combi_pNone_gTrue]
	 Logging test loss: 1.2269e-06 [MSELoss(): t(0,0)_r(0,0)_combi_pTrue_gTrue]
	 Logging test loss: 3.097e-06 [MSELoss(): t(5,20)_r(5,20)_combi_pNone_gNone]
	 Logging test loss: 2.65931e-05 [MSELoss(): tennis_pNone_gNone_tennisEffect]
		--> Epoch time; 29.295165538787842
Epoch 6/9
	 Logging train Loss: 4.505e-06 [MSELoss(): t(5,20)_r(5,20)_combi_pNone_gNone]
	 Logging test loss: 2.9367e-06 [MSELoss(): t(0,0)_r(0,0)_combi_pNone_gTrue]
	 Logging test loss: 2.8792e-06 [MSELoss(): t(0,0)_r(0,0)_combi_pTrue_gTrue]
	 Logging test loss: 5.3597e-06 [MSELoss(): t(5,20)_r(5,20)_combi_pNone_gNone]
	 Logging test loss: 2.84492e-05 [MSELoss(): tennis_pNone_gNone_tennisEffect]
		--> Epoch time; 29.124277114868164
Epoch 7/9
	 Logging train Loss: 4.4081e-06 [MSELoss(): t(5,20)_r(5,20)_combi_pNone_gNone]
	 Logging test loss: 1.2366e-06 [MSELoss(): t(0,0)_r(0,0)_combi_pNone_gTrue]
	 Logging test loss: 1.2183e-06 [MSELoss(): t(0,0)_r(0,0)_combi_pTrue_gTrue]
	 Logging test loss: 3.0838e-06 [MSELoss(): t(5,20)_r(5,20)_combi_pNone_gNone]
	 Logging test loss: 2.26115e-05 [MSELoss(): tennis_pNone_gNone_tennisEffect]
		--> Epoch time; 29.50695514678955
Epoch 8/9
	 Logging train Loss: 3.6697e-06 [MSELoss(): t(5,20)_r(5,20)_combi_pNone_gNone]
	 Logging test loss: 5.946e-07 [MSELoss(): t(0,0)_r(0,0)_combi_pNone_gTrue]
	 Logging test loss: 5.34e-07 [MSELoss(): t(0,0)_r(0,0)_combi_pTrue_gTrue]
	 Logging test loss: 2.1662e-06 [MSELoss(): t(5,20)_r(5,20)_combi_pNone_gNone]
	 Logging test loss: 1.88799e-05 [MSELoss(): tennis_pNone_gNone_tennisEffect]
		--> Epoch time; 29.230705738067627
Epoch 9/9
	 Logging train Loss: 3.2477e-06 [MSELoss(): t(5,20)_r(5,20)_combi_pNone_gNone]
	 Logging test loss: 2.2027e-06 [MSELoss(): t(0,0)_r(0,0)_combi_pNone_gTrue]
	 Logging test loss: 2.0701e-06 [MSELoss(): t(0,0)_r(0,0)_combi_pTrue_gTrue]
	 Logging test loss: 3.011e-06 [MSELoss(): t(5,20)_r(5,20)_combi_pNone_gNone]
	 Logging test loss: 1.91136e-05 [MSELoss(): tennis_pNone_gNone_tennisEffect]
		--> Epoch time; 29.219250202178955
Saved model in  trained_models/gru/data_t(5,20)_r(5,20)_combi_pNone_gNone/'log_quat_1'_'False'.pth
It took  399.0183596611023  seconds.
----- ITERATION 8/10 ------
Number of train simulations:  1920
Number of test simulations:  480
The dataloader for data/data_t(5,20)_r(5,20)_combi_pNone_gNone took 46.90833616256714 seconds.
-- Finished Train Dataloader --
The dataloader for data/data_t(0,0)_r(0,0)_combi_pNone_gTrue took 12.086003065109253 seconds.
The dataloader for data/data_t(0,0)_r(0,0)_combi_pTrue_gTrue took 12.096044778823853 seconds.
The dataloader for data/data_t(5,20)_r(5,20)_combi_pNone_gNone took 11.958861351013184 seconds.
The dataloader for data/data_tennis_pNone_gNone_tennisEffect took 12.125872373580933 seconds.
-- Finished Test Dataloader(s) --
GRU(
  (rnn): GRU(7, 96, batch_first=True)
  (fc): Linear(in_features=96, out_features=7, bias=True)
)
Datatype: log_quat_1
-- Started Training --
Epoch 0/9
	 Logging train Loss: 0.0005490042 [MSELoss(): t(5,20)_r(5,20)_combi_pNone_gNone]
	 Logging test loss: 0.0001961412 [MSELoss(): t(0,0)_r(0,0)_combi_pNone_gTrue]
	 Logging test loss: 0.0001810141 [MSELoss(): t(0,0)_r(0,0)_combi_pTrue_gTrue]
	 Logging test loss: 4.20347e-05 [MSELoss(): t(5,20)_r(5,20)_combi_pNone_gNone]
	 Logging test loss: 0.0003116974 [MSELoss(): tennis_pNone_gNone_tennisEffect]
		--> Epoch time; 29.038846731185913
Epoch 1/9
	 Logging train Loss: 1.34241e-05 [MSELoss(): t(5,20)_r(5,20)_combi_pNone_gNone]
	 Logging test loss: 1.70631e-05 [MSELoss(): t(0,0)_r(0,0)_combi_pNone_gTrue]
	 Logging test loss: 1.55809e-05 [MSELoss(): t(0,0)_r(0,0)_combi_pTrue_gTrue]
	 Logging test loss: 5.3593e-06 [MSELoss(): t(5,20)_r(5,20)_combi_pNone_gNone]
	 Logging test loss: 4.59037e-05 [MSELoss(): tennis_pNone_gNone_tennisEffect]
		--> Epoch time; 29.130378007888794
Epoch 2/9
	 Logging train Loss: 5.4856e-06 [MSELoss(): t(5,20)_r(5,20)_combi_pNone_gNone]
	 Logging test loss: 1.03028e-05 [MSELoss(): t(0,0)_r(0,0)_combi_pNone_gTrue]
	 Logging test loss: 9.3623e-06 [MSELoss(): t(0,0)_r(0,0)_combi_pTrue_gTrue]
	 Logging test loss: 4.0557e-06 [MSELoss(): t(5,20)_r(5,20)_combi_pNone_gNone]
	 Logging test loss: 3.66736e-05 [MSELoss(): tennis_pNone_gNone_tennisEffect]
		--> Epoch time; 29.010236024856567
Epoch 3/9
	 Logging train Loss: 5.116e-06 [MSELoss(): t(5,20)_r(5,20)_combi_pNone_gNone]
	 Logging test loss: 6.1344e-06 [MSELoss(): t(0,0)_r(0,0)_combi_pNone_gTrue]
	 Logging test loss: 5.6169e-06 [MSELoss(): t(0,0)_r(0,0)_combi_pTrue_gTrue]
	 Logging test loss: 3.5793e-06 [MSELoss(): t(5,20)_r(5,20)_combi_pNone_gNone]
	 Logging test loss: 3.17618e-05 [MSELoss(): tennis_pNone_gNone_tennisEffect]
		--> Epoch time; 29.1038920879364
Epoch 4/9
	 Logging train Loss: 4.8874e-06 [MSELoss(): t(5,20)_r(5,20)_combi_pNone_gNone]
	 Logging test loss: 4.0301e-06 [MSELoss(): t(0,0)_r(0,0)_combi_pNone_gTrue]
	 Logging test loss: 3.8136e-06 [MSELoss(): t(0,0)_r(0,0)_combi_pTrue_gTrue]
	 Logging test loss: 3.8764e-06 [MSELoss(): t(5,20)_r(5,20)_combi_pNone_gNone]
	 Logging test loss: 2.91942e-05 [MSELoss(): tennis_pNone_gNone_tennisEffect]
		--> Epoch time; 29.05803894996643
Epoch 5/9
	 Logging train Loss: 4.3341e-06 [MSELoss(): t(5,20)_r(5,20)_combi_pNone_gNone]
	 Logging test loss: 2.6094e-06 [MSELoss(): t(0,0)_r(0,0)_combi_pNone_gTrue]
	 Logging test loss: 2.4856e-06 [MSELoss(): t(0,0)_r(0,0)_combi_pTrue_gTrue]
	 Logging test loss: 3.5559e-06 [MSELoss(): t(5,20)_r(5,20)_combi_pNone_gNone]
	 Logging test loss: 2.63767e-05 [MSELoss(): tennis_pNone_gNone_tennisEffect]
wandb: Waiting for W&B process to finish... (success).
wandb: 
wandb: Run history:
wandb:                                       Epoch â–â–‚â–ƒâ–ƒâ–„â–…â–†â–†â–‡â–ˆ
wandb:   Test loss t(0,0)_r(0,0)_combi_pNone_gTrue â–ˆâ–‚â–â–â–â–â–â–â–â–
wandb:   Test loss t(0,0)_r(0,0)_combi_pTrue_gTrue â–ˆâ–‚â–â–â–â–â–â–â–â–
wandb: Test loss t(5,20)_r(5,20)_combi_pNone_gNone â–ˆâ–‚â–â–â–â–â–‚â–â–â–
wandb:   Test loss tennis_pNone_gNone_tennisEffect â–ˆâ–‚â–â–â–â–â–â–â–â–
wandb:                                  Train loss â–ˆâ–â–â–â–â–â–â–â–â–
wandb: 
wandb: Run summary:
wandb:                                       Epoch 9
wandb:   Test loss t(0,0)_r(0,0)_combi_pNone_gTrue 0.0
wandb:   Test loss t(0,0)_r(0,0)_combi_pTrue_gTrue 0.0
wandb: Test loss t(5,20)_r(5,20)_combi_pNone_gNone 0.0
wandb:   Test loss tennis_pNone_gNone_tennisEffect 2e-05
wandb:                                  Train loss 0.0
wandb: 
wandb: ðŸš€ View run jolly-fire-70 at: https://wandb.ai/nreints/ThesisFinal2Gen/runs/hddobypa
wandb: Synced 7 W&B file(s), 0 media file(s), 4 artifact file(s) and 1 other file(s)
wandb: Find logs at: ./wandb/run-20230711_125604-hddobypa/logs
wandb: - Waiting for wandb.init()...wandb: \ Waiting for wandb.init()...wandb: wandb version 0.15.5 is available!  To upgrade, please run:
wandb:  $ pip install wandb --upgrade
wandb: Tracking run with wandb version 0.14.0
wandb: Run data is saved locally in /gpfs/home2/nreints/MScThesis/code/wandb/run-20230711_130245-gszo8cu6
wandb: Run `wandb offline` to turn off syncing.
wandb: Syncing run jumping-sun-79
wandb: â­ï¸ View project at https://wandb.ai/nreints/ThesisFinal2Gen
wandb: ðŸš€ View run at https://wandb.ai/nreints/ThesisFinal2Gen/runs/gszo8cu6
wandb: Waiting for W&B process to finish... (success).
wandb: 
wandb: Run history:
wandb:                                       Epoch â–â–‚â–ƒâ–ƒâ–„â–…â–†â–†â–‡â–ˆ
wandb:   Test loss t(0,0)_r(0,0)_combi_pNone_gTrue â–ˆâ–‚â–‚â–â–â–â–â–â–â–
wandb:   Test loss t(0,0)_r(0,0)_combi_pTrue_gTrue â–ˆâ–‚â–‚â–â–â–â–â–â–â–
wandb: Test loss t(5,20)_r(5,20)_combi_pNone_gNone â–ˆâ–‚â–‚â–â–â–â–â–â–â–
wandb:   Test loss tennis_pNone_gNone_tennisEffect â–ˆâ–‚â–‚â–‚â–â–â–â–â–â–
wandb:                                  Train loss â–ˆâ–â–â–â–â–â–â–â–â–
wandb: 
wandb: Run summary:
wandb:                                       Epoch 9
wandb:   Test loss t(0,0)_r(0,0)_combi_pNone_gTrue 0.0
wandb:   Test loss t(0,0)_r(0,0)_combi_pTrue_gTrue 0.0
wandb: Test loss t(5,20)_r(5,20)_combi_pNone_gNone 0.0
wandb:   Test loss tennis_pNone_gNone_tennisEffect 2e-05
wandb:                                  Train loss 0.0
wandb: 
wandb: ðŸš€ View run jumping-sun-79 at: https://wandb.ai/nreints/ThesisFinal2Gen/runs/gszo8cu6
wandb: Synced 7 W&B file(s), 0 media file(s), 4 artifact file(s) and 1 other file(s)
wandb: Find logs at: ./wandb/run-20230711_130245-gszo8cu6/logs
wandb: - Waiting for wandb.init()...wandb: \ Waiting for wandb.init()...wandb: wandb version 0.15.5 is available!  To upgrade, please run:
wandb:  $ pip install wandb --upgrade
wandb: Tracking run with wandb version 0.14.0
wandb: Run data is saved locally in /gpfs/home2/nreints/MScThesis/code/wandb/run-20230711_130925-n92z9mj9
wandb: Run `wandb offline` to turn off syncing.
wandb: Syncing run eager-dust-89
wandb: â­ï¸ View project at https://wandb.ai/nreints/ThesisFinal2Gen
wandb: ðŸš€ View run at https://wandb.ai/nreints/ThesisFinal2Gen/runs/n92z9mj9
		--> Epoch time; 29.65764808654785
Epoch 6/9
	 Logging train Loss: 4.2957e-06 [MSELoss(): t(5,20)_r(5,20)_combi_pNone_gNone]
	 Logging test loss: 5.0606e-06 [MSELoss(): t(0,0)_r(0,0)_combi_pNone_gTrue]
	 Logging test loss: 5.0501e-06 [MSELoss(): t(0,0)_r(0,0)_combi_pTrue_gTrue]
	 Logging test loss: 6.6683e-06 [MSELoss(): t(5,20)_r(5,20)_combi_pNone_gNone]
	 Logging test loss: 3.03536e-05 [MSELoss(): tennis_pNone_gNone_tennisEffect]
		--> Epoch time; 29.96071457862854
Epoch 7/9
	 Logging train Loss: 3.7876e-06 [MSELoss(): t(5,20)_r(5,20)_combi_pNone_gNone]
	 Logging test loss: 8.469e-07 [MSELoss(): t(0,0)_r(0,0)_combi_pNone_gTrue]
	 Logging test loss: 7.931e-07 [MSELoss(): t(0,0)_r(0,0)_combi_pTrue_gTrue]
	 Logging test loss: 2.4211e-06 [MSELoss(): t(5,20)_r(5,20)_combi_pNone_gNone]
	 Logging test loss: 2.04929e-05 [MSELoss(): tennis_pNone_gNone_tennisEffect]
		--> Epoch time; 29.04182481765747
Epoch 8/9
	 Logging train Loss: 3.4573e-06 [MSELoss(): t(5,20)_r(5,20)_combi_pNone_gNone]
	 Logging test loss: 7.598e-07 [MSELoss(): t(0,0)_r(0,0)_combi_pNone_gTrue]
	 Logging test loss: 7.007e-07 [MSELoss(): t(0,0)_r(0,0)_combi_pTrue_gTrue]
	 Logging test loss: 2.31e-06 [MSELoss(): t(5,20)_r(5,20)_combi_pNone_gNone]
	 Logging test loss: 1.82547e-05 [MSELoss(): tennis_pNone_gNone_tennisEffect]
		--> Epoch time; 29.099292278289795
Epoch 9/9
	 Logging train Loss: 3.1728e-06 [MSELoss(): t(5,20)_r(5,20)_combi_pNone_gNone]
	 Logging test loss: 7.9e-07 [MSELoss(): t(0,0)_r(0,0)_combi_pNone_gTrue]
	 Logging test loss: 7.412e-07 [MSELoss(): t(0,0)_r(0,0)_combi_pTrue_gTrue]
	 Logging test loss: 2.0144e-06 [MSELoss(): t(5,20)_r(5,20)_combi_pNone_gNone]
	 Logging test loss: 1.62422e-05 [MSELoss(): tennis_pNone_gNone_tennisEffect]
		--> Epoch time; 28.879001140594482
Saved model in  trained_models/gru/data_t(5,20)_r(5,20)_combi_pNone_gNone/'log_quat_1'_'False'.pth
It took  401.0138683319092  seconds.
----- ITERATION 9/10 ------
Number of train simulations:  1920
Number of test simulations:  480
The dataloader for data/data_t(5,20)_r(5,20)_combi_pNone_gNone took 46.95400881767273 seconds.
-- Finished Train Dataloader --
The dataloader for data/data_t(0,0)_r(0,0)_combi_pNone_gTrue took 12.12408185005188 seconds.
The dataloader for data/data_t(0,0)_r(0,0)_combi_pTrue_gTrue took 12.119186878204346 seconds.
The dataloader for data/data_t(5,20)_r(5,20)_combi_pNone_gNone took 11.960322380065918 seconds.
The dataloader for data/data_tennis_pNone_gNone_tennisEffect took 12.09700870513916 seconds.
-- Finished Test Dataloader(s) --
GRU(
  (rnn): GRU(7, 96, batch_first=True)
  (fc): Linear(in_features=96, out_features=7, bias=True)
)
Datatype: log_quat_1
-- Started Training --
Epoch 0/9
	 Logging train Loss: 0.0004924851 [MSELoss(): t(5,20)_r(5,20)_combi_pNone_gNone]
	 Logging test loss: 8.32752e-05 [MSELoss(): t(0,0)_r(0,0)_combi_pNone_gTrue]
	 Logging test loss: 8.56023e-05 [MSELoss(): t(0,0)_r(0,0)_combi_pTrue_gTrue]
	 Logging test loss: 3.24949e-05 [MSELoss(): t(5,20)_r(5,20)_combi_pNone_gNone]
	 Logging test loss: 0.0001975082 [MSELoss(): tennis_pNone_gNone_tennisEffect]
		--> Epoch time; 28.98554825782776
Epoch 1/9
	 Logging train Loss: 1.11591e-05 [MSELoss(): t(5,20)_r(5,20)_combi_pNone_gNone]
	 Logging test loss: 1.60481e-05 [MSELoss(): t(0,0)_r(0,0)_combi_pNone_gTrue]
	 Logging test loss: 1.57167e-05 [MSELoss(): t(0,0)_r(0,0)_combi_pTrue_gTrue]
	 Logging test loss: 7.4182e-06 [MSELoss(): t(5,20)_r(5,20)_combi_pNone_gNone]
	 Logging test loss: 5.05925e-05 [MSELoss(): tennis_pNone_gNone_tennisEffect]
		--> Epoch time; 29.131183862686157
Epoch 2/9
	 Logging train Loss: 5.5608e-06 [MSELoss(): t(5,20)_r(5,20)_combi_pNone_gNone]
	 Logging test loss: 9.9634e-06 [MSELoss(): t(0,0)_r(0,0)_combi_pNone_gTrue]
	 Logging test loss: 9.8306e-06 [MSELoss(): t(0,0)_r(0,0)_combi_pTrue_gTrue]
	 Logging test loss: 6.0763e-06 [MSELoss(): t(5,20)_r(5,20)_combi_pNone_gNone]
	 Logging test loss: 4.18486e-05 [MSELoss(): tennis_pNone_gNone_tennisEffect]
		--> Epoch time; 29.057396411895752
Epoch 3/9
	 Logging train Loss: 5.1477e-06 [MSELoss(): t(5,20)_r(5,20)_combi_pNone_gNone]
	 Logging test loss: 5.7044e-06 [MSELoss(): t(0,0)_r(0,0)_combi_pNone_gTrue]
	 Logging test loss: 5.6029e-06 [MSELoss(): t(0,0)_r(0,0)_combi_pTrue_gTrue]
	 Logging test loss: 4.6354e-06 [MSELoss(): t(5,20)_r(5,20)_combi_pNone_gNone]
	 Logging test loss: 3.62067e-05 [MSELoss(): tennis_pNone_gNone_tennisEffect]
		--> Epoch time; 29.577089071273804
Epoch 4/9
	 Logging train Loss: 4.7528e-06 [MSELoss(): t(5,20)_r(5,20)_combi_pNone_gNone]
	 Logging test loss: 3.4499e-06 [MSELoss(): t(0,0)_r(0,0)_combi_pNone_gTrue]
	 Logging test loss: 3.3988e-06 [MSELoss(): t(0,0)_r(0,0)_combi_pTrue_gTrue]
	 Logging test loss: 3.7832e-06 [MSELoss(): t(5,20)_r(5,20)_combi_pNone_gNone]
	 Logging test loss: 3.20287e-05 [MSELoss(): tennis_pNone_gNone_tennisEffect]
		--> Epoch time; 29.180638790130615
Epoch 5/9
	 Logging train Loss: 4.5887e-06 [MSELoss(): t(5,20)_r(5,20)_combi_pNone_gNone]
	 Logging test loss: 3.8801e-06 [MSELoss(): t(0,0)_r(0,0)_combi_pNone_gTrue]
	 Logging test loss: 3.9628e-06 [MSELoss(): t(0,0)_r(0,0)_combi_pTrue_gTrue]
	 Logging test loss: 5.0315e-06 [MSELoss(): t(5,20)_r(5,20)_combi_pNone_gNone]
	 Logging test loss: 3.22023e-05 [MSELoss(): tennis_pNone_gNone_tennisEffect]
		--> Epoch time; 29.20847988128662
Epoch 6/9
	 Logging train Loss: 4.1368e-06 [MSELoss(): t(5,20)_r(5,20)_combi_pNone_gNone]
	 Logging test loss: 1.3748e-06 [MSELoss(): t(0,0)_r(0,0)_combi_pNone_gTrue]
	 Logging test loss: 1.2952e-06 [MSELoss(): t(0,0)_r(0,0)_combi_pTrue_gTrue]
	 Logging test loss: 3.003e-06 [MSELoss(): t(5,20)_r(5,20)_combi_pNone_gNone]
	 Logging test loss: 2.63612e-05 [MSELoss(): tennis_pNone_gNone_tennisEffect]
		--> Epoch time; 28.95090627670288
Epoch 7/9
	 Logging train Loss: 3.7819e-06 [MSELoss(): t(5,20)_r(5,20)_combi_pNone_gNone]
	 Logging test loss: 2.1359e-06 [MSELoss(): t(0,0)_r(0,0)_combi_pNone_gTrue]
	 Logging test loss: 2.1304e-06 [MSELoss(): t(0,0)_r(0,0)_combi_pTrue_gTrue]
	 Logging test loss: 3.6824e-06 [MSELoss(): t(5,20)_r(5,20)_combi_pNone_gNone]
	 Logging test loss: 2.60247e-05 [MSELoss(): tennis_pNone_gNone_tennisEffect]
		--> Epoch time; 29.14617347717285
Epoch 8/9
	 Logging train Loss: 3.449e-06 [MSELoss(): t(5,20)_r(5,20)_combi_pNone_gNone]
	 Logging test loss: 1.7733e-06 [MSELoss(): t(0,0)_r(0,0)_combi_pNone_gTrue]
	 Logging test loss: 1.6633e-06 [MSELoss(): t(0,0)_r(0,0)_combi_pTrue_gTrue]
	 Logging test loss: 3.5301e-06 [MSELoss(): t(5,20)_r(5,20)_combi_pNone_gNone]
	 Logging test loss: 2.36426e-05 [MSELoss(): tennis_pNone_gNone_tennisEffect]
		--> Epoch time; 29.204248189926147
Epoch 9/9
	 Logging train Loss: 3.0283e-06 [MSELoss(): t(5,20)_r(5,20)_combi_pNone_gNone]
	 Logging test loss: 3.409e-06 [MSELoss(): t(0,0)_r(0,0)_combi_pNone_gTrue]
	 Logging test loss: 3.5696e-06 [MSELoss(): t(0,0)_r(0,0)_combi_pTrue_gTrue]
	 Logging test loss: 4.7451e-06 [MSELoss(): t(5,20)_r(5,20)_combi_pNone_gNone]
	 Logging test loss: 2.4294e-05 [MSELoss(): tennis_pNone_gNone_tennisEffect]
		--> Epoch time; 29.213075637817383
Saved model in  trained_models/gru/data_t(5,20)_r(5,20)_combi_pNone_gNone/'log_quat_1'_'False'.pth
It took  400.07756209373474  seconds.
----- ITERATION 10/10 ------
Number of train simulations:  1920
Number of test simulations:  480
The dataloader for data/data_t(5,20)_r(5,20)_combi_pNone_gNone took 47.19621968269348 seconds.
-- Finished Train Dataloader --
The dataloader for data/data_t(0,0)_r(0,0)_combi_pNone_gTrue took 12.187804698944092 seconds.
The dataloader for data/data_t(0,0)_r(0,0)_combi_pTrue_gTrue took 12.219718217849731 seconds.
The dataloader for data/data_t(5,20)_r(5,20)_combi_pNone_gNone took 12.033247232437134 seconds.
The dataloader for data/data_tennis_pNone_gNone_tennisEffect took 12.139198780059814 seconds.
-- Finished Test Dataloader(s) --
GRU(
  (rnn): GRU(7, 96, batch_first=True)
  (fc): Linear(in_features=96, out_features=7, bias=True)
)
Datatype: log_quat_1
-- Started Training --
Epoch 0/9
	 Logging train Loss: 0.0004976648 [MSELoss(): t(5,20)_r(5,20)_combi_pNone_gNone]
	 Logging test loss: 0.0001327242 [MSELoss(): t(0,0)_r(0,0)_combi_pNone_gTrue]
wandb: Waiting for W&B process to finish... (success).
wandb: 
wandb: Run history:
wandb:                                       Epoch â–â–‚â–ƒâ–ƒâ–„â–…â–†â–†â–‡â–ˆ
wandb:   Test loss t(0,0)_r(0,0)_combi_pNone_gTrue â–ˆâ–‚â–â–â–â–â–â–â–â–
wandb:   Test loss t(0,0)_r(0,0)_combi_pTrue_gTrue â–ˆâ–‚â–â–â–â–â–â–â–â–
wandb: Test loss t(5,20)_r(5,20)_combi_pNone_gNone â–ˆâ–‚â–‚â–â–‚â–â–‚â–â–‚â–
wandb:   Test loss tennis_pNone_gNone_tennisEffect â–ˆâ–‚â–‚â–â–â–â–â–â–â–
wandb:                                  Train loss â–ˆâ–â–â–â–â–â–â–â–â–
wandb: 
wandb: Run summary:
wandb:                                       Epoch 9
wandb:   Test loss t(0,0)_r(0,0)_combi_pNone_gTrue 0.0
wandb:   Test loss t(0,0)_r(0,0)_combi_pTrue_gTrue 0.0
wandb: Test loss t(5,20)_r(5,20)_combi_pNone_gNone 0.0
wandb:   Test loss tennis_pNone_gNone_tennisEffect 2e-05
wandb:                                  Train loss 0.0
wandb: 
wandb: ðŸš€ View run eager-dust-89 at: https://wandb.ai/nreints/ThesisFinal2Gen/runs/n92z9mj9
wandb: Synced 7 W&B file(s), 0 media file(s), 4 artifact file(s) and 1 other file(s)
wandb: Find logs at: ./wandb/run-20230711_130925-n92z9mj9/logs
	 Logging test loss: 0.0001244146 [MSELoss(): t(0,0)_r(0,0)_combi_pTrue_gTrue]
	 Logging test loss: 3.00763e-05 [MSELoss(): t(5,20)_r(5,20)_combi_pNone_gNone]
	 Logging test loss: 0.0002534532 [MSELoss(): tennis_pNone_gNone_tennisEffect]
		--> Epoch time; 29.026677131652832
Epoch 1/9
	 Logging train Loss: 1.09838e-05 [MSELoss(): t(5,20)_r(5,20)_combi_pNone_gNone]
	 Logging test loss: 1.4592e-05 [MSELoss(): t(0,0)_r(0,0)_combi_pNone_gTrue]
	 Logging test loss: 1.34671e-05 [MSELoss(): t(0,0)_r(0,0)_combi_pTrue_gTrue]
	 Logging test loss: 4.9674e-06 [MSELoss(): t(5,20)_r(5,20)_combi_pNone_gNone]
	 Logging test loss: 4.59189e-05 [MSELoss(): tennis_pNone_gNone_tennisEffect]
		--> Epoch time; 29.044163942337036
Epoch 2/9
	 Logging train Loss: 5.4293e-06 [MSELoss(): t(5,20)_r(5,20)_combi_pNone_gNone]
	 Logging test loss: 8.4521e-06 [MSELoss(): t(0,0)_r(0,0)_combi_pNone_gTrue]
	 Logging test loss: 7.7902e-06 [MSELoss(): t(0,0)_r(0,0)_combi_pTrue_gTrue]
	 Logging test loss: 4.5463e-06 [MSELoss(): t(5,20)_r(5,20)_combi_pNone_gNone]
	 Logging test loss: 3.81556e-05 [MSELoss(): tennis_pNone_gNone_tennisEffect]
		--> Epoch time; 28.86262536048889
Epoch 3/9
	 Logging train Loss: 5.4656e-06 [MSELoss(): t(5,20)_r(5,20)_combi_pNone_gNone]
	 Logging test loss: 5.6005e-06 [MSELoss(): t(0,0)_r(0,0)_combi_pNone_gTrue]
	 Logging test loss: 5.4187e-06 [MSELoss(): t(0,0)_r(0,0)_combi_pTrue_gTrue]
	 Logging test loss: 4.319e-06 [MSELoss(): t(5,20)_r(5,20)_combi_pNone_gNone]
	 Logging test loss: 3.48278e-05 [MSELoss(): tennis_pNone_gNone_tennisEffect]
		--> Epoch time; 29.013370275497437
Epoch 4/9
	 Logging train Loss: 4.8094e-06 [MSELoss(): t(5,20)_r(5,20)_combi_pNone_gNone]
	 Logging test loss: 4.9069e-06 [MSELoss(): t(0,0)_r(0,0)_combi_pNone_gTrue]
	 Logging test loss: 5.1391e-06 [MSELoss(): t(0,0)_r(0,0)_combi_pTrue_gTrue]
	 Logging test loss: 5.7708e-06 [MSELoss(): t(5,20)_r(5,20)_combi_pNone_gNone]
	 Logging test loss: 3.49189e-05 [MSELoss(): tennis_pNone_gNone_tennisEffect]
		--> Epoch time; 28.81159496307373
Epoch 5/9
	 Logging train Loss: 4.5776e-06 [MSELoss(): t(5,20)_r(5,20)_combi_pNone_gNone]
	 Logging test loss: 1.804e-06 [MSELoss(): t(0,0)_r(0,0)_combi_pNone_gTrue]
	 Logging test loss: 1.7605e-06 [MSELoss(): t(0,0)_r(0,0)_combi_pTrue_gTrue]
	 Logging test loss: 3.0386e-06 [MSELoss(): t(5,20)_r(5,20)_combi_pNone_gNone]
	 Logging test loss: 2.72603e-05 [MSELoss(): tennis_pNone_gNone_tennisEffect]
		--> Epoch time; 29.195266485214233
Epoch 6/9
	 Logging train Loss: 4.3273e-06 [MSELoss(): t(5,20)_r(5,20)_combi_pNone_gNone]
	 Logging test loss: 4.6342e-06 [MSELoss(): t(0,0)_r(0,0)_combi_pNone_gTrue]
	 Logging test loss: 4.6789e-06 [MSELoss(): t(0,0)_r(0,0)_combi_pTrue_gTrue]
	 Logging test loss: 6.135e-06 [MSELoss(): t(5,20)_r(5,20)_combi_pNone_gNone]
	 Logging test loss: 3.16841e-05 [MSELoss(): tennis_pNone_gNone_tennisEffect]
		--> Epoch time; 29.07684874534607
Epoch 7/9
	 Logging train Loss: 3.7861e-06 [MSELoss(): t(5,20)_r(5,20)_combi_pNone_gNone]
	 Logging test loss: 7.343e-07 [MSELoss(): t(0,0)_r(0,0)_combi_pNone_gTrue]
	 Logging test loss: 7.063e-07 [MSELoss(): t(0,0)_r(0,0)_combi_pTrue_gTrue]
	 Logging test loss: 2.3799e-06 [MSELoss(): t(5,20)_r(5,20)_combi_pNone_gNone]
	 Logging test loss: 2.16641e-05 [MSELoss(): tennis_pNone_gNone_tennisEffect]
		--> Epoch time; 29.0938401222229
Epoch 8/9
	 Logging train Loss: 3.3511e-06 [MSELoss(): t(5,20)_r(5,20)_combi_pNone_gNone]
	 Logging test loss: 3.0965e-06 [MSELoss(): t(0,0)_r(0,0)_combi_pNone_gTrue]
	 Logging test loss: 2.9106e-06 [MSELoss(): t(0,0)_r(0,0)_combi_pTrue_gTrue]
	 Logging test loss: 4.8045e-06 [MSELoss(): t(5,20)_r(5,20)_combi_pNone_gNone]
	 Logging test loss: 2.54544e-05 [MSELoss(): tennis_pNone_gNone_tennisEffect]
		--> Epoch time; 29.460529565811157
Epoch 9/9
	 Logging train Loss: 3.1731e-06 [MSELoss(): t(5,20)_r(5,20)_combi_pNone_gNone]
	 Logging test loss: 1.5763e-06 [MSELoss(): t(0,0)_r(0,0)_combi_pNone_gTrue]
	 Logging test loss: 1.5982e-06 [MSELoss(): t(0,0)_r(0,0)_combi_pTrue_gTrue]
	 Logging test loss: 2.9905e-06 [MSELoss(): t(5,20)_r(5,20)_combi_pNone_gNone]
	 Logging test loss: 1.91533e-05 [MSELoss(): tennis_pNone_gNone_tennisEffect]
		--> Epoch time; 29.918442487716675
Saved model in  trained_models/gru/data_t(5,20)_r(5,20)_combi_pNone_gNone/'log_quat_1'_'False'.pth
It took  616.2436766624451  seconds.

JOB STATISTICS
==============
Job ID: 3046749
Array Job ID: 3046745_54
Cluster: snellius
User/Group: nreints/nreints
State: RUNNING
Nodes: 1
Cores per node: 18
CPU Utilized: 00:00:00
CPU Efficiency: 0.00% of 21:17:24 core-walltime
Job Wall-clock time: 01:10:58
Memory Utilized: 0.00 MB (estimated maximum)
Memory Efficiency: 0.00% of 0.00 MB (0.00 MB/node)
WARNING: Efficiency statistics may be misleading for RUNNING jobs.
