/gpfs/home2/nreints/MScThesis/code/gru.py:582: DeprecationWarning: Sampling from a set deprecated
since Python 3.9 and will be removed in a subsequent version.
  train_sims = set(random.sample(sims_train, int(0.8 * n_sims_train_total)))
wandb: Currently logged in as: nreints. Use `wandb login --relogin` to force relogin
wandb: Tracking run with wandb version 0.14.0
wandb: Run data is saved locally in /gpfs/home2/nreints/MScThesis/code/wandb/run-20230329_100246-q3m1p367
wandb: Run `wandb offline` to turn off syncing.
wandb: Syncing run splendid-dream-442
wandb: ⭐️ View project at https://wandb.ai/nreints/test
wandb: 🚀 View run at https://wandb.ai/nreints/test/runs/q3m1p367
/home/nreints/.conda/envs/thesis/lib/python3.10/site-packages/torch/nn/init.py:405: UserWarning: Initializing zero-element tensors is a no-op
  warnings.warn("Initializing zero-element tensors is a no-op")
slurmstepd: error: *** STEP 2512235.0 ON gcn11 CANCELLED AT 2023-03-29T10:05:00 ***
slurmstepd: error: *** JOB 2512235 ON gcn11 CANCELLED AT 2023-03-29T10:05:00 ***

JOB STATISTICS
==============
Job ID: 2512235
Array Job ID: 2512187_47
Cluster: snellius
User/Group: nreints/nreints
State: CANCELLED (exit code 0)
Nodes: 1
Cores per node: 18
CPU Utilized: 00:07:19
CPU Efficiency: 16.70% of 00:43:48 core-walltime
Job Wall-clock time: 00:02:26
Memory Utilized: 10.78 GB
Memory Efficiency: 34.49% of 31.25 GB
