wandb: Currently logged in as: nreints. Use `wandb login --relogin` to force relogin
wandb: wandb version 0.15.5 is available!  To upgrade, please run:
wandb:  $ pip install wandb --upgrade
wandb: Tracking run with wandb version 0.14.0
wandb: Run data is saved locally in /gpfs/home2/nreints/MScThesis/code/wandb/run-20230710_171205-8exdquqg
wandb: Run `wandb offline` to turn off syncing.
wandb: Syncing run dazzling-blaze-1277
wandb: â­ï¸ View project at https://wandb.ai/nreints/ThesisFinal2
wandb: ðŸš€ View run at https://wandb.ai/nreints/ThesisFinal2/runs/8exdquqg
wandb: Waiting for W&B process to finish... (success).
wandb: 
wandb: Run history:
wandb:                                       Epoch â–â–‚â–ƒâ–ƒâ–„â–…â–†â–†â–‡â–ˆ
wandb:   Test loss t(0,0)_r(0,0)_combi_pNone_gTrue â–ˆâ–‚â–â–â–â–â–â–â–â–
wandb:   Test loss t(0,0)_r(0,0)_combi_pTrue_gTrue â–ˆâ–‚â–â–â–â–â–â–â–â–
wandb: Test loss t(5,20)_r(5,20)_combi_pNone_gNone â–ˆâ–ƒâ–â–â–‚â–‚â–â–â–â–
wandb:   Test loss tennis_pNone_gNone_tennisEffect â–ˆâ–ƒâ–‚â–‚â–‚â–â–â–â–â–
wandb:                                  Train loss â–ˆâ–â–â–â–â–â–â–â–â–
wandb: 
wandb: Run summary:
wandb:                                       Epoch 9
wandb:   Test loss t(0,0)_r(0,0)_combi_pNone_gTrue 0.0
wandb:   Test loss t(0,0)_r(0,0)_combi_pTrue_gTrue 0.0
wandb: Test loss t(5,20)_r(5,20)_combi_pNone_gNone 0.0
wandb:   Test loss tennis_pNone_gNone_tennisEffect 2e-05
wandb:                                  Train loss 0.0
wandb: 
wandb: ðŸš€ View run dazzling-blaze-1277 at: https://wandb.ai/nreints/ThesisFinal2/runs/8exdquqg
wandb: Synced 6 W&B file(s), 0 media file(s), 3 artifact file(s) and 1 other file(s)
wandb: Find logs at: ./wandb/run-20230710_171205-8exdquqg/logs
wandb: - Waiting for wandb.init()...wandb: \ Waiting for wandb.init()...wandb: wandb version 0.15.5 is available!  To upgrade, please run:
wandb:  $ pip install wandb --upgrade
wandb: Tracking run with wandb version 0.14.0
wandb: Run data is saved locally in /gpfs/home2/nreints/MScThesis/code/wandb/run-20230710_172008-wqrcfhx9
wandb: Run `wandb offline` to turn off syncing.
wandb: Syncing run resilient-surf-1298
wandb: â­ï¸ View project at https://wandb.ai/nreints/ThesisFinal2
wandb: ðŸš€ View run at https://wandb.ai/nreints/ThesisFinal2/runs/wqrcfhx9
Training on dataset: data_t(5,20)_r(5,20)_combi_pNone_gNone
Testing on 4 datasets: ['data_t(0,0)_r(0,0)_combi_pNone_gTrue', 'data_t(5,20)_r(5,20)_combi_pNone_gNone', 'data_tennis_pNone_gNone_tennisEffect', 'data_t(0,0)_r(0,0)_combi_pTrue_gTrue']
Focussing on identity: True
Using extra input: True
Using fr-fr as reference point.
----- ITERATION 1/10 ------
Number of train simulations:  1920
Number of test simulations:  480
The dataloader for data/data_t(5,20)_r(5,20)_combi_pNone_gNone took 61.4889452457428 seconds.
-- Finished Train Dataloader --
The dataloader for data/data_t(0,0)_r(0,0)_combi_pNone_gTrue took 15.380571842193604 seconds.
The dataloader for data/data_t(5,20)_r(5,20)_combi_pNone_gNone took 15.52039885520935 seconds.
The dataloader for data/data_tennis_pNone_gNone_tennisEffect took 15.442960500717163 seconds.
The dataloader for data/data_t(0,0)_r(0,0)_combi_pTrue_gTrue took 15.630137920379639 seconds.
-- Finished Test Dataloader(s) --
GRU(
  (rnn): GRU(8, 96, batch_first=True)
  (pre_hidden_lin_layer): Sequential(
    (0): Linear(in_features=3, out_features=96, bias=True)
    (1): ReLU()
    (2): Linear(in_features=96, out_features=96, bias=True)
    (3): ReLU()
  )
  (fc): Linear(in_features=96, out_features=8, bias=True)
)
Datatype: dual_quat_1
-- Started Training --
Epoch 0/9
	 Logging train Loss: 0.0009065297 [MSELoss(): t(5,20)_r(5,20)_combi_pNone_gNone]
	 Logging test loss: 0.0002786606 [MSELoss(): t(0,0)_r(0,0)_combi_pNone_gTrue]
	 Logging test loss: 5.36707e-05 [MSELoss(): t(5,20)_r(5,20)_combi_pNone_gNone]
	 Logging test loss: 0.0003800882 [MSELoss(): tennis_pNone_gNone_tennisEffect]
	 Logging test loss: 0.0002557369 [MSELoss(): t(0,0)_r(0,0)_combi_pTrue_gTrue]
		--> Epoch time; 34.99681353569031
Epoch 1/9
	 Logging train Loss: 2.47507e-05 [MSELoss(): t(5,20)_r(5,20)_combi_pNone_gNone]
	 Logging test loss: 3.23442e-05 [MSELoss(): t(0,0)_r(0,0)_combi_pNone_gTrue]
	 Logging test loss: 1.94444e-05 [MSELoss(): t(5,20)_r(5,20)_combi_pNone_gNone]
	 Logging test loss: 0.0001231846 [MSELoss(): tennis_pNone_gNone_tennisEffect]
	 Logging test loss: 3.16804e-05 [MSELoss(): t(0,0)_r(0,0)_combi_pTrue_gTrue]
		--> Epoch time; 33.99574518203735
Epoch 2/9
	 Logging train Loss: 1.22689e-05 [MSELoss(): t(5,20)_r(5,20)_combi_pNone_gNone]
	 Logging test loss: 7.3924e-06 [MSELoss(): t(0,0)_r(0,0)_combi_pNone_gTrue]
	 Logging test loss: 6.0697e-06 [MSELoss(): t(5,20)_r(5,20)_combi_pNone_gNone]
	 Logging test loss: 5.76029e-05 [MSELoss(): tennis_pNone_gNone_tennisEffect]
	 Logging test loss: 7.0075e-06 [MSELoss(): t(0,0)_r(0,0)_combi_pTrue_gTrue]
		--> Epoch time; 33.81782031059265
Epoch 3/9
	 Logging train Loss: 1.12183e-05 [MSELoss(): t(5,20)_r(5,20)_combi_pNone_gNone]
	 Logging test loss: 7.0196e-06 [MSELoss(): t(0,0)_r(0,0)_combi_pNone_gTrue]
	 Logging test loss: 5.3999e-06 [MSELoss(): t(5,20)_r(5,20)_combi_pNone_gNone]
	 Logging test loss: 5.23309e-05 [MSELoss(): tennis_pNone_gNone_tennisEffect]
	 Logging test loss: 6.759e-06 [MSELoss(): t(0,0)_r(0,0)_combi_pTrue_gTrue]
		--> Epoch time; 33.93298888206482
Epoch 4/9
	 Logging train Loss: 1.01081e-05 [MSELoss(): t(5,20)_r(5,20)_combi_pNone_gNone]
	 Logging test loss: 1.07082e-05 [MSELoss(): t(0,0)_r(0,0)_combi_pNone_gTrue]
	 Logging test loss: 1.03031e-05 [MSELoss(): t(5,20)_r(5,20)_combi_pNone_gNone]
	 Logging test loss: 5.72902e-05 [MSELoss(): tennis_pNone_gNone_tennisEffect]
	 Logging test loss: 1.02199e-05 [MSELoss(): t(0,0)_r(0,0)_combi_pTrue_gTrue]
		--> Epoch time; 34.02294850349426
Epoch 5/9
	 Logging train Loss: 8.5556e-06 [MSELoss(): t(5,20)_r(5,20)_combi_pNone_gNone]
	 Logging test loss: 8.4941e-06 [MSELoss(): t(0,0)_r(0,0)_combi_pNone_gTrue]
	 Logging test loss: 7.8737e-06 [MSELoss(): t(5,20)_r(5,20)_combi_pNone_gNone]
	 Logging test loss: 4.77764e-05 [MSELoss(): tennis_pNone_gNone_tennisEffect]
	 Logging test loss: 8.4557e-06 [MSELoss(): t(0,0)_r(0,0)_combi_pTrue_gTrue]
		--> Epoch time; 34.001261472702026
Epoch 6/9
	 Logging train Loss: 6.9587e-06 [MSELoss(): t(5,20)_r(5,20)_combi_pNone_gNone]
	 Logging test loss: 7.2616e-06 [MSELoss(): t(0,0)_r(0,0)_combi_pNone_gTrue]
	 Logging test loss: 6.1319e-06 [MSELoss(): t(5,20)_r(5,20)_combi_pNone_gNone]
	 Logging test loss: 4.15059e-05 [MSELoss(): tennis_pNone_gNone_tennisEffect]
	 Logging test loss: 6.7753e-06 [MSELoss(): t(0,0)_r(0,0)_combi_pTrue_gTrue]
		--> Epoch time; 33.88565683364868
Epoch 7/9
	 Logging train Loss: 6.4754e-06 [MSELoss(): t(5,20)_r(5,20)_combi_pNone_gNone]
	 Logging test loss: 5.2094e-06 [MSELoss(): t(0,0)_r(0,0)_combi_pNone_gTrue]
	 Logging test loss: 4.6555e-06 [MSELoss(): t(5,20)_r(5,20)_combi_pNone_gNone]
	 Logging test loss: 3.38903e-05 [MSELoss(): tennis_pNone_gNone_tennisEffect]
	 Logging test loss: 5.2556e-06 [MSELoss(): t(0,0)_r(0,0)_combi_pTrue_gTrue]
		--> Epoch time; 33.8023042678833
Epoch 8/9
	 Logging train Loss: 5.2084e-06 [MSELoss(): t(5,20)_r(5,20)_combi_pNone_gNone]
	 Logging test loss: 4.2044e-06 [MSELoss(): t(0,0)_r(0,0)_combi_pNone_gTrue]
	 Logging test loss: 4.1241e-06 [MSELoss(): t(5,20)_r(5,20)_combi_pNone_gNone]
	 Logging test loss: 2.98823e-05 [MSELoss(): tennis_pNone_gNone_tennisEffect]
	 Logging test loss: 3.8264e-06 [MSELoss(): t(0,0)_r(0,0)_combi_pTrue_gTrue]
		--> Epoch time; 33.95812201499939
Epoch 9/9
	 Logging train Loss: 4.4453e-06 [MSELoss(): t(5,20)_r(5,20)_combi_pNone_gNone]
	 Logging test loss: 3.2903e-06 [MSELoss(): t(0,0)_r(0,0)_combi_pNone_gTrue]
	 Logging test loss: 3.3089e-06 [MSELoss(): t(5,20)_r(5,20)_combi_pNone_gNone]
	 Logging test loss: 2.37903e-05 [MSELoss(): tennis_pNone_gNone_tennisEffect]
	 Logging test loss: 3.1937e-06 [MSELoss(): t(0,0)_r(0,0)_combi_pTrue_gTrue]
		--> Epoch time; 34.624593019485474
Saved model in  trained_models/gru/data_t(5,20)_r(5,20)_combi_pNone_gNone/'dual_quat_1'_'True'.pth
It took  484.6717462539673  seconds.
----- ITERATION 2/10 ------
Number of train simulations:  1920
Number of test simulations:  480
The dataloader for data/data_t(5,20)_r(5,20)_combi_pNone_gNone took 55.82124328613281 seconds.
-- Finished Train Dataloader --
The dataloader for data/data_t(0,0)_r(0,0)_combi_pNone_gTrue took 14.346994161605835 seconds.
The dataloader for data/data_t(5,20)_r(5,20)_combi_pNone_gNone took 13.942402601242065 seconds.
The dataloader for data/data_tennis_pNone_gNone_tennisEffect took 14.160209894180298 seconds.
The dataloader for data/data_t(0,0)_r(0,0)_combi_pTrue_gTrue took 14.345723628997803 seconds.
-- Finished Test Dataloader(s) --
GRU(
  (rnn): GRU(8, 96, batch_first=True)
  (pre_hidden_lin_layer): Sequential(
    (0): Linear(in_features=3, out_features=96, bias=True)
    (1): ReLU()
    (2): Linear(in_features=96, out_features=96, bias=True)
    (3): ReLU()
  )
  (fc): Linear(in_features=96, out_features=8, bias=True)
)
Datatype: dual_quat_1
-- Started Training --
Epoch 0/9
	 Logging train Loss: 0.0009164923 [MSELoss(): t(5,20)_r(5,20)_combi_pNone_gNone]
	 Logging test loss: 0.0004103426 [MSELoss(): t(0,0)_r(0,0)_combi_pNone_gTrue]
	 Logging test loss: 5.41443e-05 [MSELoss(): t(5,20)_r(5,20)_combi_pNone_gNone]
	 Logging test loss: 0.0004451792 [MSELoss(): tennis_pNone_gNone_tennisEffect]
	 Logging test loss: 0.0003611645 [MSELoss(): t(0,0)_r(0,0)_combi_pTrue_gTrue]
		--> Epoch time; 34.105072021484375
Epoch 1/9
	 Logging train Loss: 2.72022e-05 [MSELoss(): t(5,20)_r(5,20)_combi_pNone_gNone]
	 Logging test loss: 2.6191e-05 [MSELoss(): t(0,0)_r(0,0)_combi_pNone_gTrue]
	 Logging test loss: 8.82e-06 [MSELoss(): t(5,20)_r(5,20)_combi_pNone_gNone]
	 Logging test loss: 9.09334e-05 [MSELoss(): tennis_pNone_gNone_tennisEffect]
	 Logging test loss: 2.31013e-05 [MSELoss(): t(0,0)_r(0,0)_combi_pTrue_gTrue]
		--> Epoch time; 34.025341749191284
Epoch 2/9
	 Logging train Loss: 1.1494e-05 [MSELoss(): t(5,20)_r(5,20)_combi_pNone_gNone]
	 Logging test loss: 8.0007e-06 [MSELoss(): t(0,0)_r(0,0)_combi_pNone_gTrue]
	 Logging test loss: 7.4505e-06 [MSELoss(): t(5,20)_r(5,20)_combi_pNone_gNone]
	 Logging test loss: 6.71995e-05 [MSELoss(): tennis_pNone_gNone_tennisEffect]
	 Logging test loss: 7.369e-06 [MSELoss(): t(0,0)_r(0,0)_combi_pTrue_gTrue]
		--> Epoch time; 33.98989176750183
Epoch 3/9
wandb: Waiting for W&B process to finish... (success).
wandb: 
wandb: Run history:
wandb:                                       Epoch â–â–‚â–ƒâ–ƒâ–„â–…â–†â–†â–‡â–ˆ
wandb:   Test loss t(0,0)_r(0,0)_combi_pNone_gTrue â–ˆâ–â–â–â–â–â–â–â–â–
wandb:   Test loss t(0,0)_r(0,0)_combi_pTrue_gTrue â–ˆâ–â–â–â–â–â–â–â–â–
wandb: Test loss t(5,20)_r(5,20)_combi_pNone_gNone â–ˆâ–‚â–‚â–‚â–â–â–â–â–â–
wandb:   Test loss tennis_pNone_gNone_tennisEffect â–ˆâ–‚â–‚â–‚â–â–â–â–â–â–
wandb:                                  Train loss â–ˆâ–â–â–â–â–â–â–â–â–
wandb: 
wandb: Run summary:
wandb:                                       Epoch 9
wandb:   Test loss t(0,0)_r(0,0)_combi_pNone_gTrue 0.0
wandb:   Test loss t(0,0)_r(0,0)_combi_pTrue_gTrue 0.0
wandb: Test loss t(5,20)_r(5,20)_combi_pNone_gNone 0.0
wandb:   Test loss tennis_pNone_gNone_tennisEffect 3e-05
wandb:                                  Train loss 0.0
wandb: 
wandb: ðŸš€ View run resilient-surf-1298 at: https://wandb.ai/nreints/ThesisFinal2/runs/wqrcfhx9
wandb: Synced 7 W&B file(s), 0 media file(s), 4 artifact file(s) and 1 other file(s)
wandb: Find logs at: ./wandb/run-20230710_172008-wqrcfhx9/logs
wandb: - Waiting for wandb.init()...wandb: \ Waiting for wandb.init()...wandb: wandb version 0.15.5 is available!  To upgrade, please run:
wandb:  $ pip install wandb --upgrade
wandb: Tracking run with wandb version 0.14.0
wandb: Run data is saved locally in /gpfs/home2/nreints/MScThesis/code/wandb/run-20230710_172753-42qcmxzk
wandb: Run `wandb offline` to turn off syncing.
wandb: Syncing run honest-leaf-1316
wandb: â­ï¸ View project at https://wandb.ai/nreints/ThesisFinal2
wandb: ðŸš€ View run at https://wandb.ai/nreints/ThesisFinal2/runs/42qcmxzk
	 Logging train Loss: 1.01059e-05 [MSELoss(): t(5,20)_r(5,20)_combi_pNone_gNone]
	 Logging test loss: 8.1039e-06 [MSELoss(): t(0,0)_r(0,0)_combi_pNone_gTrue]
	 Logging test loss: 7.5224e-06 [MSELoss(): t(5,20)_r(5,20)_combi_pNone_gNone]
	 Logging test loss: 6.54695e-05 [MSELoss(): tennis_pNone_gNone_tennisEffect]
	 Logging test loss: 7.6936e-06 [MSELoss(): t(0,0)_r(0,0)_combi_pTrue_gTrue]
		--> Epoch time; 33.82812476158142
Epoch 4/9
	 Logging train Loss: 8.2606e-06 [MSELoss(): t(5,20)_r(5,20)_combi_pNone_gNone]
	 Logging test loss: 6.6904e-06 [MSELoss(): t(0,0)_r(0,0)_combi_pNone_gTrue]
	 Logging test loss: 6.124e-06 [MSELoss(): t(5,20)_r(5,20)_combi_pNone_gNone]
	 Logging test loss: 5.57915e-05 [MSELoss(): tennis_pNone_gNone_tennisEffect]
	 Logging test loss: 6.5095e-06 [MSELoss(): t(0,0)_r(0,0)_combi_pTrue_gTrue]
		--> Epoch time; 33.872031450271606
Epoch 5/9
	 Logging train Loss: 7.5964e-06 [MSELoss(): t(5,20)_r(5,20)_combi_pNone_gNone]
	 Logging test loss: 5.6746e-06 [MSELoss(): t(0,0)_r(0,0)_combi_pNone_gTrue]
	 Logging test loss: 5.0549e-06 [MSELoss(): t(5,20)_r(5,20)_combi_pNone_gNone]
	 Logging test loss: 4.69793e-05 [MSELoss(): tennis_pNone_gNone_tennisEffect]
	 Logging test loss: 5.3852e-06 [MSELoss(): t(0,0)_r(0,0)_combi_pTrue_gTrue]
		--> Epoch time; 33.819003105163574
Epoch 6/9
	 Logging train Loss: 6.7672e-06 [MSELoss(): t(5,20)_r(5,20)_combi_pNone_gNone]
	 Logging test loss: 3.6147e-06 [MSELoss(): t(0,0)_r(0,0)_combi_pNone_gTrue]
	 Logging test loss: 4.1635e-06 [MSELoss(): t(5,20)_r(5,20)_combi_pNone_gNone]
	 Logging test loss: 3.90279e-05 [MSELoss(): tennis_pNone_gNone_tennisEffect]
	 Logging test loss: 3.3875e-06 [MSELoss(): t(0,0)_r(0,0)_combi_pTrue_gTrue]
		--> Epoch time; 33.82733130455017
Epoch 7/9
	 Logging train Loss: 5.5533e-06 [MSELoss(): t(5,20)_r(5,20)_combi_pNone_gNone]
	 Logging test loss: 4.601e-06 [MSELoss(): t(0,0)_r(0,0)_combi_pNone_gTrue]
	 Logging test loss: 4.419e-06 [MSELoss(): t(5,20)_r(5,20)_combi_pNone_gNone]
	 Logging test loss: 3.62278e-05 [MSELoss(): tennis_pNone_gNone_tennisEffect]
	 Logging test loss: 4.4963e-06 [MSELoss(): t(0,0)_r(0,0)_combi_pTrue_gTrue]
		--> Epoch time; 33.79426574707031
Epoch 8/9
	 Logging train Loss: 5.0474e-06 [MSELoss(): t(5,20)_r(5,20)_combi_pNone_gNone]
	 Logging test loss: 3.5435e-06 [MSELoss(): t(0,0)_r(0,0)_combi_pNone_gTrue]
	 Logging test loss: 3.6814e-06 [MSELoss(): t(5,20)_r(5,20)_combi_pNone_gNone]
	 Logging test loss: 3.0288e-05 [MSELoss(): tennis_pNone_gNone_tennisEffect]
	 Logging test loss: 3.6259e-06 [MSELoss(): t(0,0)_r(0,0)_combi_pTrue_gTrue]
		--> Epoch time; 33.96844005584717
Epoch 9/9
	 Logging train Loss: 4.2631e-06 [MSELoss(): t(5,20)_r(5,20)_combi_pNone_gNone]
	 Logging test loss: 3.006e-06 [MSELoss(): t(0,0)_r(0,0)_combi_pNone_gTrue]
	 Logging test loss: 3.3125e-06 [MSELoss(): t(5,20)_r(5,20)_combi_pNone_gNone]
	 Logging test loss: 2.61356e-05 [MSELoss(): tennis_pNone_gNone_tennisEffect]
	 Logging test loss: 3.0695e-06 [MSELoss(): t(0,0)_r(0,0)_combi_pTrue_gTrue]
		--> Epoch time; 33.99111366271973
Saved model in  trained_models/gru/data_t(5,20)_r(5,20)_combi_pNone_gNone/'dual_quat_1'_'True'.pth
It took  464.4451196193695  seconds.
----- ITERATION 3/10 ------
Number of train simulations:  1920
Number of test simulations:  480
The dataloader for data/data_t(5,20)_r(5,20)_combi_pNone_gNone took 53.48153257369995 seconds.
-- Finished Train Dataloader --
The dataloader for data/data_t(0,0)_r(0,0)_combi_pNone_gTrue took 14.212570428848267 seconds.
The dataloader for data/data_t(5,20)_r(5,20)_combi_pNone_gNone took 13.675852537155151 seconds.
The dataloader for data/data_tennis_pNone_gNone_tennisEffect took 13.93364953994751 seconds.
The dataloader for data/data_t(0,0)_r(0,0)_combi_pTrue_gTrue took 14.062188625335693 seconds.
-- Finished Test Dataloader(s) --
GRU(
  (rnn): GRU(8, 96, batch_first=True)
  (pre_hidden_lin_layer): Sequential(
    (0): Linear(in_features=3, out_features=96, bias=True)
    (1): ReLU()
    (2): Linear(in_features=96, out_features=96, bias=True)
    (3): ReLU()
  )
  (fc): Linear(in_features=96, out_features=8, bias=True)
)
Datatype: dual_quat_1
-- Started Training --
Epoch 0/9
	 Logging train Loss: 0.0014179614 [MSELoss(): t(5,20)_r(5,20)_combi_pNone_gNone]
	 Logging test loss: 0.0005460299 [MSELoss(): t(0,0)_r(0,0)_combi_pNone_gTrue]
	 Logging test loss: 8.755e-05 [MSELoss(): t(5,20)_r(5,20)_combi_pNone_gNone]
	 Logging test loss: 0.0007566674 [MSELoss(): tennis_pNone_gNone_tennisEffect]
	 Logging test loss: 0.0004834745 [MSELoss(): t(0,0)_r(0,0)_combi_pTrue_gTrue]
		--> Epoch time; 33.92190742492676
Epoch 1/9
	 Logging train Loss: 4.11032e-05 [MSELoss(): t(5,20)_r(5,20)_combi_pNone_gNone]
	 Logging test loss: 4.61863e-05 [MSELoss(): t(0,0)_r(0,0)_combi_pNone_gTrue]
	 Logging test loss: 1.30437e-05 [MSELoss(): t(5,20)_r(5,20)_combi_pNone_gNone]
	 Logging test loss: 0.0001121326 [MSELoss(): tennis_pNone_gNone_tennisEffect]
	 Logging test loss: 4.10994e-05 [MSELoss(): t(0,0)_r(0,0)_combi_pTrue_gTrue]
		--> Epoch time; 34.12404274940491
Epoch 2/9
	 Logging train Loss: 1.00569e-05 [MSELoss(): t(5,20)_r(5,20)_combi_pNone_gNone]
	 Logging test loss: 1.56095e-05 [MSELoss(): t(0,0)_r(0,0)_combi_pNone_gTrue]
	 Logging test loss: 1.17363e-05 [MSELoss(): t(5,20)_r(5,20)_combi_pNone_gNone]
	 Logging test loss: 7.63751e-05 [MSELoss(): tennis_pNone_gNone_tennisEffect]
	 Logging test loss: 1.48292e-05 [MSELoss(): t(0,0)_r(0,0)_combi_pTrue_gTrue]
		--> Epoch time; 33.820348501205444
Epoch 3/9
	 Logging train Loss: 9.5423e-06 [MSELoss(): t(5,20)_r(5,20)_combi_pNone_gNone]
	 Logging test loss: 1.13943e-05 [MSELoss(): t(0,0)_r(0,0)_combi_pNone_gTrue]
	 Logging test loss: 1.16255e-05 [MSELoss(): t(5,20)_r(5,20)_combi_pNone_gNone]
	 Logging test loss: 6.74422e-05 [MSELoss(): tennis_pNone_gNone_tennisEffect]
	 Logging test loss: 1.06247e-05 [MSELoss(): t(0,0)_r(0,0)_combi_pTrue_gTrue]
		--> Epoch time; 33.76066279411316
Epoch 4/9
	 Logging train Loss: 9.3321e-06 [MSELoss(): t(5,20)_r(5,20)_combi_pNone_gNone]
	 Logging test loss: 6.2351e-06 [MSELoss(): t(0,0)_r(0,0)_combi_pNone_gTrue]
	 Logging test loss: 4.867e-06 [MSELoss(): t(5,20)_r(5,20)_combi_pNone_gNone]
	 Logging test loss: 5.00498e-05 [MSELoss(): tennis_pNone_gNone_tennisEffect]
	 Logging test loss: 5.5689e-06 [MSELoss(): t(0,0)_r(0,0)_combi_pTrue_gTrue]
		--> Epoch time; 33.63629412651062
Epoch 5/9
	 Logging train Loss: 8.2849e-06 [MSELoss(): t(5,20)_r(5,20)_combi_pNone_gNone]
	 Logging test loss: 1.87683e-05 [MSELoss(): t(0,0)_r(0,0)_combi_pNone_gTrue]
	 Logging test loss: 2.03196e-05 [MSELoss(): t(5,20)_r(5,20)_combi_pNone_gNone]
	 Logging test loss: 7.51071e-05 [MSELoss(): tennis_pNone_gNone_tennisEffect]
	 Logging test loss: 2.08285e-05 [MSELoss(): t(0,0)_r(0,0)_combi_pTrue_gTrue]
		--> Epoch time; 34.24701118469238
Epoch 6/9
	 Logging train Loss: 7.2167e-06 [MSELoss(): t(5,20)_r(5,20)_combi_pNone_gNone]
	 Logging test loss: 5.57e-06 [MSELoss(): t(0,0)_r(0,0)_combi_pNone_gTrue]
	 Logging test loss: 5.3093e-06 [MSELoss(): t(5,20)_r(5,20)_combi_pNone_gNone]
	 Logging test loss: 4.23127e-05 [MSELoss(): tennis_pNone_gNone_tennisEffect]
	 Logging test loss: 5.0769e-06 [MSELoss(): t(0,0)_r(0,0)_combi_pTrue_gTrue]
		--> Epoch time; 34.01803684234619
Epoch 7/9
	 Logging train Loss: 6.6149e-06 [MSELoss(): t(5,20)_r(5,20)_combi_pNone_gNone]
	 Logging test loss: 4.9949e-06 [MSELoss(): t(0,0)_r(0,0)_combi_pNone_gTrue]
	 Logging test loss: 4.7746e-06 [MSELoss(): t(5,20)_r(5,20)_combi_pNone_gNone]
	 Logging test loss: 3.72696e-05 [MSELoss(): tennis_pNone_gNone_tennisEffect]
	 Logging test loss: 4.4416e-06 [MSELoss(): t(0,0)_r(0,0)_combi_pTrue_gTrue]
		--> Epoch time; 33.97355818748474
Epoch 8/9
	 Logging train Loss: 5.9039e-06 [MSELoss(): t(5,20)_r(5,20)_combi_pNone_gNone]
	 Logging test loss: 5.9514e-06 [MSELoss(): t(0,0)_r(0,0)_combi_pNone_gTrue]
	 Logging test loss: 5.941e-06 [MSELoss(): t(5,20)_r(5,20)_combi_pNone_gNone]
	 Logging test loss: 3.63185e-05 [MSELoss(): tennis_pNone_gNone_tennisEffect]
	 Logging test loss: 5.9128e-06 [MSELoss(): t(0,0)_r(0,0)_combi_pTrue_gTrue]
		--> Epoch time; 34.05019569396973
Epoch 9/9
wandb: Waiting for W&B process to finish... (success).
wandb: 
wandb: Run history:
wandb:                                       Epoch â–â–‚â–ƒâ–ƒâ–„â–…â–†â–†â–‡â–ˆ
wandb:   Test loss t(0,0)_r(0,0)_combi_pNone_gTrue â–ˆâ–‚â–â–â–â–â–â–â–â–
wandb:   Test loss t(0,0)_r(0,0)_combi_pTrue_gTrue â–ˆâ–‚â–â–â–â–â–â–â–â–
wandb: Test loss t(5,20)_r(5,20)_combi_pNone_gNone â–ˆâ–‚â–‚â–‚â–â–‚â–â–â–â–
wandb:   Test loss tennis_pNone_gNone_tennisEffect â–ˆâ–‚â–â–â–â–â–â–â–â–
wandb:                                  Train loss â–ˆâ–â–â–â–â–â–â–â–â–
wandb: 
wandb: Run summary:
wandb:                                       Epoch 9
wandb:   Test loss t(0,0)_r(0,0)_combi_pNone_gTrue 1e-05
wandb:   Test loss t(0,0)_r(0,0)_combi_pTrue_gTrue 1e-05
wandb: Test loss t(5,20)_r(5,20)_combi_pNone_gNone 1e-05
wandb:   Test loss tennis_pNone_gNone_tennisEffect 4e-05
wandb:                                  Train loss 0.0
wandb: 
wandb: ðŸš€ View run honest-leaf-1316 at: https://wandb.ai/nreints/ThesisFinal2/runs/42qcmxzk
wandb: Synced 7 W&B file(s), 0 media file(s), 4 artifact file(s) and 1 other file(s)
wandb: Find logs at: ./wandb/run-20230710_172753-42qcmxzk/logs
wandb: - Waiting for wandb.init()...wandb: \ Waiting for wandb.init()...wandb: wandb version 0.15.5 is available!  To upgrade, please run:
wandb:  $ pip install wandb --upgrade
wandb: Tracking run with wandb version 0.14.0
wandb: Run data is saved locally in /gpfs/home2/nreints/MScThesis/code/wandb/run-20230710_173542-7i7u8d9q
wandb: Run `wandb offline` to turn off syncing.
wandb: Syncing run gallant-donkey-1337
wandb: â­ï¸ View project at https://wandb.ai/nreints/ThesisFinal2
wandb: ðŸš€ View run at https://wandb.ai/nreints/ThesisFinal2/runs/7i7u8d9q
wandb: Waiting for W&B process to finish... (success).
wandb: 
wandb: Run history:
wandb:                                       Epoch â–â–‚â–ƒâ–ƒâ–„â–…â–†â–†â–‡â–ˆ
wandb:   Test loss t(0,0)_r(0,0)_combi_pNone_gTrue â–ˆâ–â–‚â–â–â–â–â–â–â–
wandb:   Test loss t(0,0)_r(0,0)_combi_pTrue_gTrue â–ˆâ–â–‚â–â–â–â–â–â–â–
wandb: Test loss t(5,20)_r(5,20)_combi_pNone_gNone â–ˆâ–‚â–…â–â–‚â–â–â–‚â–â–
wandb:   Test loss tennis_pNone_gNone_tennisEffect â–ˆâ–‚â–ƒâ–‚â–‚â–â–â–â–â–
wandb:                                  Train loss â–ˆâ–â–â–â–â–â–â–â–â–
wandb: 
wandb: Run summary:
wandb:                                       Epoch 9
wandb:   Test loss t(0,0)_r(0,0)_combi_pNone_gTrue 0.0
wandb:   Test loss t(0,0)_r(0,0)_combi_pTrue_gTrue 0.0
wandb: Test loss t(5,20)_r(5,20)_combi_pNone_gNone 0.0
wandb:   Test loss tennis_pNone_gNone_tennisEffect 2e-05
wandb:                                  Train loss 0.0
wandb: 
wandb: ðŸš€ View run gallant-donkey-1337 at: https://wandb.ai/nreints/ThesisFinal2/runs/7i7u8d9q
wandb: Synced 7 W&B file(s), 0 media file(s), 4 artifact file(s) and 1 other file(s)
wandb: Find logs at: ./wandb/run-20230710_173542-7i7u8d9q/logs
wandb: - Waiting for wandb.init()...wandb: \ Waiting for wandb.init()...wandb: wandb version 0.15.5 is available!  To upgrade, please run:
wandb:  $ pip install wandb --upgrade
wandb: Tracking run with wandb version 0.14.0
wandb: Run data is saved locally in /gpfs/home2/nreints/MScThesis/code/wandb/run-20230710_174324-7ckq4o4t
wandb: Run `wandb offline` to turn off syncing.
wandb: Syncing run fresh-energy-1356
wandb: â­ï¸ View project at https://wandb.ai/nreints/ThesisFinal2
wandb: ðŸš€ View run at https://wandb.ai/nreints/ThesisFinal2/runs/7ckq4o4t
	 Logging train Loss: 4.8711e-06 [MSELoss(): t(5,20)_r(5,20)_combi_pNone_gNone]
	 Logging test loss: 7.1049e-06 [MSELoss(): t(0,0)_r(0,0)_combi_pNone_gTrue]
	 Logging test loss: 6.9643e-06 [MSELoss(): t(5,20)_r(5,20)_combi_pNone_gNone]
	 Logging test loss: 3.53767e-05 [MSELoss(): tennis_pNone_gNone_tennisEffect]
	 Logging test loss: 7.2071e-06 [MSELoss(): t(0,0)_r(0,0)_combi_pTrue_gTrue]
		--> Epoch time; 34.35158729553223
Saved model in  trained_models/gru/data_t(5,20)_r(5,20)_combi_pNone_gNone/'dual_quat_1'_'True'.pth
It took  469.53532218933105  seconds.
----- ITERATION 4/10 ------
Number of train simulations:  1920
Number of test simulations:  480
The dataloader for data/data_t(5,20)_r(5,20)_combi_pNone_gNone took 54.71226668357849 seconds.
-- Finished Train Dataloader --
The dataloader for data/data_t(0,0)_r(0,0)_combi_pNone_gTrue took 14.421574592590332 seconds.
The dataloader for data/data_t(5,20)_r(5,20)_combi_pNone_gNone took 13.70055890083313 seconds.
The dataloader for data/data_tennis_pNone_gNone_tennisEffect took 13.926189184188843 seconds.
The dataloader for data/data_t(0,0)_r(0,0)_combi_pTrue_gTrue took 14.105461597442627 seconds.
-- Finished Test Dataloader(s) --
GRU(
  (rnn): GRU(8, 96, batch_first=True)
  (pre_hidden_lin_layer): Sequential(
    (0): Linear(in_features=3, out_features=96, bias=True)
    (1): ReLU()
    (2): Linear(in_features=96, out_features=96, bias=True)
    (3): ReLU()
  )
  (fc): Linear(in_features=96, out_features=8, bias=True)
)
Datatype: dual_quat_1
-- Started Training --
Epoch 0/9
	 Logging train Loss: 0.0005619522 [MSELoss(): t(5,20)_r(5,20)_combi_pNone_gNone]
	 Logging test loss: 0.0002825475 [MSELoss(): t(0,0)_r(0,0)_combi_pNone_gTrue]
	 Logging test loss: 5.8457e-05 [MSELoss(): t(5,20)_r(5,20)_combi_pNone_gNone]
	 Logging test loss: 0.0003527107 [MSELoss(): tennis_pNone_gNone_tennisEffect]
	 Logging test loss: 0.0002498056 [MSELoss(): t(0,0)_r(0,0)_combi_pTrue_gTrue]
		--> Epoch time; 34.03202724456787
Epoch 1/9
	 Logging train Loss: 2.439e-05 [MSELoss(): t(5,20)_r(5,20)_combi_pNone_gNone]
	 Logging test loss: 2.04522e-05 [MSELoss(): t(0,0)_r(0,0)_combi_pNone_gTrue]
	 Logging test loss: 9.3249e-06 [MSELoss(): t(5,20)_r(5,20)_combi_pNone_gNone]
	 Logging test loss: 7.64632e-05 [MSELoss(): tennis_pNone_gNone_tennisEffect]
	 Logging test loss: 1.76057e-05 [MSELoss(): t(0,0)_r(0,0)_combi_pTrue_gTrue]
		--> Epoch time; 33.64083504676819
Epoch 2/9
	 Logging train Loss: 1.29642e-05 [MSELoss(): t(5,20)_r(5,20)_combi_pNone_gNone]
	 Logging test loss: 4.55758e-05 [MSELoss(): t(0,0)_r(0,0)_combi_pNone_gTrue]
	 Logging test loss: 3.75905e-05 [MSELoss(): t(5,20)_r(5,20)_combi_pNone_gNone]
	 Logging test loss: 0.0001343315 [MSELoss(): tennis_pNone_gNone_tennisEffect]
	 Logging test loss: 4.90737e-05 [MSELoss(): t(0,0)_r(0,0)_combi_pTrue_gTrue]
		--> Epoch time; 33.9510772228241
Epoch 3/9
	 Logging train Loss: 1.04508e-05 [MSELoss(): t(5,20)_r(5,20)_combi_pNone_gNone]
	 Logging test loss: 6.8023e-06 [MSELoss(): t(0,0)_r(0,0)_combi_pNone_gTrue]
	 Logging test loss: 5.3719e-06 [MSELoss(): t(5,20)_r(5,20)_combi_pNone_gNone]
	 Logging test loss: 4.89408e-05 [MSELoss(): tennis_pNone_gNone_tennisEffect]
	 Logging test loss: 6.1743e-06 [MSELoss(): t(0,0)_r(0,0)_combi_pTrue_gTrue]
		--> Epoch time; 33.59970140457153
Epoch 4/9
	 Logging train Loss: 8.5336e-06 [MSELoss(): t(5,20)_r(5,20)_combi_pNone_gNone]
	 Logging test loss: 1.28398e-05 [MSELoss(): t(0,0)_r(0,0)_combi_pNone_gTrue]
	 Logging test loss: 1.17871e-05 [MSELoss(): t(5,20)_r(5,20)_combi_pNone_gNone]
	 Logging test loss: 6.1572e-05 [MSELoss(): tennis_pNone_gNone_tennisEffect]
	 Logging test loss: 1.39842e-05 [MSELoss(): t(0,0)_r(0,0)_combi_pTrue_gTrue]
		--> Epoch time; 33.96952557563782
Epoch 5/9
	 Logging train Loss: 6.9671e-06 [MSELoss(): t(5,20)_r(5,20)_combi_pNone_gNone]
	 Logging test loss: 4.8891e-06 [MSELoss(): t(0,0)_r(0,0)_combi_pNone_gTrue]
	 Logging test loss: 4.2165e-06 [MSELoss(): t(5,20)_r(5,20)_combi_pNone_gNone]
	 Logging test loss: 3.72676e-05 [MSELoss(): tennis_pNone_gNone_tennisEffect]
	 Logging test loss: 4.4144e-06 [MSELoss(): t(0,0)_r(0,0)_combi_pTrue_gTrue]
		--> Epoch time; 33.87959313392639
Epoch 6/9
	 Logging train Loss: 6.2087e-06 [MSELoss(): t(5,20)_r(5,20)_combi_pNone_gNone]
	 Logging test loss: 5.5298e-06 [MSELoss(): t(0,0)_r(0,0)_combi_pNone_gTrue]
	 Logging test loss: 4.8387e-06 [MSELoss(): t(5,20)_r(5,20)_combi_pNone_gNone]
	 Logging test loss: 3.6172e-05 [MSELoss(): tennis_pNone_gNone_tennisEffect]
	 Logging test loss: 5.0779e-06 [MSELoss(): t(0,0)_r(0,0)_combi_pTrue_gTrue]
		--> Epoch time; 33.61053442955017
Epoch 7/9
	 Logging train Loss: 5.263e-06 [MSELoss(): t(5,20)_r(5,20)_combi_pNone_gNone]
	 Logging test loss: 1.0197e-05 [MSELoss(): t(0,0)_r(0,0)_combi_pNone_gTrue]
	 Logging test loss: 1.0652e-05 [MSELoss(): t(5,20)_r(5,20)_combi_pNone_gNone]
	 Logging test loss: 4.25746e-05 [MSELoss(): tennis_pNone_gNone_tennisEffect]
	 Logging test loss: 1.12072e-05 [MSELoss(): t(0,0)_r(0,0)_combi_pTrue_gTrue]
		--> Epoch time; 33.892640352249146
Epoch 8/9
	 Logging train Loss: 4.2243e-06 [MSELoss(): t(5,20)_r(5,20)_combi_pNone_gNone]
	 Logging test loss: 5.125e-06 [MSELoss(): t(0,0)_r(0,0)_combi_pNone_gTrue]
	 Logging test loss: 4.1747e-06 [MSELoss(): t(5,20)_r(5,20)_combi_pNone_gNone]
	 Logging test loss: 2.58155e-05 [MSELoss(): tennis_pNone_gNone_tennisEffect]
	 Logging test loss: 4.8545e-06 [MSELoss(): t(0,0)_r(0,0)_combi_pTrue_gTrue]
		--> Epoch time; 33.81402802467346
Epoch 9/9
	 Logging train Loss: 3.8521e-06 [MSELoss(): t(5,20)_r(5,20)_combi_pNone_gNone]
	 Logging test loss: 3.362e-06 [MSELoss(): t(0,0)_r(0,0)_combi_pNone_gTrue]
	 Logging test loss: 2.6139e-06 [MSELoss(): t(5,20)_r(5,20)_combi_pNone_gNone]
	 Logging test loss: 2.00467e-05 [MSELoss(): tennis_pNone_gNone_tennisEffect]
	 Logging test loss: 3.1667e-06 [MSELoss(): t(0,0)_r(0,0)_combi_pTrue_gTrue]
		--> Epoch time; 33.89048147201538
Saved model in  trained_models/gru/data_t(5,20)_r(5,20)_combi_pNone_gNone/'dual_quat_1'_'True'.pth
It took  461.23977422714233  seconds.
----- ITERATION 5/10 ------
Number of train simulations:  1920
Number of test simulations:  480
The dataloader for data/data_t(5,20)_r(5,20)_combi_pNone_gNone took 55.59601855278015 seconds.
-- Finished Train Dataloader --
The dataloader for data/data_t(0,0)_r(0,0)_combi_pNone_gTrue took 14.231383323669434 seconds.
The dataloader for data/data_t(5,20)_r(5,20)_combi_pNone_gNone took 13.998358011245728 seconds.
The dataloader for data/data_tennis_pNone_gNone_tennisEffect took 14.087137460708618 seconds.
The dataloader for data/data_t(0,0)_r(0,0)_combi_pTrue_gTrue took 14.238792896270752 seconds.
-- Finished Test Dataloader(s) --
GRU(
  (rnn): GRU(8, 96, batch_first=True)
  (pre_hidden_lin_layer): Sequential(
    (0): Linear(in_features=3, out_features=96, bias=True)
    (1): ReLU()
    (2): Linear(in_features=96, out_features=96, bias=True)
    (3): ReLU()
  )
  (fc): Linear(in_features=96, out_features=8, bias=True)
)
Datatype: dual_quat_1
-- Started Training --
Epoch 0/9
	 Logging train Loss: 0.0008401658 [MSELoss(): t(5,20)_r(5,20)_combi_pNone_gNone]
	 Logging test loss: 0.0003771595 [MSELoss(): t(0,0)_r(0,0)_combi_pNone_gTrue]
	 Logging test loss: 6.11897e-05 [MSELoss(): t(5,20)_r(5,20)_combi_pNone_gNone]
	 Logging test loss: 0.0004633639 [MSELoss(): tennis_pNone_gNone_tennisEffect]
	 Logging test loss: 0.0003294678 [MSELoss(): t(0,0)_r(0,0)_combi_pTrue_gTrue]
		--> Epoch time; 33.70102286338806
Epoch 1/9
	 Logging train Loss: 2.67967e-05 [MSELoss(): t(5,20)_r(5,20)_combi_pNone_gNone]
	 Logging test loss: 3.22705e-05 [MSELoss(): t(0,0)_r(0,0)_combi_pNone_gTrue]
	 Logging test loss: 9.9846e-06 [MSELoss(): t(5,20)_r(5,20)_combi_pNone_gNone]
	 Logging test loss: 9.67171e-05 [MSELoss(): tennis_pNone_gNone_tennisEffect]
	 Logging test loss: 2.77484e-05 [MSELoss(): t(0,0)_r(0,0)_combi_pTrue_gTrue]
		--> Epoch time; 33.883050203323364
Epoch 2/9
	 Logging train Loss: 1.23578e-05 [MSELoss(): t(5,20)_r(5,20)_combi_pNone_gNone]
	 Logging test loss: 1.75867e-05 [MSELoss(): t(0,0)_r(0,0)_combi_pNone_gTrue]
	 Logging test loss: 9.186e-06 [MSELoss(): t(5,20)_r(5,20)_combi_pNone_gNone]
wandb: Waiting for W&B process to finish... (success).
wandb: 
wandb: Run history:
wandb:                                       Epoch â–â–‚â–ƒâ–ƒâ–„â–…â–†â–†â–‡â–ˆ
wandb:   Test loss t(0,0)_r(0,0)_combi_pNone_gTrue â–ˆâ–‚â–â–â–â–â–â–â–â–
wandb:   Test loss t(0,0)_r(0,0)_combi_pTrue_gTrue â–ˆâ–‚â–â–â–â–â–â–â–â–
wandb: Test loss t(5,20)_r(5,20)_combi_pNone_gNone â–ˆâ–‚â–‚â–â–‚â–‚â–â–â–â–
wandb:   Test loss tennis_pNone_gNone_tennisEffect â–ˆâ–‚â–‚â–‚â–â–‚â–â–â–â–
wandb:                                  Train loss â–ˆâ–â–â–â–â–â–â–â–â–
wandb: 
wandb: Run summary:
wandb:                                       Epoch 9
wandb:   Test loss t(0,0)_r(0,0)_combi_pNone_gTrue 0.0
wandb:   Test loss t(0,0)_r(0,0)_combi_pTrue_gTrue 0.0
wandb: Test loss t(5,20)_r(5,20)_combi_pNone_gNone 0.0
wandb:   Test loss tennis_pNone_gNone_tennisEffect 2e-05
wandb:                                  Train loss 0.0
wandb: 
wandb: ðŸš€ View run fresh-energy-1356 at: https://wandb.ai/nreints/ThesisFinal2/runs/7ckq4o4t
wandb: Synced 7 W&B file(s), 0 media file(s), 4 artifact file(s) and 1 other file(s)
wandb: Find logs at: ./wandb/run-20230710_174324-7ckq4o4t/logs
wandb: - Waiting for wandb.init()...wandb: \ Waiting for wandb.init()...wandb: wandb version 0.15.5 is available!  To upgrade, please run:
wandb:  $ pip install wandb --upgrade
wandb: Tracking run with wandb version 0.14.0
wandb: Run data is saved locally in /gpfs/home2/nreints/MScThesis/code/wandb/run-20230710_175109-p11x6hd6
wandb: Run `wandb offline` to turn off syncing.
wandb: Syncing run fancy-breeze-1368
wandb: â­ï¸ View project at https://wandb.ai/nreints/ThesisFinal2
wandb: ðŸš€ View run at https://wandb.ai/nreints/ThesisFinal2/runs/p11x6hd6
	 Logging test loss: 7.77989e-05 [MSELoss(): tennis_pNone_gNone_tennisEffect]
	 Logging test loss: 1.63572e-05 [MSELoss(): t(0,0)_r(0,0)_combi_pTrue_gTrue]
		--> Epoch time; 33.74801802635193
Epoch 3/9
	 Logging train Loss: 1.04565e-05 [MSELoss(): t(5,20)_r(5,20)_combi_pNone_gNone]
	 Logging test loss: 1.17303e-05 [MSELoss(): t(0,0)_r(0,0)_combi_pNone_gTrue]
	 Logging test loss: 6.5427e-06 [MSELoss(): t(5,20)_r(5,20)_combi_pNone_gNone]
	 Logging test loss: 6.2714e-05 [MSELoss(): tennis_pNone_gNone_tennisEffect]
	 Logging test loss: 1.06364e-05 [MSELoss(): t(0,0)_r(0,0)_combi_pTrue_gTrue]
		--> Epoch time; 33.89839458465576
Epoch 4/9
	 Logging train Loss: 9.6871e-06 [MSELoss(): t(5,20)_r(5,20)_combi_pNone_gNone]
	 Logging test loss: 8.4385e-06 [MSELoss(): t(0,0)_r(0,0)_combi_pNone_gTrue]
	 Logging test loss: 6.7677e-06 [MSELoss(): t(5,20)_r(5,20)_combi_pNone_gNone]
	 Logging test loss: 5.37275e-05 [MSELoss(): tennis_pNone_gNone_tennisEffect]
	 Logging test loss: 7.6421e-06 [MSELoss(): t(0,0)_r(0,0)_combi_pTrue_gTrue]
		--> Epoch time; 33.754849433898926
Epoch 5/9
	 Logging train Loss: 8.2219e-06 [MSELoss(): t(5,20)_r(5,20)_combi_pNone_gNone]
	 Logging test loss: 1.53663e-05 [MSELoss(): t(0,0)_r(0,0)_combi_pNone_gTrue]
	 Logging test loss: 1.47547e-05 [MSELoss(): t(5,20)_r(5,20)_combi_pNone_gNone]
	 Logging test loss: 6.8811e-05 [MSELoss(): tennis_pNone_gNone_tennisEffect]
	 Logging test loss: 1.53299e-05 [MSELoss(): t(0,0)_r(0,0)_combi_pTrue_gTrue]
		--> Epoch time; 33.790074825286865
Epoch 6/9
	 Logging train Loss: 7.1922e-06 [MSELoss(): t(5,20)_r(5,20)_combi_pNone_gNone]
	 Logging test loss: 7.1376e-06 [MSELoss(): t(0,0)_r(0,0)_combi_pNone_gTrue]
	 Logging test loss: 5.7531e-06 [MSELoss(): t(5,20)_r(5,20)_combi_pNone_gNone]
	 Logging test loss: 4.38567e-05 [MSELoss(): tennis_pNone_gNone_tennisEffect]
	 Logging test loss: 6.8292e-06 [MSELoss(): t(0,0)_r(0,0)_combi_pTrue_gTrue]
		--> Epoch time; 33.869510650634766
Epoch 7/9
	 Logging train Loss: 6.4458e-06 [MSELoss(): t(5,20)_r(5,20)_combi_pNone_gNone]
	 Logging test loss: 5.6628e-06 [MSELoss(): t(0,0)_r(0,0)_combi_pNone_gTrue]
	 Logging test loss: 4.7594e-06 [MSELoss(): t(5,20)_r(5,20)_combi_pNone_gNone]
	 Logging test loss: 3.6486e-05 [MSELoss(): tennis_pNone_gNone_tennisEffect]
	 Logging test loss: 5.2757e-06 [MSELoss(): t(0,0)_r(0,0)_combi_pTrue_gTrue]
		--> Epoch time; 33.892499923706055
Epoch 8/9
	 Logging train Loss: 4.9922e-06 [MSELoss(): t(5,20)_r(5,20)_combi_pNone_gNone]
	 Logging test loss: 3.3147e-06 [MSELoss(): t(0,0)_r(0,0)_combi_pNone_gTrue]
	 Logging test loss: 3.23e-06 [MSELoss(): t(5,20)_r(5,20)_combi_pNone_gNone]
	 Logging test loss: 2.82223e-05 [MSELoss(): tennis_pNone_gNone_tennisEffect]
	 Logging test loss: 3.0296e-06 [MSELoss(): t(0,0)_r(0,0)_combi_pTrue_gTrue]
		--> Epoch time; 33.719451665878296
Epoch 9/9
	 Logging train Loss: 4.3195e-06 [MSELoss(): t(5,20)_r(5,20)_combi_pNone_gNone]
	 Logging test loss: 2.8333e-06 [MSELoss(): t(0,0)_r(0,0)_combi_pNone_gTrue]
	 Logging test loss: 2.4607e-06 [MSELoss(): t(5,20)_r(5,20)_combi_pNone_gNone]
	 Logging test loss: 2.28334e-05 [MSELoss(): tennis_pNone_gNone_tennisEffect]
	 Logging test loss: 2.593e-06 [MSELoss(): t(0,0)_r(0,0)_combi_pTrue_gTrue]
		--> Epoch time; 34.324050426483154
Saved model in  trained_models/gru/data_t(5,20)_r(5,20)_combi_pNone_gNone/'dual_quat_1'_'True'.pth
It took  465.0993604660034  seconds.
----- ITERATION 6/10 ------
Number of train simulations:  1920
Number of test simulations:  480
The dataloader for data/data_t(5,20)_r(5,20)_combi_pNone_gNone took 54.01672983169556 seconds.
-- Finished Train Dataloader --
The dataloader for data/data_t(0,0)_r(0,0)_combi_pNone_gTrue took 14.096973419189453 seconds.
The dataloader for data/data_t(5,20)_r(5,20)_combi_pNone_gNone took 13.676760196685791 seconds.
The dataloader for data/data_tennis_pNone_gNone_tennisEffect took 13.999387502670288 seconds.
The dataloader for data/data_t(0,0)_r(0,0)_combi_pTrue_gTrue took 14.014031171798706 seconds.
-- Finished Test Dataloader(s) --
GRU(
  (rnn): GRU(8, 96, batch_first=True)
  (pre_hidden_lin_layer): Sequential(
    (0): Linear(in_features=3, out_features=96, bias=True)
    (1): ReLU()
    (2): Linear(in_features=96, out_features=96, bias=True)
    (3): ReLU()
  )
  (fc): Linear(in_features=96, out_features=8, bias=True)
)
Datatype: dual_quat_1
-- Started Training --
Epoch 0/9
	 Logging train Loss: 0.000992801 [MSELoss(): t(5,20)_r(5,20)_combi_pNone_gNone]
	 Logging test loss: 0.0003385986 [MSELoss(): t(0,0)_r(0,0)_combi_pNone_gTrue]
	 Logging test loss: 5.88474e-05 [MSELoss(): t(5,20)_r(5,20)_combi_pNone_gNone]
	 Logging test loss: 0.0004055878 [MSELoss(): tennis_pNone_gNone_tennisEffect]
	 Logging test loss: 0.0002935747 [MSELoss(): t(0,0)_r(0,0)_combi_pTrue_gTrue]
		--> Epoch time; 33.867032051086426
Epoch 1/9
	 Logging train Loss: 2.26619e-05 [MSELoss(): t(5,20)_r(5,20)_combi_pNone_gNone]
	 Logging test loss: 2.06388e-05 [MSELoss(): t(0,0)_r(0,0)_combi_pNone_gTrue]
	 Logging test loss: 9.9929e-06 [MSELoss(): t(5,20)_r(5,20)_combi_pNone_gNone]
	 Logging test loss: 8.30985e-05 [MSELoss(): tennis_pNone_gNone_tennisEffect]
	 Logging test loss: 1.87125e-05 [MSELoss(): t(0,0)_r(0,0)_combi_pTrue_gTrue]
		--> Epoch time; 33.70722842216492
Epoch 2/9
	 Logging train Loss: 1.01194e-05 [MSELoss(): t(5,20)_r(5,20)_combi_pNone_gNone]
	 Logging test loss: 1.12051e-05 [MSELoss(): t(0,0)_r(0,0)_combi_pNone_gTrue]
	 Logging test loss: 8.8104e-06 [MSELoss(): t(5,20)_r(5,20)_combi_pNone_gNone]
	 Logging test loss: 6.54338e-05 [MSELoss(): tennis_pNone_gNone_tennisEffect]
	 Logging test loss: 1.00964e-05 [MSELoss(): t(0,0)_r(0,0)_combi_pTrue_gTrue]
		--> Epoch time; 33.98638677597046
Epoch 3/9
	 Logging train Loss: 9.5807e-06 [MSELoss(): t(5,20)_r(5,20)_combi_pNone_gNone]
	 Logging test loss: 1.02084e-05 [MSELoss(): t(0,0)_r(0,0)_combi_pNone_gTrue]
	 Logging test loss: 7.542e-06 [MSELoss(): t(5,20)_r(5,20)_combi_pNone_gNone]
	 Logging test loss: 5.8507e-05 [MSELoss(): tennis_pNone_gNone_tennisEffect]
	 Logging test loss: 9.5652e-06 [MSELoss(): t(0,0)_r(0,0)_combi_pTrue_gTrue]
		--> Epoch time; 33.862648725509644
Epoch 4/9
	 Logging train Loss: 8.9463e-06 [MSELoss(): t(5,20)_r(5,20)_combi_pNone_gNone]
	 Logging test loss: 7.2513e-06 [MSELoss(): t(0,0)_r(0,0)_combi_pNone_gTrue]
	 Logging test loss: 5.4578e-06 [MSELoss(): t(5,20)_r(5,20)_combi_pNone_gNone]
	 Logging test loss: 4.87835e-05 [MSELoss(): tennis_pNone_gNone_tennisEffect]
	 Logging test loss: 6.5024e-06 [MSELoss(): t(0,0)_r(0,0)_combi_pTrue_gTrue]
		--> Epoch time; 33.780564069747925
Epoch 5/9
	 Logging train Loss: 7.5456e-06 [MSELoss(): t(5,20)_r(5,20)_combi_pNone_gNone]
	 Logging test loss: 6.6142e-06 [MSELoss(): t(0,0)_r(0,0)_combi_pNone_gTrue]
	 Logging test loss: 5.295e-06 [MSELoss(): t(5,20)_r(5,20)_combi_pNone_gNone]
	 Logging test loss: 4.44084e-05 [MSELoss(): tennis_pNone_gNone_tennisEffect]
	 Logging test loss: 6.0031e-06 [MSELoss(): t(0,0)_r(0,0)_combi_pTrue_gTrue]
		--> Epoch time; 33.83906650543213
Epoch 6/9
	 Logging train Loss: 6.9433e-06 [MSELoss(): t(5,20)_r(5,20)_combi_pNone_gNone]
	 Logging test loss: 5.7228e-06 [MSELoss(): t(0,0)_r(0,0)_combi_pNone_gTrue]
	 Logging test loss: 4.7387e-06 [MSELoss(): t(5,20)_r(5,20)_combi_pNone_gNone]
	 Logging test loss: 3.9426e-05 [MSELoss(): tennis_pNone_gNone_tennisEffect]
	 Logging test loss: 5.2592e-06 [MSELoss(): t(0,0)_r(0,0)_combi_pTrue_gTrue]
		--> Epoch time; 33.73055577278137
Epoch 7/9
	 Logging train Loss: 5.9258e-06 [MSELoss(): t(5,20)_r(5,20)_combi_pNone_gNone]
	 Logging test loss: 7.7634e-06 [MSELoss(): t(0,0)_r(0,0)_combi_pNone_gTrue]
	 Logging test loss: 7.417e-06 [MSELoss(): t(5,20)_r(5,20)_combi_pNone_gNone]
	 Logging test loss: 4.11201e-05 [MSELoss(): tennis_pNone_gNone_tennisEffect]
	 Logging test loss: 7.6507e-06 [MSELoss(): t(0,0)_r(0,0)_combi_pTrue_gTrue]
		--> Epoch time; 33.87918257713318
Epoch 8/9
	 Logging train Loss: 4.991e-06 [MSELoss(): t(5,20)_r(5,20)_combi_pNone_gNone]
	 Logging test loss: 6.841e-06 [MSELoss(): t(0,0)_r(0,0)_combi_pNone_gTrue]
	 Logging test loss: 6.927e-06 [MSELoss(): t(5,20)_r(5,20)_combi_pNone_gNone]
wandb: Waiting for W&B process to finish... (success).
wandb: 
wandb: Run history:
wandb:                                       Epoch â–â–‚â–ƒâ–ƒâ–„â–…â–†â–†â–‡â–ˆ
wandb:   Test loss t(0,0)_r(0,0)_combi_pNone_gTrue â–ˆâ–â–â–â–â–â–â–â–â–
wandb:   Test loss t(0,0)_r(0,0)_combi_pTrue_gTrue â–ˆâ–â–â–â–â–â–â–â–â–
wandb: Test loss t(5,20)_r(5,20)_combi_pNone_gNone â–ˆâ–‚â–‚â–â–â–â–â–â–â–
wandb:   Test loss tennis_pNone_gNone_tennisEffect â–ˆâ–‚â–‚â–‚â–â–â–â–â–â–
wandb:                                  Train loss â–ˆâ–â–â–â–â–â–â–â–â–
wandb: 
wandb: Run summary:
wandb:                                       Epoch 9
wandb:   Test loss t(0,0)_r(0,0)_combi_pNone_gTrue 0.0
wandb:   Test loss t(0,0)_r(0,0)_combi_pTrue_gTrue 0.0
wandb: Test loss t(5,20)_r(5,20)_combi_pNone_gNone 0.0
wandb:   Test loss tennis_pNone_gNone_tennisEffect 3e-05
wandb:                                  Train loss 0.0
wandb: 
wandb: ðŸš€ View run fancy-breeze-1368 at: https://wandb.ai/nreints/ThesisFinal2/runs/p11x6hd6
wandb: Synced 7 W&B file(s), 0 media file(s), 4 artifact file(s) and 1 other file(s)
wandb: Find logs at: ./wandb/run-20230710_175109-p11x6hd6/logs
wandb: - Waiting for wandb.init()...wandb: \ Waiting for wandb.init()...wandb: wandb version 0.15.5 is available!  To upgrade, please run:
wandb:  $ pip install wandb --upgrade
wandb: Tracking run with wandb version 0.14.0
wandb: Run data is saved locally in /gpfs/home2/nreints/MScThesis/code/wandb/run-20230710_175850-rruu8b4s
wandb: Run `wandb offline` to turn off syncing.
wandb: Syncing run silver-wave-1372
wandb: â­ï¸ View project at https://wandb.ai/nreints/ThesisFinal2
wandb: ðŸš€ View run at https://wandb.ai/nreints/ThesisFinal2/runs/rruu8b4s
wandb: Waiting for W&B process to finish... (success).
wandb: 
wandb: Run history:
wandb:                                       Epoch â–â–‚â–ƒâ–ƒâ–„â–…â–†â–†â–‡â–ˆ
wandb:   Test loss t(0,0)_r(0,0)_combi_pNone_gTrue â–ˆâ–â–â–â–â–â–â–â–â–
wandb:   Test loss t(0,0)_r(0,0)_combi_pTrue_gTrue â–ˆâ–â–â–â–â–â–â–â–â–
wandb: Test loss t(5,20)_r(5,20)_combi_pNone_gNone â–ˆâ–‚â–â–‚â–â–‚â–â–â–â–
wandb:   Test loss tennis_pNone_gNone_tennisEffect â–ˆâ–‚â–‚â–‚â–‚â–â–â–â–â–
wandb:                                  Train loss â–ˆâ–â–â–â–â–â–â–â–â–
wandb: 
wandb: Run summary:
wandb:                                       Epoch 9
wandb:   Test loss t(0,0)_r(0,0)_combi_pNone_gTrue 1e-05
wandb:   Test loss t(0,0)_r(0,0)_combi_pTrue_gTrue 0.0
wandb: Test loss t(5,20)_r(5,20)_combi_pNone_gNone 1e-05
wandb:   Test loss tennis_pNone_gNone_tennisEffect 3e-05
wandb:                                  Train loss 0.0
wandb: 
wandb: ðŸš€ View run silver-wave-1372 at: https://wandb.ai/nreints/ThesisFinal2/runs/rruu8b4s
wandb: Synced 7 W&B file(s), 0 media file(s), 4 artifact file(s) and 1 other file(s)
wandb: Find logs at: ./wandb/run-20230710_175850-rruu8b4s/logs
wandb: - Waiting for wandb.init()...wandb: \ Waiting for wandb.init()...wandb: wandb version 0.15.5 is available!  To upgrade, please run:
wandb:  $ pip install wandb --upgrade
wandb: Tracking run with wandb version 0.14.0
wandb: Run data is saved locally in /gpfs/home2/nreints/MScThesis/code/wandb/run-20230710_180630-4h8di9e8
wandb: Run `wandb offline` to turn off syncing.
wandb: Syncing run dazzling-butterfly-1375
wandb: â­ï¸ View project at https://wandb.ai/nreints/ThesisFinal2
wandb: ðŸš€ View run at https://wandb.ai/nreints/ThesisFinal2/runs/4h8di9e8
	 Logging test loss: 3.55956e-05 [MSELoss(): tennis_pNone_gNone_tennisEffect]
	 Logging test loss: 6.6796e-06 [MSELoss(): t(0,0)_r(0,0)_combi_pTrue_gTrue]
		--> Epoch time; 33.48256492614746
Epoch 9/9
	 Logging train Loss: 4.3868e-06 [MSELoss(): t(5,20)_r(5,20)_combi_pNone_gNone]
	 Logging test loss: 3.8468e-06 [MSELoss(): t(0,0)_r(0,0)_combi_pNone_gTrue]
	 Logging test loss: 3.842e-06 [MSELoss(): t(5,20)_r(5,20)_combi_pNone_gNone]
	 Logging test loss: 2.5383e-05 [MSELoss(): tennis_pNone_gNone_tennisEffect]
	 Logging test loss: 3.7352e-06 [MSELoss(): t(0,0)_r(0,0)_combi_pTrue_gTrue]
		--> Epoch time; 33.556777477264404
Saved model in  trained_models/gru/data_t(5,20)_r(5,20)_combi_pNone_gNone/'dual_quat_1'_'True'.pth
It took  461.02175664901733  seconds.
----- ITERATION 7/10 ------
Number of train simulations:  1920
Number of test simulations:  480
The dataloader for data/data_t(5,20)_r(5,20)_combi_pNone_gNone took 53.47881603240967 seconds.
-- Finished Train Dataloader --
The dataloader for data/data_t(0,0)_r(0,0)_combi_pNone_gTrue took 13.93712854385376 seconds.
The dataloader for data/data_t(5,20)_r(5,20)_combi_pNone_gNone took 13.507476568222046 seconds.
The dataloader for data/data_tennis_pNone_gNone_tennisEffect took 13.79762601852417 seconds.
The dataloader for data/data_t(0,0)_r(0,0)_combi_pTrue_gTrue took 13.94136667251587 seconds.
-- Finished Test Dataloader(s) --
GRU(
  (rnn): GRU(8, 96, batch_first=True)
  (pre_hidden_lin_layer): Sequential(
    (0): Linear(in_features=3, out_features=96, bias=True)
    (1): ReLU()
    (2): Linear(in_features=96, out_features=96, bias=True)
    (3): ReLU()
  )
  (fc): Linear(in_features=96, out_features=8, bias=True)
)
Datatype: dual_quat_1
-- Started Training --
Epoch 0/9
	 Logging train Loss: 0.0006385766 [MSELoss(): t(5,20)_r(5,20)_combi_pNone_gNone]
	 Logging test loss: 0.0002984876 [MSELoss(): t(0,0)_r(0,0)_combi_pNone_gTrue]
	 Logging test loss: 4.50411e-05 [MSELoss(): t(5,20)_r(5,20)_combi_pNone_gNone]
	 Logging test loss: 0.0003703015 [MSELoss(): tennis_pNone_gNone_tennisEffect]
	 Logging test loss: 0.0002650088 [MSELoss(): t(0,0)_r(0,0)_combi_pTrue_gTrue]
		--> Epoch time; 33.77609634399414
Epoch 1/9
	 Logging train Loss: 1.84083e-05 [MSELoss(): t(5,20)_r(5,20)_combi_pNone_gNone]
	 Logging test loss: 1.20731e-05 [MSELoss(): t(0,0)_r(0,0)_combi_pNone_gTrue]
	 Logging test loss: 1.06179e-05 [MSELoss(): t(5,20)_r(5,20)_combi_pNone_gNone]
	 Logging test loss: 7.85951e-05 [MSELoss(): tennis_pNone_gNone_tennisEffect]
	 Logging test loss: 1.06542e-05 [MSELoss(): t(0,0)_r(0,0)_combi_pTrue_gTrue]
		--> Epoch time; 33.85888338088989
Epoch 2/9
	 Logging train Loss: 1.1684e-05 [MSELoss(): t(5,20)_r(5,20)_combi_pNone_gNone]
	 Logging test loss: 7.664e-06 [MSELoss(): t(0,0)_r(0,0)_combi_pNone_gTrue]
	 Logging test loss: 6.0844e-06 [MSELoss(): t(5,20)_r(5,20)_combi_pNone_gNone]
	 Logging test loss: 5.87287e-05 [MSELoss(): tennis_pNone_gNone_tennisEffect]
	 Logging test loss: 6.6226e-06 [MSELoss(): t(0,0)_r(0,0)_combi_pTrue_gTrue]
		--> Epoch time; 33.70538663864136
Epoch 3/9
	 Logging train Loss: 9.6689e-06 [MSELoss(): t(5,20)_r(5,20)_combi_pNone_gNone]
	 Logging test loss: 1.02419e-05 [MSELoss(): t(0,0)_r(0,0)_combi_pNone_gTrue]
	 Logging test loss: 9.1761e-06 [MSELoss(): t(5,20)_r(5,20)_combi_pNone_gNone]
	 Logging test loss: 6.16345e-05 [MSELoss(): tennis_pNone_gNone_tennisEffect]
	 Logging test loss: 8.854e-06 [MSELoss(): t(0,0)_r(0,0)_combi_pTrue_gTrue]
		--> Epoch time; 33.85632872581482
Epoch 4/9
	 Logging train Loss: 9.1675e-06 [MSELoss(): t(5,20)_r(5,20)_combi_pNone_gNone]
	 Logging test loss: 7.3602e-06 [MSELoss(): t(0,0)_r(0,0)_combi_pNone_gTrue]
	 Logging test loss: 7.2866e-06 [MSELoss(): t(5,20)_r(5,20)_combi_pNone_gNone]
	 Logging test loss: 5.07798e-05 [MSELoss(): tennis_pNone_gNone_tennisEffect]
	 Logging test loss: 6.6166e-06 [MSELoss(): t(0,0)_r(0,0)_combi_pTrue_gTrue]
		--> Epoch time; 33.73151254653931
Epoch 5/9
	 Logging train Loss: 7.4848e-06 [MSELoss(): t(5,20)_r(5,20)_combi_pNone_gNone]
	 Logging test loss: 8.1336e-06 [MSELoss(): t(0,0)_r(0,0)_combi_pNone_gTrue]
	 Logging test loss: 7.643e-06 [MSELoss(): t(5,20)_r(5,20)_combi_pNone_gNone]
	 Logging test loss: 4.79907e-05 [MSELoss(): tennis_pNone_gNone_tennisEffect]
	 Logging test loss: 7.0933e-06 [MSELoss(): t(0,0)_r(0,0)_combi_pTrue_gTrue]
		--> Epoch time; 33.839173555374146
Epoch 6/9
	 Logging train Loss: 6.7513e-06 [MSELoss(): t(5,20)_r(5,20)_combi_pNone_gNone]
	 Logging test loss: 6.3555e-06 [MSELoss(): t(0,0)_r(0,0)_combi_pNone_gTrue]
	 Logging test loss: 7.1976e-06 [MSELoss(): t(5,20)_r(5,20)_combi_pNone_gNone]
	 Logging test loss: 4.33212e-05 [MSELoss(): tennis_pNone_gNone_tennisEffect]
	 Logging test loss: 5.7696e-06 [MSELoss(): t(0,0)_r(0,0)_combi_pTrue_gTrue]
		--> Epoch time; 33.774383783340454
Epoch 7/9
	 Logging train Loss: 6.0601e-06 [MSELoss(): t(5,20)_r(5,20)_combi_pNone_gNone]
	 Logging test loss: 5.1372e-06 [MSELoss(): t(0,0)_r(0,0)_combi_pNone_gTrue]
	 Logging test loss: 4.5725e-06 [MSELoss(): t(5,20)_r(5,20)_combi_pNone_gNone]
	 Logging test loss: 3.33239e-05 [MSELoss(): tennis_pNone_gNone_tennisEffect]
	 Logging test loss: 4.662e-06 [MSELoss(): t(0,0)_r(0,0)_combi_pTrue_gTrue]
		--> Epoch time; 33.79281210899353
Epoch 8/9
	 Logging train Loss: 4.7892e-06 [MSELoss(): t(5,20)_r(5,20)_combi_pNone_gNone]
	 Logging test loss: 4.4592e-06 [MSELoss(): t(0,0)_r(0,0)_combi_pNone_gTrue]
	 Logging test loss: 5.9843e-06 [MSELoss(): t(5,20)_r(5,20)_combi_pNone_gNone]
	 Logging test loss: 3.16191e-05 [MSELoss(): tennis_pNone_gNone_tennisEffect]
	 Logging test loss: 4.346e-06 [MSELoss(): t(0,0)_r(0,0)_combi_pTrue_gTrue]
		--> Epoch time; 33.88714408874512
Epoch 9/9
	 Logging train Loss: 4.3386e-06 [MSELoss(): t(5,20)_r(5,20)_combi_pNone_gNone]
	 Logging test loss: 5.1916e-06 [MSELoss(): t(0,0)_r(0,0)_combi_pNone_gTrue]
	 Logging test loss: 6.2183e-06 [MSELoss(): t(5,20)_r(5,20)_combi_pNone_gNone]
	 Logging test loss: 2.58334e-05 [MSELoss(): tennis_pNone_gNone_tennisEffect]
	 Logging test loss: 4.8257e-06 [MSELoss(): t(0,0)_r(0,0)_combi_pTrue_gTrue]
		--> Epoch time; 33.760939598083496
Saved model in  trained_models/gru/data_t(5,20)_r(5,20)_combi_pNone_gNone/'dual_quat_1'_'True'.pth
It took  460.0317385196686  seconds.
----- ITERATION 8/10 ------
Number of train simulations:  1920
Number of test simulations:  480
The dataloader for data/data_t(5,20)_r(5,20)_combi_pNone_gNone took 53.75522208213806 seconds.
-- Finished Train Dataloader --
The dataloader for data/data_t(0,0)_r(0,0)_combi_pNone_gTrue took 13.890180349349976 seconds.
The dataloader for data/data_t(5,20)_r(5,20)_combi_pNone_gNone took 13.464352369308472 seconds.
The dataloader for data/data_tennis_pNone_gNone_tennisEffect took 13.827709197998047 seconds.
The dataloader for data/data_t(0,0)_r(0,0)_combi_pTrue_gTrue took 13.843809604644775 seconds.
-- Finished Test Dataloader(s) --
GRU(
  (rnn): GRU(8, 96, batch_first=True)
  (pre_hidden_lin_layer): Sequential(
    (0): Linear(in_features=3, out_features=96, bias=True)
    (1): ReLU()
    (2): Linear(in_features=96, out_features=96, bias=True)
    (3): ReLU()
  )
  (fc): Linear(in_features=96, out_features=8, bias=True)
)
Datatype: dual_quat_1
-- Started Training --
Epoch 0/9
	 Logging train Loss: 0.0008520655 [MSELoss(): t(5,20)_r(5,20)_combi_pNone_gNone]
	 Logging test loss: 0.0004411553 [MSELoss(): t(0,0)_r(0,0)_combi_pNone_gTrue]
	 Logging test loss: 5.81857e-05 [MSELoss(): t(5,20)_r(5,20)_combi_pNone_gNone]
	 Logging test loss: 0.0004402854 [MSELoss(): tennis_pNone_gNone_tennisEffect]
	 Logging test loss: 0.0003856007 [MSELoss(): t(0,0)_r(0,0)_combi_pTrue_gTrue]
		--> Epoch time; 33.22104549407959
Epoch 1/9
	 Logging train Loss: 3.60196e-05 [MSELoss(): t(5,20)_r(5,20)_combi_pNone_gNone]
	 Logging test loss: 7.38459e-05 [MSELoss(): t(0,0)_r(0,0)_combi_pNone_gTrue]
	 Logging test loss: 1.34193e-05 [MSELoss(): t(5,20)_r(5,20)_combi_pNone_gNone]
	 Logging test loss: 0.0001226802 [MSELoss(): tennis_pNone_gNone_tennisEffect]
	 Logging test loss: 6.26064e-05 [MSELoss(): t(0,0)_r(0,0)_combi_pTrue_gTrue]
		--> Epoch time; 33.26877498626709
Epoch 2/9
wandb: Waiting for W&B process to finish... (success).
wandb: 
wandb: Run history:
wandb:                                       Epoch â–â–‚â–ƒâ–ƒâ–„â–…â–†â–†â–‡â–ˆ
wandb:   Test loss t(0,0)_r(0,0)_combi_pNone_gTrue â–ˆâ–‚â–â–â–â–â–â–â–â–
wandb:   Test loss t(0,0)_r(0,0)_combi_pTrue_gTrue â–ˆâ–‚â–â–â–â–â–â–â–â–
wandb: Test loss t(5,20)_r(5,20)_combi_pNone_gNone â–ˆâ–‚â–‚â–â–â–â–â–â–â–
wandb:   Test loss tennis_pNone_gNone_tennisEffect â–ˆâ–ƒâ–‚â–‚â–â–â–â–â–â–
wandb:                                  Train loss â–ˆâ–â–â–â–â–â–â–â–â–
wandb: 
wandb: Run summary:
wandb:                                       Epoch 9
wandb:   Test loss t(0,0)_r(0,0)_combi_pNone_gTrue 1e-05
wandb:   Test loss t(0,0)_r(0,0)_combi_pTrue_gTrue 0.0
wandb: Test loss t(5,20)_r(5,20)_combi_pNone_gNone 0.0
wandb:   Test loss tennis_pNone_gNone_tennisEffect 3e-05
wandb:                                  Train loss 1e-05
wandb: 
wandb: ðŸš€ View run dazzling-butterfly-1375 at: https://wandb.ai/nreints/ThesisFinal2/runs/4h8di9e8
wandb: Synced 7 W&B file(s), 0 media file(s), 4 artifact file(s) and 1 other file(s)
wandb: Find logs at: ./wandb/run-20230710_180630-4h8di9e8/logs
wandb: - Waiting for wandb.init()...wandb: \ Waiting for wandb.init()...wandb: wandb version 0.15.5 is available!  To upgrade, please run:
wandb:  $ pip install wandb --upgrade
wandb: Tracking run with wandb version 0.14.0
wandb: Run data is saved locally in /gpfs/home2/nreints/MScThesis/code/wandb/run-20230710_181404-920isg3b
wandb: Run `wandb offline` to turn off syncing.
wandb: Syncing run stilted-bird-1378
wandb: â­ï¸ View project at https://wandb.ai/nreints/ThesisFinal2
wandb: ðŸš€ View run at https://wandb.ai/nreints/ThesisFinal2/runs/920isg3b
	 Logging train Loss: 1.759e-05 [MSELoss(): t(5,20)_r(5,20)_combi_pNone_gNone]
	 Logging test loss: 2.11354e-05 [MSELoss(): t(0,0)_r(0,0)_combi_pNone_gTrue]
	 Logging test loss: 9.3024e-06 [MSELoss(): t(5,20)_r(5,20)_combi_pNone_gNone]
	 Logging test loss: 8.33812e-05 [MSELoss(): tennis_pNone_gNone_tennisEffect]
	 Logging test loss: 1.95693e-05 [MSELoss(): t(0,0)_r(0,0)_combi_pTrue_gTrue]
		--> Epoch time; 33.08994007110596
Epoch 3/9
	 Logging train Loss: 1.08998e-05 [MSELoss(): t(5,20)_r(5,20)_combi_pNone_gNone]
	 Logging test loss: 1.30354e-05 [MSELoss(): t(0,0)_r(0,0)_combi_pNone_gTrue]
	 Logging test loss: 6.8335e-06 [MSELoss(): t(5,20)_r(5,20)_combi_pNone_gNone]
	 Logging test loss: 6.44265e-05 [MSELoss(): tennis_pNone_gNone_tennisEffect]
	 Logging test loss: 1.1781e-05 [MSELoss(): t(0,0)_r(0,0)_combi_pTrue_gTrue]
		--> Epoch time; 33.183964014053345
Epoch 4/9
	 Logging train Loss: 1.05845e-05 [MSELoss(): t(5,20)_r(5,20)_combi_pNone_gNone]
	 Logging test loss: 1.18407e-05 [MSELoss(): t(0,0)_r(0,0)_combi_pNone_gTrue]
	 Logging test loss: 5.7427e-06 [MSELoss(): t(5,20)_r(5,20)_combi_pNone_gNone]
	 Logging test loss: 5.49531e-05 [MSELoss(): tennis_pNone_gNone_tennisEffect]
	 Logging test loss: 1.06721e-05 [MSELoss(): t(0,0)_r(0,0)_combi_pTrue_gTrue]
		--> Epoch time; 32.86230826377869
Epoch 5/9
	 Logging train Loss: 8.783e-06 [MSELoss(): t(5,20)_r(5,20)_combi_pNone_gNone]
	 Logging test loss: 1.10088e-05 [MSELoss(): t(0,0)_r(0,0)_combi_pNone_gTrue]
	 Logging test loss: 6.7151e-06 [MSELoss(): t(5,20)_r(5,20)_combi_pNone_gNone]
	 Logging test loss: 5.12812e-05 [MSELoss(): tennis_pNone_gNone_tennisEffect]
	 Logging test loss: 1.00508e-05 [MSELoss(): t(0,0)_r(0,0)_combi_pTrue_gTrue]
		--> Epoch time; 33.4312105178833
Epoch 6/9
	 Logging train Loss: 7.7422e-06 [MSELoss(): t(5,20)_r(5,20)_combi_pNone_gNone]
	 Logging test loss: 9.8175e-06 [MSELoss(): t(0,0)_r(0,0)_combi_pNone_gTrue]
	 Logging test loss: 6.9267e-06 [MSELoss(): t(5,20)_r(5,20)_combi_pNone_gNone]
	 Logging test loss: 4.45548e-05 [MSELoss(): tennis_pNone_gNone_tennisEffect]
	 Logging test loss: 9.1616e-06 [MSELoss(): t(0,0)_r(0,0)_combi_pTrue_gTrue]
		--> Epoch time; 33.15682077407837
Epoch 7/9
	 Logging train Loss: 6.696e-06 [MSELoss(): t(5,20)_r(5,20)_combi_pNone_gNone]
	 Logging test loss: 6.6683e-06 [MSELoss(): t(0,0)_r(0,0)_combi_pNone_gTrue]
	 Logging test loss: 5.1444e-06 [MSELoss(): t(5,20)_r(5,20)_combi_pNone_gNone]
	 Logging test loss: 3.63364e-05 [MSELoss(): tennis_pNone_gNone_tennisEffect]
	 Logging test loss: 6.0052e-06 [MSELoss(): t(0,0)_r(0,0)_combi_pTrue_gTrue]
		--> Epoch time; 33.60043787956238
Epoch 8/9
	 Logging train Loss: 5.7079e-06 [MSELoss(): t(5,20)_r(5,20)_combi_pNone_gNone]
	 Logging test loss: 7.8163e-06 [MSELoss(): t(0,0)_r(0,0)_combi_pNone_gTrue]
	 Logging test loss: 5.6331e-06 [MSELoss(): t(5,20)_r(5,20)_combi_pNone_gNone]
	 Logging test loss: 3.45516e-05 [MSELoss(): tennis_pNone_gNone_tennisEffect]
	 Logging test loss: 7.2192e-06 [MSELoss(): t(0,0)_r(0,0)_combi_pTrue_gTrue]
		--> Epoch time; 33.425875186920166
Epoch 9/9
	 Logging train Loss: 5.0021e-06 [MSELoss(): t(5,20)_r(5,20)_combi_pNone_gNone]
	 Logging test loss: 5.1889e-06 [MSELoss(): t(0,0)_r(0,0)_combi_pNone_gTrue]
	 Logging test loss: 4.3344e-06 [MSELoss(): t(5,20)_r(5,20)_combi_pNone_gNone]
	 Logging test loss: 2.73363e-05 [MSELoss(): tennis_pNone_gNone_tennisEffect]
	 Logging test loss: 4.8456e-06 [MSELoss(): t(0,0)_r(0,0)_combi_pTrue_gTrue]
		--> Epoch time; 33.2123749256134
Saved model in  trained_models/gru/data_t(5,20)_r(5,20)_combi_pNone_gNone/'dual_quat_1'_'True'.pth
It took  453.95263028144836  seconds.
----- ITERATION 9/10 ------
Number of train simulations:  1920
Number of test simulations:  480
The dataloader for data/data_t(5,20)_r(5,20)_combi_pNone_gNone took 55.258626222610474 seconds.
-- Finished Train Dataloader --
The dataloader for data/data_t(0,0)_r(0,0)_combi_pNone_gTrue took 14.023722410202026 seconds.
The dataloader for data/data_t(5,20)_r(5,20)_combi_pNone_gNone took 13.824398517608643 seconds.
The dataloader for data/data_tennis_pNone_gNone_tennisEffect took 13.99357295036316 seconds.
The dataloader for data/data_t(0,0)_r(0,0)_combi_pTrue_gTrue took 14.060091733932495 seconds.
-- Finished Test Dataloader(s) --
GRU(
  (rnn): GRU(8, 96, batch_first=True)
  (pre_hidden_lin_layer): Sequential(
    (0): Linear(in_features=3, out_features=96, bias=True)
    (1): ReLU()
    (2): Linear(in_features=96, out_features=96, bias=True)
    (3): ReLU()
  )
  (fc): Linear(in_features=96, out_features=8, bias=True)
)
Datatype: dual_quat_1
-- Started Training --
Epoch 0/9
	 Logging train Loss: 0.0009336029 [MSELoss(): t(5,20)_r(5,20)_combi_pNone_gNone]
	 Logging test loss: 0.0004937094 [MSELoss(): t(0,0)_r(0,0)_combi_pNone_gTrue]
	 Logging test loss: 7.8621e-05 [MSELoss(): t(5,20)_r(5,20)_combi_pNone_gNone]
	 Logging test loss: 0.0006280752 [MSELoss(): tennis_pNone_gNone_tennisEffect]
	 Logging test loss: 0.0004414507 [MSELoss(): t(0,0)_r(0,0)_combi_pTrue_gTrue]
		--> Epoch time; 33.26521921157837
Epoch 1/9
	 Logging train Loss: 3.72704e-05 [MSELoss(): t(5,20)_r(5,20)_combi_pNone_gNone]
	 Logging test loss: 4.6542e-05 [MSELoss(): t(0,0)_r(0,0)_combi_pNone_gTrue]
	 Logging test loss: 1.26261e-05 [MSELoss(): t(5,20)_r(5,20)_combi_pNone_gNone]
	 Logging test loss: 0.0001176977 [MSELoss(): tennis_pNone_gNone_tennisEffect]
	 Logging test loss: 4.38079e-05 [MSELoss(): t(0,0)_r(0,0)_combi_pTrue_gTrue]
		--> Epoch time; 33.14508271217346
Epoch 2/9
	 Logging train Loss: 1.20875e-05 [MSELoss(): t(5,20)_r(5,20)_combi_pNone_gNone]
	 Logging test loss: 1.10344e-05 [MSELoss(): t(0,0)_r(0,0)_combi_pNone_gTrue]
	 Logging test loss: 1.09514e-05 [MSELoss(): t(5,20)_r(5,20)_combi_pNone_gNone]
	 Logging test loss: 7.57971e-05 [MSELoss(): tennis_pNone_gNone_tennisEffect]
	 Logging test loss: 1.15234e-05 [MSELoss(): t(0,0)_r(0,0)_combi_pTrue_gTrue]
		--> Epoch time; 33.330506563186646
Epoch 3/9
	 Logging train Loss: 1.1019e-05 [MSELoss(): t(5,20)_r(5,20)_combi_pNone_gNone]
	 Logging test loss: 8.2302e-06 [MSELoss(): t(0,0)_r(0,0)_combi_pNone_gTrue]
	 Logging test loss: 8.472e-06 [MSELoss(): t(5,20)_r(5,20)_combi_pNone_gNone]
	 Logging test loss: 6.41175e-05 [MSELoss(): tennis_pNone_gNone_tennisEffect]
	 Logging test loss: 8.6116e-06 [MSELoss(): t(0,0)_r(0,0)_combi_pTrue_gTrue]
		--> Epoch time; 33.15442204475403
Epoch 4/9
	 Logging train Loss: 9.1309e-06 [MSELoss(): t(5,20)_r(5,20)_combi_pNone_gNone]
	 Logging test loss: 6.86e-06 [MSELoss(): t(0,0)_r(0,0)_combi_pNone_gTrue]
	 Logging test loss: 5.8011e-06 [MSELoss(): t(5,20)_r(5,20)_combi_pNone_gNone]
	 Logging test loss: 5.40691e-05 [MSELoss(): tennis_pNone_gNone_tennisEffect]
	 Logging test loss: 6.7141e-06 [MSELoss(): t(0,0)_r(0,0)_combi_pTrue_gTrue]
		--> Epoch time; 32.93242025375366
Epoch 5/9
	 Logging train Loss: 8.2308e-06 [MSELoss(): t(5,20)_r(5,20)_combi_pNone_gNone]
	 Logging test loss: 9.3849e-06 [MSELoss(): t(0,0)_r(0,0)_combi_pNone_gTrue]
	 Logging test loss: 8.9836e-06 [MSELoss(): t(5,20)_r(5,20)_combi_pNone_gNone]
	 Logging test loss: 5.68218e-05 [MSELoss(): tennis_pNone_gNone_tennisEffect]
	 Logging test loss: 9.9105e-06 [MSELoss(): t(0,0)_r(0,0)_combi_pTrue_gTrue]
		--> Epoch time; 33.25222420692444
Epoch 6/9
	 Logging train Loss: 7.1505e-06 [MSELoss(): t(5,20)_r(5,20)_combi_pNone_gNone]
	 Logging test loss: 4.8832e-06 [MSELoss(): t(0,0)_r(0,0)_combi_pNone_gTrue]
	 Logging test loss: 5.3604e-06 [MSELoss(): t(5,20)_r(5,20)_combi_pNone_gNone]
	 Logging test loss: 4.17973e-05 [MSELoss(): tennis_pNone_gNone_tennisEffect]
	 Logging test loss: 5.1375e-06 [MSELoss(): t(0,0)_r(0,0)_combi_pTrue_gTrue]
		--> Epoch time; 33.05913734436035
Epoch 7/9
	 Logging train Loss: 5.6416e-06 [MSELoss(): t(5,20)_r(5,20)_combi_pNone_gNone]
	 Logging test loss: 5.2016e-06 [MSELoss(): t(0,0)_r(0,0)_combi_pNone_gTrue]
	 Logging test loss: 5.8579e-06 [MSELoss(): t(5,20)_r(5,20)_combi_pNone_gNone]
	 Logging test loss: 3.73043e-05 [MSELoss(): tennis_pNone_gNone_tennisEffect]
	 Logging test loss: 5.3321e-06 [MSELoss(): t(0,0)_r(0,0)_combi_pTrue_gTrue]
		--> Epoch time; 33.43650221824646
Epoch 8/9
wandb: Waiting for W&B process to finish... (success).
wandb: 
wandb: Run history:
wandb:                                       Epoch â–â–‚â–ƒâ–ƒâ–„â–…â–†â–†â–‡â–ˆ
wandb:   Test loss t(0,0)_r(0,0)_combi_pNone_gTrue â–ˆâ–‚â–â–â–â–â–â–â–â–
wandb:   Test loss t(0,0)_r(0,0)_combi_pTrue_gTrue â–ˆâ–‚â–â–â–â–â–â–â–â–
wandb: Test loss t(5,20)_r(5,20)_combi_pNone_gNone â–ˆâ–‚â–‚â–â–â–â–â–â–â–
wandb:   Test loss tennis_pNone_gNone_tennisEffect â–ˆâ–‚â–‚â–â–â–â–â–â–â–
wandb:                                  Train loss â–ˆâ–â–â–â–â–â–â–â–â–
wandb: 
wandb: Run summary:
wandb:                                       Epoch 9
wandb:   Test loss t(0,0)_r(0,0)_combi_pNone_gTrue 1e-05
wandb:   Test loss t(0,0)_r(0,0)_combi_pTrue_gTrue 1e-05
wandb: Test loss t(5,20)_r(5,20)_combi_pNone_gNone 1e-05
wandb:   Test loss tennis_pNone_gNone_tennisEffect 3e-05
wandb:                                  Train loss 0.0
wandb: 
wandb: ðŸš€ View run stilted-bird-1378 at: https://wandb.ai/nreints/ThesisFinal2/runs/920isg3b
wandb: Synced 7 W&B file(s), 0 media file(s), 4 artifact file(s) and 1 other file(s)
wandb: Find logs at: ./wandb/run-20230710_181404-920isg3b/logs
wandb: - Waiting for wandb.init()...wandb: \ Waiting for wandb.init()...wandb: wandb version 0.15.5 is available!  To upgrade, please run:
wandb:  $ pip install wandb --upgrade
wandb: Tracking run with wandb version 0.14.0
wandb: Run data is saved locally in /gpfs/home2/nreints/MScThesis/code/wandb/run-20230710_182142-lt5j9fp8
wandb: Run `wandb offline` to turn off syncing.
wandb: Syncing run volcanic-pyramid-1380
wandb: â­ï¸ View project at https://wandb.ai/nreints/ThesisFinal2
wandb: ðŸš€ View run at https://wandb.ai/nreints/ThesisFinal2/runs/lt5j9fp8
wandb: Waiting for W&B process to finish... (success).
wandb: 
wandb: Run history:
wandb:                                       Epoch â–â–‚â–ƒâ–ƒâ–„â–…â–†â–†â–‡â–ˆ
wandb:   Test loss t(0,0)_r(0,0)_combi_pNone_gTrue â–ˆâ–‚â–â–â–â–â–â–â–â–
wandb:   Test loss t(0,0)_r(0,0)_combi_pTrue_gTrue â–ˆâ–‚â–â–â–â–â–â–â–â–
wandb: Test loss t(5,20)_r(5,20)_combi_pNone_gNone â–ˆâ–‚â–‚â–â–‚â–â–â–â–â–
wandb:   Test loss tennis_pNone_gNone_tennisEffect â–ˆâ–‚â–‚â–â–â–â–â–â–â–
wandb:                                  Train loss â–ˆâ–â–â–â–â–â–â–â–â–
wandb: 
wandb: Run summary:
wandb:                                       Epoch 9
wandb:   Test loss t(0,0)_r(0,0)_combi_pNone_gTrue 1e-05
wandb:   Test loss t(0,0)_r(0,0)_combi_pTrue_gTrue 0.0
wandb: Test loss t(5,20)_r(5,20)_combi_pNone_gNone 0.0
wandb:   Test loss tennis_pNone_gNone_tennisEffect 3e-05
wandb:                                  Train loss 0.0
wandb: 
wandb: ðŸš€ View run volcanic-pyramid-1380 at: https://wandb.ai/nreints/ThesisFinal2/runs/lt5j9fp8
wandb: Synced 7 W&B file(s), 0 media file(s), 4 artifact file(s) and 1 other file(s)
wandb: Find logs at: ./wandb/run-20230710_182142-lt5j9fp8/logs
	 Logging train Loss: 4.8997e-06 [MSELoss(): t(5,20)_r(5,20)_combi_pNone_gNone]
	 Logging test loss: 4.9746e-06 [MSELoss(): t(0,0)_r(0,0)_combi_pNone_gTrue]
	 Logging test loss: 4.8281e-06 [MSELoss(): t(5,20)_r(5,20)_combi_pNone_gNone]
	 Logging test loss: 3.13816e-05 [MSELoss(): tennis_pNone_gNone_tennisEffect]
	 Logging test loss: 4.9977e-06 [MSELoss(): t(0,0)_r(0,0)_combi_pTrue_gTrue]
		--> Epoch time; 33.10755181312561
Epoch 9/9
	 Logging train Loss: 4.0564e-06 [MSELoss(): t(5,20)_r(5,20)_combi_pNone_gNone]
	 Logging test loss: 5.6104e-06 [MSELoss(): t(0,0)_r(0,0)_combi_pNone_gTrue]
	 Logging test loss: 5.6903e-06 [MSELoss(): t(5,20)_r(5,20)_combi_pNone_gNone]
	 Logging test loss: 2.88166e-05 [MSELoss(): tennis_pNone_gNone_tennisEffect]
	 Logging test loss: 5.9599e-06 [MSELoss(): t(0,0)_r(0,0)_combi_pTrue_gTrue]
		--> Epoch time; 33.0328483581543
Saved model in  trained_models/gru/data_t(5,20)_r(5,20)_combi_pNone_gNone/'dual_quat_1'_'True'.pth
It took  458.65227603912354  seconds.
----- ITERATION 10/10 ------
Number of train simulations:  1920
Number of test simulations:  480
The dataloader for data/data_t(5,20)_r(5,20)_combi_pNone_gNone took 53.26331877708435 seconds.
-- Finished Train Dataloader --
The dataloader for data/data_t(0,0)_r(0,0)_combi_pNone_gTrue took 13.848032712936401 seconds.
The dataloader for data/data_t(5,20)_r(5,20)_combi_pNone_gNone took 13.382376194000244 seconds.
The dataloader for data/data_tennis_pNone_gNone_tennisEffect took 13.896225214004517 seconds.
The dataloader for data/data_t(0,0)_r(0,0)_combi_pTrue_gTrue took 13.867427587509155 seconds.
-- Finished Test Dataloader(s) --
GRU(
  (rnn): GRU(8, 96, batch_first=True)
  (pre_hidden_lin_layer): Sequential(
    (0): Linear(in_features=3, out_features=96, bias=True)
    (1): ReLU()
    (2): Linear(in_features=96, out_features=96, bias=True)
    (3): ReLU()
  )
  (fc): Linear(in_features=96, out_features=8, bias=True)
)
Datatype: dual_quat_1
-- Started Training --
Epoch 0/9
	 Logging train Loss: 0.0011367087 [MSELoss(): t(5,20)_r(5,20)_combi_pNone_gNone]
	 Logging test loss: 0.0004291534 [MSELoss(): t(0,0)_r(0,0)_combi_pNone_gTrue]
	 Logging test loss: 6.60883e-05 [MSELoss(): t(5,20)_r(5,20)_combi_pNone_gNone]
	 Logging test loss: 0.0005677056 [MSELoss(): tennis_pNone_gNone_tennisEffect]
	 Logging test loss: 0.0003706088 [MSELoss(): t(0,0)_r(0,0)_combi_pTrue_gTrue]
		--> Epoch time; 33.186241149902344
Epoch 1/9
	 Logging train Loss: 3.387e-05 [MSELoss(): t(5,20)_r(5,20)_combi_pNone_gNone]
	 Logging test loss: 7.82506e-05 [MSELoss(): t(0,0)_r(0,0)_combi_pNone_gTrue]
	 Logging test loss: 1.46993e-05 [MSELoss(): t(5,20)_r(5,20)_combi_pNone_gNone]
	 Logging test loss: 0.000132565 [MSELoss(): tennis_pNone_gNone_tennisEffect]
	 Logging test loss: 6.33586e-05 [MSELoss(): t(0,0)_r(0,0)_combi_pTrue_gTrue]
		--> Epoch time; 33.05568528175354
Epoch 2/9
	 Logging train Loss: 1.28251e-05 [MSELoss(): t(5,20)_r(5,20)_combi_pNone_gNone]
	 Logging test loss: 1.91639e-05 [MSELoss(): t(0,0)_r(0,0)_combi_pNone_gTrue]
	 Logging test loss: 8.4229e-06 [MSELoss(): t(5,20)_r(5,20)_combi_pNone_gNone]
	 Logging test loss: 8.52244e-05 [MSELoss(): tennis_pNone_gNone_tennisEffect]
	 Logging test loss: 1.63026e-05 [MSELoss(): t(0,0)_r(0,0)_combi_pTrue_gTrue]
		--> Epoch time; 33.191959381103516
Epoch 3/9
	 Logging train Loss: 8.8079e-06 [MSELoss(): t(5,20)_r(5,20)_combi_pNone_gNone]
	 Logging test loss: 1.36058e-05 [MSELoss(): t(0,0)_r(0,0)_combi_pNone_gTrue]
	 Logging test loss: 6.6983e-06 [MSELoss(): t(5,20)_r(5,20)_combi_pNone_gNone]
	 Logging test loss: 6.20387e-05 [MSELoss(): tennis_pNone_gNone_tennisEffect]
	 Logging test loss: 1.14779e-05 [MSELoss(): t(0,0)_r(0,0)_combi_pTrue_gTrue]
		--> Epoch time; 33.0550594329834
Epoch 4/9
	 Logging train Loss: 8.6687e-06 [MSELoss(): t(5,20)_r(5,20)_combi_pNone_gNone]
	 Logging test loss: 1.45354e-05 [MSELoss(): t(0,0)_r(0,0)_combi_pNone_gTrue]
	 Logging test loss: 9.2033e-06 [MSELoss(): t(5,20)_r(5,20)_combi_pNone_gNone]
	 Logging test loss: 6.02139e-05 [MSELoss(): tennis_pNone_gNone_tennisEffect]
	 Logging test loss: 1.27918e-05 [MSELoss(): t(0,0)_r(0,0)_combi_pTrue_gTrue]
		--> Epoch time; 33.078110456466675
Epoch 5/9
	 Logging train Loss: 8.6443e-06 [MSELoss(): t(5,20)_r(5,20)_combi_pNone_gNone]
	 Logging test loss: 9.6831e-06 [MSELoss(): t(0,0)_r(0,0)_combi_pNone_gTrue]
	 Logging test loss: 5.372e-06 [MSELoss(): t(5,20)_r(5,20)_combi_pNone_gNone]
	 Logging test loss: 4.83784e-05 [MSELoss(): tennis_pNone_gNone_tennisEffect]
	 Logging test loss: 7.9574e-06 [MSELoss(): t(0,0)_r(0,0)_combi_pTrue_gTrue]
		--> Epoch time; 33.299548387527466
Epoch 6/9
	 Logging train Loss: 7.2755e-06 [MSELoss(): t(5,20)_r(5,20)_combi_pNone_gNone]
	 Logging test loss: 9.0082e-06 [MSELoss(): t(0,0)_r(0,0)_combi_pNone_gTrue]
	 Logging test loss: 5.81e-06 [MSELoss(): t(5,20)_r(5,20)_combi_pNone_gNone]
	 Logging test loss: 4.31895e-05 [MSELoss(): tennis_pNone_gNone_tennisEffect]
	 Logging test loss: 8.0193e-06 [MSELoss(): t(0,0)_r(0,0)_combi_pTrue_gTrue]
		--> Epoch time; 33.17035937309265
Epoch 7/9
	 Logging train Loss: 6.3666e-06 [MSELoss(): t(5,20)_r(5,20)_combi_pNone_gNone]
	 Logging test loss: 5.2933e-06 [MSELoss(): t(0,0)_r(0,0)_combi_pNone_gTrue]
	 Logging test loss: 3.6744e-06 [MSELoss(): t(5,20)_r(5,20)_combi_pNone_gNone]
	 Logging test loss: 3.22465e-05 [MSELoss(): tennis_pNone_gNone_tennisEffect]
	 Logging test loss: 4.4778e-06 [MSELoss(): t(0,0)_r(0,0)_combi_pTrue_gTrue]
		--> Epoch time; 33.25851368904114
Epoch 8/9
	 Logging train Loss: 5.3037e-06 [MSELoss(): t(5,20)_r(5,20)_combi_pNone_gNone]
	 Logging test loss: 6.972e-06 [MSELoss(): t(0,0)_r(0,0)_combi_pNone_gTrue]
	 Logging test loss: 6.2365e-06 [MSELoss(): t(5,20)_r(5,20)_combi_pNone_gNone]
	 Logging test loss: 3.11377e-05 [MSELoss(): tennis_pNone_gNone_tennisEffect]
	 Logging test loss: 6.5578e-06 [MSELoss(): t(0,0)_r(0,0)_combi_pTrue_gTrue]
		--> Epoch time; 33.039841413497925
Epoch 9/9
	 Logging train Loss: 4.6569e-06 [MSELoss(): t(5,20)_r(5,20)_combi_pNone_gNone]
	 Logging test loss: 5.1636e-06 [MSELoss(): t(0,0)_r(0,0)_combi_pNone_gTrue]
	 Logging test loss: 4.1429e-06 [MSELoss(): t(5,20)_r(5,20)_combi_pNone_gNone]
	 Logging test loss: 2.59472e-05 [MSELoss(): tennis_pNone_gNone_tennisEffect]
	 Logging test loss: 4.3761e-06 [MSELoss(): t(0,0)_r(0,0)_combi_pTrue_gTrue]
		--> Epoch time; 32.943299293518066
Saved model in  trained_models/gru/data_t(5,20)_r(5,20)_combi_pNone_gNone/'dual_quat_1'_'True'.pth
It took  452.0833547115326  seconds.
