wandb: Currently logged in as: nreints. Use `wandb login --relogin` to force relogin
wandb: wandb version 0.15.5 is available!  To upgrade, please run:
wandb:  $ pip install wandb --upgrade
wandb: Tracking run with wandb version 0.14.0
wandb: Run data is saved locally in /gpfs/home2/nreints/MScThesis/code/wandb/run-20230711_120903-2ktym3xe
wandb: Run `wandb offline` to turn off syncing.
wandb: Syncing run restful-energy-8
wandb: â­ï¸ View project at https://wandb.ai/nreints/ThesisFinal2Gen
wandb: ðŸš€ View run at https://wandb.ai/nreints/ThesisFinal2Gen/runs/2ktym3xe
wandb: Waiting for W&B process to finish... (success).
wandb: 
wandb: Run history:
wandb:                                       Epoch â–â–‚â–ƒâ–ƒâ–„â–…â–†â–†â–‡â–ˆ
wandb:   Test loss t(0,0)_r(0,0)_combi_pNone_gTrue â–ˆâ–ƒâ–‚â–â–â–â–â–â–â–
wandb:   Test loss t(0,0)_r(0,0)_combi_pTrue_gTrue â–ˆâ–ƒâ–‚â–â–â–â–â–â–â–
wandb: Test loss t(5,20)_r(5,20)_combi_pNone_gNone â–ˆâ–…â–‚â–‚â–â–â–â–â–â–
wandb:   Test loss tennis_pNone_gNone_tennisEffect â–ˆâ–†â–ƒâ–â–â–â–â–â–â–
wandb:                                  Train loss â–ˆâ–â–â–â–â–â–â–â–â–
wandb: 
wandb: Run summary:
wandb:                                       Epoch 9
wandb:   Test loss t(0,0)_r(0,0)_combi_pNone_gTrue 0.0
wandb:   Test loss t(0,0)_r(0,0)_combi_pTrue_gTrue 0.0
wandb: Test loss t(5,20)_r(5,20)_combi_pNone_gNone 0.0
wandb:   Test loss tennis_pNone_gNone_tennisEffect 3e-05
wandb:                                  Train loss 0.0
wandb: 
wandb: ðŸš€ View run restful-energy-8 at: https://wandb.ai/nreints/ThesisFinal2Gen/runs/2ktym3xe
wandb: Synced 7 W&B file(s), 0 media file(s), 4 artifact file(s) and 1 other file(s)
wandb: Find logs at: ./wandb/run-20230711_120903-2ktym3xe/logs
wandb: - Waiting for wandb.init()...wandb: \ Waiting for wandb.init()...wandb: wandb version 0.15.5 is available!  To upgrade, please run:
wandb:  $ pip install wandb --upgrade
wandb: Tracking run with wandb version 0.14.0
wandb: Run data is saved locally in /gpfs/home2/nreints/MScThesis/code/wandb/run-20230711_121537-n4atvvy9
wandb: Run `wandb offline` to turn off syncing.
wandb: Syncing run avid-paper-12
wandb: â­ï¸ View project at https://wandb.ai/nreints/ThesisFinal2Gen
wandb: ðŸš€ View run at https://wandb.ai/nreints/ThesisFinal2Gen/runs/n4atvvy9
Training on dataset: data_t(5,20)_r(5,20)_combi_pNone_gNone
Testing on 4 datasets: ['data_tennis_pNone_gNone_tennisEffect', 'data_t(5,20)_r(5,20)_combi_pNone_gNone', 'data_t(0,0)_r(0,0)_combi_pNone_gTrue', 'data_t(0,0)_r(0,0)_combi_pTrue_gTrue']
Focussing on identity: False
Using extra input: False
Using fr-fr as reference point.
----- ITERATION 1/10 ------
Number of train simulations:  1920
Number of test simulations:  480
The dataloader for data/data_t(5,20)_r(5,20)_combi_pNone_gNone took 52.35885453224182 seconds.
-- Finished Train Dataloader --
The dataloader for data/data_tennis_pNone_gNone_tennisEffect took 13.1306471824646 seconds.
The dataloader for data/data_t(5,20)_r(5,20)_combi_pNone_gNone took 12.954712867736816 seconds.
The dataloader for data/data_t(0,0)_r(0,0)_combi_pNone_gTrue took 12.933035373687744 seconds.
The dataloader for data/data_t(0,0)_r(0,0)_combi_pTrue_gTrue took 12.982553005218506 seconds.
-- Finished Test Dataloader(s) --
GRU(
  (rnn): GRU(24, 96, batch_first=True)
  (fc): Linear(in_features=96, out_features=24, bias=True)
)
Datatype: pos_diff_1
-- Started Training --
Epoch 0/9
	 Logging train Loss: 0.0001645798 [MSELoss(): t(5,20)_r(5,20)_combi_pNone_gNone]
	 Logging test loss: 0.0001771759 [MSELoss(): tennis_pNone_gNone_tennisEffect]
	 Logging test loss: 8.6758e-06 [MSELoss(): t(5,20)_r(5,20)_combi_pNone_gNone]
	 Logging test loss: 1.06411e-05 [MSELoss(): t(0,0)_r(0,0)_combi_pNone_gTrue]
	 Logging test loss: 9.5831e-06 [MSELoss(): t(0,0)_r(0,0)_combi_pTrue_gTrue]
		--> Epoch time; 28.551257133483887
Epoch 1/9
	 Logging train Loss: 7.2755e-06 [MSELoss(): t(5,20)_r(5,20)_combi_pNone_gNone]
	 Logging test loss: 0.0001248003 [MSELoss(): tennis_pNone_gNone_tennisEffect]
	 Logging test loss: 5.4982e-06 [MSELoss(): t(5,20)_r(5,20)_combi_pNone_gNone]
	 Logging test loss: 2.9279e-06 [MSELoss(): t(0,0)_r(0,0)_combi_pNone_gTrue]
	 Logging test loss: 2.6778e-06 [MSELoss(): t(0,0)_r(0,0)_combi_pTrue_gTrue]
		--> Epoch time; 27.136372566223145
Epoch 2/9
	 Logging train Loss: 4.6854e-06 [MSELoss(): t(5,20)_r(5,20)_combi_pNone_gNone]
	 Logging test loss: 6.51206e-05 [MSELoss(): tennis_pNone_gNone_tennisEffect]
	 Logging test loss: 3.0568e-06 [MSELoss(): t(5,20)_r(5,20)_combi_pNone_gNone]
	 Logging test loss: 1.4664e-06 [MSELoss(): t(0,0)_r(0,0)_combi_pNone_gTrue]
	 Logging test loss: 1.3365e-06 [MSELoss(): t(0,0)_r(0,0)_combi_pTrue_gTrue]
		--> Epoch time; 27.173677921295166
Epoch 3/9
	 Logging train Loss: 2.6761e-06 [MSELoss(): t(5,20)_r(5,20)_combi_pNone_gNone]
	 Logging test loss: 3.80838e-05 [MSELoss(): tennis_pNone_gNone_tennisEffect]
	 Logging test loss: 2.143e-06 [MSELoss(): t(5,20)_r(5,20)_combi_pNone_gNone]
	 Logging test loss: 1.0299e-06 [MSELoss(): t(0,0)_r(0,0)_combi_pNone_gTrue]
	 Logging test loss: 9.55e-07 [MSELoss(): t(0,0)_r(0,0)_combi_pTrue_gTrue]
		--> Epoch time; 27.175913333892822
Epoch 4/9
	 Logging train Loss: 2.1159e-06 [MSELoss(): t(5,20)_r(5,20)_combi_pNone_gNone]
	 Logging test loss: 3.41832e-05 [MSELoss(): tennis_pNone_gNone_tennisEffect]
	 Logging test loss: 1.802e-06 [MSELoss(): t(5,20)_r(5,20)_combi_pNone_gNone]
	 Logging test loss: 5.958e-07 [MSELoss(): t(0,0)_r(0,0)_combi_pNone_gTrue]
	 Logging test loss: 5.448e-07 [MSELoss(): t(0,0)_r(0,0)_combi_pTrue_gTrue]
		--> Epoch time; 27.187641859054565
Epoch 5/9
	 Logging train Loss: 1.9921e-06 [MSELoss(): t(5,20)_r(5,20)_combi_pNone_gNone]
	 Logging test loss: 3.28215e-05 [MSELoss(): tennis_pNone_gNone_tennisEffect]
	 Logging test loss: 1.7005e-06 [MSELoss(): t(5,20)_r(5,20)_combi_pNone_gNone]
	 Logging test loss: 4.918e-07 [MSELoss(): t(0,0)_r(0,0)_combi_pNone_gTrue]
	 Logging test loss: 4.445e-07 [MSELoss(): t(0,0)_r(0,0)_combi_pTrue_gTrue]
		--> Epoch time; 27.14480447769165
Epoch 6/9
	 Logging train Loss: 1.9343e-06 [MSELoss(): t(5,20)_r(5,20)_combi_pNone_gNone]
	 Logging test loss: 3.17419e-05 [MSELoss(): tennis_pNone_gNone_tennisEffect]
	 Logging test loss: 1.7145e-06 [MSELoss(): t(5,20)_r(5,20)_combi_pNone_gNone]
	 Logging test loss: 5.05e-07 [MSELoss(): t(0,0)_r(0,0)_combi_pNone_gTrue]
	 Logging test loss: 4.61e-07 [MSELoss(): t(0,0)_r(0,0)_combi_pTrue_gTrue]
		--> Epoch time; 27.115455389022827
Epoch 7/9
	 Logging train Loss: 1.8789e-06 [MSELoss(): t(5,20)_r(5,20)_combi_pNone_gNone]
	 Logging test loss: 3.10065e-05 [MSELoss(): tennis_pNone_gNone_tennisEffect]
	 Logging test loss: 1.752e-06 [MSELoss(): t(5,20)_r(5,20)_combi_pNone_gNone]
	 Logging test loss: 5.977e-07 [MSELoss(): t(0,0)_r(0,0)_combi_pNone_gTrue]
	 Logging test loss: 5.513e-07 [MSELoss(): t(0,0)_r(0,0)_combi_pTrue_gTrue]
		--> Epoch time; 27.187803268432617
Epoch 8/9
	 Logging train Loss: 1.8306e-06 [MSELoss(): t(5,20)_r(5,20)_combi_pNone_gNone]
	 Logging test loss: 3.05292e-05 [MSELoss(): tennis_pNone_gNone_tennisEffect]
	 Logging test loss: 1.6371e-06 [MSELoss(): t(5,20)_r(5,20)_combi_pNone_gNone]
	 Logging test loss: 4.774e-07 [MSELoss(): t(0,0)_r(0,0)_combi_pNone_gTrue]
	 Logging test loss: 4.352e-07 [MSELoss(): t(0,0)_r(0,0)_combi_pTrue_gTrue]
		--> Epoch time; 26.940250635147095
Epoch 9/9
	 Logging train Loss: 1.7859e-06 [MSELoss(): t(5,20)_r(5,20)_combi_pNone_gNone]
	 Logging test loss: 2.99717e-05 [MSELoss(): tennis_pNone_gNone_tennisEffect]
	 Logging test loss: 1.6727e-06 [MSELoss(): t(5,20)_r(5,20)_combi_pNone_gNone]
	 Logging test loss: 5.24e-07 [MSELoss(): t(0,0)_r(0,0)_combi_pNone_gTrue]
	 Logging test loss: 4.796e-07 [MSELoss(): t(0,0)_r(0,0)_combi_pTrue_gTrue]
		--> Epoch time; 27.0759699344635
Saved model in  trained_models/gru/data_t(5,20)_r(5,20)_combi_pNone_gNone/'pos_diff_1'_'False'.pth
It took  395.50793957710266  seconds.
----- ITERATION 2/10 ------
Number of train simulations:  1920
Number of test simulations:  480
The dataloader for data/data_t(5,20)_r(5,20)_combi_pNone_gNone took 50.74731469154358 seconds.
-- Finished Train Dataloader --
The dataloader for data/data_tennis_pNone_gNone_tennisEffect took 13.20071530342102 seconds.
The dataloader for data/data_t(5,20)_r(5,20)_combi_pNone_gNone took 12.73395299911499 seconds.
The dataloader for data/data_t(0,0)_r(0,0)_combi_pNone_gTrue took 12.88552212715149 seconds.
The dataloader for data/data_t(0,0)_r(0,0)_combi_pTrue_gTrue took 12.893501281738281 seconds.
-- Finished Test Dataloader(s) --
GRU(
  (rnn): GRU(24, 96, batch_first=True)
  (fc): Linear(in_features=96, out_features=24, bias=True)
)
Datatype: pos_diff_1
-- Started Training --
Epoch 0/9
	 Logging train Loss: 0.0001677088 [MSELoss(): t(5,20)_r(5,20)_combi_pNone_gNone]
	 Logging test loss: 0.0001801073 [MSELoss(): tennis_pNone_gNone_tennisEffect]
	 Logging test loss: 8.7156e-06 [MSELoss(): t(5,20)_r(5,20)_combi_pNone_gNone]
	 Logging test loss: 1.03696e-05 [MSELoss(): t(0,0)_r(0,0)_combi_pNone_gTrue]
	 Logging test loss: 9.3147e-06 [MSELoss(): t(0,0)_r(0,0)_combi_pTrue_gTrue]
		--> Epoch time; 27.86901044845581
Epoch 1/9
	 Logging train Loss: 7.4096e-06 [MSELoss(): t(5,20)_r(5,20)_combi_pNone_gNone]
	 Logging test loss: 0.0001260932 [MSELoss(): tennis_pNone_gNone_tennisEffect]
	 Logging test loss: 5.1664e-06 [MSELoss(): t(5,20)_r(5,20)_combi_pNone_gNone]
	 Logging test loss: 2.5502e-06 [MSELoss(): t(0,0)_r(0,0)_combi_pNone_gTrue]
	 Logging test loss: 2.3294e-06 [MSELoss(): t(0,0)_r(0,0)_combi_pTrue_gTrue]
		--> Epoch time; 27.27582335472107
Epoch 2/9
	 Logging train Loss: 5.0048e-06 [MSELoss(): t(5,20)_r(5,20)_combi_pNone_gNone]
	 Logging test loss: 7.37527e-05 [MSELoss(): tennis_pNone_gNone_tennisEffect]
	 Logging test loss: 3.2114e-06 [MSELoss(): t(5,20)_r(5,20)_combi_pNone_gNone]
	 Logging test loss: 1.4101e-06 [MSELoss(): t(0,0)_r(0,0)_combi_pNone_gTrue]
	 Logging test loss: 1.292e-06 [MSELoss(): t(0,0)_r(0,0)_combi_pTrue_gTrue]
		--> Epoch time; 27.07583713531494
Epoch 3/9
	 Logging train Loss: 2.9028e-06 [MSELoss(): t(5,20)_r(5,20)_combi_pNone_gNone]
	 Logging test loss: 3.95701e-05 [MSELoss(): tennis_pNone_gNone_tennisEffect]
	 Logging test loss: 3.1492e-06 [MSELoss(): t(5,20)_r(5,20)_combi_pNone_gNone]
	 Logging test loss: 1.8169e-06 [MSELoss(): t(0,0)_r(0,0)_combi_pNone_gTrue]
	 Logging test loss: 1.7387e-06 [MSELoss(): t(0,0)_r(0,0)_combi_pTrue_gTrue]
		--> Epoch time; 27.205723762512207
Epoch 4/9
wandb: Waiting for W&B process to finish... (success).
wandb: 
wandb: Run history:
wandb:                                       Epoch â–â–‚â–ƒâ–ƒâ–„â–…â–†â–†â–‡â–ˆ
wandb:   Test loss t(0,0)_r(0,0)_combi_pNone_gTrue â–ˆâ–‚â–‚â–‚â–â–â–â–â–â–
wandb:   Test loss t(0,0)_r(0,0)_combi_pTrue_gTrue â–ˆâ–‚â–‚â–‚â–â–â–â–â–â–
wandb: Test loss t(5,20)_r(5,20)_combi_pNone_gNone â–ˆâ–…â–ƒâ–ƒâ–â–â–â–â–â–
wandb:   Test loss tennis_pNone_gNone_tennisEffect â–ˆâ–…â–ƒâ–â–â–â–â–â–â–
wandb:                                  Train loss â–ˆâ–â–â–â–â–â–â–â–â–
wandb: 
wandb: Run summary:
wandb:                                       Epoch 9
wandb:   Test loss t(0,0)_r(0,0)_combi_pNone_gTrue 0.0
wandb:   Test loss t(0,0)_r(0,0)_combi_pTrue_gTrue 0.0
wandb: Test loss t(5,20)_r(5,20)_combi_pNone_gNone 0.0
wandb:   Test loss tennis_pNone_gNone_tennisEffect 3e-05
wandb:                                  Train loss 0.0
wandb: 
wandb: ðŸš€ View run avid-paper-12 at: https://wandb.ai/nreints/ThesisFinal2Gen/runs/n4atvvy9
wandb: Synced 7 W&B file(s), 0 media file(s), 4 artifact file(s) and 1 other file(s)
wandb: Find logs at: ./wandb/run-20230711_121537-n4atvvy9/logs
wandb: - Waiting for wandb.init()...wandb: \ Waiting for wandb.init()...wandb: wandb version 0.15.5 is available!  To upgrade, please run:
wandb:  $ pip install wandb --upgrade
wandb: Tracking run with wandb version 0.14.0
wandb: Run data is saved locally in /gpfs/home2/nreints/MScThesis/code/wandb/run-20230711_122204-ln8ghrwo
wandb: Run `wandb offline` to turn off syncing.
wandb: Syncing run iconic-universe-23
wandb: â­ï¸ View project at https://wandb.ai/nreints/ThesisFinal2Gen
wandb: ðŸš€ View run at https://wandb.ai/nreints/ThesisFinal2Gen/runs/ln8ghrwo
wandb: Waiting for W&B process to finish... (success).
wandb: 
wandb: Run history:
wandb:                                       Epoch â–â–‚â–ƒâ–ƒâ–„â–…â–†â–†â–‡â–ˆ
wandb:   Test loss t(0,0)_r(0,0)_combi_pNone_gTrue â–ˆâ–ƒâ–‚â–â–â–â–â–â–â–
wandb:   Test loss t(0,0)_r(0,0)_combi_pTrue_gTrue â–ˆâ–ƒâ–‚â–â–â–â–â–â–â–
wandb: Test loss t(5,20)_r(5,20)_combi_pNone_gNone â–ˆâ–…â–ƒâ–‚â–â–â–â–â–â–
wandb:   Test loss tennis_pNone_gNone_tennisEffect â–ˆâ–†â–ƒâ–â–â–â–â–â–â–
wandb:                                  Train loss â–ˆâ–â–â–â–â–â–â–â–â–
wandb: 
wandb: Run summary:
wandb:                                       Epoch 9
wandb:   Test loss t(0,0)_r(0,0)_combi_pNone_gTrue 0.0
wandb:   Test loss t(0,0)_r(0,0)_combi_pTrue_gTrue 0.0
wandb: Test loss t(5,20)_r(5,20)_combi_pNone_gNone 0.0
wandb:   Test loss tennis_pNone_gNone_tennisEffect 3e-05
wandb:                                  Train loss 0.0
wandb: 
wandb: ðŸš€ View run iconic-universe-23 at: https://wandb.ai/nreints/ThesisFinal2Gen/runs/ln8ghrwo
wandb: Synced 7 W&B file(s), 0 media file(s), 4 artifact file(s) and 1 other file(s)
wandb: Find logs at: ./wandb/run-20230711_122204-ln8ghrwo/logs
wandb: - Waiting for wandb.init()...wandb: \ Waiting for wandb.init()...wandb: wandb version 0.15.5 is available!  To upgrade, please run:
wandb:  $ pip install wandb --upgrade
wandb: Tracking run with wandb version 0.14.0
wandb: Run data is saved locally in /gpfs/home2/nreints/MScThesis/code/wandb/run-20230711_122832-rm5ypa3z
wandb: Run `wandb offline` to turn off syncing.
wandb: Syncing run fast-frost-31
wandb: â­ï¸ View project at https://wandb.ai/nreints/ThesisFinal2Gen
wandb: ðŸš€ View run at https://wandb.ai/nreints/ThesisFinal2Gen/runs/rm5ypa3z
	 Logging train Loss: 2.1268e-06 [MSELoss(): t(5,20)_r(5,20)_combi_pNone_gNone]
	 Logging test loss: 3.3508e-05 [MSELoss(): tennis_pNone_gNone_tennisEffect]
	 Logging test loss: 1.7725e-06 [MSELoss(): t(5,20)_r(5,20)_combi_pNone_gNone]
	 Logging test loss: 5.626e-07 [MSELoss(): t(0,0)_r(0,0)_combi_pNone_gTrue]
	 Logging test loss: 5.167e-07 [MSELoss(): t(0,0)_r(0,0)_combi_pTrue_gTrue]
		--> Epoch time; 27.119665384292603
Epoch 5/9
	 Logging train Loss: 1.9831e-06 [MSELoss(): t(5,20)_r(5,20)_combi_pNone_gNone]
	 Logging test loss: 3.19102e-05 [MSELoss(): tennis_pNone_gNone_tennisEffect]
	 Logging test loss: 1.7082e-06 [MSELoss(): t(5,20)_r(5,20)_combi_pNone_gNone]
	 Logging test loss: 4.947e-07 [MSELoss(): t(0,0)_r(0,0)_combi_pNone_gTrue]
	 Logging test loss: 4.573e-07 [MSELoss(): t(0,0)_r(0,0)_combi_pTrue_gTrue]
		--> Epoch time; 27.175686359405518
Epoch 6/9
	 Logging train Loss: 1.9166e-06 [MSELoss(): t(5,20)_r(5,20)_combi_pNone_gNone]
	 Logging test loss: 3.10874e-05 [MSELoss(): tennis_pNone_gNone_tennisEffect]
	 Logging test loss: 1.8211e-06 [MSELoss(): t(5,20)_r(5,20)_combi_pNone_gNone]
	 Logging test loss: 4.974e-07 [MSELoss(): t(0,0)_r(0,0)_combi_pNone_gTrue]
	 Logging test loss: 4.668e-07 [MSELoss(): t(0,0)_r(0,0)_combi_pTrue_gTrue]
		--> Epoch time; 27.23208475112915
Epoch 7/9
	 Logging train Loss: 1.8604e-06 [MSELoss(): t(5,20)_r(5,20)_combi_pNone_gNone]
	 Logging test loss: 3.0723e-05 [MSELoss(): tennis_pNone_gNone_tennisEffect]
	 Logging test loss: 1.7487e-06 [MSELoss(): t(5,20)_r(5,20)_combi_pNone_gNone]
	 Logging test loss: 5.534e-07 [MSELoss(): t(0,0)_r(0,0)_combi_pNone_gTrue]
	 Logging test loss: 5.151e-07 [MSELoss(): t(0,0)_r(0,0)_combi_pTrue_gTrue]
		--> Epoch time; 27.17850399017334
Epoch 8/9
	 Logging train Loss: 1.8153e-06 [MSELoss(): t(5,20)_r(5,20)_combi_pNone_gNone]
	 Logging test loss: 2.99363e-05 [MSELoss(): tennis_pNone_gNone_tennisEffect]
	 Logging test loss: 1.5651e-06 [MSELoss(): t(5,20)_r(5,20)_combi_pNone_gNone]
	 Logging test loss: 4.721e-07 [MSELoss(): t(0,0)_r(0,0)_combi_pNone_gTrue]
	 Logging test loss: 4.34e-07 [MSELoss(): t(0,0)_r(0,0)_combi_pTrue_gTrue]
		--> Epoch time; 27.183146953582764
Epoch 9/9
	 Logging train Loss: 1.7675e-06 [MSELoss(): t(5,20)_r(5,20)_combi_pNone_gNone]
	 Logging test loss: 2.94144e-05 [MSELoss(): tennis_pNone_gNone_tennisEffect]
	 Logging test loss: 1.562e-06 [MSELoss(): t(5,20)_r(5,20)_combi_pNone_gNone]
	 Logging test loss: 6.183e-07 [MSELoss(): t(0,0)_r(0,0)_combi_pNone_gTrue]
	 Logging test loss: 5.696e-07 [MSELoss(): t(0,0)_r(0,0)_combi_pTrue_gTrue]
		--> Epoch time; 27.41955828666687
Saved model in  trained_models/gru/data_t(5,20)_r(5,20)_combi_pNone_gNone/'pos_diff_1'_'False'.pth
It took  386.54952025413513  seconds.
----- ITERATION 3/10 ------
Number of train simulations:  1920
Number of test simulations:  480
The dataloader for data/data_t(5,20)_r(5,20)_combi_pNone_gNone took 48.94055485725403 seconds.
-- Finished Train Dataloader --
The dataloader for data/data_tennis_pNone_gNone_tennisEffect took 13.115784645080566 seconds.
The dataloader for data/data_t(5,20)_r(5,20)_combi_pNone_gNone took 12.486269235610962 seconds.
The dataloader for data/data_t(0,0)_r(0,0)_combi_pNone_gTrue took 13.157974004745483 seconds.
The dataloader for data/data_t(0,0)_r(0,0)_combi_pTrue_gTrue took 13.094469785690308 seconds.
-- Finished Test Dataloader(s) --
GRU(
  (rnn): GRU(24, 96, batch_first=True)
  (fc): Linear(in_features=96, out_features=24, bias=True)
)
Datatype: pos_diff_1
-- Started Training --
Epoch 0/9
	 Logging train Loss: 0.0001685552 [MSELoss(): t(5,20)_r(5,20)_combi_pNone_gNone]
	 Logging test loss: 0.0001896949 [MSELoss(): tennis_pNone_gNone_tennisEffect]
	 Logging test loss: 9.2503e-06 [MSELoss(): t(5,20)_r(5,20)_combi_pNone_gNone]
	 Logging test loss: 1.05764e-05 [MSELoss(): t(0,0)_r(0,0)_combi_pNone_gTrue]
	 Logging test loss: 9.2948e-06 [MSELoss(): t(0,0)_r(0,0)_combi_pTrue_gTrue]
		--> Epoch time; 27.0905601978302
Epoch 1/9
	 Logging train Loss: 7.2317e-06 [MSELoss(): t(5,20)_r(5,20)_combi_pNone_gNone]
	 Logging test loss: 0.0001364882 [MSELoss(): tennis_pNone_gNone_tennisEffect]
	 Logging test loss: 5.7249e-06 [MSELoss(): t(5,20)_r(5,20)_combi_pNone_gNone]
	 Logging test loss: 2.8078e-06 [MSELoss(): t(0,0)_r(0,0)_combi_pNone_gTrue]
	 Logging test loss: 2.4632e-06 [MSELoss(): t(0,0)_r(0,0)_combi_pTrue_gTrue]
		--> Epoch time; 27.204067707061768
Epoch 2/9
	 Logging train Loss: 4.9203e-06 [MSELoss(): t(5,20)_r(5,20)_combi_pNone_gNone]
	 Logging test loss: 8.24331e-05 [MSELoss(): tennis_pNone_gNone_tennisEffect]
	 Logging test loss: 3.8313e-06 [MSELoss(): t(5,20)_r(5,20)_combi_pNone_gNone]
	 Logging test loss: 1.6657e-06 [MSELoss(): t(0,0)_r(0,0)_combi_pNone_gTrue]
	 Logging test loss: 1.5032e-06 [MSELoss(): t(0,0)_r(0,0)_combi_pTrue_gTrue]
		--> Epoch time; 27.3113694190979
Epoch 3/9
	 Logging train Loss: 2.9464e-06 [MSELoss(): t(5,20)_r(5,20)_combi_pNone_gNone]
	 Logging test loss: 4.24561e-05 [MSELoss(): tennis_pNone_gNone_tennisEffect]
	 Logging test loss: 2.2278e-06 [MSELoss(): t(5,20)_r(5,20)_combi_pNone_gNone]
	 Logging test loss: 9.361e-07 [MSELoss(): t(0,0)_r(0,0)_combi_pNone_gTrue]
	 Logging test loss: 8.512e-07 [MSELoss(): t(0,0)_r(0,0)_combi_pTrue_gTrue]
		--> Epoch time; 27.209033489227295
Epoch 4/9
	 Logging train Loss: 2.1232e-06 [MSELoss(): t(5,20)_r(5,20)_combi_pNone_gNone]
	 Logging test loss: 3.64611e-05 [MSELoss(): tennis_pNone_gNone_tennisEffect]
	 Logging test loss: 1.8786e-06 [MSELoss(): t(5,20)_r(5,20)_combi_pNone_gNone]
	 Logging test loss: 5.622e-07 [MSELoss(): t(0,0)_r(0,0)_combi_pNone_gTrue]
	 Logging test loss: 5.142e-07 [MSELoss(): t(0,0)_r(0,0)_combi_pTrue_gTrue]
		--> Epoch time; 27.107736349105835
Epoch 5/9
	 Logging train Loss: 1.9544e-06 [MSELoss(): t(5,20)_r(5,20)_combi_pNone_gNone]
	 Logging test loss: 3.50873e-05 [MSELoss(): tennis_pNone_gNone_tennisEffect]
	 Logging test loss: 1.9536e-06 [MSELoss(): t(5,20)_r(5,20)_combi_pNone_gNone]
	 Logging test loss: 6.121e-07 [MSELoss(): t(0,0)_r(0,0)_combi_pNone_gTrue]
	 Logging test loss: 5.642e-07 [MSELoss(): t(0,0)_r(0,0)_combi_pTrue_gTrue]
		--> Epoch time; 27.217674732208252
Epoch 6/9
	 Logging train Loss: 1.8882e-06 [MSELoss(): t(5,20)_r(5,20)_combi_pNone_gNone]
	 Logging test loss: 3.41044e-05 [MSELoss(): tennis_pNone_gNone_tennisEffect]
	 Logging test loss: 1.7491e-06 [MSELoss(): t(5,20)_r(5,20)_combi_pNone_gNone]
	 Logging test loss: 4.457e-07 [MSELoss(): t(0,0)_r(0,0)_combi_pNone_gTrue]
	 Logging test loss: 4.067e-07 [MSELoss(): t(0,0)_r(0,0)_combi_pTrue_gTrue]
		--> Epoch time; 27.390613555908203
Epoch 7/9
	 Logging train Loss: 1.8334e-06 [MSELoss(): t(5,20)_r(5,20)_combi_pNone_gNone]
	 Logging test loss: 3.34992e-05 [MSELoss(): tennis_pNone_gNone_tennisEffect]
	 Logging test loss: 1.7165e-06 [MSELoss(): t(5,20)_r(5,20)_combi_pNone_gNone]
	 Logging test loss: 4.431e-07 [MSELoss(): t(0,0)_r(0,0)_combi_pNone_gTrue]
	 Logging test loss: 4.019e-07 [MSELoss(): t(0,0)_r(0,0)_combi_pTrue_gTrue]
		--> Epoch time; 27.26132583618164
Epoch 8/9
	 Logging train Loss: 1.787e-06 [MSELoss(): t(5,20)_r(5,20)_combi_pNone_gNone]
	 Logging test loss: 3.31738e-05 [MSELoss(): tennis_pNone_gNone_tennisEffect]
	 Logging test loss: 1.8093e-06 [MSELoss(): t(5,20)_r(5,20)_combi_pNone_gNone]
	 Logging test loss: 5.566e-07 [MSELoss(): t(0,0)_r(0,0)_combi_pNone_gTrue]
	 Logging test loss: 5.136e-07 [MSELoss(): t(0,0)_r(0,0)_combi_pTrue_gTrue]
		--> Epoch time; 27.217576503753662
Epoch 9/9
	 Logging train Loss: 1.7435e-06 [MSELoss(): t(5,20)_r(5,20)_combi_pNone_gNone]
	 Logging test loss: 3.2139e-05 [MSELoss(): tennis_pNone_gNone_tennisEffect]
	 Logging test loss: 1.6394e-06 [MSELoss(): t(5,20)_r(5,20)_combi_pNone_gNone]
	 Logging test loss: 4.586e-07 [MSELoss(): t(0,0)_r(0,0)_combi_pNone_gTrue]
	 Logging test loss: 4.125e-07 [MSELoss(): t(0,0)_r(0,0)_combi_pTrue_gTrue]
		--> Epoch time; 27.40343737602234
Saved model in  trained_models/gru/data_t(5,20)_r(5,20)_combi_pNone_gNone/'pos_diff_1'_'False'.pth
It took  388.00024795532227  seconds.
----- ITERATION 4/10 ------
Number of train simulations:  1920
Number of test simulations:  480
wandb: Waiting for W&B process to finish... (success).
wandb: 
wandb: Run history:
wandb:                                       Epoch â–â–‚â–ƒâ–ƒâ–„â–…â–†â–†â–‡â–ˆ
wandb:   Test loss t(0,0)_r(0,0)_combi_pNone_gTrue â–ˆâ–ƒâ–‚â–‚â–â–â–â–â–â–
wandb:   Test loss t(0,0)_r(0,0)_combi_pTrue_gTrue â–ˆâ–ƒâ–‚â–‚â–â–â–â–â–â–
wandb: Test loss t(5,20)_r(5,20)_combi_pNone_gNone â–ˆâ–…â–„â–‚â–‚â–â–â–â–â–
wandb:   Test loss tennis_pNone_gNone_tennisEffect â–ˆâ–†â–„â–‚â–â–â–â–â–â–
wandb:                                  Train loss â–ˆâ–â–â–â–â–â–â–â–â–
wandb: 
wandb: Run summary:
wandb:                                       Epoch 9
wandb:   Test loss t(0,0)_r(0,0)_combi_pNone_gTrue 0.0
wandb:   Test loss t(0,0)_r(0,0)_combi_pTrue_gTrue 0.0
wandb: Test loss t(5,20)_r(5,20)_combi_pNone_gNone 0.0
wandb:   Test loss tennis_pNone_gNone_tennisEffect 3e-05
wandb:                                  Train loss 0.0
wandb: 
wandb: ðŸš€ View run fast-frost-31 at: https://wandb.ai/nreints/ThesisFinal2Gen/runs/rm5ypa3z
wandb: Synced 7 W&B file(s), 0 media file(s), 4 artifact file(s) and 1 other file(s)
wandb: Find logs at: ./wandb/run-20230711_122832-rm5ypa3z/logs
wandb: - Waiting for wandb.init()...wandb: \ Waiting for wandb.init()...wandb: wandb version 0.15.5 is available!  To upgrade, please run:
wandb:  $ pip install wandb --upgrade
wandb: Tracking run with wandb version 0.14.0
wandb: Run data is saved locally in /gpfs/home2/nreints/MScThesis/code/wandb/run-20230711_123458-jenzy086
wandb: Run `wandb offline` to turn off syncing.
wandb: Syncing run genial-silence-41
wandb: â­ï¸ View project at https://wandb.ai/nreints/ThesisFinal2Gen
wandb: ðŸš€ View run at https://wandb.ai/nreints/ThesisFinal2Gen/runs/jenzy086
The dataloader for data/data_t(5,20)_r(5,20)_combi_pNone_gNone took 48.9424364566803 seconds.
-- Finished Train Dataloader --
The dataloader for data/data_tennis_pNone_gNone_tennisEffect took 12.946807622909546 seconds.
The dataloader for data/data_t(5,20)_r(5,20)_combi_pNone_gNone took 12.420771360397339 seconds.
The dataloader for data/data_t(0,0)_r(0,0)_combi_pNone_gTrue took 13.020502805709839 seconds.
The dataloader for data/data_t(0,0)_r(0,0)_combi_pTrue_gTrue took 13.054229974746704 seconds.
-- Finished Test Dataloader(s) --
GRU(
  (rnn): GRU(24, 96, batch_first=True)
  (fc): Linear(in_features=96, out_features=24, bias=True)
)
Datatype: pos_diff_1
-- Started Training --
Epoch 0/9
	 Logging train Loss: 0.0001798297 [MSELoss(): t(5,20)_r(5,20)_combi_pNone_gNone]
	 Logging test loss: 0.0001826665 [MSELoss(): tennis_pNone_gNone_tennisEffect]
	 Logging test loss: 9.2092e-06 [MSELoss(): t(5,20)_r(5,20)_combi_pNone_gNone]
	 Logging test loss: 1.21528e-05 [MSELoss(): t(0,0)_r(0,0)_combi_pNone_gTrue]
	 Logging test loss: 1.06787e-05 [MSELoss(): t(0,0)_r(0,0)_combi_pTrue_gTrue]
		--> Epoch time; 27.180225372314453
Epoch 1/9
	 Logging train Loss: 7.4299e-06 [MSELoss(): t(5,20)_r(5,20)_combi_pNone_gNone]
	 Logging test loss: 0.0001352637 [MSELoss(): tennis_pNone_gNone_tennisEffect]
	 Logging test loss: 5.8999e-06 [MSELoss(): t(5,20)_r(5,20)_combi_pNone_gNone]
	 Logging test loss: 2.9654e-06 [MSELoss(): t(0,0)_r(0,0)_combi_pNone_gTrue]
	 Logging test loss: 2.6341e-06 [MSELoss(): t(0,0)_r(0,0)_combi_pTrue_gTrue]
		--> Epoch time; 26.99718713760376
Epoch 2/9
	 Logging train Loss: 5.3951e-06 [MSELoss(): t(5,20)_r(5,20)_combi_pNone_gNone]
	 Logging test loss: 9.47591e-05 [MSELoss(): tennis_pNone_gNone_tennisEffect]
	 Logging test loss: 4.5893e-06 [MSELoss(): t(5,20)_r(5,20)_combi_pNone_gNone]
	 Logging test loss: 1.9029e-06 [MSELoss(): t(0,0)_r(0,0)_combi_pNone_gTrue]
	 Logging test loss: 1.7396e-06 [MSELoss(): t(0,0)_r(0,0)_combi_pTrue_gTrue]
		--> Epoch time; 27.245344638824463
Epoch 3/9
	 Logging train Loss: 3.6777e-06 [MSELoss(): t(5,20)_r(5,20)_combi_pNone_gNone]
	 Logging test loss: 5.34002e-05 [MSELoss(): tennis_pNone_gNone_tennisEffect]
	 Logging test loss: 2.7345e-06 [MSELoss(): t(5,20)_r(5,20)_combi_pNone_gNone]
	 Logging test loss: 1.3603e-06 [MSELoss(): t(0,0)_r(0,0)_combi_pNone_gTrue]
	 Logging test loss: 1.2345e-06 [MSELoss(): t(0,0)_r(0,0)_combi_pTrue_gTrue]
		--> Epoch time; 27.55635666847229
Epoch 4/9
	 Logging train Loss: 2.3906e-06 [MSELoss(): t(5,20)_r(5,20)_combi_pNone_gNone]
	 Logging test loss: 3.78e-05 [MSELoss(): tennis_pNone_gNone_tennisEffect]
	 Logging test loss: 2.2509e-06 [MSELoss(): t(5,20)_r(5,20)_combi_pNone_gNone]
	 Logging test loss: 8.899e-07 [MSELoss(): t(0,0)_r(0,0)_combi_pNone_gTrue]
	 Logging test loss: 8.41e-07 [MSELoss(): t(0,0)_r(0,0)_combi_pTrue_gTrue]
		--> Epoch time; 27.132222652435303
Epoch 5/9
	 Logging train Loss: 2.0353e-06 [MSELoss(): t(5,20)_r(5,20)_combi_pNone_gNone]
	 Logging test loss: 3.45698e-05 [MSELoss(): tennis_pNone_gNone_tennisEffect]
	 Logging test loss: 1.8472e-06 [MSELoss(): t(5,20)_r(5,20)_combi_pNone_gNone]
	 Logging test loss: 5.444e-07 [MSELoss(): t(0,0)_r(0,0)_combi_pNone_gTrue]
	 Logging test loss: 5.034e-07 [MSELoss(): t(0,0)_r(0,0)_combi_pTrue_gTrue]
		--> Epoch time; 27.677747011184692
Epoch 6/9
	 Logging train Loss: 1.9319e-06 [MSELoss(): t(5,20)_r(5,20)_combi_pNone_gNone]
	 Logging test loss: 3.32438e-05 [MSELoss(): tennis_pNone_gNone_tennisEffect]
	 Logging test loss: 1.7198e-06 [MSELoss(): t(5,20)_r(5,20)_combi_pNone_gNone]
	 Logging test loss: 4.31e-07 [MSELoss(): t(0,0)_r(0,0)_combi_pNone_gTrue]
	 Logging test loss: 3.98e-07 [MSELoss(): t(0,0)_r(0,0)_combi_pTrue_gTrue]
		--> Epoch time; 27.696015119552612
Epoch 7/9
	 Logging train Loss: 1.8644e-06 [MSELoss(): t(5,20)_r(5,20)_combi_pNone_gNone]
	 Logging test loss: 3.24468e-05 [MSELoss(): tennis_pNone_gNone_tennisEffect]
	 Logging test loss: 1.7094e-06 [MSELoss(): t(5,20)_r(5,20)_combi_pNone_gNone]
	 Logging test loss: 4.512e-07 [MSELoss(): t(0,0)_r(0,0)_combi_pNone_gTrue]
	 Logging test loss: 4.145e-07 [MSELoss(): t(0,0)_r(0,0)_combi_pTrue_gTrue]
		--> Epoch time; 27.47498345375061
Epoch 8/9
	 Logging train Loss: 1.8209e-06 [MSELoss(): t(5,20)_r(5,20)_combi_pNone_gNone]
	 Logging test loss: 3.19941e-05 [MSELoss(): tennis_pNone_gNone_tennisEffect]
	 Logging test loss: 1.6611e-06 [MSELoss(): t(5,20)_r(5,20)_combi_pNone_gNone]
	 Logging test loss: 4.308e-07 [MSELoss(): t(0,0)_r(0,0)_combi_pNone_gTrue]
	 Logging test loss: 3.962e-07 [MSELoss(): t(0,0)_r(0,0)_combi_pTrue_gTrue]
		--> Epoch time; 27.417579889297485
Epoch 9/9
	 Logging train Loss: 1.777e-06 [MSELoss(): t(5,20)_r(5,20)_combi_pNone_gNone]
	 Logging test loss: 3.17402e-05 [MSELoss(): tennis_pNone_gNone_tennisEffect]
	 Logging test loss: 1.6661e-06 [MSELoss(): t(5,20)_r(5,20)_combi_pNone_gNone]
	 Logging test loss: 4.425e-07 [MSELoss(): t(0,0)_r(0,0)_combi_pNone_gTrue]
	 Logging test loss: 4.062e-07 [MSELoss(): t(0,0)_r(0,0)_combi_pTrue_gTrue]
		--> Epoch time; 27.38885474205017
Saved model in  trained_models/gru/data_t(5,20)_r(5,20)_combi_pNone_gNone/'pos_diff_1'_'False'.pth
It took  386.0687110424042  seconds.
----- ITERATION 5/10 ------
Number of train simulations:  1920
Number of test simulations:  480
The dataloader for data/data_t(5,20)_r(5,20)_combi_pNone_gNone took 49.118223905563354 seconds.
-- Finished Train Dataloader --
The dataloader for data/data_tennis_pNone_gNone_tennisEffect took 12.936388969421387 seconds.
The dataloader for data/data_t(5,20)_r(5,20)_combi_pNone_gNone took 12.389773845672607 seconds.
The dataloader for data/data_t(0,0)_r(0,0)_combi_pNone_gTrue took 12.991457462310791 seconds.
The dataloader for data/data_t(0,0)_r(0,0)_combi_pTrue_gTrue took 13.064372777938843 seconds.
-- Finished Test Dataloader(s) --
GRU(
  (rnn): GRU(24, 96, batch_first=True)
  (fc): Linear(in_features=96, out_features=24, bias=True)
)
Datatype: pos_diff_1
-- Started Training --
Epoch 0/9
	 Logging train Loss: 0.0001725915 [MSELoss(): t(5,20)_r(5,20)_combi_pNone_gNone]
	 Logging test loss: 0.0001723719 [MSELoss(): tennis_pNone_gNone_tennisEffect]
	 Logging test loss: 9.7447e-06 [MSELoss(): t(5,20)_r(5,20)_combi_pNone_gNone]
	 Logging test loss: 1.07539e-05 [MSELoss(): t(0,0)_r(0,0)_combi_pNone_gTrue]
	 Logging test loss: 9.3778e-06 [MSELoss(): t(0,0)_r(0,0)_combi_pTrue_gTrue]
		--> Epoch time; 27.38481092453003
Epoch 1/9
	 Logging train Loss: 7.3513e-06 [MSELoss(): t(5,20)_r(5,20)_combi_pNone_gNone]
	 Logging test loss: 0.0001270867 [MSELoss(): tennis_pNone_gNone_tennisEffect]
	 Logging test loss: 6.5986e-06 [MSELoss(): t(5,20)_r(5,20)_combi_pNone_gNone]
	 Logging test loss: 2.9257e-06 [MSELoss(): t(0,0)_r(0,0)_combi_pNone_gTrue]
	 Logging test loss: 2.618e-06 [MSELoss(): t(0,0)_r(0,0)_combi_pTrue_gTrue]
		--> Epoch time; 27.03124237060547
Epoch 2/9
	 Logging train Loss: 5.1687e-06 [MSELoss(): t(5,20)_r(5,20)_combi_pNone_gNone]
	 Logging test loss: 8.33601e-05 [MSELoss(): tennis_pNone_gNone_tennisEffect]
	 Logging test loss: 4.4139e-06 [MSELoss(): t(5,20)_r(5,20)_combi_pNone_gNone]
	 Logging test loss: 1.4877e-06 [MSELoss(): t(0,0)_r(0,0)_combi_pNone_gTrue]
	 Logging test loss: 1.358e-06 [MSELoss(): t(0,0)_r(0,0)_combi_pTrue_gTrue]
		--> Epoch time; 27.36118745803833
Epoch 3/9
	 Logging train Loss: 3.2445e-06 [MSELoss(): t(5,20)_r(5,20)_combi_pNone_gNone]
	 Logging test loss: 4.31087e-05 [MSELoss(): tennis_pNone_gNone_tennisEffect]
	 Logging test loss: 2.4787e-06 [MSELoss(): t(5,20)_r(5,20)_combi_pNone_gNone]
	 Logging test loss: 7.971e-07 [MSELoss(): t(0,0)_r(0,0)_combi_pNone_gTrue]
	 Logging test loss: 7.401e-07 [MSELoss(): t(0,0)_r(0,0)_combi_pTrue_gTrue]
		--> Epoch time; 27.168997526168823
Epoch 4/9
	 Logging train Loss: 2.1921e-06 [MSELoss(): t(5,20)_r(5,20)_combi_pNone_gNone]
	 Logging test loss: 3.38999e-05 [MSELoss(): tennis_pNone_gNone_tennisEffect]
	 Logging test loss: 2.129e-06 [MSELoss(): t(5,20)_r(5,20)_combi_pNone_gNone]
	 Logging test loss: 6.001e-07 [MSELoss(): t(0,0)_r(0,0)_combi_pNone_gTrue]
	 Logging test loss: 5.692e-07 [MSELoss(): t(0,0)_r(0,0)_combi_pTrue_gTrue]
		--> Epoch time; 27.38246512413025
Epoch 5/9
wandb: Waiting for W&B process to finish... (success).
wandb: 
wandb: Run history:
wandb:                                       Epoch â–â–‚â–ƒâ–ƒâ–„â–…â–†â–†â–‡â–ˆ
wandb:   Test loss t(0,0)_r(0,0)_combi_pNone_gTrue â–ˆâ–ƒâ–‚â–â–â–â–â–â–â–
wandb:   Test loss t(0,0)_r(0,0)_combi_pTrue_gTrue â–ˆâ–ƒâ–‚â–â–â–â–â–â–â–
wandb: Test loss t(5,20)_r(5,20)_combi_pNone_gNone â–ˆâ–…â–ƒâ–‚â–â–â–â–â–â–
wandb:   Test loss tennis_pNone_gNone_tennisEffect â–ˆâ–†â–„â–‚â–â–â–â–â–â–
wandb:                                  Train loss â–ˆâ–â–â–â–â–â–â–â–â–
wandb: 
wandb: Run summary:
wandb:                                       Epoch 9
wandb:   Test loss t(0,0)_r(0,0)_combi_pNone_gTrue 0.0
wandb:   Test loss t(0,0)_r(0,0)_combi_pTrue_gTrue 0.0
wandb: Test loss t(5,20)_r(5,20)_combi_pNone_gNone 0.0
wandb:   Test loss tennis_pNone_gNone_tennisEffect 3e-05
wandb:                                  Train loss 0.0
wandb: 
wandb: ðŸš€ View run genial-silence-41 at: https://wandb.ai/nreints/ThesisFinal2Gen/runs/jenzy086
wandb: Synced 7 W&B file(s), 0 media file(s), 4 artifact file(s) and 1 other file(s)
wandb: Find logs at: ./wandb/run-20230711_123458-jenzy086/logs
wandb: - Waiting for wandb.init()...wandb: \ Waiting for wandb.init()...wandb: | Waiting for wandb.init()...wandb: wandb version 0.15.5 is available!  To upgrade, please run:
wandb:  $ pip install wandb --upgrade
wandb: Tracking run with wandb version 0.14.0
wandb: Run data is saved locally in /gpfs/home2/nreints/MScThesis/code/wandb/run-20230711_124124-lcb5wfhi
wandb: Run `wandb offline` to turn off syncing.
wandb: Syncing run fragrant-rain-49
wandb: â­ï¸ View project at https://wandb.ai/nreints/ThesisFinal2Gen
wandb: ðŸš€ View run at https://wandb.ai/nreints/ThesisFinal2Gen/runs/lcb5wfhi
wandb: Waiting for W&B process to finish... (success).
wandb: 
wandb: Run history:
wandb:                                       Epoch â–â–‚â–ƒâ–ƒâ–„â–…â–†â–†â–‡â–ˆ
wandb:   Test loss t(0,0)_r(0,0)_combi_pNone_gTrue â–ˆâ–ƒâ–‚â–‚â–â–â–â–â–â–
wandb:   Test loss t(0,0)_r(0,0)_combi_pTrue_gTrue â–ˆâ–ƒâ–‚â–‚â–â–â–â–â–â–
wandb: Test loss t(5,20)_r(5,20)_combi_pNone_gNone â–ˆâ–…â–„â–‚â–â–â–â–â–â–
wandb:   Test loss tennis_pNone_gNone_tennisEffect â–ˆâ–†â–„â–‚â–â–â–â–â–â–
wandb:                                  Train loss â–ˆâ–â–â–â–â–â–â–â–â–
wandb: 
wandb: Run summary:
wandb:                                       Epoch 9
wandb:   Test loss t(0,0)_r(0,0)_combi_pNone_gTrue 0.0
wandb:   Test loss t(0,0)_r(0,0)_combi_pTrue_gTrue 0.0
wandb: Test loss t(5,20)_r(5,20)_combi_pNone_gNone 0.0
wandb:   Test loss tennis_pNone_gNone_tennisEffect 3e-05
wandb:                                  Train loss 0.0
wandb: 
wandb: ðŸš€ View run fragrant-rain-49 at: https://wandb.ai/nreints/ThesisFinal2Gen/runs/lcb5wfhi
wandb: Synced 7 W&B file(s), 0 media file(s), 4 artifact file(s) and 1 other file(s)
wandb: Find logs at: ./wandb/run-20230711_124124-lcb5wfhi/logs
wandb: - Waiting for wandb.init()...wandb: \ Waiting for wandb.init()...wandb: wandb version 0.15.5 is available!  To upgrade, please run:
wandb:  $ pip install wandb --upgrade
wandb: Tracking run with wandb version 0.14.0
wandb: Run data is saved locally in /gpfs/home2/nreints/MScThesis/code/wandb/run-20230711_124752-hjys1247
wandb: Run `wandb offline` to turn off syncing.
wandb: Syncing run bright-sponge-58
wandb: â­ï¸ View project at https://wandb.ai/nreints/ThesisFinal2Gen
wandb: ðŸš€ View run at https://wandb.ai/nreints/ThesisFinal2Gen/runs/hjys1247
	 Logging train Loss: 1.9701e-06 [MSELoss(): t(5,20)_r(5,20)_combi_pNone_gNone]
	 Logging test loss: 3.1966e-05 [MSELoss(): tennis_pNone_gNone_tennisEffect]
	 Logging test loss: 1.952e-06 [MSELoss(): t(5,20)_r(5,20)_combi_pNone_gNone]
	 Logging test loss: 4.556e-07 [MSELoss(): t(0,0)_r(0,0)_combi_pNone_gTrue]
	 Logging test loss: 4.257e-07 [MSELoss(): t(0,0)_r(0,0)_combi_pTrue_gTrue]
		--> Epoch time; 27.257985591888428
Epoch 6/9
	 Logging train Loss: 1.8967e-06 [MSELoss(): t(5,20)_r(5,20)_combi_pNone_gNone]
	 Logging test loss: 3.12188e-05 [MSELoss(): tennis_pNone_gNone_tennisEffect]
	 Logging test loss: 1.9111e-06 [MSELoss(): t(5,20)_r(5,20)_combi_pNone_gNone]
	 Logging test loss: 4.764e-07 [MSELoss(): t(0,0)_r(0,0)_combi_pNone_gTrue]
	 Logging test loss: 4.464e-07 [MSELoss(): t(0,0)_r(0,0)_combi_pTrue_gTrue]
		--> Epoch time; 27.266897916793823
Epoch 7/9
	 Logging train Loss: 1.8434e-06 [MSELoss(): t(5,20)_r(5,20)_combi_pNone_gNone]
	 Logging test loss: 3.07269e-05 [MSELoss(): tennis_pNone_gNone_tennisEffect]
	 Logging test loss: 1.9528e-06 [MSELoss(): t(5,20)_r(5,20)_combi_pNone_gNone]
	 Logging test loss: 5.576e-07 [MSELoss(): t(0,0)_r(0,0)_combi_pNone_gTrue]
	 Logging test loss: 5.251e-07 [MSELoss(): t(0,0)_r(0,0)_combi_pTrue_gTrue]
		--> Epoch time; 27.192947149276733
Epoch 8/9
	 Logging train Loss: 1.7958e-06 [MSELoss(): t(5,20)_r(5,20)_combi_pNone_gNone]
	 Logging test loss: 2.99346e-05 [MSELoss(): tennis_pNone_gNone_tennisEffect]
	 Logging test loss: 1.9162e-06 [MSELoss(): t(5,20)_r(5,20)_combi_pNone_gNone]
	 Logging test loss: 4.628e-07 [MSELoss(): t(0,0)_r(0,0)_combi_pNone_gTrue]
	 Logging test loss: 4.37e-07 [MSELoss(): t(0,0)_r(0,0)_combi_pTrue_gTrue]
		--> Epoch time; 27.194636821746826
Epoch 9/9
	 Logging train Loss: 1.7599e-06 [MSELoss(): t(5,20)_r(5,20)_combi_pNone_gNone]
	 Logging test loss: 2.98898e-05 [MSELoss(): tennis_pNone_gNone_tennisEffect]
	 Logging test loss: 1.7341e-06 [MSELoss(): t(5,20)_r(5,20)_combi_pNone_gNone]
	 Logging test loss: 3.613e-07 [MSELoss(): t(0,0)_r(0,0)_combi_pNone_gTrue]
	 Logging test loss: 3.292e-07 [MSELoss(): t(0,0)_r(0,0)_combi_pTrue_gTrue]
		--> Epoch time; 27.269673347473145
Saved model in  trained_models/gru/data_t(5,20)_r(5,20)_combi_pNone_gNone/'pos_diff_1'_'False'.pth
It took  386.0996778011322  seconds.
----- ITERATION 6/10 ------
Number of train simulations:  1920
Number of test simulations:  480
The dataloader for data/data_t(5,20)_r(5,20)_combi_pNone_gNone took 48.97723078727722 seconds.
-- Finished Train Dataloader --
The dataloader for data/data_tennis_pNone_gNone_tennisEffect took 12.882219552993774 seconds.
The dataloader for data/data_t(5,20)_r(5,20)_combi_pNone_gNone took 12.471566677093506 seconds.
The dataloader for data/data_t(0,0)_r(0,0)_combi_pNone_gTrue took 12.918558359146118 seconds.
The dataloader for data/data_t(0,0)_r(0,0)_combi_pTrue_gTrue took 12.956640481948853 seconds.
-- Finished Test Dataloader(s) --
GRU(
  (rnn): GRU(24, 96, batch_first=True)
  (fc): Linear(in_features=96, out_features=24, bias=True)
)
Datatype: pos_diff_1
-- Started Training --
Epoch 0/9
	 Logging train Loss: 0.0001932501 [MSELoss(): t(5,20)_r(5,20)_combi_pNone_gNone]
	 Logging test loss: 0.0001840027 [MSELoss(): tennis_pNone_gNone_tennisEffect]
	 Logging test loss: 9.953e-06 [MSELoss(): t(5,20)_r(5,20)_combi_pNone_gNone]
	 Logging test loss: 1.20972e-05 [MSELoss(): t(0,0)_r(0,0)_combi_pNone_gTrue]
	 Logging test loss: 1.08139e-05 [MSELoss(): t(0,0)_r(0,0)_combi_pTrue_gTrue]
		--> Epoch time; 27.275383710861206
Epoch 1/9
	 Logging train Loss: 7.7584e-06 [MSELoss(): t(5,20)_r(5,20)_combi_pNone_gNone]
	 Logging test loss: 0.0001428796 [MSELoss(): tennis_pNone_gNone_tennisEffect]
	 Logging test loss: 6.4656e-06 [MSELoss(): t(5,20)_r(5,20)_combi_pNone_gNone]
	 Logging test loss: 4.0971e-06 [MSELoss(): t(0,0)_r(0,0)_combi_pNone_gTrue]
	 Logging test loss: 3.6911e-06 [MSELoss(): t(0,0)_r(0,0)_combi_pTrue_gTrue]
		--> Epoch time; 27.509520530700684
Epoch 2/9
	 Logging train Loss: 5.6426e-06 [MSELoss(): t(5,20)_r(5,20)_combi_pNone_gNone]
	 Logging test loss: 0.0001040676 [MSELoss(): tennis_pNone_gNone_tennisEffect]
	 Logging test loss: 5.0862e-06 [MSELoss(): t(5,20)_r(5,20)_combi_pNone_gNone]
	 Logging test loss: 2.2965e-06 [MSELoss(): t(0,0)_r(0,0)_combi_pNone_gTrue]
	 Logging test loss: 2.1159e-06 [MSELoss(): t(0,0)_r(0,0)_combi_pTrue_gTrue]
		--> Epoch time; 27.244672536849976
Epoch 3/9
	 Logging train Loss: 3.9719e-06 [MSELoss(): t(5,20)_r(5,20)_combi_pNone_gNone]
	 Logging test loss: 5.9318e-05 [MSELoss(): tennis_pNone_gNone_tennisEffect]
	 Logging test loss: 3.251e-06 [MSELoss(): t(5,20)_r(5,20)_combi_pNone_gNone]
	 Logging test loss: 1.3866e-06 [MSELoss(): t(0,0)_r(0,0)_combi_pNone_gTrue]
	 Logging test loss: 1.2842e-06 [MSELoss(): t(0,0)_r(0,0)_combi_pTrue_gTrue]
		--> Epoch time; 27.13782835006714
Epoch 4/9
	 Logging train Loss: 2.5252e-06 [MSELoss(): t(5,20)_r(5,20)_combi_pNone_gNone]
	 Logging test loss: 3.91653e-05 [MSELoss(): tennis_pNone_gNone_tennisEffect]
	 Logging test loss: 2.0949e-06 [MSELoss(): t(5,20)_r(5,20)_combi_pNone_gNone]
	 Logging test loss: 7.377e-07 [MSELoss(): t(0,0)_r(0,0)_combi_pNone_gTrue]
	 Logging test loss: 6.753e-07 [MSELoss(): t(0,0)_r(0,0)_combi_pTrue_gTrue]
		--> Epoch time; 27.090273141860962
Epoch 5/9
	 Logging train Loss: 2.0628e-06 [MSELoss(): t(5,20)_r(5,20)_combi_pNone_gNone]
	 Logging test loss: 3.5394e-05 [MSELoss(): tennis_pNone_gNone_tennisEffect]
	 Logging test loss: 2.1747e-06 [MSELoss(): t(5,20)_r(5,20)_combi_pNone_gNone]
	 Logging test loss: 6.723e-07 [MSELoss(): t(0,0)_r(0,0)_combi_pNone_gTrue]
	 Logging test loss: 6.395e-07 [MSELoss(): t(0,0)_r(0,0)_combi_pTrue_gTrue]
		--> Epoch time; 27.351792335510254
Epoch 6/9
	 Logging train Loss: 1.9468e-06 [MSELoss(): t(5,20)_r(5,20)_combi_pNone_gNone]
	 Logging test loss: 3.36771e-05 [MSELoss(): tennis_pNone_gNone_tennisEffect]
	 Logging test loss: 1.8424e-06 [MSELoss(): t(5,20)_r(5,20)_combi_pNone_gNone]
	 Logging test loss: 4.472e-07 [MSELoss(): t(0,0)_r(0,0)_combi_pNone_gTrue]
	 Logging test loss: 4.114e-07 [MSELoss(): t(0,0)_r(0,0)_combi_pTrue_gTrue]
		--> Epoch time; 26.959665060043335
Epoch 7/9
	 Logging train Loss: 1.8593e-06 [MSELoss(): t(5,20)_r(5,20)_combi_pNone_gNone]
	 Logging test loss: 3.27226e-05 [MSELoss(): tennis_pNone_gNone_tennisEffect]
	 Logging test loss: 1.842e-06 [MSELoss(): t(5,20)_r(5,20)_combi_pNone_gNone]
	 Logging test loss: 4.619e-07 [MSELoss(): t(0,0)_r(0,0)_combi_pNone_gTrue]
	 Logging test loss: 4.233e-07 [MSELoss(): t(0,0)_r(0,0)_combi_pTrue_gTrue]
		--> Epoch time; 27.17832660675049
Epoch 8/9
	 Logging train Loss: 1.8159e-06 [MSELoss(): t(5,20)_r(5,20)_combi_pNone_gNone]
	 Logging test loss: 3.20223e-05 [MSELoss(): tennis_pNone_gNone_tennisEffect]
	 Logging test loss: 1.7982e-06 [MSELoss(): t(5,20)_r(5,20)_combi_pNone_gNone]
	 Logging test loss: 5.876e-07 [MSELoss(): t(0,0)_r(0,0)_combi_pNone_gTrue]
	 Logging test loss: 5.377e-07 [MSELoss(): t(0,0)_r(0,0)_combi_pTrue_gTrue]
		--> Epoch time; 27.25946307182312
Epoch 9/9
	 Logging train Loss: 1.7628e-06 [MSELoss(): t(5,20)_r(5,20)_combi_pNone_gNone]
	 Logging test loss: 3.12719e-05 [MSELoss(): tennis_pNone_gNone_tennisEffect]
	 Logging test loss: 1.8414e-06 [MSELoss(): t(5,20)_r(5,20)_combi_pNone_gNone]
	 Logging test loss: 5.592e-07 [MSELoss(): t(0,0)_r(0,0)_combi_pNone_gTrue]
	 Logging test loss: 5.156e-07 [MSELoss(): t(0,0)_r(0,0)_combi_pTrue_gTrue]
		--> Epoch time; 27.284144639968872
Saved model in  trained_models/gru/data_t(5,20)_r(5,20)_combi_pNone_gNone/'pos_diff_1'_'False'.pth
It took  387.71535181999207  seconds.
----- ITERATION 7/10 ------
Number of train simulations:  1920
Number of test simulations:  480
The dataloader for data/data_t(5,20)_r(5,20)_combi_pNone_gNone took 49.01978397369385 seconds.
-- Finished Train Dataloader --
The dataloader for data/data_tennis_pNone_gNone_tennisEffect took 12.845052719116211 seconds.
The dataloader for data/data_t(5,20)_r(5,20)_combi_pNone_gNone took 12.438691854476929 seconds.
The dataloader for data/data_t(0,0)_r(0,0)_combi_pNone_gTrue took 12.855008363723755 seconds.
The dataloader for data/data_t(0,0)_r(0,0)_combi_pTrue_gTrue took 12.834347248077393 seconds.
wandb: Waiting for W&B process to finish... (success).
wandb: 
wandb: Run history:
wandb:                                       Epoch â–â–‚â–ƒâ–ƒâ–„â–…â–†â–†â–‡â–ˆ
wandb:   Test loss t(0,0)_r(0,0)_combi_pNone_gTrue â–ˆâ–‚â–‚â–â–â–â–â–â–â–
wandb:   Test loss t(0,0)_r(0,0)_combi_pTrue_gTrue â–ˆâ–ƒâ–‚â–â–â–â–â–â–â–
wandb: Test loss t(5,20)_r(5,20)_combi_pNone_gNone â–ˆâ–…â–ƒâ–â–â–â–â–â–â–
wandb:   Test loss tennis_pNone_gNone_tennisEffect â–ˆâ–†â–ƒâ–â–â–â–â–â–â–
wandb:                                  Train loss â–ˆâ–â–â–â–â–â–â–â–â–
wandb: 
wandb: Run summary:
wandb:                                       Epoch 9
wandb:   Test loss t(0,0)_r(0,0)_combi_pNone_gTrue 0.0
wandb:   Test loss t(0,0)_r(0,0)_combi_pTrue_gTrue 0.0
wandb: Test loss t(5,20)_r(5,20)_combi_pNone_gNone 0.0
wandb:   Test loss tennis_pNone_gNone_tennisEffect 3e-05
wandb:                                  Train loss 0.0
wandb: 
wandb: ðŸš€ View run bright-sponge-58 at: https://wandb.ai/nreints/ThesisFinal2Gen/runs/hjys1247
wandb: Synced 7 W&B file(s), 0 media file(s), 4 artifact file(s) and 1 other file(s)
wandb: Find logs at: ./wandb/run-20230711_124752-hjys1247/logs
wandb: - Waiting for wandb.init()...wandb: \ Waiting for wandb.init()...wandb: wandb version 0.15.5 is available!  To upgrade, please run:
wandb:  $ pip install wandb --upgrade
wandb: Tracking run with wandb version 0.14.0
wandb: Run data is saved locally in /gpfs/home2/nreints/MScThesis/code/wandb/run-20230711_125418-mcyp64zo
wandb: Run `wandb offline` to turn off syncing.
wandb: Syncing run dulcet-dawn-66
wandb: â­ï¸ View project at https://wandb.ai/nreints/ThesisFinal2Gen
wandb: ðŸš€ View run at https://wandb.ai/nreints/ThesisFinal2Gen/runs/mcyp64zo
-- Finished Test Dataloader(s) --
GRU(
  (rnn): GRU(24, 96, batch_first=True)
  (fc): Linear(in_features=96, out_features=24, bias=True)
)
Datatype: pos_diff_1
-- Started Training --
Epoch 0/9
	 Logging train Loss: 0.0001449481 [MSELoss(): t(5,20)_r(5,20)_combi_pNone_gNone]
	 Logging test loss: 0.0001702973 [MSELoss(): tennis_pNone_gNone_tennisEffect]
	 Logging test loss: 8.384e-06 [MSELoss(): t(5,20)_r(5,20)_combi_pNone_gNone]
	 Logging test loss: 9.2204e-06 [MSELoss(): t(0,0)_r(0,0)_combi_pNone_gTrue]
	 Logging test loss: 8.2104e-06 [MSELoss(): t(0,0)_r(0,0)_combi_pTrue_gTrue]
		--> Epoch time; 27.156094789505005
Epoch 1/9
	 Logging train Loss: 6.8971e-06 [MSELoss(): t(5,20)_r(5,20)_combi_pNone_gNone]
	 Logging test loss: 0.0001208099 [MSELoss(): tennis_pNone_gNone_tennisEffect]
	 Logging test loss: 5.6918e-06 [MSELoss(): t(5,20)_r(5,20)_combi_pNone_gNone]
	 Logging test loss: 2.3421e-06 [MSELoss(): t(0,0)_r(0,0)_combi_pNone_gTrue]
	 Logging test loss: 2.1868e-06 [MSELoss(): t(0,0)_r(0,0)_combi_pTrue_gTrue]
		--> Epoch time; 27.30302596092224
Epoch 2/9
	 Logging train Loss: 4.7093e-06 [MSELoss(): t(5,20)_r(5,20)_combi_pNone_gNone]
	 Logging test loss: 6.93272e-05 [MSELoss(): tennis_pNone_gNone_tennisEffect]
	 Logging test loss: 3.3444e-06 [MSELoss(): t(5,20)_r(5,20)_combi_pNone_gNone]
	 Logging test loss: 1.5165e-06 [MSELoss(): t(0,0)_r(0,0)_combi_pNone_gTrue]
	 Logging test loss: 1.4058e-06 [MSELoss(): t(0,0)_r(0,0)_combi_pTrue_gTrue]
		--> Epoch time; 27.437052249908447
Epoch 3/9
	 Logging train Loss: 2.7748e-06 [MSELoss(): t(5,20)_r(5,20)_combi_pNone_gNone]
	 Logging test loss: 3.81534e-05 [MSELoss(): tennis_pNone_gNone_tennisEffect]
	 Logging test loss: 2.0171e-06 [MSELoss(): t(5,20)_r(5,20)_combi_pNone_gNone]
	 Logging test loss: 9.814e-07 [MSELoss(): t(0,0)_r(0,0)_combi_pNone_gTrue]
	 Logging test loss: 8.967e-07 [MSELoss(): t(0,0)_r(0,0)_combi_pTrue_gTrue]
		--> Epoch time; 27.291829109191895
Epoch 4/9
	 Logging train Loss: 2.1057e-06 [MSELoss(): t(5,20)_r(5,20)_combi_pNone_gNone]
	 Logging test loss: 3.38771e-05 [MSELoss(): tennis_pNone_gNone_tennisEffect]
	 Logging test loss: 1.8552e-06 [MSELoss(): t(5,20)_r(5,20)_combi_pNone_gNone]
	 Logging test loss: 6.054e-07 [MSELoss(): t(0,0)_r(0,0)_combi_pNone_gTrue]
	 Logging test loss: 5.585e-07 [MSELoss(): t(0,0)_r(0,0)_combi_pTrue_gTrue]
		--> Epoch time; 27.3305721282959
Epoch 5/9
	 Logging train Loss: 1.9645e-06 [MSELoss(): t(5,20)_r(5,20)_combi_pNone_gNone]
	 Logging test loss: 3.2642e-05 [MSELoss(): tennis_pNone_gNone_tennisEffect]
	 Logging test loss: 1.904e-06 [MSELoss(): t(5,20)_r(5,20)_combi_pNone_gNone]
	 Logging test loss: 6.498e-07 [MSELoss(): t(0,0)_r(0,0)_combi_pNone_gTrue]
	 Logging test loss: 6.066e-07 [MSELoss(): t(0,0)_r(0,0)_combi_pTrue_gTrue]
		--> Epoch time; 27.386051416397095
Epoch 6/9
	 Logging train Loss: 1.902e-06 [MSELoss(): t(5,20)_r(5,20)_combi_pNone_gNone]
	 Logging test loss: 3.16167e-05 [MSELoss(): tennis_pNone_gNone_tennisEffect]
	 Logging test loss: 1.8328e-06 [MSELoss(): t(5,20)_r(5,20)_combi_pNone_gNone]
	 Logging test loss: 5.69e-07 [MSELoss(): t(0,0)_r(0,0)_combi_pNone_gTrue]
	 Logging test loss: 5.272e-07 [MSELoss(): t(0,0)_r(0,0)_combi_pTrue_gTrue]
		--> Epoch time; 27.357898950576782
Epoch 7/9
	 Logging train Loss: 1.8502e-06 [MSELoss(): t(5,20)_r(5,20)_combi_pNone_gNone]
	 Logging test loss: 3.10566e-05 [MSELoss(): tennis_pNone_gNone_tennisEffect]
	 Logging test loss: 1.7494e-06 [MSELoss(): t(5,20)_r(5,20)_combi_pNone_gNone]
	 Logging test loss: 5.297e-07 [MSELoss(): t(0,0)_r(0,0)_combi_pNone_gTrue]
	 Logging test loss: 4.869e-07 [MSELoss(): t(0,0)_r(0,0)_combi_pTrue_gTrue]
		--> Epoch time; 27.338961124420166
Epoch 8/9
	 Logging train Loss: 1.8023e-06 [MSELoss(): t(5,20)_r(5,20)_combi_pNone_gNone]
	 Logging test loss: 3.02609e-05 [MSELoss(): tennis_pNone_gNone_tennisEffect]
	 Logging test loss: 1.6613e-06 [MSELoss(): t(5,20)_r(5,20)_combi_pNone_gNone]
	 Logging test loss: 5.361e-07 [MSELoss(): t(0,0)_r(0,0)_combi_pNone_gTrue]
	 Logging test loss: 4.859e-07 [MSELoss(): t(0,0)_r(0,0)_combi_pTrue_gTrue]
		--> Epoch time; 27.297452926635742
Epoch 9/9
	 Logging train Loss: 1.7578e-06 [MSELoss(): t(5,20)_r(5,20)_combi_pNone_gNone]
	 Logging test loss: 2.99485e-05 [MSELoss(): tennis_pNone_gNone_tennisEffect]
	 Logging test loss: 1.6232e-06 [MSELoss(): t(5,20)_r(5,20)_combi_pNone_gNone]
	 Logging test loss: 4.798e-07 [MSELoss(): t(0,0)_r(0,0)_combi_pNone_gTrue]
	 Logging test loss: 4.305e-07 [MSELoss(): t(0,0)_r(0,0)_combi_pTrue_gTrue]
		--> Epoch time; 27.29902172088623
Saved model in  trained_models/gru/data_t(5,20)_r(5,20)_combi_pNone_gNone/'pos_diff_1'_'False'.pth
It took  386.43942046165466  seconds.
----- ITERATION 8/10 ------
Number of train simulations:  1920
Number of test simulations:  480
The dataloader for data/data_t(5,20)_r(5,20)_combi_pNone_gNone took 49.05104994773865 seconds.
-- Finished Train Dataloader --
The dataloader for data/data_tennis_pNone_gNone_tennisEffect took 12.817035913467407 seconds.
The dataloader for data/data_t(5,20)_r(5,20)_combi_pNone_gNone took 12.463693618774414 seconds.
The dataloader for data/data_t(0,0)_r(0,0)_combi_pNone_gTrue took 12.836502313613892 seconds.
The dataloader for data/data_t(0,0)_r(0,0)_combi_pTrue_gTrue took 12.873059749603271 seconds.
-- Finished Test Dataloader(s) --
GRU(
  (rnn): GRU(24, 96, batch_first=True)
  (fc): Linear(in_features=96, out_features=24, bias=True)
)
Datatype: pos_diff_1
-- Started Training --
Epoch 0/9
	 Logging train Loss: 0.0001661795 [MSELoss(): t(5,20)_r(5,20)_combi_pNone_gNone]
	 Logging test loss: 0.0001647259 [MSELoss(): tennis_pNone_gNone_tennisEffect]
	 Logging test loss: 9.738e-06 [MSELoss(): t(5,20)_r(5,20)_combi_pNone_gNone]
	 Logging test loss: 1.26089e-05 [MSELoss(): t(0,0)_r(0,0)_combi_pNone_gTrue]
	 Logging test loss: 1.12781e-05 [MSELoss(): t(0,0)_r(0,0)_combi_pTrue_gTrue]
		--> Epoch time; 27.132983446121216
Epoch 1/9
	 Logging train Loss: 7.2558e-06 [MSELoss(): t(5,20)_r(5,20)_combi_pNone_gNone]
	 Logging test loss: 0.0001148708 [MSELoss(): tennis_pNone_gNone_tennisEffect]
	 Logging test loss: 6.0071e-06 [MSELoss(): t(5,20)_r(5,20)_combi_pNone_gNone]
	 Logging test loss: 3.1107e-06 [MSELoss(): t(0,0)_r(0,0)_combi_pNone_gTrue]
	 Logging test loss: 2.8054e-06 [MSELoss(): t(0,0)_r(0,0)_combi_pTrue_gTrue]
		--> Epoch time; 27.261491060256958
Epoch 2/9
	 Logging train Loss: 4.7261e-06 [MSELoss(): t(5,20)_r(5,20)_combi_pNone_gNone]
	 Logging test loss: 6.40507e-05 [MSELoss(): tennis_pNone_gNone_tennisEffect]
	 Logging test loss: 3.6425e-06 [MSELoss(): t(5,20)_r(5,20)_combi_pNone_gNone]
	 Logging test loss: 1.6966e-06 [MSELoss(): t(0,0)_r(0,0)_combi_pNone_gTrue]
	 Logging test loss: 1.5465e-06 [MSELoss(): t(0,0)_r(0,0)_combi_pTrue_gTrue]
		--> Epoch time; 27.319265842437744
Epoch 3/9
	 Logging train Loss: 2.7359e-06 [MSELoss(): t(5,20)_r(5,20)_combi_pNone_gNone]
	 Logging test loss: 3.42917e-05 [MSELoss(): tennis_pNone_gNone_tennisEffect]
	 Logging test loss: 2.2115e-06 [MSELoss(): t(5,20)_r(5,20)_combi_pNone_gNone]
	 Logging test loss: 9.355e-07 [MSELoss(): t(0,0)_r(0,0)_combi_pNone_gTrue]
	 Logging test loss: 8.604e-07 [MSELoss(): t(0,0)_r(0,0)_combi_pTrue_gTrue]
		--> Epoch time; 27.318997859954834
Epoch 4/9
	 Logging train Loss: 2.0761e-06 [MSELoss(): t(5,20)_r(5,20)_combi_pNone_gNone]
	 Logging test loss: 3.06038e-05 [MSELoss(): tennis_pNone_gNone_tennisEffect]
	 Logging test loss: 2.0831e-06 [MSELoss(): t(5,20)_r(5,20)_combi_pNone_gNone]
	 Logging test loss: 6.531e-07 [MSELoss(): t(0,0)_r(0,0)_combi_pNone_gTrue]
	 Logging test loss: 6.106e-07 [MSELoss(): t(0,0)_r(0,0)_combi_pTrue_gTrue]
		--> Epoch time; 27.20155644416809
Epoch 5/9
	 Logging train Loss: 1.9608e-06 [MSELoss(): t(5,20)_r(5,20)_combi_pNone_gNone]
	 Logging test loss: 2.95193e-05 [MSELoss(): tennis_pNone_gNone_tennisEffect]
	 Logging test loss: 1.8593e-06 [MSELoss(): t(5,20)_r(5,20)_combi_pNone_gNone]
	 Logging test loss: 4.839e-07 [MSELoss(): t(0,0)_r(0,0)_combi_pNone_gTrue]
	 Logging test loss: 4.428e-07 [MSELoss(): t(0,0)_r(0,0)_combi_pTrue_gTrue]
		--> Epoch time; 27.221232414245605
Epoch 6/9
	 Logging train Loss: 1.8909e-06 [MSELoss(): t(5,20)_r(5,20)_combi_pNone_gNone]
wandb: Waiting for W&B process to finish... (success).
wandb: 
wandb: Run history:
wandb:                                       Epoch â–â–‚â–ƒâ–ƒâ–„â–…â–†â–†â–‡â–ˆ
wandb:   Test loss t(0,0)_r(0,0)_combi_pNone_gTrue â–ˆâ–ƒâ–‚â–â–â–â–â–â–â–
wandb:   Test loss t(0,0)_r(0,0)_combi_pTrue_gTrue â–ˆâ–ƒâ–‚â–â–â–â–â–â–â–
wandb: Test loss t(5,20)_r(5,20)_combi_pNone_gNone â–ˆâ–…â–ƒâ–â–â–â–â–â–â–
wandb:   Test loss tennis_pNone_gNone_tennisEffect â–ˆâ–…â–ƒâ–â–â–â–â–â–â–
wandb:                                  Train loss â–ˆâ–â–â–â–â–â–â–â–â–
wandb: 
wandb: Run summary:
wandb:                                       Epoch 9
wandb:   Test loss t(0,0)_r(0,0)_combi_pNone_gTrue 0.0
wandb:   Test loss t(0,0)_r(0,0)_combi_pTrue_gTrue 0.0
wandb: Test loss t(5,20)_r(5,20)_combi_pNone_gNone 0.0
wandb:   Test loss tennis_pNone_gNone_tennisEffect 3e-05
wandb:                                  Train loss 0.0
wandb: 
wandb: ðŸš€ View run dulcet-dawn-66 at: https://wandb.ai/nreints/ThesisFinal2Gen/runs/mcyp64zo
wandb: Synced 7 W&B file(s), 0 media file(s), 4 artifact file(s) and 1 other file(s)
wandb: Find logs at: ./wandb/run-20230711_125418-mcyp64zo/logs
wandb: - Waiting for wandb.init()...wandb: \ Waiting for wandb.init()...wandb: wandb version 0.15.5 is available!  To upgrade, please run:
wandb:  $ pip install wandb --upgrade
wandb: Tracking run with wandb version 0.14.0
wandb: Run data is saved locally in /gpfs/home2/nreints/MScThesis/code/wandb/run-20230711_130044-v5jbulvi
wandb: Run `wandb offline` to turn off syncing.
wandb: Syncing run northern-leaf-77
wandb: â­ï¸ View project at https://wandb.ai/nreints/ThesisFinal2Gen
wandb: ðŸš€ View run at https://wandb.ai/nreints/ThesisFinal2Gen/runs/v5jbulvi
wandb: Waiting for W&B process to finish... (success).
wandb: 
wandb: Run history:
wandb:                                       Epoch â–â–‚â–ƒâ–ƒâ–„â–…â–†â–†â–‡â–ˆ
wandb:   Test loss t(0,0)_r(0,0)_combi_pNone_gTrue â–ˆâ–‚â–‚â–â–â–â–â–â–â–
wandb:   Test loss t(0,0)_r(0,0)_combi_pTrue_gTrue â–ˆâ–‚â–‚â–â–â–â–â–â–â–
wandb: Test loss t(5,20)_r(5,20)_combi_pNone_gNone â–ˆâ–…â–ƒâ–â–â–â–â–â–â–
wandb:   Test loss tennis_pNone_gNone_tennisEffect â–ˆâ–…â–ƒâ–â–â–â–â–â–â–
wandb:                                  Train loss â–ˆâ–â–â–â–â–â–â–â–â–
wandb: 
wandb: Run summary:
wandb:                                       Epoch 9
wandb:   Test loss t(0,0)_r(0,0)_combi_pNone_gTrue 0.0
wandb:   Test loss t(0,0)_r(0,0)_combi_pTrue_gTrue 0.0
wandb: Test loss t(5,20)_r(5,20)_combi_pNone_gNone 0.0
wandb:   Test loss tennis_pNone_gNone_tennisEffect 3e-05
wandb:                                  Train loss 0.0
wandb: 
wandb: ðŸš€ View run northern-leaf-77 at: https://wandb.ai/nreints/ThesisFinal2Gen/runs/v5jbulvi
wandb: Synced 7 W&B file(s), 0 media file(s), 4 artifact file(s) and 1 other file(s)
wandb: Find logs at: ./wandb/run-20230711_130044-v5jbulvi/logs
wandb: - Waiting for wandb.init()...wandb: \ Waiting for wandb.init()...wandb: wandb version 0.15.5 is available!  To upgrade, please run:
wandb:  $ pip install wandb --upgrade
wandb: Tracking run with wandb version 0.14.0
wandb: Run data is saved locally in /gpfs/home2/nreints/MScThesis/code/wandb/run-20230711_130710-gqgf2hii
wandb: Run `wandb offline` to turn off syncing.
wandb: Syncing run confused-silence-84
wandb: â­ï¸ View project at https://wandb.ai/nreints/ThesisFinal2Gen
wandb: ðŸš€ View run at https://wandb.ai/nreints/ThesisFinal2Gen/runs/gqgf2hii
	 Logging test loss: 2.88123e-05 [MSELoss(): tennis_pNone_gNone_tennisEffect]
	 Logging test loss: 1.8294e-06 [MSELoss(): t(5,20)_r(5,20)_combi_pNone_gNone]
	 Logging test loss: 4.998e-07 [MSELoss(): t(0,0)_r(0,0)_combi_pNone_gTrue]
	 Logging test loss: 4.607e-07 [MSELoss(): t(0,0)_r(0,0)_combi_pTrue_gTrue]
		--> Epoch time; 27.247415781021118
Epoch 7/9
	 Logging train Loss: 1.8427e-06 [MSELoss(): t(5,20)_r(5,20)_combi_pNone_gNone]
	 Logging test loss: 2.81506e-05 [MSELoss(): tennis_pNone_gNone_tennisEffect]
	 Logging test loss: 1.8035e-06 [MSELoss(): t(5,20)_r(5,20)_combi_pNone_gNone]
	 Logging test loss: 4.755e-07 [MSELoss(): t(0,0)_r(0,0)_combi_pNone_gTrue]
	 Logging test loss: 4.396e-07 [MSELoss(): t(0,0)_r(0,0)_combi_pTrue_gTrue]
		--> Epoch time; 27.325052738189697
Epoch 8/9
	 Logging train Loss: 1.7876e-06 [MSELoss(): t(5,20)_r(5,20)_combi_pNone_gNone]
	 Logging test loss: 2.77082e-05 [MSELoss(): tennis_pNone_gNone_tennisEffect]
	 Logging test loss: 1.732e-06 [MSELoss(): t(5,20)_r(5,20)_combi_pNone_gNone]
	 Logging test loss: 4.317e-07 [MSELoss(): t(0,0)_r(0,0)_combi_pNone_gTrue]
	 Logging test loss: 3.97e-07 [MSELoss(): t(0,0)_r(0,0)_combi_pTrue_gTrue]
		--> Epoch time; 27.37037420272827
Epoch 9/9
	 Logging train Loss: 1.7375e-06 [MSELoss(): t(5,20)_r(5,20)_combi_pNone_gNone]
	 Logging test loss: 2.76049e-05 [MSELoss(): tennis_pNone_gNone_tennisEffect]
	 Logging test loss: 1.856e-06 [MSELoss(): t(5,20)_r(5,20)_combi_pNone_gNone]
	 Logging test loss: 6.593e-07 [MSELoss(): t(0,0)_r(0,0)_combi_pNone_gTrue]
	 Logging test loss: 6.146e-07 [MSELoss(): t(0,0)_r(0,0)_combi_pTrue_gTrue]
		--> Epoch time; 27.03855061531067
Saved model in  trained_models/gru/data_t(5,20)_r(5,20)_combi_pNone_gNone/'pos_diff_1'_'False'.pth
It took  386.05652689933777  seconds.
----- ITERATION 9/10 ------
Number of train simulations:  1920
Number of test simulations:  480
The dataloader for data/data_t(5,20)_r(5,20)_combi_pNone_gNone took 49.16040635108948 seconds.
-- Finished Train Dataloader --
The dataloader for data/data_tennis_pNone_gNone_tennisEffect took 12.706203937530518 seconds.
The dataloader for data/data_t(5,20)_r(5,20)_combi_pNone_gNone took 12.46548581123352 seconds.
The dataloader for data/data_t(0,0)_r(0,0)_combi_pNone_gTrue took 12.715880870819092 seconds.
The dataloader for data/data_t(0,0)_r(0,0)_combi_pTrue_gTrue took 12.68200945854187 seconds.
-- Finished Test Dataloader(s) --
GRU(
  (rnn): GRU(24, 96, batch_first=True)
  (fc): Linear(in_features=96, out_features=24, bias=True)
)
Datatype: pos_diff_1
-- Started Training --
Epoch 0/9
	 Logging train Loss: 0.0001455106 [MSELoss(): t(5,20)_r(5,20)_combi_pNone_gNone]
	 Logging test loss: 0.0001919018 [MSELoss(): tennis_pNone_gNone_tennisEffect]
	 Logging test loss: 1.0189e-05 [MSELoss(): t(5,20)_r(5,20)_combi_pNone_gNone]
	 Logging test loss: 1.05385e-05 [MSELoss(): t(0,0)_r(0,0)_combi_pNone_gTrue]
	 Logging test loss: 9.3482e-06 [MSELoss(): t(0,0)_r(0,0)_combi_pTrue_gTrue]
		--> Epoch time; 27.057047128677368
Epoch 1/9
	 Logging train Loss: 6.5769e-06 [MSELoss(): t(5,20)_r(5,20)_combi_pNone_gNone]
	 Logging test loss: 0.0001292627 [MSELoss(): tennis_pNone_gNone_tennisEffect]
	 Logging test loss: 6.2401e-06 [MSELoss(): t(5,20)_r(5,20)_combi_pNone_gNone]
	 Logging test loss: 2.534e-06 [MSELoss(): t(0,0)_r(0,0)_combi_pNone_gTrue]
	 Logging test loss: 2.2741e-06 [MSELoss(): t(0,0)_r(0,0)_combi_pTrue_gTrue]
		--> Epoch time; 27.316940784454346
Epoch 2/9
	 Logging train Loss: 4.2237e-06 [MSELoss(): t(5,20)_r(5,20)_combi_pNone_gNone]
	 Logging test loss: 6.81293e-05 [MSELoss(): tennis_pNone_gNone_tennisEffect]
	 Logging test loss: 4.5195e-06 [MSELoss(): t(5,20)_r(5,20)_combi_pNone_gNone]
	 Logging test loss: 2.4061e-06 [MSELoss(): t(0,0)_r(0,0)_combi_pNone_gTrue]
	 Logging test loss: 2.2515e-06 [MSELoss(): t(0,0)_r(0,0)_combi_pTrue_gTrue]
		--> Epoch time; 27.18507170677185
Epoch 3/9
	 Logging train Loss: 2.4613e-06 [MSELoss(): t(5,20)_r(5,20)_combi_pNone_gNone]
	 Logging test loss: 3.96005e-05 [MSELoss(): tennis_pNone_gNone_tennisEffect]
	 Logging test loss: 2.2761e-06 [MSELoss(): t(5,20)_r(5,20)_combi_pNone_gNone]
	 Logging test loss: 8.016e-07 [MSELoss(): t(0,0)_r(0,0)_combi_pNone_gTrue]
	 Logging test loss: 7.205e-07 [MSELoss(): t(0,0)_r(0,0)_combi_pTrue_gTrue]
		--> Epoch time; 27.360381364822388
Epoch 4/9
	 Logging train Loss: 1.9766e-06 [MSELoss(): t(5,20)_r(5,20)_combi_pNone_gNone]
	 Logging test loss: 3.57374e-05 [MSELoss(): tennis_pNone_gNone_tennisEffect]
	 Logging test loss: 2.1707e-06 [MSELoss(): t(5,20)_r(5,20)_combi_pNone_gNone]
	 Logging test loss: 5.91e-07 [MSELoss(): t(0,0)_r(0,0)_combi_pNone_gTrue]
	 Logging test loss: 5.423e-07 [MSELoss(): t(0,0)_r(0,0)_combi_pTrue_gTrue]
		--> Epoch time; 27.62604570388794
Epoch 5/9
	 Logging train Loss: 1.8721e-06 [MSELoss(): t(5,20)_r(5,20)_combi_pNone_gNone]
	 Logging test loss: 3.45629e-05 [MSELoss(): tennis_pNone_gNone_tennisEffect]
	 Logging test loss: 2.2115e-06 [MSELoss(): t(5,20)_r(5,20)_combi_pNone_gNone]
	 Logging test loss: 6.213e-07 [MSELoss(): t(0,0)_r(0,0)_combi_pNone_gTrue]
	 Logging test loss: 5.765e-07 [MSELoss(): t(0,0)_r(0,0)_combi_pTrue_gTrue]
		--> Epoch time; 27.747303009033203
Epoch 6/9
	 Logging train Loss: 1.8177e-06 [MSELoss(): t(5,20)_r(5,20)_combi_pNone_gNone]
	 Logging test loss: 3.39434e-05 [MSELoss(): tennis_pNone_gNone_tennisEffect]
	 Logging test loss: 2.1833e-06 [MSELoss(): t(5,20)_r(5,20)_combi_pNone_gNone]
	 Logging test loss: 6.328e-07 [MSELoss(): t(0,0)_r(0,0)_combi_pNone_gTrue]
	 Logging test loss: 5.912e-07 [MSELoss(): t(0,0)_r(0,0)_combi_pTrue_gTrue]
		--> Epoch time; 27.294723749160767
Epoch 7/9
	 Logging train Loss: 1.7709e-06 [MSELoss(): t(5,20)_r(5,20)_combi_pNone_gNone]
	 Logging test loss: 3.33951e-05 [MSELoss(): tennis_pNone_gNone_tennisEffect]
	 Logging test loss: 1.9791e-06 [MSELoss(): t(5,20)_r(5,20)_combi_pNone_gNone]
	 Logging test loss: 4.308e-07 [MSELoss(): t(0,0)_r(0,0)_combi_pNone_gTrue]
	 Logging test loss: 3.944e-07 [MSELoss(): t(0,0)_r(0,0)_combi_pTrue_gTrue]
		--> Epoch time; 27.15767550468445
Epoch 8/9
	 Logging train Loss: 1.7279e-06 [MSELoss(): t(5,20)_r(5,20)_combi_pNone_gNone]
	 Logging test loss: 3.30114e-05 [MSELoss(): tennis_pNone_gNone_tennisEffect]
	 Logging test loss: 2.0033e-06 [MSELoss(): t(5,20)_r(5,20)_combi_pNone_gNone]
	 Logging test loss: 5.247e-07 [MSELoss(): t(0,0)_r(0,0)_combi_pNone_gTrue]
	 Logging test loss: 4.843e-07 [MSELoss(): t(0,0)_r(0,0)_combi_pTrue_gTrue]
		--> Epoch time; 27.222277641296387
Epoch 9/9
	 Logging train Loss: 1.6796e-06 [MSELoss(): t(5,20)_r(5,20)_combi_pNone_gNone]
	 Logging test loss: 3.22038e-05 [MSELoss(): tennis_pNone_gNone_tennisEffect]
	 Logging test loss: 1.9566e-06 [MSELoss(): t(5,20)_r(5,20)_combi_pNone_gNone]
	 Logging test loss: 5.051e-07 [MSELoss(): t(0,0)_r(0,0)_combi_pNone_gTrue]
	 Logging test loss: 4.63e-07 [MSELoss(): t(0,0)_r(0,0)_combi_pTrue_gTrue]
		--> Epoch time; 27.28955864906311
Saved model in  trained_models/gru/data_t(5,20)_r(5,20)_combi_pNone_gNone/'pos_diff_1'_'False'.pth
It took  386.08058047294617  seconds.
----- ITERATION 10/10 ------
Number of train simulations:  1920
Number of test simulations:  480
The dataloader for data/data_t(5,20)_r(5,20)_combi_pNone_gNone took 48.94359827041626 seconds.
-- Finished Train Dataloader --
The dataloader for data/data_tennis_pNone_gNone_tennisEffect took 12.725478887557983 seconds.
The dataloader for data/data_t(5,20)_r(5,20)_combi_pNone_gNone took 12.388477087020874 seconds.
The dataloader for data/data_t(0,0)_r(0,0)_combi_pNone_gTrue took 12.804166078567505 seconds.
The dataloader for data/data_t(0,0)_r(0,0)_combi_pTrue_gTrue took 12.806542158126831 seconds.
-- Finished Test Dataloader(s) --
GRU(
  (rnn): GRU(24, 96, batch_first=True)
  (fc): Linear(in_features=96, out_features=24, bias=True)
)
Datatype: pos_diff_1
-- Started Training --
Epoch 0/9
	 Logging train Loss: 0.0001598601 [MSELoss(): t(5,20)_r(5,20)_combi_pNone_gNone]
	 Logging test loss: 0.0001794013 [MSELoss(): tennis_pNone_gNone_tennisEffect]
	 Logging test loss: 8.6095e-06 [MSELoss(): t(5,20)_r(5,20)_combi_pNone_gNone]
	 Logging test loss: 9.811e-06 [MSELoss(): t(0,0)_r(0,0)_combi_pNone_gTrue]
wandb: Waiting for W&B process to finish... (success).
wandb: 
wandb: Run history:
wandb:                                       Epoch â–â–‚â–ƒâ–ƒâ–„â–…â–†â–†â–‡â–ˆ
wandb:   Test loss t(0,0)_r(0,0)_combi_pNone_gTrue â–ˆâ–‚â–ƒâ–â–â–â–â–â–â–
wandb:   Test loss t(0,0)_r(0,0)_combi_pTrue_gTrue â–ˆâ–‚â–„â–â–â–â–â–â–â–
wandb: Test loss t(5,20)_r(5,20)_combi_pNone_gNone â–ˆâ–…â–…â–‚â–â–â–â–â–â–
wandb:   Test loss tennis_pNone_gNone_tennisEffect â–ˆâ–…â–ƒâ–â–â–â–â–â–â–
wandb:                                  Train loss â–ˆâ–â–â–â–â–â–â–â–â–
wandb: 
wandb: Run summary:
wandb:                                       Epoch 9
wandb:   Test loss t(0,0)_r(0,0)_combi_pNone_gTrue 0.0
wandb:   Test loss t(0,0)_r(0,0)_combi_pTrue_gTrue 0.0
wandb: Test loss t(5,20)_r(5,20)_combi_pNone_gNone 0.0
wandb:   Test loss tennis_pNone_gNone_tennisEffect 3e-05
wandb:                                  Train loss 0.0
wandb: 
wandb: ðŸš€ View run confused-silence-84 at: https://wandb.ai/nreints/ThesisFinal2Gen/runs/gqgf2hii
wandb: Synced 7 W&B file(s), 0 media file(s), 4 artifact file(s) and 1 other file(s)
wandb: Find logs at: ./wandb/run-20230711_130710-gqgf2hii/logs
	 Logging test loss: 8.7436e-06 [MSELoss(): t(0,0)_r(0,0)_combi_pTrue_gTrue]
		--> Epoch time; 27.00134778022766
Epoch 1/9
	 Logging train Loss: 7.0905e-06 [MSELoss(): t(5,20)_r(5,20)_combi_pNone_gNone]
	 Logging test loss: 0.0001205413 [MSELoss(): tennis_pNone_gNone_tennisEffect]
	 Logging test loss: 5.1611e-06 [MSELoss(): t(5,20)_r(5,20)_combi_pNone_gNone]
	 Logging test loss: 2.4251e-06 [MSELoss(): t(0,0)_r(0,0)_combi_pNone_gTrue]
	 Logging test loss: 2.185e-06 [MSELoss(): t(0,0)_r(0,0)_combi_pTrue_gTrue]
		--> Epoch time; 27.2309250831604
Epoch 2/9
	 Logging train Loss: 4.6211e-06 [MSELoss(): t(5,20)_r(5,20)_combi_pNone_gNone]
	 Logging test loss: 6.94495e-05 [MSELoss(): tennis_pNone_gNone_tennisEffect]
	 Logging test loss: 5.7498e-06 [MSELoss(): t(5,20)_r(5,20)_combi_pNone_gNone]
	 Logging test loss: 3.5698e-06 [MSELoss(): t(0,0)_r(0,0)_combi_pNone_gTrue]
	 Logging test loss: 3.4363e-06 [MSELoss(): t(0,0)_r(0,0)_combi_pTrue_gTrue]
		--> Epoch time; 27.24275302886963
Epoch 3/9
	 Logging train Loss: 2.7428e-06 [MSELoss(): t(5,20)_r(5,20)_combi_pNone_gNone]
	 Logging test loss: 3.88666e-05 [MSELoss(): tennis_pNone_gNone_tennisEffect]
	 Logging test loss: 2.2171e-06 [MSELoss(): t(5,20)_r(5,20)_combi_pNone_gNone]
	 Logging test loss: 9.898e-07 [MSELoss(): t(0,0)_r(0,0)_combi_pNone_gTrue]
	 Logging test loss: 9.134e-07 [MSELoss(): t(0,0)_r(0,0)_combi_pTrue_gTrue]
		--> Epoch time; 27.31138586997986
Epoch 4/9
	 Logging train Loss: 2.1149e-06 [MSELoss(): t(5,20)_r(5,20)_combi_pNone_gNone]
	 Logging test loss: 3.41492e-05 [MSELoss(): tennis_pNone_gNone_tennisEffect]
	 Logging test loss: 1.7371e-06 [MSELoss(): t(5,20)_r(5,20)_combi_pNone_gNone]
	 Logging test loss: 5.063e-07 [MSELoss(): t(0,0)_r(0,0)_combi_pNone_gTrue]
	 Logging test loss: 4.592e-07 [MSELoss(): t(0,0)_r(0,0)_combi_pTrue_gTrue]
		--> Epoch time; 27.167804956436157
Epoch 5/9
	 Logging train Loss: 1.9804e-06 [MSELoss(): t(5,20)_r(5,20)_combi_pNone_gNone]
	 Logging test loss: 3.31062e-05 [MSELoss(): tennis_pNone_gNone_tennisEffect]
	 Logging test loss: 1.8035e-06 [MSELoss(): t(5,20)_r(5,20)_combi_pNone_gNone]
	 Logging test loss: 5.391e-07 [MSELoss(): t(0,0)_r(0,0)_combi_pNone_gTrue]
	 Logging test loss: 4.967e-07 [MSELoss(): t(0,0)_r(0,0)_combi_pTrue_gTrue]
		--> Epoch time; 27.458203554153442
Epoch 6/9
	 Logging train Loss: 1.9189e-06 [MSELoss(): t(5,20)_r(5,20)_combi_pNone_gNone]
	 Logging test loss: 3.18782e-05 [MSELoss(): tennis_pNone_gNone_tennisEffect]
	 Logging test loss: 1.6798e-06 [MSELoss(): t(5,20)_r(5,20)_combi_pNone_gNone]
	 Logging test loss: 4.54e-07 [MSELoss(): t(0,0)_r(0,0)_combi_pNone_gTrue]
	 Logging test loss: 4.184e-07 [MSELoss(): t(0,0)_r(0,0)_combi_pTrue_gTrue]
		--> Epoch time; 27.277180910110474
Epoch 7/9
	 Logging train Loss: 1.8619e-06 [MSELoss(): t(5,20)_r(5,20)_combi_pNone_gNone]
	 Logging test loss: 3.1302e-05 [MSELoss(): tennis_pNone_gNone_tennisEffect]
	 Logging test loss: 1.7528e-06 [MSELoss(): t(5,20)_r(5,20)_combi_pNone_gNone]
	 Logging test loss: 4.934e-07 [MSELoss(): t(0,0)_r(0,0)_combi_pNone_gTrue]
	 Logging test loss: 4.618e-07 [MSELoss(): t(0,0)_r(0,0)_combi_pTrue_gTrue]
		--> Epoch time; 27.21766185760498
Epoch 8/9
	 Logging train Loss: 1.8103e-06 [MSELoss(): t(5,20)_r(5,20)_combi_pNone_gNone]
	 Logging test loss: 3.06493e-05 [MSELoss(): tennis_pNone_gNone_tennisEffect]
	 Logging test loss: 1.8855e-06 [MSELoss(): t(5,20)_r(5,20)_combi_pNone_gNone]
	 Logging test loss: 5.804e-07 [MSELoss(): t(0,0)_r(0,0)_combi_pNone_gTrue]
	 Logging test loss: 5.502e-07 [MSELoss(): t(0,0)_r(0,0)_combi_pTrue_gTrue]
		--> Epoch time; 27.23538827896118
Epoch 9/9
	 Logging train Loss: 1.7678e-06 [MSELoss(): t(5,20)_r(5,20)_combi_pNone_gNone]
	 Logging test loss: 3.00494e-05 [MSELoss(): tennis_pNone_gNone_tennisEffect]
	 Logging test loss: 1.7274e-06 [MSELoss(): t(5,20)_r(5,20)_combi_pNone_gNone]
	 Logging test loss: 5.387e-07 [MSELoss(): t(0,0)_r(0,0)_combi_pNone_gTrue]
	 Logging test loss: 5.032e-07 [MSELoss(): t(0,0)_r(0,0)_combi_pTrue_gTrue]
		--> Epoch time; 27.23308753967285
Saved model in  trained_models/gru/data_t(5,20)_r(5,20)_combi_pNone_gNone/'pos_diff_1'_'False'.pth
It took  383.15278363227844  seconds.

JOB STATISTICS
==============
Job ID: 3046748
Array Job ID: 3046745_53
Cluster: snellius
User/Group: nreints/nreints
State: RUNNING
Nodes: 1
Cores per node: 18
CPU Utilized: 00:00:00
CPU Efficiency: 0.00% of 19:27:00 core-walltime
Job Wall-clock time: 01:04:50
Memory Utilized: 0.00 MB (estimated maximum)
Memory Efficiency: 0.00% of 0.00 MB (0.00 MB/node)
WARNING: Efficiency statistics may be misleading for RUNNING jobs.
