wandb: Currently logged in as: nreints. Use `wandb login --relogin` to force relogin
wandb: wandb version 0.15.4 is available!  To upgrade, please run:
wandb:  $ pip install wandb --upgrade
wandb: Tracking run with wandb version 0.14.0
wandb: Run data is saved locally in /gpfs/home2/nreints/MScThesis/code/wandb/run-20230629_135051-zirxcqbe
wandb: Run `wandb offline` to turn off syncing.
wandb: Syncing run dandy-microwave-207
wandb: â­ï¸ View project at https://wandb.ai/nreints/ThesisFinal2
wandb: ðŸš€ View run at https://wandb.ai/nreints/ThesisFinal2/runs/zirxcqbe
wandb: Waiting for W&B process to finish... (success).
wandb: 
wandb: Run history:
wandb:                                        Epoch â–â–‚â–ƒâ–ƒâ–„â–…â–†â–†â–‡â–ˆ
wandb:  Test loss t(5,20)_r(5,20)_combi_pNone_gNone â–ˆâ–†â–„â–‚â–‚â–â–‚â–‚â–â–‚
wandb:   Test loss t(5,20)_r(5,20)_full_pNone_gNone â–ˆâ–‚â–‚â–â–â–â–â–â–â–
wandb:   Test loss t(5,20)_r(5,20)_none_pNone_gNone â–ˆâ–‚â–‚â–â–â–â–â–â–â–
wandb:   Test loss t(5,20)_r(5,20)_semi_pNone_gNone â–ˆâ–ˆâ–…â–ƒâ–ƒâ–‚â–‚â–‚â–â–‚
wandb: Test loss t(5,20)_r(5,20)_tennis_pNone_gNone â–‡â–ˆâ–…â–‚â–ƒâ–â–‚â–‚â–â–‚
wandb:                                   Train loss â–ˆâ–â–â–â–â–â–â–â–â–
wandb: 
wandb: Run summary:
wandb:                                        Epoch 9
wandb:  Test loss t(5,20)_r(5,20)_combi_pNone_gNone 0.0
wandb:   Test loss t(5,20)_r(5,20)_full_pNone_gNone 0.0
wandb:   Test loss t(5,20)_r(5,20)_none_pNone_gNone 0.0
wandb:   Test loss t(5,20)_r(5,20)_semi_pNone_gNone 1e-05
wandb: Test loss t(5,20)_r(5,20)_tennis_pNone_gNone 1e-05
wandb:                                   Train loss 0.0
wandb: 
wandb: ðŸš€ View run dandy-microwave-207 at: https://wandb.ai/nreints/ThesisFinal2/runs/zirxcqbe
wandb: Synced 7 W&B file(s), 0 media file(s), 4 artifact file(s) and 1 other file(s)
wandb: Find logs at: ./wandb/run-20230629_135051-zirxcqbe/logs
wandb: - Waiting for wandb.init()...wandb: \ Waiting for wandb.init()...wandb: wandb version 0.15.4 is available!  To upgrade, please run:
wandb:  $ pip install wandb --upgrade
wandb: Tracking run with wandb version 0.14.0
wandb: Run data is saved locally in /gpfs/home2/nreints/MScThesis/code/wandb/run-20230629_140401-1pnwd8sg
wandb: Run `wandb offline` to turn off syncing.
wandb: Syncing run eternal-planet-228
wandb: â­ï¸ View project at https://wandb.ai/nreints/ThesisFinal2
wandb: ðŸš€ View run at https://wandb.ai/nreints/ThesisFinal2/runs/1pnwd8sg
Training on dataset: data_t(5,20)_r(5,20)_combi_pNone_gNone
Testing on 5 datasets: ['data_t(5,20)_r(5,20)_semi_pNone_gNone', 'data_t(5,20)_r(5,20)_combi_pNone_gNone', 'data_t(5,20)_r(5,20)_full_pNone_gNone', 'data_t(5,20)_r(5,20)_none_pNone_gNone', 'data_t(5,20)_r(5,20)_tennis_pNone_gNone']
Focussing on identity: True
Using extra input: False
Using fr-fr as reference point.
----- ITERATION 1/10 ------
Number of train simulations:  1920
Number of test simulations:  480
The dataloader for data/data_t(5,20)_r(5,20)_combi_pNone_gNone took 48.45149755477905 seconds.
-- Finished Train Dataloader --
The dataloader for data/data_t(5,20)_r(5,20)_semi_pNone_gNone took 12.99461030960083 seconds.
The dataloader for data/data_t(5,20)_r(5,20)_combi_pNone_gNone took 12.956970930099487 seconds.
The dataloader for data/data_t(5,20)_r(5,20)_full_pNone_gNone took 12.286527395248413 seconds.
The dataloader for data/data_t(5,20)_r(5,20)_none_pNone_gNone took 13.045326948165894 seconds.
The dataloader for data/data_t(5,20)_r(5,20)_tennis_pNone_gNone took 12.419195175170898 seconds.
-- Finished Test Dataloader(s) --
GRU(
  (rnn): GRU(12, 96, batch_first=True)
  (fc): Linear(in_features=96, out_features=12, bias=True)
)
Datatype: rot_mat_1
-- Started Training --
Epoch 0/9
	 Logging train Loss: 0.0003600554 [MSELoss(): t(5,20)_r(5,20)_combi_pNone_gNone]
	 Logging test loss: 1.92616e-05 [MSELoss(): t(5,20)_r(5,20)_semi_pNone_gNone]
	 Logging test loss: 1.37262e-05 [MSELoss(): t(5,20)_r(5,20)_combi_pNone_gNone]
	 Logging test loss: 8.6734e-06 [MSELoss(): t(5,20)_r(5,20)_full_pNone_gNone]
	 Logging test loss: 8.8402e-06 [MSELoss(): t(5,20)_r(5,20)_none_pNone_gNone]
	 Logging test loss: 1.83727e-05 [MSELoss(): t(5,20)_r(5,20)_tennis_pNone_gNone]
		--> Epoch time; 66.10248112678528
Epoch 1/9
	 Logging train Loss: 7.5974e-06 [MSELoss(): t(5,20)_r(5,20)_combi_pNone_gNone]
	 Logging test loss: 1.98724e-05 [MSELoss(): t(5,20)_r(5,20)_semi_pNone_gNone]
	 Logging test loss: 1.06188e-05 [MSELoss(): t(5,20)_r(5,20)_combi_pNone_gNone]
	 Logging test loss: 1.9468e-06 [MSELoss(): t(5,20)_r(5,20)_full_pNone_gNone]
	 Logging test loss: 2.0132e-06 [MSELoss(): t(5,20)_r(5,20)_none_pNone_gNone]
	 Logging test loss: 1.98519e-05 [MSELoss(): t(5,20)_r(5,20)_tennis_pNone_gNone]
		--> Epoch time; 65.6164243221283
Epoch 2/9
	 Logging train Loss: 5.4755e-06 [MSELoss(): t(5,20)_r(5,20)_combi_pNone_gNone]
	 Logging test loss: 1.16046e-05 [MSELoss(): t(5,20)_r(5,20)_semi_pNone_gNone]
	 Logging test loss: 6.102e-06 [MSELoss(): t(5,20)_r(5,20)_combi_pNone_gNone]
	 Logging test loss: 1.18e-06 [MSELoss(): t(5,20)_r(5,20)_full_pNone_gNone]
	 Logging test loss: 1.2365e-06 [MSELoss(): t(5,20)_r(5,20)_none_pNone_gNone]
	 Logging test loss: 1.14035e-05 [MSELoss(): t(5,20)_r(5,20)_tennis_pNone_gNone]
		--> Epoch time; 65.51070761680603
Epoch 3/9
	 Logging train Loss: 4.6022e-06 [MSELoss(): t(5,20)_r(5,20)_combi_pNone_gNone]
	 Logging test loss: 6.9367e-06 [MSELoss(): t(5,20)_r(5,20)_semi_pNone_gNone]
	 Logging test loss: 3.5017e-06 [MSELoss(): t(5,20)_r(5,20)_combi_pNone_gNone]
	 Logging test loss: 5.95e-07 [MSELoss(): t(5,20)_r(5,20)_full_pNone_gNone]
	 Logging test loss: 6.357e-07 [MSELoss(): t(5,20)_r(5,20)_none_pNone_gNone]
	 Logging test loss: 6.4697e-06 [MSELoss(): t(5,20)_r(5,20)_tennis_pNone_gNone]
		--> Epoch time; 66.1087098121643
Epoch 4/9
	 Logging train Loss: 3.8206e-06 [MSELoss(): t(5,20)_r(5,20)_combi_pNone_gNone]
	 Logging test loss: 7.5543e-06 [MSELoss(): t(5,20)_r(5,20)_semi_pNone_gNone]
	 Logging test loss: 3.938e-06 [MSELoss(): t(5,20)_r(5,20)_combi_pNone_gNone]
	 Logging test loss: 7.622e-07 [MSELoss(): t(5,20)_r(5,20)_full_pNone_gNone]
	 Logging test loss: 7.979e-07 [MSELoss(): t(5,20)_r(5,20)_none_pNone_gNone]
	 Logging test loss: 7.3167e-06 [MSELoss(): t(5,20)_r(5,20)_tennis_pNone_gNone]
		--> Epoch time; 66.6746084690094
Epoch 5/9
	 Logging train Loss: 3.4026e-06 [MSELoss(): t(5,20)_r(5,20)_combi_pNone_gNone]
	 Logging test loss: 4.159e-06 [MSELoss(): t(5,20)_r(5,20)_semi_pNone_gNone]
	 Logging test loss: 2.0981e-06 [MSELoss(): t(5,20)_r(5,20)_combi_pNone_gNone]
	 Logging test loss: 3.765e-07 [MSELoss(): t(5,20)_r(5,20)_full_pNone_gNone]
	 Logging test loss: 4.063e-07 [MSELoss(): t(5,20)_r(5,20)_none_pNone_gNone]
	 Logging test loss: 3.8825e-06 [MSELoss(): t(5,20)_r(5,20)_tennis_pNone_gNone]
		--> Epoch time; 67.07062292098999
Epoch 6/9
	 Logging train Loss: 2.8368e-06 [MSELoss(): t(5,20)_r(5,20)_combi_pNone_gNone]
	 Logging test loss: 5.5785e-06 [MSELoss(): t(5,20)_r(5,20)_semi_pNone_gNone]
	 Logging test loss: 2.8358e-06 [MSELoss(): t(5,20)_r(5,20)_combi_pNone_gNone]
	 Logging test loss: 3.42e-07 [MSELoss(): t(5,20)_r(5,20)_full_pNone_gNone]
	 Logging test loss: 3.686e-07 [MSELoss(): t(5,20)_r(5,20)_none_pNone_gNone]
	 Logging test loss: 5.5407e-06 [MSELoss(): t(5,20)_r(5,20)_tennis_pNone_gNone]
		--> Epoch time; 66.73046612739563
Epoch 7/9
	 Logging train Loss: 2.2861e-06 [MSELoss(): t(5,20)_r(5,20)_combi_pNone_gNone]
	 Logging test loss: 5.6113e-06 [MSELoss(): t(5,20)_r(5,20)_semi_pNone_gNone]
	 Logging test loss: 2.9494e-06 [MSELoss(): t(5,20)_r(5,20)_combi_pNone_gNone]
	 Logging test loss: 4.28e-07 [MSELoss(): t(5,20)_r(5,20)_full_pNone_gNone]
	 Logging test loss: 4.567e-07 [MSELoss(): t(5,20)_r(5,20)_none_pNone_gNone]
	 Logging test loss: 5.7157e-06 [MSELoss(): t(5,20)_r(5,20)_tennis_pNone_gNone]
		--> Epoch time; 66.24668288230896
Epoch 8/9
	 Logging train Loss: 1.9291e-06 [MSELoss(): t(5,20)_r(5,20)_combi_pNone_gNone]
	 Logging test loss: 2.8226e-06 [MSELoss(): t(5,20)_r(5,20)_semi_pNone_gNone]
	 Logging test loss: 1.5166e-06 [MSELoss(): t(5,20)_r(5,20)_combi_pNone_gNone]
	 Logging test loss: 2.799e-07 [MSELoss(): t(5,20)_r(5,20)_full_pNone_gNone]
	 Logging test loss: 2.989e-07 [MSELoss(): t(5,20)_r(5,20)_none_pNone_gNone]
	 Logging test loss: 2.8459e-06 [MSELoss(): t(5,20)_r(5,20)_tennis_pNone_gNone]
		--> Epoch time; 66.19625639915466
Epoch 9/9
	 Logging train Loss: 1.707e-06 [MSELoss(): t(5,20)_r(5,20)_combi_pNone_gNone]
	 Logging test loss: 5.7564e-06 [MSELoss(): t(5,20)_r(5,20)_semi_pNone_gNone]
	 Logging test loss: 3.0117e-06 [MSELoss(): t(5,20)_r(5,20)_combi_pNone_gNone]
	 Logging test loss: 3.581e-07 [MSELoss(): t(5,20)_r(5,20)_full_pNone_gNone]
	 Logging test loss: 3.792e-07 [MSELoss(): t(5,20)_r(5,20)_none_pNone_gNone]
	 Logging test loss: 6.1081e-06 [MSELoss(): t(5,20)_r(5,20)_tennis_pNone_gNone]
		--> Epoch time; 66.20986151695251
Saved model in  trained_models/gru/data_t(5,20)_r(5,20)_combi_pNone_gNone/'rot_mat_1'_'False'.pth
It took  791.4674437046051  seconds.
----- ITERATION 2/10 ------
Number of train simulations:  1920
Number of test simulations:  480
The dataloader for data/data_t(5,20)_r(5,20)_combi_pNone_gNone took 50.685654163360596 seconds.
-- Finished Train Dataloader --
The dataloader for data/data_t(5,20)_r(5,20)_semi_pNone_gNone took 12.134429931640625 seconds.
The dataloader for data/data_t(5,20)_r(5,20)_combi_pNone_gNone took 12.160758972167969 seconds.
The dataloader for data/data_t(5,20)_r(5,20)_full_pNone_gNone took 12.78392744064331 seconds.
The dataloader for data/data_t(5,20)_r(5,20)_none_pNone_gNone took 12.163240432739258 seconds.
The dataloader for data/data_t(5,20)_r(5,20)_tennis_pNone_gNone took 12.765279054641724 seconds.
-- Finished Test Dataloader(s) --
GRU(
  (rnn): GRU(12, 96, batch_first=True)
  (fc): Linear(in_features=96, out_features=12, bias=True)
)
Datatype: rot_mat_1
-- Started Training --
Epoch 0/9
	 Logging train Loss: 0.000253377 [MSELoss(): t(5,20)_r(5,20)_combi_pNone_gNone]
	 Logging test loss: 1.13236e-05 [MSELoss(): t(5,20)_r(5,20)_semi_pNone_gNone]
	 Logging test loss: 6.6767e-06 [MSELoss(): t(5,20)_r(5,20)_combi_pNone_gNone]
	 Logging test loss: 2.9815e-06 [MSELoss(): t(5,20)_r(5,20)_full_pNone_gNone]
	 Logging test loss: 3.0535e-06 [MSELoss(): t(5,20)_r(5,20)_none_pNone_gNone]
	 Logging test loss: 1.04074e-05 [MSELoss(): t(5,20)_r(5,20)_tennis_pNone_gNone]
		--> Epoch time; 66.66566610336304
Epoch 1/9
	 Logging train Loss: 6.1159e-06 [MSELoss(): t(5,20)_r(5,20)_combi_pNone_gNone]
	 Logging test loss: 1.17794e-05 [MSELoss(): t(5,20)_r(5,20)_semi_pNone_gNone]
wandb: Waiting for W&B process to finish... (success).
wandb: 
wandb: Run history:
wandb:                                        Epoch â–â–‚â–ƒâ–ƒâ–„â–…â–†â–†â–‡â–ˆ
wandb:  Test loss t(5,20)_r(5,20)_combi_pNone_gNone â–ˆâ–‡â–†â–…â–‚â–â–â–â–â–„
wandb:   Test loss t(5,20)_r(5,20)_full_pNone_gNone â–ˆâ–„â–ƒâ–‚â–â–â–‚â–â–â–‡
wandb:   Test loss t(5,20)_r(5,20)_none_pNone_gNone â–ˆâ–„â–ƒâ–‚â–â–â–‚â–â–â–‡
wandb:   Test loss t(5,20)_r(5,20)_semi_pNone_gNone â–ˆâ–ˆâ–‡â–†â–‚â–â–â–â–â–ƒ
wandb: Test loss t(5,20)_r(5,20)_tennis_pNone_gNone â–‡â–ˆâ–‡â–†â–‚â–â–â–â–â–ƒ
wandb:                                   Train loss â–ˆâ–â–â–â–â–â–â–â–â–
wandb: 
wandb: Run summary:
wandb:                                        Epoch 9
wandb:  Test loss t(5,20)_r(5,20)_combi_pNone_gNone 0.0
wandb:   Test loss t(5,20)_r(5,20)_full_pNone_gNone 0.0
wandb:   Test loss t(5,20)_r(5,20)_none_pNone_gNone 0.0
wandb:   Test loss t(5,20)_r(5,20)_semi_pNone_gNone 0.0
wandb: Test loss t(5,20)_r(5,20)_tennis_pNone_gNone 0.0
wandb:                                   Train loss 0.0
wandb: 
wandb: ðŸš€ View run eternal-planet-228 at: https://wandb.ai/nreints/ThesisFinal2/runs/1pnwd8sg
wandb: Synced 7 W&B file(s), 0 media file(s), 4 artifact file(s) and 1 other file(s)
wandb: Find logs at: ./wandb/run-20230629_140401-1pnwd8sg/logs
wandb: - Waiting for wandb.init()...wandb: \ Waiting for wandb.init()...wandb: wandb version 0.15.4 is available!  To upgrade, please run:
wandb:  $ pip install wandb --upgrade
wandb: Tracking run with wandb version 0.14.0
wandb: Run data is saved locally in /gpfs/home2/nreints/MScThesis/code/wandb/run-20230629_141704-c52teawc
wandb: Run `wandb offline` to turn off syncing.
wandb: Syncing run warm-yogurt-248
wandb: â­ï¸ View project at https://wandb.ai/nreints/ThesisFinal2
wandb: ðŸš€ View run at https://wandb.ai/nreints/ThesisFinal2/runs/c52teawc
	 Logging test loss: 6.1244e-06 [MSELoss(): t(5,20)_r(5,20)_combi_pNone_gNone]
	 Logging test loss: 1.4585e-06 [MSELoss(): t(5,20)_r(5,20)_full_pNone_gNone]
	 Logging test loss: 1.5206e-06 [MSELoss(): t(5,20)_r(5,20)_none_pNone_gNone]
	 Logging test loss: 1.13828e-05 [MSELoss(): t(5,20)_r(5,20)_tennis_pNone_gNone]
		--> Epoch time; 66.07584643363953
Epoch 2/9
	 Logging train Loss: 5.3751e-06 [MSELoss(): t(5,20)_r(5,20)_combi_pNone_gNone]
	 Logging test loss: 1.0193e-05 [MSELoss(): t(5,20)_r(5,20)_semi_pNone_gNone]
	 Logging test loss: 5.0863e-06 [MSELoss(): t(5,20)_r(5,20)_combi_pNone_gNone]
	 Logging test loss: 9.186e-07 [MSELoss(): t(5,20)_r(5,20)_full_pNone_gNone]
	 Logging test loss: 9.59e-07 [MSELoss(): t(5,20)_r(5,20)_none_pNone_gNone]
	 Logging test loss: 9.772e-06 [MSELoss(): t(5,20)_r(5,20)_tennis_pNone_gNone]
		--> Epoch time; 65.34951639175415
Epoch 3/9
	 Logging train Loss: 4.6565e-06 [MSELoss(): t(5,20)_r(5,20)_combi_pNone_gNone]
	 Logging test loss: 8.8278e-06 [MSELoss(): t(5,20)_r(5,20)_semi_pNone_gNone]
	 Logging test loss: 4.4067e-06 [MSELoss(): t(5,20)_r(5,20)_combi_pNone_gNone]
	 Logging test loss: 6.377e-07 [MSELoss(): t(5,20)_r(5,20)_full_pNone_gNone]
	 Logging test loss: 6.639e-07 [MSELoss(): t(5,20)_r(5,20)_none_pNone_gNone]
	 Logging test loss: 8.7855e-06 [MSELoss(): t(5,20)_r(5,20)_tennis_pNone_gNone]
		--> Epoch time; 65.57884407043457
Epoch 4/9
	 Logging train Loss: 3.4028e-06 [MSELoss(): t(5,20)_r(5,20)_combi_pNone_gNone]
	 Logging test loss: 4.1367e-06 [MSELoss(): t(5,20)_r(5,20)_semi_pNone_gNone]
	 Logging test loss: 1.99e-06 [MSELoss(): t(5,20)_r(5,20)_combi_pNone_gNone]
	 Logging test loss: 3.301e-07 [MSELoss(): t(5,20)_r(5,20)_full_pNone_gNone]
	 Logging test loss: 3.479e-07 [MSELoss(): t(5,20)_r(5,20)_none_pNone_gNone]
	 Logging test loss: 3.9011e-06 [MSELoss(): t(5,20)_r(5,20)_tennis_pNone_gNone]
		--> Epoch time; 65.40103077888489
Epoch 5/9
	 Logging train Loss: 2.8462e-06 [MSELoss(): t(5,20)_r(5,20)_combi_pNone_gNone]
	 Logging test loss: 2.6742e-06 [MSELoss(): t(5,20)_r(5,20)_semi_pNone_gNone]
	 Logging test loss: 1.3313e-06 [MSELoss(): t(5,20)_r(5,20)_combi_pNone_gNone]
	 Logging test loss: 2.506e-07 [MSELoss(): t(5,20)_r(5,20)_full_pNone_gNone]
	 Logging test loss: 2.615e-07 [MSELoss(): t(5,20)_r(5,20)_none_pNone_gNone]
	 Logging test loss: 2.5404e-06 [MSELoss(): t(5,20)_r(5,20)_tennis_pNone_gNone]
		--> Epoch time; 65.52564883232117
Epoch 6/9
	 Logging train Loss: 2.2076e-06 [MSELoss(): t(5,20)_r(5,20)_combi_pNone_gNone]
	 Logging test loss: 2.77e-06 [MSELoss(): t(5,20)_r(5,20)_semi_pNone_gNone]
	 Logging test loss: 1.6336e-06 [MSELoss(): t(5,20)_r(5,20)_combi_pNone_gNone]
	 Logging test loss: 7.238e-07 [MSELoss(): t(5,20)_r(5,20)_full_pNone_gNone]
	 Logging test loss: 7.327e-07 [MSELoss(): t(5,20)_r(5,20)_none_pNone_gNone]
	 Logging test loss: 2.6817e-06 [MSELoss(): t(5,20)_r(5,20)_tennis_pNone_gNone]
		--> Epoch time; 65.43661856651306
Epoch 7/9
	 Logging train Loss: 1.9873e-06 [MSELoss(): t(5,20)_r(5,20)_combi_pNone_gNone]
	 Logging test loss: 2.5018e-06 [MSELoss(): t(5,20)_r(5,20)_semi_pNone_gNone]
	 Logging test loss: 1.3111e-06 [MSELoss(): t(5,20)_r(5,20)_combi_pNone_gNone]
	 Logging test loss: 3.722e-07 [MSELoss(): t(5,20)_r(5,20)_full_pNone_gNone]
	 Logging test loss: 3.782e-07 [MSELoss(): t(5,20)_r(5,20)_none_pNone_gNone]
	 Logging test loss: 2.4273e-06 [MSELoss(): t(5,20)_r(5,20)_tennis_pNone_gNone]
		--> Epoch time; 65.44249725341797
Epoch 8/9
	 Logging train Loss: 1.7485e-06 [MSELoss(): t(5,20)_r(5,20)_combi_pNone_gNone]
	 Logging test loss: 2.3544e-06 [MSELoss(): t(5,20)_r(5,20)_semi_pNone_gNone]
	 Logging test loss: 1.2594e-06 [MSELoss(): t(5,20)_r(5,20)_combi_pNone_gNone]
	 Logging test loss: 3.607e-07 [MSELoss(): t(5,20)_r(5,20)_full_pNone_gNone]
	 Logging test loss: 3.668e-07 [MSELoss(): t(5,20)_r(5,20)_none_pNone_gNone]
	 Logging test loss: 2.3148e-06 [MSELoss(): t(5,20)_r(5,20)_tennis_pNone_gNone]
		--> Epoch time; 65.66574478149414
Epoch 9/9
	 Logging train Loss: 1.7101e-06 [MSELoss(): t(5,20)_r(5,20)_combi_pNone_gNone]
	 Logging test loss: 4.4269e-06 [MSELoss(): t(5,20)_r(5,20)_semi_pNone_gNone]
	 Logging test loss: 3.3605e-06 [MSELoss(): t(5,20)_r(5,20)_combi_pNone_gNone]
	 Logging test loss: 2.5024e-06 [MSELoss(): t(5,20)_r(5,20)_full_pNone_gNone]
	 Logging test loss: 2.5107e-06 [MSELoss(): t(5,20)_r(5,20)_none_pNone_gNone]
	 Logging test loss: 4.3767e-06 [MSELoss(): t(5,20)_r(5,20)_tennis_pNone_gNone]
		--> Epoch time; 65.96456861495972
Saved model in  trained_models/gru/data_t(5,20)_r(5,20)_combi_pNone_gNone/'rot_mat_1'_'False'.pth
It took  782.2449114322662  seconds.
----- ITERATION 3/10 ------
Number of train simulations:  1920
Number of test simulations:  480
The dataloader for data/data_t(5,20)_r(5,20)_combi_pNone_gNone took 50.102256059646606 seconds.
-- Finished Train Dataloader --
The dataloader for data/data_t(5,20)_r(5,20)_semi_pNone_gNone took 12.176528930664062 seconds.
The dataloader for data/data_t(5,20)_r(5,20)_combi_pNone_gNone took 12.46293020248413 seconds.
The dataloader for data/data_t(5,20)_r(5,20)_full_pNone_gNone took 12.682828664779663 seconds.
The dataloader for data/data_t(5,20)_r(5,20)_none_pNone_gNone took 12.206459045410156 seconds.
The dataloader for data/data_t(5,20)_r(5,20)_tennis_pNone_gNone took 12.807748556137085 seconds.
-- Finished Test Dataloader(s) --
GRU(
  (rnn): GRU(12, 96, batch_first=True)
  (fc): Linear(in_features=96, out_features=12, bias=True)
)
Datatype: rot_mat_1
-- Started Training --
Epoch 0/9
	 Logging train Loss: 0.0003176286 [MSELoss(): t(5,20)_r(5,20)_combi_pNone_gNone]
	 Logging test loss: 1.58913e-05 [MSELoss(): t(5,20)_r(5,20)_semi_pNone_gNone]
	 Logging test loss: 1.1101e-05 [MSELoss(): t(5,20)_r(5,20)_combi_pNone_gNone]
	 Logging test loss: 6.6675e-06 [MSELoss(): t(5,20)_r(5,20)_full_pNone_gNone]
	 Logging test loss: 6.9343e-06 [MSELoss(): t(5,20)_r(5,20)_none_pNone_gNone]
	 Logging test loss: 1.57725e-05 [MSELoss(): t(5,20)_r(5,20)_tennis_pNone_gNone]
		--> Epoch time; 68.36440229415894
Epoch 1/9
	 Logging train Loss: 7.3208e-06 [MSELoss(): t(5,20)_r(5,20)_combi_pNone_gNone]
	 Logging test loss: 9.5026e-06 [MSELoss(): t(5,20)_r(5,20)_semi_pNone_gNone]
	 Logging test loss: 5.4035e-06 [MSELoss(): t(5,20)_r(5,20)_combi_pNone_gNone]
	 Logging test loss: 1.503e-06 [MSELoss(): t(5,20)_r(5,20)_full_pNone_gNone]
	 Logging test loss: 1.5595e-06 [MSELoss(): t(5,20)_r(5,20)_none_pNone_gNone]
	 Logging test loss: 9.4807e-06 [MSELoss(): t(5,20)_r(5,20)_tennis_pNone_gNone]
		--> Epoch time; 68.83608722686768
Epoch 2/9
	 Logging train Loss: 5.5874e-06 [MSELoss(): t(5,20)_r(5,20)_combi_pNone_gNone]
	 Logging test loss: 9.3729e-06 [MSELoss(): t(5,20)_r(5,20)_semi_pNone_gNone]
	 Logging test loss: 5.1092e-06 [MSELoss(): t(5,20)_r(5,20)_combi_pNone_gNone]
	 Logging test loss: 9.299e-07 [MSELoss(): t(5,20)_r(5,20)_full_pNone_gNone]
	 Logging test loss: 9.817e-07 [MSELoss(): t(5,20)_r(5,20)_none_pNone_gNone]
	 Logging test loss: 9.6199e-06 [MSELoss(): t(5,20)_r(5,20)_tennis_pNone_gNone]
		--> Epoch time; 68.55810809135437
Epoch 3/9
	 Logging train Loss: 4.6003e-06 [MSELoss(): t(5,20)_r(5,20)_combi_pNone_gNone]
	 Logging test loss: 6.7438e-06 [MSELoss(): t(5,20)_r(5,20)_semi_pNone_gNone]
	 Logging test loss: 3.6231e-06 [MSELoss(): t(5,20)_r(5,20)_combi_pNone_gNone]
	 Logging test loss: 5.882e-07 [MSELoss(): t(5,20)_r(5,20)_full_pNone_gNone]
	 Logging test loss: 6.28e-07 [MSELoss(): t(5,20)_r(5,20)_none_pNone_gNone]
	 Logging test loss: 6.8898e-06 [MSELoss(): t(5,20)_r(5,20)_tennis_pNone_gNone]
		--> Epoch time; 68.26861763000488
Epoch 4/9
	 Logging train Loss: 3.5295e-06 [MSELoss(): t(5,20)_r(5,20)_combi_pNone_gNone]
	 Logging test loss: 5.031e-06 [MSELoss(): t(5,20)_r(5,20)_semi_pNone_gNone]
	 Logging test loss: 2.7483e-06 [MSELoss(): t(5,20)_r(5,20)_combi_pNone_gNone]
	 Logging test loss: 5.325e-07 [MSELoss(): t(5,20)_r(5,20)_full_pNone_gNone]
	 Logging test loss: 5.685e-07 [MSELoss(): t(5,20)_r(5,20)_none_pNone_gNone]
	 Logging test loss: 5.1776e-06 [MSELoss(): t(5,20)_r(5,20)_tennis_pNone_gNone]
		--> Epoch time; 67.79321813583374
Epoch 5/9
	 Logging train Loss: 3.0513e-06 [MSELoss(): t(5,20)_r(5,20)_combi_pNone_gNone]
wandb: Waiting for W&B process to finish... (success).
wandb: 
wandb: Run history:
wandb:                                        Epoch â–â–‚â–ƒâ–ƒâ–„â–…â–†â–†â–‡â–ˆ
wandb:  Test loss t(5,20)_r(5,20)_combi_pNone_gNone â–ˆâ–„â–„â–ƒâ–‚â–‚â–ƒâ–â–â–‚
wandb:   Test loss t(5,20)_r(5,20)_full_pNone_gNone â–ˆâ–‚â–‚â–â–â–â–â–â–â–
wandb:   Test loss t(5,20)_r(5,20)_none_pNone_gNone â–ˆâ–‚â–‚â–â–â–â–â–â–â–
wandb:   Test loss t(5,20)_r(5,20)_semi_pNone_gNone â–ˆâ–…â–…â–ƒâ–‚â–‚â–„â–â–â–‚
wandb: Test loss t(5,20)_r(5,20)_tennis_pNone_gNone â–ˆâ–…â–…â–ƒâ–‚â–‚â–„â–â–â–‚
wandb:                                   Train loss â–ˆâ–â–â–â–â–â–â–â–â–
wandb: 
wandb: Run summary:
wandb:                                        Epoch 9
wandb:  Test loss t(5,20)_r(5,20)_combi_pNone_gNone 0.0
wandb:   Test loss t(5,20)_r(5,20)_full_pNone_gNone 0.0
wandb:   Test loss t(5,20)_r(5,20)_none_pNone_gNone 0.0
wandb:   Test loss t(5,20)_r(5,20)_semi_pNone_gNone 0.0
wandb: Test loss t(5,20)_r(5,20)_tennis_pNone_gNone 1e-05
wandb:                                   Train loss 0.0
wandb: 
wandb: ðŸš€ View run warm-yogurt-248 at: https://wandb.ai/nreints/ThesisFinal2/runs/c52teawc
wandb: Synced 7 W&B file(s), 0 media file(s), 4 artifact file(s) and 1 other file(s)
wandb: Find logs at: ./wandb/run-20230629_141704-c52teawc/logs
wandb: - Waiting for wandb.init()...wandb: \ Waiting for wandb.init()...wandb: wandb version 0.15.4 is available!  To upgrade, please run:
wandb:  $ pip install wandb --upgrade
wandb: Tracking run with wandb version 0.14.0
wandb: Run data is saved locally in /gpfs/home2/nreints/MScThesis/code/wandb/run-20230629_143030-x4nv0eq9
wandb: Run `wandb offline` to turn off syncing.
wandb: Syncing run leafy-yogurt-271
wandb: â­ï¸ View project at https://wandb.ai/nreints/ThesisFinal2
wandb: ðŸš€ View run at https://wandb.ai/nreints/ThesisFinal2/runs/x4nv0eq9
	 Logging test loss: 4.044e-06 [MSELoss(): t(5,20)_r(5,20)_semi_pNone_gNone]
	 Logging test loss: 2.1681e-06 [MSELoss(): t(5,20)_r(5,20)_combi_pNone_gNone]
	 Logging test loss: 3.614e-07 [MSELoss(): t(5,20)_r(5,20)_full_pNone_gNone]
	 Logging test loss: 3.802e-07 [MSELoss(): t(5,20)_r(5,20)_none_pNone_gNone]
	 Logging test loss: 4.138e-06 [MSELoss(): t(5,20)_r(5,20)_tennis_pNone_gNone]
		--> Epoch time; 67.80040407180786
Epoch 6/9
	 Logging train Loss: 2.3654e-06 [MSELoss(): t(5,20)_r(5,20)_combi_pNone_gNone]
	 Logging test loss: 7.5876e-06 [MSELoss(): t(5,20)_r(5,20)_semi_pNone_gNone]
	 Logging test loss: 4.0226e-06 [MSELoss(): t(5,20)_r(5,20)_combi_pNone_gNone]
	 Logging test loss: 3.499e-07 [MSELoss(): t(5,20)_r(5,20)_full_pNone_gNone]
	 Logging test loss: 3.607e-07 [MSELoss(): t(5,20)_r(5,20)_none_pNone_gNone]
	 Logging test loss: 8.2336e-06 [MSELoss(): t(5,20)_r(5,20)_tennis_pNone_gNone]
		--> Epoch time; 67.21586465835571
Epoch 7/9
	 Logging train Loss: 1.9356e-06 [MSELoss(): t(5,20)_r(5,20)_combi_pNone_gNone]
	 Logging test loss: 2.4688e-06 [MSELoss(): t(5,20)_r(5,20)_semi_pNone_gNone]
	 Logging test loss: 1.4728e-06 [MSELoss(): t(5,20)_r(5,20)_combi_pNone_gNone]
	 Logging test loss: 4.784e-07 [MSELoss(): t(5,20)_r(5,20)_full_pNone_gNone]
	 Logging test loss: 4.887e-07 [MSELoss(): t(5,20)_r(5,20)_none_pNone_gNone]
	 Logging test loss: 2.5515e-06 [MSELoss(): t(5,20)_r(5,20)_tennis_pNone_gNone]
		--> Epoch time; 67.53245806694031
Epoch 8/9
	 Logging train Loss: 1.7442e-06 [MSELoss(): t(5,20)_r(5,20)_combi_pNone_gNone]
	 Logging test loss: 2.8122e-06 [MSELoss(): t(5,20)_r(5,20)_semi_pNone_gNone]
	 Logging test loss: 1.5594e-06 [MSELoss(): t(5,20)_r(5,20)_combi_pNone_gNone]
	 Logging test loss: 2.464e-07 [MSELoss(): t(5,20)_r(5,20)_full_pNone_gNone]
	 Logging test loss: 2.574e-07 [MSELoss(): t(5,20)_r(5,20)_none_pNone_gNone]
	 Logging test loss: 3.0275e-06 [MSELoss(): t(5,20)_r(5,20)_tennis_pNone_gNone]
		--> Epoch time; 67.79270553588867
Epoch 9/9
	 Logging train Loss: 1.6734e-06 [MSELoss(): t(5,20)_r(5,20)_combi_pNone_gNone]
	 Logging test loss: 4.6776e-06 [MSELoss(): t(5,20)_r(5,20)_semi_pNone_gNone]
	 Logging test loss: 2.5371e-06 [MSELoss(): t(5,20)_r(5,20)_combi_pNone_gNone]
	 Logging test loss: 3.856e-07 [MSELoss(): t(5,20)_r(5,20)_full_pNone_gNone]
	 Logging test loss: 3.966e-07 [MSELoss(): t(5,20)_r(5,20)_none_pNone_gNone]
	 Logging test loss: 5.0139e-06 [MSELoss(): t(5,20)_r(5,20)_tennis_pNone_gNone]
		--> Epoch time; 67.61223411560059
Saved model in  trained_models/gru/data_t(5,20)_r(5,20)_combi_pNone_gNone/'rot_mat_1'_'False'.pth
It took  806.3266649246216  seconds.
----- ITERATION 4/10 ------
Number of train simulations:  1920
Number of test simulations:  480
The dataloader for data/data_t(5,20)_r(5,20)_combi_pNone_gNone took 49.433255672454834 seconds.
-- Finished Train Dataloader --
The dataloader for data/data_t(5,20)_r(5,20)_semi_pNone_gNone took 12.161136150360107 seconds.
The dataloader for data/data_t(5,20)_r(5,20)_combi_pNone_gNone took 12.156924486160278 seconds.
The dataloader for data/data_t(5,20)_r(5,20)_full_pNone_gNone took 12.646648168563843 seconds.
The dataloader for data/data_t(5,20)_r(5,20)_none_pNone_gNone took 12.679568529129028 seconds.
The dataloader for data/data_t(5,20)_r(5,20)_tennis_pNone_gNone took 12.578552484512329 seconds.
-- Finished Test Dataloader(s) --
GRU(
  (rnn): GRU(12, 96, batch_first=True)
  (fc): Linear(in_features=96, out_features=12, bias=True)
)
Datatype: rot_mat_1
-- Started Training --
Epoch 0/9
	 Logging train Loss: 0.0002978321 [MSELoss(): t(5,20)_r(5,20)_combi_pNone_gNone]
	 Logging test loss: 2.11124e-05 [MSELoss(): t(5,20)_r(5,20)_semi_pNone_gNone]
	 Logging test loss: 1.47827e-05 [MSELoss(): t(5,20)_r(5,20)_combi_pNone_gNone]
	 Logging test loss: 8.0285e-06 [MSELoss(): t(5,20)_r(5,20)_full_pNone_gNone]
	 Logging test loss: 7.8758e-06 [MSELoss(): t(5,20)_r(5,20)_none_pNone_gNone]
	 Logging test loss: 2.12083e-05 [MSELoss(): t(5,20)_r(5,20)_tennis_pNone_gNone]
		--> Epoch time; 67.73333954811096
Epoch 1/9
	 Logging train Loss: 7.9808e-06 [MSELoss(): t(5,20)_r(5,20)_combi_pNone_gNone]
	 Logging test loss: 8.6033e-06 [MSELoss(): t(5,20)_r(5,20)_semi_pNone_gNone]
	 Logging test loss: 5.3267e-06 [MSELoss(): t(5,20)_r(5,20)_combi_pNone_gNone]
	 Logging test loss: 1.9097e-06 [MSELoss(): t(5,20)_r(5,20)_full_pNone_gNone]
	 Logging test loss: 1.9672e-06 [MSELoss(): t(5,20)_r(5,20)_none_pNone_gNone]
	 Logging test loss: 8.3373e-06 [MSELoss(): t(5,20)_r(5,20)_tennis_pNone_gNone]
		--> Epoch time; 68.71826481819153
Epoch 2/9
	 Logging train Loss: 5.9354e-06 [MSELoss(): t(5,20)_r(5,20)_combi_pNone_gNone]
	 Logging test loss: 6.7432e-06 [MSELoss(): t(5,20)_r(5,20)_semi_pNone_gNone]
	 Logging test loss: 4.0035e-06 [MSELoss(): t(5,20)_r(5,20)_combi_pNone_gNone]
	 Logging test loss: 1.1169e-06 [MSELoss(): t(5,20)_r(5,20)_full_pNone_gNone]
	 Logging test loss: 1.1596e-06 [MSELoss(): t(5,20)_r(5,20)_none_pNone_gNone]
	 Logging test loss: 6.5666e-06 [MSELoss(): t(5,20)_r(5,20)_tennis_pNone_gNone]
		--> Epoch time; 67.61391186714172
Epoch 3/9
	 Logging train Loss: 4.6731e-06 [MSELoss(): t(5,20)_r(5,20)_combi_pNone_gNone]
	 Logging test loss: 1.01037e-05 [MSELoss(): t(5,20)_r(5,20)_semi_pNone_gNone]
	 Logging test loss: 5.5187e-06 [MSELoss(): t(5,20)_r(5,20)_combi_pNone_gNone]
	 Logging test loss: 8.316e-07 [MSELoss(): t(5,20)_r(5,20)_full_pNone_gNone]
	 Logging test loss: 8.587e-07 [MSELoss(): t(5,20)_r(5,20)_none_pNone_gNone]
	 Logging test loss: 1.02755e-05 [MSELoss(): t(5,20)_r(5,20)_tennis_pNone_gNone]
		--> Epoch time; 67.83935260772705
Epoch 4/9
	 Logging train Loss: 3.6669e-06 [MSELoss(): t(5,20)_r(5,20)_combi_pNone_gNone]
	 Logging test loss: 7.5171e-06 [MSELoss(): t(5,20)_r(5,20)_semi_pNone_gNone]
	 Logging test loss: 4.0181e-06 [MSELoss(): t(5,20)_r(5,20)_combi_pNone_gNone]
	 Logging test loss: 4.962e-07 [MSELoss(): t(5,20)_r(5,20)_full_pNone_gNone]
	 Logging test loss: 5.203e-07 [MSELoss(): t(5,20)_r(5,20)_none_pNone_gNone]
	 Logging test loss: 7.5513e-06 [MSELoss(): t(5,20)_r(5,20)_tennis_pNone_gNone]
		--> Epoch time; 68.54927802085876
Epoch 5/9
	 Logging train Loss: 2.9846e-06 [MSELoss(): t(5,20)_r(5,20)_combi_pNone_gNone]
	 Logging test loss: 2.8613e-06 [MSELoss(): t(5,20)_r(5,20)_semi_pNone_gNone]
	 Logging test loss: 1.6007e-06 [MSELoss(): t(5,20)_r(5,20)_combi_pNone_gNone]
	 Logging test loss: 2.832e-07 [MSELoss(): t(5,20)_r(5,20)_full_pNone_gNone]
	 Logging test loss: 2.984e-07 [MSELoss(): t(5,20)_r(5,20)_none_pNone_gNone]
	 Logging test loss: 2.7714e-06 [MSELoss(): t(5,20)_r(5,20)_tennis_pNone_gNone]
		--> Epoch time; 68.4167263507843
Epoch 6/9
	 Logging train Loss: 2.1557e-06 [MSELoss(): t(5,20)_r(5,20)_combi_pNone_gNone]
	 Logging test loss: 2.8326e-06 [MSELoss(): t(5,20)_r(5,20)_semi_pNone_gNone]
	 Logging test loss: 1.5935e-06 [MSELoss(): t(5,20)_r(5,20)_combi_pNone_gNone]
	 Logging test loss: 3.166e-07 [MSELoss(): t(5,20)_r(5,20)_full_pNone_gNone]
	 Logging test loss: 3.294e-07 [MSELoss(): t(5,20)_r(5,20)_none_pNone_gNone]
	 Logging test loss: 2.873e-06 [MSELoss(): t(5,20)_r(5,20)_tennis_pNone_gNone]
		--> Epoch time; 68.51576828956604
Epoch 7/9
	 Logging train Loss: 1.8927e-06 [MSELoss(): t(5,20)_r(5,20)_combi_pNone_gNone]
	 Logging test loss: 2.4873e-06 [MSELoss(): t(5,20)_r(5,20)_semi_pNone_gNone]
	 Logging test loss: 1.3937e-06 [MSELoss(): t(5,20)_r(5,20)_combi_pNone_gNone]
	 Logging test loss: 2.47e-07 [MSELoss(): t(5,20)_r(5,20)_full_pNone_gNone]
	 Logging test loss: 2.542e-07 [MSELoss(): t(5,20)_r(5,20)_none_pNone_gNone]
	 Logging test loss: 2.5343e-06 [MSELoss(): t(5,20)_r(5,20)_tennis_pNone_gNone]
		--> Epoch time; 68.24616432189941
Epoch 8/9
	 Logging train Loss: 1.7648e-06 [MSELoss(): t(5,20)_r(5,20)_combi_pNone_gNone]
	 Logging test loss: 1.9501e-06 [MSELoss(): t(5,20)_r(5,20)_semi_pNone_gNone]
	 Logging test loss: 1.1056e-06 [MSELoss(): t(5,20)_r(5,20)_combi_pNone_gNone]
	 Logging test loss: 2.13e-07 [MSELoss(): t(5,20)_r(5,20)_full_pNone_gNone]
	 Logging test loss: 2.227e-07 [MSELoss(): t(5,20)_r(5,20)_none_pNone_gNone]
	 Logging test loss: 1.9762e-06 [MSELoss(): t(5,20)_r(5,20)_tennis_pNone_gNone]
		--> Epoch time; 68.21463918685913
Epoch 9/9
wandb: Waiting for W&B process to finish... (success).
wandb: 
wandb: Run history:
wandb:                                        Epoch â–â–‚â–ƒâ–ƒâ–„â–…â–†â–†â–‡â–ˆ
wandb:  Test loss t(5,20)_r(5,20)_combi_pNone_gNone â–ˆâ–ƒâ–‚â–ƒâ–‚â–â–â–â–â–‚
wandb:   Test loss t(5,20)_r(5,20)_full_pNone_gNone â–ˆâ–ƒâ–‚â–‚â–â–â–â–â–â–ƒ
wandb:   Test loss t(5,20)_r(5,20)_none_pNone_gNone â–ˆâ–ƒâ–‚â–‚â–â–â–â–â–â–ƒ
wandb:   Test loss t(5,20)_r(5,20)_semi_pNone_gNone â–ˆâ–ƒâ–ƒâ–„â–ƒâ–â–â–â–â–‚
wandb: Test loss t(5,20)_r(5,20)_tennis_pNone_gNone â–ˆâ–ƒâ–ƒâ–„â–ƒâ–â–â–â–â–‚
wandb:                                   Train loss â–ˆâ–â–â–â–â–â–â–â–â–
wandb: 
wandb: Run summary:
wandb:                                        Epoch 9
wandb:  Test loss t(5,20)_r(5,20)_combi_pNone_gNone 0.0
wandb:   Test loss t(5,20)_r(5,20)_full_pNone_gNone 0.0
wandb:   Test loss t(5,20)_r(5,20)_none_pNone_gNone 0.0
wandb:   Test loss t(5,20)_r(5,20)_semi_pNone_gNone 0.0
wandb: Test loss t(5,20)_r(5,20)_tennis_pNone_gNone 0.0
wandb:                                   Train loss 0.0
wandb: 
wandb: ðŸš€ View run leafy-yogurt-271 at: https://wandb.ai/nreints/ThesisFinal2/runs/x4nv0eq9
wandb: Synced 7 W&B file(s), 0 media file(s), 4 artifact file(s) and 1 other file(s)
wandb: Find logs at: ./wandb/run-20230629_143030-x4nv0eq9/logs
wandb: - Waiting for wandb.init()...wandb: \ Waiting for wandb.init()...wandb: wandb version 0.15.4 is available!  To upgrade, please run:
wandb:  $ pip install wandb --upgrade
wandb: Tracking run with wandb version 0.14.0
wandb: Run data is saved locally in /gpfs/home2/nreints/MScThesis/code/wandb/run-20230629_144356-3s2w6n7z
wandb: Run `wandb offline` to turn off syncing.
wandb: Syncing run frosty-night-292
wandb: â­ï¸ View project at https://wandb.ai/nreints/ThesisFinal2
wandb: ðŸš€ View run at https://wandb.ai/nreints/ThesisFinal2/runs/3s2w6n7z
wandb: Waiting for W&B process to finish... (success).
wandb: 
wandb: Run history:
wandb:                                        Epoch â–â–‚â–ƒâ–ƒâ–„â–…â–†â–†â–‡â–ˆ
wandb:  Test loss t(5,20)_r(5,20)_combi_pNone_gNone â–‡â–…â–ˆâ–ƒâ–„â–‚â–â–â–â–
wandb:   Test loss t(5,20)_r(5,20)_full_pNone_gNone â–ˆâ–„â–ƒâ–‚â–…â–‚â–â–â–‚â–
wandb:   Test loss t(5,20)_r(5,20)_none_pNone_gNone â–ˆâ–„â–ƒâ–‚â–…â–‚â–â–â–‚â–
wandb:   Test loss t(5,20)_r(5,20)_semi_pNone_gNone â–†â–„â–ˆâ–ƒâ–„â–‚â–â–â–â–
wandb: Test loss t(5,20)_r(5,20)_tennis_pNone_gNone â–†â–„â–ˆâ–ƒâ–ƒâ–‚â–â–â–â–
wandb:                                   Train loss â–ˆâ–â–â–â–â–â–â–â–â–
wandb: 
wandb: Run summary:
wandb:                                        Epoch 9
wandb:  Test loss t(5,20)_r(5,20)_combi_pNone_gNone 0.0
wandb:   Test loss t(5,20)_r(5,20)_full_pNone_gNone 0.0
wandb:   Test loss t(5,20)_r(5,20)_none_pNone_gNone 0.0
wandb:   Test loss t(5,20)_r(5,20)_semi_pNone_gNone 0.0
wandb: Test loss t(5,20)_r(5,20)_tennis_pNone_gNone 0.0
wandb:                                   Train loss 0.0
wandb: 
wandb: ðŸš€ View run frosty-night-292 at: https://wandb.ai/nreints/ThesisFinal2/runs/3s2w6n7z
wandb: Synced 7 W&B file(s), 0 media file(s), 4 artifact file(s) and 1 other file(s)
wandb: Find logs at: ./wandb/run-20230629_144356-3s2w6n7z/logs
wandb: - Waiting for wandb.init()...wandb: \ Waiting for wandb.init()...wandb: wandb version 0.15.4 is available!  To upgrade, please run:
wandb:  $ pip install wandb --upgrade
wandb: Tracking run with wandb version 0.14.0
wandb: Run data is saved locally in /gpfs/home2/nreints/MScThesis/code/wandb/run-20230629_145708-oed686fd
wandb: Run `wandb offline` to turn off syncing.
wandb: Syncing run copper-tree-312
wandb: â­ï¸ View project at https://wandb.ai/nreints/ThesisFinal2
wandb: ðŸš€ View run at https://wandb.ai/nreints/ThesisFinal2/runs/oed686fd
	 Logging train Loss: 1.6772e-06 [MSELoss(): t(5,20)_r(5,20)_combi_pNone_gNone]
	 Logging test loss: 3.9386e-06 [MSELoss(): t(5,20)_r(5,20)_semi_pNone_gNone]
	 Logging test loss: 3.0979e-06 [MSELoss(): t(5,20)_r(5,20)_combi_pNone_gNone]
	 Logging test loss: 2.2105e-06 [MSELoss(): t(5,20)_r(5,20)_full_pNone_gNone]
	 Logging test loss: 2.2232e-06 [MSELoss(): t(5,20)_r(5,20)_none_pNone_gNone]
	 Logging test loss: 3.9524e-06 [MSELoss(): t(5,20)_r(5,20)_tennis_pNone_gNone]
		--> Epoch time; 68.42853546142578
Saved model in  trained_models/gru/data_t(5,20)_r(5,20)_combi_pNone_gNone/'rot_mat_1'_'False'.pth
It took  806.0206387042999  seconds.
----- ITERATION 5/10 ------
Number of train simulations:  1920
Number of test simulations:  480
The dataloader for data/data_t(5,20)_r(5,20)_combi_pNone_gNone took 49.43781042098999 seconds.
-- Finished Train Dataloader --
The dataloader for data/data_t(5,20)_r(5,20)_semi_pNone_gNone took 12.606210470199585 seconds.
The dataloader for data/data_t(5,20)_r(5,20)_combi_pNone_gNone took 12.606488704681396 seconds.
The dataloader for data/data_t(5,20)_r(5,20)_full_pNone_gNone took 12.745076417922974 seconds.
The dataloader for data/data_t(5,20)_r(5,20)_none_pNone_gNone took 12.668570280075073 seconds.
The dataloader for data/data_t(5,20)_r(5,20)_tennis_pNone_gNone took 12.706878185272217 seconds.
-- Finished Test Dataloader(s) --
GRU(
  (rnn): GRU(12, 96, batch_first=True)
  (fc): Linear(in_features=96, out_features=12, bias=True)
)
Datatype: rot_mat_1
-- Started Training --
Epoch 0/9
	 Logging train Loss: 0.0003576326 [MSELoss(): t(5,20)_r(5,20)_combi_pNone_gNone]
	 Logging test loss: 1.19918e-05 [MSELoss(): t(5,20)_r(5,20)_semi_pNone_gNone]
	 Logging test loss: 7.3624e-06 [MSELoss(): t(5,20)_r(5,20)_combi_pNone_gNone]
	 Logging test loss: 2.5792e-06 [MSELoss(): t(5,20)_r(5,20)_full_pNone_gNone]
	 Logging test loss: 2.6559e-06 [MSELoss(): t(5,20)_r(5,20)_none_pNone_gNone]
	 Logging test loss: 1.15917e-05 [MSELoss(): t(5,20)_r(5,20)_tennis_pNone_gNone]
		--> Epoch time; 65.4816403388977
Epoch 1/9
	 Logging train Loss: 5.834e-06 [MSELoss(): t(5,20)_r(5,20)_combi_pNone_gNone]
	 Logging test loss: 8.1556e-06 [MSELoss(): t(5,20)_r(5,20)_semi_pNone_gNone]
	 Logging test loss: 4.7684e-06 [MSELoss(): t(5,20)_r(5,20)_combi_pNone_gNone]
	 Logging test loss: 1.2075e-06 [MSELoss(): t(5,20)_r(5,20)_full_pNone_gNone]
	 Logging test loss: 1.256e-06 [MSELoss(): t(5,20)_r(5,20)_none_pNone_gNone]
	 Logging test loss: 7.8381e-06 [MSELoss(): t(5,20)_r(5,20)_tennis_pNone_gNone]
		--> Epoch time; 65.7690863609314
Epoch 2/9
	 Logging train Loss: 5.0851e-06 [MSELoss(): t(5,20)_r(5,20)_combi_pNone_gNone]
	 Logging test loss: 1.54918e-05 [MSELoss(): t(5,20)_r(5,20)_semi_pNone_gNone]
	 Logging test loss: 8.34e-06 [MSELoss(): t(5,20)_r(5,20)_combi_pNone_gNone]
	 Logging test loss: 9.937e-07 [MSELoss(): t(5,20)_r(5,20)_full_pNone_gNone]
	 Logging test loss: 1.0395e-06 [MSELoss(): t(5,20)_r(5,20)_none_pNone_gNone]
	 Logging test loss: 1.62341e-05 [MSELoss(): t(5,20)_r(5,20)_tennis_pNone_gNone]
		--> Epoch time; 66.01432299613953
Epoch 3/9
	 Logging train Loss: 4.0849e-06 [MSELoss(): t(5,20)_r(5,20)_combi_pNone_gNone]
	 Logging test loss: 6.3053e-06 [MSELoss(): t(5,20)_r(5,20)_semi_pNone_gNone]
	 Logging test loss: 3.4093e-06 [MSELoss(): t(5,20)_r(5,20)_combi_pNone_gNone]
	 Logging test loss: 4.753e-07 [MSELoss(): t(5,20)_r(5,20)_full_pNone_gNone]
	 Logging test loss: 5.053e-07 [MSELoss(): t(5,20)_r(5,20)_none_pNone_gNone]
	 Logging test loss: 6.1563e-06 [MSELoss(): t(5,20)_r(5,20)_tennis_pNone_gNone]
		--> Epoch time; 65.94208192825317
Epoch 4/9
	 Logging train Loss: 3.5676e-06 [MSELoss(): t(5,20)_r(5,20)_combi_pNone_gNone]
	 Logging test loss: 6.9103e-06 [MSELoss(): t(5,20)_r(5,20)_semi_pNone_gNone]
	 Logging test loss: 4.2529e-06 [MSELoss(): t(5,20)_r(5,20)_combi_pNone_gNone]
	 Logging test loss: 1.4358e-06 [MSELoss(): t(5,20)_r(5,20)_full_pNone_gNone]
	 Logging test loss: 1.4537e-06 [MSELoss(): t(5,20)_r(5,20)_none_pNone_gNone]
	 Logging test loss: 6.9698e-06 [MSELoss(): t(5,20)_r(5,20)_tennis_pNone_gNone]
		--> Epoch time; 66.04019331932068
Epoch 5/9
	 Logging train Loss: 2.937e-06 [MSELoss(): t(5,20)_r(5,20)_combi_pNone_gNone]
	 Logging test loss: 3.3113e-06 [MSELoss(): t(5,20)_r(5,20)_semi_pNone_gNone]
	 Logging test loss: 1.9913e-06 [MSELoss(): t(5,20)_r(5,20)_combi_pNone_gNone]
	 Logging test loss: 5.65e-07 [MSELoss(): t(5,20)_r(5,20)_full_pNone_gNone]
	 Logging test loss: 5.783e-07 [MSELoss(): t(5,20)_r(5,20)_none_pNone_gNone]
	 Logging test loss: 3.2391e-06 [MSELoss(): t(5,20)_r(5,20)_tennis_pNone_gNone]
		--> Epoch time; 66.33381295204163
Epoch 6/9
	 Logging train Loss: 2.6077e-06 [MSELoss(): t(5,20)_r(5,20)_combi_pNone_gNone]
	 Logging test loss: 2.5596e-06 [MSELoss(): t(5,20)_r(5,20)_semi_pNone_gNone]
	 Logging test loss: 1.4584e-06 [MSELoss(): t(5,20)_r(5,20)_combi_pNone_gNone]
	 Logging test loss: 2.248e-07 [MSELoss(): t(5,20)_r(5,20)_full_pNone_gNone]
	 Logging test loss: 2.372e-07 [MSELoss(): t(5,20)_r(5,20)_none_pNone_gNone]
	 Logging test loss: 2.5713e-06 [MSELoss(): t(5,20)_r(5,20)_tennis_pNone_gNone]
		--> Epoch time; 68.1513237953186
Epoch 7/9
	 Logging train Loss: 1.8455e-06 [MSELoss(): t(5,20)_r(5,20)_combi_pNone_gNone]
	 Logging test loss: 2.037e-06 [MSELoss(): t(5,20)_r(5,20)_semi_pNone_gNone]
	 Logging test loss: 1.1667e-06 [MSELoss(): t(5,20)_r(5,20)_combi_pNone_gNone]
	 Logging test loss: 1.885e-07 [MSELoss(): t(5,20)_r(5,20)_full_pNone_gNone]
	 Logging test loss: 1.926e-07 [MSELoss(): t(5,20)_r(5,20)_none_pNone_gNone]
	 Logging test loss: 2.0771e-06 [MSELoss(): t(5,20)_r(5,20)_tennis_pNone_gNone]
		--> Epoch time; 67.84616136550903
Epoch 8/9
	 Logging train Loss: 1.7914e-06 [MSELoss(): t(5,20)_r(5,20)_combi_pNone_gNone]
	 Logging test loss: 2.6275e-06 [MSELoss(): t(5,20)_r(5,20)_semi_pNone_gNone]
	 Logging test loss: 1.6195e-06 [MSELoss(): t(5,20)_r(5,20)_combi_pNone_gNone]
	 Logging test loss: 4.686e-07 [MSELoss(): t(5,20)_r(5,20)_full_pNone_gNone]
	 Logging test loss: 4.766e-07 [MSELoss(): t(5,20)_r(5,20)_none_pNone_gNone]
	 Logging test loss: 2.7235e-06 [MSELoss(): t(5,20)_r(5,20)_tennis_pNone_gNone]
		--> Epoch time; 67.83531951904297
Epoch 9/9
	 Logging train Loss: 1.6649e-06 [MSELoss(): t(5,20)_r(5,20)_combi_pNone_gNone]
	 Logging test loss: 2.5948e-06 [MSELoss(): t(5,20)_r(5,20)_semi_pNone_gNone]
	 Logging test loss: 1.4562e-06 [MSELoss(): t(5,20)_r(5,20)_combi_pNone_gNone]
	 Logging test loss: 2.036e-07 [MSELoss(): t(5,20)_r(5,20)_full_pNone_gNone]
	 Logging test loss: 2.098e-07 [MSELoss(): t(5,20)_r(5,20)_none_pNone_gNone]
	 Logging test loss: 2.7127e-06 [MSELoss(): t(5,20)_r(5,20)_tennis_pNone_gNone]
		--> Epoch time; 68.34976410865784
Saved model in  trained_models/gru/data_t(5,20)_r(5,20)_combi_pNone_gNone/'rot_mat_1'_'False'.pth
It took  792.1280703544617  seconds.
----- ITERATION 6/10 ------
Number of train simulations:  1920
Number of test simulations:  480
The dataloader for data/data_t(5,20)_r(5,20)_combi_pNone_gNone took 49.686880111694336 seconds.
-- Finished Train Dataloader --
The dataloader for data/data_t(5,20)_r(5,20)_semi_pNone_gNone took 12.656564474105835 seconds.
The dataloader for data/data_t(5,20)_r(5,20)_combi_pNone_gNone took 12.511031866073608 seconds.
The dataloader for data/data_t(5,20)_r(5,20)_full_pNone_gNone took 12.749936819076538 seconds.
The dataloader for data/data_t(5,20)_r(5,20)_none_pNone_gNone took 12.685572862625122 seconds.
The dataloader for data/data_t(5,20)_r(5,20)_tennis_pNone_gNone took 12.747313737869263 seconds.
-- Finished Test Dataloader(s) --
GRU(
  (rnn): GRU(12, 96, batch_first=True)
  (fc): Linear(in_features=96, out_features=12, bias=True)
)
Datatype: rot_mat_1
-- Started Training --
Epoch 0/9
	 Logging train Loss: 0.0002356726 [MSELoss(): t(5,20)_r(5,20)_combi_pNone_gNone]
	 Logging test loss: 1.05044e-05 [MSELoss(): t(5,20)_r(5,20)_semi_pNone_gNone]
	 Logging test loss: 6.1851e-06 [MSELoss(): t(5,20)_r(5,20)_combi_pNone_gNone]
	 Logging test loss: 1.7686e-06 [MSELoss(): t(5,20)_r(5,20)_full_pNone_gNone]
	 Logging test loss: 1.8537e-06 [MSELoss(): t(5,20)_r(5,20)_none_pNone_gNone]
wandb: Waiting for W&B process to finish... (success).
wandb: 
wandb: Run history:
wandb:                                        Epoch â–â–‚â–ƒâ–ƒâ–„â–…â–†â–†â–‡â–ˆ
wandb:  Test loss t(5,20)_r(5,20)_combi_pNone_gNone â–ˆâ–‡â–„â–„â–„â–‚â–‚â–„â–‚â–
wandb:   Test loss t(5,20)_r(5,20)_full_pNone_gNone â–ˆâ–„â–‚â–ƒâ–ƒâ–â–‚â–â–…â–
wandb:   Test loss t(5,20)_r(5,20)_none_pNone_gNone â–ˆâ–„â–‚â–ƒâ–ƒâ–â–‚â–â–…â–
wandb:   Test loss t(5,20)_r(5,20)_semi_pNone_gNone â–ˆâ–ˆâ–„â–„â–„â–‚â–‚â–„â–‚â–
wandb: Test loss t(5,20)_r(5,20)_tennis_pNone_gNone â–ˆâ–ˆâ–„â–„â–„â–‚â–‚â–„â–‚â–
wandb:                                   Train loss â–ˆâ–â–â–â–â–â–â–â–â–
wandb: 
wandb: Run summary:
wandb:                                        Epoch 9
wandb:  Test loss t(5,20)_r(5,20)_combi_pNone_gNone 0.0
wandb:   Test loss t(5,20)_r(5,20)_full_pNone_gNone 0.0
wandb:   Test loss t(5,20)_r(5,20)_none_pNone_gNone 0.0
wandb:   Test loss t(5,20)_r(5,20)_semi_pNone_gNone 0.0
wandb: Test loss t(5,20)_r(5,20)_tennis_pNone_gNone 0.0
wandb:                                   Train loss 0.0
wandb: 
wandb: ðŸš€ View run copper-tree-312 at: https://wandb.ai/nreints/ThesisFinal2/runs/oed686fd
wandb: Synced 7 W&B file(s), 0 media file(s), 4 artifact file(s) and 1 other file(s)
wandb: Find logs at: ./wandb/run-20230629_145708-oed686fd/logs
wandb: - Waiting for wandb.init()...wandb: \ Waiting for wandb.init()...wandb: wandb version 0.15.4 is available!  To upgrade, please run:
wandb:  $ pip install wandb --upgrade
wandb: Tracking run with wandb version 0.14.0
wandb: Run data is saved locally in /gpfs/home2/nreints/MScThesis/code/wandb/run-20230629_151020-ldc0u18x
wandb: Run `wandb offline` to turn off syncing.
wandb: Syncing run hearty-dawn-337
wandb: â­ï¸ View project at https://wandb.ai/nreints/ThesisFinal2
wandb: ðŸš€ View run at https://wandb.ai/nreints/ThesisFinal2/runs/ldc0u18x
	 Logging test loss: 9.4698e-06 [MSELoss(): t(5,20)_r(5,20)_tennis_pNone_gNone]
		--> Epoch time; 66.04502892494202
Epoch 1/9
	 Logging train Loss: 5.5383e-06 [MSELoss(): t(5,20)_r(5,20)_combi_pNone_gNone]
	 Logging test loss: 1.00475e-05 [MSELoss(): t(5,20)_r(5,20)_semi_pNone_gNone]
	 Logging test loss: 5.5806e-06 [MSELoss(): t(5,20)_r(5,20)_combi_pNone_gNone]
	 Logging test loss: 8.746e-07 [MSELoss(): t(5,20)_r(5,20)_full_pNone_gNone]
	 Logging test loss: 9.332e-07 [MSELoss(): t(5,20)_r(5,20)_none_pNone_gNone]
	 Logging test loss: 9.2679e-06 [MSELoss(): t(5,20)_r(5,20)_tennis_pNone_gNone]
		--> Epoch time; 66.55720567703247
Epoch 2/9
	 Logging train Loss: 4.5367e-06 [MSELoss(): t(5,20)_r(5,20)_combi_pNone_gNone]
	 Logging test loss: 5.8516e-06 [MSELoss(): t(5,20)_r(5,20)_semi_pNone_gNone]
	 Logging test loss: 3.2126e-06 [MSELoss(): t(5,20)_r(5,20)_combi_pNone_gNone]
	 Logging test loss: 4.957e-07 [MSELoss(): t(5,20)_r(5,20)_full_pNone_gNone]
	 Logging test loss: 5.403e-07 [MSELoss(): t(5,20)_r(5,20)_none_pNone_gNone]
	 Logging test loss: 5.2196e-06 [MSELoss(): t(5,20)_r(5,20)_tennis_pNone_gNone]
		--> Epoch time; 66.65942764282227
Epoch 3/9
	 Logging train Loss: 3.7867e-06 [MSELoss(): t(5,20)_r(5,20)_combi_pNone_gNone]
	 Logging test loss: 5.8388e-06 [MSELoss(): t(5,20)_r(5,20)_semi_pNone_gNone]
	 Logging test loss: 3.351e-06 [MSELoss(): t(5,20)_r(5,20)_combi_pNone_gNone]
	 Logging test loss: 7.181e-07 [MSELoss(): t(5,20)_r(5,20)_full_pNone_gNone]
	 Logging test loss: 7.503e-07 [MSELoss(): t(5,20)_r(5,20)_none_pNone_gNone]
	 Logging test loss: 5.358e-06 [MSELoss(): t(5,20)_r(5,20)_tennis_pNone_gNone]
		--> Epoch time; 67.91396737098694
Epoch 4/9
	 Logging train Loss: 3.2301e-06 [MSELoss(): t(5,20)_r(5,20)_combi_pNone_gNone]
	 Logging test loss: 5.9968e-06 [MSELoss(): t(5,20)_r(5,20)_semi_pNone_gNone]
	 Logging test loss: 3.4683e-06 [MSELoss(): t(5,20)_r(5,20)_combi_pNone_gNone]
	 Logging test loss: 7.846e-07 [MSELoss(): t(5,20)_r(5,20)_full_pNone_gNone]
	 Logging test loss: 8.109e-07 [MSELoss(): t(5,20)_r(5,20)_none_pNone_gNone]
	 Logging test loss: 5.7018e-06 [MSELoss(): t(5,20)_r(5,20)_tennis_pNone_gNone]
		--> Epoch time; 66.65066933631897
Epoch 5/9
	 Logging train Loss: 2.6086e-06 [MSELoss(): t(5,20)_r(5,20)_combi_pNone_gNone]
	 Logging test loss: 4.0529e-06 [MSELoss(): t(5,20)_r(5,20)_semi_pNone_gNone]
	 Logging test loss: 2.2656e-06 [MSELoss(): t(5,20)_r(5,20)_combi_pNone_gNone]
	 Logging test loss: 2.813e-07 [MSELoss(): t(5,20)_r(5,20)_full_pNone_gNone]
	 Logging test loss: 2.989e-07 [MSELoss(): t(5,20)_r(5,20)_none_pNone_gNone]
	 Logging test loss: 3.9808e-06 [MSELoss(): t(5,20)_r(5,20)_tennis_pNone_gNone]
		--> Epoch time; 66.86950635910034
Epoch 6/9
	 Logging train Loss: 2.1267e-06 [MSELoss(): t(5,20)_r(5,20)_combi_pNone_gNone]
	 Logging test loss: 3.854e-06 [MSELoss(): t(5,20)_r(5,20)_semi_pNone_gNone]
	 Logging test loss: 2.2532e-06 [MSELoss(): t(5,20)_r(5,20)_combi_pNone_gNone]
	 Logging test loss: 4.599e-07 [MSELoss(): t(5,20)_r(5,20)_full_pNone_gNone]
	 Logging test loss: 4.72e-07 [MSELoss(): t(5,20)_r(5,20)_none_pNone_gNone]
	 Logging test loss: 3.743e-06 [MSELoss(): t(5,20)_r(5,20)_tennis_pNone_gNone]
		--> Epoch time; 65.9286241531372
Epoch 7/9
	 Logging train Loss: 1.8181e-06 [MSELoss(): t(5,20)_r(5,20)_combi_pNone_gNone]
	 Logging test loss: 5.9154e-06 [MSELoss(): t(5,20)_r(5,20)_semi_pNone_gNone]
	 Logging test loss: 3.2354e-06 [MSELoss(): t(5,20)_r(5,20)_combi_pNone_gNone]
	 Logging test loss: 3.433e-07 [MSELoss(): t(5,20)_r(5,20)_full_pNone_gNone]
	 Logging test loss: 3.584e-07 [MSELoss(): t(5,20)_r(5,20)_none_pNone_gNone]
	 Logging test loss: 5.9599e-06 [MSELoss(): t(5,20)_r(5,20)_tennis_pNone_gNone]
		--> Epoch time; 65.71161460876465
Epoch 8/9
	 Logging train Loss: 1.6507e-06 [MSELoss(): t(5,20)_r(5,20)_combi_pNone_gNone]
	 Logging test loss: 3.2665e-06 [MSELoss(): t(5,20)_r(5,20)_semi_pNone_gNone]
	 Logging test loss: 2.3045e-06 [MSELoss(): t(5,20)_r(5,20)_combi_pNone_gNone]
	 Logging test loss: 1.2204e-06 [MSELoss(): t(5,20)_r(5,20)_full_pNone_gNone]
	 Logging test loss: 1.2329e-06 [MSELoss(): t(5,20)_r(5,20)_none_pNone_gNone]
	 Logging test loss: 3.2075e-06 [MSELoss(): t(5,20)_r(5,20)_tennis_pNone_gNone]
		--> Epoch time; 65.96970963478088
Epoch 9/9
	 Logging train Loss: 1.5895e-06 [MSELoss(): t(5,20)_r(5,20)_combi_pNone_gNone]
	 Logging test loss: 2.6472e-06 [MSELoss(): t(5,20)_r(5,20)_semi_pNone_gNone]
	 Logging test loss: 1.5108e-06 [MSELoss(): t(5,20)_r(5,20)_combi_pNone_gNone]
	 Logging test loss: 2.418e-07 [MSELoss(): t(5,20)_r(5,20)_full_pNone_gNone]
	 Logging test loss: 2.557e-07 [MSELoss(): t(5,20)_r(5,20)_none_pNone_gNone]
	 Logging test loss: 2.6009e-06 [MSELoss(): t(5,20)_r(5,20)_tennis_pNone_gNone]
		--> Epoch time; 65.89444637298584
Saved model in  trained_models/gru/data_t(5,20)_r(5,20)_combi_pNone_gNone/'rot_mat_1'_'False'.pth
It took  791.4085969924927  seconds.
----- ITERATION 7/10 ------
Number of train simulations:  1920
Number of test simulations:  480
The dataloader for data/data_t(5,20)_r(5,20)_combi_pNone_gNone took 49.137901306152344 seconds.
-- Finished Train Dataloader --
The dataloader for data/data_t(5,20)_r(5,20)_semi_pNone_gNone took 12.660034418106079 seconds.
The dataloader for data/data_t(5,20)_r(5,20)_combi_pNone_gNone took 12.218838691711426 seconds.
The dataloader for data/data_t(5,20)_r(5,20)_full_pNone_gNone took 12.697188138961792 seconds.
The dataloader for data/data_t(5,20)_r(5,20)_none_pNone_gNone took 12.669148206710815 seconds.
The dataloader for data/data_t(5,20)_r(5,20)_tennis_pNone_gNone took 12.64739441871643 seconds.
-- Finished Test Dataloader(s) --
GRU(
  (rnn): GRU(12, 96, batch_first=True)
  (fc): Linear(in_features=96, out_features=12, bias=True)
)
Datatype: rot_mat_1
-- Started Training --
Epoch 0/9
	 Logging train Loss: 0.0002629764 [MSELoss(): t(5,20)_r(5,20)_combi_pNone_gNone]
	 Logging test loss: 1.61373e-05 [MSELoss(): t(5,20)_r(5,20)_semi_pNone_gNone]
	 Logging test loss: 1.19163e-05 [MSELoss(): t(5,20)_r(5,20)_combi_pNone_gNone]
	 Logging test loss: 7.2379e-06 [MSELoss(): t(5,20)_r(5,20)_full_pNone_gNone]
	 Logging test loss: 7.3386e-06 [MSELoss(): t(5,20)_r(5,20)_none_pNone_gNone]
	 Logging test loss: 1.56743e-05 [MSELoss(): t(5,20)_r(5,20)_tennis_pNone_gNone]
		--> Epoch time; 67.80190134048462
Epoch 1/9
	 Logging train Loss: 8.1314e-06 [MSELoss(): t(5,20)_r(5,20)_combi_pNone_gNone]
	 Logging test loss: 8.6739e-06 [MSELoss(): t(5,20)_r(5,20)_semi_pNone_gNone]
	 Logging test loss: 5.41e-06 [MSELoss(): t(5,20)_r(5,20)_combi_pNone_gNone]
	 Logging test loss: 2.06e-06 [MSELoss(): t(5,20)_r(5,20)_full_pNone_gNone]
	 Logging test loss: 2.0933e-06 [MSELoss(): t(5,20)_r(5,20)_none_pNone_gNone]
	 Logging test loss: 8.2786e-06 [MSELoss(): t(5,20)_r(5,20)_tennis_pNone_gNone]
		--> Epoch time; 68.15689373016357
Epoch 2/9
	 Logging train Loss: 5.7486e-06 [MSELoss(): t(5,20)_r(5,20)_combi_pNone_gNone]
	 Logging test loss: 7.4099e-06 [MSELoss(): t(5,20)_r(5,20)_semi_pNone_gNone]
	 Logging test loss: 4.3513e-06 [MSELoss(): t(5,20)_r(5,20)_combi_pNone_gNone]
	 Logging test loss: 1.1924e-06 [MSELoss(): t(5,20)_r(5,20)_full_pNone_gNone]
	 Logging test loss: 1.2246e-06 [MSELoss(): t(5,20)_r(5,20)_none_pNone_gNone]
	 Logging test loss: 7.2016e-06 [MSELoss(): t(5,20)_r(5,20)_tennis_pNone_gNone]
		--> Epoch time; 68.13007068634033
Epoch 3/9
	 Logging train Loss: 4.616e-06 [MSELoss(): t(5,20)_r(5,20)_combi_pNone_gNone]
	 Logging test loss: 1.15945e-05 [MSELoss(): t(5,20)_r(5,20)_semi_pNone_gNone]
	 Logging test loss: 6.21e-06 [MSELoss(): t(5,20)_r(5,20)_combi_pNone_gNone]
	 Logging test loss: 8.641e-07 [MSELoss(): t(5,20)_r(5,20)_full_pNone_gNone]
	 Logging test loss: 8.922e-07 [MSELoss(): t(5,20)_r(5,20)_none_pNone_gNone]
	 Logging test loss: 1.16112e-05 [MSELoss(): t(5,20)_r(5,20)_tennis_pNone_gNone]
		--> Epoch time; 67.30791592597961
Epoch 4/9
	 Logging train Loss: 3.8239e-06 [MSELoss(): t(5,20)_r(5,20)_combi_pNone_gNone]
	 Logging test loss: 4.9397e-06 [MSELoss(): t(5,20)_r(5,20)_semi_pNone_gNone]
	 Logging test loss: 2.6532e-06 [MSELoss(): t(5,20)_r(5,20)_combi_pNone_gNone]
	 Logging test loss: 4.348e-07 [MSELoss(): t(5,20)_r(5,20)_full_pNone_gNone]
wandb: Waiting for W&B process to finish... (success).
wandb: 
wandb: Run history:
wandb:                                        Epoch â–â–‚â–ƒâ–ƒâ–„â–…â–†â–†â–‡â–ˆ
wandb:  Test loss t(5,20)_r(5,20)_combi_pNone_gNone â–ˆâ–„â–ƒâ–„â–‚â–‚â–‚â–‚â–â–
wandb:   Test loss t(5,20)_r(5,20)_full_pNone_gNone â–ˆâ–ƒâ–‚â–‚â–â–â–â–‚â–â–
wandb:   Test loss t(5,20)_r(5,20)_none_pNone_gNone â–ˆâ–ƒâ–‚â–‚â–â–â–â–‚â–â–
wandb:   Test loss t(5,20)_r(5,20)_semi_pNone_gNone â–ˆâ–„â–„â–†â–‚â–‚â–‚â–‚â–â–
wandb: Test loss t(5,20)_r(5,20)_tennis_pNone_gNone â–ˆâ–„â–„â–†â–‚â–‚â–‚â–‚â–â–
wandb:                                   Train loss â–ˆâ–â–â–â–â–â–â–â–â–
wandb: 
wandb: Run summary:
wandb:                                        Epoch 9
wandb:  Test loss t(5,20)_r(5,20)_combi_pNone_gNone 0.0
wandb:   Test loss t(5,20)_r(5,20)_full_pNone_gNone 0.0
wandb:   Test loss t(5,20)_r(5,20)_none_pNone_gNone 0.0
wandb:   Test loss t(5,20)_r(5,20)_semi_pNone_gNone 0.0
wandb: Test loss t(5,20)_r(5,20)_tennis_pNone_gNone 0.0
wandb:                                   Train loss 0.0
wandb: 
wandb: ðŸš€ View run hearty-dawn-337 at: https://wandb.ai/nreints/ThesisFinal2/runs/ldc0u18x
wandb: Synced 7 W&B file(s), 0 media file(s), 4 artifact file(s) and 1 other file(s)
wandb: Find logs at: ./wandb/run-20230629_151020-ldc0u18x/logs
wandb: - Waiting for wandb.init()...wandb: \ Waiting for wandb.init()...wandb: wandb version 0.15.4 is available!  To upgrade, please run:
wandb:  $ pip install wandb --upgrade
wandb: Tracking run with wandb version 0.14.0
wandb: Run data is saved locally in /gpfs/home2/nreints/MScThesis/code/wandb/run-20230629_152338-5bbvt3fk
wandb: Run `wandb offline` to turn off syncing.
wandb: Syncing run ancient-fog-355
wandb: â­ï¸ View project at https://wandb.ai/nreints/ThesisFinal2
wandb: ðŸš€ View run at https://wandb.ai/nreints/ThesisFinal2/runs/5bbvt3fk
	 Logging test loss: 4.568e-07 [MSELoss(): t(5,20)_r(5,20)_none_pNone_gNone]
	 Logging test loss: 4.8168e-06 [MSELoss(): t(5,20)_r(5,20)_tennis_pNone_gNone]
		--> Epoch time; 67.34723663330078
Epoch 5/9
	 Logging train Loss: 2.8656e-06 [MSELoss(): t(5,20)_r(5,20)_combi_pNone_gNone]
	 Logging test loss: 3.4196e-06 [MSELoss(): t(5,20)_r(5,20)_semi_pNone_gNone]
	 Logging test loss: 1.8917e-06 [MSELoss(): t(5,20)_r(5,20)_combi_pNone_gNone]
	 Logging test loss: 4.041e-07 [MSELoss(): t(5,20)_r(5,20)_full_pNone_gNone]
	 Logging test loss: 4.201e-07 [MSELoss(): t(5,20)_r(5,20)_none_pNone_gNone]
	 Logging test loss: 3.3533e-06 [MSELoss(): t(5,20)_r(5,20)_tennis_pNone_gNone]
		--> Epoch time; 67.6787440776825
Epoch 6/9
	 Logging train Loss: 2.3463e-06 [MSELoss(): t(5,20)_r(5,20)_combi_pNone_gNone]
	 Logging test loss: 4.1677e-06 [MSELoss(): t(5,20)_r(5,20)_semi_pNone_gNone]
	 Logging test loss: 2.3527e-06 [MSELoss(): t(5,20)_r(5,20)_combi_pNone_gNone]
	 Logging test loss: 5.303e-07 [MSELoss(): t(5,20)_r(5,20)_full_pNone_gNone]
	 Logging test loss: 5.409e-07 [MSELoss(): t(5,20)_r(5,20)_none_pNone_gNone]
	 Logging test loss: 4.2824e-06 [MSELoss(): t(5,20)_r(5,20)_tennis_pNone_gNone]
		--> Epoch time; 67.22297477722168
Epoch 7/9
	 Logging train Loss: 1.8732e-06 [MSELoss(): t(5,20)_r(5,20)_combi_pNone_gNone]
	 Logging test loss: 3.7538e-06 [MSELoss(): t(5,20)_r(5,20)_semi_pNone_gNone]
	 Logging test loss: 2.4019e-06 [MSELoss(): t(5,20)_r(5,20)_combi_pNone_gNone]
	 Logging test loss: 9.982e-07 [MSELoss(): t(5,20)_r(5,20)_full_pNone_gNone]
	 Logging test loss: 9.983e-07 [MSELoss(): t(5,20)_r(5,20)_none_pNone_gNone]
	 Logging test loss: 3.8643e-06 [MSELoss(): t(5,20)_r(5,20)_tennis_pNone_gNone]
		--> Epoch time; 67.4807779788971
Epoch 8/9
	 Logging train Loss: 1.7728e-06 [MSELoss(): t(5,20)_r(5,20)_combi_pNone_gNone]
	 Logging test loss: 2.3198e-06 [MSELoss(): t(5,20)_r(5,20)_semi_pNone_gNone]
	 Logging test loss: 1.4312e-06 [MSELoss(): t(5,20)_r(5,20)_combi_pNone_gNone]
	 Logging test loss: 4.995e-07 [MSELoss(): t(5,20)_r(5,20)_full_pNone_gNone]
	 Logging test loss: 5.056e-07 [MSELoss(): t(5,20)_r(5,20)_none_pNone_gNone]
	 Logging test loss: 2.3583e-06 [MSELoss(): t(5,20)_r(5,20)_tennis_pNone_gNone]
		--> Epoch time; 66.71807956695557
Epoch 9/9
	 Logging train Loss: 1.5874e-06 [MSELoss(): t(5,20)_r(5,20)_combi_pNone_gNone]
	 Logging test loss: 2.0402e-06 [MSELoss(): t(5,20)_r(5,20)_semi_pNone_gNone]
	 Logging test loss: 1.1192e-06 [MSELoss(): t(5,20)_r(5,20)_combi_pNone_gNone]
	 Logging test loss: 1.766e-07 [MSELoss(): t(5,20)_r(5,20)_full_pNone_gNone]
	 Logging test loss: 1.839e-07 [MSELoss(): t(5,20)_r(5,20)_none_pNone_gNone]
	 Logging test loss: 2.083e-06 [MSELoss(): t(5,20)_r(5,20)_tennis_pNone_gNone]
		--> Epoch time; 66.81225800514221
Saved model in  trained_models/gru/data_t(5,20)_r(5,20)_combi_pNone_gNone/'rot_mat_1'_'False'.pth
It took  798.2757186889648  seconds.
----- ITERATION 8/10 ------
Number of train simulations:  1920
Number of test simulations:  480
The dataloader for data/data_t(5,20)_r(5,20)_combi_pNone_gNone took 49.44269299507141 seconds.
-- Finished Train Dataloader --
The dataloader for data/data_t(5,20)_r(5,20)_semi_pNone_gNone took 12.584755659103394 seconds.
The dataloader for data/data_t(5,20)_r(5,20)_combi_pNone_gNone took 12.37387466430664 seconds.
The dataloader for data/data_t(5,20)_r(5,20)_full_pNone_gNone took 12.69487977027893 seconds.
The dataloader for data/data_t(5,20)_r(5,20)_none_pNone_gNone took 12.641226291656494 seconds.
The dataloader for data/data_t(5,20)_r(5,20)_tennis_pNone_gNone took 12.7056303024292 seconds.
-- Finished Test Dataloader(s) --
GRU(
  (rnn): GRU(12, 96, batch_first=True)
  (fc): Linear(in_features=96, out_features=12, bias=True)
)
Datatype: rot_mat_1
-- Started Training --
Epoch 0/9
	 Logging train Loss: 0.000205631 [MSELoss(): t(5,20)_r(5,20)_combi_pNone_gNone]
	 Logging test loss: 1.46876e-05 [MSELoss(): t(5,20)_r(5,20)_semi_pNone_gNone]
	 Logging test loss: 9.7286e-06 [MSELoss(): t(5,20)_r(5,20)_combi_pNone_gNone]
	 Logging test loss: 4.1835e-06 [MSELoss(): t(5,20)_r(5,20)_full_pNone_gNone]
	 Logging test loss: 3.9085e-06 [MSELoss(): t(5,20)_r(5,20)_none_pNone_gNone]
	 Logging test loss: 1.50972e-05 [MSELoss(): t(5,20)_r(5,20)_tennis_pNone_gNone]
		--> Epoch time; 67.61834597587585
Epoch 1/9
	 Logging train Loss: 7.8565e-06 [MSELoss(): t(5,20)_r(5,20)_combi_pNone_gNone]
	 Logging test loss: 9.2318e-06 [MSELoss(): t(5,20)_r(5,20)_semi_pNone_gNone]
	 Logging test loss: 5.6835e-06 [MSELoss(): t(5,20)_r(5,20)_combi_pNone_gNone]
	 Logging test loss: 1.6153e-06 [MSELoss(): t(5,20)_r(5,20)_full_pNone_gNone]
	 Logging test loss: 1.5544e-06 [MSELoss(): t(5,20)_r(5,20)_none_pNone_gNone]
	 Logging test loss: 9.4795e-06 [MSELoss(): t(5,20)_r(5,20)_tennis_pNone_gNone]
		--> Epoch time; 68.06317567825317
Epoch 2/9
	 Logging train Loss: 5.385e-06 [MSELoss(): t(5,20)_r(5,20)_combi_pNone_gNone]
	 Logging test loss: 6.1985e-06 [MSELoss(): t(5,20)_r(5,20)_semi_pNone_gNone]
	 Logging test loss: 3.6772e-06 [MSELoss(): t(5,20)_r(5,20)_combi_pNone_gNone]
	 Logging test loss: 8.57e-07 [MSELoss(): t(5,20)_r(5,20)_full_pNone_gNone]
	 Logging test loss: 8.371e-07 [MSELoss(): t(5,20)_r(5,20)_none_pNone_gNone]
	 Logging test loss: 6.264e-06 [MSELoss(): t(5,20)_r(5,20)_tennis_pNone_gNone]
		--> Epoch time; 67.7958459854126
Epoch 3/9
	 Logging train Loss: 4.0785e-06 [MSELoss(): t(5,20)_r(5,20)_combi_pNone_gNone]
	 Logging test loss: 1.5226e-05 [MSELoss(): t(5,20)_r(5,20)_semi_pNone_gNone]
	 Logging test loss: 8.4374e-06 [MSELoss(): t(5,20)_r(5,20)_combi_pNone_gNone]
	 Logging test loss: 8.34e-07 [MSELoss(): t(5,20)_r(5,20)_full_pNone_gNone]
	 Logging test loss: 8.352e-07 [MSELoss(): t(5,20)_r(5,20)_none_pNone_gNone]
	 Logging test loss: 1.62287e-05 [MSELoss(): t(5,20)_r(5,20)_tennis_pNone_gNone]
		--> Epoch time; 67.50083804130554
Epoch 4/9
	 Logging train Loss: 3.1397e-06 [MSELoss(): t(5,20)_r(5,20)_combi_pNone_gNone]
	 Logging test loss: 3.2016e-06 [MSELoss(): t(5,20)_r(5,20)_semi_pNone_gNone]
	 Logging test loss: 1.8978e-06 [MSELoss(): t(5,20)_r(5,20)_combi_pNone_gNone]
	 Logging test loss: 3.571e-07 [MSELoss(): t(5,20)_r(5,20)_full_pNone_gNone]
	 Logging test loss: 3.687e-07 [MSELoss(): t(5,20)_r(5,20)_none_pNone_gNone]
	 Logging test loss: 3.3073e-06 [MSELoss(): t(5,20)_r(5,20)_tennis_pNone_gNone]
		--> Epoch time; 67.79334855079651
Epoch 5/9
	 Logging train Loss: 2.4493e-06 [MSELoss(): t(5,20)_r(5,20)_combi_pNone_gNone]
	 Logging test loss: 2.5461e-06 [MSELoss(): t(5,20)_r(5,20)_semi_pNone_gNone]
	 Logging test loss: 1.4747e-06 [MSELoss(): t(5,20)_r(5,20)_combi_pNone_gNone]
	 Logging test loss: 2.183e-07 [MSELoss(): t(5,20)_r(5,20)_full_pNone_gNone]
	 Logging test loss: 2.28e-07 [MSELoss(): t(5,20)_r(5,20)_none_pNone_gNone]
	 Logging test loss: 2.6809e-06 [MSELoss(): t(5,20)_r(5,20)_tennis_pNone_gNone]
		--> Epoch time; 67.9841034412384
Epoch 6/9
	 Logging train Loss: 1.9761e-06 [MSELoss(): t(5,20)_r(5,20)_combi_pNone_gNone]
	 Logging test loss: 2.019e-06 [MSELoss(): t(5,20)_r(5,20)_semi_pNone_gNone]
	 Logging test loss: 1.1952e-06 [MSELoss(): t(5,20)_r(5,20)_combi_pNone_gNone]
	 Logging test loss: 2.229e-07 [MSELoss(): t(5,20)_r(5,20)_full_pNone_gNone]
	 Logging test loss: 2.272e-07 [MSELoss(): t(5,20)_r(5,20)_none_pNone_gNone]
	 Logging test loss: 2.1417e-06 [MSELoss(): t(5,20)_r(5,20)_tennis_pNone_gNone]
		--> Epoch time; 67.99238467216492
Epoch 7/9
	 Logging train Loss: 1.7446e-06 [MSELoss(): t(5,20)_r(5,20)_combi_pNone_gNone]
	 Logging test loss: 1.9679e-06 [MSELoss(): t(5,20)_r(5,20)_semi_pNone_gNone]
	 Logging test loss: 1.1681e-06 [MSELoss(): t(5,20)_r(5,20)_combi_pNone_gNone]
	 Logging test loss: 2.366e-07 [MSELoss(): t(5,20)_r(5,20)_full_pNone_gNone]
	 Logging test loss: 2.431e-07 [MSELoss(): t(5,20)_r(5,20)_none_pNone_gNone]
	 Logging test loss: 2.0701e-06 [MSELoss(): t(5,20)_r(5,20)_tennis_pNone_gNone]
		--> Epoch time; 67.93886232376099
Epoch 8/9
	 Logging train Loss: 1.6272e-06 [MSELoss(): t(5,20)_r(5,20)_combi_pNone_gNone]
	 Logging test loss: 2.5822e-06 [MSELoss(): t(5,20)_r(5,20)_semi_pNone_gNone]
	 Logging test loss: 1.4902e-06 [MSELoss(): t(5,20)_r(5,20)_combi_pNone_gNone]
wandb: Waiting for W&B process to finish... (success).
wandb: 
wandb: Run history:
wandb:                                        Epoch â–â–‚â–ƒâ–ƒâ–„â–…â–†â–†â–‡â–ˆ
wandb:  Test loss t(5,20)_r(5,20)_combi_pNone_gNone â–ˆâ–…â–ƒâ–‡â–‚â–â–â–â–â–‚
wandb:   Test loss t(5,20)_r(5,20)_full_pNone_gNone â–ˆâ–ƒâ–‚â–‚â–â–â–â–â–â–
wandb:   Test loss t(5,20)_r(5,20)_none_pNone_gNone â–ˆâ–„â–‚â–‚â–â–â–â–â–â–
wandb:   Test loss t(5,20)_r(5,20)_semi_pNone_gNone â–ˆâ–…â–ƒâ–ˆâ–‚â–â–â–â–â–‚
wandb: Test loss t(5,20)_r(5,20)_tennis_pNone_gNone â–‡â–…â–ƒâ–ˆâ–‚â–â–â–â–â–‚
wandb:                                   Train loss â–ˆâ–â–â–â–â–â–â–â–â–
wandb: 
wandb: Run summary:
wandb:                                        Epoch 9
wandb:  Test loss t(5,20)_r(5,20)_combi_pNone_gNone 0.0
wandb:   Test loss t(5,20)_r(5,20)_full_pNone_gNone 0.0
wandb:   Test loss t(5,20)_r(5,20)_none_pNone_gNone 0.0
wandb:   Test loss t(5,20)_r(5,20)_semi_pNone_gNone 0.0
wandb: Test loss t(5,20)_r(5,20)_tennis_pNone_gNone 0.0
wandb:                                   Train loss 0.0
wandb: 
wandb: ðŸš€ View run ancient-fog-355 at: https://wandb.ai/nreints/ThesisFinal2/runs/5bbvt3fk
wandb: Synced 7 W&B file(s), 0 media file(s), 4 artifact file(s) and 1 other file(s)
wandb: Find logs at: ./wandb/run-20230629_152338-5bbvt3fk/logs
wandb: - Waiting for wandb.init()...wandb: \ Waiting for wandb.init()...wandb: wandb version 0.15.4 is available!  To upgrade, please run:
wandb:  $ pip install wandb --upgrade
wandb: Tracking run with wandb version 0.14.0
wandb: Run data is saved locally in /gpfs/home2/nreints/MScThesis/code/wandb/run-20230629_153703-9wfa96ik
wandb: Run `wandb offline` to turn off syncing.
wandb: Syncing run earthy-terrain-363
wandb: â­ï¸ View project at https://wandb.ai/nreints/ThesisFinal2
wandb: ðŸš€ View run at https://wandb.ai/nreints/ThesisFinal2/runs/9wfa96ik
wandb: Waiting for W&B process to finish... (success).
wandb: 
wandb: Run history:
wandb:                                        Epoch â–â–‚â–ƒâ–ƒâ–„â–…â–†â–†â–‡â–ˆ
wandb:  Test loss t(5,20)_r(5,20)_combi_pNone_gNone â–ˆâ–‡â–„â–†â–ƒâ–‚â–‚â–â–â–
wandb:   Test loss t(5,20)_r(5,20)_full_pNone_gNone â–ˆâ–„â–‚â–‚â–â–â–â–‚â–â–
wandb:   Test loss t(5,20)_r(5,20)_none_pNone_gNone â–ˆâ–„â–‚â–‚â–â–â–â–‚â–â–
wandb:   Test loss t(5,20)_r(5,20)_semi_pNone_gNone â–ˆâ–ˆâ–…â–‡â–„â–‚â–‚â–â–â–
wandb: Test loss t(5,20)_r(5,20)_tennis_pNone_gNone â–ˆâ–ˆâ–…â–‡â–„â–‚â–‚â–‚â–â–
wandb:                                   Train loss â–ˆâ–â–â–â–â–â–â–â–â–
wandb: 
wandb: Run summary:
wandb:                                        Epoch 9
wandb:  Test loss t(5,20)_r(5,20)_combi_pNone_gNone 0.0
wandb:   Test loss t(5,20)_r(5,20)_full_pNone_gNone 0.0
wandb:   Test loss t(5,20)_r(5,20)_none_pNone_gNone 0.0
wandb:   Test loss t(5,20)_r(5,20)_semi_pNone_gNone 0.0
wandb: Test loss t(5,20)_r(5,20)_tennis_pNone_gNone 0.0
wandb:                                   Train loss 0.0
wandb: 
wandb: ðŸš€ View run earthy-terrain-363 at: https://wandb.ai/nreints/ThesisFinal2/runs/9wfa96ik
wandb: Synced 7 W&B file(s), 0 media file(s), 4 artifact file(s) and 1 other file(s)
wandb: Find logs at: ./wandb/run-20230629_153703-9wfa96ik/logs
wandb: - Waiting for wandb.init()...wandb: \ Waiting for wandb.init()...wandb: wandb version 0.15.4 is available!  To upgrade, please run:
wandb:  $ pip install wandb --upgrade
wandb: Tracking run with wandb version 0.14.0
wandb: Run data is saved locally in /gpfs/home2/nreints/MScThesis/code/wandb/run-20230629_155016-agawilkr
wandb: Run `wandb offline` to turn off syncing.
wandb: Syncing run radiant-grass-375
wandb: â­ï¸ View project at https://wandb.ai/nreints/ThesisFinal2
wandb: ðŸš€ View run at https://wandb.ai/nreints/ThesisFinal2/runs/agawilkr
	 Logging test loss: 3.068e-07 [MSELoss(): t(5,20)_r(5,20)_full_pNone_gNone]
	 Logging test loss: 3.162e-07 [MSELoss(): t(5,20)_r(5,20)_none_pNone_gNone]
	 Logging test loss: 2.6692e-06 [MSELoss(): t(5,20)_r(5,20)_tennis_pNone_gNone]
		--> Epoch time; 68.39117336273193
Epoch 9/9
	 Logging train Loss: 1.5583e-06 [MSELoss(): t(5,20)_r(5,20)_combi_pNone_gNone]
	 Logging test loss: 3.1546e-06 [MSELoss(): t(5,20)_r(5,20)_semi_pNone_gNone]
	 Logging test loss: 1.894e-06 [MSELoss(): t(5,20)_r(5,20)_combi_pNone_gNone]
	 Logging test loss: 4.68e-07 [MSELoss(): t(5,20)_r(5,20)_full_pNone_gNone]
	 Logging test loss: 4.773e-07 [MSELoss(): t(5,20)_r(5,20)_none_pNone_gNone]
	 Logging test loss: 3.3625e-06 [MSELoss(): t(5,20)_r(5,20)_tennis_pNone_gNone]
		--> Epoch time; 68.0141429901123
Saved model in  trained_models/gru/data_t(5,20)_r(5,20)_combi_pNone_gNone/'rot_mat_1'_'False'.pth
It took  805.117068529129  seconds.
----- ITERATION 9/10 ------
Number of train simulations:  1920
Number of test simulations:  480
The dataloader for data/data_t(5,20)_r(5,20)_combi_pNone_gNone took 50.18954253196716 seconds.
-- Finished Train Dataloader --
The dataloader for data/data_t(5,20)_r(5,20)_semi_pNone_gNone took 12.677146911621094 seconds.
The dataloader for data/data_t(5,20)_r(5,20)_combi_pNone_gNone took 12.717234134674072 seconds.
The dataloader for data/data_t(5,20)_r(5,20)_full_pNone_gNone took 12.748227596282959 seconds.
The dataloader for data/data_t(5,20)_r(5,20)_none_pNone_gNone took 12.689009428024292 seconds.
The dataloader for data/data_t(5,20)_r(5,20)_tennis_pNone_gNone took 12.684393644332886 seconds.
-- Finished Test Dataloader(s) --
GRU(
  (rnn): GRU(12, 96, batch_first=True)
  (fc): Linear(in_features=96, out_features=12, bias=True)
)
Datatype: rot_mat_1
-- Started Training --
Epoch 0/9
	 Logging train Loss: 0.0002343101 [MSELoss(): t(5,20)_r(5,20)_combi_pNone_gNone]
	 Logging test loss: 1.17182e-05 [MSELoss(): t(5,20)_r(5,20)_semi_pNone_gNone]
	 Logging test loss: 7.8019e-06 [MSELoss(): t(5,20)_r(5,20)_combi_pNone_gNone]
	 Logging test loss: 2.7518e-06 [MSELoss(): t(5,20)_r(5,20)_full_pNone_gNone]
	 Logging test loss: 2.8939e-06 [MSELoss(): t(5,20)_r(5,20)_none_pNone_gNone]
	 Logging test loss: 1.07201e-05 [MSELoss(): t(5,20)_r(5,20)_tennis_pNone_gNone]
		--> Epoch time; 65.88244485855103
Epoch 1/9
	 Logging train Loss: 6.9601e-06 [MSELoss(): t(5,20)_r(5,20)_combi_pNone_gNone]
	 Logging test loss: 1.10778e-05 [MSELoss(): t(5,20)_r(5,20)_semi_pNone_gNone]
	 Logging test loss: 6.8223e-06 [MSELoss(): t(5,20)_r(5,20)_combi_pNone_gNone]
	 Logging test loss: 1.389e-06 [MSELoss(): t(5,20)_r(5,20)_full_pNone_gNone]
	 Logging test loss: 1.4701e-06 [MSELoss(): t(5,20)_r(5,20)_none_pNone_gNone]
	 Logging test loss: 1.04274e-05 [MSELoss(): t(5,20)_r(5,20)_tennis_pNone_gNone]
		--> Epoch time; 66.06441617012024
Epoch 2/9
	 Logging train Loss: 5.2717e-06 [MSELoss(): t(5,20)_r(5,20)_combi_pNone_gNone]
	 Logging test loss: 7.0927e-06 [MSELoss(): t(5,20)_r(5,20)_semi_pNone_gNone]
	 Logging test loss: 4.2226e-06 [MSELoss(): t(5,20)_r(5,20)_combi_pNone_gNone]
	 Logging test loss: 7.205e-07 [MSELoss(): t(5,20)_r(5,20)_full_pNone_gNone]
	 Logging test loss: 7.753e-07 [MSELoss(): t(5,20)_r(5,20)_none_pNone_gNone]
	 Logging test loss: 6.427e-06 [MSELoss(): t(5,20)_r(5,20)_tennis_pNone_gNone]
		--> Epoch time; 66.23465752601624
Epoch 3/9
	 Logging train Loss: 4.1432e-06 [MSELoss(): t(5,20)_r(5,20)_combi_pNone_gNone]
	 Logging test loss: 9.6945e-06 [MSELoss(): t(5,20)_r(5,20)_semi_pNone_gNone]
	 Logging test loss: 5.6612e-06 [MSELoss(): t(5,20)_r(5,20)_combi_pNone_gNone]
	 Logging test loss: 6.186e-07 [MSELoss(): t(5,20)_r(5,20)_full_pNone_gNone]
	 Logging test loss: 6.488e-07 [MSELoss(): t(5,20)_r(5,20)_none_pNone_gNone]
	 Logging test loss: 9.2999e-06 [MSELoss(): t(5,20)_r(5,20)_tennis_pNone_gNone]
		--> Epoch time; 68.85775518417358
Epoch 4/9
	 Logging train Loss: 3.3209e-06 [MSELoss(): t(5,20)_r(5,20)_combi_pNone_gNone]
	 Logging test loss: 6.1385e-06 [MSELoss(): t(5,20)_r(5,20)_semi_pNone_gNone]
	 Logging test loss: 3.5472e-06 [MSELoss(): t(5,20)_r(5,20)_combi_pNone_gNone]
	 Logging test loss: 3.217e-07 [MSELoss(): t(5,20)_r(5,20)_full_pNone_gNone]
	 Logging test loss: 3.416e-07 [MSELoss(): t(5,20)_r(5,20)_none_pNone_gNone]
	 Logging test loss: 5.7782e-06 [MSELoss(): t(5,20)_r(5,20)_tennis_pNone_gNone]
		--> Epoch time; 66.8446319103241
Epoch 5/9
	 Logging train Loss: 2.9063e-06 [MSELoss(): t(5,20)_r(5,20)_combi_pNone_gNone]
	 Logging test loss: 3.7132e-06 [MSELoss(): t(5,20)_r(5,20)_semi_pNone_gNone]
	 Logging test loss: 2.2131e-06 [MSELoss(): t(5,20)_r(5,20)_combi_pNone_gNone]
	 Logging test loss: 2.853e-07 [MSELoss(): t(5,20)_r(5,20)_full_pNone_gNone]
	 Logging test loss: 2.984e-07 [MSELoss(): t(5,20)_r(5,20)_none_pNone_gNone]
	 Logging test loss: 3.5157e-06 [MSELoss(): t(5,20)_r(5,20)_tennis_pNone_gNone]
		--> Epoch time; 66.54247951507568
Epoch 6/9
	 Logging train Loss: 2.4295e-06 [MSELoss(): t(5,20)_r(5,20)_combi_pNone_gNone]
	 Logging test loss: 3.8099e-06 [MSELoss(): t(5,20)_r(5,20)_semi_pNone_gNone]
	 Logging test loss: 2.252e-06 [MSELoss(): t(5,20)_r(5,20)_combi_pNone_gNone]
	 Logging test loss: 2.537e-07 [MSELoss(): t(5,20)_r(5,20)_full_pNone_gNone]
	 Logging test loss: 2.625e-07 [MSELoss(): t(5,20)_r(5,20)_none_pNone_gNone]
	 Logging test loss: 3.7394e-06 [MSELoss(): t(5,20)_r(5,20)_tennis_pNone_gNone]
		--> Epoch time; 66.87096977233887
Epoch 7/9
	 Logging train Loss: 1.9258e-06 [MSELoss(): t(5,20)_r(5,20)_combi_pNone_gNone]
	 Logging test loss: 2.808e-06 [MSELoss(): t(5,20)_r(5,20)_semi_pNone_gNone]
	 Logging test loss: 1.7541e-06 [MSELoss(): t(5,20)_r(5,20)_combi_pNone_gNone]
	 Logging test loss: 4.234e-07 [MSELoss(): t(5,20)_r(5,20)_full_pNone_gNone]
	 Logging test loss: 4.298e-07 [MSELoss(): t(5,20)_r(5,20)_none_pNone_gNone]
	 Logging test loss: 2.6831e-06 [MSELoss(): t(5,20)_r(5,20)_tennis_pNone_gNone]
		--> Epoch time; 66.5561671257019
Epoch 8/9
	 Logging train Loss: 1.7624e-06 [MSELoss(): t(5,20)_r(5,20)_combi_pNone_gNone]
	 Logging test loss: 2.1768e-06 [MSELoss(): t(5,20)_r(5,20)_semi_pNone_gNone]
	 Logging test loss: 1.3359e-06 [MSELoss(): t(5,20)_r(5,20)_combi_pNone_gNone]
	 Logging test loss: 2.688e-07 [MSELoss(): t(5,20)_r(5,20)_full_pNone_gNone]
	 Logging test loss: 2.74e-07 [MSELoss(): t(5,20)_r(5,20)_none_pNone_gNone]
	 Logging test loss: 2.0571e-06 [MSELoss(): t(5,20)_r(5,20)_tennis_pNone_gNone]
		--> Epoch time; 65.86296892166138
Epoch 9/9
	 Logging train Loss: 1.6755e-06 [MSELoss(): t(5,20)_r(5,20)_combi_pNone_gNone]
	 Logging test loss: 2.3891e-06 [MSELoss(): t(5,20)_r(5,20)_semi_pNone_gNone]
	 Logging test loss: 1.4214e-06 [MSELoss(): t(5,20)_r(5,20)_combi_pNone_gNone]
	 Logging test loss: 1.923e-07 [MSELoss(): t(5,20)_r(5,20)_full_pNone_gNone]
	 Logging test loss: 1.989e-07 [MSELoss(): t(5,20)_r(5,20)_none_pNone_gNone]
	 Logging test loss: 2.3157e-06 [MSELoss(): t(5,20)_r(5,20)_tennis_pNone_gNone]
		--> Epoch time; 66.16020727157593
Saved model in  trained_models/gru/data_t(5,20)_r(5,20)_combi_pNone_gNone/'rot_mat_1'_'False'.pth
It took  793.451987028122  seconds.
----- ITERATION 10/10 ------
Number of train simulations:  1920
Number of test simulations:  480
The dataloader for data/data_t(5,20)_r(5,20)_combi_pNone_gNone took 50.74505639076233 seconds.
-- Finished Train Dataloader --
The dataloader for data/data_t(5,20)_r(5,20)_semi_pNone_gNone took 12.795541048049927 seconds.
The dataloader for data/data_t(5,20)_r(5,20)_combi_pNone_gNone took 12.756459712982178 seconds.
The dataloader for data/data_t(5,20)_r(5,20)_full_pNone_gNone took 12.81078052520752 seconds.
The dataloader for data/data_t(5,20)_r(5,20)_none_pNone_gNone took 12.77712631225586 seconds.
The dataloader for data/data_t(5,20)_r(5,20)_tennis_pNone_gNone took 12.815330743789673 seconds.
-- Finished Test Dataloader(s) --
GRU(
  (rnn): GRU(12, 96, batch_first=True)
  (fc): Linear(in_features=96, out_features=12, bias=True)
)
Datatype: rot_mat_1
-- Started Training --
Epoch 0/9
	 Logging train Loss: 0.0002479126 [MSELoss(): t(5,20)_r(5,20)_combi_pNone_gNone]
	 Logging test loss: 1.6319e-05 [MSELoss(): t(5,20)_r(5,20)_semi_pNone_gNone]
wandb: Waiting for W&B process to finish... (success).
wandb: 
wandb: Run history:
wandb:                                        Epoch â–â–‚â–ƒâ–ƒâ–„â–…â–†â–†â–‡â–ˆ
wandb:  Test loss t(5,20)_r(5,20)_combi_pNone_gNone â–‡â–ˆâ–„â–ƒâ–â–â–‚â–â–‚â–
wandb:   Test loss t(5,20)_r(5,20)_full_pNone_gNone â–ˆâ–ƒâ–‚â–‚â–â–â–â–â–â–
wandb:   Test loss t(5,20)_r(5,20)_none_pNone_gNone â–ˆâ–ƒâ–‚â–‚â–â–â–â–â–â–
wandb:   Test loss t(5,20)_r(5,20)_semi_pNone_gNone â–†â–ˆâ–„â–ƒâ–â–â–‚â–â–‚â–
wandb: Test loss t(5,20)_r(5,20)_tennis_pNone_gNone â–†â–ˆâ–„â–ƒâ–â–â–‚â–â–‚â–
wandb:                                   Train loss â–ˆâ–â–â–â–â–â–â–â–â–
wandb: 
wandb: Run summary:
wandb:                                        Epoch 9
wandb:  Test loss t(5,20)_r(5,20)_combi_pNone_gNone 0.0
wandb:   Test loss t(5,20)_r(5,20)_full_pNone_gNone 0.0
wandb:   Test loss t(5,20)_r(5,20)_none_pNone_gNone 0.0
wandb:   Test loss t(5,20)_r(5,20)_semi_pNone_gNone 0.0
wandb: Test loss t(5,20)_r(5,20)_tennis_pNone_gNone 0.0
wandb:                                   Train loss 0.0
wandb: 
wandb: ðŸš€ View run radiant-grass-375 at: https://wandb.ai/nreints/ThesisFinal2/runs/agawilkr
wandb: Synced 7 W&B file(s), 0 media file(s), 4 artifact file(s) and 1 other file(s)
wandb: Find logs at: ./wandb/run-20230629_155016-agawilkr/logs
	 Logging test loss: 1.12382e-05 [MSELoss(): t(5,20)_r(5,20)_combi_pNone_gNone]
	 Logging test loss: 6.6842e-06 [MSELoss(): t(5,20)_r(5,20)_full_pNone_gNone]
	 Logging test loss: 6.3883e-06 [MSELoss(): t(5,20)_r(5,20)_none_pNone_gNone]
	 Logging test loss: 1.58902e-05 [MSELoss(): t(5,20)_r(5,20)_tennis_pNone_gNone]
		--> Epoch time; 67.65203404426575
Epoch 1/9
	 Logging train Loss: 8.3982e-06 [MSELoss(): t(5,20)_r(5,20)_combi_pNone_gNone]
	 Logging test loss: 2.26649e-05 [MSELoss(): t(5,20)_r(5,20)_semi_pNone_gNone]
	 Logging test loss: 1.20593e-05 [MSELoss(): t(5,20)_r(5,20)_combi_pNone_gNone]
	 Logging test loss: 2.3426e-06 [MSELoss(): t(5,20)_r(5,20)_full_pNone_gNone]
	 Logging test loss: 2.3433e-06 [MSELoss(): t(5,20)_r(5,20)_none_pNone_gNone]
	 Logging test loss: 2.32028e-05 [MSELoss(): t(5,20)_r(5,20)_tennis_pNone_gNone]
		--> Epoch time; 68.02828764915466
Epoch 2/9
	 Logging train Loss: 5.8561e-06 [MSELoss(): t(5,20)_r(5,20)_combi_pNone_gNone]
	 Logging test loss: 1.18119e-05 [MSELoss(): t(5,20)_r(5,20)_semi_pNone_gNone]
	 Logging test loss: 6.3286e-06 [MSELoss(): t(5,20)_r(5,20)_combi_pNone_gNone]
	 Logging test loss: 1.1597e-06 [MSELoss(): t(5,20)_r(5,20)_full_pNone_gNone]
	 Logging test loss: 1.1751e-06 [MSELoss(): t(5,20)_r(5,20)_none_pNone_gNone]
	 Logging test loss: 1.24458e-05 [MSELoss(): t(5,20)_r(5,20)_tennis_pNone_gNone]
		--> Epoch time; 67.33736634254456
Epoch 3/9
	 Logging train Loss: 4.5333e-06 [MSELoss(): t(5,20)_r(5,20)_combi_pNone_gNone]
	 Logging test loss: 7.6723e-06 [MSELoss(): t(5,20)_r(5,20)_semi_pNone_gNone]
	 Logging test loss: 4.2085e-06 [MSELoss(): t(5,20)_r(5,20)_combi_pNone_gNone]
	 Logging test loss: 8.326e-07 [MSELoss(): t(5,20)_r(5,20)_full_pNone_gNone]
	 Logging test loss: 8.553e-07 [MSELoss(): t(5,20)_r(5,20)_none_pNone_gNone]
	 Logging test loss: 7.9259e-06 [MSELoss(): t(5,20)_r(5,20)_tennis_pNone_gNone]
		--> Epoch time; 67.07637214660645
Epoch 4/9
	 Logging train Loss: 3.5997e-06 [MSELoss(): t(5,20)_r(5,20)_combi_pNone_gNone]
	 Logging test loss: 3.5973e-06 [MSELoss(): t(5,20)_r(5,20)_semi_pNone_gNone]
	 Logging test loss: 1.9143e-06 [MSELoss(): t(5,20)_r(5,20)_combi_pNone_gNone]
	 Logging test loss: 3.315e-07 [MSELoss(): t(5,20)_r(5,20)_full_pNone_gNone]
	 Logging test loss: 3.502e-07 [MSELoss(): t(5,20)_r(5,20)_none_pNone_gNone]
	 Logging test loss: 3.6709e-06 [MSELoss(): t(5,20)_r(5,20)_tennis_pNone_gNone]
		--> Epoch time; 67.36319470405579
Epoch 5/9
	 Logging train Loss: 2.8172e-06 [MSELoss(): t(5,20)_r(5,20)_combi_pNone_gNone]
	 Logging test loss: 3.2971e-06 [MSELoss(): t(5,20)_r(5,20)_semi_pNone_gNone]
	 Logging test loss: 1.7928e-06 [MSELoss(): t(5,20)_r(5,20)_combi_pNone_gNone]
	 Logging test loss: 2.578e-07 [MSELoss(): t(5,20)_r(5,20)_full_pNone_gNone]
	 Logging test loss: 2.726e-07 [MSELoss(): t(5,20)_r(5,20)_none_pNone_gNone]
	 Logging test loss: 3.5251e-06 [MSELoss(): t(5,20)_r(5,20)_tennis_pNone_gNone]
		--> Epoch time; 67.63678812980652
Epoch 6/9
	 Logging train Loss: 2.1981e-06 [MSELoss(): t(5,20)_r(5,20)_combi_pNone_gNone]
	 Logging test loss: 4.7131e-06 [MSELoss(): t(5,20)_r(5,20)_semi_pNone_gNone]
	 Logging test loss: 2.6142e-06 [MSELoss(): t(5,20)_r(5,20)_combi_pNone_gNone]
	 Logging test loss: 4.834e-07 [MSELoss(): t(5,20)_r(5,20)_full_pNone_gNone]
	 Logging test loss: 5.002e-07 [MSELoss(): t(5,20)_r(5,20)_none_pNone_gNone]
	 Logging test loss: 5.0867e-06 [MSELoss(): t(5,20)_r(5,20)_tennis_pNone_gNone]
		--> Epoch time; 67.60621619224548
Epoch 7/9
	 Logging train Loss: 1.8961e-06 [MSELoss(): t(5,20)_r(5,20)_combi_pNone_gNone]
	 Logging test loss: 2.9827e-06 [MSELoss(): t(5,20)_r(5,20)_semi_pNone_gNone]
	 Logging test loss: 1.759e-06 [MSELoss(): t(5,20)_r(5,20)_combi_pNone_gNone]
	 Logging test loss: 5.683e-07 [MSELoss(): t(5,20)_r(5,20)_full_pNone_gNone]
	 Logging test loss: 5.69e-07 [MSELoss(): t(5,20)_r(5,20)_none_pNone_gNone]
	 Logging test loss: 3.1973e-06 [MSELoss(): t(5,20)_r(5,20)_tennis_pNone_gNone]
		--> Epoch time; 67.68264842033386
Epoch 8/9
	 Logging train Loss: 1.742e-06 [MSELoss(): t(5,20)_r(5,20)_combi_pNone_gNone]
	 Logging test loss: 4.8397e-06 [MSELoss(): t(5,20)_r(5,20)_semi_pNone_gNone]
	 Logging test loss: 2.5338e-06 [MSELoss(): t(5,20)_r(5,20)_combi_pNone_gNone]
	 Logging test loss: 3.982e-07 [MSELoss(): t(5,20)_r(5,20)_full_pNone_gNone]
	 Logging test loss: 4.103e-07 [MSELoss(): t(5,20)_r(5,20)_none_pNone_gNone]
	 Logging test loss: 5.0509e-06 [MSELoss(): t(5,20)_r(5,20)_tennis_pNone_gNone]
		--> Epoch time; 67.72258877754211
Epoch 9/9
	 Logging train Loss: 1.6082e-06 [MSELoss(): t(5,20)_r(5,20)_combi_pNone_gNone]
	 Logging test loss: 2.4296e-06 [MSELoss(): t(5,20)_r(5,20)_semi_pNone_gNone]
	 Logging test loss: 1.4856e-06 [MSELoss(): t(5,20)_r(5,20)_combi_pNone_gNone]
	 Logging test loss: 5.142e-07 [MSELoss(): t(5,20)_r(5,20)_full_pNone_gNone]
	 Logging test loss: 5.236e-07 [MSELoss(): t(5,20)_r(5,20)_none_pNone_gNone]
	 Logging test loss: 2.6323e-06 [MSELoss(): t(5,20)_r(5,20)_tennis_pNone_gNone]
		--> Epoch time; 67.40019249916077
Saved model in  trained_models/gru/data_t(5,20)_r(5,20)_combi_pNone_gNone/'rot_mat_1'_'False'.pth
It took  802.3632290363312  seconds.

JOB STATISTICS
==============
Job ID: 2988654
Array Job ID: 2988617_11
Cluster: snellius
User/Group: nreints/nreints
State: RUNNING
Nodes: 1
Cores per node: 18
CPU Utilized: 00:00:00
CPU Efficiency: 0.00% of 1-15:54:00 core-walltime
Job Wall-clock time: 02:13:00
Memory Utilized: 0.00 MB (estimated maximum)
Memory Efficiency: 0.00% of 0.00 MB (0.00 MB/node)
WARNING: Efficiency statistics may be misleading for RUNNING jobs.
