wandb: Currently logged in as: nreints. Use `wandb login --relogin` to force relogin
wandb: Tracking run with wandb version 0.14.0
wandb: Run data is saved locally in /gpfs/home2/nreints/MScThesis/code/wandb/run-20230329_124007-z6nxsc42
wandb: Run `wandb offline` to turn off syncing.
wandb: Syncing run confused-monkey-472
wandb: ⭐️ View project at https://wandb.ai/nreints/test
wandb: 🚀 View run at https://wandb.ai/nreints/test/runs/z6nxsc42
slurmstepd: error: Detected 1 oom-kill event(s) in StepId=2514531.0. Some of your processes may have been killed by the cgroup out-of-memory handler.
srun: error: gcn41: task 0: Out Of Memory
srun: launch/slurm: _step_signal: Terminating StepId=2514531.0

JOB STATISTICS
==============
Job ID: 2514531
Array Job ID: 2514525_5
Cluster: snellius
User/Group: nreints/nreints
State: FAILED (exit code 1)
Nodes: 1
Cores per node: 18
CPU Utilized: 00:13:19
CPU Efficiency: 23.99% of 00:55:30 core-walltime
Job Wall-clock time: 00:03:05
Memory Utilized: 22.40 GB
Memory Efficiency: 71.67% of 31.25 GB
