wandb: Currently logged in as: nreints. Use `wandb login --relogin` to force relogin
wandb: wandb version 0.15.4 is available!  To upgrade, please run:
wandb:  $ pip install wandb --upgrade
wandb: Tracking run with wandb version 0.14.0
wandb: Run data is saved locally in /gpfs/home2/nreints/MScThesis/code/wandb/run-20230629_111856-3fr3ltsu
wandb: Run `wandb offline` to turn off syncing.
wandb: Syncing run dauntless-aardvark-25
wandb: â­ï¸ View project at https://wandb.ai/nreints/ThesisFinal2
wandb: ðŸš€ View run at https://wandb.ai/nreints/ThesisFinal2/runs/3fr3ltsu
wandb: Waiting for W&B process to finish... (success).
wandb: 
wandb: Run history:
wandb:                                       Epoch â–â–‚â–ƒâ–ƒâ–„â–…â–†â–†â–‡â–ˆ
wandb:  Test loss t(5,20)_r(0,0)_combi_pNone_gNone â–ˆâ–‚â–â–â–‚â–â–â–â–…â–
wandb:   Test loss t(5,20)_r(0,0)_full_pNone_gNone â–ˆâ–‚â–â–â–â–â–â–â–‚â–
wandb:   Test loss t(5,20)_r(0,0)_none_pNone_gNone â–ˆâ–‚â–â–â–â–â–â–â–‚â–
wandb:   Test loss t(5,20)_r(0,0)_semi_pNone_gNone â–ˆâ–‚â–â–â–‚â–â–â–â–ˆâ–
wandb: Test loss t(5,20)_r(0,0)_tennis_pNone_gNone â–‡â–‚â–â–â–‚â–â–â–â–ˆâ–
wandb:                                  Train loss â–ˆâ–â–â–â–â–â–â–â–â–
wandb: 
wandb: Run summary:
wandb:                                       Epoch 9
wandb:  Test loss t(5,20)_r(0,0)_combi_pNone_gNone 0.0
wandb:   Test loss t(5,20)_r(0,0)_full_pNone_gNone 0.0
wandb:   Test loss t(5,20)_r(0,0)_none_pNone_gNone 0.0
wandb:   Test loss t(5,20)_r(0,0)_semi_pNone_gNone 0.0
wandb: Test loss t(5,20)_r(0,0)_tennis_pNone_gNone 0.0
wandb:                                  Train loss 0.0
wandb: 
wandb: ðŸš€ View run dauntless-aardvark-25 at: https://wandb.ai/nreints/ThesisFinal2/runs/3fr3ltsu
wandb: Synced 6 W&B file(s), 0 media file(s), 3 artifact file(s) and 1 other file(s)
wandb: Find logs at: ./wandb/run-20230629_111856-3fr3ltsu/logs
wandb: - Waiting for wandb.init()...wandb: \ Waiting for wandb.init()...wandb: wandb version 0.15.4 is available!  To upgrade, please run:
wandb:  $ pip install wandb --upgrade
wandb: Tracking run with wandb version 0.14.0
wandb: Run data is saved locally in /gpfs/home2/nreints/MScThesis/code/wandb/run-20230629_112629-2zlfl1k4
wandb: Run `wandb offline` to turn off syncing.
wandb: Syncing run silvery-frog-38
wandb: â­ï¸ View project at https://wandb.ai/nreints/ThesisFinal2
wandb: ðŸš€ View run at https://wandb.ai/nreints/ThesisFinal2/runs/2zlfl1k4
Training on dataset: data_t(5,20)_r(0,0)_combi_pNone_gNone
Testing on 5 datasets: ['data_t(5,20)_r(0,0)_tennis_pNone_gNone', 'data_t(5,20)_r(0,0)_full_pNone_gNone', 'data_t(5,20)_r(0,0)_semi_pNone_gNone', 'data_t(5,20)_r(0,0)_none_pNone_gNone', 'data_t(5,20)_r(0,0)_combi_pNone_gNone']
Focussing on identity: False
Using extra input: False
Using fr-fr as reference point.
----- ITERATION 1/10 ------
Number of train simulations:  1920
Number of test simulations:  480
The dataloader for data/data_t(5,20)_r(0,0)_combi_pNone_gNone took 51.3132643699646 seconds.
-- Finished Train Dataloader --
The dataloader for data/data_t(5,20)_r(0,0)_tennis_pNone_gNone took 13.1858811378479 seconds.
The dataloader for data/data_t(5,20)_r(0,0)_full_pNone_gNone took 12.429853916168213 seconds.
The dataloader for data/data_t(5,20)_r(0,0)_semi_pNone_gNone took 12.900832653045654 seconds.
The dataloader for data/data_t(5,20)_r(0,0)_none_pNone_gNone took 12.864297866821289 seconds.
The dataloader for data/data_t(5,20)_r(0,0)_combi_pNone_gNone took 12.243700504302979 seconds.
-- Finished Test Dataloader(s) --
GRU(
  (rnn): GRU(7, 96, batch_first=True)
  (fc): Linear(in_features=96, out_features=7, bias=True)
)
Datatype: log_quat_1
-- Started Training --
Epoch 0/9
	 Logging train Loss: 0.0003737755 [MSELoss(): t(5,20)_r(0,0)_combi_pNone_gNone]
	 Logging test loss: 3.62759e-05 [MSELoss(): t(5,20)_r(0,0)_tennis_pNone_gNone]
	 Logging test loss: 3.20756e-05 [MSELoss(): t(5,20)_r(0,0)_full_pNone_gNone]
	 Logging test loss: 3.43876e-05 [MSELoss(): t(5,20)_r(0,0)_semi_pNone_gNone]
	 Logging test loss: 3.24647e-05 [MSELoss(): t(5,20)_r(0,0)_none_pNone_gNone]
	 Logging test loss: 3.60564e-05 [MSELoss(): t(5,20)_r(0,0)_combi_pNone_gNone]
		--> Epoch time; 34.23555779457092
Epoch 1/9
	 Logging train Loss: 1.35884e-05 [MSELoss(): t(5,20)_r(0,0)_combi_pNone_gNone]
	 Logging test loss: 3.7641e-06 [MSELoss(): t(5,20)_r(0,0)_tennis_pNone_gNone]
	 Logging test loss: 3.308e-06 [MSELoss(): t(5,20)_r(0,0)_full_pNone_gNone]
	 Logging test loss: 3.5557e-06 [MSELoss(): t(5,20)_r(0,0)_semi_pNone_gNone]
	 Logging test loss: 3.3265e-06 [MSELoss(): t(5,20)_r(0,0)_none_pNone_gNone]
	 Logging test loss: 4.2661e-06 [MSELoss(): t(5,20)_r(0,0)_combi_pNone_gNone]
		--> Epoch time; 32.41537022590637
Epoch 2/9
	 Logging train Loss: 3.7908e-06 [MSELoss(): t(5,20)_r(0,0)_combi_pNone_gNone]
	 Logging test loss: 2.2724e-06 [MSELoss(): t(5,20)_r(0,0)_tennis_pNone_gNone]
	 Logging test loss: 1.9952e-06 [MSELoss(): t(5,20)_r(0,0)_full_pNone_gNone]
	 Logging test loss: 2.1384e-06 [MSELoss(): t(5,20)_r(0,0)_semi_pNone_gNone]
	 Logging test loss: 2.0063e-06 [MSELoss(): t(5,20)_r(0,0)_none_pNone_gNone]
	 Logging test loss: 2.5932e-06 [MSELoss(): t(5,20)_r(0,0)_combi_pNone_gNone]
		--> Epoch time; 32.10631990432739
Epoch 3/9
	 Logging train Loss: 3.2499e-06 [MSELoss(): t(5,20)_r(0,0)_combi_pNone_gNone]
	 Logging test loss: 1.2866e-06 [MSELoss(): t(5,20)_r(0,0)_tennis_pNone_gNone]
	 Logging test loss: 1.1228e-06 [MSELoss(): t(5,20)_r(0,0)_full_pNone_gNone]
	 Logging test loss: 1.2062e-06 [MSELoss(): t(5,20)_r(0,0)_semi_pNone_gNone]
	 Logging test loss: 1.135e-06 [MSELoss(): t(5,20)_r(0,0)_none_pNone_gNone]
	 Logging test loss: 1.4634e-06 [MSELoss(): t(5,20)_r(0,0)_combi_pNone_gNone]
		--> Epoch time; 32.06459069252014
Epoch 4/9
	 Logging train Loss: 1.3292e-06 [MSELoss(): t(5,20)_r(0,0)_combi_pNone_gNone]
	 Logging test loss: 5.5828e-06 [MSELoss(): t(5,20)_r(0,0)_tennis_pNone_gNone]
	 Logging test loss: 7.788e-07 [MSELoss(): t(5,20)_r(0,0)_full_pNone_gNone]
	 Logging test loss: 5.1542e-06 [MSELoss(): t(5,20)_r(0,0)_semi_pNone_gNone]
	 Logging test loss: 7.81e-07 [MSELoss(): t(5,20)_r(0,0)_none_pNone_gNone]
	 Logging test loss: 3.3647e-06 [MSELoss(): t(5,20)_r(0,0)_combi_pNone_gNone]
		--> Epoch time; 32.328938245773315
Epoch 5/9
	 Logging train Loss: 1.718e-06 [MSELoss(): t(5,20)_r(0,0)_combi_pNone_gNone]
	 Logging test loss: 3.213e-07 [MSELoss(): t(5,20)_r(0,0)_tennis_pNone_gNone]
	 Logging test loss: 2.774e-07 [MSELoss(): t(5,20)_r(0,0)_full_pNone_gNone]
	 Logging test loss: 3.018e-07 [MSELoss(): t(5,20)_r(0,0)_semi_pNone_gNone]
	 Logging test loss: 2.82e-07 [MSELoss(): t(5,20)_r(0,0)_none_pNone_gNone]
	 Logging test loss: 3.86e-07 [MSELoss(): t(5,20)_r(0,0)_combi_pNone_gNone]
		--> Epoch time; 32.08648419380188
Epoch 6/9
	 Logging train Loss: 1.5297e-06 [MSELoss(): t(5,20)_r(0,0)_combi_pNone_gNone]
	 Logging test loss: 4.116e-07 [MSELoss(): t(5,20)_r(0,0)_tennis_pNone_gNone]
	 Logging test loss: 1.833e-07 [MSELoss(): t(5,20)_r(0,0)_full_pNone_gNone]
	 Logging test loss: 3.97e-07 [MSELoss(): t(5,20)_r(0,0)_semi_pNone_gNone]
	 Logging test loss: 1.837e-07 [MSELoss(): t(5,20)_r(0,0)_none_pNone_gNone]
	 Logging test loss: 3.532e-07 [MSELoss(): t(5,20)_r(0,0)_combi_pNone_gNone]
		--> Epoch time; 32.12094831466675
Epoch 7/9
	 Logging train Loss: 1.5416e-06 [MSELoss(): t(5,20)_r(0,0)_combi_pNone_gNone]
	 Logging test loss: 1.813e-07 [MSELoss(): t(5,20)_r(0,0)_tennis_pNone_gNone]
	 Logging test loss: 1.481e-07 [MSELoss(): t(5,20)_r(0,0)_full_pNone_gNone]
	 Logging test loss: 1.732e-07 [MSELoss(): t(5,20)_r(0,0)_semi_pNone_gNone]
	 Logging test loss: 1.494e-07 [MSELoss(): t(5,20)_r(0,0)_none_pNone_gNone]
	 Logging test loss: 2.026e-07 [MSELoss(): t(5,20)_r(0,0)_combi_pNone_gNone]
		--> Epoch time; 32.18541121482849
Epoch 8/9
	 Logging train Loss: 1.1523e-06 [MSELoss(): t(5,20)_r(0,0)_combi_pNone_gNone]
	 Logging test loss: 3.98805e-05 [MSELoss(): t(5,20)_r(0,0)_tennis_pNone_gNone]
	 Logging test loss: 2.6536e-06 [MSELoss(): t(5,20)_r(0,0)_full_pNone_gNone]
	 Logging test loss: 3.60789e-05 [MSELoss(): t(5,20)_r(0,0)_semi_pNone_gNone]
	 Logging test loss: 2.5737e-06 [MSELoss(): t(5,20)_r(0,0)_none_pNone_gNone]
	 Logging test loss: 2.13957e-05 [MSELoss(): t(5,20)_r(0,0)_combi_pNone_gNone]
		--> Epoch time; 32.36045432090759
Epoch 9/9
	 Logging train Loss: 1.1808e-06 [MSELoss(): t(5,20)_r(0,0)_combi_pNone_gNone]
	 Logging test loss: 1.455e-07 [MSELoss(): t(5,20)_r(0,0)_tennis_pNone_gNone]
	 Logging test loss: 1.403e-07 [MSELoss(): t(5,20)_r(0,0)_full_pNone_gNone]
	 Logging test loss: 1.431e-07 [MSELoss(): t(5,20)_r(0,0)_semi_pNone_gNone]
	 Logging test loss: 1.354e-07 [MSELoss(): t(5,20)_r(0,0)_none_pNone_gNone]
	 Logging test loss: 1.639e-07 [MSELoss(): t(5,20)_r(0,0)_combi_pNone_gNone]
		--> Epoch time; 32.306376457214355
Saved model in  trained_models/gru/data_t(5,20)_r(0,0)_combi_pNone_gNone/'log_quat_1'_'False'.pth
It took  454.03102707862854  seconds.
----- ITERATION 2/10 ------
Number of train simulations:  1920
Number of test simulations:  480
The dataloader for data/data_t(5,20)_r(0,0)_combi_pNone_gNone took 47.20197319984436 seconds.
-- Finished Train Dataloader --
The dataloader for data/data_t(5,20)_r(0,0)_tennis_pNone_gNone took 12.18592643737793 seconds.
The dataloader for data/data_t(5,20)_r(0,0)_full_pNone_gNone took 12.36458158493042 seconds.
The dataloader for data/data_t(5,20)_r(0,0)_semi_pNone_gNone took 12.097352027893066 seconds.
The dataloader for data/data_t(5,20)_r(0,0)_none_pNone_gNone took 12.10697889328003 seconds.
The dataloader for data/data_t(5,20)_r(0,0)_combi_pNone_gNone took 11.295155048370361 seconds.
-- Finished Test Dataloader(s) --
GRU(
  (rnn): GRU(7, 96, batch_first=True)
  (fc): Linear(in_features=96, out_features=7, bias=True)
)
Datatype: log_quat_1
-- Started Training --
Epoch 0/9
	 Logging train Loss: 0.0002629968 [MSELoss(): t(5,20)_r(0,0)_combi_pNone_gNone]
	 Logging test loss: 2.01123e-05 [MSELoss(): t(5,20)_r(0,0)_tennis_pNone_gNone]
	 Logging test loss: 1.97484e-05 [MSELoss(): t(5,20)_r(0,0)_full_pNone_gNone]
	 Logging test loss: 2.01914e-05 [MSELoss(): t(5,20)_r(0,0)_semi_pNone_gNone]
	 Logging test loss: 1.88306e-05 [MSELoss(): t(5,20)_r(0,0)_none_pNone_gNone]
	 Logging test loss: 2.0908e-05 [MSELoss(): t(5,20)_r(0,0)_combi_pNone_gNone]
		--> Epoch time; 32.92359471321106
Epoch 1/9
	 Logging train Loss: 7.8309e-06 [MSELoss(): t(5,20)_r(0,0)_combi_pNone_gNone]
	 Logging test loss: 3.4486e-06 [MSELoss(): t(5,20)_r(0,0)_tennis_pNone_gNone]
	 Logging test loss: 3.3123e-06 [MSELoss(): t(5,20)_r(0,0)_full_pNone_gNone]
wandb: Waiting for W&B process to finish... (success).
wandb: 
wandb: Run history:
wandb:                                       Epoch â–â–‚â–ƒâ–ƒâ–„â–…â–†â–†â–‡â–ˆ
wandb:  Test loss t(5,20)_r(0,0)_combi_pNone_gNone â–…â–‚â–â–â–ˆâ–â–â–â–â–
wandb:   Test loss t(5,20)_r(0,0)_full_pNone_gNone â–ˆâ–‚â–‚â–â–‚â–â–â–â–â–
wandb:   Test loss t(5,20)_r(0,0)_none_pNone_gNone â–ˆâ–‚â–‚â–â–‚â–â–â–â–â–
wandb:   Test loss t(5,20)_r(0,0)_semi_pNone_gNone â–ƒâ–â–â–â–ˆâ–â–â–â–â–
wandb: Test loss t(5,20)_r(0,0)_tennis_pNone_gNone â–ƒâ–â–â–â–ˆâ–â–â–â–â–
wandb:                                  Train loss â–ˆâ–â–â–â–â–â–â–â–â–
wandb: 
wandb: Run summary:
wandb:                                       Epoch 9
wandb:  Test loss t(5,20)_r(0,0)_combi_pNone_gNone 0.0
wandb:   Test loss t(5,20)_r(0,0)_full_pNone_gNone 0.0
wandb:   Test loss t(5,20)_r(0,0)_none_pNone_gNone 0.0
wandb:   Test loss t(5,20)_r(0,0)_semi_pNone_gNone 0.0
wandb: Test loss t(5,20)_r(0,0)_tennis_pNone_gNone 0.0
wandb:                                  Train loss 0.0
wandb: 
wandb: ðŸš€ View run silvery-frog-38 at: https://wandb.ai/nreints/ThesisFinal2/runs/2zlfl1k4
wandb: Synced 7 W&B file(s), 0 media file(s), 4 artifact file(s) and 1 other file(s)
wandb: Find logs at: ./wandb/run-20230629_112629-2zlfl1k4/logs
wandb: - Waiting for wandb.init()...wandb: \ Waiting for wandb.init()...wandb: wandb version 0.15.4 is available!  To upgrade, please run:
wandb:  $ pip install wandb --upgrade
wandb: Tracking run with wandb version 0.14.0
wandb: Run data is saved locally in /gpfs/home2/nreints/MScThesis/code/wandb/run-20230629_113357-4ezzrxpi
wandb: Run `wandb offline` to turn off syncing.
wandb: Syncing run clean-totem-55
wandb: â­ï¸ View project at https://wandb.ai/nreints/ThesisFinal2
wandb: ðŸš€ View run at https://wandb.ai/nreints/ThesisFinal2/runs/4ezzrxpi
	 Logging test loss: 3.4572e-06 [MSELoss(): t(5,20)_r(0,0)_semi_pNone_gNone]
	 Logging test loss: 3.187e-06 [MSELoss(): t(5,20)_r(0,0)_none_pNone_gNone]
	 Logging test loss: 4.0102e-06 [MSELoss(): t(5,20)_r(0,0)_combi_pNone_gNone]
		--> Epoch time; 32.38792109489441
Epoch 2/9
	 Logging train Loss: 3.1755e-06 [MSELoss(): t(5,20)_r(0,0)_combi_pNone_gNone]
	 Logging test loss: 1.8285e-06 [MSELoss(): t(5,20)_r(0,0)_tennis_pNone_gNone]
	 Logging test loss: 1.7724e-06 [MSELoss(): t(5,20)_r(0,0)_full_pNone_gNone]
	 Logging test loss: 1.8414e-06 [MSELoss(): t(5,20)_r(0,0)_semi_pNone_gNone]
	 Logging test loss: 1.6961e-06 [MSELoss(): t(5,20)_r(0,0)_none_pNone_gNone]
	 Logging test loss: 2.1581e-06 [MSELoss(): t(5,20)_r(0,0)_combi_pNone_gNone]
		--> Epoch time; 32.5956289768219
Epoch 3/9
	 Logging train Loss: 2.2401e-06 [MSELoss(): t(5,20)_r(0,0)_combi_pNone_gNone]
	 Logging test loss: 9.122e-07 [MSELoss(): t(5,20)_r(0,0)_tennis_pNone_gNone]
	 Logging test loss: 8.88e-07 [MSELoss(): t(5,20)_r(0,0)_full_pNone_gNone]
	 Logging test loss: 9.28e-07 [MSELoss(): t(5,20)_r(0,0)_semi_pNone_gNone]
	 Logging test loss: 8.421e-07 [MSELoss(): t(5,20)_r(0,0)_none_pNone_gNone]
	 Logging test loss: 1.0576e-06 [MSELoss(): t(5,20)_r(0,0)_combi_pNone_gNone]
		--> Epoch time; 32.6956570148468
Epoch 4/9
	 Logging train Loss: 1.6546e-06 [MSELoss(): t(5,20)_r(0,0)_combi_pNone_gNone]
	 Logging test loss: 7.13148e-05 [MSELoss(): t(5,20)_r(0,0)_tennis_pNone_gNone]
	 Logging test loss: 3.264e-06 [MSELoss(): t(5,20)_r(0,0)_full_pNone_gNone]
	 Logging test loss: 6.63823e-05 [MSELoss(): t(5,20)_r(0,0)_semi_pNone_gNone]
	 Logging test loss: 3.1518e-06 [MSELoss(): t(5,20)_r(0,0)_none_pNone_gNone]
	 Logging test loss: 3.87397e-05 [MSELoss(): t(5,20)_r(0,0)_combi_pNone_gNone]
		--> Epoch time; 32.93508505821228
Epoch 5/9
	 Logging train Loss: 2.0411e-06 [MSELoss(): t(5,20)_r(0,0)_combi_pNone_gNone]
	 Logging test loss: 1.5912e-06 [MSELoss(): t(5,20)_r(0,0)_tennis_pNone_gNone]
	 Logging test loss: 3.67e-07 [MSELoss(): t(5,20)_r(0,0)_full_pNone_gNone]
	 Logging test loss: 1.5105e-06 [MSELoss(): t(5,20)_r(0,0)_semi_pNone_gNone]
	 Logging test loss: 3.534e-07 [MSELoss(): t(5,20)_r(0,0)_none_pNone_gNone]
	 Logging test loss: 1.0306e-06 [MSELoss(): t(5,20)_r(0,0)_combi_pNone_gNone]
		--> Epoch time; 33.104636907577515
Epoch 6/9
	 Logging train Loss: 1.4887e-06 [MSELoss(): t(5,20)_r(0,0)_combi_pNone_gNone]
	 Logging test loss: 8.699e-07 [MSELoss(): t(5,20)_r(0,0)_tennis_pNone_gNone]
	 Logging test loss: 2.046e-07 [MSELoss(): t(5,20)_r(0,0)_full_pNone_gNone]
	 Logging test loss: 8.664e-07 [MSELoss(): t(5,20)_r(0,0)_semi_pNone_gNone]
	 Logging test loss: 1.989e-07 [MSELoss(): t(5,20)_r(0,0)_none_pNone_gNone]
	 Logging test loss: 5.78e-07 [MSELoss(): t(5,20)_r(0,0)_combi_pNone_gNone]
		--> Epoch time; 32.64535140991211
Epoch 7/9
	 Logging train Loss: 1.3453e-06 [MSELoss(): t(5,20)_r(0,0)_combi_pNone_gNone]
	 Logging test loss: 1.705e-07 [MSELoss(): t(5,20)_r(0,0)_tennis_pNone_gNone]
	 Logging test loss: 1.559e-07 [MSELoss(): t(5,20)_r(0,0)_full_pNone_gNone]
	 Logging test loss: 1.666e-07 [MSELoss(): t(5,20)_r(0,0)_semi_pNone_gNone]
	 Logging test loss: 1.527e-07 [MSELoss(): t(5,20)_r(0,0)_none_pNone_gNone]
	 Logging test loss: 1.839e-07 [MSELoss(): t(5,20)_r(0,0)_combi_pNone_gNone]
		--> Epoch time; 32.42370104789734
Epoch 8/9
	 Logging train Loss: 1.145e-06 [MSELoss(): t(5,20)_r(0,0)_combi_pNone_gNone]
	 Logging test loss: 1.4797e-06 [MSELoss(): t(5,20)_r(0,0)_tennis_pNone_gNone]
	 Logging test loss: 1.836e-07 [MSELoss(): t(5,20)_r(0,0)_full_pNone_gNone]
	 Logging test loss: 1.4212e-06 [MSELoss(): t(5,20)_r(0,0)_semi_pNone_gNone]
	 Logging test loss: 1.812e-07 [MSELoss(): t(5,20)_r(0,0)_none_pNone_gNone]
	 Logging test loss: 8.442e-07 [MSELoss(): t(5,20)_r(0,0)_combi_pNone_gNone]
		--> Epoch time; 32.57807660102844
Epoch 9/9
	 Logging train Loss: 1.0504e-06 [MSELoss(): t(5,20)_r(0,0)_combi_pNone_gNone]
	 Logging test loss: 1.8978e-06 [MSELoss(): t(5,20)_r(0,0)_tennis_pNone_gNone]
	 Logging test loss: 1.96e-07 [MSELoss(): t(5,20)_r(0,0)_full_pNone_gNone]
	 Logging test loss: 1.8555e-06 [MSELoss(): t(5,20)_r(0,0)_semi_pNone_gNone]
	 Logging test loss: 1.958e-07 [MSELoss(): t(5,20)_r(0,0)_none_pNone_gNone]
	 Logging test loss: 1.0815e-06 [MSELoss(): t(5,20)_r(0,0)_combi_pNone_gNone]
		--> Epoch time; 32.624228715896606
Saved model in  trained_models/gru/data_t(5,20)_r(0,0)_combi_pNone_gNone/'log_quat_1'_'False'.pth
It took  448.042005777359  seconds.
----- ITERATION 3/10 ------
Number of train simulations:  1920
Number of test simulations:  480
The dataloader for data/data_t(5,20)_r(0,0)_combi_pNone_gNone took 45.9675030708313 seconds.
-- Finished Train Dataloader --
The dataloader for data/data_t(5,20)_r(0,0)_tennis_pNone_gNone took 12.106671571731567 seconds.
The dataloader for data/data_t(5,20)_r(0,0)_full_pNone_gNone took 12.04788088798523 seconds.
The dataloader for data/data_t(5,20)_r(0,0)_semi_pNone_gNone took 12.033186912536621 seconds.
The dataloader for data/data_t(5,20)_r(0,0)_none_pNone_gNone took 12.064099788665771 seconds.
The dataloader for data/data_t(5,20)_r(0,0)_combi_pNone_gNone took 11.703063011169434 seconds.
-- Finished Test Dataloader(s) --
GRU(
  (rnn): GRU(7, 96, batch_first=True)
  (fc): Linear(in_features=96, out_features=7, bias=True)
)
Datatype: log_quat_1
-- Started Training --
Epoch 0/9
	 Logging train Loss: 0.0001593966 [MSELoss(): t(5,20)_r(0,0)_combi_pNone_gNone]
	 Logging test loss: 1.19947e-05 [MSELoss(): t(5,20)_r(0,0)_tennis_pNone_gNone]
	 Logging test loss: 1.11319e-05 [MSELoss(): t(5,20)_r(0,0)_full_pNone_gNone]
	 Logging test loss: 1.12437e-05 [MSELoss(): t(5,20)_r(0,0)_semi_pNone_gNone]
	 Logging test loss: 1.17446e-05 [MSELoss(): t(5,20)_r(0,0)_none_pNone_gNone]
	 Logging test loss: 1.24237e-05 [MSELoss(): t(5,20)_r(0,0)_combi_pNone_gNone]
		--> Epoch time; 32.56266450881958
Epoch 1/9
	 Logging train Loss: 5.0264e-06 [MSELoss(): t(5,20)_r(0,0)_combi_pNone_gNone]
	 Logging test loss: 2.5645e-06 [MSELoss(): t(5,20)_r(0,0)_tennis_pNone_gNone]
	 Logging test loss: 2.4039e-06 [MSELoss(): t(5,20)_r(0,0)_full_pNone_gNone]
	 Logging test loss: 2.46e-06 [MSELoss(): t(5,20)_r(0,0)_semi_pNone_gNone]
	 Logging test loss: 2.4866e-06 [MSELoss(): t(5,20)_r(0,0)_none_pNone_gNone]
	 Logging test loss: 3.0078e-06 [MSELoss(): t(5,20)_r(0,0)_combi_pNone_gNone]
		--> Epoch time; 32.32322955131531
Epoch 2/9
	 Logging train Loss: 3.1057e-06 [MSELoss(): t(5,20)_r(0,0)_combi_pNone_gNone]
	 Logging test loss: 1.2362e-06 [MSELoss(): t(5,20)_r(0,0)_tennis_pNone_gNone]
	 Logging test loss: 1.1366e-06 [MSELoss(): t(5,20)_r(0,0)_full_pNone_gNone]
	 Logging test loss: 1.1784e-06 [MSELoss(): t(5,20)_r(0,0)_semi_pNone_gNone]
	 Logging test loss: 1.1818e-06 [MSELoss(): t(5,20)_r(0,0)_none_pNone_gNone]
	 Logging test loss: 1.4909e-06 [MSELoss(): t(5,20)_r(0,0)_combi_pNone_gNone]
		--> Epoch time; 32.46692657470703
Epoch 3/9
	 Logging train Loss: 1.7119e-06 [MSELoss(): t(5,20)_r(0,0)_combi_pNone_gNone]
	 Logging test loss: 5.55e-07 [MSELoss(): t(5,20)_r(0,0)_tennis_pNone_gNone]
	 Logging test loss: 4.991e-07 [MSELoss(): t(5,20)_r(0,0)_full_pNone_gNone]
	 Logging test loss: 5.251e-07 [MSELoss(): t(5,20)_r(0,0)_semi_pNone_gNone]
	 Logging test loss: 5.181e-07 [MSELoss(): t(5,20)_r(0,0)_none_pNone_gNone]
	 Logging test loss: 6.93e-07 [MSELoss(): t(5,20)_r(0,0)_combi_pNone_gNone]
		--> Epoch time; 32.66546845436096
Epoch 4/9
	 Logging train Loss: 1.7787e-06 [MSELoss(): t(5,20)_r(0,0)_combi_pNone_gNone]
	 Logging test loss: 2.807e-07 [MSELoss(): t(5,20)_r(0,0)_tennis_pNone_gNone]
	 Logging test loss: 2.363e-07 [MSELoss(): t(5,20)_r(0,0)_full_pNone_gNone]
	 Logging test loss: 2.683e-07 [MSELoss(): t(5,20)_r(0,0)_semi_pNone_gNone]
	 Logging test loss: 2.42e-07 [MSELoss(): t(5,20)_r(0,0)_none_pNone_gNone]
	 Logging test loss: 3.572e-07 [MSELoss(): t(5,20)_r(0,0)_combi_pNone_gNone]
		--> Epoch time; 32.61921191215515
Epoch 5/9
	 Logging train Loss: 1.8353e-06 [MSELoss(): t(5,20)_r(0,0)_combi_pNone_gNone]
	 Logging test loss: 2.268e-07 [MSELoss(): t(5,20)_r(0,0)_tennis_pNone_gNone]
	 Logging test loss: 1.582e-07 [MSELoss(): t(5,20)_r(0,0)_full_pNone_gNone]
wandb: Waiting for W&B process to finish... (success).
wandb: 
wandb: Run history:
wandb:                                       Epoch â–â–‚â–ƒâ–ƒâ–„â–…â–†â–†â–‡â–ˆ
wandb:  Test loss t(5,20)_r(0,0)_combi_pNone_gNone â–ˆâ–ƒâ–‚â–â–â–â–â–â–â–
wandb:   Test loss t(5,20)_r(0,0)_full_pNone_gNone â–ˆâ–‚â–‚â–â–â–â–â–â–â–
wandb:   Test loss t(5,20)_r(0,0)_none_pNone_gNone â–ˆâ–‚â–‚â–â–â–â–â–â–â–
wandb:   Test loss t(5,20)_r(0,0)_semi_pNone_gNone â–ˆâ–‚â–‚â–â–â–â–â–â–â–
wandb: Test loss t(5,20)_r(0,0)_tennis_pNone_gNone â–ˆâ–‚â–‚â–â–â–â–â–â–â–
wandb:                                  Train loss â–ˆâ–â–â–â–â–â–â–â–â–
wandb: 
wandb: Run summary:
wandb:                                       Epoch 9
wandb:  Test loss t(5,20)_r(0,0)_combi_pNone_gNone 0.0
wandb:   Test loss t(5,20)_r(0,0)_full_pNone_gNone 0.0
wandb:   Test loss t(5,20)_r(0,0)_none_pNone_gNone 0.0
wandb:   Test loss t(5,20)_r(0,0)_semi_pNone_gNone 0.0
wandb: Test loss t(5,20)_r(0,0)_tennis_pNone_gNone 0.0
wandb:                                  Train loss 0.0
wandb: 
wandb: ðŸš€ View run clean-totem-55 at: https://wandb.ai/nreints/ThesisFinal2/runs/4ezzrxpi
wandb: Synced 7 W&B file(s), 0 media file(s), 4 artifact file(s) and 1 other file(s)
wandb: Find logs at: ./wandb/run-20230629_113357-4ezzrxpi/logs
wandb: - Waiting for wandb.init()...wandb: \ Waiting for wandb.init()...wandb: wandb version 0.15.4 is available!  To upgrade, please run:
wandb:  $ pip install wandb --upgrade
wandb: Tracking run with wandb version 0.14.0
wandb: Run data is saved locally in /gpfs/home2/nreints/MScThesis/code/wandb/run-20230629_114122-4poe0j5p
wandb: Run `wandb offline` to turn off syncing.
wandb: Syncing run dauntless-leaf-71
wandb: â­ï¸ View project at https://wandb.ai/nreints/ThesisFinal2
wandb: ðŸš€ View run at https://wandb.ai/nreints/ThesisFinal2/runs/4poe0j5p
	 Logging test loss: 2.216e-07 [MSELoss(): t(5,20)_r(0,0)_semi_pNone_gNone]
	 Logging test loss: 1.591e-07 [MSELoss(): t(5,20)_r(0,0)_none_pNone_gNone]
	 Logging test loss: 2.589e-07 [MSELoss(): t(5,20)_r(0,0)_combi_pNone_gNone]
		--> Epoch time; 32.639366149902344
Epoch 6/9
	 Logging train Loss: 1.4856e-06 [MSELoss(): t(5,20)_r(0,0)_combi_pNone_gNone]
	 Logging test loss: 1.528e-07 [MSELoss(): t(5,20)_r(0,0)_tennis_pNone_gNone]
	 Logging test loss: 1.406e-07 [MSELoss(): t(5,20)_r(0,0)_full_pNone_gNone]
	 Logging test loss: 1.501e-07 [MSELoss(): t(5,20)_r(0,0)_semi_pNone_gNone]
	 Logging test loss: 1.408e-07 [MSELoss(): t(5,20)_r(0,0)_none_pNone_gNone]
	 Logging test loss: 1.957e-07 [MSELoss(): t(5,20)_r(0,0)_combi_pNone_gNone]
		--> Epoch time; 32.63746476173401
Epoch 7/9
	 Logging train Loss: 1.2696e-06 [MSELoss(): t(5,20)_r(0,0)_combi_pNone_gNone]
	 Logging test loss: 6.52e-07 [MSELoss(): t(5,20)_r(0,0)_tennis_pNone_gNone]
	 Logging test loss: 1.523e-07 [MSELoss(): t(5,20)_r(0,0)_full_pNone_gNone]
	 Logging test loss: 6.215e-07 [MSELoss(): t(5,20)_r(0,0)_semi_pNone_gNone]
	 Logging test loss: 1.525e-07 [MSELoss(): t(5,20)_r(0,0)_none_pNone_gNone]
	 Logging test loss: 4.395e-07 [MSELoss(): t(5,20)_r(0,0)_combi_pNone_gNone]
		--> Epoch time; 32.693854570388794
Epoch 8/9
	 Logging train Loss: 1.3555e-06 [MSELoss(): t(5,20)_r(0,0)_combi_pNone_gNone]
	 Logging test loss: 1.578e-07 [MSELoss(): t(5,20)_r(0,0)_tennis_pNone_gNone]
	 Logging test loss: 1.463e-07 [MSELoss(): t(5,20)_r(0,0)_full_pNone_gNone]
	 Logging test loss: 1.56e-07 [MSELoss(): t(5,20)_r(0,0)_semi_pNone_gNone]
	 Logging test loss: 1.479e-07 [MSELoss(): t(5,20)_r(0,0)_none_pNone_gNone]
	 Logging test loss: 1.782e-07 [MSELoss(): t(5,20)_r(0,0)_combi_pNone_gNone]
		--> Epoch time; 32.68995690345764
Epoch 9/9
	 Logging train Loss: 1.215e-06 [MSELoss(): t(5,20)_r(0,0)_combi_pNone_gNone]
	 Logging test loss: 3.454e-07 [MSELoss(): t(5,20)_r(0,0)_tennis_pNone_gNone]
	 Logging test loss: 1.428e-07 [MSELoss(): t(5,20)_r(0,0)_full_pNone_gNone]
	 Logging test loss: 3.424e-07 [MSELoss(): t(5,20)_r(0,0)_semi_pNone_gNone]
	 Logging test loss: 1.43e-07 [MSELoss(): t(5,20)_r(0,0)_none_pNone_gNone]
	 Logging test loss: 2.66e-07 [MSELoss(): t(5,20)_r(0,0)_combi_pNone_gNone]
		--> Epoch time; 32.51083302497864
Saved model in  trained_models/gru/data_t(5,20)_r(0,0)_combi_pNone_gNone/'log_quat_1'_'False'.pth
It took  444.96111607551575  seconds.
----- ITERATION 4/10 ------
Number of train simulations:  1920
Number of test simulations:  480
The dataloader for data/data_t(5,20)_r(0,0)_combi_pNone_gNone took 45.52516961097717 seconds.
-- Finished Train Dataloader --
The dataloader for data/data_t(5,20)_r(0,0)_tennis_pNone_gNone took 12.018154859542847 seconds.
The dataloader for data/data_t(5,20)_r(0,0)_full_pNone_gNone took 11.926334381103516 seconds.
The dataloader for data/data_t(5,20)_r(0,0)_semi_pNone_gNone took 12.035719394683838 seconds.
The dataloader for data/data_t(5,20)_r(0,0)_none_pNone_gNone took 12.100459098815918 seconds.
The dataloader for data/data_t(5,20)_r(0,0)_combi_pNone_gNone took 11.645985841751099 seconds.
-- Finished Test Dataloader(s) --
GRU(
  (rnn): GRU(7, 96, batch_first=True)
  (fc): Linear(in_features=96, out_features=7, bias=True)
)
Datatype: log_quat_1
-- Started Training --
Epoch 0/9
	 Logging train Loss: 0.0002141786 [MSELoss(): t(5,20)_r(0,0)_combi_pNone_gNone]
	 Logging test loss: 2.50442e-05 [MSELoss(): t(5,20)_r(0,0)_tennis_pNone_gNone]
	 Logging test loss: 2.3815e-05 [MSELoss(): t(5,20)_r(0,0)_full_pNone_gNone]
	 Logging test loss: 2.45091e-05 [MSELoss(): t(5,20)_r(0,0)_semi_pNone_gNone]
	 Logging test loss: 2.46196e-05 [MSELoss(): t(5,20)_r(0,0)_none_pNone_gNone]
	 Logging test loss: 2.4543e-05 [MSELoss(): t(5,20)_r(0,0)_combi_pNone_gNone]
		--> Epoch time; 32.62854361534119
Epoch 1/9
	 Logging train Loss: 9.8243e-06 [MSELoss(): t(5,20)_r(0,0)_combi_pNone_gNone]
	 Logging test loss: 3.8123e-06 [MSELoss(): t(5,20)_r(0,0)_tennis_pNone_gNone]
	 Logging test loss: 3.5072e-06 [MSELoss(): t(5,20)_r(0,0)_full_pNone_gNone]
	 Logging test loss: 3.7224e-06 [MSELoss(): t(5,20)_r(0,0)_semi_pNone_gNone]
	 Logging test loss: 3.6107e-06 [MSELoss(): t(5,20)_r(0,0)_none_pNone_gNone]
	 Logging test loss: 4.0896e-06 [MSELoss(): t(5,20)_r(0,0)_combi_pNone_gNone]
		--> Epoch time; 32.66774320602417
Epoch 2/9
	 Logging train Loss: 5.3604e-06 [MSELoss(): t(5,20)_r(0,0)_combi_pNone_gNone]
	 Logging test loss: 4.3412e-06 [MSELoss(): t(5,20)_r(0,0)_tennis_pNone_gNone]
	 Logging test loss: 2.3567e-06 [MSELoss(): t(5,20)_r(0,0)_full_pNone_gNone]
	 Logging test loss: 4.3359e-06 [MSELoss(): t(5,20)_r(0,0)_semi_pNone_gNone]
	 Logging test loss: 2.4213e-06 [MSELoss(): t(5,20)_r(0,0)_none_pNone_gNone]
	 Logging test loss: 3.6125e-06 [MSELoss(): t(5,20)_r(0,0)_combi_pNone_gNone]
		--> Epoch time; 32.70436215400696
Epoch 3/9
	 Logging train Loss: 3.2075e-06 [MSELoss(): t(5,20)_r(0,0)_combi_pNone_gNone]
	 Logging test loss: 1.4678e-06 [MSELoss(): t(5,20)_r(0,0)_tennis_pNone_gNone]
	 Logging test loss: 1.385e-06 [MSELoss(): t(5,20)_r(0,0)_full_pNone_gNone]
	 Logging test loss: 1.4415e-06 [MSELoss(): t(5,20)_r(0,0)_semi_pNone_gNone]
	 Logging test loss: 1.425e-06 [MSELoss(): t(5,20)_r(0,0)_none_pNone_gNone]
	 Logging test loss: 1.5101e-06 [MSELoss(): t(5,20)_r(0,0)_combi_pNone_gNone]
		--> Epoch time; 32.496792793273926
Epoch 4/9
	 Logging train Loss: 2.4542e-06 [MSELoss(): t(5,20)_r(0,0)_combi_pNone_gNone]
	 Logging test loss: 7.866e-07 [MSELoss(): t(5,20)_r(0,0)_tennis_pNone_gNone]
	 Logging test loss: 7.362e-07 [MSELoss(): t(5,20)_r(0,0)_full_pNone_gNone]
	 Logging test loss: 7.75e-07 [MSELoss(): t(5,20)_r(0,0)_semi_pNone_gNone]
	 Logging test loss: 7.57e-07 [MSELoss(): t(5,20)_r(0,0)_none_pNone_gNone]
	 Logging test loss: 8.014e-07 [MSELoss(): t(5,20)_r(0,0)_combi_pNone_gNone]
		--> Epoch time; 32.481961727142334
Epoch 5/9
	 Logging train Loss: 2.1799e-06 [MSELoss(): t(5,20)_r(0,0)_combi_pNone_gNone]
	 Logging test loss: 3.896e-07 [MSELoss(): t(5,20)_r(0,0)_tennis_pNone_gNone]
	 Logging test loss: 3.617e-07 [MSELoss(): t(5,20)_r(0,0)_full_pNone_gNone]
	 Logging test loss: 3.839e-07 [MSELoss(): t(5,20)_r(0,0)_semi_pNone_gNone]
	 Logging test loss: 3.689e-07 [MSELoss(): t(5,20)_r(0,0)_none_pNone_gNone]
	 Logging test loss: 4.053e-07 [MSELoss(): t(5,20)_r(0,0)_combi_pNone_gNone]
		--> Epoch time; 33.1758337020874
Epoch 6/9
	 Logging train Loss: 1.3597e-06 [MSELoss(): t(5,20)_r(0,0)_combi_pNone_gNone]
	 Logging test loss: 2.142e-07 [MSELoss(): t(5,20)_r(0,0)_tennis_pNone_gNone]
	 Logging test loss: 1.99e-07 [MSELoss(): t(5,20)_r(0,0)_full_pNone_gNone]
	 Logging test loss: 2.119e-07 [MSELoss(): t(5,20)_r(0,0)_semi_pNone_gNone]
	 Logging test loss: 1.99e-07 [MSELoss(): t(5,20)_r(0,0)_none_pNone_gNone]
	 Logging test loss: 2.305e-07 [MSELoss(): t(5,20)_r(0,0)_combi_pNone_gNone]
		--> Epoch time; 33.292354106903076
Epoch 7/9
	 Logging train Loss: 9.547e-07 [MSELoss(): t(5,20)_r(0,0)_combi_pNone_gNone]
	 Logging test loss: 3.685e-07 [MSELoss(): t(5,20)_r(0,0)_tennis_pNone_gNone]
	 Logging test loss: 1.672e-07 [MSELoss(): t(5,20)_r(0,0)_full_pNone_gNone]
	 Logging test loss: 3.715e-07 [MSELoss(): t(5,20)_r(0,0)_semi_pNone_gNone]
	 Logging test loss: 1.613e-07 [MSELoss(): t(5,20)_r(0,0)_none_pNone_gNone]
	 Logging test loss: 2.933e-07 [MSELoss(): t(5,20)_r(0,0)_combi_pNone_gNone]
		--> Epoch time; 32.61131572723389
Epoch 8/9
	 Logging train Loss: 1.2844e-06 [MSELoss(): t(5,20)_r(0,0)_combi_pNone_gNone]
	 Logging test loss: 1.49e-07 [MSELoss(): t(5,20)_r(0,0)_tennis_pNone_gNone]
	 Logging test loss: 1.43e-07 [MSELoss(): t(5,20)_r(0,0)_full_pNone_gNone]
	 Logging test loss: 1.478e-07 [MSELoss(): t(5,20)_r(0,0)_semi_pNone_gNone]
	 Logging test loss: 1.406e-07 [MSELoss(): t(5,20)_r(0,0)_none_pNone_gNone]
	 Logging test loss: 1.624e-07 [MSELoss(): t(5,20)_r(0,0)_combi_pNone_gNone]
		--> Epoch time; 32.711780071258545
Epoch 9/9
	 Logging train Loss: 8.332e-07 [MSELoss(): t(5,20)_r(0,0)_combi_pNone_gNone]
	 Logging test loss: 2.561e-07 [MSELoss(): t(5,20)_r(0,0)_tennis_pNone_gNone]
	 Logging test loss: 1.767e-07 [MSELoss(): t(5,20)_r(0,0)_full_pNone_gNone]
wandb: Waiting for W&B process to finish... (success).
wandb: 
wandb: Run history:
wandb:                                       Epoch â–â–‚â–ƒâ–ƒâ–„â–…â–†â–†â–‡â–ˆ
wandb:  Test loss t(5,20)_r(0,0)_combi_pNone_gNone â–ˆâ–‚â–‚â–â–â–â–â–â–â–
wandb:   Test loss t(5,20)_r(0,0)_full_pNone_gNone â–ˆâ–‚â–‚â–â–â–â–â–â–â–
wandb:   Test loss t(5,20)_r(0,0)_none_pNone_gNone â–ˆâ–‚â–‚â–â–â–â–â–â–â–
wandb:   Test loss t(5,20)_r(0,0)_semi_pNone_gNone â–ˆâ–‚â–‚â–â–â–â–â–â–â–
wandb: Test loss t(5,20)_r(0,0)_tennis_pNone_gNone â–ˆâ–‚â–‚â–â–â–â–â–â–â–
wandb:                                  Train loss â–ˆâ–â–â–â–â–â–â–â–â–
wandb: 
wandb: Run summary:
wandb:                                       Epoch 9
wandb:  Test loss t(5,20)_r(0,0)_combi_pNone_gNone 0.0
wandb:   Test loss t(5,20)_r(0,0)_full_pNone_gNone 0.0
wandb:   Test loss t(5,20)_r(0,0)_none_pNone_gNone 0.0
wandb:   Test loss t(5,20)_r(0,0)_semi_pNone_gNone 0.0
wandb: Test loss t(5,20)_r(0,0)_tennis_pNone_gNone 0.0
wandb:                                  Train loss 0.0
wandb: 
wandb: ðŸš€ View run dauntless-leaf-71 at: https://wandb.ai/nreints/ThesisFinal2/runs/4poe0j5p
wandb: Synced 7 W&B file(s), 0 media file(s), 4 artifact file(s) and 1 other file(s)
wandb: Find logs at: ./wandb/run-20230629_114122-4poe0j5p/logs
wandb: - Waiting for wandb.init()...wandb: \ Waiting for wandb.init()...wandb: wandb version 0.15.4 is available!  To upgrade, please run:
wandb:  $ pip install wandb --upgrade
wandb: Tracking run with wandb version 0.14.0
wandb: Run data is saved locally in /gpfs/home2/nreints/MScThesis/code/wandb/run-20230629_114848-4dg5514d
wandb: Run `wandb offline` to turn off syncing.
wandb: Syncing run solar-frog-86
wandb: â­ï¸ View project at https://wandb.ai/nreints/ThesisFinal2
wandb: ðŸš€ View run at https://wandb.ai/nreints/ThesisFinal2/runs/4dg5514d
wandb: Waiting for W&B process to finish... (success).
wandb: 
wandb: Run history:
wandb:                                       Epoch â–â–‚â–ƒâ–ƒâ–„â–…â–†â–†â–‡â–ˆ
wandb:  Test loss t(5,20)_r(0,0)_combi_pNone_gNone â–ˆâ–‚â–â–â–â–â–â–â–â–
wandb:   Test loss t(5,20)_r(0,0)_full_pNone_gNone â–ˆâ–‚â–â–â–â–â–â–â–â–
wandb:   Test loss t(5,20)_r(0,0)_none_pNone_gNone â–ˆâ–‚â–â–â–â–â–â–â–â–
wandb:   Test loss t(5,20)_r(0,0)_semi_pNone_gNone â–ˆâ–‚â–â–â–â–â–‚â–â–â–
wandb: Test loss t(5,20)_r(0,0)_tennis_pNone_gNone â–ˆâ–‚â–â–â–â–â–‚â–â–â–
wandb:                                  Train loss â–ˆâ–â–â–â–â–â–â–â–â–
wandb: 
wandb: Run summary:
wandb:                                       Epoch 9
wandb:  Test loss t(5,20)_r(0,0)_combi_pNone_gNone 0.0
wandb:   Test loss t(5,20)_r(0,0)_full_pNone_gNone 0.0
wandb:   Test loss t(5,20)_r(0,0)_none_pNone_gNone 0.0
wandb:   Test loss t(5,20)_r(0,0)_semi_pNone_gNone 0.0
wandb: Test loss t(5,20)_r(0,0)_tennis_pNone_gNone 0.0
wandb:                                  Train loss 0.0
wandb: 
wandb: ðŸš€ View run solar-frog-86 at: https://wandb.ai/nreints/ThesisFinal2/runs/4dg5514d
wandb: Synced 7 W&B file(s), 0 media file(s), 4 artifact file(s) and 1 other file(s)
wandb: Find logs at: ./wandb/run-20230629_114848-4dg5514d/logs
wandb: - Waiting for wandb.init()...wandb: \ Waiting for wandb.init()...wandb: wandb version 0.15.4 is available!  To upgrade, please run:
wandb:  $ pip install wandb --upgrade
wandb: Tracking run with wandb version 0.14.0
wandb: Run data is saved locally in /gpfs/home2/nreints/MScThesis/code/wandb/run-20230629_115612-2gfiebgn
wandb: Run `wandb offline` to turn off syncing.
wandb: Syncing run feasible-pyramid-99
wandb: â­ï¸ View project at https://wandb.ai/nreints/ThesisFinal2
wandb: ðŸš€ View run at https://wandb.ai/nreints/ThesisFinal2/runs/2gfiebgn
	 Logging test loss: 2.591e-07 [MSELoss(): t(5,20)_r(0,0)_semi_pNone_gNone]
	 Logging test loss: 1.714e-07 [MSELoss(): t(5,20)_r(0,0)_none_pNone_gNone]
	 Logging test loss: 2.336e-07 [MSELoss(): t(5,20)_r(0,0)_combi_pNone_gNone]
		--> Epoch time; 32.59617829322815
Saved model in  trained_models/gru/data_t(5,20)_r(0,0)_combi_pNone_gNone/'log_quat_1'_'False'.pth
It took  445.9405517578125  seconds.
----- ITERATION 5/10 ------
Number of train simulations:  1920
Number of test simulations:  480
The dataloader for data/data_t(5,20)_r(0,0)_combi_pNone_gNone took 45.30181312561035 seconds.
-- Finished Train Dataloader --
The dataloader for data/data_t(5,20)_r(0,0)_tennis_pNone_gNone took 11.947640657424927 seconds.
The dataloader for data/data_t(5,20)_r(0,0)_full_pNone_gNone took 11.953617334365845 seconds.
The dataloader for data/data_t(5,20)_r(0,0)_semi_pNone_gNone took 11.95292353630066 seconds.
The dataloader for data/data_t(5,20)_r(0,0)_none_pNone_gNone took 12.044472932815552 seconds.
The dataloader for data/data_t(5,20)_r(0,0)_combi_pNone_gNone took 11.618065357208252 seconds.
-- Finished Test Dataloader(s) --
GRU(
  (rnn): GRU(7, 96, batch_first=True)
  (fc): Linear(in_features=96, out_features=7, bias=True)
)
Datatype: log_quat_1
-- Started Training --
Epoch 0/9
	 Logging train Loss: 0.0005952127 [MSELoss(): t(5,20)_r(0,0)_combi_pNone_gNone]
	 Logging test loss: 4.38229e-05 [MSELoss(): t(5,20)_r(0,0)_tennis_pNone_gNone]
	 Logging test loss: 4.03167e-05 [MSELoss(): t(5,20)_r(0,0)_full_pNone_gNone]
	 Logging test loss: 4.1165e-05 [MSELoss(): t(5,20)_r(0,0)_semi_pNone_gNone]
	 Logging test loss: 3.93002e-05 [MSELoss(): t(5,20)_r(0,0)_none_pNone_gNone]
	 Logging test loss: 4.25965e-05 [MSELoss(): t(5,20)_r(0,0)_combi_pNone_gNone]
		--> Epoch time; 32.4881067276001
Epoch 1/9
	 Logging train Loss: 1.73137e-05 [MSELoss(): t(5,20)_r(0,0)_combi_pNone_gNone]
	 Logging test loss: 4.4213e-06 [MSELoss(): t(5,20)_r(0,0)_tennis_pNone_gNone]
	 Logging test loss: 4.0044e-06 [MSELoss(): t(5,20)_r(0,0)_full_pNone_gNone]
	 Logging test loss: 4.1026e-06 [MSELoss(): t(5,20)_r(0,0)_semi_pNone_gNone]
	 Logging test loss: 3.8914e-06 [MSELoss(): t(5,20)_r(0,0)_none_pNone_gNone]
	 Logging test loss: 4.771e-06 [MSELoss(): t(5,20)_r(0,0)_combi_pNone_gNone]
		--> Epoch time; 32.65704703330994
Epoch 2/9
	 Logging train Loss: 3.8295e-06 [MSELoss(): t(5,20)_r(0,0)_combi_pNone_gNone]
	 Logging test loss: 2.2367e-06 [MSELoss(): t(5,20)_r(0,0)_tennis_pNone_gNone]
	 Logging test loss: 1.9792e-06 [MSELoss(): t(5,20)_r(0,0)_full_pNone_gNone]
	 Logging test loss: 2.0683e-06 [MSELoss(): t(5,20)_r(0,0)_semi_pNone_gNone]
	 Logging test loss: 1.924e-06 [MSELoss(): t(5,20)_r(0,0)_none_pNone_gNone]
	 Logging test loss: 2.4555e-06 [MSELoss(): t(5,20)_r(0,0)_combi_pNone_gNone]
		--> Epoch time; 32.55520963668823
Epoch 3/9
	 Logging train Loss: 2.4359e-06 [MSELoss(): t(5,20)_r(0,0)_combi_pNone_gNone]
	 Logging test loss: 1.1536e-06 [MSELoss(): t(5,20)_r(0,0)_tennis_pNone_gNone]
	 Logging test loss: 9.964e-07 [MSELoss(): t(5,20)_r(0,0)_full_pNone_gNone]
	 Logging test loss: 1.0591e-06 [MSELoss(): t(5,20)_r(0,0)_semi_pNone_gNone]
	 Logging test loss: 9.791e-07 [MSELoss(): t(5,20)_r(0,0)_none_pNone_gNone]
	 Logging test loss: 1.2689e-06 [MSELoss(): t(5,20)_r(0,0)_combi_pNone_gNone]
		--> Epoch time; 32.35971975326538
Epoch 4/9
	 Logging train Loss: 1.7166e-06 [MSELoss(): t(5,20)_r(0,0)_combi_pNone_gNone]
	 Logging test loss: 5.309e-07 [MSELoss(): t(5,20)_r(0,0)_tennis_pNone_gNone]
	 Logging test loss: 4.574e-07 [MSELoss(): t(5,20)_r(0,0)_full_pNone_gNone]
	 Logging test loss: 4.883e-07 [MSELoss(): t(5,20)_r(0,0)_semi_pNone_gNone]
	 Logging test loss: 4.496e-07 [MSELoss(): t(5,20)_r(0,0)_none_pNone_gNone]
	 Logging test loss: 6.052e-07 [MSELoss(): t(5,20)_r(0,0)_combi_pNone_gNone]
		--> Epoch time; 32.483723640441895
Epoch 5/9
	 Logging train Loss: 1.3826e-06 [MSELoss(): t(5,20)_r(0,0)_combi_pNone_gNone]
	 Logging test loss: 2.4892e-06 [MSELoss(): t(5,20)_r(0,0)_tennis_pNone_gNone]
	 Logging test loss: 5.889e-07 [MSELoss(): t(5,20)_r(0,0)_full_pNone_gNone]
	 Logging test loss: 2.5001e-06 [MSELoss(): t(5,20)_r(0,0)_semi_pNone_gNone]
	 Logging test loss: 5.82e-07 [MSELoss(): t(5,20)_r(0,0)_none_pNone_gNone]
	 Logging test loss: 1.6947e-06 [MSELoss(): t(5,20)_r(0,0)_combi_pNone_gNone]
		--> Epoch time; 32.51664328575134
Epoch 6/9
	 Logging train Loss: 1.756e-06 [MSELoss(): t(5,20)_r(0,0)_combi_pNone_gNone]
	 Logging test loss: 3.4259e-06 [MSELoss(): t(5,20)_r(0,0)_tennis_pNone_gNone]
	 Logging test loss: 2.405e-07 [MSELoss(): t(5,20)_r(0,0)_full_pNone_gNone]
	 Logging test loss: 3.2236e-06 [MSELoss(): t(5,20)_r(0,0)_semi_pNone_gNone]
	 Logging test loss: 2.365e-07 [MSELoss(): t(5,20)_r(0,0)_none_pNone_gNone]
	 Logging test loss: 1.8768e-06 [MSELoss(): t(5,20)_r(0,0)_combi_pNone_gNone]
		--> Epoch time; 32.76548385620117
Epoch 7/9
	 Logging train Loss: 1.4832e-06 [MSELoss(): t(5,20)_r(0,0)_combi_pNone_gNone]
	 Logging test loss: 1.545e-07 [MSELoss(): t(5,20)_r(0,0)_tennis_pNone_gNone]
	 Logging test loss: 1.39e-07 [MSELoss(): t(5,20)_r(0,0)_full_pNone_gNone]
	 Logging test loss: 1.476e-07 [MSELoss(): t(5,20)_r(0,0)_semi_pNone_gNone]
	 Logging test loss: 1.389e-07 [MSELoss(): t(5,20)_r(0,0)_none_pNone_gNone]
	 Logging test loss: 1.877e-07 [MSELoss(): t(5,20)_r(0,0)_combi_pNone_gNone]
		--> Epoch time; 32.58028745651245
Epoch 8/9
	 Logging train Loss: 1.4684e-06 [MSELoss(): t(5,20)_r(0,0)_combi_pNone_gNone]
	 Logging test loss: 3.625e-07 [MSELoss(): t(5,20)_r(0,0)_tennis_pNone_gNone]
	 Logging test loss: 1.489e-07 [MSELoss(): t(5,20)_r(0,0)_full_pNone_gNone]
	 Logging test loss: 3.472e-07 [MSELoss(): t(5,20)_r(0,0)_semi_pNone_gNone]
	 Logging test loss: 1.479e-07 [MSELoss(): t(5,20)_r(0,0)_none_pNone_gNone]
	 Logging test loss: 2.874e-07 [MSELoss(): t(5,20)_r(0,0)_combi_pNone_gNone]
		--> Epoch time; 32.723371267318726
Epoch 9/9
	 Logging train Loss: 1.2295e-06 [MSELoss(): t(5,20)_r(0,0)_combi_pNone_gNone]
	 Logging test loss: 1.673e-07 [MSELoss(): t(5,20)_r(0,0)_tennis_pNone_gNone]
	 Logging test loss: 1.547e-07 [MSELoss(): t(5,20)_r(0,0)_full_pNone_gNone]
	 Logging test loss: 1.574e-07 [MSELoss(): t(5,20)_r(0,0)_semi_pNone_gNone]
	 Logging test loss: 1.54e-07 [MSELoss(): t(5,20)_r(0,0)_none_pNone_gNone]
	 Logging test loss: 1.822e-07 [MSELoss(): t(5,20)_r(0,0)_combi_pNone_gNone]
		--> Epoch time; 32.6397979259491
Saved model in  trained_models/gru/data_t(5,20)_r(0,0)_combi_pNone_gNone/'log_quat_1'_'False'.pth
It took  444.11817932128906  seconds.
----- ITERATION 6/10 ------
Number of train simulations:  1920
Number of test simulations:  480
The dataloader for data/data_t(5,20)_r(0,0)_combi_pNone_gNone took 45.47363471984863 seconds.
-- Finished Train Dataloader --
The dataloader for data/data_t(5,20)_r(0,0)_tennis_pNone_gNone took 12.117105960845947 seconds.
The dataloader for data/data_t(5,20)_r(0,0)_full_pNone_gNone took 12.046701431274414 seconds.
The dataloader for data/data_t(5,20)_r(0,0)_semi_pNone_gNone took 12.068054914474487 seconds.
The dataloader for data/data_t(5,20)_r(0,0)_none_pNone_gNone took 12.089394330978394 seconds.
The dataloader for data/data_t(5,20)_r(0,0)_combi_pNone_gNone took 11.685967206954956 seconds.
-- Finished Test Dataloader(s) --
GRU(
  (rnn): GRU(7, 96, batch_first=True)
  (fc): Linear(in_features=96, out_features=7, bias=True)
)
Datatype: log_quat_1
-- Started Training --
Epoch 0/9
	 Logging train Loss: 0.0008434801 [MSELoss(): t(5,20)_r(0,0)_combi_pNone_gNone]
	 Logging test loss: 4.49474e-05 [MSELoss(): t(5,20)_r(0,0)_tennis_pNone_gNone]
	 Logging test loss: 4.02479e-05 [MSELoss(): t(5,20)_r(0,0)_full_pNone_gNone]
	 Logging test loss: 4.23906e-05 [MSELoss(): t(5,20)_r(0,0)_semi_pNone_gNone]
	 Logging test loss: 4.14585e-05 [MSELoss(): t(5,20)_r(0,0)_none_pNone_gNone]
	 Logging test loss: 4.3498e-05 [MSELoss(): t(5,20)_r(0,0)_combi_pNone_gNone]
		--> Epoch time; 32.647584199905396
Epoch 1/9
	 Logging train Loss: 1.8874e-05 [MSELoss(): t(5,20)_r(0,0)_combi_pNone_gNone]
	 Logging test loss: 4.7518e-06 [MSELoss(): t(5,20)_r(0,0)_tennis_pNone_gNone]
	 Logging test loss: 4.1727e-06 [MSELoss(): t(5,20)_r(0,0)_full_pNone_gNone]
wandb: Waiting for W&B process to finish... (success).
wandb: 
wandb: Run history:
wandb:                                       Epoch â–â–‚â–ƒâ–ƒâ–„â–…â–†â–†â–‡â–ˆ
wandb:  Test loss t(5,20)_r(0,0)_combi_pNone_gNone â–ˆâ–‚â–‚â–â–â–â–â–â–â–
wandb:   Test loss t(5,20)_r(0,0)_full_pNone_gNone â–ˆâ–‚â–â–â–â–â–â–â–â–
wandb:   Test loss t(5,20)_r(0,0)_none_pNone_gNone â–ˆâ–‚â–â–â–â–â–â–â–â–
wandb:   Test loss t(5,20)_r(0,0)_semi_pNone_gNone â–ˆâ–‚â–ƒâ–â–â–â–‚â–â–â–
wandb: Test loss t(5,20)_r(0,0)_tennis_pNone_gNone â–ˆâ–‚â–ƒâ–â–â–â–â–â–â–
wandb:                                  Train loss â–ˆâ–â–â–â–â–â–â–â–â–
wandb: 
wandb: Run summary:
wandb:                                       Epoch 9
wandb:  Test loss t(5,20)_r(0,0)_combi_pNone_gNone 0.0
wandb:   Test loss t(5,20)_r(0,0)_full_pNone_gNone 0.0
wandb:   Test loss t(5,20)_r(0,0)_none_pNone_gNone 0.0
wandb:   Test loss t(5,20)_r(0,0)_semi_pNone_gNone 0.0
wandb: Test loss t(5,20)_r(0,0)_tennis_pNone_gNone 0.0
wandb:                                  Train loss 0.0
wandb: 
wandb: ðŸš€ View run feasible-pyramid-99 at: https://wandb.ai/nreints/ThesisFinal2/runs/2gfiebgn
wandb: Synced 7 W&B file(s), 0 media file(s), 4 artifact file(s) and 1 other file(s)
wandb: Find logs at: ./wandb/run-20230629_115612-2gfiebgn/logs
wandb: - Waiting for wandb.init()...wandb: \ Waiting for wandb.init()...wandb: wandb version 0.15.4 is available!  To upgrade, please run:
wandb:  $ pip install wandb --upgrade
wandb: Tracking run with wandb version 0.14.0
wandb: Run data is saved locally in /gpfs/home2/nreints/MScThesis/code/wandb/run-20230629_120336-k8cgq5hs
wandb: Run `wandb offline` to turn off syncing.
wandb: Syncing run noble-blaze-115
wandb: â­ï¸ View project at https://wandb.ai/nreints/ThesisFinal2
wandb: ðŸš€ View run at https://wandb.ai/nreints/ThesisFinal2/runs/k8cgq5hs
	 Logging test loss: 4.4768e-06 [MSELoss(): t(5,20)_r(0,0)_semi_pNone_gNone]
	 Logging test loss: 4.251e-06 [MSELoss(): t(5,20)_r(0,0)_none_pNone_gNone]
	 Logging test loss: 5.0908e-06 [MSELoss(): t(5,20)_r(0,0)_combi_pNone_gNone]
		--> Epoch time; 32.60924673080444
Epoch 2/9
	 Logging train Loss: 4.2125e-06 [MSELoss(): t(5,20)_r(0,0)_combi_pNone_gNone]
	 Logging test loss: 1.07769e-05 [MSELoss(): t(5,20)_r(0,0)_tennis_pNone_gNone]
	 Logging test loss: 2.3732e-06 [MSELoss(): t(5,20)_r(0,0)_full_pNone_gNone]
	 Logging test loss: 1.09926e-05 [MSELoss(): t(5,20)_r(0,0)_semi_pNone_gNone]
	 Logging test loss: 2.4504e-06 [MSELoss(): t(5,20)_r(0,0)_none_pNone_gNone]
	 Logging test loss: 7.3518e-06 [MSELoss(): t(5,20)_r(0,0)_combi_pNone_gNone]
		--> Epoch time; 32.52978324890137
Epoch 3/9
	 Logging train Loss: 2.2356e-06 [MSELoss(): t(5,20)_r(0,0)_combi_pNone_gNone]
	 Logging test loss: 2.2929e-06 [MSELoss(): t(5,20)_r(0,0)_tennis_pNone_gNone]
	 Logging test loss: 1.2816e-06 [MSELoss(): t(5,20)_r(0,0)_full_pNone_gNone]
	 Logging test loss: 2.2553e-06 [MSELoss(): t(5,20)_r(0,0)_semi_pNone_gNone]
	 Logging test loss: 1.3244e-06 [MSELoss(): t(5,20)_r(0,0)_none_pNone_gNone]
	 Logging test loss: 2.0414e-06 [MSELoss(): t(5,20)_r(0,0)_combi_pNone_gNone]
		--> Epoch time; 32.35810351371765
Epoch 4/9
	 Logging train Loss: 2.1441e-06 [MSELoss(): t(5,20)_r(0,0)_combi_pNone_gNone]
	 Logging test loss: 7.288e-07 [MSELoss(): t(5,20)_r(0,0)_tennis_pNone_gNone]
	 Logging test loss: 6.449e-07 [MSELoss(): t(5,20)_r(0,0)_full_pNone_gNone]
	 Logging test loss: 7.046e-07 [MSELoss(): t(5,20)_r(0,0)_semi_pNone_gNone]
	 Logging test loss: 6.664e-07 [MSELoss(): t(5,20)_r(0,0)_none_pNone_gNone]
	 Logging test loss: 8.086e-07 [MSELoss(): t(5,20)_r(0,0)_combi_pNone_gNone]
		--> Epoch time; 32.28877544403076
Epoch 5/9
	 Logging train Loss: 1.3374e-06 [MSELoss(): t(5,20)_r(0,0)_combi_pNone_gNone]
	 Logging test loss: 3.602e-07 [MSELoss(): t(5,20)_r(0,0)_tennis_pNone_gNone]
	 Logging test loss: 3.194e-07 [MSELoss(): t(5,20)_r(0,0)_full_pNone_gNone]
	 Logging test loss: 3.486e-07 [MSELoss(): t(5,20)_r(0,0)_semi_pNone_gNone]
	 Logging test loss: 3.29e-07 [MSELoss(): t(5,20)_r(0,0)_none_pNone_gNone]
	 Logging test loss: 4.091e-07 [MSELoss(): t(5,20)_r(0,0)_combi_pNone_gNone]
		--> Epoch time; 32.68161368370056
Epoch 6/9
	 Logging train Loss: 1.2511e-06 [MSELoss(): t(5,20)_r(0,0)_combi_pNone_gNone]
	 Logging test loss: 3.0721e-06 [MSELoss(): t(5,20)_r(0,0)_tennis_pNone_gNone]
	 Logging test loss: 2.681e-07 [MSELoss(): t(5,20)_r(0,0)_full_pNone_gNone]
	 Logging test loss: 3.179e-06 [MSELoss(): t(5,20)_r(0,0)_semi_pNone_gNone]
	 Logging test loss: 2.726e-07 [MSELoss(): t(5,20)_r(0,0)_none_pNone_gNone]
	 Logging test loss: 1.8567e-06 [MSELoss(): t(5,20)_r(0,0)_combi_pNone_gNone]
		--> Epoch time; 32.715959310531616
Epoch 7/9
	 Logging train Loss: 1.4085e-06 [MSELoss(): t(5,20)_r(0,0)_combi_pNone_gNone]
	 Logging test loss: 1.9661e-06 [MSELoss(): t(5,20)_r(0,0)_tennis_pNone_gNone]
	 Logging test loss: 1.995e-07 [MSELoss(): t(5,20)_r(0,0)_full_pNone_gNone]
	 Logging test loss: 2.0044e-06 [MSELoss(): t(5,20)_r(0,0)_semi_pNone_gNone]
	 Logging test loss: 1.988e-07 [MSELoss(): t(5,20)_r(0,0)_none_pNone_gNone]
	 Logging test loss: 1.1694e-06 [MSELoss(): t(5,20)_r(0,0)_combi_pNone_gNone]
		--> Epoch time; 33.30340528488159
Epoch 8/9
	 Logging train Loss: 1.2212e-06 [MSELoss(): t(5,20)_r(0,0)_combi_pNone_gNone]
	 Logging test loss: 1.767e-07 [MSELoss(): t(5,20)_r(0,0)_tennis_pNone_gNone]
	 Logging test loss: 1.436e-07 [MSELoss(): t(5,20)_r(0,0)_full_pNone_gNone]
	 Logging test loss: 1.74e-07 [MSELoss(): t(5,20)_r(0,0)_semi_pNone_gNone]
	 Logging test loss: 1.428e-07 [MSELoss(): t(5,20)_r(0,0)_none_pNone_gNone]
	 Logging test loss: 1.822e-07 [MSELoss(): t(5,20)_r(0,0)_combi_pNone_gNone]
		--> Epoch time; 32.90810966491699
Epoch 9/9
	 Logging train Loss: 1.2983e-06 [MSELoss(): t(5,20)_r(0,0)_combi_pNone_gNone]
	 Logging test loss: 1.624e-07 [MSELoss(): t(5,20)_r(0,0)_tennis_pNone_gNone]
	 Logging test loss: 1.413e-07 [MSELoss(): t(5,20)_r(0,0)_full_pNone_gNone]
	 Logging test loss: 1.587e-07 [MSELoss(): t(5,20)_r(0,0)_semi_pNone_gNone]
	 Logging test loss: 1.477e-07 [MSELoss(): t(5,20)_r(0,0)_none_pNone_gNone]
	 Logging test loss: 1.686e-07 [MSELoss(): t(5,20)_r(0,0)_combi_pNone_gNone]
		--> Epoch time; 32.56727313995361
Saved model in  trained_models/gru/data_t(5,20)_r(0,0)_combi_pNone_gNone/'log_quat_1'_'False'.pth
It took  444.0078434944153  seconds.
----- ITERATION 7/10 ------
Number of train simulations:  1920
Number of test simulations:  480
The dataloader for data/data_t(5,20)_r(0,0)_combi_pNone_gNone took 45.20347332954407 seconds.
-- Finished Train Dataloader --
The dataloader for data/data_t(5,20)_r(0,0)_tennis_pNone_gNone took 11.897878646850586 seconds.
The dataloader for data/data_t(5,20)_r(0,0)_full_pNone_gNone took 11.909458875656128 seconds.
The dataloader for data/data_t(5,20)_r(0,0)_semi_pNone_gNone took 11.959017515182495 seconds.
The dataloader for data/data_t(5,20)_r(0,0)_none_pNone_gNone took 11.902010917663574 seconds.
The dataloader for data/data_t(5,20)_r(0,0)_combi_pNone_gNone took 11.638536214828491 seconds.
-- Finished Test Dataloader(s) --
GRU(
  (rnn): GRU(7, 96, batch_first=True)
  (fc): Linear(in_features=96, out_features=7, bias=True)
)
Datatype: log_quat_1
-- Started Training --
Epoch 0/9
	 Logging train Loss: 0.0003366983 [MSELoss(): t(5,20)_r(0,0)_combi_pNone_gNone]
	 Logging test loss: 1.09113e-05 [MSELoss(): t(5,20)_r(0,0)_tennis_pNone_gNone]
	 Logging test loss: 1.00602e-05 [MSELoss(): t(5,20)_r(0,0)_full_pNone_gNone]
	 Logging test loss: 1.09294e-05 [MSELoss(): t(5,20)_r(0,0)_semi_pNone_gNone]
	 Logging test loss: 1.01967e-05 [MSELoss(): t(5,20)_r(0,0)_none_pNone_gNone]
	 Logging test loss: 1.15523e-05 [MSELoss(): t(5,20)_r(0,0)_combi_pNone_gNone]
		--> Epoch time; 32.593590259552
Epoch 1/9
	 Logging train Loss: 4.9052e-06 [MSELoss(): t(5,20)_r(0,0)_combi_pNone_gNone]
	 Logging test loss: 2.48e-06 [MSELoss(): t(5,20)_r(0,0)_tennis_pNone_gNone]
	 Logging test loss: 2.2868e-06 [MSELoss(): t(5,20)_r(0,0)_full_pNone_gNone]
	 Logging test loss: 2.5202e-06 [MSELoss(): t(5,20)_r(0,0)_semi_pNone_gNone]
	 Logging test loss: 2.3446e-06 [MSELoss(): t(5,20)_r(0,0)_none_pNone_gNone]
	 Logging test loss: 3.1187e-06 [MSELoss(): t(5,20)_r(0,0)_combi_pNone_gNone]
		--> Epoch time; 32.64668011665344
Epoch 2/9
	 Logging train Loss: 2.4495e-06 [MSELoss(): t(5,20)_r(0,0)_combi_pNone_gNone]
	 Logging test loss: 1.6054e-06 [MSELoss(): t(5,20)_r(0,0)_tennis_pNone_gNone]
	 Logging test loss: 1.5031e-06 [MSELoss(): t(5,20)_r(0,0)_full_pNone_gNone]
	 Logging test loss: 1.6421e-06 [MSELoss(): t(5,20)_r(0,0)_semi_pNone_gNone]
	 Logging test loss: 1.5343e-06 [MSELoss(): t(5,20)_r(0,0)_none_pNone_gNone]
	 Logging test loss: 2.0033e-06 [MSELoss(): t(5,20)_r(0,0)_combi_pNone_gNone]
		--> Epoch time; 32.395490407943726
Epoch 3/9
	 Logging train Loss: 2.1111e-06 [MSELoss(): t(5,20)_r(0,0)_combi_pNone_gNone]
	 Logging test loss: 8.111e-07 [MSELoss(): t(5,20)_r(0,0)_tennis_pNone_gNone]
	 Logging test loss: 7.431e-07 [MSELoss(): t(5,20)_r(0,0)_full_pNone_gNone]
	 Logging test loss: 8.35e-07 [MSELoss(): t(5,20)_r(0,0)_semi_pNone_gNone]
	 Logging test loss: 7.56e-07 [MSELoss(): t(5,20)_r(0,0)_none_pNone_gNone]
	 Logging test loss: 1.0241e-06 [MSELoss(): t(5,20)_r(0,0)_combi_pNone_gNone]
		--> Epoch time; 32.35116791725159
Epoch 4/9
	 Logging train Loss: 1.9591e-06 [MSELoss(): t(5,20)_r(0,0)_combi_pNone_gNone]
	 Logging test loss: 3.957e-07 [MSELoss(): t(5,20)_r(0,0)_tennis_pNone_gNone]
	 Logging test loss: 3.721e-07 [MSELoss(): t(5,20)_r(0,0)_full_pNone_gNone]
	 Logging test loss: 4.072e-07 [MSELoss(): t(5,20)_r(0,0)_semi_pNone_gNone]
	 Logging test loss: 3.755e-07 [MSELoss(): t(5,20)_r(0,0)_none_pNone_gNone]
	 Logging test loss: 5.35e-07 [MSELoss(): t(5,20)_r(0,0)_combi_pNone_gNone]
		--> Epoch time; 32.327808141708374
Epoch 5/9
	 Logging train Loss: 1.6928e-06 [MSELoss(): t(5,20)_r(0,0)_combi_pNone_gNone]
	 Logging test loss: 5.297e-07 [MSELoss(): t(5,20)_r(0,0)_tennis_pNone_gNone]
	 Logging test loss: 4.098e-07 [MSELoss(): t(5,20)_r(0,0)_full_pNone_gNone]
wandb: Waiting for W&B process to finish... (success).
wandb: 
wandb: Run history:
wandb:                                       Epoch â–â–‚â–ƒâ–ƒâ–„â–…â–†â–†â–‡â–ˆ
wandb:  Test loss t(5,20)_r(0,0)_combi_pNone_gNone â–ˆâ–ƒâ–‚â–â–â–â–â–â–â–
wandb:   Test loss t(5,20)_r(0,0)_full_pNone_gNone â–ˆâ–ƒâ–‚â–â–â–â–â–â–â–
wandb:   Test loss t(5,20)_r(0,0)_none_pNone_gNone â–ˆâ–ƒâ–‚â–â–â–â–â–â–â–
wandb:   Test loss t(5,20)_r(0,0)_semi_pNone_gNone â–ˆâ–ƒâ–‚â–â–â–â–â–â–â–
wandb: Test loss t(5,20)_r(0,0)_tennis_pNone_gNone â–ˆâ–ƒâ–‚â–â–â–â–â–â–â–
wandb:                                  Train loss â–ˆâ–â–â–â–â–â–â–â–â–
wandb: 
wandb: Run summary:
wandb:                                       Epoch 9
wandb:  Test loss t(5,20)_r(0,0)_combi_pNone_gNone 0.0
wandb:   Test loss t(5,20)_r(0,0)_full_pNone_gNone 0.0
wandb:   Test loss t(5,20)_r(0,0)_none_pNone_gNone 0.0
wandb:   Test loss t(5,20)_r(0,0)_semi_pNone_gNone 0.0
wandb: Test loss t(5,20)_r(0,0)_tennis_pNone_gNone 0.0
wandb:                                  Train loss 0.0
wandb: 
wandb: ðŸš€ View run noble-blaze-115 at: https://wandb.ai/nreints/ThesisFinal2/runs/k8cgq5hs
wandb: Synced 7 W&B file(s), 0 media file(s), 4 artifact file(s) and 1 other file(s)
wandb: Find logs at: ./wandb/run-20230629_120336-k8cgq5hs/logs
wandb: - Waiting for wandb.init()...wandb: \ Waiting for wandb.init()...wandb: wandb version 0.15.4 is available!  To upgrade, please run:
wandb:  $ pip install wandb --upgrade
wandb: Tracking run with wandb version 0.14.0
wandb: Run data is saved locally in /gpfs/home2/nreints/MScThesis/code/wandb/run-20230629_121058-2ps0xbil
wandb: Run `wandb offline` to turn off syncing.
wandb: Syncing run northern-dawn-129
wandb: â­ï¸ View project at https://wandb.ai/nreints/ThesisFinal2
wandb: ðŸš€ View run at https://wandb.ai/nreints/ThesisFinal2/runs/2ps0xbil
	 Logging test loss: 5.294e-07 [MSELoss(): t(5,20)_r(0,0)_semi_pNone_gNone]
	 Logging test loss: 4.101e-07 [MSELoss(): t(5,20)_r(0,0)_none_pNone_gNone]
	 Logging test loss: 5.812e-07 [MSELoss(): t(5,20)_r(0,0)_combi_pNone_gNone]
		--> Epoch time; 32.38757586479187
Epoch 6/9
	 Logging train Loss: 2.0251e-06 [MSELoss(): t(5,20)_r(0,0)_combi_pNone_gNone]
	 Logging test loss: 2.135e-07 [MSELoss(): t(5,20)_r(0,0)_tennis_pNone_gNone]
	 Logging test loss: 1.822e-07 [MSELoss(): t(5,20)_r(0,0)_full_pNone_gNone]
	 Logging test loss: 2.157e-07 [MSELoss(): t(5,20)_r(0,0)_semi_pNone_gNone]
	 Logging test loss: 1.819e-07 [MSELoss(): t(5,20)_r(0,0)_none_pNone_gNone]
	 Logging test loss: 2.851e-07 [MSELoss(): t(5,20)_r(0,0)_combi_pNone_gNone]
		--> Epoch time; 32.483113050460815
Epoch 7/9
	 Logging train Loss: 2.5098e-06 [MSELoss(): t(5,20)_r(0,0)_combi_pNone_gNone]
	 Logging test loss: 1.573e-07 [MSELoss(): t(5,20)_r(0,0)_tennis_pNone_gNone]
	 Logging test loss: 1.481e-07 [MSELoss(): t(5,20)_r(0,0)_full_pNone_gNone]
	 Logging test loss: 1.572e-07 [MSELoss(): t(5,20)_r(0,0)_semi_pNone_gNone]
	 Logging test loss: 1.48e-07 [MSELoss(): t(5,20)_r(0,0)_none_pNone_gNone]
	 Logging test loss: 2.192e-07 [MSELoss(): t(5,20)_r(0,0)_combi_pNone_gNone]
		--> Epoch time; 32.46575689315796
Epoch 8/9
	 Logging train Loss: 1.0146e-06 [MSELoss(): t(5,20)_r(0,0)_combi_pNone_gNone]
	 Logging test loss: 6.98e-07 [MSELoss(): t(5,20)_r(0,0)_tennis_pNone_gNone]
	 Logging test loss: 2.204e-07 [MSELoss(): t(5,20)_r(0,0)_full_pNone_gNone]
	 Logging test loss: 7.067e-07 [MSELoss(): t(5,20)_r(0,0)_semi_pNone_gNone]
	 Logging test loss: 2.18e-07 [MSELoss(): t(5,20)_r(0,0)_none_pNone_gNone]
	 Logging test loss: 5.197e-07 [MSELoss(): t(5,20)_r(0,0)_combi_pNone_gNone]
		--> Epoch time; 32.591986894607544
Epoch 9/9
	 Logging train Loss: 1.417e-06 [MSELoss(): t(5,20)_r(0,0)_combi_pNone_gNone]
	 Logging test loss: 4.406e-07 [MSELoss(): t(5,20)_r(0,0)_tennis_pNone_gNone]
	 Logging test loss: 1.549e-07 [MSELoss(): t(5,20)_r(0,0)_full_pNone_gNone]
	 Logging test loss: 4.437e-07 [MSELoss(): t(5,20)_r(0,0)_semi_pNone_gNone]
	 Logging test loss: 1.527e-07 [MSELoss(): t(5,20)_r(0,0)_none_pNone_gNone]
	 Logging test loss: 3.422e-07 [MSELoss(): t(5,20)_r(0,0)_combi_pNone_gNone]
		--> Epoch time; 32.46818232536316
Saved model in  trained_models/gru/data_t(5,20)_r(0,0)_combi_pNone_gNone/'log_quat_1'_'False'.pth
It took  441.9884088039398  seconds.
----- ITERATION 8/10 ------
Number of train simulations:  1920
Number of test simulations:  480
The dataloader for data/data_t(5,20)_r(0,0)_combi_pNone_gNone took 45.56276488304138 seconds.
-- Finished Train Dataloader --
The dataloader for data/data_t(5,20)_r(0,0)_tennis_pNone_gNone took 11.92067551612854 seconds.
The dataloader for data/data_t(5,20)_r(0,0)_full_pNone_gNone took 11.953324794769287 seconds.
The dataloader for data/data_t(5,20)_r(0,0)_semi_pNone_gNone took 11.927428960800171 seconds.
The dataloader for data/data_t(5,20)_r(0,0)_none_pNone_gNone took 11.951705694198608 seconds.
The dataloader for data/data_t(5,20)_r(0,0)_combi_pNone_gNone took 11.694803953170776 seconds.
-- Finished Test Dataloader(s) --
GRU(
  (rnn): GRU(7, 96, batch_first=True)
  (fc): Linear(in_features=96, out_features=7, bias=True)
)
Datatype: log_quat_1
-- Started Training --
Epoch 0/9
	 Logging train Loss: 0.0002709071 [MSELoss(): t(5,20)_r(0,0)_combi_pNone_gNone]
	 Logging test loss: 2.23025e-05 [MSELoss(): t(5,20)_r(0,0)_tennis_pNone_gNone]
	 Logging test loss: 2.06691e-05 [MSELoss(): t(5,20)_r(0,0)_full_pNone_gNone]
	 Logging test loss: 2.25257e-05 [MSELoss(): t(5,20)_r(0,0)_semi_pNone_gNone]
	 Logging test loss: 2.16853e-05 [MSELoss(): t(5,20)_r(0,0)_none_pNone_gNone]
	 Logging test loss: 2.25035e-05 [MSELoss(): t(5,20)_r(0,0)_combi_pNone_gNone]
		--> Epoch time; 32.4524872303009
Epoch 1/9
	 Logging train Loss: 7.4116e-06 [MSELoss(): t(5,20)_r(0,0)_combi_pNone_gNone]
	 Logging test loss: 2.6557e-06 [MSELoss(): t(5,20)_r(0,0)_tennis_pNone_gNone]
	 Logging test loss: 2.4778e-06 [MSELoss(): t(5,20)_r(0,0)_full_pNone_gNone]
	 Logging test loss: 2.6891e-06 [MSELoss(): t(5,20)_r(0,0)_semi_pNone_gNone]
	 Logging test loss: 2.5574e-06 [MSELoss(): t(5,20)_r(0,0)_none_pNone_gNone]
	 Logging test loss: 3.1785e-06 [MSELoss(): t(5,20)_r(0,0)_combi_pNone_gNone]
		--> Epoch time; 32.6735417842865
Epoch 2/9
	 Logging train Loss: 2.4351e-06 [MSELoss(): t(5,20)_r(0,0)_combi_pNone_gNone]
	 Logging test loss: 1.3499e-06 [MSELoss(): t(5,20)_r(0,0)_tennis_pNone_gNone]
	 Logging test loss: 1.2094e-06 [MSELoss(): t(5,20)_r(0,0)_full_pNone_gNone]
	 Logging test loss: 1.3514e-06 [MSELoss(): t(5,20)_r(0,0)_semi_pNone_gNone]
	 Logging test loss: 1.2341e-06 [MSELoss(): t(5,20)_r(0,0)_none_pNone_gNone]
	 Logging test loss: 1.6263e-06 [MSELoss(): t(5,20)_r(0,0)_combi_pNone_gNone]
		--> Epoch time; 32.36632180213928
Epoch 3/9
	 Logging train Loss: 1.8409e-06 [MSELoss(): t(5,20)_r(0,0)_combi_pNone_gNone]
	 Logging test loss: 7.819e-07 [MSELoss(): t(5,20)_r(0,0)_tennis_pNone_gNone]
	 Logging test loss: 5.522e-07 [MSELoss(): t(5,20)_r(0,0)_full_pNone_gNone]
	 Logging test loss: 7.676e-07 [MSELoss(): t(5,20)_r(0,0)_semi_pNone_gNone]
	 Logging test loss: 5.606e-07 [MSELoss(): t(5,20)_r(0,0)_none_pNone_gNone]
	 Logging test loss: 8.417e-07 [MSELoss(): t(5,20)_r(0,0)_combi_pNone_gNone]
		--> Epoch time; 32.43120288848877
Epoch 4/9
	 Logging train Loss: 1.7326e-06 [MSELoss(): t(5,20)_r(0,0)_combi_pNone_gNone]
	 Logging test loss: 2.894e-07 [MSELoss(): t(5,20)_r(0,0)_tennis_pNone_gNone]
	 Logging test loss: 2.612e-07 [MSELoss(): t(5,20)_r(0,0)_full_pNone_gNone]
	 Logging test loss: 2.872e-07 [MSELoss(): t(5,20)_r(0,0)_semi_pNone_gNone]
	 Logging test loss: 2.632e-07 [MSELoss(): t(5,20)_r(0,0)_none_pNone_gNone]
	 Logging test loss: 3.748e-07 [MSELoss(): t(5,20)_r(0,0)_combi_pNone_gNone]
		--> Epoch time; 32.28350281715393
Epoch 5/9
	 Logging train Loss: 1.3551e-06 [MSELoss(): t(5,20)_r(0,0)_combi_pNone_gNone]
	 Logging test loss: 1.1516e-06 [MSELoss(): t(5,20)_r(0,0)_tennis_pNone_gNone]
	 Logging test loss: 2.093e-07 [MSELoss(): t(5,20)_r(0,0)_full_pNone_gNone]
	 Logging test loss: 1.0843e-06 [MSELoss(): t(5,20)_r(0,0)_semi_pNone_gNone]
	 Logging test loss: 2.075e-07 [MSELoss(): t(5,20)_r(0,0)_none_pNone_gNone]
	 Logging test loss: 7.962e-07 [MSELoss(): t(5,20)_r(0,0)_combi_pNone_gNone]
		--> Epoch time; 32.80285334587097
Epoch 6/9
	 Logging train Loss: 1.2346e-06 [MSELoss(): t(5,20)_r(0,0)_combi_pNone_gNone]
	 Logging test loss: 1.672e-07 [MSELoss(): t(5,20)_r(0,0)_tennis_pNone_gNone]
	 Logging test loss: 1.432e-07 [MSELoss(): t(5,20)_r(0,0)_full_pNone_gNone]
	 Logging test loss: 1.655e-07 [MSELoss(): t(5,20)_r(0,0)_semi_pNone_gNone]
	 Logging test loss: 1.417e-07 [MSELoss(): t(5,20)_r(0,0)_none_pNone_gNone]
	 Logging test loss: 2.063e-07 [MSELoss(): t(5,20)_r(0,0)_combi_pNone_gNone]
		--> Epoch time; 32.740527868270874
Epoch 7/9
	 Logging train Loss: 1.6506e-06 [MSELoss(): t(5,20)_r(0,0)_combi_pNone_gNone]
	 Logging test loss: 1.472e-07 [MSELoss(): t(5,20)_r(0,0)_tennis_pNone_gNone]
	 Logging test loss: 1.397e-07 [MSELoss(): t(5,20)_r(0,0)_full_pNone_gNone]
	 Logging test loss: 1.449e-07 [MSELoss(): t(5,20)_r(0,0)_semi_pNone_gNone]
	 Logging test loss: 1.381e-07 [MSELoss(): t(5,20)_r(0,0)_none_pNone_gNone]
	 Logging test loss: 1.797e-07 [MSELoss(): t(5,20)_r(0,0)_combi_pNone_gNone]
		--> Epoch time; 32.45969557762146
Epoch 8/9
	 Logging train Loss: 8.189e-07 [MSELoss(): t(5,20)_r(0,0)_combi_pNone_gNone]
	 Logging test loss: 1.647e-07 [MSELoss(): t(5,20)_r(0,0)_tennis_pNone_gNone]
	 Logging test loss: 1.531e-07 [MSELoss(): t(5,20)_r(0,0)_full_pNone_gNone]
	 Logging test loss: 1.61e-07 [MSELoss(): t(5,20)_r(0,0)_semi_pNone_gNone]
	 Logging test loss: 1.524e-07 [MSELoss(): t(5,20)_r(0,0)_none_pNone_gNone]
	 Logging test loss: 1.852e-07 [MSELoss(): t(5,20)_r(0,0)_combi_pNone_gNone]
		--> Epoch time; 32.488200187683105
Epoch 9/9
	 Logging train Loss: 1.332e-06 [MSELoss(): t(5,20)_r(0,0)_combi_pNone_gNone]
	 Logging test loss: 1.447e-07 [MSELoss(): t(5,20)_r(0,0)_tennis_pNone_gNone]
	 Logging test loss: 1.389e-07 [MSELoss(): t(5,20)_r(0,0)_full_pNone_gNone]
wandb: Waiting for W&B process to finish... (success).
wandb: 
wandb: Run history:
wandb:                                       Epoch â–â–‚â–ƒâ–ƒâ–„â–…â–†â–†â–‡â–ˆ
wandb:  Test loss t(5,20)_r(0,0)_combi_pNone_gNone â–ˆâ–‚â–â–â–â–â–â–â–â–
wandb:   Test loss t(5,20)_r(0,0)_full_pNone_gNone â–ˆâ–‚â–â–â–â–â–â–â–â–
wandb:   Test loss t(5,20)_r(0,0)_none_pNone_gNone â–ˆâ–‚â–â–â–â–â–â–â–â–
wandb:   Test loss t(5,20)_r(0,0)_semi_pNone_gNone â–ˆâ–‚â–â–â–â–â–â–â–â–
wandb: Test loss t(5,20)_r(0,0)_tennis_pNone_gNone â–ˆâ–‚â–â–â–â–â–â–â–â–
wandb:                                  Train loss â–ˆâ–â–â–â–â–â–â–â–â–
wandb: 
wandb: Run summary:
wandb:                                       Epoch 9
wandb:  Test loss t(5,20)_r(0,0)_combi_pNone_gNone 0.0
wandb:   Test loss t(5,20)_r(0,0)_full_pNone_gNone 0.0
wandb:   Test loss t(5,20)_r(0,0)_none_pNone_gNone 0.0
wandb:   Test loss t(5,20)_r(0,0)_semi_pNone_gNone 0.0
wandb: Test loss t(5,20)_r(0,0)_tennis_pNone_gNone 0.0
wandb:                                  Train loss 0.0
wandb: 
wandb: ðŸš€ View run northern-dawn-129 at: https://wandb.ai/nreints/ThesisFinal2/runs/2ps0xbil
wandb: Synced 7 W&B file(s), 0 media file(s), 4 artifact file(s) and 1 other file(s)
wandb: Find logs at: ./wandb/run-20230629_121058-2ps0xbil/logs
wandb: - Waiting for wandb.init()...wandb: \ Waiting for wandb.init()...wandb: wandb version 0.15.4 is available!  To upgrade, please run:
wandb:  $ pip install wandb --upgrade
wandb: Tracking run with wandb version 0.14.0
wandb: Run data is saved locally in /gpfs/home2/nreints/MScThesis/code/wandb/run-20230629_121820-j3taeytn
wandb: Run `wandb offline` to turn off syncing.
wandb: Syncing run laced-pond-144
wandb: â­ï¸ View project at https://wandb.ai/nreints/ThesisFinal2
wandb: ðŸš€ View run at https://wandb.ai/nreints/ThesisFinal2/runs/j3taeytn
wandb: Waiting for W&B process to finish... (success).
wandb: 
wandb: Run history:
wandb:                                       Epoch â–â–‚â–ƒâ–ƒâ–„â–…â–†â–†â–‡â–ˆ
wandb:  Test loss t(5,20)_r(0,0)_combi_pNone_gNone â–ˆâ–‚â–‚â–…â–â–â–â–â–â–
wandb:   Test loss t(5,20)_r(0,0)_full_pNone_gNone â–ˆâ–‚â–‚â–‚â–â–â–â–â–â–
wandb:   Test loss t(5,20)_r(0,0)_none_pNone_gNone â–ˆâ–‚â–‚â–â–â–â–â–â–â–
wandb:   Test loss t(5,20)_r(0,0)_semi_pNone_gNone â–‡â–‚â–‚â–ˆâ–â–â–â–â–â–
wandb: Test loss t(5,20)_r(0,0)_tennis_pNone_gNone â–†â–‚â–‚â–ˆâ–â–â–â–â–â–
wandb:                                  Train loss â–ˆâ–â–â–â–â–â–â–â–â–
wandb: 
wandb: Run summary:
wandb:                                       Epoch 9
wandb:  Test loss t(5,20)_r(0,0)_combi_pNone_gNone 0.0
wandb:   Test loss t(5,20)_r(0,0)_full_pNone_gNone 0.0
wandb:   Test loss t(5,20)_r(0,0)_none_pNone_gNone 0.0
wandb:   Test loss t(5,20)_r(0,0)_semi_pNone_gNone 0.0
wandb: Test loss t(5,20)_r(0,0)_tennis_pNone_gNone 0.0
wandb:                                  Train loss 0.0
wandb: 
wandb: ðŸš€ View run laced-pond-144 at: https://wandb.ai/nreints/ThesisFinal2/runs/j3taeytn
wandb: Synced 7 W&B file(s), 0 media file(s), 4 artifact file(s) and 1 other file(s)
wandb: Find logs at: ./wandb/run-20230629_121820-j3taeytn/logs
wandb: - Waiting for wandb.init()...wandb: \ Waiting for wandb.init()...wandb: wandb version 0.15.4 is available!  To upgrade, please run:
wandb:  $ pip install wandb --upgrade
wandb: Tracking run with wandb version 0.14.0
wandb: Run data is saved locally in /gpfs/home2/nreints/MScThesis/code/wandb/run-20230629_122538-6e4amlh3
wandb: Run `wandb offline` to turn off syncing.
wandb: Syncing run resilient-galaxy-160
wandb: â­ï¸ View project at https://wandb.ai/nreints/ThesisFinal2
wandb: ðŸš€ View run at https://wandb.ai/nreints/ThesisFinal2/runs/6e4amlh3
	 Logging test loss: 1.428e-07 [MSELoss(): t(5,20)_r(0,0)_semi_pNone_gNone]
	 Logging test loss: 1.372e-07 [MSELoss(): t(5,20)_r(0,0)_none_pNone_gNone]
	 Logging test loss: 1.631e-07 [MSELoss(): t(5,20)_r(0,0)_combi_pNone_gNone]
		--> Epoch time; 33.07358169555664
Saved model in  trained_models/gru/data_t(5,20)_r(0,0)_combi_pNone_gNone/'log_quat_1'_'False'.pth
It took  441.97086668014526  seconds.
----- ITERATION 9/10 ------
Number of train simulations:  1920
Number of test simulations:  480
The dataloader for data/data_t(5,20)_r(0,0)_combi_pNone_gNone took 45.48137545585632 seconds.
-- Finished Train Dataloader --
The dataloader for data/data_t(5,20)_r(0,0)_tennis_pNone_gNone took 11.857877016067505 seconds.
The dataloader for data/data_t(5,20)_r(0,0)_full_pNone_gNone took 11.926292181015015 seconds.
The dataloader for data/data_t(5,20)_r(0,0)_semi_pNone_gNone took 11.951549291610718 seconds.
The dataloader for data/data_t(5,20)_r(0,0)_none_pNone_gNone took 11.990255355834961 seconds.
The dataloader for data/data_t(5,20)_r(0,0)_combi_pNone_gNone took 11.650787830352783 seconds.
-- Finished Test Dataloader(s) --
GRU(
  (rnn): GRU(7, 96, batch_first=True)
  (fc): Linear(in_features=96, out_features=7, bias=True)
)
Datatype: log_quat_1
-- Started Training --
Epoch 0/9
	 Logging train Loss: 0.000227213 [MSELoss(): t(5,20)_r(0,0)_combi_pNone_gNone]
	 Logging test loss: 2.11951e-05 [MSELoss(): t(5,20)_r(0,0)_tennis_pNone_gNone]
	 Logging test loss: 2.00108e-05 [MSELoss(): t(5,20)_r(0,0)_full_pNone_gNone]
	 Logging test loss: 2.10834e-05 [MSELoss(): t(5,20)_r(0,0)_semi_pNone_gNone]
	 Logging test loss: 1.93086e-05 [MSELoss(): t(5,20)_r(0,0)_none_pNone_gNone]
	 Logging test loss: 2.27196e-05 [MSELoss(): t(5,20)_r(0,0)_combi_pNone_gNone]
		--> Epoch time; 32.25213956832886
Epoch 1/9
	 Logging train Loss: 8.3493e-06 [MSELoss(): t(5,20)_r(0,0)_combi_pNone_gNone]
	 Logging test loss: 2.9911e-06 [MSELoss(): t(5,20)_r(0,0)_tennis_pNone_gNone]
	 Logging test loss: 2.8061e-06 [MSELoss(): t(5,20)_r(0,0)_full_pNone_gNone]
	 Logging test loss: 2.9523e-06 [MSELoss(): t(5,20)_r(0,0)_semi_pNone_gNone]
	 Logging test loss: 2.7285e-06 [MSELoss(): t(5,20)_r(0,0)_none_pNone_gNone]
	 Logging test loss: 3.62e-06 [MSELoss(): t(5,20)_r(0,0)_combi_pNone_gNone]
		--> Epoch time; 32.165003538131714
Epoch 2/9
	 Logging train Loss: 3.491e-06 [MSELoss(): t(5,20)_r(0,0)_combi_pNone_gNone]
	 Logging test loss: 2.6071e-06 [MSELoss(): t(5,20)_r(0,0)_tennis_pNone_gNone]
	 Logging test loss: 1.5875e-06 [MSELoss(): t(5,20)_r(0,0)_full_pNone_gNone]
	 Logging test loss: 2.497e-06 [MSELoss(): t(5,20)_r(0,0)_semi_pNone_gNone]
	 Logging test loss: 1.5391e-06 [MSELoss(): t(5,20)_r(0,0)_none_pNone_gNone]
	 Logging test loss: 2.4568e-06 [MSELoss(): t(5,20)_r(0,0)_combi_pNone_gNone]
		--> Epoch time; 32.063029050827026
Epoch 3/9
	 Logging train Loss: 1.8161e-06 [MSELoss(): t(5,20)_r(0,0)_combi_pNone_gNone]
	 Logging test loss: 2.9092e-05 [MSELoss(): t(5,20)_r(0,0)_tennis_pNone_gNone]
	 Logging test loss: 1.5726e-06 [MSELoss(): t(5,20)_r(0,0)_full_pNone_gNone]
	 Logging test loss: 2.67016e-05 [MSELoss(): t(5,20)_r(0,0)_semi_pNone_gNone]
	 Logging test loss: 1.5012e-06 [MSELoss(): t(5,20)_r(0,0)_none_pNone_gNone]
	 Logging test loss: 1.44964e-05 [MSELoss(): t(5,20)_r(0,0)_combi_pNone_gNone]
		--> Epoch time; 32.0114471912384
Epoch 4/9
	 Logging train Loss: 1.6603e-06 [MSELoss(): t(5,20)_r(0,0)_combi_pNone_gNone]
	 Logging test loss: 9.786e-07 [MSELoss(): t(5,20)_r(0,0)_tennis_pNone_gNone]
	 Logging test loss: 3.874e-07 [MSELoss(): t(5,20)_r(0,0)_full_pNone_gNone]
	 Logging test loss: 9.152e-07 [MSELoss(): t(5,20)_r(0,0)_semi_pNone_gNone]
	 Logging test loss: 3.745e-07 [MSELoss(): t(5,20)_r(0,0)_none_pNone_gNone]
	 Logging test loss: 7.518e-07 [MSELoss(): t(5,20)_r(0,0)_combi_pNone_gNone]
		--> Epoch time; 31.87138295173645
Epoch 5/9
	 Logging train Loss: 1.6088e-06 [MSELoss(): t(5,20)_r(0,0)_combi_pNone_gNone]
	 Logging test loss: 1.1076e-06 [MSELoss(): t(5,20)_r(0,0)_tennis_pNone_gNone]
	 Logging test loss: 2.729e-07 [MSELoss(): t(5,20)_r(0,0)_full_pNone_gNone]
	 Logging test loss: 9.925e-07 [MSELoss(): t(5,20)_r(0,0)_semi_pNone_gNone]
	 Logging test loss: 2.665e-07 [MSELoss(): t(5,20)_r(0,0)_none_pNone_gNone]
	 Logging test loss: 7.084e-07 [MSELoss(): t(5,20)_r(0,0)_combi_pNone_gNone]
		--> Epoch time; 32.16735339164734
Epoch 6/9
	 Logging train Loss: 1.564e-06 [MSELoss(): t(5,20)_r(0,0)_combi_pNone_gNone]
	 Logging test loss: 1.743e-07 [MSELoss(): t(5,20)_r(0,0)_tennis_pNone_gNone]
	 Logging test loss: 1.625e-07 [MSELoss(): t(5,20)_r(0,0)_full_pNone_gNone]
	 Logging test loss: 1.697e-07 [MSELoss(): t(5,20)_r(0,0)_semi_pNone_gNone]
	 Logging test loss: 1.603e-07 [MSELoss(): t(5,20)_r(0,0)_none_pNone_gNone]
	 Logging test loss: 2.042e-07 [MSELoss(): t(5,20)_r(0,0)_combi_pNone_gNone]
		--> Epoch time; 32.068262338638306
Epoch 7/9
	 Logging train Loss: 1.0338e-06 [MSELoss(): t(5,20)_r(0,0)_combi_pNone_gNone]
	 Logging test loss: 3.149e-07 [MSELoss(): t(5,20)_r(0,0)_tennis_pNone_gNone]
	 Logging test loss: 1.92e-07 [MSELoss(): t(5,20)_r(0,0)_full_pNone_gNone]
	 Logging test loss: 2.982e-07 [MSELoss(): t(5,20)_r(0,0)_semi_pNone_gNone]
	 Logging test loss: 1.899e-07 [MSELoss(): t(5,20)_r(0,0)_none_pNone_gNone]
	 Logging test loss: 2.772e-07 [MSELoss(): t(5,20)_r(0,0)_combi_pNone_gNone]
		--> Epoch time; 31.965674877166748
Epoch 8/9
	 Logging train Loss: 9.179e-07 [MSELoss(): t(5,20)_r(0,0)_combi_pNone_gNone]
	 Logging test loss: 1.524e-07 [MSELoss(): t(5,20)_r(0,0)_tennis_pNone_gNone]
	 Logging test loss: 1.431e-07 [MSELoss(): t(5,20)_r(0,0)_full_pNone_gNone]
	 Logging test loss: 1.476e-07 [MSELoss(): t(5,20)_r(0,0)_semi_pNone_gNone]
	 Logging test loss: 1.424e-07 [MSELoss(): t(5,20)_r(0,0)_none_pNone_gNone]
	 Logging test loss: 1.677e-07 [MSELoss(): t(5,20)_r(0,0)_combi_pNone_gNone]
		--> Epoch time; 31.97042417526245
Epoch 9/9
	 Logging train Loss: 9.362e-07 [MSELoss(): t(5,20)_r(0,0)_combi_pNone_gNone]
	 Logging test loss: 1.447e-07 [MSELoss(): t(5,20)_r(0,0)_tennis_pNone_gNone]
	 Logging test loss: 1.413e-07 [MSELoss(): t(5,20)_r(0,0)_full_pNone_gNone]
	 Logging test loss: 1.404e-07 [MSELoss(): t(5,20)_r(0,0)_semi_pNone_gNone]
	 Logging test loss: 1.408e-07 [MSELoss(): t(5,20)_r(0,0)_none_pNone_gNone]
	 Logging test loss: 1.606e-07 [MSELoss(): t(5,20)_r(0,0)_combi_pNone_gNone]
		--> Epoch time; 32.04185461997986
Saved model in  trained_models/gru/data_t(5,20)_r(0,0)_combi_pNone_gNone/'log_quat_1'_'False'.pth
It took  437.9419832229614  seconds.
----- ITERATION 10/10 ------
Number of train simulations:  1920
Number of test simulations:  480
The dataloader for data/data_t(5,20)_r(0,0)_combi_pNone_gNone took 45.304081439971924 seconds.
-- Finished Train Dataloader --
The dataloader for data/data_t(5,20)_r(0,0)_tennis_pNone_gNone took 11.900840282440186 seconds.
The dataloader for data/data_t(5,20)_r(0,0)_full_pNone_gNone took 11.943292140960693 seconds.
The dataloader for data/data_t(5,20)_r(0,0)_semi_pNone_gNone took 11.941279172897339 seconds.
The dataloader for data/data_t(5,20)_r(0,0)_none_pNone_gNone took 11.906917095184326 seconds.
The dataloader for data/data_t(5,20)_r(0,0)_combi_pNone_gNone took 11.578737258911133 seconds.
-- Finished Test Dataloader(s) --
GRU(
  (rnn): GRU(7, 96, batch_first=True)
  (fc): Linear(in_features=96, out_features=7, bias=True)
)
Datatype: log_quat_1
-- Started Training --
Epoch 0/9
	 Logging train Loss: 0.000205814 [MSELoss(): t(5,20)_r(0,0)_combi_pNone_gNone]
	 Logging test loss: 1.71334e-05 [MSELoss(): t(5,20)_r(0,0)_tennis_pNone_gNone]
	 Logging test loss: 1.65687e-05 [MSELoss(): t(5,20)_r(0,0)_full_pNone_gNone]
	 Logging test loss: 1.6636e-05 [MSELoss(): t(5,20)_r(0,0)_semi_pNone_gNone]
	 Logging test loss: 1.57038e-05 [MSELoss(): t(5,20)_r(0,0)_none_pNone_gNone]
	 Logging test loss: 1.76395e-05 [MSELoss(): t(5,20)_r(0,0)_combi_pNone_gNone]
		--> Epoch time; 31.909300804138184
Epoch 1/9
	 Logging train Loss: 7.023e-06 [MSELoss(): t(5,20)_r(0,0)_combi_pNone_gNone]
	 Logging test loss: 2.7193e-06 [MSELoss(): t(5,20)_r(0,0)_tennis_pNone_gNone]
	 Logging test loss: 2.6056e-06 [MSELoss(): t(5,20)_r(0,0)_full_pNone_gNone]
wandb: Waiting for W&B process to finish... (success).
wandb: 
wandb: Run history:
wandb:                                       Epoch â–â–‚â–ƒâ–ƒâ–„â–…â–†â–†â–‡â–ˆ
wandb:  Test loss t(5,20)_r(0,0)_combi_pNone_gNone â–ˆâ–‚â–‚â–â–â–â–â–â–â–
wandb:   Test loss t(5,20)_r(0,0)_full_pNone_gNone â–ˆâ–‚â–‚â–â–â–â–â–â–â–
wandb:   Test loss t(5,20)_r(0,0)_none_pNone_gNone â–ˆâ–‚â–‚â–â–â–â–â–â–â–
wandb:   Test loss t(5,20)_r(0,0)_semi_pNone_gNone â–ˆâ–‚â–‚â–â–â–â–â–â–â–
wandb: Test loss t(5,20)_r(0,0)_tennis_pNone_gNone â–ˆâ–‚â–‚â–â–â–â–â–â–â–
wandb:                                  Train loss â–ˆâ–â–â–â–â–â–â–â–â–
wandb: 
wandb: Run summary:
wandb:                                       Epoch 9
wandb:  Test loss t(5,20)_r(0,0)_combi_pNone_gNone 0.0
wandb:   Test loss t(5,20)_r(0,0)_full_pNone_gNone 0.0
wandb:   Test loss t(5,20)_r(0,0)_none_pNone_gNone 0.0
wandb:   Test loss t(5,20)_r(0,0)_semi_pNone_gNone 0.0
wandb: Test loss t(5,20)_r(0,0)_tennis_pNone_gNone 0.0
wandb:                                  Train loss 0.0
wandb: 
wandb: ðŸš€ View run resilient-galaxy-160 at: https://wandb.ai/nreints/ThesisFinal2/runs/6e4amlh3
wandb: Synced 7 W&B file(s), 0 media file(s), 4 artifact file(s) and 1 other file(s)
wandb: Find logs at: ./wandb/run-20230629_122538-6e4amlh3/logs
	 Logging test loss: 2.6801e-06 [MSELoss(): t(5,20)_r(0,0)_semi_pNone_gNone]
	 Logging test loss: 2.464e-06 [MSELoss(): t(5,20)_r(0,0)_none_pNone_gNone]
	 Logging test loss: 3.3405e-06 [MSELoss(): t(5,20)_r(0,0)_combi_pNone_gNone]
		--> Epoch time; 32.017743825912476
Epoch 2/9
	 Logging train Loss: 2.6308e-06 [MSELoss(): t(5,20)_r(0,0)_combi_pNone_gNone]
	 Logging test loss: 1.5864e-06 [MSELoss(): t(5,20)_r(0,0)_tennis_pNone_gNone]
	 Logging test loss: 1.4834e-06 [MSELoss(): t(5,20)_r(0,0)_full_pNone_gNone]
	 Logging test loss: 1.5661e-06 [MSELoss(): t(5,20)_r(0,0)_semi_pNone_gNone]
	 Logging test loss: 1.3973e-06 [MSELoss(): t(5,20)_r(0,0)_none_pNone_gNone]
	 Logging test loss: 1.9144e-06 [MSELoss(): t(5,20)_r(0,0)_combi_pNone_gNone]
		--> Epoch time; 31.87640929222107
Epoch 3/9
	 Logging train Loss: 2.4438e-06 [MSELoss(): t(5,20)_r(0,0)_combi_pNone_gNone]
	 Logging test loss: 7.936e-07 [MSELoss(): t(5,20)_r(0,0)_tennis_pNone_gNone]
	 Logging test loss: 7.253e-07 [MSELoss(): t(5,20)_r(0,0)_full_pNone_gNone]
	 Logging test loss: 7.849e-07 [MSELoss(): t(5,20)_r(0,0)_semi_pNone_gNone]
	 Logging test loss: 6.839e-07 [MSELoss(): t(5,20)_r(0,0)_none_pNone_gNone]
	 Logging test loss: 9.495e-07 [MSELoss(): t(5,20)_r(0,0)_combi_pNone_gNone]
		--> Epoch time; 31.656118392944336
Epoch 4/9
	 Logging train Loss: 1.6193e-06 [MSELoss(): t(5,20)_r(0,0)_combi_pNone_gNone]
	 Logging test loss: 3.697e-07 [MSELoss(): t(5,20)_r(0,0)_tennis_pNone_gNone]
	 Logging test loss: 3.416e-07 [MSELoss(): t(5,20)_r(0,0)_full_pNone_gNone]
	 Logging test loss: 3.63e-07 [MSELoss(): t(5,20)_r(0,0)_semi_pNone_gNone]
	 Logging test loss: 3.245e-07 [MSELoss(): t(5,20)_r(0,0)_none_pNone_gNone]
	 Logging test loss: 4.584e-07 [MSELoss(): t(5,20)_r(0,0)_combi_pNone_gNone]
		--> Epoch time; 31.73522424697876
Epoch 5/9
	 Logging train Loss: 1.2551e-06 [MSELoss(): t(5,20)_r(0,0)_combi_pNone_gNone]
	 Logging test loss: 1.2202e-06 [MSELoss(): t(5,20)_r(0,0)_tennis_pNone_gNone]
	 Logging test loss: 2.258e-07 [MSELoss(): t(5,20)_r(0,0)_full_pNone_gNone]
	 Logging test loss: 1.1877e-06 [MSELoss(): t(5,20)_r(0,0)_semi_pNone_gNone]
	 Logging test loss: 2.18e-07 [MSELoss(): t(5,20)_r(0,0)_none_pNone_gNone]
	 Logging test loss: 7.837e-07 [MSELoss(): t(5,20)_r(0,0)_combi_pNone_gNone]
		--> Epoch time; 31.975067377090454
Epoch 6/9
	 Logging train Loss: 1.5277e-06 [MSELoss(): t(5,20)_r(0,0)_combi_pNone_gNone]
	 Logging test loss: 1.61e-07 [MSELoss(): t(5,20)_r(0,0)_tennis_pNone_gNone]
	 Logging test loss: 1.498e-07 [MSELoss(): t(5,20)_r(0,0)_full_pNone_gNone]
	 Logging test loss: 1.623e-07 [MSELoss(): t(5,20)_r(0,0)_semi_pNone_gNone]
	 Logging test loss: 1.474e-07 [MSELoss(): t(5,20)_r(0,0)_none_pNone_gNone]
	 Logging test loss: 2.042e-07 [MSELoss(): t(5,20)_r(0,0)_combi_pNone_gNone]
		--> Epoch time; 32.00219464302063
Epoch 7/9
	 Logging train Loss: 9.937e-07 [MSELoss(): t(5,20)_r(0,0)_combi_pNone_gNone]
	 Logging test loss: 2.169e-07 [MSELoss(): t(5,20)_r(0,0)_tennis_pNone_gNone]
	 Logging test loss: 1.888e-07 [MSELoss(): t(5,20)_r(0,0)_full_pNone_gNone]
	 Logging test loss: 2.196e-07 [MSELoss(): t(5,20)_r(0,0)_semi_pNone_gNone]
	 Logging test loss: 1.879e-07 [MSELoss(): t(5,20)_r(0,0)_none_pNone_gNone]
	 Logging test loss: 2.427e-07 [MSELoss(): t(5,20)_r(0,0)_combi_pNone_gNone]
		--> Epoch time; 31.754339456558228
Epoch 8/9
	 Logging train Loss: 1.1446e-06 [MSELoss(): t(5,20)_r(0,0)_combi_pNone_gNone]
	 Logging test loss: 3.736e-07 [MSELoss(): t(5,20)_r(0,0)_tennis_pNone_gNone]
	 Logging test loss: 1.726e-07 [MSELoss(): t(5,20)_r(0,0)_full_pNone_gNone]
	 Logging test loss: 3.69e-07 [MSELoss(): t(5,20)_r(0,0)_semi_pNone_gNone]
	 Logging test loss: 1.704e-07 [MSELoss(): t(5,20)_r(0,0)_none_pNone_gNone]
	 Logging test loss: 3.017e-07 [MSELoss(): t(5,20)_r(0,0)_combi_pNone_gNone]
		--> Epoch time; 31.83739995956421
Epoch 9/9
	 Logging train Loss: 9.78e-07 [MSELoss(): t(5,20)_r(0,0)_combi_pNone_gNone]
	 Logging test loss: 1.622e-07 [MSELoss(): t(5,20)_r(0,0)_tennis_pNone_gNone]
	 Logging test loss: 1.378e-07 [MSELoss(): t(5,20)_r(0,0)_full_pNone_gNone]
	 Logging test loss: 1.607e-07 [MSELoss(): t(5,20)_r(0,0)_semi_pNone_gNone]
	 Logging test loss: 1.372e-07 [MSELoss(): t(5,20)_r(0,0)_none_pNone_gNone]
	 Logging test loss: 1.721e-07 [MSELoss(): t(5,20)_r(0,0)_combi_pNone_gNone]
		--> Epoch time; 31.896328449249268
Saved model in  trained_models/gru/data_t(5,20)_r(0,0)_combi_pNone_gNone/'log_quat_1'_'False'.pth
It took  435.97739601135254  seconds.

JOB STATISTICS
==============
Job ID: 2986685
Array Job ID: 2986645_4
Cluster: snellius
User/Group: nreints/nreints
State: RUNNING
Nodes: 1
Cores per node: 18
CPU Utilized: 00:00:00
CPU Efficiency: 0.00% of 22:17:06 core-walltime
Job Wall-clock time: 01:14:17
Memory Utilized: 0.00 MB (estimated maximum)
Memory Efficiency: 0.00% of 0.00 MB (0.00 MB/node)
WARNING: Efficiency statistics may be misleading for RUNNING jobs.
