Total number of simulations in train dir:  2400
Checked number of simulations in each data directory.
Number of train simulations:  1920
Number of test simulations:  480
Total number of simulations in train dir:  2400
Checked number of simulations in each data directory.
Number of train simulations:  1920
Number of test simulations:  480
Total number of simulations in train dir:  2400
Checked number of simulations in each data directory.
Number of train simulations:  1920
Number of test simulations:  480
Total number of simulations in train dir:  2400
Checked number of simulations in each data directory.
Number of train simulations:  1920
Number of test simulations:  480
Total number of simulations in train dir:  2400
Checked number of simulations in each data directory.
Number of train simulations:  1920
Number of test simulations:  480
Total number of simulations in train dir:  2400
Checked number of simulations in each data directory.
Number of train simulations:  1920
Number of test simulations:  480
Total number of simulations in train dir:  2400
Checked number of simulations in each data directory.
Number of train simulations:  1920
Number of test simulations:  480
Total number of simulations in train dir:  2400
Checked number of simulations in each data directory.
Number of train simulations:  1920
Number of test simulations:  480
Total number of simulations in train dir:  2400
Checked number of simulations in each data directory.
Number of train simulations:  1920
Number of test simulations:  480
Total number of simulations in train dir:  2400
Checked number of simulations in each data directory.
Number of train simulations:  1920
Number of test simulations:  480
Simulation IDs saved in train_test_ids_2400.pickle

JOB STATISTICS
==============
Job ID: 2927443
Cluster: snellius
User/Group: nreints/nreints
State: RUNNING
Nodes: 1
Cores per node: 18
CPU Utilized: 00:00:00
CPU Efficiency: 0.00% of 00:03:18 core-walltime
Job Wall-clock time: 00:00:11
Memory Utilized: 0.00 MB (estimated maximum)
Memory Efficiency: 0.00% of 9.77 GB (9.77 GB/node)
WARNING: Efficiency statistics may be misleading for RUNNING jobs.
